[2023-05-20T15:19:49.448+0000] {processor.py:157} INFO - Started process (PID=59) to work on /home/airflow/.local/lib/python3.7/site-packages/airflow/example_dags/example_kubernetes_executor.py
[2023-05-20T15:19:49.451+0000] {processor.py:826} INFO - Processing file /home/airflow/.local/lib/python3.7/site-packages/airflow/example_dags/example_kubernetes_executor.py for tasks to queue
[2023-05-20T15:19:49.452+0000] {logging_mixin.py:149} INFO - [2023-05-20T15:19:49.452+0000] {dagbag.py:541} INFO - Filling up the DagBag from /home/airflow/.local/lib/python3.7/site-packages/airflow/example_dags/example_kubernetes_executor.py
[2023-05-20T15:19:51.141+0000] {processor.py:836} INFO - DAG(s) dict_keys(['example_kubernetes_executor']) retrieved from /home/airflow/.local/lib/python3.7/site-packages/airflow/example_dags/example_kubernetes_executor.py
[2023-05-20T15:19:51.175+0000] {logging_mixin.py:149} INFO - [2023-05-20T15:19:51.175+0000] {dag.py:2726} INFO - Sync 1 DAGs
[2023-05-20T15:19:51.223+0000] {logging_mixin.py:149} INFO - [2023-05-20T15:19:51.223+0000] {dag.py:3490} INFO - Setting next_dagrun for example_kubernetes_executor to None, run_after=None
[2023-05-20T15:19:51.254+0000] {processor.py:179} INFO - Processing /home/airflow/.local/lib/python3.7/site-packages/airflow/example_dags/example_kubernetes_executor.py took 1.831 seconds
[2023-05-20T15:20:21.595+0000] {processor.py:157} INFO - Started process (PID=118) to work on /home/airflow/.local/lib/python3.7/site-packages/airflow/example_dags/example_kubernetes_executor.py
[2023-05-20T15:20:21.598+0000] {processor.py:826} INFO - Processing file /home/airflow/.local/lib/python3.7/site-packages/airflow/example_dags/example_kubernetes_executor.py for tasks to queue
[2023-05-20T15:20:21.600+0000] {logging_mixin.py:149} INFO - [2023-05-20T15:20:21.600+0000] {dagbag.py:541} INFO - Filling up the DagBag from /home/airflow/.local/lib/python3.7/site-packages/airflow/example_dags/example_kubernetes_executor.py
[2023-05-20T15:20:21.994+0000] {processor.py:836} INFO - DAG(s) dict_keys(['example_kubernetes_executor']) retrieved from /home/airflow/.local/lib/python3.7/site-packages/airflow/example_dags/example_kubernetes_executor.py
[2023-05-20T15:20:22.071+0000] {logging_mixin.py:149} INFO - [2023-05-20T15:20:22.071+0000] {dag.py:2726} INFO - Sync 1 DAGs
[2023-05-20T15:20:22.111+0000] {logging_mixin.py:149} INFO - [2023-05-20T15:20:22.111+0000] {dag.py:3490} INFO - Setting next_dagrun for example_kubernetes_executor to None, run_after=None
[2023-05-20T15:20:22.144+0000] {processor.py:179} INFO - Processing /home/airflow/.local/lib/python3.7/site-packages/airflow/example_dags/example_kubernetes_executor.py took 0.554 seconds
[2023-05-20T15:20:52.816+0000] {processor.py:157} INFO - Started process (PID=176) to work on /home/airflow/.local/lib/python3.7/site-packages/airflow/example_dags/example_kubernetes_executor.py
[2023-05-20T15:20:52.819+0000] {processor.py:826} INFO - Processing file /home/airflow/.local/lib/python3.7/site-packages/airflow/example_dags/example_kubernetes_executor.py for tasks to queue
[2023-05-20T15:20:52.820+0000] {logging_mixin.py:149} INFO - [2023-05-20T15:20:52.820+0000] {dagbag.py:541} INFO - Filling up the DagBag from /home/airflow/.local/lib/python3.7/site-packages/airflow/example_dags/example_kubernetes_executor.py
[2023-05-20T15:20:53.091+0000] {processor.py:836} INFO - DAG(s) dict_keys(['example_kubernetes_executor']) retrieved from /home/airflow/.local/lib/python3.7/site-packages/airflow/example_dags/example_kubernetes_executor.py
[2023-05-20T15:20:53.141+0000] {logging_mixin.py:149} INFO - [2023-05-20T15:20:53.141+0000] {dag.py:2726} INFO - Sync 1 DAGs
[2023-05-20T15:20:53.171+0000] {logging_mixin.py:149} INFO - [2023-05-20T15:20:53.171+0000] {dag.py:3490} INFO - Setting next_dagrun for example_kubernetes_executor to None, run_after=None
[2023-05-20T15:20:53.225+0000] {processor.py:179} INFO - Processing /home/airflow/.local/lib/python3.7/site-packages/airflow/example_dags/example_kubernetes_executor.py took 0.414 seconds
[2023-05-20T15:21:23.424+0000] {processor.py:157} INFO - Started process (PID=235) to work on /home/airflow/.local/lib/python3.7/site-packages/airflow/example_dags/example_kubernetes_executor.py
[2023-05-20T15:21:23.432+0000] {processor.py:826} INFO - Processing file /home/airflow/.local/lib/python3.7/site-packages/airflow/example_dags/example_kubernetes_executor.py for tasks to queue
[2023-05-20T15:21:23.435+0000] {logging_mixin.py:149} INFO - [2023-05-20T15:21:23.435+0000] {dagbag.py:541} INFO - Filling up the DagBag from /home/airflow/.local/lib/python3.7/site-packages/airflow/example_dags/example_kubernetes_executor.py
[2023-05-20T15:21:24.077+0000] {processor.py:836} INFO - DAG(s) dict_keys(['example_kubernetes_executor']) retrieved from /home/airflow/.local/lib/python3.7/site-packages/airflow/example_dags/example_kubernetes_executor.py
[2023-05-20T15:21:24.145+0000] {logging_mixin.py:149} INFO - [2023-05-20T15:21:24.145+0000] {dag.py:2726} INFO - Sync 1 DAGs
[2023-05-20T15:21:24.206+0000] {logging_mixin.py:149} INFO - [2023-05-20T15:21:24.205+0000] {dag.py:3490} INFO - Setting next_dagrun for example_kubernetes_executor to None, run_after=None
[2023-05-20T15:21:24.281+0000] {processor.py:179} INFO - Processing /home/airflow/.local/lib/python3.7/site-packages/airflow/example_dags/example_kubernetes_executor.py took 0.865 seconds
[2023-05-20T15:21:54.753+0000] {processor.py:157} INFO - Started process (PID=294) to work on /home/airflow/.local/lib/python3.7/site-packages/airflow/example_dags/example_kubernetes_executor.py
[2023-05-20T15:21:54.756+0000] {processor.py:826} INFO - Processing file /home/airflow/.local/lib/python3.7/site-packages/airflow/example_dags/example_kubernetes_executor.py for tasks to queue
[2023-05-20T15:21:54.757+0000] {logging_mixin.py:149} INFO - [2023-05-20T15:21:54.757+0000] {dagbag.py:541} INFO - Filling up the DagBag from /home/airflow/.local/lib/python3.7/site-packages/airflow/example_dags/example_kubernetes_executor.py
[2023-05-20T15:21:55.031+0000] {processor.py:836} INFO - DAG(s) dict_keys(['example_kubernetes_executor']) retrieved from /home/airflow/.local/lib/python3.7/site-packages/airflow/example_dags/example_kubernetes_executor.py
[2023-05-20T15:21:55.086+0000] {logging_mixin.py:149} INFO - [2023-05-20T15:21:55.086+0000] {dag.py:2726} INFO - Sync 1 DAGs
[2023-05-20T15:21:55.123+0000] {logging_mixin.py:149} INFO - [2023-05-20T15:21:55.123+0000] {dag.py:3490} INFO - Setting next_dagrun for example_kubernetes_executor to None, run_after=None
[2023-05-20T15:21:55.148+0000] {processor.py:179} INFO - Processing /home/airflow/.local/lib/python3.7/site-packages/airflow/example_dags/example_kubernetes_executor.py took 0.400 seconds
[2023-05-20T15:22:25.320+0000] {processor.py:157} INFO - Started process (PID=354) to work on /home/airflow/.local/lib/python3.7/site-packages/airflow/example_dags/example_kubernetes_executor.py
[2023-05-20T15:22:25.323+0000] {processor.py:826} INFO - Processing file /home/airflow/.local/lib/python3.7/site-packages/airflow/example_dags/example_kubernetes_executor.py for tasks to queue
[2023-05-20T15:22:25.325+0000] {logging_mixin.py:149} INFO - [2023-05-20T15:22:25.325+0000] {dagbag.py:541} INFO - Filling up the DagBag from /home/airflow/.local/lib/python3.7/site-packages/airflow/example_dags/example_kubernetes_executor.py
[2023-05-20T15:22:25.628+0000] {processor.py:836} INFO - DAG(s) dict_keys(['example_kubernetes_executor']) retrieved from /home/airflow/.local/lib/python3.7/site-packages/airflow/example_dags/example_kubernetes_executor.py
[2023-05-20T15:22:25.690+0000] {logging_mixin.py:149} INFO - [2023-05-20T15:22:25.690+0000] {dag.py:2726} INFO - Sync 1 DAGs
[2023-05-20T15:22:25.732+0000] {logging_mixin.py:149} INFO - [2023-05-20T15:22:25.732+0000] {dag.py:3490} INFO - Setting next_dagrun for example_kubernetes_executor to None, run_after=None
[2023-05-20T15:22:25.800+0000] {processor.py:179} INFO - Processing /home/airflow/.local/lib/python3.7/site-packages/airflow/example_dags/example_kubernetes_executor.py took 0.485 seconds
[2023-05-20T15:22:56.685+0000] {processor.py:157} INFO - Started process (PID=414) to work on /home/airflow/.local/lib/python3.7/site-packages/airflow/example_dags/example_kubernetes_executor.py
[2023-05-20T15:22:56.689+0000] {processor.py:826} INFO - Processing file /home/airflow/.local/lib/python3.7/site-packages/airflow/example_dags/example_kubernetes_executor.py for tasks to queue
[2023-05-20T15:22:56.691+0000] {logging_mixin.py:149} INFO - [2023-05-20T15:22:56.691+0000] {dagbag.py:541} INFO - Filling up the DagBag from /home/airflow/.local/lib/python3.7/site-packages/airflow/example_dags/example_kubernetes_executor.py
[2023-05-20T15:22:56.971+0000] {processor.py:836} INFO - DAG(s) dict_keys(['example_kubernetes_executor']) retrieved from /home/airflow/.local/lib/python3.7/site-packages/airflow/example_dags/example_kubernetes_executor.py
[2023-05-20T15:22:57.027+0000] {logging_mixin.py:149} INFO - [2023-05-20T15:22:57.027+0000] {dag.py:2726} INFO - Sync 1 DAGs
[2023-05-20T15:22:57.071+0000] {logging_mixin.py:149} INFO - [2023-05-20T15:22:57.071+0000] {dag.py:3490} INFO - Setting next_dagrun for example_kubernetes_executor to None, run_after=None
[2023-05-20T15:22:57.107+0000] {processor.py:179} INFO - Processing /home/airflow/.local/lib/python3.7/site-packages/airflow/example_dags/example_kubernetes_executor.py took 0.428 seconds
[2023-05-20T15:23:27.262+0000] {processor.py:157} INFO - Started process (PID=474) to work on /home/airflow/.local/lib/python3.7/site-packages/airflow/example_dags/example_kubernetes_executor.py
[2023-05-20T15:23:27.265+0000] {processor.py:826} INFO - Processing file /home/airflow/.local/lib/python3.7/site-packages/airflow/example_dags/example_kubernetes_executor.py for tasks to queue
[2023-05-20T15:23:27.266+0000] {logging_mixin.py:149} INFO - [2023-05-20T15:23:27.266+0000] {dagbag.py:541} INFO - Filling up the DagBag from /home/airflow/.local/lib/python3.7/site-packages/airflow/example_dags/example_kubernetes_executor.py
[2023-05-20T15:23:27.511+0000] {processor.py:836} INFO - DAG(s) dict_keys(['example_kubernetes_executor']) retrieved from /home/airflow/.local/lib/python3.7/site-packages/airflow/example_dags/example_kubernetes_executor.py
[2023-05-20T15:23:27.553+0000] {logging_mixin.py:149} INFO - [2023-05-20T15:23:27.552+0000] {dag.py:2726} INFO - Sync 1 DAGs
[2023-05-20T15:23:27.583+0000] {logging_mixin.py:149} INFO - [2023-05-20T15:23:27.582+0000] {dag.py:3490} INFO - Setting next_dagrun for example_kubernetes_executor to None, run_after=None
[2023-05-20T15:23:27.605+0000] {processor.py:179} INFO - Processing /home/airflow/.local/lib/python3.7/site-packages/airflow/example_dags/example_kubernetes_executor.py took 0.347 seconds
[2023-05-20T15:23:58.107+0000] {processor.py:157} INFO - Started process (PID=535) to work on /home/airflow/.local/lib/python3.7/site-packages/airflow/example_dags/example_kubernetes_executor.py
[2023-05-20T15:23:58.108+0000] {processor.py:826} INFO - Processing file /home/airflow/.local/lib/python3.7/site-packages/airflow/example_dags/example_kubernetes_executor.py for tasks to queue
[2023-05-20T15:23:58.110+0000] {logging_mixin.py:149} INFO - [2023-05-20T15:23:58.109+0000] {dagbag.py:541} INFO - Filling up the DagBag from /home/airflow/.local/lib/python3.7/site-packages/airflow/example_dags/example_kubernetes_executor.py
[2023-05-20T15:23:58.380+0000] {processor.py:836} INFO - DAG(s) dict_keys(['example_kubernetes_executor']) retrieved from /home/airflow/.local/lib/python3.7/site-packages/airflow/example_dags/example_kubernetes_executor.py
[2023-05-20T15:23:58.444+0000] {logging_mixin.py:149} INFO - [2023-05-20T15:23:58.443+0000] {dag.py:2726} INFO - Sync 1 DAGs
[2023-05-20T15:23:58.488+0000] {logging_mixin.py:149} INFO - [2023-05-20T15:23:58.488+0000] {dag.py:3490} INFO - Setting next_dagrun for example_kubernetes_executor to None, run_after=None
[2023-05-20T15:23:58.539+0000] {processor.py:179} INFO - Processing /home/airflow/.local/lib/python3.7/site-packages/airflow/example_dags/example_kubernetes_executor.py took 0.438 seconds
[2023-05-20T15:24:29.476+0000] {processor.py:157} INFO - Started process (PID=596) to work on /home/airflow/.local/lib/python3.7/site-packages/airflow/example_dags/example_kubernetes_executor.py
[2023-05-20T15:24:29.479+0000] {processor.py:826} INFO - Processing file /home/airflow/.local/lib/python3.7/site-packages/airflow/example_dags/example_kubernetes_executor.py for tasks to queue
[2023-05-20T15:24:29.481+0000] {logging_mixin.py:149} INFO - [2023-05-20T15:24:29.481+0000] {dagbag.py:541} INFO - Filling up the DagBag from /home/airflow/.local/lib/python3.7/site-packages/airflow/example_dags/example_kubernetes_executor.py
[2023-05-20T15:24:30.001+0000] {processor.py:836} INFO - DAG(s) dict_keys(['example_kubernetes_executor']) retrieved from /home/airflow/.local/lib/python3.7/site-packages/airflow/example_dags/example_kubernetes_executor.py
[2023-05-20T15:24:30.092+0000] {logging_mixin.py:149} INFO - [2023-05-20T15:24:30.092+0000] {dag.py:2726} INFO - Sync 1 DAGs
[2023-05-20T15:24:30.150+0000] {logging_mixin.py:149} INFO - [2023-05-20T15:24:30.150+0000] {dag.py:3490} INFO - Setting next_dagrun for example_kubernetes_executor to None, run_after=None
[2023-05-20T15:24:30.192+0000] {processor.py:179} INFO - Processing /home/airflow/.local/lib/python3.7/site-packages/airflow/example_dags/example_kubernetes_executor.py took 0.721 seconds
[2023-05-20T15:25:00.941+0000] {processor.py:157} INFO - Started process (PID=654) to work on /home/airflow/.local/lib/python3.7/site-packages/airflow/example_dags/example_kubernetes_executor.py
[2023-05-20T15:25:00.943+0000] {processor.py:826} INFO - Processing file /home/airflow/.local/lib/python3.7/site-packages/airflow/example_dags/example_kubernetes_executor.py for tasks to queue
[2023-05-20T15:25:00.945+0000] {logging_mixin.py:149} INFO - [2023-05-20T15:25:00.944+0000] {dagbag.py:541} INFO - Filling up the DagBag from /home/airflow/.local/lib/python3.7/site-packages/airflow/example_dags/example_kubernetes_executor.py
[2023-05-20T15:25:01.168+0000] {processor.py:836} INFO - DAG(s) dict_keys(['example_kubernetes_executor']) retrieved from /home/airflow/.local/lib/python3.7/site-packages/airflow/example_dags/example_kubernetes_executor.py
[2023-05-20T15:25:01.208+0000] {logging_mixin.py:149} INFO - [2023-05-20T15:25:01.208+0000] {dag.py:2726} INFO - Sync 1 DAGs
[2023-05-20T15:25:01.234+0000] {logging_mixin.py:149} INFO - [2023-05-20T15:25:01.234+0000] {dag.py:3490} INFO - Setting next_dagrun for example_kubernetes_executor to None, run_after=None
[2023-05-20T15:25:01.257+0000] {processor.py:179} INFO - Processing /home/airflow/.local/lib/python3.7/site-packages/airflow/example_dags/example_kubernetes_executor.py took 0.321 seconds
[2023-05-20T15:25:31.707+0000] {processor.py:157} INFO - Started process (PID=712) to work on /home/airflow/.local/lib/python3.7/site-packages/airflow/example_dags/example_kubernetes_executor.py
[2023-05-20T15:25:31.711+0000] {processor.py:826} INFO - Processing file /home/airflow/.local/lib/python3.7/site-packages/airflow/example_dags/example_kubernetes_executor.py for tasks to queue
[2023-05-20T15:25:31.715+0000] {logging_mixin.py:149} INFO - [2023-05-20T15:25:31.714+0000] {dagbag.py:541} INFO - Filling up the DagBag from /home/airflow/.local/lib/python3.7/site-packages/airflow/example_dags/example_kubernetes_executor.py
[2023-05-20T15:25:31.922+0000] {processor.py:836} INFO - DAG(s) dict_keys(['example_kubernetes_executor']) retrieved from /home/airflow/.local/lib/python3.7/site-packages/airflow/example_dags/example_kubernetes_executor.py
[2023-05-20T15:25:31.962+0000] {logging_mixin.py:149} INFO - [2023-05-20T15:25:31.962+0000] {dag.py:2726} INFO - Sync 1 DAGs
[2023-05-20T15:25:31.991+0000] {logging_mixin.py:149} INFO - [2023-05-20T15:25:31.991+0000] {dag.py:3490} INFO - Setting next_dagrun for example_kubernetes_executor to None, run_after=None
[2023-05-20T15:25:32.016+0000] {processor.py:179} INFO - Processing /home/airflow/.local/lib/python3.7/site-packages/airflow/example_dags/example_kubernetes_executor.py took 0.313 seconds
[2023-05-20T15:26:02.497+0000] {processor.py:157} INFO - Started process (PID=770) to work on /home/airflow/.local/lib/python3.7/site-packages/airflow/example_dags/example_kubernetes_executor.py
[2023-05-20T15:26:02.501+0000] {processor.py:826} INFO - Processing file /home/airflow/.local/lib/python3.7/site-packages/airflow/example_dags/example_kubernetes_executor.py for tasks to queue
[2023-05-20T15:26:02.503+0000] {logging_mixin.py:149} INFO - [2023-05-20T15:26:02.503+0000] {dagbag.py:541} INFO - Filling up the DagBag from /home/airflow/.local/lib/python3.7/site-packages/airflow/example_dags/example_kubernetes_executor.py
[2023-05-20T15:26:02.757+0000] {processor.py:836} INFO - DAG(s) dict_keys(['example_kubernetes_executor']) retrieved from /home/airflow/.local/lib/python3.7/site-packages/airflow/example_dags/example_kubernetes_executor.py
[2023-05-20T15:26:02.808+0000] {logging_mixin.py:149} INFO - [2023-05-20T15:26:02.808+0000] {dag.py:2726} INFO - Sync 1 DAGs
[2023-05-20T15:26:02.844+0000] {logging_mixin.py:149} INFO - [2023-05-20T15:26:02.843+0000] {dag.py:3490} INFO - Setting next_dagrun for example_kubernetes_executor to None, run_after=None
[2023-05-20T15:26:02.871+0000] {processor.py:179} INFO - Processing /home/airflow/.local/lib/python3.7/site-packages/airflow/example_dags/example_kubernetes_executor.py took 0.381 seconds
[2023-05-20T15:26:33.359+0000] {processor.py:157} INFO - Started process (PID=828) to work on /home/airflow/.local/lib/python3.7/site-packages/airflow/example_dags/example_kubernetes_executor.py
[2023-05-20T15:26:33.361+0000] {processor.py:826} INFO - Processing file /home/airflow/.local/lib/python3.7/site-packages/airflow/example_dags/example_kubernetes_executor.py for tasks to queue
[2023-05-20T15:26:33.362+0000] {logging_mixin.py:149} INFO - [2023-05-20T15:26:33.362+0000] {dagbag.py:541} INFO - Filling up the DagBag from /home/airflow/.local/lib/python3.7/site-packages/airflow/example_dags/example_kubernetes_executor.py
[2023-05-20T15:26:33.576+0000] {processor.py:836} INFO - DAG(s) dict_keys(['example_kubernetes_executor']) retrieved from /home/airflow/.local/lib/python3.7/site-packages/airflow/example_dags/example_kubernetes_executor.py
[2023-05-20T15:26:33.628+0000] {logging_mixin.py:149} INFO - [2023-05-20T15:26:33.627+0000] {dag.py:2726} INFO - Sync 1 DAGs
[2023-05-20T15:26:33.663+0000] {logging_mixin.py:149} INFO - [2023-05-20T15:26:33.663+0000] {dag.py:3490} INFO - Setting next_dagrun for example_kubernetes_executor to None, run_after=None
[2023-05-20T15:26:33.690+0000] {processor.py:179} INFO - Processing /home/airflow/.local/lib/python3.7/site-packages/airflow/example_dags/example_kubernetes_executor.py took 0.336 seconds
[2023-05-20T15:27:03.929+0000] {processor.py:157} INFO - Started process (PID=886) to work on /home/airflow/.local/lib/python3.7/site-packages/airflow/example_dags/example_kubernetes_executor.py
[2023-05-20T15:27:03.932+0000] {processor.py:826} INFO - Processing file /home/airflow/.local/lib/python3.7/site-packages/airflow/example_dags/example_kubernetes_executor.py for tasks to queue
[2023-05-20T15:27:03.934+0000] {logging_mixin.py:149} INFO - [2023-05-20T15:27:03.934+0000] {dagbag.py:541} INFO - Filling up the DagBag from /home/airflow/.local/lib/python3.7/site-packages/airflow/example_dags/example_kubernetes_executor.py
[2023-05-20T15:27:04.208+0000] {processor.py:836} INFO - DAG(s) dict_keys(['example_kubernetes_executor']) retrieved from /home/airflow/.local/lib/python3.7/site-packages/airflow/example_dags/example_kubernetes_executor.py
[2023-05-20T15:27:04.288+0000] {logging_mixin.py:149} INFO - [2023-05-20T15:27:04.288+0000] {dag.py:2726} INFO - Sync 1 DAGs
[2023-05-20T15:27:04.327+0000] {logging_mixin.py:149} INFO - [2023-05-20T15:27:04.327+0000] {dag.py:3490} INFO - Setting next_dagrun for example_kubernetes_executor to None, run_after=None
[2023-05-20T15:27:04.359+0000] {processor.py:179} INFO - Processing /home/airflow/.local/lib/python3.7/site-packages/airflow/example_dags/example_kubernetes_executor.py took 0.435 seconds
[2023-05-20T15:27:34.534+0000] {processor.py:157} INFO - Started process (PID=944) to work on /home/airflow/.local/lib/python3.7/site-packages/airflow/example_dags/example_kubernetes_executor.py
[2023-05-20T15:27:34.540+0000] {processor.py:826} INFO - Processing file /home/airflow/.local/lib/python3.7/site-packages/airflow/example_dags/example_kubernetes_executor.py for tasks to queue
[2023-05-20T15:27:34.542+0000] {logging_mixin.py:149} INFO - [2023-05-20T15:27:34.542+0000] {dagbag.py:541} INFO - Filling up the DagBag from /home/airflow/.local/lib/python3.7/site-packages/airflow/example_dags/example_kubernetes_executor.py
[2023-05-20T15:27:34.774+0000] {processor.py:836} INFO - DAG(s) dict_keys(['example_kubernetes_executor']) retrieved from /home/airflow/.local/lib/python3.7/site-packages/airflow/example_dags/example_kubernetes_executor.py
[2023-05-20T15:27:34.817+0000] {logging_mixin.py:149} INFO - [2023-05-20T15:27:34.817+0000] {dag.py:2726} INFO - Sync 1 DAGs
[2023-05-20T15:27:34.845+0000] {logging_mixin.py:149} INFO - [2023-05-20T15:27:34.845+0000] {dag.py:3490} INFO - Setting next_dagrun for example_kubernetes_executor to None, run_after=None
[2023-05-20T15:27:34.869+0000] {processor.py:179} INFO - Processing /home/airflow/.local/lib/python3.7/site-packages/airflow/example_dags/example_kubernetes_executor.py took 0.340 seconds
[2023-05-20T15:28:05.808+0000] {processor.py:157} INFO - Started process (PID=1002) to work on /home/airflow/.local/lib/python3.7/site-packages/airflow/example_dags/example_kubernetes_executor.py
[2023-05-20T15:28:05.810+0000] {processor.py:826} INFO - Processing file /home/airflow/.local/lib/python3.7/site-packages/airflow/example_dags/example_kubernetes_executor.py for tasks to queue
[2023-05-20T15:28:05.812+0000] {logging_mixin.py:149} INFO - [2023-05-20T15:28:05.811+0000] {dagbag.py:541} INFO - Filling up the DagBag from /home/airflow/.local/lib/python3.7/site-packages/airflow/example_dags/example_kubernetes_executor.py
[2023-05-20T15:28:06.138+0000] {processor.py:836} INFO - DAG(s) dict_keys(['example_kubernetes_executor']) retrieved from /home/airflow/.local/lib/python3.7/site-packages/airflow/example_dags/example_kubernetes_executor.py
[2023-05-20T15:28:06.185+0000] {logging_mixin.py:149} INFO - [2023-05-20T15:28:06.185+0000] {dag.py:2726} INFO - Sync 1 DAGs
[2023-05-20T15:28:06.216+0000] {logging_mixin.py:149} INFO - [2023-05-20T15:28:06.216+0000] {dag.py:3490} INFO - Setting next_dagrun for example_kubernetes_executor to None, run_after=None
[2023-05-20T15:28:06.254+0000] {processor.py:179} INFO - Processing /home/airflow/.local/lib/python3.7/site-packages/airflow/example_dags/example_kubernetes_executor.py took 0.451 seconds
[2023-05-20T15:28:37.225+0000] {processor.py:157} INFO - Started process (PID=1067) to work on /home/airflow/.local/lib/python3.7/site-packages/airflow/example_dags/example_kubernetes_executor.py
[2023-05-20T15:28:37.227+0000] {processor.py:826} INFO - Processing file /home/airflow/.local/lib/python3.7/site-packages/airflow/example_dags/example_kubernetes_executor.py for tasks to queue
[2023-05-20T15:28:37.229+0000] {logging_mixin.py:149} INFO - [2023-05-20T15:28:37.228+0000] {dagbag.py:541} INFO - Filling up the DagBag from /home/airflow/.local/lib/python3.7/site-packages/airflow/example_dags/example_kubernetes_executor.py
[2023-05-20T15:28:37.459+0000] {processor.py:836} INFO - DAG(s) dict_keys(['example_kubernetes_executor']) retrieved from /home/airflow/.local/lib/python3.7/site-packages/airflow/example_dags/example_kubernetes_executor.py
[2023-05-20T15:28:37.501+0000] {logging_mixin.py:149} INFO - [2023-05-20T15:28:37.501+0000] {dag.py:2726} INFO - Sync 1 DAGs
[2023-05-20T15:28:37.529+0000] {logging_mixin.py:149} INFO - [2023-05-20T15:28:37.529+0000] {dag.py:3490} INFO - Setting next_dagrun for example_kubernetes_executor to None, run_after=None
[2023-05-20T15:28:37.595+0000] {processor.py:179} INFO - Processing /home/airflow/.local/lib/python3.7/site-packages/airflow/example_dags/example_kubernetes_executor.py took 0.377 seconds
[2023-05-20T15:29:08.334+0000] {processor.py:157} INFO - Started process (PID=1125) to work on /home/airflow/.local/lib/python3.7/site-packages/airflow/example_dags/example_kubernetes_executor.py
[2023-05-20T15:29:08.336+0000] {processor.py:826} INFO - Processing file /home/airflow/.local/lib/python3.7/site-packages/airflow/example_dags/example_kubernetes_executor.py for tasks to queue
[2023-05-20T15:29:08.338+0000] {logging_mixin.py:149} INFO - [2023-05-20T15:29:08.337+0000] {dagbag.py:541} INFO - Filling up the DagBag from /home/airflow/.local/lib/python3.7/site-packages/airflow/example_dags/example_kubernetes_executor.py
[2023-05-20T15:29:08.583+0000] {processor.py:836} INFO - DAG(s) dict_keys(['example_kubernetes_executor']) retrieved from /home/airflow/.local/lib/python3.7/site-packages/airflow/example_dags/example_kubernetes_executor.py
[2023-05-20T15:29:08.954+0000] {logging_mixin.py:149} INFO - [2023-05-20T15:29:08.954+0000] {dag.py:2726} INFO - Sync 1 DAGs
[2023-05-20T15:29:08.994+0000] {logging_mixin.py:149} INFO - [2023-05-20T15:29:08.994+0000] {dag.py:3490} INFO - Setting next_dagrun for example_kubernetes_executor to None, run_after=None
[2023-05-20T15:29:09.016+0000] {processor.py:179} INFO - Processing /home/airflow/.local/lib/python3.7/site-packages/airflow/example_dags/example_kubernetes_executor.py took 0.686 seconds
[2023-05-20T15:29:39.399+0000] {processor.py:157} INFO - Started process (PID=1183) to work on /home/airflow/.local/lib/python3.7/site-packages/airflow/example_dags/example_kubernetes_executor.py
[2023-05-20T15:29:39.404+0000] {processor.py:826} INFO - Processing file /home/airflow/.local/lib/python3.7/site-packages/airflow/example_dags/example_kubernetes_executor.py for tasks to queue
[2023-05-20T15:29:39.406+0000] {logging_mixin.py:149} INFO - [2023-05-20T15:29:39.405+0000] {dagbag.py:541} INFO - Filling up the DagBag from /home/airflow/.local/lib/python3.7/site-packages/airflow/example_dags/example_kubernetes_executor.py
[2023-05-20T15:29:39.861+0000] {processor.py:836} INFO - DAG(s) dict_keys(['example_kubernetes_executor']) retrieved from /home/airflow/.local/lib/python3.7/site-packages/airflow/example_dags/example_kubernetes_executor.py
[2023-05-20T15:29:39.954+0000] {logging_mixin.py:149} INFO - [2023-05-20T15:29:39.953+0000] {dag.py:2726} INFO - Sync 1 DAGs
[2023-05-20T15:29:40.036+0000] {logging_mixin.py:149} INFO - [2023-05-20T15:29:40.035+0000] {dag.py:3490} INFO - Setting next_dagrun for example_kubernetes_executor to None, run_after=None
[2023-05-20T15:29:40.117+0000] {processor.py:179} INFO - Processing /home/airflow/.local/lib/python3.7/site-packages/airflow/example_dags/example_kubernetes_executor.py took 0.723 seconds
[2023-05-20T15:30:10.579+0000] {processor.py:157} INFO - Started process (PID=1241) to work on /home/airflow/.local/lib/python3.7/site-packages/airflow/example_dags/example_kubernetes_executor.py
[2023-05-20T15:30:10.583+0000] {processor.py:826} INFO - Processing file /home/airflow/.local/lib/python3.7/site-packages/airflow/example_dags/example_kubernetes_executor.py for tasks to queue
[2023-05-20T15:30:10.585+0000] {logging_mixin.py:149} INFO - [2023-05-20T15:30:10.585+0000] {dagbag.py:541} INFO - Filling up the DagBag from /home/airflow/.local/lib/python3.7/site-packages/airflow/example_dags/example_kubernetes_executor.py
[2023-05-20T15:30:10.852+0000] {processor.py:836} INFO - DAG(s) dict_keys(['example_kubernetes_executor']) retrieved from /home/airflow/.local/lib/python3.7/site-packages/airflow/example_dags/example_kubernetes_executor.py
[2023-05-20T15:30:10.899+0000] {logging_mixin.py:149} INFO - [2023-05-20T15:30:10.899+0000] {dag.py:2726} INFO - Sync 1 DAGs
[2023-05-20T15:30:10.935+0000] {logging_mixin.py:149} INFO - [2023-05-20T15:30:10.935+0000] {dag.py:3490} INFO - Setting next_dagrun for example_kubernetes_executor to None, run_after=None
[2023-05-20T15:30:10.966+0000] {processor.py:179} INFO - Processing /home/airflow/.local/lib/python3.7/site-packages/airflow/example_dags/example_kubernetes_executor.py took 0.392 seconds
[2023-05-20T15:30:41.316+0000] {processor.py:157} INFO - Started process (PID=1299) to work on /home/airflow/.local/lib/python3.7/site-packages/airflow/example_dags/example_kubernetes_executor.py
[2023-05-20T15:30:41.319+0000] {processor.py:826} INFO - Processing file /home/airflow/.local/lib/python3.7/site-packages/airflow/example_dags/example_kubernetes_executor.py for tasks to queue
[2023-05-20T15:30:41.321+0000] {logging_mixin.py:149} INFO - [2023-05-20T15:30:41.321+0000] {dagbag.py:541} INFO - Filling up the DagBag from /home/airflow/.local/lib/python3.7/site-packages/airflow/example_dags/example_kubernetes_executor.py
[2023-05-20T15:30:41.585+0000] {processor.py:836} INFO - DAG(s) dict_keys(['example_kubernetes_executor']) retrieved from /home/airflow/.local/lib/python3.7/site-packages/airflow/example_dags/example_kubernetes_executor.py
[2023-05-20T15:30:41.637+0000] {logging_mixin.py:149} INFO - [2023-05-20T15:30:41.637+0000] {dag.py:2726} INFO - Sync 1 DAGs
[2023-05-20T15:30:41.672+0000] {logging_mixin.py:149} INFO - [2023-05-20T15:30:41.672+0000] {dag.py:3490} INFO - Setting next_dagrun for example_kubernetes_executor to None, run_after=None
[2023-05-20T15:30:41.702+0000] {processor.py:179} INFO - Processing /home/airflow/.local/lib/python3.7/site-packages/airflow/example_dags/example_kubernetes_executor.py took 0.393 seconds
[2023-05-20T15:31:11.947+0000] {processor.py:157} INFO - Started process (PID=1357) to work on /home/airflow/.local/lib/python3.7/site-packages/airflow/example_dags/example_kubernetes_executor.py
[2023-05-20T15:31:11.949+0000] {processor.py:826} INFO - Processing file /home/airflow/.local/lib/python3.7/site-packages/airflow/example_dags/example_kubernetes_executor.py for tasks to queue
[2023-05-20T15:31:11.951+0000] {logging_mixin.py:149} INFO - [2023-05-20T15:31:11.951+0000] {dagbag.py:541} INFO - Filling up the DagBag from /home/airflow/.local/lib/python3.7/site-packages/airflow/example_dags/example_kubernetes_executor.py
[2023-05-20T15:31:12.195+0000] {processor.py:836} INFO - DAG(s) dict_keys(['example_kubernetes_executor']) retrieved from /home/airflow/.local/lib/python3.7/site-packages/airflow/example_dags/example_kubernetes_executor.py
[2023-05-20T15:31:12.246+0000] {logging_mixin.py:149} INFO - [2023-05-20T15:31:12.246+0000] {dag.py:2726} INFO - Sync 1 DAGs
[2023-05-20T15:31:12.302+0000] {logging_mixin.py:149} INFO - [2023-05-20T15:31:12.302+0000] {dag.py:3490} INFO - Setting next_dagrun for example_kubernetes_executor to None, run_after=None
[2023-05-20T15:31:12.333+0000] {processor.py:179} INFO - Processing /home/airflow/.local/lib/python3.7/site-packages/airflow/example_dags/example_kubernetes_executor.py took 0.391 seconds
[2023-05-20T15:31:42.426+0000] {processor.py:157} INFO - Started process (PID=1415) to work on /home/airflow/.local/lib/python3.7/site-packages/airflow/example_dags/example_kubernetes_executor.py
[2023-05-20T15:31:42.428+0000] {processor.py:826} INFO - Processing file /home/airflow/.local/lib/python3.7/site-packages/airflow/example_dags/example_kubernetes_executor.py for tasks to queue
[2023-05-20T15:31:42.430+0000] {logging_mixin.py:149} INFO - [2023-05-20T15:31:42.430+0000] {dagbag.py:541} INFO - Filling up the DagBag from /home/airflow/.local/lib/python3.7/site-packages/airflow/example_dags/example_kubernetes_executor.py
[2023-05-20T15:31:42.684+0000] {processor.py:836} INFO - DAG(s) dict_keys(['example_kubernetes_executor']) retrieved from /home/airflow/.local/lib/python3.7/site-packages/airflow/example_dags/example_kubernetes_executor.py
[2023-05-20T15:31:42.733+0000] {logging_mixin.py:149} INFO - [2023-05-20T15:31:42.733+0000] {dag.py:2726} INFO - Sync 1 DAGs
[2023-05-20T15:31:42.767+0000] {logging_mixin.py:149} INFO - [2023-05-20T15:31:42.767+0000] {dag.py:3490} INFO - Setting next_dagrun for example_kubernetes_executor to None, run_after=None
[2023-05-20T15:31:42.795+0000] {processor.py:179} INFO - Processing /home/airflow/.local/lib/python3.7/site-packages/airflow/example_dags/example_kubernetes_executor.py took 0.374 seconds
[2023-05-20T15:32:13.242+0000] {processor.py:157} INFO - Started process (PID=1473) to work on /home/airflow/.local/lib/python3.7/site-packages/airflow/example_dags/example_kubernetes_executor.py
[2023-05-20T15:32:13.247+0000] {processor.py:826} INFO - Processing file /home/airflow/.local/lib/python3.7/site-packages/airflow/example_dags/example_kubernetes_executor.py for tasks to queue
[2023-05-20T15:32:13.252+0000] {logging_mixin.py:149} INFO - [2023-05-20T15:32:13.251+0000] {dagbag.py:541} INFO - Filling up the DagBag from /home/airflow/.local/lib/python3.7/site-packages/airflow/example_dags/example_kubernetes_executor.py
[2023-05-20T15:32:13.599+0000] {processor.py:836} INFO - DAG(s) dict_keys(['example_kubernetes_executor']) retrieved from /home/airflow/.local/lib/python3.7/site-packages/airflow/example_dags/example_kubernetes_executor.py
[2023-05-20T15:32:13.657+0000] {logging_mixin.py:149} INFO - [2023-05-20T15:32:13.657+0000] {dag.py:2726} INFO - Sync 1 DAGs
[2023-05-20T15:32:13.695+0000] {logging_mixin.py:149} INFO - [2023-05-20T15:32:13.694+0000] {dag.py:3490} INFO - Setting next_dagrun for example_kubernetes_executor to None, run_after=None
[2023-05-20T15:32:13.723+0000] {processor.py:179} INFO - Processing /home/airflow/.local/lib/python3.7/site-packages/airflow/example_dags/example_kubernetes_executor.py took 0.494 seconds
[2023-05-20T15:32:43.953+0000] {processor.py:157} INFO - Started process (PID=1531) to work on /home/airflow/.local/lib/python3.7/site-packages/airflow/example_dags/example_kubernetes_executor.py
[2023-05-20T15:32:43.956+0000] {processor.py:826} INFO - Processing file /home/airflow/.local/lib/python3.7/site-packages/airflow/example_dags/example_kubernetes_executor.py for tasks to queue
[2023-05-20T15:32:43.957+0000] {logging_mixin.py:149} INFO - [2023-05-20T15:32:43.957+0000] {dagbag.py:541} INFO - Filling up the DagBag from /home/airflow/.local/lib/python3.7/site-packages/airflow/example_dags/example_kubernetes_executor.py
[2023-05-20T15:32:44.180+0000] {processor.py:836} INFO - DAG(s) dict_keys(['example_kubernetes_executor']) retrieved from /home/airflow/.local/lib/python3.7/site-packages/airflow/example_dags/example_kubernetes_executor.py
[2023-05-20T15:32:44.229+0000] {logging_mixin.py:149} INFO - [2023-05-20T15:32:44.229+0000] {dag.py:2726} INFO - Sync 1 DAGs
[2023-05-20T15:32:44.258+0000] {logging_mixin.py:149} INFO - [2023-05-20T15:32:44.258+0000] {dag.py:3490} INFO - Setting next_dagrun for example_kubernetes_executor to None, run_after=None
[2023-05-20T15:32:44.280+0000] {processor.py:179} INFO - Processing /home/airflow/.local/lib/python3.7/site-packages/airflow/example_dags/example_kubernetes_executor.py took 0.332 seconds
[2023-05-20T15:33:15.087+0000] {processor.py:157} INFO - Started process (PID=1589) to work on /home/airflow/.local/lib/python3.7/site-packages/airflow/example_dags/example_kubernetes_executor.py
[2023-05-20T15:33:15.092+0000] {processor.py:826} INFO - Processing file /home/airflow/.local/lib/python3.7/site-packages/airflow/example_dags/example_kubernetes_executor.py for tasks to queue
[2023-05-20T15:33:15.094+0000] {logging_mixin.py:149} INFO - [2023-05-20T15:33:15.094+0000] {dagbag.py:541} INFO - Filling up the DagBag from /home/airflow/.local/lib/python3.7/site-packages/airflow/example_dags/example_kubernetes_executor.py
[2023-05-20T15:33:15.480+0000] {processor.py:836} INFO - DAG(s) dict_keys(['example_kubernetes_executor']) retrieved from /home/airflow/.local/lib/python3.7/site-packages/airflow/example_dags/example_kubernetes_executor.py
[2023-05-20T15:33:15.542+0000] {logging_mixin.py:149} INFO - [2023-05-20T15:33:15.542+0000] {dag.py:2726} INFO - Sync 1 DAGs
[2023-05-20T15:33:15.585+0000] {logging_mixin.py:149} INFO - [2023-05-20T15:33:15.585+0000] {dag.py:3490} INFO - Setting next_dagrun for example_kubernetes_executor to None, run_after=None
[2023-05-20T15:33:15.623+0000] {processor.py:179} INFO - Processing /home/airflow/.local/lib/python3.7/site-packages/airflow/example_dags/example_kubernetes_executor.py took 0.545 seconds
[2023-05-20T15:33:46.436+0000] {processor.py:157} INFO - Started process (PID=1647) to work on /home/airflow/.local/lib/python3.7/site-packages/airflow/example_dags/example_kubernetes_executor.py
[2023-05-20T15:33:46.438+0000] {processor.py:826} INFO - Processing file /home/airflow/.local/lib/python3.7/site-packages/airflow/example_dags/example_kubernetes_executor.py for tasks to queue
[2023-05-20T15:33:46.440+0000] {logging_mixin.py:149} INFO - [2023-05-20T15:33:46.440+0000] {dagbag.py:541} INFO - Filling up the DagBag from /home/airflow/.local/lib/python3.7/site-packages/airflow/example_dags/example_kubernetes_executor.py
[2023-05-20T15:33:46.688+0000] {processor.py:836} INFO - DAG(s) dict_keys(['example_kubernetes_executor']) retrieved from /home/airflow/.local/lib/python3.7/site-packages/airflow/example_dags/example_kubernetes_executor.py
[2023-05-20T15:33:46.742+0000] {logging_mixin.py:149} INFO - [2023-05-20T15:33:46.742+0000] {dag.py:2726} INFO - Sync 1 DAGs
[2023-05-20T15:33:46.796+0000] {logging_mixin.py:149} INFO - [2023-05-20T15:33:46.795+0000] {dag.py:3490} INFO - Setting next_dagrun for example_kubernetes_executor to None, run_after=None
[2023-05-20T15:33:46.828+0000] {processor.py:179} INFO - Processing /home/airflow/.local/lib/python3.7/site-packages/airflow/example_dags/example_kubernetes_executor.py took 0.397 seconds
[2023-05-20T15:34:16.905+0000] {processor.py:157} INFO - Started process (PID=1706) to work on /home/airflow/.local/lib/python3.7/site-packages/airflow/example_dags/example_kubernetes_executor.py
[2023-05-20T15:34:16.907+0000] {processor.py:826} INFO - Processing file /home/airflow/.local/lib/python3.7/site-packages/airflow/example_dags/example_kubernetes_executor.py for tasks to queue
[2023-05-20T15:34:16.908+0000] {logging_mixin.py:149} INFO - [2023-05-20T15:34:16.908+0000] {dagbag.py:541} INFO - Filling up the DagBag from /home/airflow/.local/lib/python3.7/site-packages/airflow/example_dags/example_kubernetes_executor.py
[2023-05-20T15:34:17.168+0000] {processor.py:836} INFO - DAG(s) dict_keys(['example_kubernetes_executor']) retrieved from /home/airflow/.local/lib/python3.7/site-packages/airflow/example_dags/example_kubernetes_executor.py
[2023-05-20T15:34:17.253+0000] {logging_mixin.py:149} INFO - [2023-05-20T15:34:17.253+0000] {dag.py:2726} INFO - Sync 1 DAGs
[2023-05-20T15:34:17.300+0000] {logging_mixin.py:149} INFO - [2023-05-20T15:34:17.299+0000] {dag.py:3490} INFO - Setting next_dagrun for example_kubernetes_executor to None, run_after=None
[2023-05-20T15:34:17.333+0000] {processor.py:179} INFO - Processing /home/airflow/.local/lib/python3.7/site-packages/airflow/example_dags/example_kubernetes_executor.py took 0.433 seconds
[2023-05-20T15:34:47.515+0000] {processor.py:157} INFO - Started process (PID=1763) to work on /home/airflow/.local/lib/python3.7/site-packages/airflow/example_dags/example_kubernetes_executor.py
[2023-05-20T15:34:47.516+0000] {processor.py:826} INFO - Processing file /home/airflow/.local/lib/python3.7/site-packages/airflow/example_dags/example_kubernetes_executor.py for tasks to queue
[2023-05-20T15:34:47.518+0000] {logging_mixin.py:149} INFO - [2023-05-20T15:34:47.518+0000] {dagbag.py:541} INFO - Filling up the DagBag from /home/airflow/.local/lib/python3.7/site-packages/airflow/example_dags/example_kubernetes_executor.py
[2023-05-20T15:34:47.763+0000] {processor.py:836} INFO - DAG(s) dict_keys(['example_kubernetes_executor']) retrieved from /home/airflow/.local/lib/python3.7/site-packages/airflow/example_dags/example_kubernetes_executor.py
[2023-05-20T15:34:47.819+0000] {logging_mixin.py:149} INFO - [2023-05-20T15:34:47.819+0000] {dag.py:2726} INFO - Sync 1 DAGs
[2023-05-20T15:34:47.853+0000] {logging_mixin.py:149} INFO - [2023-05-20T15:34:47.853+0000] {dag.py:3490} INFO - Setting next_dagrun for example_kubernetes_executor to None, run_after=None
[2023-05-20T15:34:47.881+0000] {processor.py:179} INFO - Processing /home/airflow/.local/lib/python3.7/site-packages/airflow/example_dags/example_kubernetes_executor.py took 0.373 seconds
[2023-05-20T15:35:18.684+0000] {processor.py:157} INFO - Started process (PID=1821) to work on /home/airflow/.local/lib/python3.7/site-packages/airflow/example_dags/example_kubernetes_executor.py
[2023-05-20T15:35:18.689+0000] {processor.py:826} INFO - Processing file /home/airflow/.local/lib/python3.7/site-packages/airflow/example_dags/example_kubernetes_executor.py for tasks to queue
[2023-05-20T15:35:18.715+0000] {logging_mixin.py:149} INFO - [2023-05-20T15:35:18.715+0000] {dagbag.py:541} INFO - Filling up the DagBag from /home/airflow/.local/lib/python3.7/site-packages/airflow/example_dags/example_kubernetes_executor.py
[2023-05-20T15:35:18.941+0000] {processor.py:836} INFO - DAG(s) dict_keys(['example_kubernetes_executor']) retrieved from /home/airflow/.local/lib/python3.7/site-packages/airflow/example_dags/example_kubernetes_executor.py
[2023-05-20T15:35:18.986+0000] {logging_mixin.py:149} INFO - [2023-05-20T15:35:18.985+0000] {dag.py:2726} INFO - Sync 1 DAGs
[2023-05-20T15:35:19.015+0000] {logging_mixin.py:149} INFO - [2023-05-20T15:35:19.015+0000] {dag.py:3490} INFO - Setting next_dagrun for example_kubernetes_executor to None, run_after=None
[2023-05-20T15:35:19.040+0000] {processor.py:179} INFO - Processing /home/airflow/.local/lib/python3.7/site-packages/airflow/example_dags/example_kubernetes_executor.py took 0.382 seconds
[2023-05-20T15:35:49.624+0000] {processor.py:157} INFO - Started process (PID=1879) to work on /home/airflow/.local/lib/python3.7/site-packages/airflow/example_dags/example_kubernetes_executor.py
[2023-05-20T15:35:49.626+0000] {processor.py:826} INFO - Processing file /home/airflow/.local/lib/python3.7/site-packages/airflow/example_dags/example_kubernetes_executor.py for tasks to queue
[2023-05-20T15:35:49.628+0000] {logging_mixin.py:149} INFO - [2023-05-20T15:35:49.628+0000] {dagbag.py:541} INFO - Filling up the DagBag from /home/airflow/.local/lib/python3.7/site-packages/airflow/example_dags/example_kubernetes_executor.py
[2023-05-20T15:35:49.924+0000] {processor.py:836} INFO - DAG(s) dict_keys(['example_kubernetes_executor']) retrieved from /home/airflow/.local/lib/python3.7/site-packages/airflow/example_dags/example_kubernetes_executor.py
[2023-05-20T15:35:49.986+0000] {logging_mixin.py:149} INFO - [2023-05-20T15:35:49.986+0000] {dag.py:2726} INFO - Sync 1 DAGs
[2023-05-20T15:35:50.026+0000] {logging_mixin.py:149} INFO - [2023-05-20T15:35:50.026+0000] {dag.py:3490} INFO - Setting next_dagrun for example_kubernetes_executor to None, run_after=None
[2023-05-20T15:35:50.055+0000] {processor.py:179} INFO - Processing /home/airflow/.local/lib/python3.7/site-packages/airflow/example_dags/example_kubernetes_executor.py took 0.438 seconds
[2023-05-20T15:36:20.824+0000] {processor.py:157} INFO - Started process (PID=1937) to work on /home/airflow/.local/lib/python3.7/site-packages/airflow/example_dags/example_kubernetes_executor.py
[2023-05-20T15:36:20.826+0000] {processor.py:826} INFO - Processing file /home/airflow/.local/lib/python3.7/site-packages/airflow/example_dags/example_kubernetes_executor.py for tasks to queue
[2023-05-20T15:36:20.827+0000] {logging_mixin.py:149} INFO - [2023-05-20T15:36:20.827+0000] {dagbag.py:541} INFO - Filling up the DagBag from /home/airflow/.local/lib/python3.7/site-packages/airflow/example_dags/example_kubernetes_executor.py
[2023-05-20T15:36:21.038+0000] {processor.py:836} INFO - DAG(s) dict_keys(['example_kubernetes_executor']) retrieved from /home/airflow/.local/lib/python3.7/site-packages/airflow/example_dags/example_kubernetes_executor.py
[2023-05-20T15:36:21.079+0000] {logging_mixin.py:149} INFO - [2023-05-20T15:36:21.079+0000] {dag.py:2726} INFO - Sync 1 DAGs
[2023-05-20T15:36:21.106+0000] {logging_mixin.py:149} INFO - [2023-05-20T15:36:21.106+0000] {dag.py:3490} INFO - Setting next_dagrun for example_kubernetes_executor to None, run_after=None
[2023-05-20T15:36:21.128+0000] {processor.py:179} INFO - Processing /home/airflow/.local/lib/python3.7/site-packages/airflow/example_dags/example_kubernetes_executor.py took 0.309 seconds
[2023-05-20T15:36:51.241+0000] {processor.py:157} INFO - Started process (PID=1996) to work on /home/airflow/.local/lib/python3.7/site-packages/airflow/example_dags/example_kubernetes_executor.py
[2023-05-20T15:36:51.243+0000] {processor.py:826} INFO - Processing file /home/airflow/.local/lib/python3.7/site-packages/airflow/example_dags/example_kubernetes_executor.py for tasks to queue
[2023-05-20T15:36:51.245+0000] {logging_mixin.py:149} INFO - [2023-05-20T15:36:51.245+0000] {dagbag.py:541} INFO - Filling up the DagBag from /home/airflow/.local/lib/python3.7/site-packages/airflow/example_dags/example_kubernetes_executor.py
[2023-05-20T15:36:51.463+0000] {processor.py:836} INFO - DAG(s) dict_keys(['example_kubernetes_executor']) retrieved from /home/airflow/.local/lib/python3.7/site-packages/airflow/example_dags/example_kubernetes_executor.py
[2023-05-20T15:36:51.506+0000] {logging_mixin.py:149} INFO - [2023-05-20T15:36:51.506+0000] {dag.py:2726} INFO - Sync 1 DAGs
[2023-05-20T15:36:51.533+0000] {logging_mixin.py:149} INFO - [2023-05-20T15:36:51.533+0000] {dag.py:3490} INFO - Setting next_dagrun for example_kubernetes_executor to None, run_after=None
[2023-05-20T15:36:51.556+0000] {processor.py:179} INFO - Processing /home/airflow/.local/lib/python3.7/site-packages/airflow/example_dags/example_kubernetes_executor.py took 0.320 seconds
[2023-05-20T15:37:22.543+0000] {processor.py:157} INFO - Started process (PID=2054) to work on /home/airflow/.local/lib/python3.7/site-packages/airflow/example_dags/example_kubernetes_executor.py
[2023-05-20T15:37:22.545+0000] {processor.py:826} INFO - Processing file /home/airflow/.local/lib/python3.7/site-packages/airflow/example_dags/example_kubernetes_executor.py for tasks to queue
[2023-05-20T15:37:22.547+0000] {logging_mixin.py:149} INFO - [2023-05-20T15:37:22.546+0000] {dagbag.py:541} INFO - Filling up the DagBag from /home/airflow/.local/lib/python3.7/site-packages/airflow/example_dags/example_kubernetes_executor.py
[2023-05-20T15:37:22.875+0000] {processor.py:836} INFO - DAG(s) dict_keys(['example_kubernetes_executor']) retrieved from /home/airflow/.local/lib/python3.7/site-packages/airflow/example_dags/example_kubernetes_executor.py
[2023-05-20T15:37:22.925+0000] {logging_mixin.py:149} INFO - [2023-05-20T15:37:22.924+0000] {dag.py:2726} INFO - Sync 1 DAGs
[2023-05-20T15:37:22.957+0000] {logging_mixin.py:149} INFO - [2023-05-20T15:37:22.957+0000] {dag.py:3490} INFO - Setting next_dagrun for example_kubernetes_executor to None, run_after=None
[2023-05-20T15:37:22.987+0000] {processor.py:179} INFO - Processing /home/airflow/.local/lib/python3.7/site-packages/airflow/example_dags/example_kubernetes_executor.py took 0.452 seconds
[2023-05-20T15:37:53.201+0000] {processor.py:157} INFO - Started process (PID=2112) to work on /home/airflow/.local/lib/python3.7/site-packages/airflow/example_dags/example_kubernetes_executor.py
[2023-05-20T15:37:53.203+0000] {processor.py:826} INFO - Processing file /home/airflow/.local/lib/python3.7/site-packages/airflow/example_dags/example_kubernetes_executor.py for tasks to queue
[2023-05-20T15:37:53.205+0000] {logging_mixin.py:149} INFO - [2023-05-20T15:37:53.205+0000] {dagbag.py:541} INFO - Filling up the DagBag from /home/airflow/.local/lib/python3.7/site-packages/airflow/example_dags/example_kubernetes_executor.py
[2023-05-20T15:37:53.511+0000] {processor.py:836} INFO - DAG(s) dict_keys(['example_kubernetes_executor']) retrieved from /home/airflow/.local/lib/python3.7/site-packages/airflow/example_dags/example_kubernetes_executor.py
[2023-05-20T15:37:53.577+0000] {logging_mixin.py:149} INFO - [2023-05-20T15:37:53.577+0000] {dag.py:2726} INFO - Sync 1 DAGs
[2023-05-20T15:37:53.625+0000] {logging_mixin.py:149} INFO - [2023-05-20T15:37:53.624+0000] {dag.py:3490} INFO - Setting next_dagrun for example_kubernetes_executor to None, run_after=None
[2023-05-20T15:37:53.664+0000] {processor.py:179} INFO - Processing /home/airflow/.local/lib/python3.7/site-packages/airflow/example_dags/example_kubernetes_executor.py took 0.469 seconds
[2023-05-20T15:38:24.676+0000] {processor.py:157} INFO - Started process (PID=2170) to work on /home/airflow/.local/lib/python3.7/site-packages/airflow/example_dags/example_kubernetes_executor.py
[2023-05-20T15:38:24.678+0000] {processor.py:826} INFO - Processing file /home/airflow/.local/lib/python3.7/site-packages/airflow/example_dags/example_kubernetes_executor.py for tasks to queue
[2023-05-20T15:38:24.680+0000] {logging_mixin.py:149} INFO - [2023-05-20T15:38:24.680+0000] {dagbag.py:541} INFO - Filling up the DagBag from /home/airflow/.local/lib/python3.7/site-packages/airflow/example_dags/example_kubernetes_executor.py
[2023-05-20T15:38:24.984+0000] {processor.py:836} INFO - DAG(s) dict_keys(['example_kubernetes_executor']) retrieved from /home/airflow/.local/lib/python3.7/site-packages/airflow/example_dags/example_kubernetes_executor.py
[2023-05-20T15:38:25.051+0000] {logging_mixin.py:149} INFO - [2023-05-20T15:38:25.051+0000] {dag.py:2726} INFO - Sync 1 DAGs
[2023-05-20T15:38:25.090+0000] {logging_mixin.py:149} INFO - [2023-05-20T15:38:25.089+0000] {dag.py:3490} INFO - Setting next_dagrun for example_kubernetes_executor to None, run_after=None
[2023-05-20T15:38:25.124+0000] {processor.py:179} INFO - Processing /home/airflow/.local/lib/python3.7/site-packages/airflow/example_dags/example_kubernetes_executor.py took 0.454 seconds
[2023-05-20T15:38:56.105+0000] {processor.py:157} INFO - Started process (PID=2228) to work on /home/airflow/.local/lib/python3.7/site-packages/airflow/example_dags/example_kubernetes_executor.py
[2023-05-20T15:38:56.106+0000] {processor.py:826} INFO - Processing file /home/airflow/.local/lib/python3.7/site-packages/airflow/example_dags/example_kubernetes_executor.py for tasks to queue
[2023-05-20T15:38:56.108+0000] {logging_mixin.py:149} INFO - [2023-05-20T15:38:56.108+0000] {dagbag.py:541} INFO - Filling up the DagBag from /home/airflow/.local/lib/python3.7/site-packages/airflow/example_dags/example_kubernetes_executor.py
[2023-05-20T15:38:56.339+0000] {processor.py:836} INFO - DAG(s) dict_keys(['example_kubernetes_executor']) retrieved from /home/airflow/.local/lib/python3.7/site-packages/airflow/example_dags/example_kubernetes_executor.py
[2023-05-20T15:38:56.388+0000] {logging_mixin.py:149} INFO - [2023-05-20T15:38:56.388+0000] {dag.py:2726} INFO - Sync 1 DAGs
[2023-05-20T15:38:56.420+0000] {logging_mixin.py:149} INFO - [2023-05-20T15:38:56.420+0000] {dag.py:3490} INFO - Setting next_dagrun for example_kubernetes_executor to None, run_after=None
[2023-05-20T15:38:56.443+0000] {processor.py:179} INFO - Processing /home/airflow/.local/lib/python3.7/site-packages/airflow/example_dags/example_kubernetes_executor.py took 0.344 seconds
[2023-05-20T15:39:27.386+0000] {processor.py:157} INFO - Started process (PID=2286) to work on /home/airflow/.local/lib/python3.7/site-packages/airflow/example_dags/example_kubernetes_executor.py
[2023-05-20T15:39:27.388+0000] {processor.py:826} INFO - Processing file /home/airflow/.local/lib/python3.7/site-packages/airflow/example_dags/example_kubernetes_executor.py for tasks to queue
[2023-05-20T15:39:27.389+0000] {logging_mixin.py:149} INFO - [2023-05-20T15:39:27.389+0000] {dagbag.py:541} INFO - Filling up the DagBag from /home/airflow/.local/lib/python3.7/site-packages/airflow/example_dags/example_kubernetes_executor.py
[2023-05-20T15:39:27.608+0000] {processor.py:836} INFO - DAG(s) dict_keys(['example_kubernetes_executor']) retrieved from /home/airflow/.local/lib/python3.7/site-packages/airflow/example_dags/example_kubernetes_executor.py
[2023-05-20T15:39:27.649+0000] {logging_mixin.py:149} INFO - [2023-05-20T15:39:27.649+0000] {dag.py:2726} INFO - Sync 1 DAGs
[2023-05-20T15:39:27.678+0000] {logging_mixin.py:149} INFO - [2023-05-20T15:39:27.678+0000] {dag.py:3490} INFO - Setting next_dagrun for example_kubernetes_executor to None, run_after=None
[2023-05-20T15:39:27.699+0000] {processor.py:179} INFO - Processing /home/airflow/.local/lib/python3.7/site-packages/airflow/example_dags/example_kubernetes_executor.py took 0.318 seconds
[2023-05-20T15:39:57.853+0000] {processor.py:157} INFO - Started process (PID=2344) to work on /home/airflow/.local/lib/python3.7/site-packages/airflow/example_dags/example_kubernetes_executor.py
[2023-05-20T15:39:57.862+0000] {processor.py:826} INFO - Processing file /home/airflow/.local/lib/python3.7/site-packages/airflow/example_dags/example_kubernetes_executor.py for tasks to queue
[2023-05-20T15:39:57.865+0000] {logging_mixin.py:149} INFO - [2023-05-20T15:39:57.865+0000] {dagbag.py:541} INFO - Filling up the DagBag from /home/airflow/.local/lib/python3.7/site-packages/airflow/example_dags/example_kubernetes_executor.py
[2023-05-20T15:39:58.169+0000] {processor.py:836} INFO - DAG(s) dict_keys(['example_kubernetes_executor']) retrieved from /home/airflow/.local/lib/python3.7/site-packages/airflow/example_dags/example_kubernetes_executor.py
[2023-05-20T15:39:58.258+0000] {logging_mixin.py:149} INFO - [2023-05-20T15:39:58.257+0000] {dag.py:2726} INFO - Sync 1 DAGs
[2023-05-20T15:39:58.306+0000] {logging_mixin.py:149} INFO - [2023-05-20T15:39:58.306+0000] {dag.py:3490} INFO - Setting next_dagrun for example_kubernetes_executor to None, run_after=None
[2023-05-20T15:39:58.337+0000] {processor.py:179} INFO - Processing /home/airflow/.local/lib/python3.7/site-packages/airflow/example_dags/example_kubernetes_executor.py took 0.491 seconds
[2023-05-20T15:40:28.761+0000] {processor.py:157} INFO - Started process (PID=2402) to work on /home/airflow/.local/lib/python3.7/site-packages/airflow/example_dags/example_kubernetes_executor.py
[2023-05-20T15:40:28.763+0000] {processor.py:826} INFO - Processing file /home/airflow/.local/lib/python3.7/site-packages/airflow/example_dags/example_kubernetes_executor.py for tasks to queue
[2023-05-20T15:40:28.765+0000] {logging_mixin.py:149} INFO - [2023-05-20T15:40:28.765+0000] {dagbag.py:541} INFO - Filling up the DagBag from /home/airflow/.local/lib/python3.7/site-packages/airflow/example_dags/example_kubernetes_executor.py
[2023-05-20T15:40:29.065+0000] {processor.py:836} INFO - DAG(s) dict_keys(['example_kubernetes_executor']) retrieved from /home/airflow/.local/lib/python3.7/site-packages/airflow/example_dags/example_kubernetes_executor.py
[2023-05-20T15:40:29.138+0000] {logging_mixin.py:149} INFO - [2023-05-20T15:40:29.138+0000] {dag.py:2726} INFO - Sync 1 DAGs
[2023-05-20T15:40:29.176+0000] {logging_mixin.py:149} INFO - [2023-05-20T15:40:29.176+0000] {dag.py:3490} INFO - Setting next_dagrun for example_kubernetes_executor to None, run_after=None
[2023-05-20T15:40:29.225+0000] {processor.py:179} INFO - Processing /home/airflow/.local/lib/python3.7/site-packages/airflow/example_dags/example_kubernetes_executor.py took 0.468 seconds
[2023-05-20T15:40:59.293+0000] {processor.py:157} INFO - Started process (PID=2461) to work on /home/airflow/.local/lib/python3.7/site-packages/airflow/example_dags/example_kubernetes_executor.py
[2023-05-20T15:40:59.295+0000] {processor.py:826} INFO - Processing file /home/airflow/.local/lib/python3.7/site-packages/airflow/example_dags/example_kubernetes_executor.py for tasks to queue
[2023-05-20T15:40:59.297+0000] {logging_mixin.py:149} INFO - [2023-05-20T15:40:59.297+0000] {dagbag.py:541} INFO - Filling up the DagBag from /home/airflow/.local/lib/python3.7/site-packages/airflow/example_dags/example_kubernetes_executor.py
[2023-05-20T15:40:59.534+0000] {processor.py:836} INFO - DAG(s) dict_keys(['example_kubernetes_executor']) retrieved from /home/airflow/.local/lib/python3.7/site-packages/airflow/example_dags/example_kubernetes_executor.py
[2023-05-20T15:40:59.585+0000] {logging_mixin.py:149} INFO - [2023-05-20T15:40:59.585+0000] {dag.py:2726} INFO - Sync 1 DAGs
[2023-05-20T15:40:59.623+0000] {logging_mixin.py:149} INFO - [2023-05-20T15:40:59.623+0000] {dag.py:3490} INFO - Setting next_dagrun for example_kubernetes_executor to None, run_after=None
[2023-05-20T15:40:59.652+0000] {processor.py:179} INFO - Processing /home/airflow/.local/lib/python3.7/site-packages/airflow/example_dags/example_kubernetes_executor.py took 0.363 seconds
[2023-05-20T15:41:30.343+0000] {processor.py:157} INFO - Started process (PID=2518) to work on /home/airflow/.local/lib/python3.7/site-packages/airflow/example_dags/example_kubernetes_executor.py
[2023-05-20T15:41:30.344+0000] {processor.py:826} INFO - Processing file /home/airflow/.local/lib/python3.7/site-packages/airflow/example_dags/example_kubernetes_executor.py for tasks to queue
[2023-05-20T15:41:30.346+0000] {logging_mixin.py:149} INFO - [2023-05-20T15:41:30.346+0000] {dagbag.py:541} INFO - Filling up the DagBag from /home/airflow/.local/lib/python3.7/site-packages/airflow/example_dags/example_kubernetes_executor.py
[2023-05-20T15:41:30.558+0000] {processor.py:836} INFO - DAG(s) dict_keys(['example_kubernetes_executor']) retrieved from /home/airflow/.local/lib/python3.7/site-packages/airflow/example_dags/example_kubernetes_executor.py
[2023-05-20T15:41:30.598+0000] {logging_mixin.py:149} INFO - [2023-05-20T15:41:30.597+0000] {dag.py:2726} INFO - Sync 1 DAGs
[2023-05-20T15:41:30.644+0000] {logging_mixin.py:149} INFO - [2023-05-20T15:41:30.644+0000] {dag.py:3490} INFO - Setting next_dagrun for example_kubernetes_executor to None, run_after=None
[2023-05-20T15:41:30.666+0000] {processor.py:179} INFO - Processing /home/airflow/.local/lib/python3.7/site-packages/airflow/example_dags/example_kubernetes_executor.py took 0.328 seconds
[2023-05-20T15:42:00.799+0000] {processor.py:157} INFO - Started process (PID=2576) to work on /home/airflow/.local/lib/python3.7/site-packages/airflow/example_dags/example_kubernetes_executor.py
[2023-05-20T15:42:00.800+0000] {processor.py:826} INFO - Processing file /home/airflow/.local/lib/python3.7/site-packages/airflow/example_dags/example_kubernetes_executor.py for tasks to queue
[2023-05-20T15:42:00.802+0000] {logging_mixin.py:149} INFO - [2023-05-20T15:42:00.802+0000] {dagbag.py:541} INFO - Filling up the DagBag from /home/airflow/.local/lib/python3.7/site-packages/airflow/example_dags/example_kubernetes_executor.py
[2023-05-20T15:42:01.012+0000] {processor.py:836} INFO - DAG(s) dict_keys(['example_kubernetes_executor']) retrieved from /home/airflow/.local/lib/python3.7/site-packages/airflow/example_dags/example_kubernetes_executor.py
[2023-05-20T15:42:01.051+0000] {logging_mixin.py:149} INFO - [2023-05-20T15:42:01.051+0000] {dag.py:2726} INFO - Sync 1 DAGs
[2023-05-20T15:42:01.077+0000] {logging_mixin.py:149} INFO - [2023-05-20T15:42:01.077+0000] {dag.py:3490} INFO - Setting next_dagrun for example_kubernetes_executor to None, run_after=None
[2023-05-20T15:42:01.099+0000] {processor.py:179} INFO - Processing /home/airflow/.local/lib/python3.7/site-packages/airflow/example_dags/example_kubernetes_executor.py took 0.305 seconds
[2023-05-20T15:42:31.181+0000] {processor.py:157} INFO - Started process (PID=2634) to work on /home/airflow/.local/lib/python3.7/site-packages/airflow/example_dags/example_kubernetes_executor.py
[2023-05-20T15:42:31.184+0000] {processor.py:826} INFO - Processing file /home/airflow/.local/lib/python3.7/site-packages/airflow/example_dags/example_kubernetes_executor.py for tasks to queue
[2023-05-20T15:42:31.186+0000] {logging_mixin.py:149} INFO - [2023-05-20T15:42:31.185+0000] {dagbag.py:541} INFO - Filling up the DagBag from /home/airflow/.local/lib/python3.7/site-packages/airflow/example_dags/example_kubernetes_executor.py
[2023-05-20T15:42:31.395+0000] {processor.py:836} INFO - DAG(s) dict_keys(['example_kubernetes_executor']) retrieved from /home/airflow/.local/lib/python3.7/site-packages/airflow/example_dags/example_kubernetes_executor.py
[2023-05-20T15:42:31.436+0000] {logging_mixin.py:149} INFO - [2023-05-20T15:42:31.435+0000] {dag.py:2726} INFO - Sync 1 DAGs
[2023-05-20T15:42:31.462+0000] {logging_mixin.py:149} INFO - [2023-05-20T15:42:31.462+0000] {dag.py:3490} INFO - Setting next_dagrun for example_kubernetes_executor to None, run_after=None
[2023-05-20T15:42:31.482+0000] {processor.py:179} INFO - Processing /home/airflow/.local/lib/python3.7/site-packages/airflow/example_dags/example_kubernetes_executor.py took 0.306 seconds
[2023-05-20T15:43:01.611+0000] {processor.py:157} INFO - Started process (PID=2692) to work on /home/airflow/.local/lib/python3.7/site-packages/airflow/example_dags/example_kubernetes_executor.py
[2023-05-20T15:43:01.613+0000] {processor.py:826} INFO - Processing file /home/airflow/.local/lib/python3.7/site-packages/airflow/example_dags/example_kubernetes_executor.py for tasks to queue
[2023-05-20T15:43:01.615+0000] {logging_mixin.py:149} INFO - [2023-05-20T15:43:01.615+0000] {dagbag.py:541} INFO - Filling up the DagBag from /home/airflow/.local/lib/python3.7/site-packages/airflow/example_dags/example_kubernetes_executor.py
[2023-05-20T15:43:01.831+0000] {processor.py:836} INFO - DAG(s) dict_keys(['example_kubernetes_executor']) retrieved from /home/airflow/.local/lib/python3.7/site-packages/airflow/example_dags/example_kubernetes_executor.py
[2023-05-20T15:43:01.872+0000] {logging_mixin.py:149} INFO - [2023-05-20T15:43:01.872+0000] {dag.py:2726} INFO - Sync 1 DAGs
[2023-05-20T15:43:01.900+0000] {logging_mixin.py:149} INFO - [2023-05-20T15:43:01.900+0000] {dag.py:3490} INFO - Setting next_dagrun for example_kubernetes_executor to None, run_after=None
[2023-05-20T15:43:01.921+0000] {processor.py:179} INFO - Processing /home/airflow/.local/lib/python3.7/site-packages/airflow/example_dags/example_kubernetes_executor.py took 0.315 seconds
[2023-05-20T15:43:32.914+0000] {processor.py:157} INFO - Started process (PID=2750) to work on /home/airflow/.local/lib/python3.7/site-packages/airflow/example_dags/example_kubernetes_executor.py
[2023-05-20T15:43:32.916+0000] {processor.py:826} INFO - Processing file /home/airflow/.local/lib/python3.7/site-packages/airflow/example_dags/example_kubernetes_executor.py for tasks to queue
[2023-05-20T15:43:32.918+0000] {logging_mixin.py:149} INFO - [2023-05-20T15:43:32.917+0000] {dagbag.py:541} INFO - Filling up the DagBag from /home/airflow/.local/lib/python3.7/site-packages/airflow/example_dags/example_kubernetes_executor.py
[2023-05-20T15:43:33.157+0000] {processor.py:836} INFO - DAG(s) dict_keys(['example_kubernetes_executor']) retrieved from /home/airflow/.local/lib/python3.7/site-packages/airflow/example_dags/example_kubernetes_executor.py
[2023-05-20T15:43:33.208+0000] {logging_mixin.py:149} INFO - [2023-05-20T15:43:33.207+0000] {dag.py:2726} INFO - Sync 1 DAGs
[2023-05-20T15:43:33.243+0000] {logging_mixin.py:149} INFO - [2023-05-20T15:43:33.243+0000] {dag.py:3490} INFO - Setting next_dagrun for example_kubernetes_executor to None, run_after=None
[2023-05-20T15:43:33.271+0000] {processor.py:179} INFO - Processing /home/airflow/.local/lib/python3.7/site-packages/airflow/example_dags/example_kubernetes_executor.py took 0.363 seconds
[2023-05-20T15:44:04.146+0000] {processor.py:157} INFO - Started process (PID=2808) to work on /home/airflow/.local/lib/python3.7/site-packages/airflow/example_dags/example_kubernetes_executor.py
[2023-05-20T15:44:04.147+0000] {processor.py:826} INFO - Processing file /home/airflow/.local/lib/python3.7/site-packages/airflow/example_dags/example_kubernetes_executor.py for tasks to queue
[2023-05-20T15:44:04.149+0000] {logging_mixin.py:149} INFO - [2023-05-20T15:44:04.149+0000] {dagbag.py:541} INFO - Filling up the DagBag from /home/airflow/.local/lib/python3.7/site-packages/airflow/example_dags/example_kubernetes_executor.py
[2023-05-20T15:44:04.368+0000] {processor.py:836} INFO - DAG(s) dict_keys(['example_kubernetes_executor']) retrieved from /home/airflow/.local/lib/python3.7/site-packages/airflow/example_dags/example_kubernetes_executor.py
[2023-05-20T15:44:04.417+0000] {logging_mixin.py:149} INFO - [2023-05-20T15:44:04.417+0000] {dag.py:2726} INFO - Sync 1 DAGs
[2023-05-20T15:44:04.449+0000] {logging_mixin.py:149} INFO - [2023-05-20T15:44:04.449+0000] {dag.py:3490} INFO - Setting next_dagrun for example_kubernetes_executor to None, run_after=None
[2023-05-20T15:44:04.478+0000] {processor.py:179} INFO - Processing /home/airflow/.local/lib/python3.7/site-packages/airflow/example_dags/example_kubernetes_executor.py took 0.336 seconds
[2023-05-20T15:44:34.657+0000] {processor.py:157} INFO - Started process (PID=2866) to work on /home/airflow/.local/lib/python3.7/site-packages/airflow/example_dags/example_kubernetes_executor.py
[2023-05-20T15:44:34.659+0000] {processor.py:826} INFO - Processing file /home/airflow/.local/lib/python3.7/site-packages/airflow/example_dags/example_kubernetes_executor.py for tasks to queue
[2023-05-20T15:44:34.660+0000] {logging_mixin.py:149} INFO - [2023-05-20T15:44:34.660+0000] {dagbag.py:541} INFO - Filling up the DagBag from /home/airflow/.local/lib/python3.7/site-packages/airflow/example_dags/example_kubernetes_executor.py
[2023-05-20T15:44:34.885+0000] {processor.py:836} INFO - DAG(s) dict_keys(['example_kubernetes_executor']) retrieved from /home/airflow/.local/lib/python3.7/site-packages/airflow/example_dags/example_kubernetes_executor.py
[2023-05-20T15:44:34.930+0000] {logging_mixin.py:149} INFO - [2023-05-20T15:44:34.930+0000] {dag.py:2726} INFO - Sync 1 DAGs
[2023-05-20T15:44:34.962+0000] {logging_mixin.py:149} INFO - [2023-05-20T15:44:34.962+0000] {dag.py:3490} INFO - Setting next_dagrun for example_kubernetes_executor to None, run_after=None
[2023-05-20T15:44:34.985+0000] {processor.py:179} INFO - Processing /home/airflow/.local/lib/python3.7/site-packages/airflow/example_dags/example_kubernetes_executor.py took 0.334 seconds
[2023-05-20T15:45:05.257+0000] {processor.py:157} INFO - Started process (PID=2924) to work on /home/airflow/.local/lib/python3.7/site-packages/airflow/example_dags/example_kubernetes_executor.py
[2023-05-20T15:45:05.259+0000] {processor.py:826} INFO - Processing file /home/airflow/.local/lib/python3.7/site-packages/airflow/example_dags/example_kubernetes_executor.py for tasks to queue
[2023-05-20T15:45:05.261+0000] {logging_mixin.py:149} INFO - [2023-05-20T15:45:05.261+0000] {dagbag.py:541} INFO - Filling up the DagBag from /home/airflow/.local/lib/python3.7/site-packages/airflow/example_dags/example_kubernetes_executor.py
[2023-05-20T15:45:05.528+0000] {processor.py:836} INFO - DAG(s) dict_keys(['example_kubernetes_executor']) retrieved from /home/airflow/.local/lib/python3.7/site-packages/airflow/example_dags/example_kubernetes_executor.py
[2023-05-20T15:45:05.576+0000] {logging_mixin.py:149} INFO - [2023-05-20T15:45:05.576+0000] {dag.py:2726} INFO - Sync 1 DAGs
[2023-05-20T15:45:05.611+0000] {logging_mixin.py:149} INFO - [2023-05-20T15:45:05.611+0000] {dag.py:3490} INFO - Setting next_dagrun for example_kubernetes_executor to None, run_after=None
[2023-05-20T15:45:05.645+0000] {processor.py:179} INFO - Processing /home/airflow/.local/lib/python3.7/site-packages/airflow/example_dags/example_kubernetes_executor.py took 0.394 seconds
[2023-05-20T15:45:35.891+0000] {processor.py:157} INFO - Started process (PID=2982) to work on /home/airflow/.local/lib/python3.7/site-packages/airflow/example_dags/example_kubernetes_executor.py
[2023-05-20T15:45:35.893+0000] {processor.py:826} INFO - Processing file /home/airflow/.local/lib/python3.7/site-packages/airflow/example_dags/example_kubernetes_executor.py for tasks to queue
[2023-05-20T15:45:35.895+0000] {logging_mixin.py:149} INFO - [2023-05-20T15:45:35.895+0000] {dagbag.py:541} INFO - Filling up the DagBag from /home/airflow/.local/lib/python3.7/site-packages/airflow/example_dags/example_kubernetes_executor.py
[2023-05-20T15:45:36.184+0000] {processor.py:836} INFO - DAG(s) dict_keys(['example_kubernetes_executor']) retrieved from /home/airflow/.local/lib/python3.7/site-packages/airflow/example_dags/example_kubernetes_executor.py
[2023-05-20T15:45:36.243+0000] {logging_mixin.py:149} INFO - [2023-05-20T15:45:36.243+0000] {dag.py:2726} INFO - Sync 1 DAGs
[2023-05-20T15:45:36.282+0000] {logging_mixin.py:149} INFO - [2023-05-20T15:45:36.282+0000] {dag.py:3490} INFO - Setting next_dagrun for example_kubernetes_executor to None, run_after=None
[2023-05-20T15:45:36.319+0000] {processor.py:179} INFO - Processing /home/airflow/.local/lib/python3.7/site-packages/airflow/example_dags/example_kubernetes_executor.py took 0.432 seconds
[2023-05-20T15:46:06.701+0000] {processor.py:157} INFO - Started process (PID=3040) to work on /home/airflow/.local/lib/python3.7/site-packages/airflow/example_dags/example_kubernetes_executor.py
[2023-05-20T15:46:06.704+0000] {processor.py:826} INFO - Processing file /home/airflow/.local/lib/python3.7/site-packages/airflow/example_dags/example_kubernetes_executor.py for tasks to queue
[2023-05-20T15:46:06.706+0000] {logging_mixin.py:149} INFO - [2023-05-20T15:46:06.706+0000] {dagbag.py:541} INFO - Filling up the DagBag from /home/airflow/.local/lib/python3.7/site-packages/airflow/example_dags/example_kubernetes_executor.py
[2023-05-20T15:46:06.999+0000] {processor.py:836} INFO - DAG(s) dict_keys(['example_kubernetes_executor']) retrieved from /home/airflow/.local/lib/python3.7/site-packages/airflow/example_dags/example_kubernetes_executor.py
[2023-05-20T15:46:07.057+0000] {logging_mixin.py:149} INFO - [2023-05-20T15:46:07.057+0000] {dag.py:2726} INFO - Sync 1 DAGs
[2023-05-20T15:46:07.092+0000] {logging_mixin.py:149} INFO - [2023-05-20T15:46:07.092+0000] {dag.py:3490} INFO - Setting next_dagrun for example_kubernetes_executor to None, run_after=None
[2023-05-20T15:46:07.121+0000] {processor.py:179} INFO - Processing /home/airflow/.local/lib/python3.7/site-packages/airflow/example_dags/example_kubernetes_executor.py took 0.425 seconds
[2023-05-20T15:46:37.450+0000] {processor.py:157} INFO - Started process (PID=3098) to work on /home/airflow/.local/lib/python3.7/site-packages/airflow/example_dags/example_kubernetes_executor.py
[2023-05-20T15:46:37.452+0000] {processor.py:826} INFO - Processing file /home/airflow/.local/lib/python3.7/site-packages/airflow/example_dags/example_kubernetes_executor.py for tasks to queue
[2023-05-20T15:46:37.454+0000] {logging_mixin.py:149} INFO - [2023-05-20T15:46:37.454+0000] {dagbag.py:541} INFO - Filling up the DagBag from /home/airflow/.local/lib/python3.7/site-packages/airflow/example_dags/example_kubernetes_executor.py
[2023-05-20T15:46:37.726+0000] {processor.py:836} INFO - DAG(s) dict_keys(['example_kubernetes_executor']) retrieved from /home/airflow/.local/lib/python3.7/site-packages/airflow/example_dags/example_kubernetes_executor.py
[2023-05-20T15:46:37.772+0000] {logging_mixin.py:149} INFO - [2023-05-20T15:46:37.772+0000] {dag.py:2726} INFO - Sync 1 DAGs
[2023-05-20T15:46:37.806+0000] {logging_mixin.py:149} INFO - [2023-05-20T15:46:37.805+0000] {dag.py:3490} INFO - Setting next_dagrun for example_kubernetes_executor to None, run_after=None
[2023-05-20T15:46:37.831+0000] {processor.py:179} INFO - Processing /home/airflow/.local/lib/python3.7/site-packages/airflow/example_dags/example_kubernetes_executor.py took 0.387 seconds
[2023-05-20T15:47:08.095+0000] {processor.py:157} INFO - Started process (PID=3156) to work on /home/airflow/.local/lib/python3.7/site-packages/airflow/example_dags/example_kubernetes_executor.py
[2023-05-20T15:47:08.097+0000] {processor.py:826} INFO - Processing file /home/airflow/.local/lib/python3.7/site-packages/airflow/example_dags/example_kubernetes_executor.py for tasks to queue
[2023-05-20T15:47:08.098+0000] {logging_mixin.py:149} INFO - [2023-05-20T15:47:08.098+0000] {dagbag.py:541} INFO - Filling up the DagBag from /home/airflow/.local/lib/python3.7/site-packages/airflow/example_dags/example_kubernetes_executor.py
[2023-05-20T15:47:08.363+0000] {processor.py:836} INFO - DAG(s) dict_keys(['example_kubernetes_executor']) retrieved from /home/airflow/.local/lib/python3.7/site-packages/airflow/example_dags/example_kubernetes_executor.py
[2023-05-20T15:47:08.429+0000] {logging_mixin.py:149} INFO - [2023-05-20T15:47:08.429+0000] {dag.py:2726} INFO - Sync 1 DAGs
[2023-05-20T15:47:08.467+0000] {logging_mixin.py:149} INFO - [2023-05-20T15:47:08.467+0000] {dag.py:3490} INFO - Setting next_dagrun for example_kubernetes_executor to None, run_after=None
[2023-05-20T15:47:08.501+0000] {processor.py:179} INFO - Processing /home/airflow/.local/lib/python3.7/site-packages/airflow/example_dags/example_kubernetes_executor.py took 0.409 seconds
[2023-05-20T15:47:39.370+0000] {processor.py:157} INFO - Started process (PID=3221) to work on /home/airflow/.local/lib/python3.7/site-packages/airflow/example_dags/example_kubernetes_executor.py
[2023-05-20T15:47:39.373+0000] {processor.py:826} INFO - Processing file /home/airflow/.local/lib/python3.7/site-packages/airflow/example_dags/example_kubernetes_executor.py for tasks to queue
[2023-05-20T15:47:39.375+0000] {logging_mixin.py:149} INFO - [2023-05-20T15:47:39.375+0000] {dagbag.py:541} INFO - Filling up the DagBag from /home/airflow/.local/lib/python3.7/site-packages/airflow/example_dags/example_kubernetes_executor.py
[2023-05-20T15:47:39.637+0000] {processor.py:836} INFO - DAG(s) dict_keys(['example_kubernetes_executor']) retrieved from /home/airflow/.local/lib/python3.7/site-packages/airflow/example_dags/example_kubernetes_executor.py
[2023-05-20T15:47:39.691+0000] {logging_mixin.py:149} INFO - [2023-05-20T15:47:39.691+0000] {dag.py:2726} INFO - Sync 1 DAGs
[2023-05-20T15:47:39.727+0000] {logging_mixin.py:149} INFO - [2023-05-20T15:47:39.726+0000] {dag.py:3490} INFO - Setting next_dagrun for example_kubernetes_executor to None, run_after=None
[2023-05-20T15:47:39.755+0000] {processor.py:179} INFO - Processing /home/airflow/.local/lib/python3.7/site-packages/airflow/example_dags/example_kubernetes_executor.py took 0.391 seconds
[2023-05-20T15:48:10.747+0000] {processor.py:157} INFO - Started process (PID=3280) to work on /home/airflow/.local/lib/python3.7/site-packages/airflow/example_dags/example_kubernetes_executor.py
[2023-05-20T15:48:10.749+0000] {processor.py:826} INFO - Processing file /home/airflow/.local/lib/python3.7/site-packages/airflow/example_dags/example_kubernetes_executor.py for tasks to queue
[2023-05-20T15:48:10.752+0000] {logging_mixin.py:149} INFO - [2023-05-20T15:48:10.752+0000] {dagbag.py:541} INFO - Filling up the DagBag from /home/airflow/.local/lib/python3.7/site-packages/airflow/example_dags/example_kubernetes_executor.py
[2023-05-20T15:48:11.332+0000] {processor.py:836} INFO - DAG(s) dict_keys(['example_kubernetes_executor']) retrieved from /home/airflow/.local/lib/python3.7/site-packages/airflow/example_dags/example_kubernetes_executor.py
[2023-05-20T15:48:11.500+0000] {logging_mixin.py:149} INFO - [2023-05-20T15:48:11.500+0000] {dag.py:2726} INFO - Sync 1 DAGs
[2023-05-20T15:48:11.614+0000] {logging_mixin.py:149} INFO - [2023-05-20T15:48:11.614+0000] {dag.py:3490} INFO - Setting next_dagrun for example_kubernetes_executor to None, run_after=None
[2023-05-20T15:48:11.705+0000] {processor.py:179} INFO - Processing /home/airflow/.local/lib/python3.7/site-packages/airflow/example_dags/example_kubernetes_executor.py took 0.969 seconds
[2023-05-20T15:48:42.824+0000] {processor.py:157} INFO - Started process (PID=3340) to work on /home/airflow/.local/lib/python3.7/site-packages/airflow/example_dags/example_kubernetes_executor.py
[2023-05-20T15:48:42.827+0000] {processor.py:826} INFO - Processing file /home/airflow/.local/lib/python3.7/site-packages/airflow/example_dags/example_kubernetes_executor.py for tasks to queue
[2023-05-20T15:48:42.829+0000] {logging_mixin.py:149} INFO - [2023-05-20T15:48:42.829+0000] {dagbag.py:541} INFO - Filling up the DagBag from /home/airflow/.local/lib/python3.7/site-packages/airflow/example_dags/example_kubernetes_executor.py
[2023-05-20T15:48:43.214+0000] {processor.py:836} INFO - DAG(s) dict_keys(['example_kubernetes_executor']) retrieved from /home/airflow/.local/lib/python3.7/site-packages/airflow/example_dags/example_kubernetes_executor.py
[2023-05-20T15:48:43.290+0000] {logging_mixin.py:149} INFO - [2023-05-20T15:48:43.290+0000] {dag.py:2726} INFO - Sync 1 DAGs
[2023-05-20T15:48:43.334+0000] {logging_mixin.py:149} INFO - [2023-05-20T15:48:43.334+0000] {dag.py:3490} INFO - Setting next_dagrun for example_kubernetes_executor to None, run_after=None
[2023-05-20T15:48:43.377+0000] {processor.py:179} INFO - Processing /home/airflow/.local/lib/python3.7/site-packages/airflow/example_dags/example_kubernetes_executor.py took 0.559 seconds
[2023-05-20T15:49:13.835+0000] {processor.py:157} INFO - Started process (PID=3398) to work on /home/airflow/.local/lib/python3.7/site-packages/airflow/example_dags/example_kubernetes_executor.py
[2023-05-20T15:49:13.837+0000] {processor.py:826} INFO - Processing file /home/airflow/.local/lib/python3.7/site-packages/airflow/example_dags/example_kubernetes_executor.py for tasks to queue
[2023-05-20T15:49:13.838+0000] {logging_mixin.py:149} INFO - [2023-05-20T15:49:13.838+0000] {dagbag.py:541} INFO - Filling up the DagBag from /home/airflow/.local/lib/python3.7/site-packages/airflow/example_dags/example_kubernetes_executor.py
[2023-05-20T15:49:14.047+0000] {processor.py:836} INFO - DAG(s) dict_keys(['example_kubernetes_executor']) retrieved from /home/airflow/.local/lib/python3.7/site-packages/airflow/example_dags/example_kubernetes_executor.py
[2023-05-20T15:49:14.090+0000] {logging_mixin.py:149} INFO - [2023-05-20T15:49:14.090+0000] {dag.py:2726} INFO - Sync 1 DAGs
[2023-05-20T15:49:14.116+0000] {logging_mixin.py:149} INFO - [2023-05-20T15:49:14.116+0000] {dag.py:3490} INFO - Setting next_dagrun for example_kubernetes_executor to None, run_after=None
[2023-05-20T15:49:14.136+0000] {processor.py:179} INFO - Processing /home/airflow/.local/lib/python3.7/site-packages/airflow/example_dags/example_kubernetes_executor.py took 0.305 seconds
[2023-05-20T15:49:44.498+0000] {processor.py:157} INFO - Started process (PID=3456) to work on /home/airflow/.local/lib/python3.7/site-packages/airflow/example_dags/example_kubernetes_executor.py
[2023-05-20T15:49:44.500+0000] {processor.py:826} INFO - Processing file /home/airflow/.local/lib/python3.7/site-packages/airflow/example_dags/example_kubernetes_executor.py for tasks to queue
[2023-05-20T15:49:44.502+0000] {logging_mixin.py:149} INFO - [2023-05-20T15:49:44.502+0000] {dagbag.py:541} INFO - Filling up the DagBag from /home/airflow/.local/lib/python3.7/site-packages/airflow/example_dags/example_kubernetes_executor.py
[2023-05-20T15:49:44.710+0000] {processor.py:836} INFO - DAG(s) dict_keys(['example_kubernetes_executor']) retrieved from /home/airflow/.local/lib/python3.7/site-packages/airflow/example_dags/example_kubernetes_executor.py
[2023-05-20T15:49:44.763+0000] {logging_mixin.py:149} INFO - [2023-05-20T15:49:44.763+0000] {dag.py:2726} INFO - Sync 1 DAGs
[2023-05-20T15:49:44.907+0000] {logging_mixin.py:149} INFO - [2023-05-20T15:49:44.907+0000] {dag.py:3490} INFO - Setting next_dagrun for example_kubernetes_executor to None, run_after=None
[2023-05-20T15:49:44.932+0000] {processor.py:179} INFO - Processing /home/airflow/.local/lib/python3.7/site-packages/airflow/example_dags/example_kubernetes_executor.py took 0.441 seconds
[2023-05-20T16:08:47.953+0000] {processor.py:157} INFO - Started process (PID=59) to work on /home/airflow/.local/lib/python3.7/site-packages/airflow/example_dags/example_kubernetes_executor.py
[2023-05-20T16:08:47.956+0000] {processor.py:826} INFO - Processing file /home/airflow/.local/lib/python3.7/site-packages/airflow/example_dags/example_kubernetes_executor.py for tasks to queue
[2023-05-20T16:08:47.959+0000] {logging_mixin.py:149} INFO - [2023-05-20T16:08:47.958+0000] {dagbag.py:541} INFO - Filling up the DagBag from /home/airflow/.local/lib/python3.7/site-packages/airflow/example_dags/example_kubernetes_executor.py
[2023-05-20T16:08:49.756+0000] {processor.py:836} INFO - DAG(s) dict_keys(['example_kubernetes_executor']) retrieved from /home/airflow/.local/lib/python3.7/site-packages/airflow/example_dags/example_kubernetes_executor.py
[2023-05-20T16:08:49.777+0000] {logging_mixin.py:149} INFO - [2023-05-20T16:08:49.777+0000] {dag.py:2726} INFO - Sync 1 DAGs
[2023-05-20T16:08:49.824+0000] {logging_mixin.py:149} INFO - [2023-05-20T16:08:49.824+0000] {dag.py:3490} INFO - Setting next_dagrun for example_kubernetes_executor to None, run_after=None
[2023-05-20T16:08:49.858+0000] {processor.py:179} INFO - Processing /home/airflow/.local/lib/python3.7/site-packages/airflow/example_dags/example_kubernetes_executor.py took 1.913 seconds
[2023-05-20T16:09:20.521+0000] {processor.py:157} INFO - Started process (PID=123) to work on /home/airflow/.local/lib/python3.7/site-packages/airflow/example_dags/example_kubernetes_executor.py
[2023-05-20T16:09:20.523+0000] {processor.py:826} INFO - Processing file /home/airflow/.local/lib/python3.7/site-packages/airflow/example_dags/example_kubernetes_executor.py for tasks to queue
[2023-05-20T16:09:20.525+0000] {logging_mixin.py:149} INFO - [2023-05-20T16:09:20.525+0000] {dagbag.py:541} INFO - Filling up the DagBag from /home/airflow/.local/lib/python3.7/site-packages/airflow/example_dags/example_kubernetes_executor.py
[2023-05-20T16:09:20.751+0000] {processor.py:836} INFO - DAG(s) dict_keys(['example_kubernetes_executor']) retrieved from /home/airflow/.local/lib/python3.7/site-packages/airflow/example_dags/example_kubernetes_executor.py
[2023-05-20T16:09:20.804+0000] {logging_mixin.py:149} INFO - [2023-05-20T16:09:20.804+0000] {dag.py:2726} INFO - Sync 1 DAGs
[2023-05-20T16:09:20.836+0000] {logging_mixin.py:149} INFO - [2023-05-20T16:09:20.836+0000] {dag.py:3490} INFO - Setting next_dagrun for example_kubernetes_executor to None, run_after=None
[2023-05-20T16:09:20.862+0000] {processor.py:179} INFO - Processing /home/airflow/.local/lib/python3.7/site-packages/airflow/example_dags/example_kubernetes_executor.py took 0.347 seconds
[2023-05-20T16:09:50.915+0000] {processor.py:157} INFO - Started process (PID=181) to work on /home/airflow/.local/lib/python3.7/site-packages/airflow/example_dags/example_kubernetes_executor.py
[2023-05-20T16:09:50.917+0000] {processor.py:826} INFO - Processing file /home/airflow/.local/lib/python3.7/site-packages/airflow/example_dags/example_kubernetes_executor.py for tasks to queue
[2023-05-20T16:09:50.920+0000] {logging_mixin.py:149} INFO - [2023-05-20T16:09:50.920+0000] {dagbag.py:541} INFO - Filling up the DagBag from /home/airflow/.local/lib/python3.7/site-packages/airflow/example_dags/example_kubernetes_executor.py
[2023-05-20T16:09:51.325+0000] {processor.py:836} INFO - DAG(s) dict_keys(['example_kubernetes_executor']) retrieved from /home/airflow/.local/lib/python3.7/site-packages/airflow/example_dags/example_kubernetes_executor.py
[2023-05-20T16:09:51.421+0000] {logging_mixin.py:149} INFO - [2023-05-20T16:09:51.421+0000] {dag.py:2726} INFO - Sync 1 DAGs
[2023-05-20T16:09:51.493+0000] {logging_mixin.py:149} INFO - [2023-05-20T16:09:51.492+0000] {dag.py:3490} INFO - Setting next_dagrun for example_kubernetes_executor to None, run_after=None
[2023-05-20T16:09:51.543+0000] {processor.py:179} INFO - Processing /home/airflow/.local/lib/python3.7/site-packages/airflow/example_dags/example_kubernetes_executor.py took 0.634 seconds
[2023-05-20T16:10:22.085+0000] {processor.py:157} INFO - Started process (PID=239) to work on /home/airflow/.local/lib/python3.7/site-packages/airflow/example_dags/example_kubernetes_executor.py
[2023-05-20T16:10:22.091+0000] {processor.py:826} INFO - Processing file /home/airflow/.local/lib/python3.7/site-packages/airflow/example_dags/example_kubernetes_executor.py for tasks to queue
[2023-05-20T16:10:22.093+0000] {logging_mixin.py:149} INFO - [2023-05-20T16:10:22.093+0000] {dagbag.py:541} INFO - Filling up the DagBag from /home/airflow/.local/lib/python3.7/site-packages/airflow/example_dags/example_kubernetes_executor.py
[2023-05-20T16:10:22.518+0000] {processor.py:836} INFO - DAG(s) dict_keys(['example_kubernetes_executor']) retrieved from /home/airflow/.local/lib/python3.7/site-packages/airflow/example_dags/example_kubernetes_executor.py
[2023-05-20T16:10:22.593+0000] {logging_mixin.py:149} INFO - [2023-05-20T16:10:22.593+0000] {dag.py:2726} INFO - Sync 1 DAGs
[2023-05-20T16:10:22.645+0000] {logging_mixin.py:149} INFO - [2023-05-20T16:10:22.645+0000] {dag.py:3490} INFO - Setting next_dagrun for example_kubernetes_executor to None, run_after=None
[2023-05-20T16:10:22.693+0000] {processor.py:179} INFO - Processing /home/airflow/.local/lib/python3.7/site-packages/airflow/example_dags/example_kubernetes_executor.py took 0.617 seconds
[2023-05-20T16:10:53.490+0000] {processor.py:157} INFO - Started process (PID=297) to work on /home/airflow/.local/lib/python3.7/site-packages/airflow/example_dags/example_kubernetes_executor.py
[2023-05-20T16:10:53.492+0000] {processor.py:826} INFO - Processing file /home/airflow/.local/lib/python3.7/site-packages/airflow/example_dags/example_kubernetes_executor.py for tasks to queue
[2023-05-20T16:10:53.494+0000] {logging_mixin.py:149} INFO - [2023-05-20T16:10:53.494+0000] {dagbag.py:541} INFO - Filling up the DagBag from /home/airflow/.local/lib/python3.7/site-packages/airflow/example_dags/example_kubernetes_executor.py
[2023-05-20T16:10:53.787+0000] {processor.py:836} INFO - DAG(s) dict_keys(['example_kubernetes_executor']) retrieved from /home/airflow/.local/lib/python3.7/site-packages/airflow/example_dags/example_kubernetes_executor.py
[2023-05-20T16:10:53.849+0000] {logging_mixin.py:149} INFO - [2023-05-20T16:10:53.848+0000] {dag.py:2726} INFO - Sync 1 DAGs
[2023-05-20T16:10:53.890+0000] {logging_mixin.py:149} INFO - [2023-05-20T16:10:53.890+0000] {dag.py:3490} INFO - Setting next_dagrun for example_kubernetes_executor to None, run_after=None
[2023-05-20T16:10:53.924+0000] {processor.py:179} INFO - Processing /home/airflow/.local/lib/python3.7/site-packages/airflow/example_dags/example_kubernetes_executor.py took 0.439 seconds
[2023-05-20T16:11:24.240+0000] {processor.py:157} INFO - Started process (PID=354) to work on /home/airflow/.local/lib/python3.7/site-packages/airflow/example_dags/example_kubernetes_executor.py
[2023-05-20T16:11:24.243+0000] {processor.py:826} INFO - Processing file /home/airflow/.local/lib/python3.7/site-packages/airflow/example_dags/example_kubernetes_executor.py for tasks to queue
[2023-05-20T16:11:24.246+0000] {logging_mixin.py:149} INFO - [2023-05-20T16:11:24.245+0000] {dagbag.py:541} INFO - Filling up the DagBag from /home/airflow/.local/lib/python3.7/site-packages/airflow/example_dags/example_kubernetes_executor.py
[2023-05-20T16:11:24.686+0000] {processor.py:836} INFO - DAG(s) dict_keys(['example_kubernetes_executor']) retrieved from /home/airflow/.local/lib/python3.7/site-packages/airflow/example_dags/example_kubernetes_executor.py
[2023-05-20T16:11:24.770+0000] {logging_mixin.py:149} INFO - [2023-05-20T16:11:24.770+0000] {dag.py:2726} INFO - Sync 1 DAGs
[2023-05-20T16:11:24.827+0000] {logging_mixin.py:149} INFO - [2023-05-20T16:11:24.827+0000] {dag.py:3490} INFO - Setting next_dagrun for example_kubernetes_executor to None, run_after=None
[2023-05-20T16:11:24.873+0000] {processor.py:179} INFO - Processing /home/airflow/.local/lib/python3.7/site-packages/airflow/example_dags/example_kubernetes_executor.py took 0.641 seconds
[2023-05-20T16:11:54.995+0000] {processor.py:157} INFO - Started process (PID=412) to work on /home/airflow/.local/lib/python3.7/site-packages/airflow/example_dags/example_kubernetes_executor.py
[2023-05-20T16:11:54.997+0000] {processor.py:826} INFO - Processing file /home/airflow/.local/lib/python3.7/site-packages/airflow/example_dags/example_kubernetes_executor.py for tasks to queue
[2023-05-20T16:11:54.999+0000] {logging_mixin.py:149} INFO - [2023-05-20T16:11:54.999+0000] {dagbag.py:541} INFO - Filling up the DagBag from /home/airflow/.local/lib/python3.7/site-packages/airflow/example_dags/example_kubernetes_executor.py
[2023-05-20T16:11:55.270+0000] {processor.py:836} INFO - DAG(s) dict_keys(['example_kubernetes_executor']) retrieved from /home/airflow/.local/lib/python3.7/site-packages/airflow/example_dags/example_kubernetes_executor.py
[2023-05-20T16:11:55.327+0000] {logging_mixin.py:149} INFO - [2023-05-20T16:11:55.326+0000] {dag.py:2726} INFO - Sync 1 DAGs
[2023-05-20T16:11:55.365+0000] {logging_mixin.py:149} INFO - [2023-05-20T16:11:55.364+0000] {dag.py:3490} INFO - Setting next_dagrun for example_kubernetes_executor to None, run_after=None
[2023-05-20T16:11:55.393+0000] {processor.py:179} INFO - Processing /home/airflow/.local/lib/python3.7/site-packages/airflow/example_dags/example_kubernetes_executor.py took 0.402 seconds
[2023-05-20T16:12:25.638+0000] {processor.py:157} INFO - Started process (PID=470) to work on /home/airflow/.local/lib/python3.7/site-packages/airflow/example_dags/example_kubernetes_executor.py
[2023-05-20T16:12:25.641+0000] {processor.py:826} INFO - Processing file /home/airflow/.local/lib/python3.7/site-packages/airflow/example_dags/example_kubernetes_executor.py for tasks to queue
[2023-05-20T16:12:25.643+0000] {logging_mixin.py:149} INFO - [2023-05-20T16:12:25.643+0000] {dagbag.py:541} INFO - Filling up the DagBag from /home/airflow/.local/lib/python3.7/site-packages/airflow/example_dags/example_kubernetes_executor.py
[2023-05-20T16:12:26.036+0000] {processor.py:836} INFO - DAG(s) dict_keys(['example_kubernetes_executor']) retrieved from /home/airflow/.local/lib/python3.7/site-packages/airflow/example_dags/example_kubernetes_executor.py
[2023-05-20T16:12:26.104+0000] {logging_mixin.py:149} INFO - [2023-05-20T16:12:26.103+0000] {dag.py:2726} INFO - Sync 1 DAGs
[2023-05-20T16:12:26.145+0000] {logging_mixin.py:149} INFO - [2023-05-20T16:12:26.145+0000] {dag.py:3490} INFO - Setting next_dagrun for example_kubernetes_executor to None, run_after=None
[2023-05-20T16:12:26.175+0000] {processor.py:179} INFO - Processing /home/airflow/.local/lib/python3.7/site-packages/airflow/example_dags/example_kubernetes_executor.py took 0.543 seconds
[2023-05-20T16:12:56.957+0000] {processor.py:157} INFO - Started process (PID=529) to work on /home/airflow/.local/lib/python3.7/site-packages/airflow/example_dags/example_kubernetes_executor.py
[2023-05-20T16:12:56.958+0000] {processor.py:826} INFO - Processing file /home/airflow/.local/lib/python3.7/site-packages/airflow/example_dags/example_kubernetes_executor.py for tasks to queue
[2023-05-20T16:12:56.960+0000] {logging_mixin.py:149} INFO - [2023-05-20T16:12:56.960+0000] {dagbag.py:541} INFO - Filling up the DagBag from /home/airflow/.local/lib/python3.7/site-packages/airflow/example_dags/example_kubernetes_executor.py
[2023-05-20T16:12:57.192+0000] {processor.py:836} INFO - DAG(s) dict_keys(['example_kubernetes_executor']) retrieved from /home/airflow/.local/lib/python3.7/site-packages/airflow/example_dags/example_kubernetes_executor.py
[2023-05-20T16:12:57.237+0000] {logging_mixin.py:149} INFO - [2023-05-20T16:12:57.237+0000] {dag.py:2726} INFO - Sync 1 DAGs
[2023-05-20T16:12:57.268+0000] {logging_mixin.py:149} INFO - [2023-05-20T16:12:57.268+0000] {dag.py:3490} INFO - Setting next_dagrun for example_kubernetes_executor to None, run_after=None
[2023-05-20T16:12:57.291+0000] {processor.py:179} INFO - Processing /home/airflow/.local/lib/python3.7/site-packages/airflow/example_dags/example_kubernetes_executor.py took 0.340 seconds
[2023-05-20T16:13:27.495+0000] {processor.py:157} INFO - Started process (PID=587) to work on /home/airflow/.local/lib/python3.7/site-packages/airflow/example_dags/example_kubernetes_executor.py
[2023-05-20T16:13:27.498+0000] {processor.py:826} INFO - Processing file /home/airflow/.local/lib/python3.7/site-packages/airflow/example_dags/example_kubernetes_executor.py for tasks to queue
[2023-05-20T16:13:27.499+0000] {logging_mixin.py:149} INFO - [2023-05-20T16:13:27.499+0000] {dagbag.py:541} INFO - Filling up the DagBag from /home/airflow/.local/lib/python3.7/site-packages/airflow/example_dags/example_kubernetes_executor.py
[2023-05-20T16:13:27.890+0000] {processor.py:836} INFO - DAG(s) dict_keys(['example_kubernetes_executor']) retrieved from /home/airflow/.local/lib/python3.7/site-packages/airflow/example_dags/example_kubernetes_executor.py
[2023-05-20T16:13:27.947+0000] {logging_mixin.py:149} INFO - [2023-05-20T16:13:27.946+0000] {dag.py:2726} INFO - Sync 1 DAGs
[2023-05-20T16:13:27.994+0000] {logging_mixin.py:149} INFO - [2023-05-20T16:13:27.993+0000] {dag.py:3490} INFO - Setting next_dagrun for example_kubernetes_executor to None, run_after=None
[2023-05-20T16:13:28.082+0000] {processor.py:179} INFO - Processing /home/airflow/.local/lib/python3.7/site-packages/airflow/example_dags/example_kubernetes_executor.py took 0.593 seconds
