[2023-05-20T15:19:49.227+0000] {processor.py:157} INFO - Started process (PID=56) to work on /home/airflow/.local/lib/python3.7/site-packages/airflow/example_dags/example_latest_only.py
[2023-05-20T15:19:49.229+0000] {processor.py:826} INFO - Processing file /home/airflow/.local/lib/python3.7/site-packages/airflow/example_dags/example_latest_only.py for tasks to queue
[2023-05-20T15:19:49.232+0000] {logging_mixin.py:149} INFO - [2023-05-20T15:19:49.231+0000] {dagbag.py:541} INFO - Filling up the DagBag from /home/airflow/.local/lib/python3.7/site-packages/airflow/example_dags/example_latest_only.py
[2023-05-20T15:19:49.243+0000] {processor.py:836} INFO - DAG(s) dict_keys(['latest_only']) retrieved from /home/airflow/.local/lib/python3.7/site-packages/airflow/example_dags/example_latest_only.py
[2023-05-20T15:19:49.267+0000] {logging_mixin.py:149} INFO - [2023-05-20T15:19:49.266+0000] {dag.py:2726} INFO - Sync 1 DAGs
[2023-05-20T15:19:49.320+0000] {logging_mixin.py:149} INFO - [2023-05-20T15:19:49.320+0000] {dag.py:3490} INFO - Setting next_dagrun for latest_only to 2023-05-20T11:19:49.319852+00:00, run_after=2023-05-20T15:19:49.319852+00:00
[2023-05-20T15:19:49.353+0000] {processor.py:179} INFO - Processing /home/airflow/.local/lib/python3.7/site-packages/airflow/example_dags/example_latest_only.py took 0.131 seconds
[2023-05-20T15:20:21.202+0000] {processor.py:157} INFO - Started process (PID=114) to work on /home/airflow/.local/lib/python3.7/site-packages/airflow/example_dags/example_latest_only.py
[2023-05-20T15:20:21.206+0000] {processor.py:826} INFO - Processing file /home/airflow/.local/lib/python3.7/site-packages/airflow/example_dags/example_latest_only.py for tasks to queue
[2023-05-20T15:20:21.208+0000] {logging_mixin.py:149} INFO - [2023-05-20T15:20:21.208+0000] {dagbag.py:541} INFO - Filling up the DagBag from /home/airflow/.local/lib/python3.7/site-packages/airflow/example_dags/example_latest_only.py
[2023-05-20T15:20:21.219+0000] {processor.py:836} INFO - DAG(s) dict_keys(['latest_only']) retrieved from /home/airflow/.local/lib/python3.7/site-packages/airflow/example_dags/example_latest_only.py
[2023-05-20T15:20:21.266+0000] {logging_mixin.py:149} INFO - [2023-05-20T15:20:21.265+0000] {dag.py:2726} INFO - Sync 1 DAGs
[2023-05-20T15:20:21.311+0000] {logging_mixin.py:149} INFO - [2023-05-20T15:20:21.311+0000] {dag.py:3490} INFO - Setting next_dagrun for latest_only to 2023-05-20T11:20:21.310862+00:00, run_after=2023-05-20T15:20:21.310862+00:00
[2023-05-20T15:20:21.343+0000] {processor.py:179} INFO - Processing /home/airflow/.local/lib/python3.7/site-packages/airflow/example_dags/example_latest_only.py took 0.150 seconds
[2023-05-20T15:20:51.491+0000] {processor.py:157} INFO - Started process (PID=172) to work on /home/airflow/.local/lib/python3.7/site-packages/airflow/example_dags/example_latest_only.py
[2023-05-20T15:20:51.493+0000] {processor.py:826} INFO - Processing file /home/airflow/.local/lib/python3.7/site-packages/airflow/example_dags/example_latest_only.py for tasks to queue
[2023-05-20T15:20:51.494+0000] {logging_mixin.py:149} INFO - [2023-05-20T15:20:51.494+0000] {dagbag.py:541} INFO - Filling up the DagBag from /home/airflow/.local/lib/python3.7/site-packages/airflow/example_dags/example_latest_only.py
[2023-05-20T15:20:51.503+0000] {processor.py:836} INFO - DAG(s) dict_keys(['latest_only']) retrieved from /home/airflow/.local/lib/python3.7/site-packages/airflow/example_dags/example_latest_only.py
[2023-05-20T15:20:51.538+0000] {logging_mixin.py:149} INFO - [2023-05-20T15:20:51.537+0000] {dag.py:2726} INFO - Sync 1 DAGs
[2023-05-20T15:20:51.575+0000] {logging_mixin.py:149} INFO - [2023-05-20T15:20:51.575+0000] {dag.py:3490} INFO - Setting next_dagrun for latest_only to 2023-05-20T11:20:51.575030+00:00, run_after=2023-05-20T15:20:51.575030+00:00
[2023-05-20T15:20:51.611+0000] {processor.py:179} INFO - Processing /home/airflow/.local/lib/python3.7/site-packages/airflow/example_dags/example_latest_only.py took 0.124 seconds
[2023-05-20T15:21:22.755+0000] {processor.py:157} INFO - Started process (PID=230) to work on /home/airflow/.local/lib/python3.7/site-packages/airflow/example_dags/example_latest_only.py
[2023-05-20T15:21:22.758+0000] {processor.py:826} INFO - Processing file /home/airflow/.local/lib/python3.7/site-packages/airflow/example_dags/example_latest_only.py for tasks to queue
[2023-05-20T15:21:22.760+0000] {logging_mixin.py:149} INFO - [2023-05-20T15:21:22.759+0000] {dagbag.py:541} INFO - Filling up the DagBag from /home/airflow/.local/lib/python3.7/site-packages/airflow/example_dags/example_latest_only.py
[2023-05-20T15:21:22.770+0000] {processor.py:836} INFO - DAG(s) dict_keys(['latest_only']) retrieved from /home/airflow/.local/lib/python3.7/site-packages/airflow/example_dags/example_latest_only.py
[2023-05-20T15:21:22.811+0000] {logging_mixin.py:149} INFO - [2023-05-20T15:21:22.811+0000] {dag.py:2726} INFO - Sync 1 DAGs
[2023-05-20T15:21:22.861+0000] {logging_mixin.py:149} INFO - [2023-05-20T15:21:22.860+0000] {dag.py:3490} INFO - Setting next_dagrun for latest_only to 2023-05-20T11:21:22.859914+00:00, run_after=2023-05-20T15:21:22.859914+00:00
[2023-05-20T15:21:22.895+0000] {processor.py:179} INFO - Processing /home/airflow/.local/lib/python3.7/site-packages/airflow/example_dags/example_latest_only.py took 0.146 seconds
[2023-05-20T15:21:53.185+0000] {processor.py:157} INFO - Started process (PID=288) to work on /home/airflow/.local/lib/python3.7/site-packages/airflow/example_dags/example_latest_only.py
[2023-05-20T15:21:53.188+0000] {processor.py:826} INFO - Processing file /home/airflow/.local/lib/python3.7/site-packages/airflow/example_dags/example_latest_only.py for tasks to queue
[2023-05-20T15:21:53.190+0000] {logging_mixin.py:149} INFO - [2023-05-20T15:21:53.190+0000] {dagbag.py:541} INFO - Filling up the DagBag from /home/airflow/.local/lib/python3.7/site-packages/airflow/example_dags/example_latest_only.py
[2023-05-20T15:21:53.204+0000] {processor.py:836} INFO - DAG(s) dict_keys(['latest_only']) retrieved from /home/airflow/.local/lib/python3.7/site-packages/airflow/example_dags/example_latest_only.py
[2023-05-20T15:21:53.245+0000] {logging_mixin.py:149} INFO - [2023-05-20T15:21:53.245+0000] {dag.py:2726} INFO - Sync 1 DAGs
[2023-05-20T15:21:53.286+0000] {logging_mixin.py:149} INFO - [2023-05-20T15:21:53.286+0000] {dag.py:3490} INFO - Setting next_dagrun for latest_only to 2023-05-20T11:21:53.285701+00:00, run_after=2023-05-20T15:21:53.285701+00:00
[2023-05-20T15:21:53.314+0000] {processor.py:179} INFO - Processing /home/airflow/.local/lib/python3.7/site-packages/airflow/example_dags/example_latest_only.py took 0.134 seconds
[2023-05-20T15:22:24.253+0000] {processor.py:157} INFO - Started process (PID=346) to work on /home/airflow/.local/lib/python3.7/site-packages/airflow/example_dags/example_latest_only.py
[2023-05-20T15:22:24.256+0000] {processor.py:826} INFO - Processing file /home/airflow/.local/lib/python3.7/site-packages/airflow/example_dags/example_latest_only.py for tasks to queue
[2023-05-20T15:22:24.258+0000] {logging_mixin.py:149} INFO - [2023-05-20T15:22:24.257+0000] {dagbag.py:541} INFO - Filling up the DagBag from /home/airflow/.local/lib/python3.7/site-packages/airflow/example_dags/example_latest_only.py
[2023-05-20T15:22:24.271+0000] {processor.py:836} INFO - DAG(s) dict_keys(['latest_only']) retrieved from /home/airflow/.local/lib/python3.7/site-packages/airflow/example_dags/example_latest_only.py
[2023-05-20T15:22:24.310+0000] {logging_mixin.py:149} INFO - [2023-05-20T15:22:24.310+0000] {dag.py:2726} INFO - Sync 1 DAGs
[2023-05-20T15:22:24.359+0000] {logging_mixin.py:149} INFO - [2023-05-20T15:22:24.358+0000] {dag.py:3490} INFO - Setting next_dagrun for latest_only to 2023-05-20T11:22:24.358435+00:00, run_after=2023-05-20T15:22:24.358435+00:00
[2023-05-20T15:22:24.400+0000] {processor.py:179} INFO - Processing /home/airflow/.local/lib/python3.7/site-packages/airflow/example_dags/example_latest_only.py took 0.152 seconds
[2023-05-20T15:22:54.836+0000] {processor.py:157} INFO - Started process (PID=404) to work on /home/airflow/.local/lib/python3.7/site-packages/airflow/example_dags/example_latest_only.py
[2023-05-20T15:22:54.839+0000] {processor.py:826} INFO - Processing file /home/airflow/.local/lib/python3.7/site-packages/airflow/example_dags/example_latest_only.py for tasks to queue
[2023-05-20T15:22:54.840+0000] {logging_mixin.py:149} INFO - [2023-05-20T15:22:54.840+0000] {dagbag.py:541} INFO - Filling up the DagBag from /home/airflow/.local/lib/python3.7/site-packages/airflow/example_dags/example_latest_only.py
[2023-05-20T15:22:54.849+0000] {processor.py:836} INFO - DAG(s) dict_keys(['latest_only']) retrieved from /home/airflow/.local/lib/python3.7/site-packages/airflow/example_dags/example_latest_only.py
[2023-05-20T15:22:54.883+0000] {logging_mixin.py:149} INFO - [2023-05-20T15:22:54.883+0000] {dag.py:2726} INFO - Sync 1 DAGs
[2023-05-20T15:22:54.916+0000] {logging_mixin.py:149} INFO - [2023-05-20T15:22:54.916+0000] {dag.py:3490} INFO - Setting next_dagrun for latest_only to 2023-05-20T11:22:54.915949+00:00, run_after=2023-05-20T15:22:54.915949+00:00
[2023-05-20T15:22:54.945+0000] {processor.py:179} INFO - Processing /home/airflow/.local/lib/python3.7/site-packages/airflow/example_dags/example_latest_only.py took 0.114 seconds
[2023-05-20T15:23:25.153+0000] {processor.py:157} INFO - Started process (PID=462) to work on /home/airflow/.local/lib/python3.7/site-packages/airflow/example_dags/example_latest_only.py
[2023-05-20T15:23:25.155+0000] {processor.py:826} INFO - Processing file /home/airflow/.local/lib/python3.7/site-packages/airflow/example_dags/example_latest_only.py for tasks to queue
[2023-05-20T15:23:25.157+0000] {logging_mixin.py:149} INFO - [2023-05-20T15:23:25.156+0000] {dagbag.py:541} INFO - Filling up the DagBag from /home/airflow/.local/lib/python3.7/site-packages/airflow/example_dags/example_latest_only.py
[2023-05-20T15:23:25.167+0000] {processor.py:836} INFO - DAG(s) dict_keys(['latest_only']) retrieved from /home/airflow/.local/lib/python3.7/site-packages/airflow/example_dags/example_latest_only.py
[2023-05-20T15:23:25.200+0000] {logging_mixin.py:149} INFO - [2023-05-20T15:23:25.200+0000] {dag.py:2726} INFO - Sync 1 DAGs
[2023-05-20T15:23:25.237+0000] {logging_mixin.py:149} INFO - [2023-05-20T15:23:25.237+0000] {dag.py:3490} INFO - Setting next_dagrun for latest_only to 2023-05-20T11:23:25.237297+00:00, run_after=2023-05-20T15:23:25.237297+00:00
[2023-05-20T15:23:25.260+0000] {processor.py:179} INFO - Processing /home/airflow/.local/lib/python3.7/site-packages/airflow/example_dags/example_latest_only.py took 0.111 seconds
[2023-05-20T15:23:56.536+0000] {processor.py:157} INFO - Started process (PID=520) to work on /home/airflow/.local/lib/python3.7/site-packages/airflow/example_dags/example_latest_only.py
[2023-05-20T15:23:56.538+0000] {processor.py:826} INFO - Processing file /home/airflow/.local/lib/python3.7/site-packages/airflow/example_dags/example_latest_only.py for tasks to queue
[2023-05-20T15:23:56.540+0000] {logging_mixin.py:149} INFO - [2023-05-20T15:23:56.539+0000] {dagbag.py:541} INFO - Filling up the DagBag from /home/airflow/.local/lib/python3.7/site-packages/airflow/example_dags/example_latest_only.py
[2023-05-20T15:23:56.549+0000] {processor.py:836} INFO - DAG(s) dict_keys(['latest_only']) retrieved from /home/airflow/.local/lib/python3.7/site-packages/airflow/example_dags/example_latest_only.py
[2023-05-20T15:23:56.584+0000] {logging_mixin.py:149} INFO - [2023-05-20T15:23:56.584+0000] {dag.py:2726} INFO - Sync 1 DAGs
[2023-05-20T15:23:56.618+0000] {logging_mixin.py:149} INFO - [2023-05-20T15:23:56.618+0000] {dag.py:3490} INFO - Setting next_dagrun for latest_only to 2023-05-20T11:23:56.618079+00:00, run_after=2023-05-20T15:23:56.618079+00:00
[2023-05-20T15:23:56.646+0000] {processor.py:179} INFO - Processing /home/airflow/.local/lib/python3.7/site-packages/airflow/example_dags/example_latest_only.py took 0.115 seconds
[2023-05-20T15:24:27.141+0000] {processor.py:157} INFO - Started process (PID=578) to work on /home/airflow/.local/lib/python3.7/site-packages/airflow/example_dags/example_latest_only.py
[2023-05-20T15:24:27.144+0000] {processor.py:826} INFO - Processing file /home/airflow/.local/lib/python3.7/site-packages/airflow/example_dags/example_latest_only.py for tasks to queue
[2023-05-20T15:24:27.146+0000] {logging_mixin.py:149} INFO - [2023-05-20T15:24:27.146+0000] {dagbag.py:541} INFO - Filling up the DagBag from /home/airflow/.local/lib/python3.7/site-packages/airflow/example_dags/example_latest_only.py
[2023-05-20T15:24:27.154+0000] {processor.py:836} INFO - DAG(s) dict_keys(['latest_only']) retrieved from /home/airflow/.local/lib/python3.7/site-packages/airflow/example_dags/example_latest_only.py
[2023-05-20T15:24:27.184+0000] {logging_mixin.py:149} INFO - [2023-05-20T15:24:27.184+0000] {dag.py:2726} INFO - Sync 1 DAGs
[2023-05-20T15:24:27.214+0000] {logging_mixin.py:149} INFO - [2023-05-20T15:24:27.213+0000] {dag.py:3490} INFO - Setting next_dagrun for latest_only to 2023-05-20T11:24:27.213637+00:00, run_after=2023-05-20T15:24:27.213637+00:00
[2023-05-20T15:24:27.239+0000] {processor.py:179} INFO - Processing /home/airflow/.local/lib/python3.7/site-packages/airflow/example_dags/example_latest_only.py took 0.103 seconds
[2023-05-20T15:24:57.619+0000] {processor.py:157} INFO - Started process (PID=636) to work on /home/airflow/.local/lib/python3.7/site-packages/airflow/example_dags/example_latest_only.py
[2023-05-20T15:24:57.621+0000] {processor.py:826} INFO - Processing file /home/airflow/.local/lib/python3.7/site-packages/airflow/example_dags/example_latest_only.py for tasks to queue
[2023-05-20T15:24:57.623+0000] {logging_mixin.py:149} INFO - [2023-05-20T15:24:57.623+0000] {dagbag.py:541} INFO - Filling up the DagBag from /home/airflow/.local/lib/python3.7/site-packages/airflow/example_dags/example_latest_only.py
[2023-05-20T15:24:57.633+0000] {processor.py:836} INFO - DAG(s) dict_keys(['latest_only']) retrieved from /home/airflow/.local/lib/python3.7/site-packages/airflow/example_dags/example_latest_only.py
[2023-05-20T15:24:57.662+0000] {logging_mixin.py:149} INFO - [2023-05-20T15:24:57.662+0000] {dag.py:2726} INFO - Sync 1 DAGs
[2023-05-20T15:24:57.694+0000] {logging_mixin.py:149} INFO - [2023-05-20T15:24:57.694+0000] {dag.py:3490} INFO - Setting next_dagrun for latest_only to 2023-05-20T11:24:57.694366+00:00, run_after=2023-05-20T15:24:57.694366+00:00
[2023-05-20T15:24:57.768+0000] {processor.py:179} INFO - Processing /home/airflow/.local/lib/python3.7/site-packages/airflow/example_dags/example_latest_only.py took 0.154 seconds
[2023-05-20T15:25:28.362+0000] {processor.py:157} INFO - Started process (PID=694) to work on /home/airflow/.local/lib/python3.7/site-packages/airflow/example_dags/example_latest_only.py
[2023-05-20T15:25:28.364+0000] {processor.py:826} INFO - Processing file /home/airflow/.local/lib/python3.7/site-packages/airflow/example_dags/example_latest_only.py for tasks to queue
[2023-05-20T15:25:28.366+0000] {logging_mixin.py:149} INFO - [2023-05-20T15:25:28.366+0000] {dagbag.py:541} INFO - Filling up the DagBag from /home/airflow/.local/lib/python3.7/site-packages/airflow/example_dags/example_latest_only.py
[2023-05-20T15:25:28.374+0000] {processor.py:836} INFO - DAG(s) dict_keys(['latest_only']) retrieved from /home/airflow/.local/lib/python3.7/site-packages/airflow/example_dags/example_latest_only.py
[2023-05-20T15:25:28.406+0000] {logging_mixin.py:149} INFO - [2023-05-20T15:25:28.406+0000] {dag.py:2726} INFO - Sync 1 DAGs
[2023-05-20T15:25:28.439+0000] {logging_mixin.py:149} INFO - [2023-05-20T15:25:28.439+0000] {dag.py:3490} INFO - Setting next_dagrun for latest_only to 2023-05-20T11:25:28.438729+00:00, run_after=2023-05-20T15:25:28.438729+00:00
[2023-05-20T15:25:28.463+0000] {processor.py:179} INFO - Processing /home/airflow/.local/lib/python3.7/site-packages/airflow/example_dags/example_latest_only.py took 0.105 seconds
[2023-05-20T15:25:58.918+0000] {processor.py:157} INFO - Started process (PID=752) to work on /home/airflow/.local/lib/python3.7/site-packages/airflow/example_dags/example_latest_only.py
[2023-05-20T15:25:58.920+0000] {processor.py:826} INFO - Processing file /home/airflow/.local/lib/python3.7/site-packages/airflow/example_dags/example_latest_only.py for tasks to queue
[2023-05-20T15:25:58.922+0000] {logging_mixin.py:149} INFO - [2023-05-20T15:25:58.922+0000] {dagbag.py:541} INFO - Filling up the DagBag from /home/airflow/.local/lib/python3.7/site-packages/airflow/example_dags/example_latest_only.py
[2023-05-20T15:25:58.930+0000] {processor.py:836} INFO - DAG(s) dict_keys(['latest_only']) retrieved from /home/airflow/.local/lib/python3.7/site-packages/airflow/example_dags/example_latest_only.py
[2023-05-20T15:25:58.965+0000] {logging_mixin.py:149} INFO - [2023-05-20T15:25:58.965+0000] {dag.py:2726} INFO - Sync 1 DAGs
[2023-05-20T15:25:58.999+0000] {logging_mixin.py:149} INFO - [2023-05-20T15:25:58.999+0000] {dag.py:3490} INFO - Setting next_dagrun for latest_only to 2023-05-20T11:25:58.998966+00:00, run_after=2023-05-20T15:25:58.998966+00:00
[2023-05-20T15:25:59.027+0000] {processor.py:179} INFO - Processing /home/airflow/.local/lib/python3.7/site-packages/airflow/example_dags/example_latest_only.py took 0.114 seconds
[2023-05-20T15:26:30.030+0000] {processor.py:157} INFO - Started process (PID=810) to work on /home/airflow/.local/lib/python3.7/site-packages/airflow/example_dags/example_latest_only.py
[2023-05-20T15:26:30.032+0000] {processor.py:826} INFO - Processing file /home/airflow/.local/lib/python3.7/site-packages/airflow/example_dags/example_latest_only.py for tasks to queue
[2023-05-20T15:26:30.033+0000] {logging_mixin.py:149} INFO - [2023-05-20T15:26:30.033+0000] {dagbag.py:541} INFO - Filling up the DagBag from /home/airflow/.local/lib/python3.7/site-packages/airflow/example_dags/example_latest_only.py
[2023-05-20T15:26:30.040+0000] {processor.py:836} INFO - DAG(s) dict_keys(['latest_only']) retrieved from /home/airflow/.local/lib/python3.7/site-packages/airflow/example_dags/example_latest_only.py
[2023-05-20T15:26:30.069+0000] {logging_mixin.py:149} INFO - [2023-05-20T15:26:30.068+0000] {dag.py:2726} INFO - Sync 1 DAGs
[2023-05-20T15:26:30.099+0000] {logging_mixin.py:149} INFO - [2023-05-20T15:26:30.099+0000] {dag.py:3490} INFO - Setting next_dagrun for latest_only to 2023-05-20T11:26:30.099290+00:00, run_after=2023-05-20T15:26:30.099290+00:00
[2023-05-20T15:26:30.128+0000] {processor.py:179} INFO - Processing /home/airflow/.local/lib/python3.7/site-packages/airflow/example_dags/example_latest_only.py took 0.102 seconds
[2023-05-20T15:27:00.468+0000] {processor.py:157} INFO - Started process (PID=868) to work on /home/airflow/.local/lib/python3.7/site-packages/airflow/example_dags/example_latest_only.py
[2023-05-20T15:27:00.470+0000] {processor.py:826} INFO - Processing file /home/airflow/.local/lib/python3.7/site-packages/airflow/example_dags/example_latest_only.py for tasks to queue
[2023-05-20T15:27:00.473+0000] {logging_mixin.py:149} INFO - [2023-05-20T15:27:00.472+0000] {dagbag.py:541} INFO - Filling up the DagBag from /home/airflow/.local/lib/python3.7/site-packages/airflow/example_dags/example_latest_only.py
[2023-05-20T15:27:00.483+0000] {processor.py:836} INFO - DAG(s) dict_keys(['latest_only']) retrieved from /home/airflow/.local/lib/python3.7/site-packages/airflow/example_dags/example_latest_only.py
[2023-05-20T15:27:00.523+0000] {logging_mixin.py:149} INFO - [2023-05-20T15:27:00.522+0000] {dag.py:2726} INFO - Sync 1 DAGs
[2023-05-20T15:27:00.578+0000] {logging_mixin.py:149} INFO - [2023-05-20T15:27:00.577+0000] {dag.py:3490} INFO - Setting next_dagrun for latest_only to 2023-05-20T11:27:00.577615+00:00, run_after=2023-05-20T15:27:00.577615+00:00
[2023-05-20T15:27:00.614+0000] {processor.py:179} INFO - Processing /home/airflow/.local/lib/python3.7/site-packages/airflow/example_dags/example_latest_only.py took 0.151 seconds
[2023-05-20T15:27:31.053+0000] {processor.py:157} INFO - Started process (PID=926) to work on /home/airflow/.local/lib/python3.7/site-packages/airflow/example_dags/example_latest_only.py
[2023-05-20T15:27:31.055+0000] {processor.py:826} INFO - Processing file /home/airflow/.local/lib/python3.7/site-packages/airflow/example_dags/example_latest_only.py for tasks to queue
[2023-05-20T15:27:31.056+0000] {logging_mixin.py:149} INFO - [2023-05-20T15:27:31.056+0000] {dagbag.py:541} INFO - Filling up the DagBag from /home/airflow/.local/lib/python3.7/site-packages/airflow/example_dags/example_latest_only.py
[2023-05-20T15:27:31.065+0000] {processor.py:836} INFO - DAG(s) dict_keys(['latest_only']) retrieved from /home/airflow/.local/lib/python3.7/site-packages/airflow/example_dags/example_latest_only.py
[2023-05-20T15:27:31.097+0000] {logging_mixin.py:149} INFO - [2023-05-20T15:27:31.096+0000] {dag.py:2726} INFO - Sync 1 DAGs
[2023-05-20T15:27:31.131+0000] {logging_mixin.py:149} INFO - [2023-05-20T15:27:31.131+0000] {dag.py:3490} INFO - Setting next_dagrun for latest_only to 2023-05-20T11:27:31.131085+00:00, run_after=2023-05-20T15:27:31.131085+00:00
[2023-05-20T15:27:31.156+0000] {processor.py:179} INFO - Processing /home/airflow/.local/lib/python3.7/site-packages/airflow/example_dags/example_latest_only.py took 0.107 seconds
[2023-05-20T15:28:01.538+0000] {processor.py:157} INFO - Started process (PID=984) to work on /home/airflow/.local/lib/python3.7/site-packages/airflow/example_dags/example_latest_only.py
[2023-05-20T15:28:01.541+0000] {processor.py:826} INFO - Processing file /home/airflow/.local/lib/python3.7/site-packages/airflow/example_dags/example_latest_only.py for tasks to queue
[2023-05-20T15:28:01.543+0000] {logging_mixin.py:149} INFO - [2023-05-20T15:28:01.542+0000] {dagbag.py:541} INFO - Filling up the DagBag from /home/airflow/.local/lib/python3.7/site-packages/airflow/example_dags/example_latest_only.py
[2023-05-20T15:28:01.552+0000] {processor.py:836} INFO - DAG(s) dict_keys(['latest_only']) retrieved from /home/airflow/.local/lib/python3.7/site-packages/airflow/example_dags/example_latest_only.py
[2023-05-20T15:28:01.587+0000] {logging_mixin.py:149} INFO - [2023-05-20T15:28:01.587+0000] {dag.py:2726} INFO - Sync 1 DAGs
[2023-05-20T15:28:01.634+0000] {logging_mixin.py:149} INFO - [2023-05-20T15:28:01.633+0000] {dag.py:3490} INFO - Setting next_dagrun for latest_only to 2023-05-20T11:28:01.633440+00:00, run_after=2023-05-20T15:28:01.633440+00:00
[2023-05-20T15:28:01.670+0000] {processor.py:179} INFO - Processing /home/airflow/.local/lib/python3.7/site-packages/airflow/example_dags/example_latest_only.py took 0.137 seconds
[2023-05-20T15:28:32.705+0000] {processor.py:157} INFO - Started process (PID=1042) to work on /home/airflow/.local/lib/python3.7/site-packages/airflow/example_dags/example_latest_only.py
[2023-05-20T15:28:32.707+0000] {processor.py:826} INFO - Processing file /home/airflow/.local/lib/python3.7/site-packages/airflow/example_dags/example_latest_only.py for tasks to queue
[2023-05-20T15:28:32.708+0000] {logging_mixin.py:149} INFO - [2023-05-20T15:28:32.708+0000] {dagbag.py:541} INFO - Filling up the DagBag from /home/airflow/.local/lib/python3.7/site-packages/airflow/example_dags/example_latest_only.py
[2023-05-20T15:28:32.715+0000] {processor.py:836} INFO - DAG(s) dict_keys(['latest_only']) retrieved from /home/airflow/.local/lib/python3.7/site-packages/airflow/example_dags/example_latest_only.py
[2023-05-20T15:28:32.744+0000] {logging_mixin.py:149} INFO - [2023-05-20T15:28:32.743+0000] {dag.py:2726} INFO - Sync 1 DAGs
[2023-05-20T15:28:32.777+0000] {logging_mixin.py:149} INFO - [2023-05-20T15:28:32.777+0000] {dag.py:3490} INFO - Setting next_dagrun for latest_only to 2023-05-20T11:28:32.776797+00:00, run_after=2023-05-20T15:28:32.776797+00:00
[2023-05-20T15:28:32.801+0000] {processor.py:179} INFO - Processing /home/airflow/.local/lib/python3.7/site-packages/airflow/example_dags/example_latest_only.py took 0.100 seconds
[2023-05-20T15:29:03.196+0000] {processor.py:157} INFO - Started process (PID=1100) to work on /home/airflow/.local/lib/python3.7/site-packages/airflow/example_dags/example_latest_only.py
[2023-05-20T15:29:03.198+0000] {processor.py:826} INFO - Processing file /home/airflow/.local/lib/python3.7/site-packages/airflow/example_dags/example_latest_only.py for tasks to queue
[2023-05-20T15:29:03.200+0000] {logging_mixin.py:149} INFO - [2023-05-20T15:29:03.200+0000] {dagbag.py:541} INFO - Filling up the DagBag from /home/airflow/.local/lib/python3.7/site-packages/airflow/example_dags/example_latest_only.py
[2023-05-20T15:29:03.208+0000] {processor.py:836} INFO - DAG(s) dict_keys(['latest_only']) retrieved from /home/airflow/.local/lib/python3.7/site-packages/airflow/example_dags/example_latest_only.py
[2023-05-20T15:29:03.239+0000] {logging_mixin.py:149} INFO - [2023-05-20T15:29:03.239+0000] {dag.py:2726} INFO - Sync 1 DAGs
[2023-05-20T15:29:03.273+0000] {logging_mixin.py:149} INFO - [2023-05-20T15:29:03.273+0000] {dag.py:3490} INFO - Setting next_dagrun for latest_only to 2023-05-20T11:29:03.272752+00:00, run_after=2023-05-20T15:29:03.272752+00:00
[2023-05-20T15:29:03.296+0000] {processor.py:179} INFO - Processing /home/airflow/.local/lib/python3.7/site-packages/airflow/example_dags/example_latest_only.py took 0.104 seconds
[2023-05-20T15:29:33.446+0000] {processor.py:157} INFO - Started process (PID=1158) to work on /home/airflow/.local/lib/python3.7/site-packages/airflow/example_dags/example_latest_only.py
[2023-05-20T15:29:33.448+0000] {processor.py:826} INFO - Processing file /home/airflow/.local/lib/python3.7/site-packages/airflow/example_dags/example_latest_only.py for tasks to queue
[2023-05-20T15:29:33.450+0000] {logging_mixin.py:149} INFO - [2023-05-20T15:29:33.450+0000] {dagbag.py:541} INFO - Filling up the DagBag from /home/airflow/.local/lib/python3.7/site-packages/airflow/example_dags/example_latest_only.py
[2023-05-20T15:29:33.462+0000] {processor.py:836} INFO - DAG(s) dict_keys(['latest_only']) retrieved from /home/airflow/.local/lib/python3.7/site-packages/airflow/example_dags/example_latest_only.py
[2023-05-20T15:29:33.509+0000] {logging_mixin.py:149} INFO - [2023-05-20T15:29:33.508+0000] {dag.py:2726} INFO - Sync 1 DAGs
[2023-05-20T15:29:33.554+0000] {logging_mixin.py:149} INFO - [2023-05-20T15:29:33.554+0000] {dag.py:3490} INFO - Setting next_dagrun for latest_only to 2023-05-20T11:29:33.554315+00:00, run_after=2023-05-20T15:29:33.554315+00:00
[2023-05-20T15:29:33.584+0000] {processor.py:179} INFO - Processing /home/airflow/.local/lib/python3.7/site-packages/airflow/example_dags/example_latest_only.py took 0.144 seconds
[2023-05-20T15:30:03.732+0000] {processor.py:157} INFO - Started process (PID=1216) to work on /home/airflow/.local/lib/python3.7/site-packages/airflow/example_dags/example_latest_only.py
[2023-05-20T15:30:03.735+0000] {processor.py:826} INFO - Processing file /home/airflow/.local/lib/python3.7/site-packages/airflow/example_dags/example_latest_only.py for tasks to queue
[2023-05-20T15:30:03.737+0000] {logging_mixin.py:149} INFO - [2023-05-20T15:30:03.737+0000] {dagbag.py:541} INFO - Filling up the DagBag from /home/airflow/.local/lib/python3.7/site-packages/airflow/example_dags/example_latest_only.py
[2023-05-20T15:30:03.747+0000] {processor.py:836} INFO - DAG(s) dict_keys(['latest_only']) retrieved from /home/airflow/.local/lib/python3.7/site-packages/airflow/example_dags/example_latest_only.py
[2023-05-20T15:30:03.798+0000] {logging_mixin.py:149} INFO - [2023-05-20T15:30:03.797+0000] {dag.py:2726} INFO - Sync 1 DAGs
[2023-05-20T15:30:03.839+0000] {logging_mixin.py:149} INFO - [2023-05-20T15:30:03.839+0000] {dag.py:3490} INFO - Setting next_dagrun for latest_only to 2023-05-20T11:30:03.838928+00:00, run_after=2023-05-20T15:30:03.838928+00:00
[2023-05-20T15:30:03.867+0000] {processor.py:179} INFO - Processing /home/airflow/.local/lib/python3.7/site-packages/airflow/example_dags/example_latest_only.py took 0.141 seconds
[2023-05-20T15:30:34.005+0000] {processor.py:157} INFO - Started process (PID=1274) to work on /home/airflow/.local/lib/python3.7/site-packages/airflow/example_dags/example_latest_only.py
[2023-05-20T15:30:34.006+0000] {processor.py:826} INFO - Processing file /home/airflow/.local/lib/python3.7/site-packages/airflow/example_dags/example_latest_only.py for tasks to queue
[2023-05-20T15:30:34.008+0000] {logging_mixin.py:149} INFO - [2023-05-20T15:30:34.007+0000] {dagbag.py:541} INFO - Filling up the DagBag from /home/airflow/.local/lib/python3.7/site-packages/airflow/example_dags/example_latest_only.py
[2023-05-20T15:30:34.015+0000] {processor.py:836} INFO - DAG(s) dict_keys(['latest_only']) retrieved from /home/airflow/.local/lib/python3.7/site-packages/airflow/example_dags/example_latest_only.py
[2023-05-20T15:30:34.045+0000] {logging_mixin.py:149} INFO - [2023-05-20T15:30:34.045+0000] {dag.py:2726} INFO - Sync 1 DAGs
[2023-05-20T15:30:34.073+0000] {logging_mixin.py:149} INFO - [2023-05-20T15:30:34.073+0000] {dag.py:3490} INFO - Setting next_dagrun for latest_only to 2023-05-20T11:30:34.072988+00:00, run_after=2023-05-20T15:30:34.072988+00:00
[2023-05-20T15:30:34.095+0000] {processor.py:179} INFO - Processing /home/airflow/.local/lib/python3.7/site-packages/airflow/example_dags/example_latest_only.py took 0.095 seconds
[2023-05-20T15:31:04.375+0000] {processor.py:157} INFO - Started process (PID=1332) to work on /home/airflow/.local/lib/python3.7/site-packages/airflow/example_dags/example_latest_only.py
[2023-05-20T15:31:04.377+0000] {processor.py:826} INFO - Processing file /home/airflow/.local/lib/python3.7/site-packages/airflow/example_dags/example_latest_only.py for tasks to queue
[2023-05-20T15:31:04.380+0000] {logging_mixin.py:149} INFO - [2023-05-20T15:31:04.379+0000] {dagbag.py:541} INFO - Filling up the DagBag from /home/airflow/.local/lib/python3.7/site-packages/airflow/example_dags/example_latest_only.py
[2023-05-20T15:31:04.388+0000] {processor.py:836} INFO - DAG(s) dict_keys(['latest_only']) retrieved from /home/airflow/.local/lib/python3.7/site-packages/airflow/example_dags/example_latest_only.py
[2023-05-20T15:31:04.427+0000] {logging_mixin.py:149} INFO - [2023-05-20T15:31:04.426+0000] {dag.py:2726} INFO - Sync 1 DAGs
[2023-05-20T15:31:04.470+0000] {logging_mixin.py:149} INFO - [2023-05-20T15:31:04.470+0000] {dag.py:3490} INFO - Setting next_dagrun for latest_only to 2023-05-20T11:31:04.470005+00:00, run_after=2023-05-20T15:31:04.470005+00:00
[2023-05-20T15:31:04.497+0000] {processor.py:179} INFO - Processing /home/airflow/.local/lib/python3.7/site-packages/airflow/example_dags/example_latest_only.py took 0.126 seconds
[2023-05-20T15:31:34.898+0000] {processor.py:157} INFO - Started process (PID=1390) to work on /home/airflow/.local/lib/python3.7/site-packages/airflow/example_dags/example_latest_only.py
[2023-05-20T15:31:34.900+0000] {processor.py:826} INFO - Processing file /home/airflow/.local/lib/python3.7/site-packages/airflow/example_dags/example_latest_only.py for tasks to queue
[2023-05-20T15:31:34.902+0000] {logging_mixin.py:149} INFO - [2023-05-20T15:31:34.902+0000] {dagbag.py:541} INFO - Filling up the DagBag from /home/airflow/.local/lib/python3.7/site-packages/airflow/example_dags/example_latest_only.py
[2023-05-20T15:31:34.911+0000] {processor.py:836} INFO - DAG(s) dict_keys(['latest_only']) retrieved from /home/airflow/.local/lib/python3.7/site-packages/airflow/example_dags/example_latest_only.py
[2023-05-20T15:31:34.949+0000] {logging_mixin.py:149} INFO - [2023-05-20T15:31:34.949+0000] {dag.py:2726} INFO - Sync 1 DAGs
[2023-05-20T15:31:34.992+0000] {logging_mixin.py:149} INFO - [2023-05-20T15:31:34.992+0000] {dag.py:3490} INFO - Setting next_dagrun for latest_only to 2023-05-20T11:31:34.991662+00:00, run_after=2023-05-20T15:31:34.991662+00:00
[2023-05-20T15:31:35.026+0000] {processor.py:179} INFO - Processing /home/airflow/.local/lib/python3.7/site-packages/airflow/example_dags/example_latest_only.py took 0.133 seconds
[2023-05-20T15:32:05.882+0000] {processor.py:157} INFO - Started process (PID=1448) to work on /home/airflow/.local/lib/python3.7/site-packages/airflow/example_dags/example_latest_only.py
[2023-05-20T15:32:05.884+0000] {processor.py:826} INFO - Processing file /home/airflow/.local/lib/python3.7/site-packages/airflow/example_dags/example_latest_only.py for tasks to queue
[2023-05-20T15:32:05.885+0000] {logging_mixin.py:149} INFO - [2023-05-20T15:32:05.885+0000] {dagbag.py:541} INFO - Filling up the DagBag from /home/airflow/.local/lib/python3.7/site-packages/airflow/example_dags/example_latest_only.py
[2023-05-20T15:32:05.894+0000] {processor.py:836} INFO - DAG(s) dict_keys(['latest_only']) retrieved from /home/airflow/.local/lib/python3.7/site-packages/airflow/example_dags/example_latest_only.py
[2023-05-20T15:32:05.924+0000] {logging_mixin.py:149} INFO - [2023-05-20T15:32:05.924+0000] {dag.py:2726} INFO - Sync 1 DAGs
[2023-05-20T15:32:05.970+0000] {logging_mixin.py:149} INFO - [2023-05-20T15:32:05.970+0000] {dag.py:3490} INFO - Setting next_dagrun for latest_only to 2023-05-20T11:32:05.969881+00:00, run_after=2023-05-20T15:32:05.969881+00:00
[2023-05-20T15:32:05.999+0000] {processor.py:179} INFO - Processing /home/airflow/.local/lib/python3.7/site-packages/airflow/example_dags/example_latest_only.py took 0.121 seconds
[2023-05-20T15:32:36.354+0000] {processor.py:157} INFO - Started process (PID=1506) to work on /home/airflow/.local/lib/python3.7/site-packages/airflow/example_dags/example_latest_only.py
[2023-05-20T15:32:36.356+0000] {processor.py:826} INFO - Processing file /home/airflow/.local/lib/python3.7/site-packages/airflow/example_dags/example_latest_only.py for tasks to queue
[2023-05-20T15:32:36.357+0000] {logging_mixin.py:149} INFO - [2023-05-20T15:32:36.357+0000] {dagbag.py:541} INFO - Filling up the DagBag from /home/airflow/.local/lib/python3.7/site-packages/airflow/example_dags/example_latest_only.py
[2023-05-20T15:32:36.364+0000] {processor.py:836} INFO - DAG(s) dict_keys(['latest_only']) retrieved from /home/airflow/.local/lib/python3.7/site-packages/airflow/example_dags/example_latest_only.py
[2023-05-20T15:32:36.394+0000] {logging_mixin.py:149} INFO - [2023-05-20T15:32:36.394+0000] {dag.py:2726} INFO - Sync 1 DAGs
[2023-05-20T15:32:36.429+0000] {logging_mixin.py:149} INFO - [2023-05-20T15:32:36.428+0000] {dag.py:3490} INFO - Setting next_dagrun for latest_only to 2023-05-20T11:32:36.428650+00:00, run_after=2023-05-20T15:32:36.428650+00:00
[2023-05-20T15:32:36.462+0000] {processor.py:179} INFO - Processing /home/airflow/.local/lib/python3.7/site-packages/airflow/example_dags/example_latest_only.py took 0.112 seconds
[2023-05-20T15:33:06.655+0000] {processor.py:157} INFO - Started process (PID=1564) to work on /home/airflow/.local/lib/python3.7/site-packages/airflow/example_dags/example_latest_only.py
[2023-05-20T15:33:06.656+0000] {processor.py:826} INFO - Processing file /home/airflow/.local/lib/python3.7/site-packages/airflow/example_dags/example_latest_only.py for tasks to queue
[2023-05-20T15:33:06.657+0000] {logging_mixin.py:149} INFO - [2023-05-20T15:33:06.657+0000] {dagbag.py:541} INFO - Filling up the DagBag from /home/airflow/.local/lib/python3.7/site-packages/airflow/example_dags/example_latest_only.py
[2023-05-20T15:33:06.665+0000] {processor.py:836} INFO - DAG(s) dict_keys(['latest_only']) retrieved from /home/airflow/.local/lib/python3.7/site-packages/airflow/example_dags/example_latest_only.py
[2023-05-20T15:33:06.694+0000] {logging_mixin.py:149} INFO - [2023-05-20T15:33:06.694+0000] {dag.py:2726} INFO - Sync 1 DAGs
[2023-05-20T15:33:06.738+0000] {logging_mixin.py:149} INFO - [2023-05-20T15:33:06.738+0000] {dag.py:3490} INFO - Setting next_dagrun for latest_only to 2023-05-20T11:33:06.738465+00:00, run_after=2023-05-20T15:33:06.738465+00:00
[2023-05-20T15:33:06.768+0000] {processor.py:179} INFO - Processing /home/airflow/.local/lib/python3.7/site-packages/airflow/example_dags/example_latest_only.py took 0.118 seconds
[2023-05-20T15:33:37.062+0000] {processor.py:157} INFO - Started process (PID=1622) to work on /home/airflow/.local/lib/python3.7/site-packages/airflow/example_dags/example_latest_only.py
[2023-05-20T15:33:37.065+0000] {processor.py:826} INFO - Processing file /home/airflow/.local/lib/python3.7/site-packages/airflow/example_dags/example_latest_only.py for tasks to queue
[2023-05-20T15:33:37.069+0000] {logging_mixin.py:149} INFO - [2023-05-20T15:33:37.068+0000] {dagbag.py:541} INFO - Filling up the DagBag from /home/airflow/.local/lib/python3.7/site-packages/airflow/example_dags/example_latest_only.py
[2023-05-20T15:33:37.081+0000] {processor.py:836} INFO - DAG(s) dict_keys(['latest_only']) retrieved from /home/airflow/.local/lib/python3.7/site-packages/airflow/example_dags/example_latest_only.py
[2023-05-20T15:33:37.124+0000] {logging_mixin.py:149} INFO - [2023-05-20T15:33:37.124+0000] {dag.py:2726} INFO - Sync 1 DAGs
[2023-05-20T15:33:37.158+0000] {logging_mixin.py:149} INFO - [2023-05-20T15:33:37.158+0000] {dag.py:3490} INFO - Setting next_dagrun for latest_only to 2023-05-20T11:33:37.158159+00:00, run_after=2023-05-20T15:33:37.158159+00:00
[2023-05-20T15:33:37.219+0000] {processor.py:179} INFO - Processing /home/airflow/.local/lib/python3.7/site-packages/airflow/example_dags/example_latest_only.py took 0.162 seconds
[2023-05-20T15:34:07.680+0000] {processor.py:157} INFO - Started process (PID=1687) to work on /home/airflow/.local/lib/python3.7/site-packages/airflow/example_dags/example_latest_only.py
[2023-05-20T15:34:07.682+0000] {processor.py:826} INFO - Processing file /home/airflow/.local/lib/python3.7/site-packages/airflow/example_dags/example_latest_only.py for tasks to queue
[2023-05-20T15:34:07.684+0000] {logging_mixin.py:149} INFO - [2023-05-20T15:34:07.684+0000] {dagbag.py:541} INFO - Filling up the DagBag from /home/airflow/.local/lib/python3.7/site-packages/airflow/example_dags/example_latest_only.py
[2023-05-20T15:34:07.694+0000] {processor.py:836} INFO - DAG(s) dict_keys(['latest_only']) retrieved from /home/airflow/.local/lib/python3.7/site-packages/airflow/example_dags/example_latest_only.py
[2023-05-20T15:34:07.729+0000] {logging_mixin.py:149} INFO - [2023-05-20T15:34:07.729+0000] {dag.py:2726} INFO - Sync 1 DAGs
[2023-05-20T15:34:07.765+0000] {logging_mixin.py:149} INFO - [2023-05-20T15:34:07.764+0000] {dag.py:3490} INFO - Setting next_dagrun for latest_only to 2023-05-20T11:34:07.764696+00:00, run_after=2023-05-20T15:34:07.764696+00:00
[2023-05-20T15:34:07.791+0000] {processor.py:179} INFO - Processing /home/airflow/.local/lib/python3.7/site-packages/airflow/example_dags/example_latest_only.py took 0.116 seconds
[2023-05-20T15:34:37.960+0000] {processor.py:157} INFO - Started process (PID=1745) to work on /home/airflow/.local/lib/python3.7/site-packages/airflow/example_dags/example_latest_only.py
[2023-05-20T15:34:37.962+0000] {processor.py:826} INFO - Processing file /home/airflow/.local/lib/python3.7/site-packages/airflow/example_dags/example_latest_only.py for tasks to queue
[2023-05-20T15:34:37.964+0000] {logging_mixin.py:149} INFO - [2023-05-20T15:34:37.964+0000] {dagbag.py:541} INFO - Filling up the DagBag from /home/airflow/.local/lib/python3.7/site-packages/airflow/example_dags/example_latest_only.py
[2023-05-20T15:34:37.973+0000] {processor.py:836} INFO - DAG(s) dict_keys(['latest_only']) retrieved from /home/airflow/.local/lib/python3.7/site-packages/airflow/example_dags/example_latest_only.py
[2023-05-20T15:34:38.006+0000] {logging_mixin.py:149} INFO - [2023-05-20T15:34:38.006+0000] {dag.py:2726} INFO - Sync 1 DAGs
[2023-05-20T15:34:38.040+0000] {logging_mixin.py:149} INFO - [2023-05-20T15:34:38.040+0000] {dag.py:3490} INFO - Setting next_dagrun for latest_only to 2023-05-20T11:34:38.039961+00:00, run_after=2023-05-20T15:34:38.039961+00:00
[2023-05-20T15:34:38.070+0000] {processor.py:179} INFO - Processing /home/airflow/.local/lib/python3.7/site-packages/airflow/example_dags/example_latest_only.py took 0.114 seconds
[2023-05-20T15:35:08.538+0000] {processor.py:157} INFO - Started process (PID=1803) to work on /home/airflow/.local/lib/python3.7/site-packages/airflow/example_dags/example_latest_only.py
[2023-05-20T15:35:08.540+0000] {processor.py:826} INFO - Processing file /home/airflow/.local/lib/python3.7/site-packages/airflow/example_dags/example_latest_only.py for tasks to queue
[2023-05-20T15:35:08.542+0000] {logging_mixin.py:149} INFO - [2023-05-20T15:35:08.541+0000] {dagbag.py:541} INFO - Filling up the DagBag from /home/airflow/.local/lib/python3.7/site-packages/airflow/example_dags/example_latest_only.py
[2023-05-20T15:35:08.549+0000] {processor.py:836} INFO - DAG(s) dict_keys(['latest_only']) retrieved from /home/airflow/.local/lib/python3.7/site-packages/airflow/example_dags/example_latest_only.py
[2023-05-20T15:35:08.579+0000] {logging_mixin.py:149} INFO - [2023-05-20T15:35:08.579+0000] {dag.py:2726} INFO - Sync 1 DAGs
[2023-05-20T15:35:08.613+0000] {logging_mixin.py:149} INFO - [2023-05-20T15:35:08.613+0000] {dag.py:3490} INFO - Setting next_dagrun for latest_only to 2023-05-20T11:35:08.612791+00:00, run_after=2023-05-20T15:35:08.612791+00:00
[2023-05-20T15:35:08.637+0000] {processor.py:179} INFO - Processing /home/airflow/.local/lib/python3.7/site-packages/airflow/example_dags/example_latest_only.py took 0.103 seconds
[2023-05-20T15:35:39.088+0000] {processor.py:157} INFO - Started process (PID=1861) to work on /home/airflow/.local/lib/python3.7/site-packages/airflow/example_dags/example_latest_only.py
[2023-05-20T15:35:39.090+0000] {processor.py:826} INFO - Processing file /home/airflow/.local/lib/python3.7/site-packages/airflow/example_dags/example_latest_only.py for tasks to queue
[2023-05-20T15:35:39.091+0000] {logging_mixin.py:149} INFO - [2023-05-20T15:35:39.091+0000] {dagbag.py:541} INFO - Filling up the DagBag from /home/airflow/.local/lib/python3.7/site-packages/airflow/example_dags/example_latest_only.py
[2023-05-20T15:35:39.098+0000] {processor.py:836} INFO - DAG(s) dict_keys(['latest_only']) retrieved from /home/airflow/.local/lib/python3.7/site-packages/airflow/example_dags/example_latest_only.py
[2023-05-20T15:35:39.134+0000] {logging_mixin.py:149} INFO - [2023-05-20T15:35:39.134+0000] {dag.py:2726} INFO - Sync 1 DAGs
[2023-05-20T15:35:39.189+0000] {logging_mixin.py:149} INFO - [2023-05-20T15:35:39.189+0000] {dag.py:3490} INFO - Setting next_dagrun for latest_only to 2023-05-20T11:35:39.188729+00:00, run_after=2023-05-20T15:35:39.188729+00:00
[2023-05-20T15:35:39.213+0000] {processor.py:179} INFO - Processing /home/airflow/.local/lib/python3.7/site-packages/airflow/example_dags/example_latest_only.py took 0.129 seconds
[2023-05-20T15:36:09.703+0000] {processor.py:157} INFO - Started process (PID=1919) to work on /home/airflow/.local/lib/python3.7/site-packages/airflow/example_dags/example_latest_only.py
[2023-05-20T15:36:09.705+0000] {processor.py:826} INFO - Processing file /home/airflow/.local/lib/python3.7/site-packages/airflow/example_dags/example_latest_only.py for tasks to queue
[2023-05-20T15:36:09.706+0000] {logging_mixin.py:149} INFO - [2023-05-20T15:36:09.706+0000] {dagbag.py:541} INFO - Filling up the DagBag from /home/airflow/.local/lib/python3.7/site-packages/airflow/example_dags/example_latest_only.py
[2023-05-20T15:36:09.713+0000] {processor.py:836} INFO - DAG(s) dict_keys(['latest_only']) retrieved from /home/airflow/.local/lib/python3.7/site-packages/airflow/example_dags/example_latest_only.py
[2023-05-20T15:36:09.741+0000] {logging_mixin.py:149} INFO - [2023-05-20T15:36:09.741+0000] {dag.py:2726} INFO - Sync 1 DAGs
[2023-05-20T15:36:09.773+0000] {logging_mixin.py:149} INFO - [2023-05-20T15:36:09.772+0000] {dag.py:3490} INFO - Setting next_dagrun for latest_only to 2023-05-20T11:36:09.772569+00:00, run_after=2023-05-20T15:36:09.772569+00:00
[2023-05-20T15:36:09.797+0000] {processor.py:179} INFO - Processing /home/airflow/.local/lib/python3.7/site-packages/airflow/example_dags/example_latest_only.py took 0.097 seconds
[2023-05-20T15:36:40.005+0000] {processor.py:157} INFO - Started process (PID=1978) to work on /home/airflow/.local/lib/python3.7/site-packages/airflow/example_dags/example_latest_only.py
[2023-05-20T15:36:40.006+0000] {processor.py:826} INFO - Processing file /home/airflow/.local/lib/python3.7/site-packages/airflow/example_dags/example_latest_only.py for tasks to queue
[2023-05-20T15:36:40.008+0000] {logging_mixin.py:149} INFO - [2023-05-20T15:36:40.008+0000] {dagbag.py:541} INFO - Filling up the DagBag from /home/airflow/.local/lib/python3.7/site-packages/airflow/example_dags/example_latest_only.py
[2023-05-20T15:36:40.014+0000] {processor.py:836} INFO - DAG(s) dict_keys(['latest_only']) retrieved from /home/airflow/.local/lib/python3.7/site-packages/airflow/example_dags/example_latest_only.py
[2023-05-20T15:36:40.043+0000] {logging_mixin.py:149} INFO - [2023-05-20T15:36:40.043+0000] {dag.py:2726} INFO - Sync 1 DAGs
[2023-05-20T15:36:40.074+0000] {logging_mixin.py:149} INFO - [2023-05-20T15:36:40.074+0000] {dag.py:3490} INFO - Setting next_dagrun for latest_only to 2023-05-20T11:36:40.074351+00:00, run_after=2023-05-20T15:36:40.074351+00:00
[2023-05-20T15:36:40.095+0000] {processor.py:179} INFO - Processing /home/airflow/.local/lib/python3.7/site-packages/airflow/example_dags/example_latest_only.py took 0.094 seconds
[2023-05-20T15:37:10.327+0000] {processor.py:157} INFO - Started process (PID=2036) to work on /home/airflow/.local/lib/python3.7/site-packages/airflow/example_dags/example_latest_only.py
[2023-05-20T15:37:10.329+0000] {processor.py:826} INFO - Processing file /home/airflow/.local/lib/python3.7/site-packages/airflow/example_dags/example_latest_only.py for tasks to queue
[2023-05-20T15:37:10.330+0000] {logging_mixin.py:149} INFO - [2023-05-20T15:37:10.330+0000] {dagbag.py:541} INFO - Filling up the DagBag from /home/airflow/.local/lib/python3.7/site-packages/airflow/example_dags/example_latest_only.py
[2023-05-20T15:37:10.337+0000] {processor.py:836} INFO - DAG(s) dict_keys(['latest_only']) retrieved from /home/airflow/.local/lib/python3.7/site-packages/airflow/example_dags/example_latest_only.py
[2023-05-20T15:37:10.367+0000] {logging_mixin.py:149} INFO - [2023-05-20T15:37:10.367+0000] {dag.py:2726} INFO - Sync 1 DAGs
[2023-05-20T15:37:10.402+0000] {logging_mixin.py:149} INFO - [2023-05-20T15:37:10.402+0000] {dag.py:3490} INFO - Setting next_dagrun for latest_only to 2023-05-20T11:37:10.402261+00:00, run_after=2023-05-20T15:37:10.402261+00:00
[2023-05-20T15:37:10.426+0000] {processor.py:179} INFO - Processing /home/airflow/.local/lib/python3.7/site-packages/airflow/example_dags/example_latest_only.py took 0.104 seconds
[2023-05-20T15:37:41.283+0000] {processor.py:157} INFO - Started process (PID=2094) to work on /home/airflow/.local/lib/python3.7/site-packages/airflow/example_dags/example_latest_only.py
[2023-05-20T15:37:41.286+0000] {processor.py:826} INFO - Processing file /home/airflow/.local/lib/python3.7/site-packages/airflow/example_dags/example_latest_only.py for tasks to queue
[2023-05-20T15:37:41.288+0000] {logging_mixin.py:149} INFO - [2023-05-20T15:37:41.288+0000] {dagbag.py:541} INFO - Filling up the DagBag from /home/airflow/.local/lib/python3.7/site-packages/airflow/example_dags/example_latest_only.py
[2023-05-20T15:37:41.299+0000] {processor.py:836} INFO - DAG(s) dict_keys(['latest_only']) retrieved from /home/airflow/.local/lib/python3.7/site-packages/airflow/example_dags/example_latest_only.py
[2023-05-20T15:37:41.337+0000] {logging_mixin.py:149} INFO - [2023-05-20T15:37:41.337+0000] {dag.py:2726} INFO - Sync 1 DAGs
[2023-05-20T15:37:41.398+0000] {logging_mixin.py:149} INFO - [2023-05-20T15:37:41.398+0000] {dag.py:3490} INFO - Setting next_dagrun for latest_only to 2023-05-20T11:37:41.397787+00:00, run_after=2023-05-20T15:37:41.397787+00:00
[2023-05-20T15:37:41.444+0000] {processor.py:179} INFO - Processing /home/airflow/.local/lib/python3.7/site-packages/airflow/example_dags/example_latest_only.py took 0.166 seconds
[2023-05-20T15:38:11.950+0000] {processor.py:157} INFO - Started process (PID=2152) to work on /home/airflow/.local/lib/python3.7/site-packages/airflow/example_dags/example_latest_only.py
[2023-05-20T15:38:11.953+0000] {processor.py:826} INFO - Processing file /home/airflow/.local/lib/python3.7/site-packages/airflow/example_dags/example_latest_only.py for tasks to queue
[2023-05-20T15:38:11.956+0000] {logging_mixin.py:149} INFO - [2023-05-20T15:38:11.955+0000] {dagbag.py:541} INFO - Filling up the DagBag from /home/airflow/.local/lib/python3.7/site-packages/airflow/example_dags/example_latest_only.py
[2023-05-20T15:38:11.967+0000] {processor.py:836} INFO - DAG(s) dict_keys(['latest_only']) retrieved from /home/airflow/.local/lib/python3.7/site-packages/airflow/example_dags/example_latest_only.py
[2023-05-20T15:38:12.011+0000] {logging_mixin.py:149} INFO - [2023-05-20T15:38:12.011+0000] {dag.py:2726} INFO - Sync 1 DAGs
[2023-05-20T15:38:12.065+0000] {logging_mixin.py:149} INFO - [2023-05-20T15:38:12.065+0000] {dag.py:3490} INFO - Setting next_dagrun for latest_only to 2023-05-20T11:38:12.064940+00:00, run_after=2023-05-20T15:38:12.064940+00:00
[2023-05-20T15:38:12.103+0000] {processor.py:179} INFO - Processing /home/airflow/.local/lib/python3.7/site-packages/airflow/example_dags/example_latest_only.py took 0.160 seconds
[2023-05-20T15:38:42.548+0000] {processor.py:157} INFO - Started process (PID=2210) to work on /home/airflow/.local/lib/python3.7/site-packages/airflow/example_dags/example_latest_only.py
[2023-05-20T15:38:42.550+0000] {processor.py:826} INFO - Processing file /home/airflow/.local/lib/python3.7/site-packages/airflow/example_dags/example_latest_only.py for tasks to queue
[2023-05-20T15:38:42.552+0000] {logging_mixin.py:149} INFO - [2023-05-20T15:38:42.552+0000] {dagbag.py:541} INFO - Filling up the DagBag from /home/airflow/.local/lib/python3.7/site-packages/airflow/example_dags/example_latest_only.py
[2023-05-20T15:38:42.563+0000] {processor.py:836} INFO - DAG(s) dict_keys(['latest_only']) retrieved from /home/airflow/.local/lib/python3.7/site-packages/airflow/example_dags/example_latest_only.py
[2023-05-20T15:38:42.600+0000] {logging_mixin.py:149} INFO - [2023-05-20T15:38:42.599+0000] {dag.py:2726} INFO - Sync 1 DAGs
[2023-05-20T15:38:42.638+0000] {logging_mixin.py:149} INFO - [2023-05-20T15:38:42.638+0000] {dag.py:3490} INFO - Setting next_dagrun for latest_only to 2023-05-20T11:38:42.638259+00:00, run_after=2023-05-20T15:38:42.638259+00:00
[2023-05-20T15:38:42.670+0000] {processor.py:179} INFO - Processing /home/airflow/.local/lib/python3.7/site-packages/airflow/example_dags/example_latest_only.py took 0.127 seconds
[2023-05-20T15:39:12.772+0000] {processor.py:157} INFO - Started process (PID=2268) to work on /home/airflow/.local/lib/python3.7/site-packages/airflow/example_dags/example_latest_only.py
[2023-05-20T15:39:12.774+0000] {processor.py:826} INFO - Processing file /home/airflow/.local/lib/python3.7/site-packages/airflow/example_dags/example_latest_only.py for tasks to queue
[2023-05-20T15:39:12.776+0000] {logging_mixin.py:149} INFO - [2023-05-20T15:39:12.776+0000] {dagbag.py:541} INFO - Filling up the DagBag from /home/airflow/.local/lib/python3.7/site-packages/airflow/example_dags/example_latest_only.py
[2023-05-20T15:39:12.786+0000] {processor.py:836} INFO - DAG(s) dict_keys(['latest_only']) retrieved from /home/airflow/.local/lib/python3.7/site-packages/airflow/example_dags/example_latest_only.py
[2023-05-20T15:39:12.825+0000] {logging_mixin.py:149} INFO - [2023-05-20T15:39:12.825+0000] {dag.py:2726} INFO - Sync 1 DAGs
[2023-05-20T15:39:12.866+0000] {logging_mixin.py:149} INFO - [2023-05-20T15:39:12.866+0000] {dag.py:3490} INFO - Setting next_dagrun for latest_only to 2023-05-20T11:39:12.866126+00:00, run_after=2023-05-20T15:39:12.866126+00:00
[2023-05-20T15:39:12.897+0000] {processor.py:179} INFO - Processing /home/airflow/.local/lib/python3.7/site-packages/airflow/example_dags/example_latest_only.py took 0.130 seconds
[2023-05-20T15:39:43.531+0000] {processor.py:157} INFO - Started process (PID=2326) to work on /home/airflow/.local/lib/python3.7/site-packages/airflow/example_dags/example_latest_only.py
[2023-05-20T15:39:43.533+0000] {processor.py:826} INFO - Processing file /home/airflow/.local/lib/python3.7/site-packages/airflow/example_dags/example_latest_only.py for tasks to queue
[2023-05-20T15:39:43.534+0000] {logging_mixin.py:149} INFO - [2023-05-20T15:39:43.534+0000] {dagbag.py:541} INFO - Filling up the DagBag from /home/airflow/.local/lib/python3.7/site-packages/airflow/example_dags/example_latest_only.py
[2023-05-20T15:39:43.541+0000] {processor.py:836} INFO - DAG(s) dict_keys(['latest_only']) retrieved from /home/airflow/.local/lib/python3.7/site-packages/airflow/example_dags/example_latest_only.py
[2023-05-20T15:39:43.569+0000] {logging_mixin.py:149} INFO - [2023-05-20T15:39:43.569+0000] {dag.py:2726} INFO - Sync 1 DAGs
[2023-05-20T15:39:43.602+0000] {logging_mixin.py:149} INFO - [2023-05-20T15:39:43.602+0000] {dag.py:3490} INFO - Setting next_dagrun for latest_only to 2023-05-20T11:39:43.602359+00:00, run_after=2023-05-20T15:39:43.602359+00:00
[2023-05-20T15:39:43.629+0000] {processor.py:179} INFO - Processing /home/airflow/.local/lib/python3.7/site-packages/airflow/example_dags/example_latest_only.py took 0.102 seconds
[2023-05-20T15:40:14.381+0000] {processor.py:157} INFO - Started process (PID=2384) to work on /home/airflow/.local/lib/python3.7/site-packages/airflow/example_dags/example_latest_only.py
[2023-05-20T15:40:14.383+0000] {processor.py:826} INFO - Processing file /home/airflow/.local/lib/python3.7/site-packages/airflow/example_dags/example_latest_only.py for tasks to queue
[2023-05-20T15:40:14.384+0000] {logging_mixin.py:149} INFO - [2023-05-20T15:40:14.384+0000] {dagbag.py:541} INFO - Filling up the DagBag from /home/airflow/.local/lib/python3.7/site-packages/airflow/example_dags/example_latest_only.py
[2023-05-20T15:40:14.392+0000] {processor.py:836} INFO - DAG(s) dict_keys(['latest_only']) retrieved from /home/airflow/.local/lib/python3.7/site-packages/airflow/example_dags/example_latest_only.py
[2023-05-20T15:40:14.422+0000] {logging_mixin.py:149} INFO - [2023-05-20T15:40:14.422+0000] {dag.py:2726} INFO - Sync 1 DAGs
[2023-05-20T15:40:14.456+0000] {logging_mixin.py:149} INFO - [2023-05-20T15:40:14.456+0000] {dag.py:3490} INFO - Setting next_dagrun for latest_only to 2023-05-20T11:40:14.456201+00:00, run_after=2023-05-20T15:40:14.456201+00:00
[2023-05-20T15:40:14.479+0000] {processor.py:179} INFO - Processing /home/airflow/.local/lib/python3.7/site-packages/airflow/example_dags/example_latest_only.py took 0.104 seconds
[2023-05-20T15:40:44.835+0000] {processor.py:157} INFO - Started process (PID=2442) to work on /home/airflow/.local/lib/python3.7/site-packages/airflow/example_dags/example_latest_only.py
[2023-05-20T15:40:44.837+0000] {processor.py:826} INFO - Processing file /home/airflow/.local/lib/python3.7/site-packages/airflow/example_dags/example_latest_only.py for tasks to queue
[2023-05-20T15:40:44.839+0000] {logging_mixin.py:149} INFO - [2023-05-20T15:40:44.839+0000] {dagbag.py:541} INFO - Filling up the DagBag from /home/airflow/.local/lib/python3.7/site-packages/airflow/example_dags/example_latest_only.py
[2023-05-20T15:40:44.851+0000] {processor.py:836} INFO - DAG(s) dict_keys(['latest_only']) retrieved from /home/airflow/.local/lib/python3.7/site-packages/airflow/example_dags/example_latest_only.py
[2023-05-20T15:40:44.921+0000] {logging_mixin.py:149} INFO - [2023-05-20T15:40:44.921+0000] {dag.py:2726} INFO - Sync 1 DAGs
[2023-05-20T15:40:45.081+0000] {logging_mixin.py:149} INFO - [2023-05-20T15:40:45.080+0000] {dag.py:3490} INFO - Setting next_dagrun for latest_only to 2023-05-20T11:40:45.080118+00:00, run_after=2023-05-20T15:40:45.080118+00:00
[2023-05-20T15:40:45.161+0000] {processor.py:179} INFO - Processing /home/airflow/.local/lib/python3.7/site-packages/airflow/example_dags/example_latest_only.py took 0.332 seconds
[2023-05-20T15:41:16.036+0000] {processor.py:157} INFO - Started process (PID=2500) to work on /home/airflow/.local/lib/python3.7/site-packages/airflow/example_dags/example_latest_only.py
[2023-05-20T15:41:16.038+0000] {processor.py:826} INFO - Processing file /home/airflow/.local/lib/python3.7/site-packages/airflow/example_dags/example_latest_only.py for tasks to queue
[2023-05-20T15:41:16.041+0000] {logging_mixin.py:149} INFO - [2023-05-20T15:41:16.041+0000] {dagbag.py:541} INFO - Filling up the DagBag from /home/airflow/.local/lib/python3.7/site-packages/airflow/example_dags/example_latest_only.py
[2023-05-20T15:41:16.049+0000] {processor.py:836} INFO - DAG(s) dict_keys(['latest_only']) retrieved from /home/airflow/.local/lib/python3.7/site-packages/airflow/example_dags/example_latest_only.py
[2023-05-20T15:41:16.083+0000] {logging_mixin.py:149} INFO - [2023-05-20T15:41:16.083+0000] {dag.py:2726} INFO - Sync 1 DAGs
[2023-05-20T15:41:16.122+0000] {logging_mixin.py:149} INFO - [2023-05-20T15:41:16.122+0000] {dag.py:3490} INFO - Setting next_dagrun for latest_only to 2023-05-20T11:41:16.122314+00:00, run_after=2023-05-20T15:41:16.122314+00:00
[2023-05-20T15:41:16.149+0000] {processor.py:179} INFO - Processing /home/airflow/.local/lib/python3.7/site-packages/airflow/example_dags/example_latest_only.py took 0.118 seconds
[2023-05-20T15:41:46.581+0000] {processor.py:157} INFO - Started process (PID=2558) to work on /home/airflow/.local/lib/python3.7/site-packages/airflow/example_dags/example_latest_only.py
[2023-05-20T15:41:46.583+0000] {processor.py:826} INFO - Processing file /home/airflow/.local/lib/python3.7/site-packages/airflow/example_dags/example_latest_only.py for tasks to queue
[2023-05-20T15:41:46.585+0000] {logging_mixin.py:149} INFO - [2023-05-20T15:41:46.585+0000] {dagbag.py:541} INFO - Filling up the DagBag from /home/airflow/.local/lib/python3.7/site-packages/airflow/example_dags/example_latest_only.py
[2023-05-20T15:41:46.593+0000] {processor.py:836} INFO - DAG(s) dict_keys(['latest_only']) retrieved from /home/airflow/.local/lib/python3.7/site-packages/airflow/example_dags/example_latest_only.py
[2023-05-20T15:41:46.641+0000] {logging_mixin.py:149} INFO - [2023-05-20T15:41:46.641+0000] {dag.py:2726} INFO - Sync 1 DAGs
[2023-05-20T15:41:46.673+0000] {logging_mixin.py:149} INFO - [2023-05-20T15:41:46.673+0000] {dag.py:3490} INFO - Setting next_dagrun for latest_only to 2023-05-20T11:41:46.672910+00:00, run_after=2023-05-20T15:41:46.672910+00:00
[2023-05-20T15:41:46.698+0000] {processor.py:179} INFO - Processing /home/airflow/.local/lib/python3.7/site-packages/airflow/example_dags/example_latest_only.py took 0.122 seconds
[2023-05-20T15:42:16.851+0000] {processor.py:157} INFO - Started process (PID=2616) to work on /home/airflow/.local/lib/python3.7/site-packages/airflow/example_dags/example_latest_only.py
[2023-05-20T15:42:16.854+0000] {processor.py:826} INFO - Processing file /home/airflow/.local/lib/python3.7/site-packages/airflow/example_dags/example_latest_only.py for tasks to queue
[2023-05-20T15:42:16.856+0000] {logging_mixin.py:149} INFO - [2023-05-20T15:42:16.856+0000] {dagbag.py:541} INFO - Filling up the DagBag from /home/airflow/.local/lib/python3.7/site-packages/airflow/example_dags/example_latest_only.py
[2023-05-20T15:42:16.865+0000] {processor.py:836} INFO - DAG(s) dict_keys(['latest_only']) retrieved from /home/airflow/.local/lib/python3.7/site-packages/airflow/example_dags/example_latest_only.py
[2023-05-20T15:42:16.903+0000] {logging_mixin.py:149} INFO - [2023-05-20T15:42:16.903+0000] {dag.py:2726} INFO - Sync 1 DAGs
[2023-05-20T15:42:16.949+0000] {logging_mixin.py:149} INFO - [2023-05-20T15:42:16.949+0000] {dag.py:3490} INFO - Setting next_dagrun for latest_only to 2023-05-20T11:42:16.949350+00:00, run_after=2023-05-20T15:42:16.949350+00:00
[2023-05-20T15:42:16.980+0000] {processor.py:179} INFO - Processing /home/airflow/.local/lib/python3.7/site-packages/airflow/example_dags/example_latest_only.py took 0.134 seconds
[2023-05-20T15:42:47.397+0000] {processor.py:157} INFO - Started process (PID=2674) to work on /home/airflow/.local/lib/python3.7/site-packages/airflow/example_dags/example_latest_only.py
[2023-05-20T15:42:47.399+0000] {processor.py:826} INFO - Processing file /home/airflow/.local/lib/python3.7/site-packages/airflow/example_dags/example_latest_only.py for tasks to queue
[2023-05-20T15:42:47.401+0000] {logging_mixin.py:149} INFO - [2023-05-20T15:42:47.401+0000] {dagbag.py:541} INFO - Filling up the DagBag from /home/airflow/.local/lib/python3.7/site-packages/airflow/example_dags/example_latest_only.py
[2023-05-20T15:42:47.409+0000] {processor.py:836} INFO - DAG(s) dict_keys(['latest_only']) retrieved from /home/airflow/.local/lib/python3.7/site-packages/airflow/example_dags/example_latest_only.py
[2023-05-20T15:42:47.441+0000] {logging_mixin.py:149} INFO - [2023-05-20T15:42:47.441+0000] {dag.py:2726} INFO - Sync 1 DAGs
[2023-05-20T15:42:47.472+0000] {logging_mixin.py:149} INFO - [2023-05-20T15:42:47.472+0000] {dag.py:3490} INFO - Setting next_dagrun for latest_only to 2023-05-20T11:42:47.472504+00:00, run_after=2023-05-20T15:42:47.472504+00:00
[2023-05-20T15:42:47.496+0000] {processor.py:179} INFO - Processing /home/airflow/.local/lib/python3.7/site-packages/airflow/example_dags/example_latest_only.py took 0.103 seconds
[2023-05-20T15:43:17.577+0000] {processor.py:157} INFO - Started process (PID=2732) to work on /home/airflow/.local/lib/python3.7/site-packages/airflow/example_dags/example_latest_only.py
[2023-05-20T15:43:17.579+0000] {processor.py:826} INFO - Processing file /home/airflow/.local/lib/python3.7/site-packages/airflow/example_dags/example_latest_only.py for tasks to queue
[2023-05-20T15:43:17.581+0000] {logging_mixin.py:149} INFO - [2023-05-20T15:43:17.581+0000] {dagbag.py:541} INFO - Filling up the DagBag from /home/airflow/.local/lib/python3.7/site-packages/airflow/example_dags/example_latest_only.py
[2023-05-20T15:43:17.590+0000] {processor.py:836} INFO - DAG(s) dict_keys(['latest_only']) retrieved from /home/airflow/.local/lib/python3.7/site-packages/airflow/example_dags/example_latest_only.py
[2023-05-20T15:43:17.622+0000] {logging_mixin.py:149} INFO - [2023-05-20T15:43:17.622+0000] {dag.py:2726} INFO - Sync 1 DAGs
[2023-05-20T15:43:17.660+0000] {logging_mixin.py:149} INFO - [2023-05-20T15:43:17.660+0000] {dag.py:3490} INFO - Setting next_dagrun for latest_only to 2023-05-20T11:43:17.659546+00:00, run_after=2023-05-20T15:43:17.659546+00:00
[2023-05-20T15:43:17.685+0000] {processor.py:179} INFO - Processing /home/airflow/.local/lib/python3.7/site-packages/airflow/example_dags/example_latest_only.py took 0.114 seconds
[2023-05-20T15:43:47.913+0000] {processor.py:157} INFO - Started process (PID=2790) to work on /home/airflow/.local/lib/python3.7/site-packages/airflow/example_dags/example_latest_only.py
[2023-05-20T15:43:47.914+0000] {processor.py:826} INFO - Processing file /home/airflow/.local/lib/python3.7/site-packages/airflow/example_dags/example_latest_only.py for tasks to queue
[2023-05-20T15:43:47.916+0000] {logging_mixin.py:149} INFO - [2023-05-20T15:43:47.916+0000] {dagbag.py:541} INFO - Filling up the DagBag from /home/airflow/.local/lib/python3.7/site-packages/airflow/example_dags/example_latest_only.py
[2023-05-20T15:43:47.925+0000] {processor.py:836} INFO - DAG(s) dict_keys(['latest_only']) retrieved from /home/airflow/.local/lib/python3.7/site-packages/airflow/example_dags/example_latest_only.py
[2023-05-20T15:43:47.957+0000] {logging_mixin.py:149} INFO - [2023-05-20T15:43:47.957+0000] {dag.py:2726} INFO - Sync 1 DAGs
[2023-05-20T15:43:47.988+0000] {logging_mixin.py:149} INFO - [2023-05-20T15:43:47.988+0000] {dag.py:3490} INFO - Setting next_dagrun for latest_only to 2023-05-20T11:43:47.988338+00:00, run_after=2023-05-20T15:43:47.988338+00:00
[2023-05-20T15:43:48.012+0000] {processor.py:179} INFO - Processing /home/airflow/.local/lib/python3.7/site-packages/airflow/example_dags/example_latest_only.py took 0.105 seconds
[2023-05-20T15:44:18.238+0000] {processor.py:157} INFO - Started process (PID=2848) to work on /home/airflow/.local/lib/python3.7/site-packages/airflow/example_dags/example_latest_only.py
[2023-05-20T15:44:18.240+0000] {processor.py:826} INFO - Processing file /home/airflow/.local/lib/python3.7/site-packages/airflow/example_dags/example_latest_only.py for tasks to queue
[2023-05-20T15:44:18.242+0000] {logging_mixin.py:149} INFO - [2023-05-20T15:44:18.242+0000] {dagbag.py:541} INFO - Filling up the DagBag from /home/airflow/.local/lib/python3.7/site-packages/airflow/example_dags/example_latest_only.py
[2023-05-20T15:44:18.250+0000] {processor.py:836} INFO - DAG(s) dict_keys(['latest_only']) retrieved from /home/airflow/.local/lib/python3.7/site-packages/airflow/example_dags/example_latest_only.py
[2023-05-20T15:44:18.283+0000] {logging_mixin.py:149} INFO - [2023-05-20T15:44:18.283+0000] {dag.py:2726} INFO - Sync 1 DAGs
[2023-05-20T15:44:18.321+0000] {logging_mixin.py:149} INFO - [2023-05-20T15:44:18.321+0000] {dag.py:3490} INFO - Setting next_dagrun for latest_only to 2023-05-20T11:44:18.320647+00:00, run_after=2023-05-20T15:44:18.320647+00:00
[2023-05-20T15:44:18.352+0000] {processor.py:179} INFO - Processing /home/airflow/.local/lib/python3.7/site-packages/airflow/example_dags/example_latest_only.py took 0.123 seconds
[2023-05-20T15:44:48.561+0000] {processor.py:157} INFO - Started process (PID=2906) to work on /home/airflow/.local/lib/python3.7/site-packages/airflow/example_dags/example_latest_only.py
[2023-05-20T15:44:48.563+0000] {processor.py:826} INFO - Processing file /home/airflow/.local/lib/python3.7/site-packages/airflow/example_dags/example_latest_only.py for tasks to queue
[2023-05-20T15:44:48.564+0000] {logging_mixin.py:149} INFO - [2023-05-20T15:44:48.564+0000] {dagbag.py:541} INFO - Filling up the DagBag from /home/airflow/.local/lib/python3.7/site-packages/airflow/example_dags/example_latest_only.py
[2023-05-20T15:44:48.573+0000] {processor.py:836} INFO - DAG(s) dict_keys(['latest_only']) retrieved from /home/airflow/.local/lib/python3.7/site-packages/airflow/example_dags/example_latest_only.py
[2023-05-20T15:44:48.584+0000] {logging_mixin.py:149} INFO - [2023-05-20T15:44:48.583+0000] {dag.py:2726} INFO - Sync 1 DAGs
[2023-05-20T15:44:48.616+0000] {logging_mixin.py:149} INFO - [2023-05-20T15:44:48.616+0000] {dag.py:3490} INFO - Setting next_dagrun for latest_only to 2023-05-20T11:44:48.616324+00:00, run_after=2023-05-20T15:44:48.616324+00:00
[2023-05-20T15:44:48.641+0000] {processor.py:179} INFO - Processing /home/airflow/.local/lib/python3.7/site-packages/airflow/example_dags/example_latest_only.py took 0.106 seconds
[2023-05-20T15:45:19.033+0000] {processor.py:157} INFO - Started process (PID=2964) to work on /home/airflow/.local/lib/python3.7/site-packages/airflow/example_dags/example_latest_only.py
[2023-05-20T15:45:19.035+0000] {processor.py:826} INFO - Processing file /home/airflow/.local/lib/python3.7/site-packages/airflow/example_dags/example_latest_only.py for tasks to queue
[2023-05-20T15:45:19.037+0000] {logging_mixin.py:149} INFO - [2023-05-20T15:45:19.037+0000] {dagbag.py:541} INFO - Filling up the DagBag from /home/airflow/.local/lib/python3.7/site-packages/airflow/example_dags/example_latest_only.py
[2023-05-20T15:45:19.046+0000] {processor.py:836} INFO - DAG(s) dict_keys(['latest_only']) retrieved from /home/airflow/.local/lib/python3.7/site-packages/airflow/example_dags/example_latest_only.py
[2023-05-20T15:45:19.085+0000] {logging_mixin.py:149} INFO - [2023-05-20T15:45:19.084+0000] {dag.py:2726} INFO - Sync 1 DAGs
[2023-05-20T15:45:19.123+0000] {logging_mixin.py:149} INFO - [2023-05-20T15:45:19.123+0000] {dag.py:3490} INFO - Setting next_dagrun for latest_only to 2023-05-20T11:45:19.123037+00:00, run_after=2023-05-20T15:45:19.123037+00:00
[2023-05-20T15:45:19.156+0000] {processor.py:179} INFO - Processing /home/airflow/.local/lib/python3.7/site-packages/airflow/example_dags/example_latest_only.py took 0.128 seconds
[2023-05-20T15:45:49.754+0000] {processor.py:157} INFO - Started process (PID=3022) to work on /home/airflow/.local/lib/python3.7/site-packages/airflow/example_dags/example_latest_only.py
[2023-05-20T15:45:49.757+0000] {processor.py:826} INFO - Processing file /home/airflow/.local/lib/python3.7/site-packages/airflow/example_dags/example_latest_only.py for tasks to queue
[2023-05-20T15:45:49.759+0000] {logging_mixin.py:149} INFO - [2023-05-20T15:45:49.758+0000] {dagbag.py:541} INFO - Filling up the DagBag from /home/airflow/.local/lib/python3.7/site-packages/airflow/example_dags/example_latest_only.py
[2023-05-20T15:45:49.768+0000] {processor.py:836} INFO - DAG(s) dict_keys(['latest_only']) retrieved from /home/airflow/.local/lib/python3.7/site-packages/airflow/example_dags/example_latest_only.py
[2023-05-20T15:45:49.811+0000] {logging_mixin.py:149} INFO - [2023-05-20T15:45:49.811+0000] {dag.py:2726} INFO - Sync 1 DAGs
[2023-05-20T15:45:49.854+0000] {logging_mixin.py:149} INFO - [2023-05-20T15:45:49.854+0000] {dag.py:3490} INFO - Setting next_dagrun for latest_only to 2023-05-20T11:45:49.853612+00:00, run_after=2023-05-20T15:45:49.853612+00:00
[2023-05-20T15:45:49.883+0000] {processor.py:179} INFO - Processing /home/airflow/.local/lib/python3.7/site-packages/airflow/example_dags/example_latest_only.py took 0.135 seconds
[2023-05-20T15:46:20.043+0000] {processor.py:157} INFO - Started process (PID=3080) to work on /home/airflow/.local/lib/python3.7/site-packages/airflow/example_dags/example_latest_only.py
[2023-05-20T15:46:20.045+0000] {processor.py:826} INFO - Processing file /home/airflow/.local/lib/python3.7/site-packages/airflow/example_dags/example_latest_only.py for tasks to queue
[2023-05-20T15:46:20.046+0000] {logging_mixin.py:149} INFO - [2023-05-20T15:46:20.046+0000] {dagbag.py:541} INFO - Filling up the DagBag from /home/airflow/.local/lib/python3.7/site-packages/airflow/example_dags/example_latest_only.py
[2023-05-20T15:46:20.055+0000] {processor.py:836} INFO - DAG(s) dict_keys(['latest_only']) retrieved from /home/airflow/.local/lib/python3.7/site-packages/airflow/example_dags/example_latest_only.py
[2023-05-20T15:46:20.090+0000] {logging_mixin.py:149} INFO - [2023-05-20T15:46:20.090+0000] {dag.py:2726} INFO - Sync 1 DAGs
[2023-05-20T15:46:20.126+0000] {logging_mixin.py:149} INFO - [2023-05-20T15:46:20.126+0000] {dag.py:3490} INFO - Setting next_dagrun for latest_only to 2023-05-20T11:46:20.126085+00:00, run_after=2023-05-20T15:46:20.126085+00:00
[2023-05-20T15:46:20.153+0000] {processor.py:179} INFO - Processing /home/airflow/.local/lib/python3.7/site-packages/airflow/example_dags/example_latest_only.py took 0.115 seconds
[2023-05-20T15:46:50.397+0000] {processor.py:157} INFO - Started process (PID=3138) to work on /home/airflow/.local/lib/python3.7/site-packages/airflow/example_dags/example_latest_only.py
[2023-05-20T15:46:50.399+0000] {processor.py:826} INFO - Processing file /home/airflow/.local/lib/python3.7/site-packages/airflow/example_dags/example_latest_only.py for tasks to queue
[2023-05-20T15:46:50.401+0000] {logging_mixin.py:149} INFO - [2023-05-20T15:46:50.401+0000] {dagbag.py:541} INFO - Filling up the DagBag from /home/airflow/.local/lib/python3.7/site-packages/airflow/example_dags/example_latest_only.py
[2023-05-20T15:46:50.410+0000] {processor.py:836} INFO - DAG(s) dict_keys(['latest_only']) retrieved from /home/airflow/.local/lib/python3.7/site-packages/airflow/example_dags/example_latest_only.py
[2023-05-20T15:46:50.452+0000] {logging_mixin.py:149} INFO - [2023-05-20T15:46:50.452+0000] {dag.py:2726} INFO - Sync 1 DAGs
[2023-05-20T15:46:50.504+0000] {logging_mixin.py:149} INFO - [2023-05-20T15:46:50.503+0000] {dag.py:3490} INFO - Setting next_dagrun for latest_only to 2023-05-20T11:46:50.503507+00:00, run_after=2023-05-20T15:46:50.503507+00:00
[2023-05-20T15:46:50.539+0000] {processor.py:179} INFO - Processing /home/airflow/.local/lib/python3.7/site-packages/airflow/example_dags/example_latest_only.py took 0.147 seconds
[2023-05-20T15:47:20.605+0000] {processor.py:157} INFO - Started process (PID=3196) to work on /home/airflow/.local/lib/python3.7/site-packages/airflow/example_dags/example_latest_only.py
[2023-05-20T15:47:20.607+0000] {processor.py:826} INFO - Processing file /home/airflow/.local/lib/python3.7/site-packages/airflow/example_dags/example_latest_only.py for tasks to queue
[2023-05-20T15:47:20.608+0000] {logging_mixin.py:149} INFO - [2023-05-20T15:47:20.608+0000] {dagbag.py:541} INFO - Filling up the DagBag from /home/airflow/.local/lib/python3.7/site-packages/airflow/example_dags/example_latest_only.py
[2023-05-20T15:47:20.616+0000] {processor.py:836} INFO - DAG(s) dict_keys(['latest_only']) retrieved from /home/airflow/.local/lib/python3.7/site-packages/airflow/example_dags/example_latest_only.py
[2023-05-20T15:47:20.651+0000] {logging_mixin.py:149} INFO - [2023-05-20T15:47:20.651+0000] {dag.py:2726} INFO - Sync 1 DAGs
[2023-05-20T15:47:20.691+0000] {logging_mixin.py:149} INFO - [2023-05-20T15:47:20.691+0000] {dag.py:3490} INFO - Setting next_dagrun for latest_only to 2023-05-20T11:47:20.690785+00:00, run_after=2023-05-20T15:47:20.690785+00:00
[2023-05-20T15:47:20.720+0000] {processor.py:179} INFO - Processing /home/airflow/.local/lib/python3.7/site-packages/airflow/example_dags/example_latest_only.py took 0.119 seconds
[2023-05-20T15:47:50.861+0000] {processor.py:157} INFO - Started process (PID=3254) to work on /home/airflow/.local/lib/python3.7/site-packages/airflow/example_dags/example_latest_only.py
[2023-05-20T15:47:50.864+0000] {processor.py:826} INFO - Processing file /home/airflow/.local/lib/python3.7/site-packages/airflow/example_dags/example_latest_only.py for tasks to queue
[2023-05-20T15:47:50.865+0000] {logging_mixin.py:149} INFO - [2023-05-20T15:47:50.865+0000] {dagbag.py:541} INFO - Filling up the DagBag from /home/airflow/.local/lib/python3.7/site-packages/airflow/example_dags/example_latest_only.py
[2023-05-20T15:47:50.875+0000] {processor.py:836} INFO - DAG(s) dict_keys(['latest_only']) retrieved from /home/airflow/.local/lib/python3.7/site-packages/airflow/example_dags/example_latest_only.py
[2023-05-20T15:47:50.914+0000] {logging_mixin.py:149} INFO - [2023-05-20T15:47:50.914+0000] {dag.py:2726} INFO - Sync 1 DAGs
[2023-05-20T15:47:50.953+0000] {logging_mixin.py:149} INFO - [2023-05-20T15:47:50.953+0000] {dag.py:3490} INFO - Setting next_dagrun for latest_only to 2023-05-20T11:47:50.953393+00:00, run_after=2023-05-20T15:47:50.953393+00:00
[2023-05-20T15:47:50.985+0000] {processor.py:179} INFO - Processing /home/airflow/.local/lib/python3.7/site-packages/airflow/example_dags/example_latest_only.py took 0.130 seconds
[2023-05-20T15:48:21.469+0000] {processor.py:157} INFO - Started process (PID=3313) to work on /home/airflow/.local/lib/python3.7/site-packages/airflow/example_dags/example_latest_only.py
[2023-05-20T15:48:21.473+0000] {processor.py:826} INFO - Processing file /home/airflow/.local/lib/python3.7/site-packages/airflow/example_dags/example_latest_only.py for tasks to queue
[2023-05-20T15:48:21.476+0000] {logging_mixin.py:149} INFO - [2023-05-20T15:48:21.475+0000] {dagbag.py:541} INFO - Filling up the DagBag from /home/airflow/.local/lib/python3.7/site-packages/airflow/example_dags/example_latest_only.py
[2023-05-20T15:48:21.503+0000] {processor.py:836} INFO - DAG(s) dict_keys(['latest_only']) retrieved from /home/airflow/.local/lib/python3.7/site-packages/airflow/example_dags/example_latest_only.py
[2023-05-20T15:48:21.582+0000] {logging_mixin.py:149} INFO - [2023-05-20T15:48:21.581+0000] {dag.py:2726} INFO - Sync 1 DAGs
[2023-05-20T15:48:21.663+0000] {logging_mixin.py:149} INFO - [2023-05-20T15:48:21.662+0000] {dag.py:3490} INFO - Setting next_dagrun for latest_only to 2023-05-20T11:48:21.661935+00:00, run_after=2023-05-20T15:48:21.661935+00:00
[2023-05-20T15:48:21.718+0000] {processor.py:179} INFO - Processing /home/airflow/.local/lib/python3.7/site-packages/airflow/example_dags/example_latest_only.py took 0.259 seconds
[2023-05-20T15:48:52.010+0000] {processor.py:157} INFO - Started process (PID=3364) to work on /home/airflow/.local/lib/python3.7/site-packages/airflow/example_dags/example_latest_only.py
[2023-05-20T15:48:52.012+0000] {processor.py:826} INFO - Processing file /home/airflow/.local/lib/python3.7/site-packages/airflow/example_dags/example_latest_only.py for tasks to queue
[2023-05-20T15:48:52.014+0000] {logging_mixin.py:149} INFO - [2023-05-20T15:48:52.014+0000] {dagbag.py:541} INFO - Filling up the DagBag from /home/airflow/.local/lib/python3.7/site-packages/airflow/example_dags/example_latest_only.py
[2023-05-20T15:48:52.025+0000] {processor.py:836} INFO - DAG(s) dict_keys(['latest_only']) retrieved from /home/airflow/.local/lib/python3.7/site-packages/airflow/example_dags/example_latest_only.py
[2023-05-20T15:48:52.064+0000] {logging_mixin.py:149} INFO - [2023-05-20T15:48:52.064+0000] {dag.py:2726} INFO - Sync 1 DAGs
[2023-05-20T15:48:52.118+0000] {logging_mixin.py:149} INFO - [2023-05-20T15:48:52.118+0000] {dag.py:3490} INFO - Setting next_dagrun for latest_only to 2023-05-20T11:48:52.117807+00:00, run_after=2023-05-20T15:48:52.117807+00:00
[2023-05-20T15:48:52.158+0000] {processor.py:179} INFO - Processing /home/airflow/.local/lib/python3.7/site-packages/airflow/example_dags/example_latest_only.py took 0.155 seconds
[2023-05-20T15:49:22.989+0000] {processor.py:157} INFO - Started process (PID=3422) to work on /home/airflow/.local/lib/python3.7/site-packages/airflow/example_dags/example_latest_only.py
[2023-05-20T15:49:22.993+0000] {processor.py:826} INFO - Processing file /home/airflow/.local/lib/python3.7/site-packages/airflow/example_dags/example_latest_only.py for tasks to queue
[2023-05-20T15:49:22.995+0000] {logging_mixin.py:149} INFO - [2023-05-20T15:49:22.995+0000] {dagbag.py:541} INFO - Filling up the DagBag from /home/airflow/.local/lib/python3.7/site-packages/airflow/example_dags/example_latest_only.py
[2023-05-20T15:49:23.005+0000] {processor.py:836} INFO - DAG(s) dict_keys(['latest_only']) retrieved from /home/airflow/.local/lib/python3.7/site-packages/airflow/example_dags/example_latest_only.py
[2023-05-20T15:49:23.038+0000] {logging_mixin.py:149} INFO - [2023-05-20T15:49:23.038+0000] {dag.py:2726} INFO - Sync 1 DAGs
[2023-05-20T15:49:23.069+0000] {logging_mixin.py:149} INFO - [2023-05-20T15:49:23.069+0000] {dag.py:3490} INFO - Setting next_dagrun for latest_only to 2023-05-20T11:49:23.069221+00:00, run_after=2023-05-20T15:49:23.069221+00:00
[2023-05-20T15:49:23.091+0000] {processor.py:179} INFO - Processing /home/airflow/.local/lib/python3.7/site-packages/airflow/example_dags/example_latest_only.py took 0.108 seconds
[2023-05-20T15:49:53.257+0000] {processor.py:157} INFO - Started process (PID=3480) to work on /home/airflow/.local/lib/python3.7/site-packages/airflow/example_dags/example_latest_only.py
[2023-05-20T15:49:53.259+0000] {processor.py:826} INFO - Processing file /home/airflow/.local/lib/python3.7/site-packages/airflow/example_dags/example_latest_only.py for tasks to queue
[2023-05-20T15:49:53.260+0000] {logging_mixin.py:149} INFO - [2023-05-20T15:49:53.260+0000] {dagbag.py:541} INFO - Filling up the DagBag from /home/airflow/.local/lib/python3.7/site-packages/airflow/example_dags/example_latest_only.py
[2023-05-20T15:49:53.269+0000] {processor.py:836} INFO - DAG(s) dict_keys(['latest_only']) retrieved from /home/airflow/.local/lib/python3.7/site-packages/airflow/example_dags/example_latest_only.py
[2023-05-20T15:49:53.302+0000] {logging_mixin.py:149} INFO - [2023-05-20T15:49:53.301+0000] {dag.py:2726} INFO - Sync 1 DAGs
[2023-05-20T15:49:53.331+0000] {logging_mixin.py:149} INFO - [2023-05-20T15:49:53.331+0000] {dag.py:3490} INFO - Setting next_dagrun for latest_only to 2023-05-20T11:49:53.331475+00:00, run_after=2023-05-20T15:49:53.331475+00:00
[2023-05-20T15:49:53.354+0000] {processor.py:179} INFO - Processing /home/airflow/.local/lib/python3.7/site-packages/airflow/example_dags/example_latest_only.py took 0.102 seconds
[2023-05-20T16:08:47.651+0000] {processor.py:157} INFO - Started process (PID=56) to work on /home/airflow/.local/lib/python3.7/site-packages/airflow/example_dags/example_latest_only.py
[2023-05-20T16:08:47.653+0000] {processor.py:826} INFO - Processing file /home/airflow/.local/lib/python3.7/site-packages/airflow/example_dags/example_latest_only.py for tasks to queue
[2023-05-20T16:08:47.655+0000] {logging_mixin.py:149} INFO - [2023-05-20T16:08:47.655+0000] {dagbag.py:541} INFO - Filling up the DagBag from /home/airflow/.local/lib/python3.7/site-packages/airflow/example_dags/example_latest_only.py
[2023-05-20T16:08:47.664+0000] {processor.py:836} INFO - DAG(s) dict_keys(['latest_only']) retrieved from /home/airflow/.local/lib/python3.7/site-packages/airflow/example_dags/example_latest_only.py
[2023-05-20T16:08:47.687+0000] {logging_mixin.py:149} INFO - [2023-05-20T16:08:47.687+0000] {dag.py:2726} INFO - Sync 1 DAGs
[2023-05-20T16:08:47.753+0000] {logging_mixin.py:149} INFO - [2023-05-20T16:08:47.753+0000] {dag.py:3490} INFO - Setting next_dagrun for latest_only to 2023-05-20T12:08:47.752273+00:00, run_after=2023-05-20T16:08:47.752273+00:00
[2023-05-20T16:08:47.813+0000] {processor.py:179} INFO - Processing /home/airflow/.local/lib/python3.7/site-packages/airflow/example_dags/example_latest_only.py took 0.167 seconds
[2023-05-20T16:09:18.754+0000] {processor.py:157} INFO - Started process (PID=114) to work on /home/airflow/.local/lib/python3.7/site-packages/airflow/example_dags/example_latest_only.py
[2023-05-20T16:09:18.757+0000] {processor.py:826} INFO - Processing file /home/airflow/.local/lib/python3.7/site-packages/airflow/example_dags/example_latest_only.py for tasks to queue
[2023-05-20T16:09:18.759+0000] {logging_mixin.py:149} INFO - [2023-05-20T16:09:18.759+0000] {dagbag.py:541} INFO - Filling up the DagBag from /home/airflow/.local/lib/python3.7/site-packages/airflow/example_dags/example_latest_only.py
[2023-05-20T16:09:18.768+0000] {processor.py:836} INFO - DAG(s) dict_keys(['latest_only']) retrieved from /home/airflow/.local/lib/python3.7/site-packages/airflow/example_dags/example_latest_only.py
[2023-05-20T16:09:18.806+0000] {logging_mixin.py:149} INFO - [2023-05-20T16:09:18.806+0000] {dag.py:2726} INFO - Sync 1 DAGs
[2023-05-20T16:09:18.848+0000] {logging_mixin.py:149} INFO - [2023-05-20T16:09:18.848+0000] {dag.py:3490} INFO - Setting next_dagrun for latest_only to 2023-05-20T12:09:18.847728+00:00, run_after=2023-05-20T16:09:18.847728+00:00
[2023-05-20T16:09:18.876+0000] {processor.py:179} INFO - Processing /home/airflow/.local/lib/python3.7/site-packages/airflow/example_dags/example_latest_only.py took 0.126 seconds
[2023-05-20T16:09:49.356+0000] {processor.py:157} INFO - Started process (PID=172) to work on /home/airflow/.local/lib/python3.7/site-packages/airflow/example_dags/example_latest_only.py
[2023-05-20T16:09:49.359+0000] {processor.py:826} INFO - Processing file /home/airflow/.local/lib/python3.7/site-packages/airflow/example_dags/example_latest_only.py for tasks to queue
[2023-05-20T16:09:49.366+0000] {logging_mixin.py:149} INFO - [2023-05-20T16:09:49.365+0000] {dagbag.py:541} INFO - Filling up the DagBag from /home/airflow/.local/lib/python3.7/site-packages/airflow/example_dags/example_latest_only.py
[2023-05-20T16:09:49.386+0000] {processor.py:836} INFO - DAG(s) dict_keys(['latest_only']) retrieved from /home/airflow/.local/lib/python3.7/site-packages/airflow/example_dags/example_latest_only.py
[2023-05-20T16:09:49.474+0000] {logging_mixin.py:149} INFO - [2023-05-20T16:09:49.474+0000] {dag.py:2726} INFO - Sync 1 DAGs
[2023-05-20T16:09:49.541+0000] {logging_mixin.py:149} INFO - [2023-05-20T16:09:49.541+0000] {dag.py:3490} INFO - Setting next_dagrun for latest_only to 2023-05-20T12:09:49.540368+00:00, run_after=2023-05-20T16:09:49.540368+00:00
[2023-05-20T16:09:49.595+0000] {processor.py:179} INFO - Processing /home/airflow/.local/lib/python3.7/site-packages/airflow/example_dags/example_latest_only.py took 0.248 seconds
[2023-05-20T16:10:20.855+0000] {processor.py:157} INFO - Started process (PID=230) to work on /home/airflow/.local/lib/python3.7/site-packages/airflow/example_dags/example_latest_only.py
[2023-05-20T16:10:20.858+0000] {processor.py:826} INFO - Processing file /home/airflow/.local/lib/python3.7/site-packages/airflow/example_dags/example_latest_only.py for tasks to queue
[2023-05-20T16:10:20.860+0000] {logging_mixin.py:149} INFO - [2023-05-20T16:10:20.860+0000] {dagbag.py:541} INFO - Filling up the DagBag from /home/airflow/.local/lib/python3.7/site-packages/airflow/example_dags/example_latest_only.py
[2023-05-20T16:10:20.876+0000] {processor.py:836} INFO - DAG(s) dict_keys(['latest_only']) retrieved from /home/airflow/.local/lib/python3.7/site-packages/airflow/example_dags/example_latest_only.py
[2023-05-20T16:10:20.941+0000] {logging_mixin.py:149} INFO - [2023-05-20T16:10:20.941+0000] {dag.py:2726} INFO - Sync 1 DAGs
[2023-05-20T16:10:21.009+0000] {logging_mixin.py:149} INFO - [2023-05-20T16:10:21.009+0000] {dag.py:3490} INFO - Setting next_dagrun for latest_only to 2023-05-20T12:10:21.008593+00:00, run_after=2023-05-20T16:10:21.008593+00:00
[2023-05-20T16:10:21.067+0000] {processor.py:179} INFO - Processing /home/airflow/.local/lib/python3.7/site-packages/airflow/example_dags/example_latest_only.py took 0.221 seconds
[2023-05-20T16:10:51.177+0000] {processor.py:157} INFO - Started process (PID=288) to work on /home/airflow/.local/lib/python3.7/site-packages/airflow/example_dags/example_latest_only.py
[2023-05-20T16:10:51.179+0000] {processor.py:826} INFO - Processing file /home/airflow/.local/lib/python3.7/site-packages/airflow/example_dags/example_latest_only.py for tasks to queue
[2023-05-20T16:10:51.182+0000] {logging_mixin.py:149} INFO - [2023-05-20T16:10:51.181+0000] {dagbag.py:541} INFO - Filling up the DagBag from /home/airflow/.local/lib/python3.7/site-packages/airflow/example_dags/example_latest_only.py
[2023-05-20T16:10:51.192+0000] {processor.py:836} INFO - DAG(s) dict_keys(['latest_only']) retrieved from /home/airflow/.local/lib/python3.7/site-packages/airflow/example_dags/example_latest_only.py
[2023-05-20T16:10:51.234+0000] {logging_mixin.py:149} INFO - [2023-05-20T16:10:51.234+0000] {dag.py:2726} INFO - Sync 1 DAGs
[2023-05-20T16:10:51.285+0000] {logging_mixin.py:149} INFO - [2023-05-20T16:10:51.284+0000] {dag.py:3490} INFO - Setting next_dagrun for latest_only to 2023-05-20T12:10:51.284601+00:00, run_after=2023-05-20T16:10:51.284601+00:00
[2023-05-20T16:10:51.319+0000] {processor.py:179} INFO - Processing /home/airflow/.local/lib/python3.7/site-packages/airflow/example_dags/example_latest_only.py took 0.148 seconds
[2023-05-20T16:11:22.640+0000] {processor.py:157} INFO - Started process (PID=346) to work on /home/airflow/.local/lib/python3.7/site-packages/airflow/example_dags/example_latest_only.py
[2023-05-20T16:11:22.643+0000] {processor.py:826} INFO - Processing file /home/airflow/.local/lib/python3.7/site-packages/airflow/example_dags/example_latest_only.py for tasks to queue
[2023-05-20T16:11:22.649+0000] {logging_mixin.py:149} INFO - [2023-05-20T16:11:22.648+0000] {dagbag.py:541} INFO - Filling up the DagBag from /home/airflow/.local/lib/python3.7/site-packages/airflow/example_dags/example_latest_only.py
[2023-05-20T16:11:22.673+0000] {processor.py:836} INFO - DAG(s) dict_keys(['latest_only']) retrieved from /home/airflow/.local/lib/python3.7/site-packages/airflow/example_dags/example_latest_only.py
[2023-05-20T16:11:22.798+0000] {logging_mixin.py:149} INFO - [2023-05-20T16:11:22.797+0000] {dag.py:2726} INFO - Sync 1 DAGs
[2023-05-20T16:11:22.906+0000] {logging_mixin.py:149} INFO - [2023-05-20T16:11:22.906+0000] {dag.py:3490} INFO - Setting next_dagrun for latest_only to 2023-05-20T12:11:22.905124+00:00, run_after=2023-05-20T16:11:22.905124+00:00
[2023-05-20T16:11:22.987+0000] {processor.py:179} INFO - Processing /home/airflow/.local/lib/python3.7/site-packages/airflow/example_dags/example_latest_only.py took 0.356 seconds
[2023-05-20T16:11:53.188+0000] {processor.py:157} INFO - Started process (PID=404) to work on /home/airflow/.local/lib/python3.7/site-packages/airflow/example_dags/example_latest_only.py
[2023-05-20T16:11:53.190+0000] {processor.py:826} INFO - Processing file /home/airflow/.local/lib/python3.7/site-packages/airflow/example_dags/example_latest_only.py for tasks to queue
[2023-05-20T16:11:53.192+0000] {logging_mixin.py:149} INFO - [2023-05-20T16:11:53.192+0000] {dagbag.py:541} INFO - Filling up the DagBag from /home/airflow/.local/lib/python3.7/site-packages/airflow/example_dags/example_latest_only.py
[2023-05-20T16:11:53.203+0000] {processor.py:836} INFO - DAG(s) dict_keys(['latest_only']) retrieved from /home/airflow/.local/lib/python3.7/site-packages/airflow/example_dags/example_latest_only.py
[2023-05-20T16:11:53.244+0000] {logging_mixin.py:149} INFO - [2023-05-20T16:11:53.244+0000] {dag.py:2726} INFO - Sync 1 DAGs
[2023-05-20T16:11:53.284+0000] {logging_mixin.py:149} INFO - [2023-05-20T16:11:53.284+0000] {dag.py:3490} INFO - Setting next_dagrun for latest_only to 2023-05-20T12:11:53.283715+00:00, run_after=2023-05-20T16:11:53.283715+00:00
[2023-05-20T16:11:53.309+0000] {processor.py:179} INFO - Processing /home/airflow/.local/lib/python3.7/site-packages/airflow/example_dags/example_latest_only.py took 0.128 seconds
[2023-05-20T16:12:23.823+0000] {processor.py:157} INFO - Started process (PID=462) to work on /home/airflow/.local/lib/python3.7/site-packages/airflow/example_dags/example_latest_only.py
[2023-05-20T16:12:23.826+0000] {processor.py:826} INFO - Processing file /home/airflow/.local/lib/python3.7/site-packages/airflow/example_dags/example_latest_only.py for tasks to queue
[2023-05-20T16:12:23.831+0000] {logging_mixin.py:149} INFO - [2023-05-20T16:12:23.830+0000] {dagbag.py:541} INFO - Filling up the DagBag from /home/airflow/.local/lib/python3.7/site-packages/airflow/example_dags/example_latest_only.py
[2023-05-20T16:12:23.845+0000] {processor.py:836} INFO - DAG(s) dict_keys(['latest_only']) retrieved from /home/airflow/.local/lib/python3.7/site-packages/airflow/example_dags/example_latest_only.py
[2023-05-20T16:12:23.886+0000] {logging_mixin.py:149} INFO - [2023-05-20T16:12:23.886+0000] {dag.py:2726} INFO - Sync 1 DAGs
[2023-05-20T16:12:23.940+0000] {logging_mixin.py:149} INFO - [2023-05-20T16:12:23.939+0000] {dag.py:3490} INFO - Setting next_dagrun for latest_only to 2023-05-20T12:12:23.939306+00:00, run_after=2023-05-20T16:12:23.939306+00:00
[2023-05-20T16:12:23.973+0000] {processor.py:179} INFO - Processing /home/airflow/.local/lib/python3.7/site-packages/airflow/example_dags/example_latest_only.py took 0.154 seconds
[2023-05-20T16:12:54.162+0000] {processor.py:157} INFO - Started process (PID=520) to work on /home/airflow/.local/lib/python3.7/site-packages/airflow/example_dags/example_latest_only.py
[2023-05-20T16:12:54.164+0000] {processor.py:826} INFO - Processing file /home/airflow/.local/lib/python3.7/site-packages/airflow/example_dags/example_latest_only.py for tasks to queue
[2023-05-20T16:12:54.166+0000] {logging_mixin.py:149} INFO - [2023-05-20T16:12:54.166+0000] {dagbag.py:541} INFO - Filling up the DagBag from /home/airflow/.local/lib/python3.7/site-packages/airflow/example_dags/example_latest_only.py
[2023-05-20T16:12:54.175+0000] {processor.py:836} INFO - DAG(s) dict_keys(['latest_only']) retrieved from /home/airflow/.local/lib/python3.7/site-packages/airflow/example_dags/example_latest_only.py
[2023-05-20T16:12:54.215+0000] {logging_mixin.py:149} INFO - [2023-05-20T16:12:54.215+0000] {dag.py:2726} INFO - Sync 1 DAGs
[2023-05-20T16:12:54.251+0000] {logging_mixin.py:149} INFO - [2023-05-20T16:12:54.251+0000] {dag.py:3490} INFO - Setting next_dagrun for latest_only to 2023-05-20T12:12:54.251484+00:00, run_after=2023-05-20T16:12:54.251484+00:00
[2023-05-20T16:12:54.279+0000] {processor.py:179} INFO - Processing /home/airflow/.local/lib/python3.7/site-packages/airflow/example_dags/example_latest_only.py took 0.122 seconds
[2023-05-20T16:13:24.743+0000] {processor.py:157} INFO - Started process (PID=578) to work on /home/airflow/.local/lib/python3.7/site-packages/airflow/example_dags/example_latest_only.py
[2023-05-20T16:13:24.745+0000] {processor.py:826} INFO - Processing file /home/airflow/.local/lib/python3.7/site-packages/airflow/example_dags/example_latest_only.py for tasks to queue
[2023-05-20T16:13:24.785+0000] {logging_mixin.py:149} INFO - [2023-05-20T16:13:24.784+0000] {dagbag.py:541} INFO - Filling up the DagBag from /home/airflow/.local/lib/python3.7/site-packages/airflow/example_dags/example_latest_only.py
[2023-05-20T16:13:24.796+0000] {processor.py:836} INFO - DAG(s) dict_keys(['latest_only']) retrieved from /home/airflow/.local/lib/python3.7/site-packages/airflow/example_dags/example_latest_only.py
[2023-05-20T16:13:24.834+0000] {logging_mixin.py:149} INFO - [2023-05-20T16:13:24.833+0000] {dag.py:2726} INFO - Sync 1 DAGs
[2023-05-20T16:13:24.867+0000] {logging_mixin.py:149} INFO - [2023-05-20T16:13:24.867+0000] {dag.py:3490} INFO - Setting next_dagrun for latest_only to 2023-05-20T12:13:24.867368+00:00, run_after=2023-05-20T16:13:24.867368+00:00
[2023-05-20T16:13:24.888+0000] {processor.py:179} INFO - Processing /home/airflow/.local/lib/python3.7/site-packages/airflow/example_dags/example_latest_only.py took 0.150 seconds
