[2023-05-20T15:19:50.075+0000] {processor.py:157} INFO - Started process (PID=62) to work on /home/airflow/.local/lib/python3.7/site-packages/airflow/example_dags/example_skip_dag.py
[2023-05-20T15:19:50.079+0000] {processor.py:826} INFO - Processing file /home/airflow/.local/lib/python3.7/site-packages/airflow/example_dags/example_skip_dag.py for tasks to queue
[2023-05-20T15:19:50.082+0000] {logging_mixin.py:149} INFO - [2023-05-20T15:19:50.082+0000] {dagbag.py:541} INFO - Filling up the DagBag from /home/airflow/.local/lib/python3.7/site-packages/airflow/example_dags/example_skip_dag.py
[2023-05-20T15:19:50.120+0000] {processor.py:836} INFO - DAG(s) dict_keys(['example_skip_dag']) retrieved from /home/airflow/.local/lib/python3.7/site-packages/airflow/example_dags/example_skip_dag.py
[2023-05-20T15:19:50.169+0000] {logging_mixin.py:149} INFO - [2023-05-20T15:19:50.169+0000] {dag.py:2726} INFO - Sync 1 DAGs
[2023-05-20T15:19:50.225+0000] {logging_mixin.py:149} INFO - [2023-05-20T15:19:50.224+0000] {dag.py:3490} INFO - Setting next_dagrun for example_skip_dag to 2023-05-19T15:19:50.224205+00:00, run_after=2023-05-20T15:19:50.224205+00:00
[2023-05-20T15:19:50.263+0000] {processor.py:179} INFO - Processing /home/airflow/.local/lib/python3.7/site-packages/airflow/example_dags/example_skip_dag.py took 0.202 seconds
[2023-05-20T15:20:22.074+0000] {processor.py:157} INFO - Started process (PID=120) to work on /home/airflow/.local/lib/python3.7/site-packages/airflow/example_dags/example_skip_dag.py
[2023-05-20T15:20:22.076+0000] {processor.py:826} INFO - Processing file /home/airflow/.local/lib/python3.7/site-packages/airflow/example_dags/example_skip_dag.py for tasks to queue
[2023-05-20T15:20:22.077+0000] {logging_mixin.py:149} INFO - [2023-05-20T15:20:22.077+0000] {dagbag.py:541} INFO - Filling up the DagBag from /home/airflow/.local/lib/python3.7/site-packages/airflow/example_dags/example_skip_dag.py
[2023-05-20T15:20:22.090+0000] {processor.py:836} INFO - DAG(s) dict_keys(['example_skip_dag']) retrieved from /home/airflow/.local/lib/python3.7/site-packages/airflow/example_dags/example_skip_dag.py
[2023-05-20T15:20:22.129+0000] {logging_mixin.py:149} INFO - [2023-05-20T15:20:22.129+0000] {dag.py:2726} INFO - Sync 1 DAGs
[2023-05-20T15:20:22.180+0000] {logging_mixin.py:149} INFO - [2023-05-20T15:20:22.180+0000] {dag.py:3490} INFO - Setting next_dagrun for example_skip_dag to 2023-05-19T15:20:22.179601+00:00, run_after=2023-05-20T15:20:22.179601+00:00
[2023-05-20T15:20:22.215+0000] {processor.py:179} INFO - Processing /home/airflow/.local/lib/python3.7/site-packages/airflow/example_dags/example_skip_dag.py took 0.146 seconds
[2023-05-20T15:20:53.018+0000] {processor.py:157} INFO - Started process (PID=178) to work on /home/airflow/.local/lib/python3.7/site-packages/airflow/example_dags/example_skip_dag.py
[2023-05-20T15:20:53.020+0000] {processor.py:826} INFO - Processing file /home/airflow/.local/lib/python3.7/site-packages/airflow/example_dags/example_skip_dag.py for tasks to queue
[2023-05-20T15:20:53.022+0000] {logging_mixin.py:149} INFO - [2023-05-20T15:20:53.021+0000] {dagbag.py:541} INFO - Filling up the DagBag from /home/airflow/.local/lib/python3.7/site-packages/airflow/example_dags/example_skip_dag.py
[2023-05-20T15:20:53.031+0000] {processor.py:836} INFO - DAG(s) dict_keys(['example_skip_dag']) retrieved from /home/airflow/.local/lib/python3.7/site-packages/airflow/example_dags/example_skip_dag.py
[2023-05-20T15:20:53.062+0000] {logging_mixin.py:149} INFO - [2023-05-20T15:20:53.062+0000] {dag.py:2726} INFO - Sync 1 DAGs
[2023-05-20T15:20:53.093+0000] {logging_mixin.py:149} INFO - [2023-05-20T15:20:53.093+0000] {dag.py:3490} INFO - Setting next_dagrun for example_skip_dag to 2023-05-19T15:20:53.093378+00:00, run_after=2023-05-20T15:20:53.093378+00:00
[2023-05-20T15:20:53.117+0000] {processor.py:179} INFO - Processing /home/airflow/.local/lib/python3.7/site-packages/airflow/example_dags/example_skip_dag.py took 0.104 seconds
[2023-05-20T15:21:23.437+0000] {processor.py:157} INFO - Started process (PID=236) to work on /home/airflow/.local/lib/python3.7/site-packages/airflow/example_dags/example_skip_dag.py
[2023-05-20T15:21:23.444+0000] {processor.py:826} INFO - Processing file /home/airflow/.local/lib/python3.7/site-packages/airflow/example_dags/example_skip_dag.py for tasks to queue
[2023-05-20T15:21:23.447+0000] {logging_mixin.py:149} INFO - [2023-05-20T15:21:23.447+0000] {dagbag.py:541} INFO - Filling up the DagBag from /home/airflow/.local/lib/python3.7/site-packages/airflow/example_dags/example_skip_dag.py
[2023-05-20T15:21:23.470+0000] {processor.py:836} INFO - DAG(s) dict_keys(['example_skip_dag']) retrieved from /home/airflow/.local/lib/python3.7/site-packages/airflow/example_dags/example_skip_dag.py
[2023-05-20T15:21:23.547+0000] {logging_mixin.py:149} INFO - [2023-05-20T15:21:23.547+0000] {dag.py:2726} INFO - Sync 1 DAGs
[2023-05-20T15:21:23.616+0000] {logging_mixin.py:149} INFO - [2023-05-20T15:21:23.616+0000] {dag.py:3490} INFO - Setting next_dagrun for example_skip_dag to 2023-05-19T15:21:23.615536+00:00, run_after=2023-05-20T15:21:23.615536+00:00
[2023-05-20T15:21:23.688+0000] {processor.py:179} INFO - Processing /home/airflow/.local/lib/python3.7/site-packages/airflow/example_dags/example_skip_dag.py took 0.259 seconds
[2023-05-20T15:21:53.739+0000] {processor.py:157} INFO - Started process (PID=293) to work on /home/airflow/.local/lib/python3.7/site-packages/airflow/example_dags/example_skip_dag.py
[2023-05-20T15:21:53.741+0000] {processor.py:826} INFO - Processing file /home/airflow/.local/lib/python3.7/site-packages/airflow/example_dags/example_skip_dag.py for tasks to queue
[2023-05-20T15:21:53.742+0000] {logging_mixin.py:149} INFO - [2023-05-20T15:21:53.742+0000] {dagbag.py:541} INFO - Filling up the DagBag from /home/airflow/.local/lib/python3.7/site-packages/airflow/example_dags/example_skip_dag.py
[2023-05-20T15:21:53.752+0000] {processor.py:836} INFO - DAG(s) dict_keys(['example_skip_dag']) retrieved from /home/airflow/.local/lib/python3.7/site-packages/airflow/example_dags/example_skip_dag.py
[2023-05-20T15:21:53.788+0000] {logging_mixin.py:149} INFO - [2023-05-20T15:21:53.788+0000] {dag.py:2726} INFO - Sync 1 DAGs
[2023-05-20T15:21:53.825+0000] {logging_mixin.py:149} INFO - [2023-05-20T15:21:53.825+0000] {dag.py:3490} INFO - Setting next_dagrun for example_skip_dag to 2023-05-19T15:21:53.825272+00:00, run_after=2023-05-20T15:21:53.825272+00:00
[2023-05-20T15:21:53.856+0000] {processor.py:179} INFO - Processing /home/airflow/.local/lib/python3.7/site-packages/airflow/example_dags/example_skip_dag.py took 0.122 seconds
[2023-05-20T15:22:24.763+0000] {processor.py:157} INFO - Started process (PID=351) to work on /home/airflow/.local/lib/python3.7/site-packages/airflow/example_dags/example_skip_dag.py
[2023-05-20T15:22:24.766+0000] {processor.py:826} INFO - Processing file /home/airflow/.local/lib/python3.7/site-packages/airflow/example_dags/example_skip_dag.py for tasks to queue
[2023-05-20T15:22:24.769+0000] {logging_mixin.py:149} INFO - [2023-05-20T15:22:24.768+0000] {dagbag.py:541} INFO - Filling up the DagBag from /home/airflow/.local/lib/python3.7/site-packages/airflow/example_dags/example_skip_dag.py
[2023-05-20T15:22:24.783+0000] {processor.py:836} INFO - DAG(s) dict_keys(['example_skip_dag']) retrieved from /home/airflow/.local/lib/python3.7/site-packages/airflow/example_dags/example_skip_dag.py
[2023-05-20T15:22:24.826+0000] {logging_mixin.py:149} INFO - [2023-05-20T15:22:24.826+0000] {dag.py:2726} INFO - Sync 1 DAGs
[2023-05-20T15:22:24.869+0000] {logging_mixin.py:149} INFO - [2023-05-20T15:22:24.869+0000] {dag.py:3490} INFO - Setting next_dagrun for example_skip_dag to 2023-05-19T15:22:24.868871+00:00, run_after=2023-05-20T15:22:24.868871+00:00
[2023-05-20T15:22:24.902+0000] {processor.py:179} INFO - Processing /home/airflow/.local/lib/python3.7/site-packages/airflow/example_dags/example_skip_dag.py took 0.144 seconds
[2023-05-20T15:22:55.254+0000] {processor.py:157} INFO - Started process (PID=409) to work on /home/airflow/.local/lib/python3.7/site-packages/airflow/example_dags/example_skip_dag.py
[2023-05-20T15:22:55.257+0000] {processor.py:826} INFO - Processing file /home/airflow/.local/lib/python3.7/site-packages/airflow/example_dags/example_skip_dag.py for tasks to queue
[2023-05-20T15:22:55.259+0000] {logging_mixin.py:149} INFO - [2023-05-20T15:22:55.258+0000] {dagbag.py:541} INFO - Filling up the DagBag from /home/airflow/.local/lib/python3.7/site-packages/airflow/example_dags/example_skip_dag.py
[2023-05-20T15:22:55.270+0000] {processor.py:836} INFO - DAG(s) dict_keys(['example_skip_dag']) retrieved from /home/airflow/.local/lib/python3.7/site-packages/airflow/example_dags/example_skip_dag.py
[2023-05-20T15:22:55.305+0000] {logging_mixin.py:149} INFO - [2023-05-20T15:22:55.305+0000] {dag.py:2726} INFO - Sync 1 DAGs
[2023-05-20T15:22:55.337+0000] {logging_mixin.py:149} INFO - [2023-05-20T15:22:55.337+0000] {dag.py:3490} INFO - Setting next_dagrun for example_skip_dag to 2023-05-19T15:22:55.337049+00:00, run_after=2023-05-20T15:22:55.337049+00:00
[2023-05-20T15:22:55.367+0000] {processor.py:179} INFO - Processing /home/airflow/.local/lib/python3.7/site-packages/airflow/example_dags/example_skip_dag.py took 0.118 seconds
[2023-05-20T15:23:25.493+0000] {processor.py:157} INFO - Started process (PID=467) to work on /home/airflow/.local/lib/python3.7/site-packages/airflow/example_dags/example_skip_dag.py
[2023-05-20T15:23:25.495+0000] {processor.py:826} INFO - Processing file /home/airflow/.local/lib/python3.7/site-packages/airflow/example_dags/example_skip_dag.py for tasks to queue
[2023-05-20T15:23:25.496+0000] {logging_mixin.py:149} INFO - [2023-05-20T15:23:25.496+0000] {dagbag.py:541} INFO - Filling up the DagBag from /home/airflow/.local/lib/python3.7/site-packages/airflow/example_dags/example_skip_dag.py
[2023-05-20T15:23:25.506+0000] {processor.py:836} INFO - DAG(s) dict_keys(['example_skip_dag']) retrieved from /home/airflow/.local/lib/python3.7/site-packages/airflow/example_dags/example_skip_dag.py
[2023-05-20T15:23:25.536+0000] {logging_mixin.py:149} INFO - [2023-05-20T15:23:25.536+0000] {dag.py:2726} INFO - Sync 1 DAGs
[2023-05-20T15:23:25.566+0000] {logging_mixin.py:149} INFO - [2023-05-20T15:23:25.566+0000] {dag.py:3490} INFO - Setting next_dagrun for example_skip_dag to 2023-05-19T15:23:25.565815+00:00, run_after=2023-05-20T15:23:25.565815+00:00
[2023-05-20T15:23:25.588+0000] {processor.py:179} INFO - Processing /home/airflow/.local/lib/python3.7/site-packages/airflow/example_dags/example_skip_dag.py took 0.099 seconds
[2023-05-20T15:23:56.927+0000] {processor.py:157} INFO - Started process (PID=525) to work on /home/airflow/.local/lib/python3.7/site-packages/airflow/example_dags/example_skip_dag.py
[2023-05-20T15:23:56.929+0000] {processor.py:826} INFO - Processing file /home/airflow/.local/lib/python3.7/site-packages/airflow/example_dags/example_skip_dag.py for tasks to queue
[2023-05-20T15:23:56.930+0000] {logging_mixin.py:149} INFO - [2023-05-20T15:23:56.930+0000] {dagbag.py:541} INFO - Filling up the DagBag from /home/airflow/.local/lib/python3.7/site-packages/airflow/example_dags/example_skip_dag.py
[2023-05-20T15:23:56.942+0000] {processor.py:836} INFO - DAG(s) dict_keys(['example_skip_dag']) retrieved from /home/airflow/.local/lib/python3.7/site-packages/airflow/example_dags/example_skip_dag.py
[2023-05-20T15:23:56.976+0000] {logging_mixin.py:149} INFO - [2023-05-20T15:23:56.976+0000] {dag.py:2726} INFO - Sync 1 DAGs
[2023-05-20T15:23:57.009+0000] {logging_mixin.py:149} INFO - [2023-05-20T15:23:57.009+0000] {dag.py:3490} INFO - Setting next_dagrun for example_skip_dag to 2023-05-19T15:23:57.009219+00:00, run_after=2023-05-20T15:23:57.009219+00:00
[2023-05-20T15:23:57.034+0000] {processor.py:179} INFO - Processing /home/airflow/.local/lib/python3.7/site-packages/airflow/example_dags/example_skip_dag.py took 0.112 seconds
[2023-05-20T15:24:27.502+0000] {processor.py:157} INFO - Started process (PID=583) to work on /home/airflow/.local/lib/python3.7/site-packages/airflow/example_dags/example_skip_dag.py
[2023-05-20T15:24:27.504+0000] {processor.py:826} INFO - Processing file /home/airflow/.local/lib/python3.7/site-packages/airflow/example_dags/example_skip_dag.py for tasks to queue
[2023-05-20T15:24:27.505+0000] {logging_mixin.py:149} INFO - [2023-05-20T15:24:27.505+0000] {dagbag.py:541} INFO - Filling up the DagBag from /home/airflow/.local/lib/python3.7/site-packages/airflow/example_dags/example_skip_dag.py
[2023-05-20T15:24:27.515+0000] {processor.py:836} INFO - DAG(s) dict_keys(['example_skip_dag']) retrieved from /home/airflow/.local/lib/python3.7/site-packages/airflow/example_dags/example_skip_dag.py
[2023-05-20T15:24:27.548+0000] {logging_mixin.py:149} INFO - [2023-05-20T15:24:27.547+0000] {dag.py:2726} INFO - Sync 1 DAGs
[2023-05-20T15:24:27.582+0000] {logging_mixin.py:149} INFO - [2023-05-20T15:24:27.582+0000] {dag.py:3490} INFO - Setting next_dagrun for example_skip_dag to 2023-05-19T15:24:27.581514+00:00, run_after=2023-05-20T15:24:27.581514+00:00
[2023-05-20T15:24:27.608+0000] {processor.py:179} INFO - Processing /home/airflow/.local/lib/python3.7/site-packages/airflow/example_dags/example_skip_dag.py took 0.111 seconds
[2023-05-20T15:24:58.089+0000] {processor.py:157} INFO - Started process (PID=641) to work on /home/airflow/.local/lib/python3.7/site-packages/airflow/example_dags/example_skip_dag.py
[2023-05-20T15:24:58.091+0000] {processor.py:826} INFO - Processing file /home/airflow/.local/lib/python3.7/site-packages/airflow/example_dags/example_skip_dag.py for tasks to queue
[2023-05-20T15:24:58.093+0000] {logging_mixin.py:149} INFO - [2023-05-20T15:24:58.092+0000] {dagbag.py:541} INFO - Filling up the DagBag from /home/airflow/.local/lib/python3.7/site-packages/airflow/example_dags/example_skip_dag.py
[2023-05-20T15:24:58.107+0000] {processor.py:836} INFO - DAG(s) dict_keys(['example_skip_dag']) retrieved from /home/airflow/.local/lib/python3.7/site-packages/airflow/example_dags/example_skip_dag.py
[2023-05-20T15:24:58.139+0000] {logging_mixin.py:149} INFO - [2023-05-20T15:24:58.139+0000] {dag.py:2726} INFO - Sync 1 DAGs
[2023-05-20T15:24:58.174+0000] {logging_mixin.py:149} INFO - [2023-05-20T15:24:58.173+0000] {dag.py:3490} INFO - Setting next_dagrun for example_skip_dag to 2023-05-19T15:24:58.173478+00:00, run_after=2023-05-20T15:24:58.173478+00:00
[2023-05-20T15:24:58.200+0000] {processor.py:179} INFO - Processing /home/airflow/.local/lib/python3.7/site-packages/airflow/example_dags/example_skip_dag.py took 0.118 seconds
[2023-05-20T15:25:28.925+0000] {processor.py:157} INFO - Started process (PID=699) to work on /home/airflow/.local/lib/python3.7/site-packages/airflow/example_dags/example_skip_dag.py
[2023-05-20T15:25:28.928+0000] {processor.py:826} INFO - Processing file /home/airflow/.local/lib/python3.7/site-packages/airflow/example_dags/example_skip_dag.py for tasks to queue
[2023-05-20T15:25:28.930+0000] {logging_mixin.py:149} INFO - [2023-05-20T15:25:28.929+0000] {dagbag.py:541} INFO - Filling up the DagBag from /home/airflow/.local/lib/python3.7/site-packages/airflow/example_dags/example_skip_dag.py
[2023-05-20T15:25:28.939+0000] {processor.py:836} INFO - DAG(s) dict_keys(['example_skip_dag']) retrieved from /home/airflow/.local/lib/python3.7/site-packages/airflow/example_dags/example_skip_dag.py
[2023-05-20T15:25:28.974+0000] {logging_mixin.py:149} INFO - [2023-05-20T15:25:28.974+0000] {dag.py:2726} INFO - Sync 1 DAGs
[2023-05-20T15:25:29.006+0000] {logging_mixin.py:149} INFO - [2023-05-20T15:25:29.006+0000] {dag.py:3490} INFO - Setting next_dagrun for example_skip_dag to 2023-05-19T15:25:29.006344+00:00, run_after=2023-05-20T15:25:29.006344+00:00
[2023-05-20T15:25:29.033+0000] {processor.py:179} INFO - Processing /home/airflow/.local/lib/python3.7/site-packages/airflow/example_dags/example_skip_dag.py took 0.112 seconds
[2023-05-20T15:25:59.319+0000] {processor.py:157} INFO - Started process (PID=757) to work on /home/airflow/.local/lib/python3.7/site-packages/airflow/example_dags/example_skip_dag.py
[2023-05-20T15:25:59.321+0000] {processor.py:826} INFO - Processing file /home/airflow/.local/lib/python3.7/site-packages/airflow/example_dags/example_skip_dag.py for tasks to queue
[2023-05-20T15:25:59.323+0000] {logging_mixin.py:149} INFO - [2023-05-20T15:25:59.323+0000] {dagbag.py:541} INFO - Filling up the DagBag from /home/airflow/.local/lib/python3.7/site-packages/airflow/example_dags/example_skip_dag.py
[2023-05-20T15:25:59.332+0000] {processor.py:836} INFO - DAG(s) dict_keys(['example_skip_dag']) retrieved from /home/airflow/.local/lib/python3.7/site-packages/airflow/example_dags/example_skip_dag.py
[2023-05-20T15:25:59.366+0000] {logging_mixin.py:149} INFO - [2023-05-20T15:25:59.366+0000] {dag.py:2726} INFO - Sync 1 DAGs
[2023-05-20T15:25:59.432+0000] {logging_mixin.py:149} INFO - [2023-05-20T15:25:59.431+0000] {dag.py:3490} INFO - Setting next_dagrun for example_skip_dag to 2023-05-19T15:25:59.431557+00:00, run_after=2023-05-20T15:25:59.431557+00:00
[2023-05-20T15:25:59.474+0000] {processor.py:179} INFO - Processing /home/airflow/.local/lib/python3.7/site-packages/airflow/example_dags/example_skip_dag.py took 0.159 seconds
[2023-05-20T15:26:30.393+0000] {processor.py:157} INFO - Started process (PID=815) to work on /home/airflow/.local/lib/python3.7/site-packages/airflow/example_dags/example_skip_dag.py
[2023-05-20T15:26:30.395+0000] {processor.py:826} INFO - Processing file /home/airflow/.local/lib/python3.7/site-packages/airflow/example_dags/example_skip_dag.py for tasks to queue
[2023-05-20T15:26:30.397+0000] {logging_mixin.py:149} INFO - [2023-05-20T15:26:30.397+0000] {dagbag.py:541} INFO - Filling up the DagBag from /home/airflow/.local/lib/python3.7/site-packages/airflow/example_dags/example_skip_dag.py
[2023-05-20T15:26:30.408+0000] {processor.py:836} INFO - DAG(s) dict_keys(['example_skip_dag']) retrieved from /home/airflow/.local/lib/python3.7/site-packages/airflow/example_dags/example_skip_dag.py
[2023-05-20T15:26:30.459+0000] {logging_mixin.py:149} INFO - [2023-05-20T15:26:30.459+0000] {dag.py:2726} INFO - Sync 1 DAGs
[2023-05-20T15:26:30.512+0000] {logging_mixin.py:149} INFO - [2023-05-20T15:26:30.512+0000] {dag.py:3490} INFO - Setting next_dagrun for example_skip_dag to 2023-05-19T15:26:30.512349+00:00, run_after=2023-05-20T15:26:30.512349+00:00
[2023-05-20T15:26:30.540+0000] {processor.py:179} INFO - Processing /home/airflow/.local/lib/python3.7/site-packages/airflow/example_dags/example_skip_dag.py took 0.151 seconds
[2023-05-20T15:27:00.932+0000] {processor.py:157} INFO - Started process (PID=873) to work on /home/airflow/.local/lib/python3.7/site-packages/airflow/example_dags/example_skip_dag.py
[2023-05-20T15:27:00.934+0000] {processor.py:826} INFO - Processing file /home/airflow/.local/lib/python3.7/site-packages/airflow/example_dags/example_skip_dag.py for tasks to queue
[2023-05-20T15:27:00.935+0000] {logging_mixin.py:149} INFO - [2023-05-20T15:27:00.935+0000] {dagbag.py:541} INFO - Filling up the DagBag from /home/airflow/.local/lib/python3.7/site-packages/airflow/example_dags/example_skip_dag.py
[2023-05-20T15:27:00.945+0000] {processor.py:836} INFO - DAG(s) dict_keys(['example_skip_dag']) retrieved from /home/airflow/.local/lib/python3.7/site-packages/airflow/example_dags/example_skip_dag.py
[2023-05-20T15:27:00.979+0000] {logging_mixin.py:149} INFO - [2023-05-20T15:27:00.979+0000] {dag.py:2726} INFO - Sync 1 DAGs
[2023-05-20T15:27:01.015+0000] {logging_mixin.py:149} INFO - [2023-05-20T15:27:01.015+0000] {dag.py:3490} INFO - Setting next_dagrun for example_skip_dag to 2023-05-19T15:27:01.014689+00:00, run_after=2023-05-20T15:27:01.014689+00:00
[2023-05-20T15:27:01.042+0000] {processor.py:179} INFO - Processing /home/airflow/.local/lib/python3.7/site-packages/airflow/example_dags/example_skip_dag.py took 0.115 seconds
[2023-05-20T15:27:31.383+0000] {processor.py:157} INFO - Started process (PID=931) to work on /home/airflow/.local/lib/python3.7/site-packages/airflow/example_dags/example_skip_dag.py
[2023-05-20T15:27:31.385+0000] {processor.py:826} INFO - Processing file /home/airflow/.local/lib/python3.7/site-packages/airflow/example_dags/example_skip_dag.py for tasks to queue
[2023-05-20T15:27:31.387+0000] {logging_mixin.py:149} INFO - [2023-05-20T15:27:31.386+0000] {dagbag.py:541} INFO - Filling up the DagBag from /home/airflow/.local/lib/python3.7/site-packages/airflow/example_dags/example_skip_dag.py
[2023-05-20T15:27:31.397+0000] {processor.py:836} INFO - DAG(s) dict_keys(['example_skip_dag']) retrieved from /home/airflow/.local/lib/python3.7/site-packages/airflow/example_dags/example_skip_dag.py
[2023-05-20T15:27:31.428+0000] {logging_mixin.py:149} INFO - [2023-05-20T15:27:31.428+0000] {dag.py:2726} INFO - Sync 1 DAGs
[2023-05-20T15:27:31.459+0000] {logging_mixin.py:149} INFO - [2023-05-20T15:27:31.458+0000] {dag.py:3490} INFO - Setting next_dagrun for example_skip_dag to 2023-05-19T15:27:31.458709+00:00, run_after=2023-05-20T15:27:31.458709+00:00
[2023-05-20T15:27:31.488+0000] {processor.py:179} INFO - Processing /home/airflow/.local/lib/python3.7/site-packages/airflow/example_dags/example_skip_dag.py took 0.109 seconds
[2023-05-20T15:28:02.092+0000] {processor.py:157} INFO - Started process (PID=989) to work on /home/airflow/.local/lib/python3.7/site-packages/airflow/example_dags/example_skip_dag.py
[2023-05-20T15:28:02.095+0000] {processor.py:826} INFO - Processing file /home/airflow/.local/lib/python3.7/site-packages/airflow/example_dags/example_skip_dag.py for tasks to queue
[2023-05-20T15:28:02.097+0000] {logging_mixin.py:149} INFO - [2023-05-20T15:28:02.097+0000] {dagbag.py:541} INFO - Filling up the DagBag from /home/airflow/.local/lib/python3.7/site-packages/airflow/example_dags/example_skip_dag.py
[2023-05-20T15:28:02.114+0000] {processor.py:836} INFO - DAG(s) dict_keys(['example_skip_dag']) retrieved from /home/airflow/.local/lib/python3.7/site-packages/airflow/example_dags/example_skip_dag.py
[2023-05-20T15:28:02.164+0000] {logging_mixin.py:149} INFO - [2023-05-20T15:28:02.164+0000] {dag.py:2726} INFO - Sync 1 DAGs
[2023-05-20T15:28:02.225+0000] {logging_mixin.py:149} INFO - [2023-05-20T15:28:02.225+0000] {dag.py:3490} INFO - Setting next_dagrun for example_skip_dag to 2023-05-19T15:28:02.224624+00:00, run_after=2023-05-20T15:28:02.224624+00:00
[2023-05-20T15:28:02.277+0000] {processor.py:179} INFO - Processing /home/airflow/.local/lib/python3.7/site-packages/airflow/example_dags/example_skip_dag.py took 0.191 seconds
[2023-05-20T15:28:33.042+0000] {processor.py:157} INFO - Started process (PID=1047) to work on /home/airflow/.local/lib/python3.7/site-packages/airflow/example_dags/example_skip_dag.py
[2023-05-20T15:28:33.047+0000] {processor.py:826} INFO - Processing file /home/airflow/.local/lib/python3.7/site-packages/airflow/example_dags/example_skip_dag.py for tasks to queue
[2023-05-20T15:28:33.048+0000] {logging_mixin.py:149} INFO - [2023-05-20T15:28:33.048+0000] {dagbag.py:541} INFO - Filling up the DagBag from /home/airflow/.local/lib/python3.7/site-packages/airflow/example_dags/example_skip_dag.py
[2023-05-20T15:28:33.058+0000] {processor.py:836} INFO - DAG(s) dict_keys(['example_skip_dag']) retrieved from /home/airflow/.local/lib/python3.7/site-packages/airflow/example_dags/example_skip_dag.py
[2023-05-20T15:28:33.090+0000] {logging_mixin.py:149} INFO - [2023-05-20T15:28:33.089+0000] {dag.py:2726} INFO - Sync 1 DAGs
[2023-05-20T15:28:33.120+0000] {logging_mixin.py:149} INFO - [2023-05-20T15:28:33.120+0000] {dag.py:3490} INFO - Setting next_dagrun for example_skip_dag to 2023-05-19T15:28:33.120255+00:00, run_after=2023-05-20T15:28:33.120255+00:00
[2023-05-20T15:28:33.144+0000] {processor.py:179} INFO - Processing /home/airflow/.local/lib/python3.7/site-packages/airflow/example_dags/example_skip_dag.py took 0.106 seconds
[2023-05-20T15:29:03.542+0000] {processor.py:157} INFO - Started process (PID=1105) to work on /home/airflow/.local/lib/python3.7/site-packages/airflow/example_dags/example_skip_dag.py
[2023-05-20T15:29:03.544+0000] {processor.py:826} INFO - Processing file /home/airflow/.local/lib/python3.7/site-packages/airflow/example_dags/example_skip_dag.py for tasks to queue
[2023-05-20T15:29:03.545+0000] {logging_mixin.py:149} INFO - [2023-05-20T15:29:03.545+0000] {dagbag.py:541} INFO - Filling up the DagBag from /home/airflow/.local/lib/python3.7/site-packages/airflow/example_dags/example_skip_dag.py
[2023-05-20T15:29:03.555+0000] {processor.py:836} INFO - DAG(s) dict_keys(['example_skip_dag']) retrieved from /home/airflow/.local/lib/python3.7/site-packages/airflow/example_dags/example_skip_dag.py
[2023-05-20T15:29:03.586+0000] {logging_mixin.py:149} INFO - [2023-05-20T15:29:03.586+0000] {dag.py:2726} INFO - Sync 1 DAGs
[2023-05-20T15:29:03.615+0000] {logging_mixin.py:149} INFO - [2023-05-20T15:29:03.615+0000] {dag.py:3490} INFO - Setting next_dagrun for example_skip_dag to 2023-05-19T15:29:03.615397+00:00, run_after=2023-05-20T15:29:03.615397+00:00
[2023-05-20T15:29:03.642+0000] {processor.py:179} INFO - Processing /home/airflow/.local/lib/python3.7/site-packages/airflow/example_dags/example_skip_dag.py took 0.104 seconds
[2023-05-20T15:29:34.113+0000] {processor.py:157} INFO - Started process (PID=1163) to work on /home/airflow/.local/lib/python3.7/site-packages/airflow/example_dags/example_skip_dag.py
[2023-05-20T15:29:34.116+0000] {processor.py:826} INFO - Processing file /home/airflow/.local/lib/python3.7/site-packages/airflow/example_dags/example_skip_dag.py for tasks to queue
[2023-05-20T15:29:34.117+0000] {logging_mixin.py:149} INFO - [2023-05-20T15:29:34.117+0000] {dagbag.py:541} INFO - Filling up the DagBag from /home/airflow/.local/lib/python3.7/site-packages/airflow/example_dags/example_skip_dag.py
[2023-05-20T15:29:34.127+0000] {processor.py:836} INFO - DAG(s) dict_keys(['example_skip_dag']) retrieved from /home/airflow/.local/lib/python3.7/site-packages/airflow/example_dags/example_skip_dag.py
[2023-05-20T15:29:34.157+0000] {logging_mixin.py:149} INFO - [2023-05-20T15:29:34.157+0000] {dag.py:2726} INFO - Sync 1 DAGs
[2023-05-20T15:29:34.191+0000] {logging_mixin.py:149} INFO - [2023-05-20T15:29:34.191+0000] {dag.py:3490} INFO - Setting next_dagrun for example_skip_dag to 2023-05-19T15:29:34.191352+00:00, run_after=2023-05-20T15:29:34.191352+00:00
[2023-05-20T15:29:34.221+0000] {processor.py:179} INFO - Processing /home/airflow/.local/lib/python3.7/site-packages/airflow/example_dags/example_skip_dag.py took 0.112 seconds
[2023-05-20T15:30:04.339+0000] {processor.py:157} INFO - Started process (PID=1221) to work on /home/airflow/.local/lib/python3.7/site-packages/airflow/example_dags/example_skip_dag.py
[2023-05-20T15:30:04.341+0000] {processor.py:826} INFO - Processing file /home/airflow/.local/lib/python3.7/site-packages/airflow/example_dags/example_skip_dag.py for tasks to queue
[2023-05-20T15:30:04.343+0000] {logging_mixin.py:149} INFO - [2023-05-20T15:30:04.342+0000] {dagbag.py:541} INFO - Filling up the DagBag from /home/airflow/.local/lib/python3.7/site-packages/airflow/example_dags/example_skip_dag.py
[2023-05-20T15:30:04.353+0000] {processor.py:836} INFO - DAG(s) dict_keys(['example_skip_dag']) retrieved from /home/airflow/.local/lib/python3.7/site-packages/airflow/example_dags/example_skip_dag.py
[2023-05-20T15:30:04.390+0000] {logging_mixin.py:149} INFO - [2023-05-20T15:30:04.390+0000] {dag.py:2726} INFO - Sync 1 DAGs
[2023-05-20T15:30:04.425+0000] {logging_mixin.py:149} INFO - [2023-05-20T15:30:04.424+0000] {dag.py:3490} INFO - Setting next_dagrun for example_skip_dag to 2023-05-19T15:30:04.424646+00:00, run_after=2023-05-20T15:30:04.424646+00:00
[2023-05-20T15:30:04.457+0000] {processor.py:179} INFO - Processing /home/airflow/.local/lib/python3.7/site-packages/airflow/example_dags/example_skip_dag.py took 0.123 seconds
[2023-05-20T15:30:35.318+0000] {processor.py:157} INFO - Started process (PID=1279) to work on /home/airflow/.local/lib/python3.7/site-packages/airflow/example_dags/example_skip_dag.py
[2023-05-20T15:30:35.320+0000] {processor.py:826} INFO - Processing file /home/airflow/.local/lib/python3.7/site-packages/airflow/example_dags/example_skip_dag.py for tasks to queue
[2023-05-20T15:30:35.321+0000] {logging_mixin.py:149} INFO - [2023-05-20T15:30:35.321+0000] {dagbag.py:541} INFO - Filling up the DagBag from /home/airflow/.local/lib/python3.7/site-packages/airflow/example_dags/example_skip_dag.py
[2023-05-20T15:30:35.332+0000] {processor.py:836} INFO - DAG(s) dict_keys(['example_skip_dag']) retrieved from /home/airflow/.local/lib/python3.7/site-packages/airflow/example_dags/example_skip_dag.py
[2023-05-20T15:30:35.365+0000] {logging_mixin.py:149} INFO - [2023-05-20T15:30:35.365+0000] {dag.py:2726} INFO - Sync 1 DAGs
[2023-05-20T15:30:35.398+0000] {logging_mixin.py:149} INFO - [2023-05-20T15:30:35.398+0000] {dag.py:3490} INFO - Setting next_dagrun for example_skip_dag to 2023-05-19T15:30:35.398534+00:00, run_after=2023-05-20T15:30:35.398534+00:00
[2023-05-20T15:30:35.432+0000] {processor.py:179} INFO - Processing /home/airflow/.local/lib/python3.7/site-packages/airflow/example_dags/example_skip_dag.py took 0.118 seconds
[2023-05-20T15:31:05.702+0000] {processor.py:157} INFO - Started process (PID=1337) to work on /home/airflow/.local/lib/python3.7/site-packages/airflow/example_dags/example_skip_dag.py
[2023-05-20T15:31:05.704+0000] {processor.py:826} INFO - Processing file /home/airflow/.local/lib/python3.7/site-packages/airflow/example_dags/example_skip_dag.py for tasks to queue
[2023-05-20T15:31:05.707+0000] {logging_mixin.py:149} INFO - [2023-05-20T15:31:05.707+0000] {dagbag.py:541} INFO - Filling up the DagBag from /home/airflow/.local/lib/python3.7/site-packages/airflow/example_dags/example_skip_dag.py
[2023-05-20T15:31:05.722+0000] {processor.py:836} INFO - DAG(s) dict_keys(['example_skip_dag']) retrieved from /home/airflow/.local/lib/python3.7/site-packages/airflow/example_dags/example_skip_dag.py
[2023-05-20T15:31:05.772+0000] {logging_mixin.py:149} INFO - [2023-05-20T15:31:05.771+0000] {dag.py:2726} INFO - Sync 1 DAGs
[2023-05-20T15:31:05.816+0000] {logging_mixin.py:149} INFO - [2023-05-20T15:31:05.816+0000] {dag.py:3490} INFO - Setting next_dagrun for example_skip_dag to 2023-05-19T15:31:05.815916+00:00, run_after=2023-05-20T15:31:05.815916+00:00
[2023-05-20T15:31:05.857+0000] {processor.py:179} INFO - Processing /home/airflow/.local/lib/python3.7/site-packages/airflow/example_dags/example_skip_dag.py took 0.162 seconds
[2023-05-20T15:31:36.309+0000] {processor.py:157} INFO - Started process (PID=1395) to work on /home/airflow/.local/lib/python3.7/site-packages/airflow/example_dags/example_skip_dag.py
[2023-05-20T15:31:36.311+0000] {processor.py:826} INFO - Processing file /home/airflow/.local/lib/python3.7/site-packages/airflow/example_dags/example_skip_dag.py for tasks to queue
[2023-05-20T15:31:36.312+0000] {logging_mixin.py:149} INFO - [2023-05-20T15:31:36.312+0000] {dagbag.py:541} INFO - Filling up the DagBag from /home/airflow/.local/lib/python3.7/site-packages/airflow/example_dags/example_skip_dag.py
[2023-05-20T15:31:36.321+0000] {processor.py:836} INFO - DAG(s) dict_keys(['example_skip_dag']) retrieved from /home/airflow/.local/lib/python3.7/site-packages/airflow/example_dags/example_skip_dag.py
[2023-05-20T15:31:36.351+0000] {logging_mixin.py:149} INFO - [2023-05-20T15:31:36.351+0000] {dag.py:2726} INFO - Sync 1 DAGs
[2023-05-20T15:31:36.382+0000] {logging_mixin.py:149} INFO - [2023-05-20T15:31:36.382+0000] {dag.py:3490} INFO - Setting next_dagrun for example_skip_dag to 2023-05-19T15:31:36.381836+00:00, run_after=2023-05-20T15:31:36.381836+00:00
[2023-05-20T15:31:36.407+0000] {processor.py:179} INFO - Processing /home/airflow/.local/lib/python3.7/site-packages/airflow/example_dags/example_skip_dag.py took 0.101 seconds
[2023-05-20T15:32:07.187+0000] {processor.py:157} INFO - Started process (PID=1460) to work on /home/airflow/.local/lib/python3.7/site-packages/airflow/example_dags/example_skip_dag.py
[2023-05-20T15:32:07.189+0000] {processor.py:826} INFO - Processing file /home/airflow/.local/lib/python3.7/site-packages/airflow/example_dags/example_skip_dag.py for tasks to queue
[2023-05-20T15:32:07.190+0000] {logging_mixin.py:149} INFO - [2023-05-20T15:32:07.190+0000] {dagbag.py:541} INFO - Filling up the DagBag from /home/airflow/.local/lib/python3.7/site-packages/airflow/example_dags/example_skip_dag.py
[2023-05-20T15:32:07.201+0000] {processor.py:836} INFO - DAG(s) dict_keys(['example_skip_dag']) retrieved from /home/airflow/.local/lib/python3.7/site-packages/airflow/example_dags/example_skip_dag.py
[2023-05-20T15:32:07.237+0000] {logging_mixin.py:149} INFO - [2023-05-20T15:32:07.236+0000] {dag.py:2726} INFO - Sync 1 DAGs
[2023-05-20T15:32:07.275+0000] {logging_mixin.py:149} INFO - [2023-05-20T15:32:07.275+0000] {dag.py:3490} INFO - Setting next_dagrun for example_skip_dag to 2023-05-19T15:32:07.274828+00:00, run_after=2023-05-20T15:32:07.274828+00:00
[2023-05-20T15:32:07.308+0000] {processor.py:179} INFO - Processing /home/airflow/.local/lib/python3.7/site-packages/airflow/example_dags/example_skip_dag.py took 0.125 seconds
[2023-05-20T15:32:37.663+0000] {processor.py:157} INFO - Started process (PID=1518) to work on /home/airflow/.local/lib/python3.7/site-packages/airflow/example_dags/example_skip_dag.py
[2023-05-20T15:32:37.665+0000] {processor.py:826} INFO - Processing file /home/airflow/.local/lib/python3.7/site-packages/airflow/example_dags/example_skip_dag.py for tasks to queue
[2023-05-20T15:32:37.666+0000] {logging_mixin.py:149} INFO - [2023-05-20T15:32:37.666+0000] {dagbag.py:541} INFO - Filling up the DagBag from /home/airflow/.local/lib/python3.7/site-packages/airflow/example_dags/example_skip_dag.py
[2023-05-20T15:32:37.678+0000] {processor.py:836} INFO - DAG(s) dict_keys(['example_skip_dag']) retrieved from /home/airflow/.local/lib/python3.7/site-packages/airflow/example_dags/example_skip_dag.py
[2023-05-20T15:32:37.713+0000] {logging_mixin.py:149} INFO - [2023-05-20T15:32:37.713+0000] {dag.py:2726} INFO - Sync 1 DAGs
[2023-05-20T15:32:37.745+0000] {logging_mixin.py:149} INFO - [2023-05-20T15:32:37.745+0000] {dag.py:3490} INFO - Setting next_dagrun for example_skip_dag to 2023-05-19T15:32:37.745406+00:00, run_after=2023-05-20T15:32:37.745406+00:00
[2023-05-20T15:32:37.815+0000] {processor.py:179} INFO - Processing /home/airflow/.local/lib/python3.7/site-packages/airflow/example_dags/example_skip_dag.py took 0.157 seconds
[2023-05-20T15:33:07.969+0000] {processor.py:157} INFO - Started process (PID=1576) to work on /home/airflow/.local/lib/python3.7/site-packages/airflow/example_dags/example_skip_dag.py
[2023-05-20T15:33:07.971+0000] {processor.py:826} INFO - Processing file /home/airflow/.local/lib/python3.7/site-packages/airflow/example_dags/example_skip_dag.py for tasks to queue
[2023-05-20T15:33:07.973+0000] {logging_mixin.py:149} INFO - [2023-05-20T15:33:07.973+0000] {dagbag.py:541} INFO - Filling up the DagBag from /home/airflow/.local/lib/python3.7/site-packages/airflow/example_dags/example_skip_dag.py
[2023-05-20T15:33:07.984+0000] {processor.py:836} INFO - DAG(s) dict_keys(['example_skip_dag']) retrieved from /home/airflow/.local/lib/python3.7/site-packages/airflow/example_dags/example_skip_dag.py
[2023-05-20T15:33:08.027+0000] {logging_mixin.py:149} INFO - [2023-05-20T15:33:08.026+0000] {dag.py:2726} INFO - Sync 1 DAGs
[2023-05-20T15:33:08.081+0000] {logging_mixin.py:149} INFO - [2023-05-20T15:33:08.081+0000] {dag.py:3490} INFO - Setting next_dagrun for example_skip_dag to 2023-05-19T15:33:08.081086+00:00, run_after=2023-05-20T15:33:08.081086+00:00
[2023-05-20T15:33:08.108+0000] {processor.py:179} INFO - Processing /home/airflow/.local/lib/python3.7/site-packages/airflow/example_dags/example_skip_dag.py took 0.145 seconds
[2023-05-20T15:33:38.425+0000] {processor.py:157} INFO - Started process (PID=1634) to work on /home/airflow/.local/lib/python3.7/site-packages/airflow/example_dags/example_skip_dag.py
[2023-05-20T15:33:38.427+0000] {processor.py:826} INFO - Processing file /home/airflow/.local/lib/python3.7/site-packages/airflow/example_dags/example_skip_dag.py for tasks to queue
[2023-05-20T15:33:38.428+0000] {logging_mixin.py:149} INFO - [2023-05-20T15:33:38.428+0000] {dagbag.py:541} INFO - Filling up the DagBag from /home/airflow/.local/lib/python3.7/site-packages/airflow/example_dags/example_skip_dag.py
[2023-05-20T15:33:38.439+0000] {processor.py:836} INFO - DAG(s) dict_keys(['example_skip_dag']) retrieved from /home/airflow/.local/lib/python3.7/site-packages/airflow/example_dags/example_skip_dag.py
[2023-05-20T15:33:38.471+0000] {logging_mixin.py:149} INFO - [2023-05-20T15:33:38.471+0000] {dag.py:2726} INFO - Sync 1 DAGs
[2023-05-20T15:33:38.501+0000] {logging_mixin.py:149} INFO - [2023-05-20T15:33:38.501+0000] {dag.py:3490} INFO - Setting next_dagrun for example_skip_dag to 2023-05-19T15:33:38.500947+00:00, run_after=2023-05-20T15:33:38.500947+00:00
[2023-05-20T15:33:38.525+0000] {processor.py:179} INFO - Processing /home/airflow/.local/lib/python3.7/site-packages/airflow/example_dags/example_skip_dag.py took 0.105 seconds
[2023-05-20T15:34:08.983+0000] {processor.py:157} INFO - Started process (PID=1692) to work on /home/airflow/.local/lib/python3.7/site-packages/airflow/example_dags/example_skip_dag.py
[2023-05-20T15:34:08.985+0000] {processor.py:826} INFO - Processing file /home/airflow/.local/lib/python3.7/site-packages/airflow/example_dags/example_skip_dag.py for tasks to queue
[2023-05-20T15:34:08.986+0000] {logging_mixin.py:149} INFO - [2023-05-20T15:34:08.986+0000] {dagbag.py:541} INFO - Filling up the DagBag from /home/airflow/.local/lib/python3.7/site-packages/airflow/example_dags/example_skip_dag.py
[2023-05-20T15:34:08.997+0000] {processor.py:836} INFO - DAG(s) dict_keys(['example_skip_dag']) retrieved from /home/airflow/.local/lib/python3.7/site-packages/airflow/example_dags/example_skip_dag.py
[2023-05-20T15:34:09.029+0000] {logging_mixin.py:149} INFO - [2023-05-20T15:34:09.029+0000] {dag.py:2726} INFO - Sync 1 DAGs
[2023-05-20T15:34:09.061+0000] {logging_mixin.py:149} INFO - [2023-05-20T15:34:09.061+0000] {dag.py:3490} INFO - Setting next_dagrun for example_skip_dag to 2023-05-19T15:34:09.060887+00:00, run_after=2023-05-20T15:34:09.060887+00:00
[2023-05-20T15:34:09.091+0000] {processor.py:179} INFO - Processing /home/airflow/.local/lib/python3.7/site-packages/airflow/example_dags/example_skip_dag.py took 0.114 seconds
[2023-05-20T15:34:39.339+0000] {processor.py:157} INFO - Started process (PID=1750) to work on /home/airflow/.local/lib/python3.7/site-packages/airflow/example_dags/example_skip_dag.py
[2023-05-20T15:34:39.341+0000] {processor.py:826} INFO - Processing file /home/airflow/.local/lib/python3.7/site-packages/airflow/example_dags/example_skip_dag.py for tasks to queue
[2023-05-20T15:34:39.342+0000] {logging_mixin.py:149} INFO - [2023-05-20T15:34:39.342+0000] {dagbag.py:541} INFO - Filling up the DagBag from /home/airflow/.local/lib/python3.7/site-packages/airflow/example_dags/example_skip_dag.py
[2023-05-20T15:34:39.352+0000] {processor.py:836} INFO - DAG(s) dict_keys(['example_skip_dag']) retrieved from /home/airflow/.local/lib/python3.7/site-packages/airflow/example_dags/example_skip_dag.py
[2023-05-20T15:34:39.382+0000] {logging_mixin.py:149} INFO - [2023-05-20T15:34:39.382+0000] {dag.py:2726} INFO - Sync 1 DAGs
[2023-05-20T15:34:39.415+0000] {logging_mixin.py:149} INFO - [2023-05-20T15:34:39.415+0000] {dag.py:3490} INFO - Setting next_dagrun for example_skip_dag to 2023-05-19T15:34:39.415198+00:00, run_after=2023-05-20T15:34:39.415198+00:00
[2023-05-20T15:34:39.439+0000] {processor.py:179} INFO - Processing /home/airflow/.local/lib/python3.7/site-packages/airflow/example_dags/example_skip_dag.py took 0.106 seconds
[2023-05-20T15:35:09.824+0000] {processor.py:157} INFO - Started process (PID=1808) to work on /home/airflow/.local/lib/python3.7/site-packages/airflow/example_dags/example_skip_dag.py
[2023-05-20T15:35:09.826+0000] {processor.py:826} INFO - Processing file /home/airflow/.local/lib/python3.7/site-packages/airflow/example_dags/example_skip_dag.py for tasks to queue
[2023-05-20T15:35:09.828+0000] {logging_mixin.py:149} INFO - [2023-05-20T15:35:09.828+0000] {dagbag.py:541} INFO - Filling up the DagBag from /home/airflow/.local/lib/python3.7/site-packages/airflow/example_dags/example_skip_dag.py
[2023-05-20T15:35:09.838+0000] {processor.py:836} INFO - DAG(s) dict_keys(['example_skip_dag']) retrieved from /home/airflow/.local/lib/python3.7/site-packages/airflow/example_dags/example_skip_dag.py
[2023-05-20T15:35:09.876+0000] {logging_mixin.py:149} INFO - [2023-05-20T15:35:09.876+0000] {dag.py:2726} INFO - Sync 1 DAGs
[2023-05-20T15:35:09.907+0000] {logging_mixin.py:149} INFO - [2023-05-20T15:35:09.907+0000] {dag.py:3490} INFO - Setting next_dagrun for example_skip_dag to 2023-05-19T15:35:09.907502+00:00, run_after=2023-05-20T15:35:09.907502+00:00
[2023-05-20T15:35:09.931+0000] {processor.py:179} INFO - Processing /home/airflow/.local/lib/python3.7/site-packages/airflow/example_dags/example_skip_dag.py took 0.112 seconds
[2023-05-20T15:35:40.397+0000] {processor.py:157} INFO - Started process (PID=1866) to work on /home/airflow/.local/lib/python3.7/site-packages/airflow/example_dags/example_skip_dag.py
[2023-05-20T15:35:40.399+0000] {processor.py:826} INFO - Processing file /home/airflow/.local/lib/python3.7/site-packages/airflow/example_dags/example_skip_dag.py for tasks to queue
[2023-05-20T15:35:40.401+0000] {logging_mixin.py:149} INFO - [2023-05-20T15:35:40.401+0000] {dagbag.py:541} INFO - Filling up the DagBag from /home/airflow/.local/lib/python3.7/site-packages/airflow/example_dags/example_skip_dag.py
[2023-05-20T15:35:40.413+0000] {processor.py:836} INFO - DAG(s) dict_keys(['example_skip_dag']) retrieved from /home/airflow/.local/lib/python3.7/site-packages/airflow/example_dags/example_skip_dag.py
[2023-05-20T15:35:40.463+0000] {logging_mixin.py:149} INFO - [2023-05-20T15:35:40.463+0000] {dag.py:2726} INFO - Sync 1 DAGs
[2023-05-20T15:35:40.496+0000] {logging_mixin.py:149} INFO - [2023-05-20T15:35:40.495+0000] {dag.py:3490} INFO - Setting next_dagrun for example_skip_dag to 2023-05-19T15:35:40.495658+00:00, run_after=2023-05-20T15:35:40.495658+00:00
[2023-05-20T15:35:40.519+0000] {processor.py:179} INFO - Processing /home/airflow/.local/lib/python3.7/site-packages/airflow/example_dags/example_skip_dag.py took 0.128 seconds
[2023-05-20T15:36:10.980+0000] {processor.py:157} INFO - Started process (PID=1924) to work on /home/airflow/.local/lib/python3.7/site-packages/airflow/example_dags/example_skip_dag.py
[2023-05-20T15:36:10.982+0000] {processor.py:826} INFO - Processing file /home/airflow/.local/lib/python3.7/site-packages/airflow/example_dags/example_skip_dag.py for tasks to queue
[2023-05-20T15:36:10.984+0000] {logging_mixin.py:149} INFO - [2023-05-20T15:36:10.983+0000] {dagbag.py:541} INFO - Filling up the DagBag from /home/airflow/.local/lib/python3.7/site-packages/airflow/example_dags/example_skip_dag.py
[2023-05-20T15:36:10.994+0000] {processor.py:836} INFO - DAG(s) dict_keys(['example_skip_dag']) retrieved from /home/airflow/.local/lib/python3.7/site-packages/airflow/example_dags/example_skip_dag.py
[2023-05-20T15:36:11.029+0000] {logging_mixin.py:149} INFO - [2023-05-20T15:36:11.029+0000] {dag.py:2726} INFO - Sync 1 DAGs
[2023-05-20T15:36:11.059+0000] {logging_mixin.py:149} INFO - [2023-05-20T15:36:11.059+0000] {dag.py:3490} INFO - Setting next_dagrun for example_skip_dag to 2023-05-19T15:36:11.059217+00:00, run_after=2023-05-20T15:36:11.059217+00:00
[2023-05-20T15:36:11.081+0000] {processor.py:179} INFO - Processing /home/airflow/.local/lib/python3.7/site-packages/airflow/example_dags/example_skip_dag.py took 0.107 seconds
[2023-05-20T15:36:41.270+0000] {processor.py:157} INFO - Started process (PID=1983) to work on /home/airflow/.local/lib/python3.7/site-packages/airflow/example_dags/example_skip_dag.py
[2023-05-20T15:36:41.272+0000] {processor.py:826} INFO - Processing file /home/airflow/.local/lib/python3.7/site-packages/airflow/example_dags/example_skip_dag.py for tasks to queue
[2023-05-20T15:36:41.273+0000] {logging_mixin.py:149} INFO - [2023-05-20T15:36:41.273+0000] {dagbag.py:541} INFO - Filling up the DagBag from /home/airflow/.local/lib/python3.7/site-packages/airflow/example_dags/example_skip_dag.py
[2023-05-20T15:36:41.287+0000] {processor.py:836} INFO - DAG(s) dict_keys(['example_skip_dag']) retrieved from /home/airflow/.local/lib/python3.7/site-packages/airflow/example_dags/example_skip_dag.py
[2023-05-20T15:36:41.324+0000] {logging_mixin.py:149} INFO - [2023-05-20T15:36:41.324+0000] {dag.py:2726} INFO - Sync 1 DAGs
[2023-05-20T15:36:41.364+0000] {logging_mixin.py:149} INFO - [2023-05-20T15:36:41.364+0000] {dag.py:3490} INFO - Setting next_dagrun for example_skip_dag to 2023-05-19T15:36:41.363950+00:00, run_after=2023-05-20T15:36:41.363950+00:00
[2023-05-20T15:36:41.396+0000] {processor.py:179} INFO - Processing /home/airflow/.local/lib/python3.7/site-packages/airflow/example_dags/example_skip_dag.py took 0.131 seconds
[2023-05-20T15:37:11.616+0000] {processor.py:157} INFO - Started process (PID=2041) to work on /home/airflow/.local/lib/python3.7/site-packages/airflow/example_dags/example_skip_dag.py
[2023-05-20T15:37:11.618+0000] {processor.py:826} INFO - Processing file /home/airflow/.local/lib/python3.7/site-packages/airflow/example_dags/example_skip_dag.py for tasks to queue
[2023-05-20T15:37:11.619+0000] {logging_mixin.py:149} INFO - [2023-05-20T15:37:11.619+0000] {dagbag.py:541} INFO - Filling up the DagBag from /home/airflow/.local/lib/python3.7/site-packages/airflow/example_dags/example_skip_dag.py
[2023-05-20T15:37:11.629+0000] {processor.py:836} INFO - DAG(s) dict_keys(['example_skip_dag']) retrieved from /home/airflow/.local/lib/python3.7/site-packages/airflow/example_dags/example_skip_dag.py
[2023-05-20T15:37:11.660+0000] {logging_mixin.py:149} INFO - [2023-05-20T15:37:11.659+0000] {dag.py:2726} INFO - Sync 1 DAGs
[2023-05-20T15:37:11.693+0000] {logging_mixin.py:149} INFO - [2023-05-20T15:37:11.693+0000] {dag.py:3490} INFO - Setting next_dagrun for example_skip_dag to 2023-05-19T15:37:11.693011+00:00, run_after=2023-05-20T15:37:11.693011+00:00
[2023-05-20T15:37:11.718+0000] {processor.py:179} INFO - Processing /home/airflow/.local/lib/python3.7/site-packages/airflow/example_dags/example_skip_dag.py took 0.106 seconds
[2023-05-20T15:37:41.801+0000] {processor.py:157} INFO - Started process (PID=2098) to work on /home/airflow/.local/lib/python3.7/site-packages/airflow/example_dags/example_skip_dag.py
[2023-05-20T15:37:41.805+0000] {processor.py:826} INFO - Processing file /home/airflow/.local/lib/python3.7/site-packages/airflow/example_dags/example_skip_dag.py for tasks to queue
[2023-05-20T15:37:41.807+0000] {logging_mixin.py:149} INFO - [2023-05-20T15:37:41.807+0000] {dagbag.py:541} INFO - Filling up the DagBag from /home/airflow/.local/lib/python3.7/site-packages/airflow/example_dags/example_skip_dag.py
[2023-05-20T15:37:41.824+0000] {processor.py:836} INFO - DAG(s) dict_keys(['example_skip_dag']) retrieved from /home/airflow/.local/lib/python3.7/site-packages/airflow/example_dags/example_skip_dag.py
[2023-05-20T15:37:41.866+0000] {logging_mixin.py:149} INFO - [2023-05-20T15:37:41.866+0000] {dag.py:2726} INFO - Sync 1 DAGs
[2023-05-20T15:37:41.901+0000] {logging_mixin.py:149} INFO - [2023-05-20T15:37:41.901+0000] {dag.py:3490} INFO - Setting next_dagrun for example_skip_dag to 2023-05-19T15:37:41.900878+00:00, run_after=2023-05-20T15:37:41.900878+00:00
[2023-05-20T15:37:41.928+0000] {processor.py:179} INFO - Processing /home/airflow/.local/lib/python3.7/site-packages/airflow/example_dags/example_skip_dag.py took 0.133 seconds
[2023-05-20T15:38:12.335+0000] {processor.py:157} INFO - Started process (PID=2156) to work on /home/airflow/.local/lib/python3.7/site-packages/airflow/example_dags/example_skip_dag.py
[2023-05-20T15:38:12.336+0000] {processor.py:826} INFO - Processing file /home/airflow/.local/lib/python3.7/site-packages/airflow/example_dags/example_skip_dag.py for tasks to queue
[2023-05-20T15:38:12.338+0000] {logging_mixin.py:149} INFO - [2023-05-20T15:38:12.338+0000] {dagbag.py:541} INFO - Filling up the DagBag from /home/airflow/.local/lib/python3.7/site-packages/airflow/example_dags/example_skip_dag.py
[2023-05-20T15:38:12.351+0000] {processor.py:836} INFO - DAG(s) dict_keys(['example_skip_dag']) retrieved from /home/airflow/.local/lib/python3.7/site-packages/airflow/example_dags/example_skip_dag.py
[2023-05-20T15:38:12.391+0000] {logging_mixin.py:149} INFO - [2023-05-20T15:38:12.391+0000] {dag.py:2726} INFO - Sync 1 DAGs
[2023-05-20T15:38:12.437+0000] {logging_mixin.py:149} INFO - [2023-05-20T15:38:12.437+0000] {dag.py:3490} INFO - Setting next_dagrun for example_skip_dag to 2023-05-19T15:38:12.436728+00:00, run_after=2023-05-20T15:38:12.436728+00:00
[2023-05-20T15:38:12.472+0000] {processor.py:179} INFO - Processing /home/airflow/.local/lib/python3.7/site-packages/airflow/example_dags/example_skip_dag.py took 0.142 seconds
[2023-05-20T15:38:42.883+0000] {processor.py:157} INFO - Started process (PID=2214) to work on /home/airflow/.local/lib/python3.7/site-packages/airflow/example_dags/example_skip_dag.py
[2023-05-20T15:38:42.885+0000] {processor.py:826} INFO - Processing file /home/airflow/.local/lib/python3.7/site-packages/airflow/example_dags/example_skip_dag.py for tasks to queue
[2023-05-20T15:38:42.887+0000] {logging_mixin.py:149} INFO - [2023-05-20T15:38:42.887+0000] {dagbag.py:541} INFO - Filling up the DagBag from /home/airflow/.local/lib/python3.7/site-packages/airflow/example_dags/example_skip_dag.py
[2023-05-20T15:38:42.901+0000] {processor.py:836} INFO - DAG(s) dict_keys(['example_skip_dag']) retrieved from /home/airflow/.local/lib/python3.7/site-packages/airflow/example_dags/example_skip_dag.py
[2023-05-20T15:38:42.940+0000] {logging_mixin.py:149} INFO - [2023-05-20T15:38:42.940+0000] {dag.py:2726} INFO - Sync 1 DAGs
[2023-05-20T15:38:42.986+0000] {logging_mixin.py:149} INFO - [2023-05-20T15:38:42.986+0000] {dag.py:3490} INFO - Setting next_dagrun for example_skip_dag to 2023-05-19T15:38:42.985986+00:00, run_after=2023-05-20T15:38:42.985986+00:00
[2023-05-20T15:38:43.022+0000] {processor.py:179} INFO - Processing /home/airflow/.local/lib/python3.7/site-packages/airflow/example_dags/example_skip_dag.py took 0.143 seconds
[2023-05-20T15:39:13.092+0000] {processor.py:157} INFO - Started process (PID=2272) to work on /home/airflow/.local/lib/python3.7/site-packages/airflow/example_dags/example_skip_dag.py
[2023-05-20T15:39:13.094+0000] {processor.py:826} INFO - Processing file /home/airflow/.local/lib/python3.7/site-packages/airflow/example_dags/example_skip_dag.py for tasks to queue
[2023-05-20T15:39:13.095+0000] {logging_mixin.py:149} INFO - [2023-05-20T15:39:13.095+0000] {dagbag.py:541} INFO - Filling up the DagBag from /home/airflow/.local/lib/python3.7/site-packages/airflow/example_dags/example_skip_dag.py
[2023-05-20T15:39:13.106+0000] {processor.py:836} INFO - DAG(s) dict_keys(['example_skip_dag']) retrieved from /home/airflow/.local/lib/python3.7/site-packages/airflow/example_dags/example_skip_dag.py
[2023-05-20T15:39:13.142+0000] {logging_mixin.py:149} INFO - [2023-05-20T15:39:13.142+0000] {dag.py:2726} INFO - Sync 1 DAGs
[2023-05-20T15:39:13.175+0000] {logging_mixin.py:149} INFO - [2023-05-20T15:39:13.175+0000] {dag.py:3490} INFO - Setting next_dagrun for example_skip_dag to 2023-05-19T15:39:13.174702+00:00, run_after=2023-05-20T15:39:13.174702+00:00
[2023-05-20T15:39:13.246+0000] {processor.py:179} INFO - Processing /home/airflow/.local/lib/python3.7/site-packages/airflow/example_dags/example_skip_dag.py took 0.157 seconds
[2023-05-20T15:39:43.869+0000] {processor.py:157} INFO - Started process (PID=2331) to work on /home/airflow/.local/lib/python3.7/site-packages/airflow/example_dags/example_skip_dag.py
[2023-05-20T15:39:43.870+0000] {processor.py:826} INFO - Processing file /home/airflow/.local/lib/python3.7/site-packages/airflow/example_dags/example_skip_dag.py for tasks to queue
[2023-05-20T15:39:43.872+0000] {logging_mixin.py:149} INFO - [2023-05-20T15:39:43.871+0000] {dagbag.py:541} INFO - Filling up the DagBag from /home/airflow/.local/lib/python3.7/site-packages/airflow/example_dags/example_skip_dag.py
[2023-05-20T15:39:43.881+0000] {processor.py:836} INFO - DAG(s) dict_keys(['example_skip_dag']) retrieved from /home/airflow/.local/lib/python3.7/site-packages/airflow/example_dags/example_skip_dag.py
[2023-05-20T15:39:43.912+0000] {logging_mixin.py:149} INFO - [2023-05-20T15:39:43.912+0000] {dag.py:2726} INFO - Sync 1 DAGs
[2023-05-20T15:39:43.941+0000] {logging_mixin.py:149} INFO - [2023-05-20T15:39:43.941+0000] {dag.py:3490} INFO - Setting next_dagrun for example_skip_dag to 2023-05-19T15:39:43.941337+00:00, run_after=2023-05-20T15:39:43.941337+00:00
[2023-05-20T15:39:43.967+0000] {processor.py:179} INFO - Processing /home/airflow/.local/lib/python3.7/site-packages/airflow/example_dags/example_skip_dag.py took 0.102 seconds
[2023-05-20T15:40:14.720+0000] {processor.py:157} INFO - Started process (PID=2389) to work on /home/airflow/.local/lib/python3.7/site-packages/airflow/example_dags/example_skip_dag.py
[2023-05-20T15:40:14.722+0000] {processor.py:826} INFO - Processing file /home/airflow/.local/lib/python3.7/site-packages/airflow/example_dags/example_skip_dag.py for tasks to queue
[2023-05-20T15:40:14.724+0000] {logging_mixin.py:149} INFO - [2023-05-20T15:40:14.723+0000] {dagbag.py:541} INFO - Filling up the DagBag from /home/airflow/.local/lib/python3.7/site-packages/airflow/example_dags/example_skip_dag.py
[2023-05-20T15:40:14.735+0000] {processor.py:836} INFO - DAG(s) dict_keys(['example_skip_dag']) retrieved from /home/airflow/.local/lib/python3.7/site-packages/airflow/example_dags/example_skip_dag.py
[2023-05-20T15:40:14.775+0000] {logging_mixin.py:149} INFO - [2023-05-20T15:40:14.775+0000] {dag.py:2726} INFO - Sync 1 DAGs
[2023-05-20T15:40:14.819+0000] {logging_mixin.py:149} INFO - [2023-05-20T15:40:14.819+0000] {dag.py:3490} INFO - Setting next_dagrun for example_skip_dag to 2023-05-19T15:40:14.819225+00:00, run_after=2023-05-20T15:40:14.819225+00:00
[2023-05-20T15:40:14.877+0000] {processor.py:179} INFO - Processing /home/airflow/.local/lib/python3.7/site-packages/airflow/example_dags/example_skip_dag.py took 0.161 seconds
[2023-05-20T15:40:45.416+0000] {processor.py:157} INFO - Started process (PID=2447) to work on /home/airflow/.local/lib/python3.7/site-packages/airflow/example_dags/example_skip_dag.py
[2023-05-20T15:40:45.418+0000] {processor.py:826} INFO - Processing file /home/airflow/.local/lib/python3.7/site-packages/airflow/example_dags/example_skip_dag.py for tasks to queue
[2023-05-20T15:40:45.419+0000] {logging_mixin.py:149} INFO - [2023-05-20T15:40:45.419+0000] {dagbag.py:541} INFO - Filling up the DagBag from /home/airflow/.local/lib/python3.7/site-packages/airflow/example_dags/example_skip_dag.py
[2023-05-20T15:40:45.430+0000] {processor.py:836} INFO - DAG(s) dict_keys(['example_skip_dag']) retrieved from /home/airflow/.local/lib/python3.7/site-packages/airflow/example_dags/example_skip_dag.py
[2023-05-20T15:40:45.474+0000] {logging_mixin.py:149} INFO - [2023-05-20T15:40:45.474+0000] {dag.py:2726} INFO - Sync 1 DAGs
[2023-05-20T15:40:45.503+0000] {logging_mixin.py:149} INFO - [2023-05-20T15:40:45.503+0000] {dag.py:3490} INFO - Setting next_dagrun for example_skip_dag to 2023-05-19T15:40:45.502832+00:00, run_after=2023-05-20T15:40:45.502832+00:00
[2023-05-20T15:40:45.526+0000] {processor.py:179} INFO - Processing /home/airflow/.local/lib/python3.7/site-packages/airflow/example_dags/example_skip_dag.py took 0.115 seconds
[2023-05-20T15:41:16.466+0000] {processor.py:157} INFO - Started process (PID=2505) to work on /home/airflow/.local/lib/python3.7/site-packages/airflow/example_dags/example_skip_dag.py
[2023-05-20T15:41:16.468+0000] {processor.py:826} INFO - Processing file /home/airflow/.local/lib/python3.7/site-packages/airflow/example_dags/example_skip_dag.py for tasks to queue
[2023-05-20T15:41:16.470+0000] {logging_mixin.py:149} INFO - [2023-05-20T15:41:16.470+0000] {dagbag.py:541} INFO - Filling up the DagBag from /home/airflow/.local/lib/python3.7/site-packages/airflow/example_dags/example_skip_dag.py
[2023-05-20T15:41:16.481+0000] {processor.py:836} INFO - DAG(s) dict_keys(['example_skip_dag']) retrieved from /home/airflow/.local/lib/python3.7/site-packages/airflow/example_dags/example_skip_dag.py
[2023-05-20T15:41:16.516+0000] {logging_mixin.py:149} INFO - [2023-05-20T15:41:16.516+0000] {dag.py:2726} INFO - Sync 1 DAGs
[2023-05-20T15:41:16.551+0000] {logging_mixin.py:149} INFO - [2023-05-20T15:41:16.551+0000] {dag.py:3490} INFO - Setting next_dagrun for example_skip_dag to 2023-05-19T15:41:16.550914+00:00, run_after=2023-05-20T15:41:16.550914+00:00
[2023-05-20T15:41:16.575+0000] {processor.py:179} INFO - Processing /home/airflow/.local/lib/python3.7/site-packages/airflow/example_dags/example_skip_dag.py took 0.114 seconds
[2023-05-20T15:41:46.983+0000] {processor.py:157} INFO - Started process (PID=2563) to work on /home/airflow/.local/lib/python3.7/site-packages/airflow/example_dags/example_skip_dag.py
[2023-05-20T15:41:46.985+0000] {processor.py:826} INFO - Processing file /home/airflow/.local/lib/python3.7/site-packages/airflow/example_dags/example_skip_dag.py for tasks to queue
[2023-05-20T15:41:46.986+0000] {logging_mixin.py:149} INFO - [2023-05-20T15:41:46.986+0000] {dagbag.py:541} INFO - Filling up the DagBag from /home/airflow/.local/lib/python3.7/site-packages/airflow/example_dags/example_skip_dag.py
[2023-05-20T15:41:46.996+0000] {processor.py:836} INFO - DAG(s) dict_keys(['example_skip_dag']) retrieved from /home/airflow/.local/lib/python3.7/site-packages/airflow/example_dags/example_skip_dag.py
[2023-05-20T15:41:47.028+0000] {logging_mixin.py:149} INFO - [2023-05-20T15:41:47.027+0000] {dag.py:2726} INFO - Sync 1 DAGs
[2023-05-20T15:41:47.061+0000] {logging_mixin.py:149} INFO - [2023-05-20T15:41:47.061+0000] {dag.py:3490} INFO - Setting next_dagrun for example_skip_dag to 2023-05-19T15:41:47.060803+00:00, run_after=2023-05-20T15:41:47.060803+00:00
[2023-05-20T15:41:47.085+0000] {processor.py:179} INFO - Processing /home/airflow/.local/lib/python3.7/site-packages/airflow/example_dags/example_skip_dag.py took 0.106 seconds
[2023-05-20T15:42:17.293+0000] {processor.py:157} INFO - Started process (PID=2621) to work on /home/airflow/.local/lib/python3.7/site-packages/airflow/example_dags/example_skip_dag.py
[2023-05-20T15:42:17.295+0000] {processor.py:826} INFO - Processing file /home/airflow/.local/lib/python3.7/site-packages/airflow/example_dags/example_skip_dag.py for tasks to queue
[2023-05-20T15:42:17.296+0000] {logging_mixin.py:149} INFO - [2023-05-20T15:42:17.296+0000] {dagbag.py:541} INFO - Filling up the DagBag from /home/airflow/.local/lib/python3.7/site-packages/airflow/example_dags/example_skip_dag.py
[2023-05-20T15:42:17.306+0000] {processor.py:836} INFO - DAG(s) dict_keys(['example_skip_dag']) retrieved from /home/airflow/.local/lib/python3.7/site-packages/airflow/example_dags/example_skip_dag.py
[2023-05-20T15:42:17.337+0000] {logging_mixin.py:149} INFO - [2023-05-20T15:42:17.336+0000] {dag.py:2726} INFO - Sync 1 DAGs
[2023-05-20T15:42:17.374+0000] {logging_mixin.py:149} INFO - [2023-05-20T15:42:17.374+0000] {dag.py:3490} INFO - Setting next_dagrun for example_skip_dag to 2023-05-19T15:42:17.373876+00:00, run_after=2023-05-20T15:42:17.373876+00:00
[2023-05-20T15:42:17.398+0000] {processor.py:179} INFO - Processing /home/airflow/.local/lib/python3.7/site-packages/airflow/example_dags/example_skip_dag.py took 0.109 seconds
[2023-05-20T15:42:47.816+0000] {processor.py:157} INFO - Started process (PID=2679) to work on /home/airflow/.local/lib/python3.7/site-packages/airflow/example_dags/example_skip_dag.py
[2023-05-20T15:42:47.818+0000] {processor.py:826} INFO - Processing file /home/airflow/.local/lib/python3.7/site-packages/airflow/example_dags/example_skip_dag.py for tasks to queue
[2023-05-20T15:42:47.819+0000] {logging_mixin.py:149} INFO - [2023-05-20T15:42:47.819+0000] {dagbag.py:541} INFO - Filling up the DagBag from /home/airflow/.local/lib/python3.7/site-packages/airflow/example_dags/example_skip_dag.py
[2023-05-20T15:42:47.827+0000] {processor.py:836} INFO - DAG(s) dict_keys(['example_skip_dag']) retrieved from /home/airflow/.local/lib/python3.7/site-packages/airflow/example_dags/example_skip_dag.py
[2023-05-20T15:42:47.857+0000] {logging_mixin.py:149} INFO - [2023-05-20T15:42:47.857+0000] {dag.py:2726} INFO - Sync 1 DAGs
[2023-05-20T15:42:47.885+0000] {logging_mixin.py:149} INFO - [2023-05-20T15:42:47.885+0000] {dag.py:3490} INFO - Setting next_dagrun for example_skip_dag to 2023-05-19T15:42:47.885331+00:00, run_after=2023-05-20T15:42:47.885331+00:00
[2023-05-20T15:42:47.909+0000] {processor.py:179} INFO - Processing /home/airflow/.local/lib/python3.7/site-packages/airflow/example_dags/example_skip_dag.py took 0.097 seconds
[2023-05-20T15:43:17.995+0000] {processor.py:157} INFO - Started process (PID=2737) to work on /home/airflow/.local/lib/python3.7/site-packages/airflow/example_dags/example_skip_dag.py
[2023-05-20T15:43:17.998+0000] {processor.py:826} INFO - Processing file /home/airflow/.local/lib/python3.7/site-packages/airflow/example_dags/example_skip_dag.py for tasks to queue
[2023-05-20T15:43:17.999+0000] {logging_mixin.py:149} INFO - [2023-05-20T15:43:17.999+0000] {dagbag.py:541} INFO - Filling up the DagBag from /home/airflow/.local/lib/python3.7/site-packages/airflow/example_dags/example_skip_dag.py
[2023-05-20T15:43:18.008+0000] {processor.py:836} INFO - DAG(s) dict_keys(['example_skip_dag']) retrieved from /home/airflow/.local/lib/python3.7/site-packages/airflow/example_dags/example_skip_dag.py
[2023-05-20T15:43:18.039+0000] {logging_mixin.py:149} INFO - [2023-05-20T15:43:18.039+0000] {dag.py:2726} INFO - Sync 1 DAGs
[2023-05-20T15:43:18.067+0000] {logging_mixin.py:149} INFO - [2023-05-20T15:43:18.067+0000] {dag.py:3490} INFO - Setting next_dagrun for example_skip_dag to 2023-05-19T15:43:18.067118+00:00, run_after=2023-05-20T15:43:18.067118+00:00
[2023-05-20T15:43:18.088+0000] {processor.py:179} INFO - Processing /home/airflow/.local/lib/python3.7/site-packages/airflow/example_dags/example_skip_dag.py took 0.098 seconds
[2023-05-20T15:43:48.336+0000] {processor.py:157} INFO - Started process (PID=2795) to work on /home/airflow/.local/lib/python3.7/site-packages/airflow/example_dags/example_skip_dag.py
[2023-05-20T15:43:48.337+0000] {processor.py:826} INFO - Processing file /home/airflow/.local/lib/python3.7/site-packages/airflow/example_dags/example_skip_dag.py for tasks to queue
[2023-05-20T15:43:48.338+0000] {logging_mixin.py:149} INFO - [2023-05-20T15:43:48.338+0000] {dagbag.py:541} INFO - Filling up the DagBag from /home/airflow/.local/lib/python3.7/site-packages/airflow/example_dags/example_skip_dag.py
[2023-05-20T15:43:48.347+0000] {processor.py:836} INFO - DAG(s) dict_keys(['example_skip_dag']) retrieved from /home/airflow/.local/lib/python3.7/site-packages/airflow/example_dags/example_skip_dag.py
[2023-05-20T15:43:48.378+0000] {logging_mixin.py:149} INFO - [2023-05-20T15:43:48.377+0000] {dag.py:2726} INFO - Sync 1 DAGs
[2023-05-20T15:43:48.406+0000] {logging_mixin.py:149} INFO - [2023-05-20T15:43:48.406+0000] {dag.py:3490} INFO - Setting next_dagrun for example_skip_dag to 2023-05-19T15:43:48.406031+00:00, run_after=2023-05-20T15:43:48.406031+00:00
[2023-05-20T15:43:48.427+0000] {processor.py:179} INFO - Processing /home/airflow/.local/lib/python3.7/site-packages/airflow/example_dags/example_skip_dag.py took 0.096 seconds
[2023-05-20T15:44:18.666+0000] {processor.py:157} INFO - Started process (PID=2853) to work on /home/airflow/.local/lib/python3.7/site-packages/airflow/example_dags/example_skip_dag.py
[2023-05-20T15:44:18.668+0000] {processor.py:826} INFO - Processing file /home/airflow/.local/lib/python3.7/site-packages/airflow/example_dags/example_skip_dag.py for tasks to queue
[2023-05-20T15:44:18.669+0000] {logging_mixin.py:149} INFO - [2023-05-20T15:44:18.669+0000] {dagbag.py:541} INFO - Filling up the DagBag from /home/airflow/.local/lib/python3.7/site-packages/airflow/example_dags/example_skip_dag.py
[2023-05-20T15:44:18.678+0000] {processor.py:836} INFO - DAG(s) dict_keys(['example_skip_dag']) retrieved from /home/airflow/.local/lib/python3.7/site-packages/airflow/example_dags/example_skip_dag.py
[2023-05-20T15:44:18.709+0000] {logging_mixin.py:149} INFO - [2023-05-20T15:44:18.709+0000] {dag.py:2726} INFO - Sync 1 DAGs
[2023-05-20T15:44:18.741+0000] {logging_mixin.py:149} INFO - [2023-05-20T15:44:18.740+0000] {dag.py:3490} INFO - Setting next_dagrun for example_skip_dag to 2023-05-19T15:44:18.740612+00:00, run_after=2023-05-20T15:44:18.740612+00:00
[2023-05-20T15:44:18.767+0000] {processor.py:179} INFO - Processing /home/airflow/.local/lib/python3.7/site-packages/airflow/example_dags/example_skip_dag.py took 0.105 seconds
[2023-05-20T15:44:49.124+0000] {processor.py:157} INFO - Started process (PID=2911) to work on /home/airflow/.local/lib/python3.7/site-packages/airflow/example_dags/example_skip_dag.py
[2023-05-20T15:44:49.127+0000] {processor.py:826} INFO - Processing file /home/airflow/.local/lib/python3.7/site-packages/airflow/example_dags/example_skip_dag.py for tasks to queue
[2023-05-20T15:44:49.130+0000] {logging_mixin.py:149} INFO - [2023-05-20T15:44:49.129+0000] {dagbag.py:541} INFO - Filling up the DagBag from /home/airflow/.local/lib/python3.7/site-packages/airflow/example_dags/example_skip_dag.py
[2023-05-20T15:44:49.141+0000] {processor.py:836} INFO - DAG(s) dict_keys(['example_skip_dag']) retrieved from /home/airflow/.local/lib/python3.7/site-packages/airflow/example_dags/example_skip_dag.py
[2023-05-20T15:44:49.174+0000] {logging_mixin.py:149} INFO - [2023-05-20T15:44:49.174+0000] {dag.py:2726} INFO - Sync 1 DAGs
[2023-05-20T15:44:49.207+0000] {logging_mixin.py:149} INFO - [2023-05-20T15:44:49.207+0000] {dag.py:3490} INFO - Setting next_dagrun for example_skip_dag to 2023-05-19T15:44:49.207440+00:00, run_after=2023-05-20T15:44:49.207440+00:00
[2023-05-20T15:44:49.233+0000] {processor.py:179} INFO - Processing /home/airflow/.local/lib/python3.7/site-packages/airflow/example_dags/example_skip_dag.py took 0.113 seconds
[2023-05-20T15:45:19.520+0000] {processor.py:157} INFO - Started process (PID=2969) to work on /home/airflow/.local/lib/python3.7/site-packages/airflow/example_dags/example_skip_dag.py
[2023-05-20T15:45:19.522+0000] {processor.py:826} INFO - Processing file /home/airflow/.local/lib/python3.7/site-packages/airflow/example_dags/example_skip_dag.py for tasks to queue
[2023-05-20T15:45:19.523+0000] {logging_mixin.py:149} INFO - [2023-05-20T15:45:19.523+0000] {dagbag.py:541} INFO - Filling up the DagBag from /home/airflow/.local/lib/python3.7/site-packages/airflow/example_dags/example_skip_dag.py
[2023-05-20T15:45:19.535+0000] {processor.py:836} INFO - DAG(s) dict_keys(['example_skip_dag']) retrieved from /home/airflow/.local/lib/python3.7/site-packages/airflow/example_dags/example_skip_dag.py
[2023-05-20T15:45:19.575+0000] {logging_mixin.py:149} INFO - [2023-05-20T15:45:19.575+0000] {dag.py:2726} INFO - Sync 1 DAGs
[2023-05-20T15:45:19.615+0000] {logging_mixin.py:149} INFO - [2023-05-20T15:45:19.615+0000] {dag.py:3490} INFO - Setting next_dagrun for example_skip_dag to 2023-05-19T15:45:19.614692+00:00, run_after=2023-05-20T15:45:19.614692+00:00
[2023-05-20T15:45:19.645+0000] {processor.py:179} INFO - Processing /home/airflow/.local/lib/python3.7/site-packages/airflow/example_dags/example_skip_dag.py took 0.131 seconds
[2023-05-20T15:45:50.187+0000] {processor.py:157} INFO - Started process (PID=3026) to work on /home/airflow/.local/lib/python3.7/site-packages/airflow/example_dags/example_skip_dag.py
[2023-05-20T15:45:50.189+0000] {processor.py:826} INFO - Processing file /home/airflow/.local/lib/python3.7/site-packages/airflow/example_dags/example_skip_dag.py for tasks to queue
[2023-05-20T15:45:50.191+0000] {logging_mixin.py:149} INFO - [2023-05-20T15:45:50.191+0000] {dagbag.py:541} INFO - Filling up the DagBag from /home/airflow/.local/lib/python3.7/site-packages/airflow/example_dags/example_skip_dag.py
[2023-05-20T15:45:50.208+0000] {processor.py:836} INFO - DAG(s) dict_keys(['example_skip_dag']) retrieved from /home/airflow/.local/lib/python3.7/site-packages/airflow/example_dags/example_skip_dag.py
[2023-05-20T15:45:50.256+0000] {logging_mixin.py:149} INFO - [2023-05-20T15:45:50.255+0000] {dag.py:2726} INFO - Sync 1 DAGs
[2023-05-20T15:45:50.313+0000] {logging_mixin.py:149} INFO - [2023-05-20T15:45:50.312+0000] {dag.py:3490} INFO - Setting next_dagrun for example_skip_dag to 2023-05-19T15:45:50.312641+00:00, run_after=2023-05-20T15:45:50.312641+00:00
[2023-05-20T15:45:50.342+0000] {processor.py:179} INFO - Processing /home/airflow/.local/lib/python3.7/site-packages/airflow/example_dags/example_skip_dag.py took 0.160 seconds
[2023-05-20T15:46:21.363+0000] {processor.py:157} INFO - Started process (PID=3085) to work on /home/airflow/.local/lib/python3.7/site-packages/airflow/example_dags/example_skip_dag.py
[2023-05-20T15:46:21.366+0000] {processor.py:826} INFO - Processing file /home/airflow/.local/lib/python3.7/site-packages/airflow/example_dags/example_skip_dag.py for tasks to queue
[2023-05-20T15:46:21.367+0000] {logging_mixin.py:149} INFO - [2023-05-20T15:46:21.367+0000] {dagbag.py:541} INFO - Filling up the DagBag from /home/airflow/.local/lib/python3.7/site-packages/airflow/example_dags/example_skip_dag.py
[2023-05-20T15:46:21.378+0000] {processor.py:836} INFO - DAG(s) dict_keys(['example_skip_dag']) retrieved from /home/airflow/.local/lib/python3.7/site-packages/airflow/example_dags/example_skip_dag.py
[2023-05-20T15:46:21.420+0000] {logging_mixin.py:149} INFO - [2023-05-20T15:46:21.420+0000] {dag.py:2726} INFO - Sync 1 DAGs
[2023-05-20T15:46:21.462+0000] {logging_mixin.py:149} INFO - [2023-05-20T15:46:21.462+0000] {dag.py:3490} INFO - Setting next_dagrun for example_skip_dag to 2023-05-19T15:46:21.461949+00:00, run_after=2023-05-20T15:46:21.461949+00:00
[2023-05-20T15:46:21.491+0000] {processor.py:179} INFO - Processing /home/airflow/.local/lib/python3.7/site-packages/airflow/example_dags/example_skip_dag.py took 0.133 seconds
[2023-05-20T15:46:51.789+0000] {processor.py:157} INFO - Started process (PID=3143) to work on /home/airflow/.local/lib/python3.7/site-packages/airflow/example_dags/example_skip_dag.py
[2023-05-20T15:46:51.791+0000] {processor.py:826} INFO - Processing file /home/airflow/.local/lib/python3.7/site-packages/airflow/example_dags/example_skip_dag.py for tasks to queue
[2023-05-20T15:46:51.793+0000] {logging_mixin.py:149} INFO - [2023-05-20T15:46:51.793+0000] {dagbag.py:541} INFO - Filling up the DagBag from /home/airflow/.local/lib/python3.7/site-packages/airflow/example_dags/example_skip_dag.py
[2023-05-20T15:46:51.807+0000] {processor.py:836} INFO - DAG(s) dict_keys(['example_skip_dag']) retrieved from /home/airflow/.local/lib/python3.7/site-packages/airflow/example_dags/example_skip_dag.py
[2023-05-20T15:46:51.857+0000] {logging_mixin.py:149} INFO - [2023-05-20T15:46:51.856+0000] {dag.py:2726} INFO - Sync 1 DAGs
[2023-05-20T15:46:51.921+0000] {logging_mixin.py:149} INFO - [2023-05-20T15:46:51.921+0000] {dag.py:3490} INFO - Setting next_dagrun for example_skip_dag to 2023-05-19T15:46:51.921336+00:00, run_after=2023-05-20T15:46:51.921336+00:00
[2023-05-20T15:46:51.957+0000] {processor.py:179} INFO - Processing /home/airflow/.local/lib/python3.7/site-packages/airflow/example_dags/example_skip_dag.py took 0.173 seconds
[2023-05-20T15:47:22.033+0000] {processor.py:157} INFO - Started process (PID=3201) to work on /home/airflow/.local/lib/python3.7/site-packages/airflow/example_dags/example_skip_dag.py
[2023-05-20T15:47:22.036+0000] {processor.py:826} INFO - Processing file /home/airflow/.local/lib/python3.7/site-packages/airflow/example_dags/example_skip_dag.py for tasks to queue
[2023-05-20T15:47:22.038+0000] {logging_mixin.py:149} INFO - [2023-05-20T15:47:22.037+0000] {dagbag.py:541} INFO - Filling up the DagBag from /home/airflow/.local/lib/python3.7/site-packages/airflow/example_dags/example_skip_dag.py
[2023-05-20T15:47:22.049+0000] {processor.py:836} INFO - DAG(s) dict_keys(['example_skip_dag']) retrieved from /home/airflow/.local/lib/python3.7/site-packages/airflow/example_dags/example_skip_dag.py
[2023-05-20T15:47:22.089+0000] {logging_mixin.py:149} INFO - [2023-05-20T15:47:22.089+0000] {dag.py:2726} INFO - Sync 1 DAGs
[2023-05-20T15:47:22.129+0000] {logging_mixin.py:149} INFO - [2023-05-20T15:47:22.128+0000] {dag.py:3490} INFO - Setting next_dagrun for example_skip_dag to 2023-05-19T15:47:22.128635+00:00, run_after=2023-05-20T15:47:22.128635+00:00
[2023-05-20T15:47:22.157+0000] {processor.py:179} INFO - Processing /home/airflow/.local/lib/python3.7/site-packages/airflow/example_dags/example_skip_dag.py took 0.128 seconds
[2023-05-20T15:47:52.427+0000] {processor.py:157} INFO - Started process (PID=3259) to work on /home/airflow/.local/lib/python3.7/site-packages/airflow/example_dags/example_skip_dag.py
[2023-05-20T15:47:52.429+0000] {processor.py:826} INFO - Processing file /home/airflow/.local/lib/python3.7/site-packages/airflow/example_dags/example_skip_dag.py for tasks to queue
[2023-05-20T15:47:52.432+0000] {logging_mixin.py:149} INFO - [2023-05-20T15:47:52.432+0000] {dagbag.py:541} INFO - Filling up the DagBag from /home/airflow/.local/lib/python3.7/site-packages/airflow/example_dags/example_skip_dag.py
[2023-05-20T15:47:52.444+0000] {processor.py:836} INFO - DAG(s) dict_keys(['example_skip_dag']) retrieved from /home/airflow/.local/lib/python3.7/site-packages/airflow/example_dags/example_skip_dag.py
[2023-05-20T15:47:52.483+0000] {logging_mixin.py:149} INFO - [2023-05-20T15:47:52.483+0000] {dag.py:2726} INFO - Sync 1 DAGs
[2023-05-20T15:47:52.521+0000] {logging_mixin.py:149} INFO - [2023-05-20T15:47:52.520+0000] {dag.py:3490} INFO - Setting next_dagrun for example_skip_dag to 2023-05-19T15:47:52.520624+00:00, run_after=2023-05-20T15:47:52.520624+00:00
[2023-05-20T15:47:52.553+0000] {processor.py:179} INFO - Processing /home/airflow/.local/lib/python3.7/site-packages/airflow/example_dags/example_skip_dag.py took 0.131 seconds
[2023-05-20T15:48:23.024+0000] {processor.py:157} INFO - Started process (PID=3318) to work on /home/airflow/.local/lib/python3.7/site-packages/airflow/example_dags/example_skip_dag.py
[2023-05-20T15:48:23.027+0000] {processor.py:826} INFO - Processing file /home/airflow/.local/lib/python3.7/site-packages/airflow/example_dags/example_skip_dag.py for tasks to queue
[2023-05-20T15:48:23.030+0000] {logging_mixin.py:149} INFO - [2023-05-20T15:48:23.030+0000] {dagbag.py:541} INFO - Filling up the DagBag from /home/airflow/.local/lib/python3.7/site-packages/airflow/example_dags/example_skip_dag.py
[2023-05-20T15:48:23.049+0000] {processor.py:836} INFO - DAG(s) dict_keys(['example_skip_dag']) retrieved from /home/airflow/.local/lib/python3.7/site-packages/airflow/example_dags/example_skip_dag.py
[2023-05-20T15:48:23.105+0000] {logging_mixin.py:149} INFO - [2023-05-20T15:48:23.105+0000] {dag.py:2726} INFO - Sync 1 DAGs
[2023-05-20T15:48:23.165+0000] {logging_mixin.py:149} INFO - [2023-05-20T15:48:23.165+0000] {dag.py:3490} INFO - Setting next_dagrun for example_skip_dag to 2023-05-19T15:48:23.164654+00:00, run_after=2023-05-20T15:48:23.164654+00:00
[2023-05-20T15:48:23.211+0000] {processor.py:179} INFO - Processing /home/airflow/.local/lib/python3.7/site-packages/airflow/example_dags/example_skip_dag.py took 0.193 seconds
[2023-05-20T15:48:53.260+0000] {processor.py:157} INFO - Started process (PID=3376) to work on /home/airflow/.local/lib/python3.7/site-packages/airflow/example_dags/example_skip_dag.py
[2023-05-20T15:48:53.262+0000] {processor.py:826} INFO - Processing file /home/airflow/.local/lib/python3.7/site-packages/airflow/example_dags/example_skip_dag.py for tasks to queue
[2023-05-20T15:48:53.265+0000] {logging_mixin.py:149} INFO - [2023-05-20T15:48:53.264+0000] {dagbag.py:541} INFO - Filling up the DagBag from /home/airflow/.local/lib/python3.7/site-packages/airflow/example_dags/example_skip_dag.py
[2023-05-20T15:48:53.278+0000] {processor.py:836} INFO - DAG(s) dict_keys(['example_skip_dag']) retrieved from /home/airflow/.local/lib/python3.7/site-packages/airflow/example_dags/example_skip_dag.py
[2023-05-20T15:48:53.325+0000] {logging_mixin.py:149} INFO - [2023-05-20T15:48:53.324+0000] {dag.py:2726} INFO - Sync 1 DAGs
[2023-05-20T15:48:53.367+0000] {logging_mixin.py:149} INFO - [2023-05-20T15:48:53.367+0000] {dag.py:3490} INFO - Setting next_dagrun for example_skip_dag to 2023-05-19T15:48:53.366695+00:00, run_after=2023-05-20T15:48:53.366695+00:00
[2023-05-20T15:48:53.402+0000] {processor.py:179} INFO - Processing /home/airflow/.local/lib/python3.7/site-packages/airflow/example_dags/example_skip_dag.py took 0.148 seconds
[2023-05-20T15:49:23.921+0000] {processor.py:157} INFO - Started process (PID=3434) to work on /home/airflow/.local/lib/python3.7/site-packages/airflow/example_dags/example_skip_dag.py
[2023-05-20T15:49:23.923+0000] {processor.py:826} INFO - Processing file /home/airflow/.local/lib/python3.7/site-packages/airflow/example_dags/example_skip_dag.py for tasks to queue
[2023-05-20T15:49:23.926+0000] {logging_mixin.py:149} INFO - [2023-05-20T15:49:23.925+0000] {dagbag.py:541} INFO - Filling up the DagBag from /home/airflow/.local/lib/python3.7/site-packages/airflow/example_dags/example_skip_dag.py
[2023-05-20T15:49:23.939+0000] {processor.py:836} INFO - DAG(s) dict_keys(['example_skip_dag']) retrieved from /home/airflow/.local/lib/python3.7/site-packages/airflow/example_dags/example_skip_dag.py
[2023-05-20T15:49:23.977+0000] {logging_mixin.py:149} INFO - [2023-05-20T15:49:23.977+0000] {dag.py:2726} INFO - Sync 1 DAGs
[2023-05-20T15:49:24.016+0000] {logging_mixin.py:149} INFO - [2023-05-20T15:49:24.016+0000] {dag.py:3490} INFO - Setting next_dagrun for example_skip_dag to 2023-05-19T15:49:24.016294+00:00, run_after=2023-05-20T15:49:24.016294+00:00
[2023-05-20T15:49:24.044+0000] {processor.py:179} INFO - Processing /home/airflow/.local/lib/python3.7/site-packages/airflow/example_dags/example_skip_dag.py took 0.128 seconds
[2023-05-20T15:49:54.538+0000] {processor.py:157} INFO - Started process (PID=3485) to work on /home/airflow/.local/lib/python3.7/site-packages/airflow/example_dags/example_skip_dag.py
[2023-05-20T15:49:54.541+0000] {processor.py:826} INFO - Processing file /home/airflow/.local/lib/python3.7/site-packages/airflow/example_dags/example_skip_dag.py for tasks to queue
[2023-05-20T15:49:54.542+0000] {logging_mixin.py:149} INFO - [2023-05-20T15:49:54.542+0000] {dagbag.py:541} INFO - Filling up the DagBag from /home/airflow/.local/lib/python3.7/site-packages/airflow/example_dags/example_skip_dag.py
[2023-05-20T15:49:54.552+0000] {processor.py:836} INFO - DAG(s) dict_keys(['example_skip_dag']) retrieved from /home/airflow/.local/lib/python3.7/site-packages/airflow/example_dags/example_skip_dag.py
[2023-05-20T15:49:54.583+0000] {logging_mixin.py:149} INFO - [2023-05-20T15:49:54.583+0000] {dag.py:2726} INFO - Sync 1 DAGs
[2023-05-20T15:49:54.616+0000] {logging_mixin.py:149} INFO - [2023-05-20T15:49:54.616+0000] {dag.py:3490} INFO - Setting next_dagrun for example_skip_dag to 2023-05-19T15:49:54.616148+00:00, run_after=2023-05-20T15:49:54.616148+00:00
[2023-05-20T15:49:54.647+0000] {processor.py:179} INFO - Processing /home/airflow/.local/lib/python3.7/site-packages/airflow/example_dags/example_skip_dag.py took 0.113 seconds
[2023-05-20T16:08:48.549+0000] {processor.py:157} INFO - Started process (PID=62) to work on /home/airflow/.local/lib/python3.7/site-packages/airflow/example_dags/example_skip_dag.py
[2023-05-20T16:08:48.563+0000] {processor.py:826} INFO - Processing file /home/airflow/.local/lib/python3.7/site-packages/airflow/example_dags/example_skip_dag.py for tasks to queue
[2023-05-20T16:08:48.567+0000] {logging_mixin.py:149} INFO - [2023-05-20T16:08:48.566+0000] {dagbag.py:541} INFO - Filling up the DagBag from /home/airflow/.local/lib/python3.7/site-packages/airflow/example_dags/example_skip_dag.py
[2023-05-20T16:08:48.612+0000] {processor.py:836} INFO - DAG(s) dict_keys(['example_skip_dag']) retrieved from /home/airflow/.local/lib/python3.7/site-packages/airflow/example_dags/example_skip_dag.py
[2023-05-20T16:08:48.658+0000] {logging_mixin.py:149} INFO - [2023-05-20T16:08:48.658+0000] {dag.py:2726} INFO - Sync 1 DAGs
[2023-05-20T16:08:48.732+0000] {logging_mixin.py:149} INFO - [2023-05-20T16:08:48.731+0000] {dag.py:3490} INFO - Setting next_dagrun for example_skip_dag to 2023-05-19T16:08:48.731602+00:00, run_after=2023-05-20T16:08:48.731602+00:00
[2023-05-20T16:08:48.777+0000] {processor.py:179} INFO - Processing /home/airflow/.local/lib/python3.7/site-packages/airflow/example_dags/example_skip_dag.py took 0.237 seconds
[2023-05-20T16:09:19.108+0000] {processor.py:157} INFO - Started process (PID=119) to work on /home/airflow/.local/lib/python3.7/site-packages/airflow/example_dags/example_skip_dag.py
[2023-05-20T16:09:19.110+0000] {processor.py:826} INFO - Processing file /home/airflow/.local/lib/python3.7/site-packages/airflow/example_dags/example_skip_dag.py for tasks to queue
[2023-05-20T16:09:19.112+0000] {logging_mixin.py:149} INFO - [2023-05-20T16:09:19.112+0000] {dagbag.py:541} INFO - Filling up the DagBag from /home/airflow/.local/lib/python3.7/site-packages/airflow/example_dags/example_skip_dag.py
[2023-05-20T16:09:19.123+0000] {processor.py:836} INFO - DAG(s) dict_keys(['example_skip_dag']) retrieved from /home/airflow/.local/lib/python3.7/site-packages/airflow/example_dags/example_skip_dag.py
[2023-05-20T16:09:19.154+0000] {logging_mixin.py:149} INFO - [2023-05-20T16:09:19.154+0000] {dag.py:2726} INFO - Sync 1 DAGs
[2023-05-20T16:09:19.186+0000] {logging_mixin.py:149} INFO - [2023-05-20T16:09:19.186+0000] {dag.py:3490} INFO - Setting next_dagrun for example_skip_dag to 2023-05-19T16:09:19.185963+00:00, run_after=2023-05-20T16:09:19.185963+00:00
[2023-05-20T16:09:19.213+0000] {processor.py:179} INFO - Processing /home/airflow/.local/lib/python3.7/site-packages/airflow/example_dags/example_skip_dag.py took 0.109 seconds
[2023-05-20T16:09:49.963+0000] {processor.py:157} INFO - Started process (PID=177) to work on /home/airflow/.local/lib/python3.7/site-packages/airflow/example_dags/example_skip_dag.py
[2023-05-20T16:09:49.965+0000] {processor.py:826} INFO - Processing file /home/airflow/.local/lib/python3.7/site-packages/airflow/example_dags/example_skip_dag.py for tasks to queue
[2023-05-20T16:09:49.968+0000] {logging_mixin.py:149} INFO - [2023-05-20T16:09:49.968+0000] {dagbag.py:541} INFO - Filling up the DagBag from /home/airflow/.local/lib/python3.7/site-packages/airflow/example_dags/example_skip_dag.py
[2023-05-20T16:09:49.984+0000] {processor.py:836} INFO - DAG(s) dict_keys(['example_skip_dag']) retrieved from /home/airflow/.local/lib/python3.7/site-packages/airflow/example_dags/example_skip_dag.py
[2023-05-20T16:09:50.033+0000] {logging_mixin.py:149} INFO - [2023-05-20T16:09:50.033+0000] {dag.py:2726} INFO - Sync 1 DAGs
[2023-05-20T16:09:50.087+0000] {logging_mixin.py:149} INFO - [2023-05-20T16:09:50.087+0000] {dag.py:3490} INFO - Setting next_dagrun for example_skip_dag to 2023-05-19T16:09:50.086672+00:00, run_after=2023-05-20T16:09:50.086672+00:00
[2023-05-20T16:09:50.130+0000] {processor.py:179} INFO - Processing /home/airflow/.local/lib/python3.7/site-packages/airflow/example_dags/example_skip_dag.py took 0.173 seconds
[2023-05-20T16:10:21.445+0000] {processor.py:157} INFO - Started process (PID=235) to work on /home/airflow/.local/lib/python3.7/site-packages/airflow/example_dags/example_skip_dag.py
[2023-05-20T16:10:21.448+0000] {processor.py:826} INFO - Processing file /home/airflow/.local/lib/python3.7/site-packages/airflow/example_dags/example_skip_dag.py for tasks to queue
[2023-05-20T16:10:21.451+0000] {logging_mixin.py:149} INFO - [2023-05-20T16:10:21.450+0000] {dagbag.py:541} INFO - Filling up the DagBag from /home/airflow/.local/lib/python3.7/site-packages/airflow/example_dags/example_skip_dag.py
[2023-05-20T16:10:21.467+0000] {processor.py:836} INFO - DAG(s) dict_keys(['example_skip_dag']) retrieved from /home/airflow/.local/lib/python3.7/site-packages/airflow/example_dags/example_skip_dag.py
[2023-05-20T16:10:21.524+0000] {logging_mixin.py:149} INFO - [2023-05-20T16:10:21.523+0000] {dag.py:2726} INFO - Sync 1 DAGs
[2023-05-20T16:10:21.581+0000] {logging_mixin.py:149} INFO - [2023-05-20T16:10:21.580+0000] {dag.py:3490} INFO - Setting next_dagrun for example_skip_dag to 2023-05-19T16:10:21.580096+00:00, run_after=2023-05-20T16:10:21.580096+00:00
[2023-05-20T16:10:21.633+0000] {processor.py:179} INFO - Processing /home/airflow/.local/lib/python3.7/site-packages/airflow/example_dags/example_skip_dag.py took 0.194 seconds
[2023-05-20T16:10:51.728+0000] {processor.py:157} INFO - Started process (PID=292) to work on /home/airflow/.local/lib/python3.7/site-packages/airflow/example_dags/example_skip_dag.py
[2023-05-20T16:10:51.731+0000] {processor.py:826} INFO - Processing file /home/airflow/.local/lib/python3.7/site-packages/airflow/example_dags/example_skip_dag.py for tasks to queue
[2023-05-20T16:10:51.733+0000] {logging_mixin.py:149} INFO - [2023-05-20T16:10:51.732+0000] {dagbag.py:541} INFO - Filling up the DagBag from /home/airflow/.local/lib/python3.7/site-packages/airflow/example_dags/example_skip_dag.py
[2023-05-20T16:10:51.746+0000] {processor.py:836} INFO - DAG(s) dict_keys(['example_skip_dag']) retrieved from /home/airflow/.local/lib/python3.7/site-packages/airflow/example_dags/example_skip_dag.py
[2023-05-20T16:10:51.791+0000] {logging_mixin.py:149} INFO - [2023-05-20T16:10:51.790+0000] {dag.py:2726} INFO - Sync 1 DAGs
[2023-05-20T16:10:51.840+0000] {logging_mixin.py:149} INFO - [2023-05-20T16:10:51.839+0000] {dag.py:3490} INFO - Setting next_dagrun for example_skip_dag to 2023-05-19T16:10:51.839568+00:00, run_after=2023-05-20T16:10:51.839568+00:00
[2023-05-20T16:10:51.874+0000] {processor.py:179} INFO - Processing /home/airflow/.local/lib/python3.7/site-packages/airflow/example_dags/example_skip_dag.py took 0.152 seconds
[2023-05-20T16:11:23.498+0000] {processor.py:157} INFO - Started process (PID=351) to work on /home/airflow/.local/lib/python3.7/site-packages/airflow/example_dags/example_skip_dag.py
[2023-05-20T16:11:23.501+0000] {processor.py:826} INFO - Processing file /home/airflow/.local/lib/python3.7/site-packages/airflow/example_dags/example_skip_dag.py for tasks to queue
[2023-05-20T16:11:23.504+0000] {logging_mixin.py:149} INFO - [2023-05-20T16:11:23.503+0000] {dagbag.py:541} INFO - Filling up the DagBag from /home/airflow/.local/lib/python3.7/site-packages/airflow/example_dags/example_skip_dag.py
[2023-05-20T16:11:23.524+0000] {processor.py:836} INFO - DAG(s) dict_keys(['example_skip_dag']) retrieved from /home/airflow/.local/lib/python3.7/site-packages/airflow/example_dags/example_skip_dag.py
[2023-05-20T16:11:23.674+0000] {logging_mixin.py:149} INFO - [2023-05-20T16:11:23.673+0000] {dag.py:2726} INFO - Sync 1 DAGs
[2023-05-20T16:11:23.750+0000] {logging_mixin.py:149} INFO - [2023-05-20T16:11:23.749+0000] {dag.py:3490} INFO - Setting next_dagrun for example_skip_dag to 2023-05-19T16:11:23.748862+00:00, run_after=2023-05-20T16:11:23.748862+00:00
[2023-05-20T16:11:23.801+0000] {processor.py:179} INFO - Processing /home/airflow/.local/lib/python3.7/site-packages/airflow/example_dags/example_skip_dag.py took 0.311 seconds
[2023-05-20T16:11:54.683+0000] {processor.py:157} INFO - Started process (PID=409) to work on /home/airflow/.local/lib/python3.7/site-packages/airflow/example_dags/example_skip_dag.py
[2023-05-20T16:11:54.686+0000] {processor.py:826} INFO - Processing file /home/airflow/.local/lib/python3.7/site-packages/airflow/example_dags/example_skip_dag.py for tasks to queue
[2023-05-20T16:11:54.688+0000] {logging_mixin.py:149} INFO - [2023-05-20T16:11:54.687+0000] {dagbag.py:541} INFO - Filling up the DagBag from /home/airflow/.local/lib/python3.7/site-packages/airflow/example_dags/example_skip_dag.py
[2023-05-20T16:11:54.705+0000] {processor.py:836} INFO - DAG(s) dict_keys(['example_skip_dag']) retrieved from /home/airflow/.local/lib/python3.7/site-packages/airflow/example_dags/example_skip_dag.py
[2023-05-20T16:11:54.741+0000] {logging_mixin.py:149} INFO - [2023-05-20T16:11:54.741+0000] {dag.py:2726} INFO - Sync 1 DAGs
[2023-05-20T16:11:54.777+0000] {logging_mixin.py:149} INFO - [2023-05-20T16:11:54.776+0000] {dag.py:3490} INFO - Setting next_dagrun for example_skip_dag to 2023-05-19T16:11:54.776534+00:00, run_after=2023-05-20T16:11:54.776534+00:00
[2023-05-20T16:11:54.804+0000] {processor.py:179} INFO - Processing /home/airflow/.local/lib/python3.7/site-packages/airflow/example_dags/example_skip_dag.py took 0.127 seconds
[2023-05-20T16:12:25.235+0000] {processor.py:157} INFO - Started process (PID=467) to work on /home/airflow/.local/lib/python3.7/site-packages/airflow/example_dags/example_skip_dag.py
[2023-05-20T16:12:25.237+0000] {processor.py:826} INFO - Processing file /home/airflow/.local/lib/python3.7/site-packages/airflow/example_dags/example_skip_dag.py for tasks to queue
[2023-05-20T16:12:25.239+0000] {logging_mixin.py:149} INFO - [2023-05-20T16:12:25.238+0000] {dagbag.py:541} INFO - Filling up the DagBag from /home/airflow/.local/lib/python3.7/site-packages/airflow/example_dags/example_skip_dag.py
[2023-05-20T16:12:25.251+0000] {processor.py:836} INFO - DAG(s) dict_keys(['example_skip_dag']) retrieved from /home/airflow/.local/lib/python3.7/site-packages/airflow/example_dags/example_skip_dag.py
[2023-05-20T16:12:25.293+0000] {logging_mixin.py:149} INFO - [2023-05-20T16:12:25.293+0000] {dag.py:2726} INFO - Sync 1 DAGs
[2023-05-20T16:12:25.336+0000] {logging_mixin.py:149} INFO - [2023-05-20T16:12:25.336+0000] {dag.py:3490} INFO - Setting next_dagrun for example_skip_dag to 2023-05-19T16:12:25.336099+00:00, run_after=2023-05-20T16:12:25.336099+00:00
[2023-05-20T16:12:25.372+0000] {processor.py:179} INFO - Processing /home/airflow/.local/lib/python3.7/site-packages/airflow/example_dags/example_skip_dag.py took 0.142 seconds
[2023-05-20T16:12:55.493+0000] {processor.py:157} INFO - Started process (PID=524) to work on /home/airflow/.local/lib/python3.7/site-packages/airflow/example_dags/example_skip_dag.py
[2023-05-20T16:12:55.494+0000] {processor.py:826} INFO - Processing file /home/airflow/.local/lib/python3.7/site-packages/airflow/example_dags/example_skip_dag.py for tasks to queue
[2023-05-20T16:12:55.496+0000] {logging_mixin.py:149} INFO - [2023-05-20T16:12:55.496+0000] {dagbag.py:541} INFO - Filling up the DagBag from /home/airflow/.local/lib/python3.7/site-packages/airflow/example_dags/example_skip_dag.py
[2023-05-20T16:12:55.508+0000] {processor.py:836} INFO - DAG(s) dict_keys(['example_skip_dag']) retrieved from /home/airflow/.local/lib/python3.7/site-packages/airflow/example_dags/example_skip_dag.py
[2023-05-20T16:12:55.545+0000] {logging_mixin.py:149} INFO - [2023-05-20T16:12:55.545+0000] {dag.py:2726} INFO - Sync 1 DAGs
[2023-05-20T16:12:55.582+0000] {logging_mixin.py:149} INFO - [2023-05-20T16:12:55.582+0000] {dag.py:3490} INFO - Setting next_dagrun for example_skip_dag to 2023-05-19T16:12:55.581821+00:00, run_after=2023-05-20T16:12:55.581821+00:00
[2023-05-20T16:12:55.610+0000] {processor.py:179} INFO - Processing /home/airflow/.local/lib/python3.7/site-packages/airflow/example_dags/example_skip_dag.py took 0.122 seconds
[2023-05-20T16:13:26.085+0000] {processor.py:157} INFO - Started process (PID=583) to work on /home/airflow/.local/lib/python3.7/site-packages/airflow/example_dags/example_skip_dag.py
[2023-05-20T16:13:26.087+0000] {processor.py:826} INFO - Processing file /home/airflow/.local/lib/python3.7/site-packages/airflow/example_dags/example_skip_dag.py for tasks to queue
[2023-05-20T16:13:26.089+0000] {logging_mixin.py:149} INFO - [2023-05-20T16:13:26.088+0000] {dagbag.py:541} INFO - Filling up the DagBag from /home/airflow/.local/lib/python3.7/site-packages/airflow/example_dags/example_skip_dag.py
[2023-05-20T16:13:26.099+0000] {processor.py:836} INFO - DAG(s) dict_keys(['example_skip_dag']) retrieved from /home/airflow/.local/lib/python3.7/site-packages/airflow/example_dags/example_skip_dag.py
[2023-05-20T16:13:26.128+0000] {logging_mixin.py:149} INFO - [2023-05-20T16:13:26.128+0000] {dag.py:2726} INFO - Sync 1 DAGs
[2023-05-20T16:13:26.158+0000] {logging_mixin.py:149} INFO - [2023-05-20T16:13:26.158+0000] {dag.py:3490} INFO - Setting next_dagrun for example_skip_dag to 2023-05-19T16:13:26.158434+00:00, run_after=2023-05-20T16:13:26.158434+00:00
[2023-05-20T16:13:26.181+0000] {processor.py:179} INFO - Processing /home/airflow/.local/lib/python3.7/site-packages/airflow/example_dags/example_skip_dag.py took 0.100 seconds
