[2023-05-20T15:19:46.807+0000] {processor.py:157} INFO - Started process (PID=32) to work on /home/airflow/.local/lib/python3.7/site-packages/airflow/example_dags/example_branch_operator.py
[2023-05-20T15:19:46.811+0000] {processor.py:826} INFO - Processing file /home/airflow/.local/lib/python3.7/site-packages/airflow/example_dags/example_branch_operator.py for tasks to queue
[2023-05-20T15:19:46.812+0000] {logging_mixin.py:149} INFO - [2023-05-20T15:19:46.812+0000] {dagbag.py:541} INFO - Filling up the DagBag from /home/airflow/.local/lib/python3.7/site-packages/airflow/example_dags/example_branch_operator.py
[2023-05-20T15:19:46.852+0000] {processor.py:836} INFO - DAG(s) dict_keys(['example_branch_operator']) retrieved from /home/airflow/.local/lib/python3.7/site-packages/airflow/example_dags/example_branch_operator.py
[2023-05-20T15:19:46.951+0000] {logging_mixin.py:149} INFO - [2023-05-20T15:19:46.951+0000] {dag.py:2726} INFO - Sync 1 DAGs
[2023-05-20T15:19:47.376+0000] {logging_mixin.py:149} INFO - [2023-05-20T15:19:47.376+0000] {dag.py:3490} INFO - Setting next_dagrun for example_branch_operator to 2023-05-19T00:00:00+00:00, run_after=2023-05-20T00:00:00+00:00
[2023-05-20T15:19:47.408+0000] {processor.py:179} INFO - Processing /home/airflow/.local/lib/python3.7/site-packages/airflow/example_dags/example_branch_operator.py took 0.615 seconds
[2023-05-20T15:20:18.387+0000] {processor.py:157} INFO - Started process (PID=90) to work on /home/airflow/.local/lib/python3.7/site-packages/airflow/example_dags/example_branch_operator.py
[2023-05-20T15:20:18.390+0000] {processor.py:826} INFO - Processing file /home/airflow/.local/lib/python3.7/site-packages/airflow/example_dags/example_branch_operator.py for tasks to queue
[2023-05-20T15:20:18.392+0000] {logging_mixin.py:149} INFO - [2023-05-20T15:20:18.391+0000] {dagbag.py:541} INFO - Filling up the DagBag from /home/airflow/.local/lib/python3.7/site-packages/airflow/example_dags/example_branch_operator.py
[2023-05-20T15:20:18.407+0000] {processor.py:836} INFO - DAG(s) dict_keys(['example_branch_operator']) retrieved from /home/airflow/.local/lib/python3.7/site-packages/airflow/example_dags/example_branch_operator.py
[2023-05-20T15:20:18.461+0000] {logging_mixin.py:149} INFO - [2023-05-20T15:20:18.461+0000] {dag.py:2726} INFO - Sync 1 DAGs
[2023-05-20T15:20:18.512+0000] {logging_mixin.py:149} INFO - [2023-05-20T15:20:18.512+0000] {dag.py:3490} INFO - Setting next_dagrun for example_branch_operator to 2023-05-19T00:00:00+00:00, run_after=2023-05-20T00:00:00+00:00
[2023-05-20T15:20:18.547+0000] {processor.py:179} INFO - Processing /home/airflow/.local/lib/python3.7/site-packages/airflow/example_dags/example_branch_operator.py took 0.168 seconds
[2023-05-20T15:20:48.603+0000] {processor.py:157} INFO - Started process (PID=148) to work on /home/airflow/.local/lib/python3.7/site-packages/airflow/example_dags/example_branch_operator.py
[2023-05-20T15:20:48.605+0000] {processor.py:826} INFO - Processing file /home/airflow/.local/lib/python3.7/site-packages/airflow/example_dags/example_branch_operator.py for tasks to queue
[2023-05-20T15:20:48.607+0000] {logging_mixin.py:149} INFO - [2023-05-20T15:20:48.607+0000] {dagbag.py:541} INFO - Filling up the DagBag from /home/airflow/.local/lib/python3.7/site-packages/airflow/example_dags/example_branch_operator.py
[2023-05-20T15:20:48.622+0000] {processor.py:836} INFO - DAG(s) dict_keys(['example_branch_operator']) retrieved from /home/airflow/.local/lib/python3.7/site-packages/airflow/example_dags/example_branch_operator.py
[2023-05-20T15:20:48.660+0000] {logging_mixin.py:149} INFO - [2023-05-20T15:20:48.659+0000] {dag.py:2726} INFO - Sync 1 DAGs
[2023-05-20T15:20:48.692+0000] {logging_mixin.py:149} INFO - [2023-05-20T15:20:48.692+0000] {dag.py:3490} INFO - Setting next_dagrun for example_branch_operator to 2023-05-19T00:00:00+00:00, run_after=2023-05-20T00:00:00+00:00
[2023-05-20T15:20:48.725+0000] {processor.py:179} INFO - Processing /home/airflow/.local/lib/python3.7/site-packages/airflow/example_dags/example_branch_operator.py took 0.127 seconds
[2023-05-20T15:21:18.880+0000] {processor.py:157} INFO - Started process (PID=206) to work on /home/airflow/.local/lib/python3.7/site-packages/airflow/example_dags/example_branch_operator.py
[2023-05-20T15:21:18.882+0000] {processor.py:826} INFO - Processing file /home/airflow/.local/lib/python3.7/site-packages/airflow/example_dags/example_branch_operator.py for tasks to queue
[2023-05-20T15:21:18.884+0000] {logging_mixin.py:149} INFO - [2023-05-20T15:21:18.884+0000] {dagbag.py:541} INFO - Filling up the DagBag from /home/airflow/.local/lib/python3.7/site-packages/airflow/example_dags/example_branch_operator.py
[2023-05-20T15:21:18.900+0000] {processor.py:836} INFO - DAG(s) dict_keys(['example_branch_operator']) retrieved from /home/airflow/.local/lib/python3.7/site-packages/airflow/example_dags/example_branch_operator.py
[2023-05-20T15:21:18.945+0000] {logging_mixin.py:149} INFO - [2023-05-20T15:21:18.945+0000] {dag.py:2726} INFO - Sync 1 DAGs
[2023-05-20T15:21:18.986+0000] {logging_mixin.py:149} INFO - [2023-05-20T15:21:18.986+0000] {dag.py:3490} INFO - Setting next_dagrun for example_branch_operator to 2023-05-19T00:00:00+00:00, run_after=2023-05-20T00:00:00+00:00
[2023-05-20T15:21:19.015+0000] {processor.py:179} INFO - Processing /home/airflow/.local/lib/python3.7/site-packages/airflow/example_dags/example_branch_operator.py took 0.142 seconds
[2023-05-20T15:21:49.197+0000] {processor.py:157} INFO - Started process (PID=264) to work on /home/airflow/.local/lib/python3.7/site-packages/airflow/example_dags/example_branch_operator.py
[2023-05-20T15:21:49.200+0000] {processor.py:826} INFO - Processing file /home/airflow/.local/lib/python3.7/site-packages/airflow/example_dags/example_branch_operator.py for tasks to queue
[2023-05-20T15:21:49.203+0000] {logging_mixin.py:149} INFO - [2023-05-20T15:21:49.203+0000] {dagbag.py:541} INFO - Filling up the DagBag from /home/airflow/.local/lib/python3.7/site-packages/airflow/example_dags/example_branch_operator.py
[2023-05-20T15:21:49.226+0000] {processor.py:836} INFO - DAG(s) dict_keys(['example_branch_operator']) retrieved from /home/airflow/.local/lib/python3.7/site-packages/airflow/example_dags/example_branch_operator.py
[2023-05-20T15:21:49.277+0000] {logging_mixin.py:149} INFO - [2023-05-20T15:21:49.277+0000] {dag.py:2726} INFO - Sync 1 DAGs
[2023-05-20T15:21:49.329+0000] {logging_mixin.py:149} INFO - [2023-05-20T15:21:49.329+0000] {dag.py:3490} INFO - Setting next_dagrun for example_branch_operator to 2023-05-19T00:00:00+00:00, run_after=2023-05-20T00:00:00+00:00
[2023-05-20T15:21:49.374+0000] {processor.py:179} INFO - Processing /home/airflow/.local/lib/python3.7/site-packages/airflow/example_dags/example_branch_operator.py took 0.184 seconds
[2023-05-20T15:22:19.727+0000] {processor.py:157} INFO - Started process (PID=322) to work on /home/airflow/.local/lib/python3.7/site-packages/airflow/example_dags/example_branch_operator.py
[2023-05-20T15:22:19.730+0000] {processor.py:826} INFO - Processing file /home/airflow/.local/lib/python3.7/site-packages/airflow/example_dags/example_branch_operator.py for tasks to queue
[2023-05-20T15:22:19.732+0000] {logging_mixin.py:149} INFO - [2023-05-20T15:22:19.732+0000] {dagbag.py:541} INFO - Filling up the DagBag from /home/airflow/.local/lib/python3.7/site-packages/airflow/example_dags/example_branch_operator.py
[2023-05-20T15:22:19.748+0000] {processor.py:836} INFO - DAG(s) dict_keys(['example_branch_operator']) retrieved from /home/airflow/.local/lib/python3.7/site-packages/airflow/example_dags/example_branch_operator.py
[2023-05-20T15:22:19.789+0000] {logging_mixin.py:149} INFO - [2023-05-20T15:22:19.789+0000] {dag.py:2726} INFO - Sync 1 DAGs
[2023-05-20T15:22:19.829+0000] {logging_mixin.py:149} INFO - [2023-05-20T15:22:19.829+0000] {dag.py:3490} INFO - Setting next_dagrun for example_branch_operator to 2023-05-19T00:00:00+00:00, run_after=2023-05-20T00:00:00+00:00
[2023-05-20T15:22:19.858+0000] {processor.py:179} INFO - Processing /home/airflow/.local/lib/python3.7/site-packages/airflow/example_dags/example_branch_operator.py took 0.135 seconds
[2023-05-20T15:22:49.954+0000] {processor.py:157} INFO - Started process (PID=380) to work on /home/airflow/.local/lib/python3.7/site-packages/airflow/example_dags/example_branch_operator.py
[2023-05-20T15:22:49.956+0000] {processor.py:826} INFO - Processing file /home/airflow/.local/lib/python3.7/site-packages/airflow/example_dags/example_branch_operator.py for tasks to queue
[2023-05-20T15:22:49.957+0000] {logging_mixin.py:149} INFO - [2023-05-20T15:22:49.957+0000] {dagbag.py:541} INFO - Filling up the DagBag from /home/airflow/.local/lib/python3.7/site-packages/airflow/example_dags/example_branch_operator.py
[2023-05-20T15:22:49.971+0000] {processor.py:836} INFO - DAG(s) dict_keys(['example_branch_operator']) retrieved from /home/airflow/.local/lib/python3.7/site-packages/airflow/example_dags/example_branch_operator.py
[2023-05-20T15:22:50.010+0000] {logging_mixin.py:149} INFO - [2023-05-20T15:22:50.010+0000] {dag.py:2726} INFO - Sync 1 DAGs
[2023-05-20T15:22:50.047+0000] {logging_mixin.py:149} INFO - [2023-05-20T15:22:50.046+0000] {dag.py:3490} INFO - Setting next_dagrun for example_branch_operator to 2023-05-19T00:00:00+00:00, run_after=2023-05-20T00:00:00+00:00
[2023-05-20T15:22:50.077+0000] {processor.py:179} INFO - Processing /home/airflow/.local/lib/python3.7/site-packages/airflow/example_dags/example_branch_operator.py took 0.128 seconds
[2023-05-20T15:23:20.155+0000] {processor.py:157} INFO - Started process (PID=438) to work on /home/airflow/.local/lib/python3.7/site-packages/airflow/example_dags/example_branch_operator.py
[2023-05-20T15:23:20.157+0000] {processor.py:826} INFO - Processing file /home/airflow/.local/lib/python3.7/site-packages/airflow/example_dags/example_branch_operator.py for tasks to queue
[2023-05-20T15:23:20.159+0000] {logging_mixin.py:149} INFO - [2023-05-20T15:23:20.159+0000] {dagbag.py:541} INFO - Filling up the DagBag from /home/airflow/.local/lib/python3.7/site-packages/airflow/example_dags/example_branch_operator.py
[2023-05-20T15:23:20.172+0000] {processor.py:836} INFO - DAG(s) dict_keys(['example_branch_operator']) retrieved from /home/airflow/.local/lib/python3.7/site-packages/airflow/example_dags/example_branch_operator.py
[2023-05-20T15:23:20.211+0000] {logging_mixin.py:149} INFO - [2023-05-20T15:23:20.211+0000] {dag.py:2726} INFO - Sync 1 DAGs
[2023-05-20T15:23:20.251+0000] {logging_mixin.py:149} INFO - [2023-05-20T15:23:20.251+0000] {dag.py:3490} INFO - Setting next_dagrun for example_branch_operator to 2023-05-19T00:00:00+00:00, run_after=2023-05-20T00:00:00+00:00
[2023-05-20T15:23:20.280+0000] {processor.py:179} INFO - Processing /home/airflow/.local/lib/python3.7/site-packages/airflow/example_dags/example_branch_operator.py took 0.130 seconds
[2023-05-20T15:23:51.216+0000] {processor.py:157} INFO - Started process (PID=496) to work on /home/airflow/.local/lib/python3.7/site-packages/airflow/example_dags/example_branch_operator.py
[2023-05-20T15:23:51.218+0000] {processor.py:826} INFO - Processing file /home/airflow/.local/lib/python3.7/site-packages/airflow/example_dags/example_branch_operator.py for tasks to queue
[2023-05-20T15:23:51.220+0000] {logging_mixin.py:149} INFO - [2023-05-20T15:23:51.219+0000] {dagbag.py:541} INFO - Filling up the DagBag from /home/airflow/.local/lib/python3.7/site-packages/airflow/example_dags/example_branch_operator.py
[2023-05-20T15:23:51.235+0000] {processor.py:836} INFO - DAG(s) dict_keys(['example_branch_operator']) retrieved from /home/airflow/.local/lib/python3.7/site-packages/airflow/example_dags/example_branch_operator.py
[2023-05-20T15:23:51.278+0000] {logging_mixin.py:149} INFO - [2023-05-20T15:23:51.278+0000] {dag.py:2726} INFO - Sync 1 DAGs
[2023-05-20T15:23:51.313+0000] {logging_mixin.py:149} INFO - [2023-05-20T15:23:51.313+0000] {dag.py:3490} INFO - Setting next_dagrun for example_branch_operator to 2023-05-19T00:00:00+00:00, run_after=2023-05-20T00:00:00+00:00
[2023-05-20T15:23:51.337+0000] {processor.py:179} INFO - Processing /home/airflow/.local/lib/python3.7/site-packages/airflow/example_dags/example_branch_operator.py took 0.126 seconds
[2023-05-20T15:24:21.459+0000] {processor.py:157} INFO - Started process (PID=554) to work on /home/airflow/.local/lib/python3.7/site-packages/airflow/example_dags/example_branch_operator.py
[2023-05-20T15:24:21.461+0000] {processor.py:826} INFO - Processing file /home/airflow/.local/lib/python3.7/site-packages/airflow/example_dags/example_branch_operator.py for tasks to queue
[2023-05-20T15:24:21.463+0000] {logging_mixin.py:149} INFO - [2023-05-20T15:24:21.463+0000] {dagbag.py:541} INFO - Filling up the DagBag from /home/airflow/.local/lib/python3.7/site-packages/airflow/example_dags/example_branch_operator.py
[2023-05-20T15:24:21.477+0000] {processor.py:836} INFO - DAG(s) dict_keys(['example_branch_operator']) retrieved from /home/airflow/.local/lib/python3.7/site-packages/airflow/example_dags/example_branch_operator.py
[2023-05-20T15:24:21.514+0000] {logging_mixin.py:149} INFO - [2023-05-20T15:24:21.514+0000] {dag.py:2726} INFO - Sync 1 DAGs
[2023-05-20T15:24:21.551+0000] {logging_mixin.py:149} INFO - [2023-05-20T15:24:21.550+0000] {dag.py:3490} INFO - Setting next_dagrun for example_branch_operator to 2023-05-19T00:00:00+00:00, run_after=2023-05-20T00:00:00+00:00
[2023-05-20T15:24:21.579+0000] {processor.py:179} INFO - Processing /home/airflow/.local/lib/python3.7/site-packages/airflow/example_dags/example_branch_operator.py took 0.125 seconds
[2023-05-20T15:24:51.745+0000] {processor.py:157} INFO - Started process (PID=612) to work on /home/airflow/.local/lib/python3.7/site-packages/airflow/example_dags/example_branch_operator.py
[2023-05-20T15:24:51.747+0000] {processor.py:826} INFO - Processing file /home/airflow/.local/lib/python3.7/site-packages/airflow/example_dags/example_branch_operator.py for tasks to queue
[2023-05-20T15:24:51.749+0000] {logging_mixin.py:149} INFO - [2023-05-20T15:24:51.749+0000] {dagbag.py:541} INFO - Filling up the DagBag from /home/airflow/.local/lib/python3.7/site-packages/airflow/example_dags/example_branch_operator.py
[2023-05-20T15:24:51.765+0000] {processor.py:836} INFO - DAG(s) dict_keys(['example_branch_operator']) retrieved from /home/airflow/.local/lib/python3.7/site-packages/airflow/example_dags/example_branch_operator.py
[2023-05-20T15:24:51.803+0000] {logging_mixin.py:149} INFO - [2023-05-20T15:24:51.803+0000] {dag.py:2726} INFO - Sync 1 DAGs
[2023-05-20T15:24:51.845+0000] {logging_mixin.py:149} INFO - [2023-05-20T15:24:51.845+0000] {dag.py:3490} INFO - Setting next_dagrun for example_branch_operator to 2023-05-19T00:00:00+00:00, run_after=2023-05-20T00:00:00+00:00
[2023-05-20T15:24:51.876+0000] {processor.py:179} INFO - Processing /home/airflow/.local/lib/python3.7/site-packages/airflow/example_dags/example_branch_operator.py took 0.137 seconds
[2023-05-20T15:25:22.298+0000] {processor.py:157} INFO - Started process (PID=670) to work on /home/airflow/.local/lib/python3.7/site-packages/airflow/example_dags/example_branch_operator.py
[2023-05-20T15:25:22.301+0000] {processor.py:826} INFO - Processing file /home/airflow/.local/lib/python3.7/site-packages/airflow/example_dags/example_branch_operator.py for tasks to queue
[2023-05-20T15:25:22.302+0000] {logging_mixin.py:149} INFO - [2023-05-20T15:25:22.302+0000] {dagbag.py:541} INFO - Filling up the DagBag from /home/airflow/.local/lib/python3.7/site-packages/airflow/example_dags/example_branch_operator.py
[2023-05-20T15:25:22.325+0000] {processor.py:836} INFO - DAG(s) dict_keys(['example_branch_operator']) retrieved from /home/airflow/.local/lib/python3.7/site-packages/airflow/example_dags/example_branch_operator.py
[2023-05-20T15:25:22.378+0000] {logging_mixin.py:149} INFO - [2023-05-20T15:25:22.378+0000] {dag.py:2726} INFO - Sync 1 DAGs
[2023-05-20T15:25:22.432+0000] {logging_mixin.py:149} INFO - [2023-05-20T15:25:22.432+0000] {dag.py:3490} INFO - Setting next_dagrun for example_branch_operator to 2023-05-19T00:00:00+00:00, run_after=2023-05-20T00:00:00+00:00
[2023-05-20T15:25:22.469+0000] {processor.py:179} INFO - Processing /home/airflow/.local/lib/python3.7/site-packages/airflow/example_dags/example_branch_operator.py took 0.176 seconds
[2023-05-20T15:25:52.783+0000] {processor.py:157} INFO - Started process (PID=728) to work on /home/airflow/.local/lib/python3.7/site-packages/airflow/example_dags/example_branch_operator.py
[2023-05-20T15:25:52.788+0000] {processor.py:826} INFO - Processing file /home/airflow/.local/lib/python3.7/site-packages/airflow/example_dags/example_branch_operator.py for tasks to queue
[2023-05-20T15:25:52.789+0000] {logging_mixin.py:149} INFO - [2023-05-20T15:25:52.789+0000] {dagbag.py:541} INFO - Filling up the DagBag from /home/airflow/.local/lib/python3.7/site-packages/airflow/example_dags/example_branch_operator.py
[2023-05-20T15:25:52.806+0000] {processor.py:836} INFO - DAG(s) dict_keys(['example_branch_operator']) retrieved from /home/airflow/.local/lib/python3.7/site-packages/airflow/example_dags/example_branch_operator.py
[2023-05-20T15:25:52.871+0000] {logging_mixin.py:149} INFO - [2023-05-20T15:25:52.871+0000] {dag.py:2726} INFO - Sync 1 DAGs
[2023-05-20T15:25:52.920+0000] {logging_mixin.py:149} INFO - [2023-05-20T15:25:52.920+0000] {dag.py:3490} INFO - Setting next_dagrun for example_branch_operator to 2023-05-19T00:00:00+00:00, run_after=2023-05-20T00:00:00+00:00
[2023-05-20T15:25:52.959+0000] {processor.py:179} INFO - Processing /home/airflow/.local/lib/python3.7/site-packages/airflow/example_dags/example_branch_operator.py took 0.184 seconds
[2023-05-20T15:26:23.014+0000] {processor.py:157} INFO - Started process (PID=786) to work on /home/airflow/.local/lib/python3.7/site-packages/airflow/example_dags/example_branch_operator.py
[2023-05-20T15:26:23.018+0000] {processor.py:826} INFO - Processing file /home/airflow/.local/lib/python3.7/site-packages/airflow/example_dags/example_branch_operator.py for tasks to queue
[2023-05-20T15:26:23.019+0000] {logging_mixin.py:149} INFO - [2023-05-20T15:26:23.019+0000] {dagbag.py:541} INFO - Filling up the DagBag from /home/airflow/.local/lib/python3.7/site-packages/airflow/example_dags/example_branch_operator.py
[2023-05-20T15:26:23.036+0000] {processor.py:836} INFO - DAG(s) dict_keys(['example_branch_operator']) retrieved from /home/airflow/.local/lib/python3.7/site-packages/airflow/example_dags/example_branch_operator.py
[2023-05-20T15:26:23.084+0000] {logging_mixin.py:149} INFO - [2023-05-20T15:26:23.083+0000] {dag.py:2726} INFO - Sync 1 DAGs
[2023-05-20T15:26:23.132+0000] {logging_mixin.py:149} INFO - [2023-05-20T15:26:23.132+0000] {dag.py:3490} INFO - Setting next_dagrun for example_branch_operator to 2023-05-19T00:00:00+00:00, run_after=2023-05-20T00:00:00+00:00
[2023-05-20T15:26:23.166+0000] {processor.py:179} INFO - Processing /home/airflow/.local/lib/python3.7/site-packages/airflow/example_dags/example_branch_operator.py took 0.159 seconds
[2023-05-20T15:26:53.422+0000] {processor.py:157} INFO - Started process (PID=844) to work on /home/airflow/.local/lib/python3.7/site-packages/airflow/example_dags/example_branch_operator.py
[2023-05-20T15:26:53.424+0000] {processor.py:826} INFO - Processing file /home/airflow/.local/lib/python3.7/site-packages/airflow/example_dags/example_branch_operator.py for tasks to queue
[2023-05-20T15:26:53.426+0000] {logging_mixin.py:149} INFO - [2023-05-20T15:26:53.426+0000] {dagbag.py:541} INFO - Filling up the DagBag from /home/airflow/.local/lib/python3.7/site-packages/airflow/example_dags/example_branch_operator.py
[2023-05-20T15:26:53.440+0000] {processor.py:836} INFO - DAG(s) dict_keys(['example_branch_operator']) retrieved from /home/airflow/.local/lib/python3.7/site-packages/airflow/example_dags/example_branch_operator.py
[2023-05-20T15:26:53.487+0000] {logging_mixin.py:149} INFO - [2023-05-20T15:26:53.487+0000] {dag.py:2726} INFO - Sync 1 DAGs
[2023-05-20T15:26:53.526+0000] {logging_mixin.py:149} INFO - [2023-05-20T15:26:53.526+0000] {dag.py:3490} INFO - Setting next_dagrun for example_branch_operator to 2023-05-19T00:00:00+00:00, run_after=2023-05-20T00:00:00+00:00
[2023-05-20T15:26:53.572+0000] {processor.py:179} INFO - Processing /home/airflow/.local/lib/python3.7/site-packages/airflow/example_dags/example_branch_operator.py took 0.155 seconds
[2023-05-20T15:27:23.980+0000] {processor.py:157} INFO - Started process (PID=902) to work on /home/airflow/.local/lib/python3.7/site-packages/airflow/example_dags/example_branch_operator.py
[2023-05-20T15:27:23.982+0000] {processor.py:826} INFO - Processing file /home/airflow/.local/lib/python3.7/site-packages/airflow/example_dags/example_branch_operator.py for tasks to queue
[2023-05-20T15:27:23.985+0000] {logging_mixin.py:149} INFO - [2023-05-20T15:27:23.984+0000] {dagbag.py:541} INFO - Filling up the DagBag from /home/airflow/.local/lib/python3.7/site-packages/airflow/example_dags/example_branch_operator.py
[2023-05-20T15:27:24.001+0000] {processor.py:836} INFO - DAG(s) dict_keys(['example_branch_operator']) retrieved from /home/airflow/.local/lib/python3.7/site-packages/airflow/example_dags/example_branch_operator.py
[2023-05-20T15:27:24.044+0000] {logging_mixin.py:149} INFO - [2023-05-20T15:27:24.044+0000] {dag.py:2726} INFO - Sync 1 DAGs
[2023-05-20T15:27:24.089+0000] {logging_mixin.py:149} INFO - [2023-05-20T15:27:24.089+0000] {dag.py:3490} INFO - Setting next_dagrun for example_branch_operator to 2023-05-19T00:00:00+00:00, run_after=2023-05-20T00:00:00+00:00
[2023-05-20T15:27:24.118+0000] {processor.py:179} INFO - Processing /home/airflow/.local/lib/python3.7/site-packages/airflow/example_dags/example_branch_operator.py took 0.143 seconds
[2023-05-20T15:27:54.430+0000] {processor.py:157} INFO - Started process (PID=960) to work on /home/airflow/.local/lib/python3.7/site-packages/airflow/example_dags/example_branch_operator.py
[2023-05-20T15:27:54.432+0000] {processor.py:826} INFO - Processing file /home/airflow/.local/lib/python3.7/site-packages/airflow/example_dags/example_branch_operator.py for tasks to queue
[2023-05-20T15:27:54.434+0000] {logging_mixin.py:149} INFO - [2023-05-20T15:27:54.433+0000] {dagbag.py:541} INFO - Filling up the DagBag from /home/airflow/.local/lib/python3.7/site-packages/airflow/example_dags/example_branch_operator.py
[2023-05-20T15:27:54.448+0000] {processor.py:836} INFO - DAG(s) dict_keys(['example_branch_operator']) retrieved from /home/airflow/.local/lib/python3.7/site-packages/airflow/example_dags/example_branch_operator.py
[2023-05-20T15:27:54.490+0000] {logging_mixin.py:149} INFO - [2023-05-20T15:27:54.489+0000] {dag.py:2726} INFO - Sync 1 DAGs
[2023-05-20T15:27:54.534+0000] {logging_mixin.py:149} INFO - [2023-05-20T15:27:54.533+0000] {dag.py:3490} INFO - Setting next_dagrun for example_branch_operator to 2023-05-19T00:00:00+00:00, run_after=2023-05-20T00:00:00+00:00
[2023-05-20T15:27:54.568+0000] {processor.py:179} INFO - Processing /home/airflow/.local/lib/python3.7/site-packages/airflow/example_dags/example_branch_operator.py took 0.144 seconds
[2023-05-20T15:28:24.804+0000] {processor.py:157} INFO - Started process (PID=1018) to work on /home/airflow/.local/lib/python3.7/site-packages/airflow/example_dags/example_branch_operator.py
[2023-05-20T15:28:24.806+0000] {processor.py:826} INFO - Processing file /home/airflow/.local/lib/python3.7/site-packages/airflow/example_dags/example_branch_operator.py for tasks to queue
[2023-05-20T15:28:24.807+0000] {logging_mixin.py:149} INFO - [2023-05-20T15:28:24.807+0000] {dagbag.py:541} INFO - Filling up the DagBag from /home/airflow/.local/lib/python3.7/site-packages/airflow/example_dags/example_branch_operator.py
[2023-05-20T15:28:24.821+0000] {processor.py:836} INFO - DAG(s) dict_keys(['example_branch_operator']) retrieved from /home/airflow/.local/lib/python3.7/site-packages/airflow/example_dags/example_branch_operator.py
[2023-05-20T15:28:24.856+0000] {logging_mixin.py:149} INFO - [2023-05-20T15:28:24.856+0000] {dag.py:2726} INFO - Sync 1 DAGs
[2023-05-20T15:28:24.886+0000] {logging_mixin.py:149} INFO - [2023-05-20T15:28:24.886+0000] {dag.py:3490} INFO - Setting next_dagrun for example_branch_operator to 2023-05-19T00:00:00+00:00, run_after=2023-05-20T00:00:00+00:00
[2023-05-20T15:28:24.937+0000] {processor.py:179} INFO - Processing /home/airflow/.local/lib/python3.7/site-packages/airflow/example_dags/example_branch_operator.py took 0.138 seconds
[2023-05-20T15:28:55.141+0000] {processor.py:157} INFO - Started process (PID=1076) to work on /home/airflow/.local/lib/python3.7/site-packages/airflow/example_dags/example_branch_operator.py
[2023-05-20T15:28:55.143+0000] {processor.py:826} INFO - Processing file /home/airflow/.local/lib/python3.7/site-packages/airflow/example_dags/example_branch_operator.py for tasks to queue
[2023-05-20T15:28:55.145+0000] {logging_mixin.py:149} INFO - [2023-05-20T15:28:55.145+0000] {dagbag.py:541} INFO - Filling up the DagBag from /home/airflow/.local/lib/python3.7/site-packages/airflow/example_dags/example_branch_operator.py
[2023-05-20T15:28:55.160+0000] {processor.py:836} INFO - DAG(s) dict_keys(['example_branch_operator']) retrieved from /home/airflow/.local/lib/python3.7/site-packages/airflow/example_dags/example_branch_operator.py
[2023-05-20T15:28:55.200+0000] {logging_mixin.py:149} INFO - [2023-05-20T15:28:55.200+0000] {dag.py:2726} INFO - Sync 1 DAGs
[2023-05-20T15:28:55.238+0000] {logging_mixin.py:149} INFO - [2023-05-20T15:28:55.238+0000] {dag.py:3490} INFO - Setting next_dagrun for example_branch_operator to 2023-05-19T00:00:00+00:00, run_after=2023-05-20T00:00:00+00:00
[2023-05-20T15:28:55.266+0000] {processor.py:179} INFO - Processing /home/airflow/.local/lib/python3.7/site-packages/airflow/example_dags/example_branch_operator.py took 0.130 seconds
[2023-05-20T15:29:25.539+0000] {processor.py:157} INFO - Started process (PID=1134) to work on /home/airflow/.local/lib/python3.7/site-packages/airflow/example_dags/example_branch_operator.py
[2023-05-20T15:29:25.541+0000] {processor.py:826} INFO - Processing file /home/airflow/.local/lib/python3.7/site-packages/airflow/example_dags/example_branch_operator.py for tasks to queue
[2023-05-20T15:29:25.542+0000] {logging_mixin.py:149} INFO - [2023-05-20T15:29:25.542+0000] {dagbag.py:541} INFO - Filling up the DagBag from /home/airflow/.local/lib/python3.7/site-packages/airflow/example_dags/example_branch_operator.py
[2023-05-20T15:29:25.553+0000] {processor.py:836} INFO - DAG(s) dict_keys(['example_branch_operator']) retrieved from /home/airflow/.local/lib/python3.7/site-packages/airflow/example_dags/example_branch_operator.py
[2023-05-20T15:29:25.585+0000] {logging_mixin.py:149} INFO - [2023-05-20T15:29:25.585+0000] {dag.py:2726} INFO - Sync 1 DAGs
[2023-05-20T15:29:25.623+0000] {logging_mixin.py:149} INFO - [2023-05-20T15:29:25.622+0000] {dag.py:3490} INFO - Setting next_dagrun for example_branch_operator to 2023-05-19T00:00:00+00:00, run_after=2023-05-20T00:00:00+00:00
[2023-05-20T15:29:25.649+0000] {processor.py:179} INFO - Processing /home/airflow/.local/lib/python3.7/site-packages/airflow/example_dags/example_branch_operator.py took 0.114 seconds
[2023-05-20T15:29:55.768+0000] {processor.py:157} INFO - Started process (PID=1192) to work on /home/airflow/.local/lib/python3.7/site-packages/airflow/example_dags/example_branch_operator.py
[2023-05-20T15:29:55.770+0000] {processor.py:826} INFO - Processing file /home/airflow/.local/lib/python3.7/site-packages/airflow/example_dags/example_branch_operator.py for tasks to queue
[2023-05-20T15:29:55.772+0000] {logging_mixin.py:149} INFO - [2023-05-20T15:29:55.771+0000] {dagbag.py:541} INFO - Filling up the DagBag from /home/airflow/.local/lib/python3.7/site-packages/airflow/example_dags/example_branch_operator.py
[2023-05-20T15:29:55.786+0000] {processor.py:836} INFO - DAG(s) dict_keys(['example_branch_operator']) retrieved from /home/airflow/.local/lib/python3.7/site-packages/airflow/example_dags/example_branch_operator.py
[2023-05-20T15:29:55.823+0000] {logging_mixin.py:149} INFO - [2023-05-20T15:29:55.823+0000] {dag.py:2726} INFO - Sync 1 DAGs
[2023-05-20T15:29:55.854+0000] {logging_mixin.py:149} INFO - [2023-05-20T15:29:55.854+0000] {dag.py:3490} INFO - Setting next_dagrun for example_branch_operator to 2023-05-19T00:00:00+00:00, run_after=2023-05-20T00:00:00+00:00
[2023-05-20T15:29:55.876+0000] {processor.py:179} INFO - Processing /home/airflow/.local/lib/python3.7/site-packages/airflow/example_dags/example_branch_operator.py took 0.113 seconds
[2023-05-20T15:30:26.080+0000] {processor.py:157} INFO - Started process (PID=1250) to work on /home/airflow/.local/lib/python3.7/site-packages/airflow/example_dags/example_branch_operator.py
[2023-05-20T15:30:26.083+0000] {processor.py:826} INFO - Processing file /home/airflow/.local/lib/python3.7/site-packages/airflow/example_dags/example_branch_operator.py for tasks to queue
[2023-05-20T15:30:26.084+0000] {logging_mixin.py:149} INFO - [2023-05-20T15:30:26.084+0000] {dagbag.py:541} INFO - Filling up the DagBag from /home/airflow/.local/lib/python3.7/site-packages/airflow/example_dags/example_branch_operator.py
[2023-05-20T15:30:26.098+0000] {processor.py:836} INFO - DAG(s) dict_keys(['example_branch_operator']) retrieved from /home/airflow/.local/lib/python3.7/site-packages/airflow/example_dags/example_branch_operator.py
[2023-05-20T15:30:26.135+0000] {logging_mixin.py:149} INFO - [2023-05-20T15:30:26.135+0000] {dag.py:2726} INFO - Sync 1 DAGs
[2023-05-20T15:30:26.166+0000] {logging_mixin.py:149} INFO - [2023-05-20T15:30:26.165+0000] {dag.py:3490} INFO - Setting next_dagrun for example_branch_operator to 2023-05-19T00:00:00+00:00, run_after=2023-05-20T00:00:00+00:00
[2023-05-20T15:30:26.190+0000] {processor.py:179} INFO - Processing /home/airflow/.local/lib/python3.7/site-packages/airflow/example_dags/example_branch_operator.py took 0.114 seconds
[2023-05-20T15:30:56.223+0000] {processor.py:157} INFO - Started process (PID=1308) to work on /home/airflow/.local/lib/python3.7/site-packages/airflow/example_dags/example_branch_operator.py
[2023-05-20T15:30:56.225+0000] {processor.py:826} INFO - Processing file /home/airflow/.local/lib/python3.7/site-packages/airflow/example_dags/example_branch_operator.py for tasks to queue
[2023-05-20T15:30:56.226+0000] {logging_mixin.py:149} INFO - [2023-05-20T15:30:56.226+0000] {dagbag.py:541} INFO - Filling up the DagBag from /home/airflow/.local/lib/python3.7/site-packages/airflow/example_dags/example_branch_operator.py
[2023-05-20T15:30:56.239+0000] {processor.py:836} INFO - DAG(s) dict_keys(['example_branch_operator']) retrieved from /home/airflow/.local/lib/python3.7/site-packages/airflow/example_dags/example_branch_operator.py
[2023-05-20T15:30:56.276+0000] {logging_mixin.py:149} INFO - [2023-05-20T15:30:56.275+0000] {dag.py:2726} INFO - Sync 1 DAGs
[2023-05-20T15:30:56.308+0000] {logging_mixin.py:149} INFO - [2023-05-20T15:30:56.308+0000] {dag.py:3490} INFO - Setting next_dagrun for example_branch_operator to 2023-05-19T00:00:00+00:00, run_after=2023-05-20T00:00:00+00:00
[2023-05-20T15:30:56.331+0000] {processor.py:179} INFO - Processing /home/airflow/.local/lib/python3.7/site-packages/airflow/example_dags/example_branch_operator.py took 0.113 seconds
[2023-05-20T15:31:26.444+0000] {processor.py:157} INFO - Started process (PID=1366) to work on /home/airflow/.local/lib/python3.7/site-packages/airflow/example_dags/example_branch_operator.py
[2023-05-20T15:31:26.446+0000] {processor.py:826} INFO - Processing file /home/airflow/.local/lib/python3.7/site-packages/airflow/example_dags/example_branch_operator.py for tasks to queue
[2023-05-20T15:31:26.447+0000] {logging_mixin.py:149} INFO - [2023-05-20T15:31:26.447+0000] {dagbag.py:541} INFO - Filling up the DagBag from /home/airflow/.local/lib/python3.7/site-packages/airflow/example_dags/example_branch_operator.py
[2023-05-20T15:31:26.461+0000] {processor.py:836} INFO - DAG(s) dict_keys(['example_branch_operator']) retrieved from /home/airflow/.local/lib/python3.7/site-packages/airflow/example_dags/example_branch_operator.py
[2023-05-20T15:31:26.498+0000] {logging_mixin.py:149} INFO - [2023-05-20T15:31:26.498+0000] {dag.py:2726} INFO - Sync 1 DAGs
[2023-05-20T15:31:26.530+0000] {logging_mixin.py:149} INFO - [2023-05-20T15:31:26.530+0000] {dag.py:3490} INFO - Setting next_dagrun for example_branch_operator to 2023-05-19T00:00:00+00:00, run_after=2023-05-20T00:00:00+00:00
[2023-05-20T15:31:26.554+0000] {processor.py:179} INFO - Processing /home/airflow/.local/lib/python3.7/site-packages/airflow/example_dags/example_branch_operator.py took 0.116 seconds
[2023-05-20T15:31:56.913+0000] {processor.py:157} INFO - Started process (PID=1424) to work on /home/airflow/.local/lib/python3.7/site-packages/airflow/example_dags/example_branch_operator.py
[2023-05-20T15:31:56.915+0000] {processor.py:826} INFO - Processing file /home/airflow/.local/lib/python3.7/site-packages/airflow/example_dags/example_branch_operator.py for tasks to queue
[2023-05-20T15:31:56.916+0000] {logging_mixin.py:149} INFO - [2023-05-20T15:31:56.916+0000] {dagbag.py:541} INFO - Filling up the DagBag from /home/airflow/.local/lib/python3.7/site-packages/airflow/example_dags/example_branch_operator.py
[2023-05-20T15:31:56.931+0000] {processor.py:836} INFO - DAG(s) dict_keys(['example_branch_operator']) retrieved from /home/airflow/.local/lib/python3.7/site-packages/airflow/example_dags/example_branch_operator.py
[2023-05-20T15:31:56.972+0000] {logging_mixin.py:149} INFO - [2023-05-20T15:31:56.971+0000] {dag.py:2726} INFO - Sync 1 DAGs
[2023-05-20T15:31:57.011+0000] {logging_mixin.py:149} INFO - [2023-05-20T15:31:57.011+0000] {dag.py:3490} INFO - Setting next_dagrun for example_branch_operator to 2023-05-19T00:00:00+00:00, run_after=2023-05-20T00:00:00+00:00
[2023-05-20T15:31:57.038+0000] {processor.py:179} INFO - Processing /home/airflow/.local/lib/python3.7/site-packages/airflow/example_dags/example_branch_operator.py took 0.131 seconds
[2023-05-20T15:32:27.392+0000] {processor.py:157} INFO - Started process (PID=1482) to work on /home/airflow/.local/lib/python3.7/site-packages/airflow/example_dags/example_branch_operator.py
[2023-05-20T15:32:27.395+0000] {processor.py:826} INFO - Processing file /home/airflow/.local/lib/python3.7/site-packages/airflow/example_dags/example_branch_operator.py for tasks to queue
[2023-05-20T15:32:27.397+0000] {logging_mixin.py:149} INFO - [2023-05-20T15:32:27.397+0000] {dagbag.py:541} INFO - Filling up the DagBag from /home/airflow/.local/lib/python3.7/site-packages/airflow/example_dags/example_branch_operator.py
[2023-05-20T15:32:27.411+0000] {processor.py:836} INFO - DAG(s) dict_keys(['example_branch_operator']) retrieved from /home/airflow/.local/lib/python3.7/site-packages/airflow/example_dags/example_branch_operator.py
[2023-05-20T15:32:27.448+0000] {logging_mixin.py:149} INFO - [2023-05-20T15:32:27.448+0000] {dag.py:2726} INFO - Sync 1 DAGs
[2023-05-20T15:32:27.483+0000] {logging_mixin.py:149} INFO - [2023-05-20T15:32:27.483+0000] {dag.py:3490} INFO - Setting next_dagrun for example_branch_operator to 2023-05-19T00:00:00+00:00, run_after=2023-05-20T00:00:00+00:00
[2023-05-20T15:32:27.520+0000] {processor.py:179} INFO - Processing /home/airflow/.local/lib/python3.7/site-packages/airflow/example_dags/example_branch_operator.py took 0.133 seconds
[2023-05-20T15:32:57.988+0000] {processor.py:157} INFO - Started process (PID=1540) to work on /home/airflow/.local/lib/python3.7/site-packages/airflow/example_dags/example_branch_operator.py
[2023-05-20T15:32:57.989+0000] {processor.py:826} INFO - Processing file /home/airflow/.local/lib/python3.7/site-packages/airflow/example_dags/example_branch_operator.py for tasks to queue
[2023-05-20T15:32:57.990+0000] {logging_mixin.py:149} INFO - [2023-05-20T15:32:57.990+0000] {dagbag.py:541} INFO - Filling up the DagBag from /home/airflow/.local/lib/python3.7/site-packages/airflow/example_dags/example_branch_operator.py
[2023-05-20T15:32:58.003+0000] {processor.py:836} INFO - DAG(s) dict_keys(['example_branch_operator']) retrieved from /home/airflow/.local/lib/python3.7/site-packages/airflow/example_dags/example_branch_operator.py
[2023-05-20T15:32:58.036+0000] {logging_mixin.py:149} INFO - [2023-05-20T15:32:58.036+0000] {dag.py:2726} INFO - Sync 1 DAGs
[2023-05-20T15:32:58.067+0000] {logging_mixin.py:149} INFO - [2023-05-20T15:32:58.066+0000] {dag.py:3490} INFO - Setting next_dagrun for example_branch_operator to 2023-05-19T00:00:00+00:00, run_after=2023-05-20T00:00:00+00:00
[2023-05-20T15:32:58.088+0000] {processor.py:179} INFO - Processing /home/airflow/.local/lib/python3.7/site-packages/airflow/example_dags/example_branch_operator.py took 0.106 seconds
[2023-05-20T15:33:28.201+0000] {processor.py:157} INFO - Started process (PID=1598) to work on /home/airflow/.local/lib/python3.7/site-packages/airflow/example_dags/example_branch_operator.py
[2023-05-20T15:33:28.204+0000] {processor.py:826} INFO - Processing file /home/airflow/.local/lib/python3.7/site-packages/airflow/example_dags/example_branch_operator.py for tasks to queue
[2023-05-20T15:33:28.206+0000] {logging_mixin.py:149} INFO - [2023-05-20T15:33:28.206+0000] {dagbag.py:541} INFO - Filling up the DagBag from /home/airflow/.local/lib/python3.7/site-packages/airflow/example_dags/example_branch_operator.py
[2023-05-20T15:33:28.221+0000] {processor.py:836} INFO - DAG(s) dict_keys(['example_branch_operator']) retrieved from /home/airflow/.local/lib/python3.7/site-packages/airflow/example_dags/example_branch_operator.py
[2023-05-20T15:33:28.266+0000] {logging_mixin.py:149} INFO - [2023-05-20T15:33:28.266+0000] {dag.py:2726} INFO - Sync 1 DAGs
[2023-05-20T15:33:28.304+0000] {logging_mixin.py:149} INFO - [2023-05-20T15:33:28.304+0000] {dag.py:3490} INFO - Setting next_dagrun for example_branch_operator to 2023-05-19T00:00:00+00:00, run_after=2023-05-20T00:00:00+00:00
[2023-05-20T15:33:28.336+0000] {processor.py:179} INFO - Processing /home/airflow/.local/lib/python3.7/site-packages/airflow/example_dags/example_branch_operator.py took 0.140 seconds
[2023-05-20T15:33:58.510+0000] {processor.py:157} INFO - Started process (PID=1656) to work on /home/airflow/.local/lib/python3.7/site-packages/airflow/example_dags/example_branch_operator.py
[2023-05-20T15:33:58.512+0000] {processor.py:826} INFO - Processing file /home/airflow/.local/lib/python3.7/site-packages/airflow/example_dags/example_branch_operator.py for tasks to queue
[2023-05-20T15:33:58.514+0000] {logging_mixin.py:149} INFO - [2023-05-20T15:33:58.514+0000] {dagbag.py:541} INFO - Filling up the DagBag from /home/airflow/.local/lib/python3.7/site-packages/airflow/example_dags/example_branch_operator.py
[2023-05-20T15:33:58.533+0000] {processor.py:836} INFO - DAG(s) dict_keys(['example_branch_operator']) retrieved from /home/airflow/.local/lib/python3.7/site-packages/airflow/example_dags/example_branch_operator.py
[2023-05-20T15:33:58.575+0000] {logging_mixin.py:149} INFO - [2023-05-20T15:33:58.575+0000] {dag.py:2726} INFO - Sync 1 DAGs
[2023-05-20T15:33:58.621+0000] {logging_mixin.py:149} INFO - [2023-05-20T15:33:58.621+0000] {dag.py:3490} INFO - Setting next_dagrun for example_branch_operator to 2023-05-19T00:00:00+00:00, run_after=2023-05-20T00:00:00+00:00
[2023-05-20T15:33:58.660+0000] {processor.py:179} INFO - Processing /home/airflow/.local/lib/python3.7/site-packages/airflow/example_dags/example_branch_operator.py took 0.156 seconds
[2023-05-20T15:34:28.855+0000] {processor.py:157} INFO - Started process (PID=1714) to work on /home/airflow/.local/lib/python3.7/site-packages/airflow/example_dags/example_branch_operator.py
[2023-05-20T15:34:28.857+0000] {processor.py:826} INFO - Processing file /home/airflow/.local/lib/python3.7/site-packages/airflow/example_dags/example_branch_operator.py for tasks to queue
[2023-05-20T15:34:28.858+0000] {logging_mixin.py:149} INFO - [2023-05-20T15:34:28.858+0000] {dagbag.py:541} INFO - Filling up the DagBag from /home/airflow/.local/lib/python3.7/site-packages/airflow/example_dags/example_branch_operator.py
[2023-05-20T15:34:28.873+0000] {processor.py:836} INFO - DAG(s) dict_keys(['example_branch_operator']) retrieved from /home/airflow/.local/lib/python3.7/site-packages/airflow/example_dags/example_branch_operator.py
[2023-05-20T15:34:28.911+0000] {logging_mixin.py:149} INFO - [2023-05-20T15:34:28.910+0000] {dag.py:2726} INFO - Sync 1 DAGs
[2023-05-20T15:34:28.952+0000] {logging_mixin.py:149} INFO - [2023-05-20T15:34:28.952+0000] {dag.py:3490} INFO - Setting next_dagrun for example_branch_operator to 2023-05-19T00:00:00+00:00, run_after=2023-05-20T00:00:00+00:00
[2023-05-20T15:34:28.980+0000] {processor.py:179} INFO - Processing /home/airflow/.local/lib/python3.7/site-packages/airflow/example_dags/example_branch_operator.py took 0.129 seconds
[2023-05-20T15:34:59.506+0000] {processor.py:157} INFO - Started process (PID=1772) to work on /home/airflow/.local/lib/python3.7/site-packages/airflow/example_dags/example_branch_operator.py
[2023-05-20T15:34:59.508+0000] {processor.py:826} INFO - Processing file /home/airflow/.local/lib/python3.7/site-packages/airflow/example_dags/example_branch_operator.py for tasks to queue
[2023-05-20T15:34:59.510+0000] {logging_mixin.py:149} INFO - [2023-05-20T15:34:59.510+0000] {dagbag.py:541} INFO - Filling up the DagBag from /home/airflow/.local/lib/python3.7/site-packages/airflow/example_dags/example_branch_operator.py
[2023-05-20T15:34:59.525+0000] {processor.py:836} INFO - DAG(s) dict_keys(['example_branch_operator']) retrieved from /home/airflow/.local/lib/python3.7/site-packages/airflow/example_dags/example_branch_operator.py
[2023-05-20T15:34:59.568+0000] {logging_mixin.py:149} INFO - [2023-05-20T15:34:59.568+0000] {dag.py:2726} INFO - Sync 1 DAGs
[2023-05-20T15:34:59.609+0000] {logging_mixin.py:149} INFO - [2023-05-20T15:34:59.609+0000] {dag.py:3490} INFO - Setting next_dagrun for example_branch_operator to 2023-05-19T00:00:00+00:00, run_after=2023-05-20T00:00:00+00:00
[2023-05-20T15:34:59.638+0000] {processor.py:179} INFO - Processing /home/airflow/.local/lib/python3.7/site-packages/airflow/example_dags/example_branch_operator.py took 0.138 seconds
[2023-05-20T15:35:30.162+0000] {processor.py:157} INFO - Started process (PID=1830) to work on /home/airflow/.local/lib/python3.7/site-packages/airflow/example_dags/example_branch_operator.py
[2023-05-20T15:35:30.164+0000] {processor.py:826} INFO - Processing file /home/airflow/.local/lib/python3.7/site-packages/airflow/example_dags/example_branch_operator.py for tasks to queue
[2023-05-20T15:35:30.166+0000] {logging_mixin.py:149} INFO - [2023-05-20T15:35:30.166+0000] {dagbag.py:541} INFO - Filling up the DagBag from /home/airflow/.local/lib/python3.7/site-packages/airflow/example_dags/example_branch_operator.py
[2023-05-20T15:35:30.186+0000] {processor.py:836} INFO - DAG(s) dict_keys(['example_branch_operator']) retrieved from /home/airflow/.local/lib/python3.7/site-packages/airflow/example_dags/example_branch_operator.py
[2023-05-20T15:35:30.236+0000] {logging_mixin.py:149} INFO - [2023-05-20T15:35:30.235+0000] {dag.py:2726} INFO - Sync 1 DAGs
[2023-05-20T15:35:30.284+0000] {logging_mixin.py:149} INFO - [2023-05-20T15:35:30.284+0000] {dag.py:3490} INFO - Setting next_dagrun for example_branch_operator to 2023-05-19T00:00:00+00:00, run_after=2023-05-20T00:00:00+00:00
[2023-05-20T15:35:30.313+0000] {processor.py:179} INFO - Processing /home/airflow/.local/lib/python3.7/site-packages/airflow/example_dags/example_branch_operator.py took 0.158 seconds
[2023-05-20T15:36:01.170+0000] {processor.py:157} INFO - Started process (PID=1888) to work on /home/airflow/.local/lib/python3.7/site-packages/airflow/example_dags/example_branch_operator.py
[2023-05-20T15:36:01.172+0000] {processor.py:826} INFO - Processing file /home/airflow/.local/lib/python3.7/site-packages/airflow/example_dags/example_branch_operator.py for tasks to queue
[2023-05-20T15:36:01.175+0000] {logging_mixin.py:149} INFO - [2023-05-20T15:36:01.174+0000] {dagbag.py:541} INFO - Filling up the DagBag from /home/airflow/.local/lib/python3.7/site-packages/airflow/example_dags/example_branch_operator.py
[2023-05-20T15:36:01.186+0000] {processor.py:836} INFO - DAG(s) dict_keys(['example_branch_operator']) retrieved from /home/airflow/.local/lib/python3.7/site-packages/airflow/example_dags/example_branch_operator.py
[2023-05-20T15:36:01.219+0000] {logging_mixin.py:149} INFO - [2023-05-20T15:36:01.218+0000] {dag.py:2726} INFO - Sync 1 DAGs
[2023-05-20T15:36:01.255+0000] {logging_mixin.py:149} INFO - [2023-05-20T15:36:01.255+0000] {dag.py:3490} INFO - Setting next_dagrun for example_branch_operator to 2023-05-19T00:00:00+00:00, run_after=2023-05-20T00:00:00+00:00
[2023-05-20T15:36:01.279+0000] {processor.py:179} INFO - Processing /home/airflow/.local/lib/python3.7/site-packages/airflow/example_dags/example_branch_operator.py took 0.115 seconds
[2023-05-20T15:36:31.378+0000] {processor.py:157} INFO - Started process (PID=1946) to work on /home/airflow/.local/lib/python3.7/site-packages/airflow/example_dags/example_branch_operator.py
[2023-05-20T15:36:31.379+0000] {processor.py:826} INFO - Processing file /home/airflow/.local/lib/python3.7/site-packages/airflow/example_dags/example_branch_operator.py for tasks to queue
[2023-05-20T15:36:31.381+0000] {logging_mixin.py:149} INFO - [2023-05-20T15:36:31.381+0000] {dagbag.py:541} INFO - Filling up the DagBag from /home/airflow/.local/lib/python3.7/site-packages/airflow/example_dags/example_branch_operator.py
[2023-05-20T15:36:31.396+0000] {processor.py:836} INFO - DAG(s) dict_keys(['example_branch_operator']) retrieved from /home/airflow/.local/lib/python3.7/site-packages/airflow/example_dags/example_branch_operator.py
[2023-05-20T15:36:31.431+0000] {logging_mixin.py:149} INFO - [2023-05-20T15:36:31.431+0000] {dag.py:2726} INFO - Sync 1 DAGs
[2023-05-20T15:36:31.462+0000] {logging_mixin.py:149} INFO - [2023-05-20T15:36:31.461+0000] {dag.py:3490} INFO - Setting next_dagrun for example_branch_operator to 2023-05-19T00:00:00+00:00, run_after=2023-05-20T00:00:00+00:00
[2023-05-20T15:36:31.482+0000] {processor.py:179} INFO - Processing /home/airflow/.local/lib/python3.7/site-packages/airflow/example_dags/example_branch_operator.py took 0.109 seconds
[2023-05-20T15:37:01.679+0000] {processor.py:157} INFO - Started process (PID=2005) to work on /home/airflow/.local/lib/python3.7/site-packages/airflow/example_dags/example_branch_operator.py
[2023-05-20T15:37:01.682+0000] {processor.py:826} INFO - Processing file /home/airflow/.local/lib/python3.7/site-packages/airflow/example_dags/example_branch_operator.py for tasks to queue
[2023-05-20T15:37:01.683+0000] {logging_mixin.py:149} INFO - [2023-05-20T15:37:01.683+0000] {dagbag.py:541} INFO - Filling up the DagBag from /home/airflow/.local/lib/python3.7/site-packages/airflow/example_dags/example_branch_operator.py
[2023-05-20T15:37:01.700+0000] {processor.py:836} INFO - DAG(s) dict_keys(['example_branch_operator']) retrieved from /home/airflow/.local/lib/python3.7/site-packages/airflow/example_dags/example_branch_operator.py
[2023-05-20T15:37:01.746+0000] {logging_mixin.py:149} INFO - [2023-05-20T15:37:01.746+0000] {dag.py:2726} INFO - Sync 1 DAGs
[2023-05-20T15:37:01.790+0000] {logging_mixin.py:149} INFO - [2023-05-20T15:37:01.790+0000] {dag.py:3490} INFO - Setting next_dagrun for example_branch_operator to 2023-05-19T00:00:00+00:00, run_after=2023-05-20T00:00:00+00:00
[2023-05-20T15:37:01.818+0000] {processor.py:179} INFO - Processing /home/airflow/.local/lib/python3.7/site-packages/airflow/example_dags/example_branch_operator.py took 0.143 seconds
[2023-05-20T15:37:32.092+0000] {processor.py:157} INFO - Started process (PID=2063) to work on /home/airflow/.local/lib/python3.7/site-packages/airflow/example_dags/example_branch_operator.py
[2023-05-20T15:37:32.095+0000] {processor.py:826} INFO - Processing file /home/airflow/.local/lib/python3.7/site-packages/airflow/example_dags/example_branch_operator.py for tasks to queue
[2023-05-20T15:37:32.097+0000] {logging_mixin.py:149} INFO - [2023-05-20T15:37:32.096+0000] {dagbag.py:541} INFO - Filling up the DagBag from /home/airflow/.local/lib/python3.7/site-packages/airflow/example_dags/example_branch_operator.py
[2023-05-20T15:37:32.117+0000] {processor.py:836} INFO - DAG(s) dict_keys(['example_branch_operator']) retrieved from /home/airflow/.local/lib/python3.7/site-packages/airflow/example_dags/example_branch_operator.py
[2023-05-20T15:37:32.165+0000] {logging_mixin.py:149} INFO - [2023-05-20T15:37:32.165+0000] {dag.py:2726} INFO - Sync 1 DAGs
[2023-05-20T15:37:32.221+0000] {logging_mixin.py:149} INFO - [2023-05-20T15:37:32.221+0000] {dag.py:3490} INFO - Setting next_dagrun for example_branch_operator to 2023-05-19T00:00:00+00:00, run_after=2023-05-20T00:00:00+00:00
[2023-05-20T15:37:32.260+0000] {processor.py:179} INFO - Processing /home/airflow/.local/lib/python3.7/site-packages/airflow/example_dags/example_branch_operator.py took 0.176 seconds
[2023-05-20T15:38:02.300+0000] {processor.py:157} INFO - Started process (PID=2121) to work on /home/airflow/.local/lib/python3.7/site-packages/airflow/example_dags/example_branch_operator.py
[2023-05-20T15:38:02.306+0000] {processor.py:826} INFO - Processing file /home/airflow/.local/lib/python3.7/site-packages/airflow/example_dags/example_branch_operator.py for tasks to queue
[2023-05-20T15:38:02.308+0000] {logging_mixin.py:149} INFO - [2023-05-20T15:38:02.308+0000] {dagbag.py:541} INFO - Filling up the DagBag from /home/airflow/.local/lib/python3.7/site-packages/airflow/example_dags/example_branch_operator.py
[2023-05-20T15:38:02.325+0000] {processor.py:836} INFO - DAG(s) dict_keys(['example_branch_operator']) retrieved from /home/airflow/.local/lib/python3.7/site-packages/airflow/example_dags/example_branch_operator.py
[2023-05-20T15:38:02.370+0000] {logging_mixin.py:149} INFO - [2023-05-20T15:38:02.370+0000] {dag.py:2726} INFO - Sync 1 DAGs
[2023-05-20T15:38:02.417+0000] {logging_mixin.py:149} INFO - [2023-05-20T15:38:02.417+0000] {dag.py:3490} INFO - Setting next_dagrun for example_branch_operator to 2023-05-19T00:00:00+00:00, run_after=2023-05-20T00:00:00+00:00
[2023-05-20T15:38:02.466+0000] {processor.py:179} INFO - Processing /home/airflow/.local/lib/python3.7/site-packages/airflow/example_dags/example_branch_operator.py took 0.175 seconds
[2023-05-20T15:38:33.228+0000] {processor.py:157} INFO - Started process (PID=2179) to work on /home/airflow/.local/lib/python3.7/site-packages/airflow/example_dags/example_branch_operator.py
[2023-05-20T15:38:33.230+0000] {processor.py:826} INFO - Processing file /home/airflow/.local/lib/python3.7/site-packages/airflow/example_dags/example_branch_operator.py for tasks to queue
[2023-05-20T15:38:33.232+0000] {logging_mixin.py:149} INFO - [2023-05-20T15:38:33.232+0000] {dagbag.py:541} INFO - Filling up the DagBag from /home/airflow/.local/lib/python3.7/site-packages/airflow/example_dags/example_branch_operator.py
[2023-05-20T15:38:33.249+0000] {processor.py:836} INFO - DAG(s) dict_keys(['example_branch_operator']) retrieved from /home/airflow/.local/lib/python3.7/site-packages/airflow/example_dags/example_branch_operator.py
[2023-05-20T15:38:33.293+0000] {logging_mixin.py:149} INFO - [2023-05-20T15:38:33.292+0000] {dag.py:2726} INFO - Sync 1 DAGs
[2023-05-20T15:38:33.337+0000] {logging_mixin.py:149} INFO - [2023-05-20T15:38:33.337+0000] {dag.py:3490} INFO - Setting next_dagrun for example_branch_operator to 2023-05-19T00:00:00+00:00, run_after=2023-05-20T00:00:00+00:00
[2023-05-20T15:38:33.370+0000] {processor.py:179} INFO - Processing /home/airflow/.local/lib/python3.7/site-packages/airflow/example_dags/example_branch_operator.py took 0.147 seconds
[2023-05-20T15:39:03.534+0000] {processor.py:157} INFO - Started process (PID=2237) to work on /home/airflow/.local/lib/python3.7/site-packages/airflow/example_dags/example_branch_operator.py
[2023-05-20T15:39:03.535+0000] {processor.py:826} INFO - Processing file /home/airflow/.local/lib/python3.7/site-packages/airflow/example_dags/example_branch_operator.py for tasks to queue
[2023-05-20T15:39:03.537+0000] {logging_mixin.py:149} INFO - [2023-05-20T15:39:03.537+0000] {dagbag.py:541} INFO - Filling up the DagBag from /home/airflow/.local/lib/python3.7/site-packages/airflow/example_dags/example_branch_operator.py
[2023-05-20T15:39:03.551+0000] {processor.py:836} INFO - DAG(s) dict_keys(['example_branch_operator']) retrieved from /home/airflow/.local/lib/python3.7/site-packages/airflow/example_dags/example_branch_operator.py
[2023-05-20T15:39:03.590+0000] {logging_mixin.py:149} INFO - [2023-05-20T15:39:03.589+0000] {dag.py:2726} INFO - Sync 1 DAGs
[2023-05-20T15:39:03.633+0000] {logging_mixin.py:149} INFO - [2023-05-20T15:39:03.633+0000] {dag.py:3490} INFO - Setting next_dagrun for example_branch_operator to 2023-05-19T00:00:00+00:00, run_after=2023-05-20T00:00:00+00:00
[2023-05-20T15:39:03.654+0000] {processor.py:179} INFO - Processing /home/airflow/.local/lib/python3.7/site-packages/airflow/example_dags/example_branch_operator.py took 0.125 seconds
[2023-05-20T15:39:33.779+0000] {processor.py:157} INFO - Started process (PID=2295) to work on /home/airflow/.local/lib/python3.7/site-packages/airflow/example_dags/example_branch_operator.py
[2023-05-20T15:39:33.781+0000] {processor.py:826} INFO - Processing file /home/airflow/.local/lib/python3.7/site-packages/airflow/example_dags/example_branch_operator.py for tasks to queue
[2023-05-20T15:39:33.783+0000] {logging_mixin.py:149} INFO - [2023-05-20T15:39:33.783+0000] {dagbag.py:541} INFO - Filling up the DagBag from /home/airflow/.local/lib/python3.7/site-packages/airflow/example_dags/example_branch_operator.py
[2023-05-20T15:39:33.798+0000] {processor.py:836} INFO - DAG(s) dict_keys(['example_branch_operator']) retrieved from /home/airflow/.local/lib/python3.7/site-packages/airflow/example_dags/example_branch_operator.py
[2023-05-20T15:39:33.845+0000] {logging_mixin.py:149} INFO - [2023-05-20T15:39:33.844+0000] {dag.py:2726} INFO - Sync 1 DAGs
[2023-05-20T15:39:33.883+0000] {logging_mixin.py:149} INFO - [2023-05-20T15:39:33.882+0000] {dag.py:3490} INFO - Setting next_dagrun for example_branch_operator to 2023-05-19T00:00:00+00:00, run_after=2023-05-20T00:00:00+00:00
[2023-05-20T15:39:33.909+0000] {processor.py:179} INFO - Processing /home/airflow/.local/lib/python3.7/site-packages/airflow/example_dags/example_branch_operator.py took 0.136 seconds
[2023-05-20T15:40:04.416+0000] {processor.py:157} INFO - Started process (PID=2353) to work on /home/airflow/.local/lib/python3.7/site-packages/airflow/example_dags/example_branch_operator.py
[2023-05-20T15:40:04.417+0000] {processor.py:826} INFO - Processing file /home/airflow/.local/lib/python3.7/site-packages/airflow/example_dags/example_branch_operator.py for tasks to queue
[2023-05-20T15:40:04.419+0000] {logging_mixin.py:149} INFO - [2023-05-20T15:40:04.418+0000] {dagbag.py:541} INFO - Filling up the DagBag from /home/airflow/.local/lib/python3.7/site-packages/airflow/example_dags/example_branch_operator.py
[2023-05-20T15:40:04.435+0000] {processor.py:836} INFO - DAG(s) dict_keys(['example_branch_operator']) retrieved from /home/airflow/.local/lib/python3.7/site-packages/airflow/example_dags/example_branch_operator.py
[2023-05-20T15:40:04.480+0000] {logging_mixin.py:149} INFO - [2023-05-20T15:40:04.480+0000] {dag.py:2726} INFO - Sync 1 DAGs
[2023-05-20T15:40:04.520+0000] {logging_mixin.py:149} INFO - [2023-05-20T15:40:04.519+0000] {dag.py:3490} INFO - Setting next_dagrun for example_branch_operator to 2023-05-19T00:00:00+00:00, run_after=2023-05-20T00:00:00+00:00
[2023-05-20T15:40:04.549+0000] {processor.py:179} INFO - Processing /home/airflow/.local/lib/python3.7/site-packages/airflow/example_dags/example_branch_operator.py took 0.138 seconds
[2023-05-20T15:40:34.811+0000] {processor.py:157} INFO - Started process (PID=2411) to work on /home/airflow/.local/lib/python3.7/site-packages/airflow/example_dags/example_branch_operator.py
[2023-05-20T15:40:34.813+0000] {processor.py:826} INFO - Processing file /home/airflow/.local/lib/python3.7/site-packages/airflow/example_dags/example_branch_operator.py for tasks to queue
[2023-05-20T15:40:34.815+0000] {logging_mixin.py:149} INFO - [2023-05-20T15:40:34.815+0000] {dagbag.py:541} INFO - Filling up the DagBag from /home/airflow/.local/lib/python3.7/site-packages/airflow/example_dags/example_branch_operator.py
[2023-05-20T15:40:34.831+0000] {processor.py:836} INFO - DAG(s) dict_keys(['example_branch_operator']) retrieved from /home/airflow/.local/lib/python3.7/site-packages/airflow/example_dags/example_branch_operator.py
[2023-05-20T15:40:34.874+0000] {logging_mixin.py:149} INFO - [2023-05-20T15:40:34.873+0000] {dag.py:2726} INFO - Sync 1 DAGs
[2023-05-20T15:40:34.914+0000] {logging_mixin.py:149} INFO - [2023-05-20T15:40:34.913+0000] {dag.py:3490} INFO - Setting next_dagrun for example_branch_operator to 2023-05-19T00:00:00+00:00, run_after=2023-05-20T00:00:00+00:00
[2023-05-20T15:40:34.943+0000] {processor.py:179} INFO - Processing /home/airflow/.local/lib/python3.7/site-packages/airflow/example_dags/example_branch_operator.py took 0.137 seconds
[2023-05-20T15:41:05.302+0000] {processor.py:157} INFO - Started process (PID=2469) to work on /home/airflow/.local/lib/python3.7/site-packages/airflow/example_dags/example_branch_operator.py
[2023-05-20T15:41:05.304+0000] {processor.py:826} INFO - Processing file /home/airflow/.local/lib/python3.7/site-packages/airflow/example_dags/example_branch_operator.py for tasks to queue
[2023-05-20T15:41:05.306+0000] {logging_mixin.py:149} INFO - [2023-05-20T15:41:05.306+0000] {dagbag.py:541} INFO - Filling up the DagBag from /home/airflow/.local/lib/python3.7/site-packages/airflow/example_dags/example_branch_operator.py
[2023-05-20T15:41:05.321+0000] {processor.py:836} INFO - DAG(s) dict_keys(['example_branch_operator']) retrieved from /home/airflow/.local/lib/python3.7/site-packages/airflow/example_dags/example_branch_operator.py
[2023-05-20T15:41:05.358+0000] {logging_mixin.py:149} INFO - [2023-05-20T15:41:05.357+0000] {dag.py:2726} INFO - Sync 1 DAGs
[2023-05-20T15:41:05.390+0000] {logging_mixin.py:149} INFO - [2023-05-20T15:41:05.390+0000] {dag.py:3490} INFO - Setting next_dagrun for example_branch_operator to 2023-05-19T00:00:00+00:00, run_after=2023-05-20T00:00:00+00:00
[2023-05-20T15:41:05.421+0000] {processor.py:179} INFO - Processing /home/airflow/.local/lib/python3.7/site-packages/airflow/example_dags/example_branch_operator.py took 0.124 seconds
[2023-05-20T15:41:35.741+0000] {processor.py:157} INFO - Started process (PID=2527) to work on /home/airflow/.local/lib/python3.7/site-packages/airflow/example_dags/example_branch_operator.py
[2023-05-20T15:41:35.743+0000] {processor.py:826} INFO - Processing file /home/airflow/.local/lib/python3.7/site-packages/airflow/example_dags/example_branch_operator.py for tasks to queue
[2023-05-20T15:41:35.745+0000] {logging_mixin.py:149} INFO - [2023-05-20T15:41:35.745+0000] {dagbag.py:541} INFO - Filling up the DagBag from /home/airflow/.local/lib/python3.7/site-packages/airflow/example_dags/example_branch_operator.py
[2023-05-20T15:41:35.759+0000] {processor.py:836} INFO - DAG(s) dict_keys(['example_branch_operator']) retrieved from /home/airflow/.local/lib/python3.7/site-packages/airflow/example_dags/example_branch_operator.py
[2023-05-20T15:41:35.794+0000] {logging_mixin.py:149} INFO - [2023-05-20T15:41:35.794+0000] {dag.py:2726} INFO - Sync 1 DAGs
[2023-05-20T15:41:35.825+0000] {logging_mixin.py:149} INFO - [2023-05-20T15:41:35.825+0000] {dag.py:3490} INFO - Setting next_dagrun for example_branch_operator to 2023-05-19T00:00:00+00:00, run_after=2023-05-20T00:00:00+00:00
[2023-05-20T15:41:35.848+0000] {processor.py:179} INFO - Processing /home/airflow/.local/lib/python3.7/site-packages/airflow/example_dags/example_branch_operator.py took 0.112 seconds
[2023-05-20T15:42:06.171+0000] {processor.py:157} INFO - Started process (PID=2585) to work on /home/airflow/.local/lib/python3.7/site-packages/airflow/example_dags/example_branch_operator.py
[2023-05-20T15:42:06.172+0000] {processor.py:826} INFO - Processing file /home/airflow/.local/lib/python3.7/site-packages/airflow/example_dags/example_branch_operator.py for tasks to queue
[2023-05-20T15:42:06.174+0000] {logging_mixin.py:149} INFO - [2023-05-20T15:42:06.174+0000] {dagbag.py:541} INFO - Filling up the DagBag from /home/airflow/.local/lib/python3.7/site-packages/airflow/example_dags/example_branch_operator.py
[2023-05-20T15:42:06.189+0000] {processor.py:836} INFO - DAG(s) dict_keys(['example_branch_operator']) retrieved from /home/airflow/.local/lib/python3.7/site-packages/airflow/example_dags/example_branch_operator.py
[2023-05-20T15:42:06.223+0000] {logging_mixin.py:149} INFO - [2023-05-20T15:42:06.223+0000] {dag.py:2726} INFO - Sync 1 DAGs
[2023-05-20T15:42:06.256+0000] {logging_mixin.py:149} INFO - [2023-05-20T15:42:06.256+0000] {dag.py:3490} INFO - Setting next_dagrun for example_branch_operator to 2023-05-19T00:00:00+00:00, run_after=2023-05-20T00:00:00+00:00
[2023-05-20T15:42:06.278+0000] {processor.py:179} INFO - Processing /home/airflow/.local/lib/python3.7/site-packages/airflow/example_dags/example_branch_operator.py took 0.112 seconds
[2023-05-20T15:42:36.549+0000] {processor.py:157} INFO - Started process (PID=2643) to work on /home/airflow/.local/lib/python3.7/site-packages/airflow/example_dags/example_branch_operator.py
[2023-05-20T15:42:36.551+0000] {processor.py:826} INFO - Processing file /home/airflow/.local/lib/python3.7/site-packages/airflow/example_dags/example_branch_operator.py for tasks to queue
[2023-05-20T15:42:36.552+0000] {logging_mixin.py:149} INFO - [2023-05-20T15:42:36.552+0000] {dagbag.py:541} INFO - Filling up the DagBag from /home/airflow/.local/lib/python3.7/site-packages/airflow/example_dags/example_branch_operator.py
[2023-05-20T15:42:36.566+0000] {processor.py:836} INFO - DAG(s) dict_keys(['example_branch_operator']) retrieved from /home/airflow/.local/lib/python3.7/site-packages/airflow/example_dags/example_branch_operator.py
[2023-05-20T15:42:36.602+0000] {logging_mixin.py:149} INFO - [2023-05-20T15:42:36.602+0000] {dag.py:2726} INFO - Sync 1 DAGs
[2023-05-20T15:42:36.634+0000] {logging_mixin.py:149} INFO - [2023-05-20T15:42:36.634+0000] {dag.py:3490} INFO - Setting next_dagrun for example_branch_operator to 2023-05-19T00:00:00+00:00, run_after=2023-05-20T00:00:00+00:00
[2023-05-20T15:42:36.656+0000] {processor.py:179} INFO - Processing /home/airflow/.local/lib/python3.7/site-packages/airflow/example_dags/example_branch_operator.py took 0.112 seconds
[2023-05-20T15:43:07.004+0000] {processor.py:157} INFO - Started process (PID=2701) to work on /home/airflow/.local/lib/python3.7/site-packages/airflow/example_dags/example_branch_operator.py
[2023-05-20T15:43:07.007+0000] {processor.py:826} INFO - Processing file /home/airflow/.local/lib/python3.7/site-packages/airflow/example_dags/example_branch_operator.py for tasks to queue
[2023-05-20T15:43:07.008+0000] {logging_mixin.py:149} INFO - [2023-05-20T15:43:07.008+0000] {dagbag.py:541} INFO - Filling up the DagBag from /home/airflow/.local/lib/python3.7/site-packages/airflow/example_dags/example_branch_operator.py
[2023-05-20T15:43:07.021+0000] {processor.py:836} INFO - DAG(s) dict_keys(['example_branch_operator']) retrieved from /home/airflow/.local/lib/python3.7/site-packages/airflow/example_dags/example_branch_operator.py
[2023-05-20T15:43:07.054+0000] {logging_mixin.py:149} INFO - [2023-05-20T15:43:07.053+0000] {dag.py:2726} INFO - Sync 1 DAGs
[2023-05-20T15:43:07.087+0000] {logging_mixin.py:149} INFO - [2023-05-20T15:43:07.087+0000] {dag.py:3490} INFO - Setting next_dagrun for example_branch_operator to 2023-05-19T00:00:00+00:00, run_after=2023-05-20T00:00:00+00:00
[2023-05-20T15:43:07.110+0000] {processor.py:179} INFO - Processing /home/airflow/.local/lib/python3.7/site-packages/airflow/example_dags/example_branch_operator.py took 0.114 seconds
[2023-05-20T15:43:37.328+0000] {processor.py:157} INFO - Started process (PID=2752) to work on /home/airflow/.local/lib/python3.7/site-packages/airflow/example_dags/example_branch_operator.py
[2023-05-20T15:43:37.330+0000] {processor.py:826} INFO - Processing file /home/airflow/.local/lib/python3.7/site-packages/airflow/example_dags/example_branch_operator.py for tasks to queue
[2023-05-20T15:43:37.331+0000] {logging_mixin.py:149} INFO - [2023-05-20T15:43:37.331+0000] {dagbag.py:541} INFO - Filling up the DagBag from /home/airflow/.local/lib/python3.7/site-packages/airflow/example_dags/example_branch_operator.py
[2023-05-20T15:43:37.343+0000] {processor.py:836} INFO - DAG(s) dict_keys(['example_branch_operator']) retrieved from /home/airflow/.local/lib/python3.7/site-packages/airflow/example_dags/example_branch_operator.py
[2023-05-20T15:43:37.375+0000] {logging_mixin.py:149} INFO - [2023-05-20T15:43:37.374+0000] {dag.py:2726} INFO - Sync 1 DAGs
[2023-05-20T15:43:37.404+0000] {logging_mixin.py:149} INFO - [2023-05-20T15:43:37.404+0000] {dag.py:3490} INFO - Setting next_dagrun for example_branch_operator to 2023-05-19T00:00:00+00:00, run_after=2023-05-20T00:00:00+00:00
[2023-05-20T15:43:37.429+0000] {processor.py:179} INFO - Processing /home/airflow/.local/lib/python3.7/site-packages/airflow/example_dags/example_branch_operator.py took 0.106 seconds
[2023-05-20T15:44:07.536+0000] {processor.py:157} INFO - Started process (PID=2810) to work on /home/airflow/.local/lib/python3.7/site-packages/airflow/example_dags/example_branch_operator.py
[2023-05-20T15:44:07.537+0000] {processor.py:826} INFO - Processing file /home/airflow/.local/lib/python3.7/site-packages/airflow/example_dags/example_branch_operator.py for tasks to queue
[2023-05-20T15:44:07.539+0000] {logging_mixin.py:149} INFO - [2023-05-20T15:44:07.538+0000] {dagbag.py:541} INFO - Filling up the DagBag from /home/airflow/.local/lib/python3.7/site-packages/airflow/example_dags/example_branch_operator.py
[2023-05-20T15:44:07.552+0000] {processor.py:836} INFO - DAG(s) dict_keys(['example_branch_operator']) retrieved from /home/airflow/.local/lib/python3.7/site-packages/airflow/example_dags/example_branch_operator.py
[2023-05-20T15:44:07.583+0000] {logging_mixin.py:149} INFO - [2023-05-20T15:44:07.583+0000] {dag.py:2726} INFO - Sync 1 DAGs
[2023-05-20T15:44:07.612+0000] {logging_mixin.py:149} INFO - [2023-05-20T15:44:07.612+0000] {dag.py:3490} INFO - Setting next_dagrun for example_branch_operator to 2023-05-19T00:00:00+00:00, run_after=2023-05-20T00:00:00+00:00
[2023-05-20T15:44:07.632+0000] {processor.py:179} INFO - Processing /home/airflow/.local/lib/python3.7/site-packages/airflow/example_dags/example_branch_operator.py took 0.101 seconds
[2023-05-20T15:44:37.688+0000] {processor.py:157} INFO - Started process (PID=2868) to work on /home/airflow/.local/lib/python3.7/site-packages/airflow/example_dags/example_branch_operator.py
[2023-05-20T15:44:37.690+0000] {processor.py:826} INFO - Processing file /home/airflow/.local/lib/python3.7/site-packages/airflow/example_dags/example_branch_operator.py for tasks to queue
[2023-05-20T15:44:37.691+0000] {logging_mixin.py:149} INFO - [2023-05-20T15:44:37.691+0000] {dagbag.py:541} INFO - Filling up the DagBag from /home/airflow/.local/lib/python3.7/site-packages/airflow/example_dags/example_branch_operator.py
[2023-05-20T15:44:37.703+0000] {processor.py:836} INFO - DAG(s) dict_keys(['example_branch_operator']) retrieved from /home/airflow/.local/lib/python3.7/site-packages/airflow/example_dags/example_branch_operator.py
[2023-05-20T15:44:37.737+0000] {logging_mixin.py:149} INFO - [2023-05-20T15:44:37.737+0000] {dag.py:2726} INFO - Sync 1 DAGs
[2023-05-20T15:44:37.766+0000] {logging_mixin.py:149} INFO - [2023-05-20T15:44:37.766+0000] {dag.py:3490} INFO - Setting next_dagrun for example_branch_operator to 2023-05-19T00:00:00+00:00, run_after=2023-05-20T00:00:00+00:00
[2023-05-20T15:44:37.788+0000] {processor.py:179} INFO - Processing /home/airflow/.local/lib/python3.7/site-packages/airflow/example_dags/example_branch_operator.py took 0.104 seconds
[2023-05-20T15:45:08.730+0000] {processor.py:157} INFO - Started process (PID=2926) to work on /home/airflow/.local/lib/python3.7/site-packages/airflow/example_dags/example_branch_operator.py
[2023-05-20T15:45:08.733+0000] {processor.py:826} INFO - Processing file /home/airflow/.local/lib/python3.7/site-packages/airflow/example_dags/example_branch_operator.py for tasks to queue
[2023-05-20T15:45:08.736+0000] {logging_mixin.py:149} INFO - [2023-05-20T15:45:08.735+0000] {dagbag.py:541} INFO - Filling up the DagBag from /home/airflow/.local/lib/python3.7/site-packages/airflow/example_dags/example_branch_operator.py
[2023-05-20T15:45:08.764+0000] {processor.py:836} INFO - DAG(s) dict_keys(['example_branch_operator']) retrieved from /home/airflow/.local/lib/python3.7/site-packages/airflow/example_dags/example_branch_operator.py
[2023-05-20T15:45:08.835+0000] {logging_mixin.py:149} INFO - [2023-05-20T15:45:08.834+0000] {dag.py:2726} INFO - Sync 1 DAGs
[2023-05-20T15:45:08.883+0000] {logging_mixin.py:149} INFO - [2023-05-20T15:45:08.883+0000] {dag.py:3490} INFO - Setting next_dagrun for example_branch_operator to 2023-05-19T00:00:00+00:00, run_after=2023-05-20T00:00:00+00:00
[2023-05-20T15:45:08.914+0000] {processor.py:179} INFO - Processing /home/airflow/.local/lib/python3.7/site-packages/airflow/example_dags/example_branch_operator.py took 0.194 seconds
[2023-05-20T15:45:39.367+0000] {processor.py:157} INFO - Started process (PID=2991) to work on /home/airflow/.local/lib/python3.7/site-packages/airflow/example_dags/example_branch_operator.py
[2023-05-20T15:45:39.371+0000] {processor.py:826} INFO - Processing file /home/airflow/.local/lib/python3.7/site-packages/airflow/example_dags/example_branch_operator.py for tasks to queue
[2023-05-20T15:45:39.372+0000] {logging_mixin.py:149} INFO - [2023-05-20T15:45:39.372+0000] {dagbag.py:541} INFO - Filling up the DagBag from /home/airflow/.local/lib/python3.7/site-packages/airflow/example_dags/example_branch_operator.py
[2023-05-20T15:45:39.387+0000] {processor.py:836} INFO - DAG(s) dict_keys(['example_branch_operator']) retrieved from /home/airflow/.local/lib/python3.7/site-packages/airflow/example_dags/example_branch_operator.py
[2023-05-20T15:45:39.439+0000] {logging_mixin.py:149} INFO - [2023-05-20T15:45:39.438+0000] {dag.py:2726} INFO - Sync 1 DAGs
[2023-05-20T15:45:39.497+0000] {logging_mixin.py:149} INFO - [2023-05-20T15:45:39.497+0000] {dag.py:3490} INFO - Setting next_dagrun for example_branch_operator to 2023-05-19T00:00:00+00:00, run_after=2023-05-20T00:00:00+00:00
[2023-05-20T15:45:39.548+0000] {processor.py:179} INFO - Processing /home/airflow/.local/lib/python3.7/site-packages/airflow/example_dags/example_branch_operator.py took 0.192 seconds
[2023-05-20T15:46:10.181+0000] {processor.py:157} INFO - Started process (PID=3049) to work on /home/airflow/.local/lib/python3.7/site-packages/airflow/example_dags/example_branch_operator.py
[2023-05-20T15:46:10.183+0000] {processor.py:826} INFO - Processing file /home/airflow/.local/lib/python3.7/site-packages/airflow/example_dags/example_branch_operator.py for tasks to queue
[2023-05-20T15:46:10.185+0000] {logging_mixin.py:149} INFO - [2023-05-20T15:46:10.184+0000] {dagbag.py:541} INFO - Filling up the DagBag from /home/airflow/.local/lib/python3.7/site-packages/airflow/example_dags/example_branch_operator.py
[2023-05-20T15:46:10.199+0000] {processor.py:836} INFO - DAG(s) dict_keys(['example_branch_operator']) retrieved from /home/airflow/.local/lib/python3.7/site-packages/airflow/example_dags/example_branch_operator.py
[2023-05-20T15:46:10.240+0000] {logging_mixin.py:149} INFO - [2023-05-20T15:46:10.240+0000] {dag.py:2726} INFO - Sync 1 DAGs
[2023-05-20T15:46:10.281+0000] {logging_mixin.py:149} INFO - [2023-05-20T15:46:10.281+0000] {dag.py:3490} INFO - Setting next_dagrun for example_branch_operator to 2023-05-19T00:00:00+00:00, run_after=2023-05-20T00:00:00+00:00
[2023-05-20T15:46:10.310+0000] {processor.py:179} INFO - Processing /home/airflow/.local/lib/python3.7/site-packages/airflow/example_dags/example_branch_operator.py took 0.134 seconds
[2023-05-20T15:46:40.887+0000] {processor.py:157} INFO - Started process (PID=3107) to work on /home/airflow/.local/lib/python3.7/site-packages/airflow/example_dags/example_branch_operator.py
[2023-05-20T15:46:40.889+0000] {processor.py:826} INFO - Processing file /home/airflow/.local/lib/python3.7/site-packages/airflow/example_dags/example_branch_operator.py for tasks to queue
[2023-05-20T15:46:40.891+0000] {logging_mixin.py:149} INFO - [2023-05-20T15:46:40.890+0000] {dagbag.py:541} INFO - Filling up the DagBag from /home/airflow/.local/lib/python3.7/site-packages/airflow/example_dags/example_branch_operator.py
[2023-05-20T15:46:40.905+0000] {processor.py:836} INFO - DAG(s) dict_keys(['example_branch_operator']) retrieved from /home/airflow/.local/lib/python3.7/site-packages/airflow/example_dags/example_branch_operator.py
[2023-05-20T15:46:40.944+0000] {logging_mixin.py:149} INFO - [2023-05-20T15:46:40.944+0000] {dag.py:2726} INFO - Sync 1 DAGs
[2023-05-20T15:46:40.980+0000] {logging_mixin.py:149} INFO - [2023-05-20T15:46:40.980+0000] {dag.py:3490} INFO - Setting next_dagrun for example_branch_operator to 2023-05-19T00:00:00+00:00, run_after=2023-05-20T00:00:00+00:00
[2023-05-20T15:46:41.006+0000] {processor.py:179} INFO - Processing /home/airflow/.local/lib/python3.7/site-packages/airflow/example_dags/example_branch_operator.py took 0.125 seconds
[2023-05-20T15:47:11.541+0000] {processor.py:157} INFO - Started process (PID=3165) to work on /home/airflow/.local/lib/python3.7/site-packages/airflow/example_dags/example_branch_operator.py
[2023-05-20T15:47:11.543+0000] {processor.py:826} INFO - Processing file /home/airflow/.local/lib/python3.7/site-packages/airflow/example_dags/example_branch_operator.py for tasks to queue
[2023-05-20T15:47:11.545+0000] {logging_mixin.py:149} INFO - [2023-05-20T15:47:11.545+0000] {dagbag.py:541} INFO - Filling up the DagBag from /home/airflow/.local/lib/python3.7/site-packages/airflow/example_dags/example_branch_operator.py
[2023-05-20T15:47:11.560+0000] {processor.py:836} INFO - DAG(s) dict_keys(['example_branch_operator']) retrieved from /home/airflow/.local/lib/python3.7/site-packages/airflow/example_dags/example_branch_operator.py
[2023-05-20T15:47:11.598+0000] {logging_mixin.py:149} INFO - [2023-05-20T15:47:11.598+0000] {dag.py:2726} INFO - Sync 1 DAGs
[2023-05-20T15:47:11.631+0000] {logging_mixin.py:149} INFO - [2023-05-20T15:47:11.630+0000] {dag.py:3490} INFO - Setting next_dagrun for example_branch_operator to 2023-05-19T00:00:00+00:00, run_after=2023-05-20T00:00:00+00:00
[2023-05-20T15:47:11.653+0000] {processor.py:179} INFO - Processing /home/airflow/.local/lib/python3.7/site-packages/airflow/example_dags/example_branch_operator.py took 0.118 seconds
[2023-05-20T15:47:41.813+0000] {processor.py:157} INFO - Started process (PID=3223) to work on /home/airflow/.local/lib/python3.7/site-packages/airflow/example_dags/example_branch_operator.py
[2023-05-20T15:47:41.816+0000] {processor.py:826} INFO - Processing file /home/airflow/.local/lib/python3.7/site-packages/airflow/example_dags/example_branch_operator.py for tasks to queue
[2023-05-20T15:47:41.819+0000] {logging_mixin.py:149} INFO - [2023-05-20T15:47:41.818+0000] {dagbag.py:541} INFO - Filling up the DagBag from /home/airflow/.local/lib/python3.7/site-packages/airflow/example_dags/example_branch_operator.py
[2023-05-20T15:47:41.836+0000] {processor.py:836} INFO - DAG(s) dict_keys(['example_branch_operator']) retrieved from /home/airflow/.local/lib/python3.7/site-packages/airflow/example_dags/example_branch_operator.py
[2023-05-20T15:47:41.880+0000] {logging_mixin.py:149} INFO - [2023-05-20T15:47:41.880+0000] {dag.py:2726} INFO - Sync 1 DAGs
[2023-05-20T15:47:41.924+0000] {logging_mixin.py:149} INFO - [2023-05-20T15:47:41.924+0000] {dag.py:3490} INFO - Setting next_dagrun for example_branch_operator to 2023-05-19T00:00:00+00:00, run_after=2023-05-20T00:00:00+00:00
[2023-05-20T15:47:41.959+0000] {processor.py:179} INFO - Processing /home/airflow/.local/lib/python3.7/site-packages/airflow/example_dags/example_branch_operator.py took 0.153 seconds
[2023-05-20T15:48:12.135+0000] {processor.py:157} INFO - Started process (PID=3282) to work on /home/airflow/.local/lib/python3.7/site-packages/airflow/example_dags/example_branch_operator.py
[2023-05-20T15:48:12.140+0000] {processor.py:826} INFO - Processing file /home/airflow/.local/lib/python3.7/site-packages/airflow/example_dags/example_branch_operator.py for tasks to queue
[2023-05-20T15:48:12.145+0000] {logging_mixin.py:149} INFO - [2023-05-20T15:48:12.144+0000] {dagbag.py:541} INFO - Filling up the DagBag from /home/airflow/.local/lib/python3.7/site-packages/airflow/example_dags/example_branch_operator.py
[2023-05-20T15:48:12.175+0000] {processor.py:836} INFO - DAG(s) dict_keys(['example_branch_operator']) retrieved from /home/airflow/.local/lib/python3.7/site-packages/airflow/example_dags/example_branch_operator.py
[2023-05-20T15:48:12.271+0000] {logging_mixin.py:149} INFO - [2023-05-20T15:48:12.270+0000] {dag.py:2726} INFO - Sync 1 DAGs
[2023-05-20T15:48:12.353+0000] {logging_mixin.py:149} INFO - [2023-05-20T15:48:12.352+0000] {dag.py:3490} INFO - Setting next_dagrun for example_branch_operator to 2023-05-19T00:00:00+00:00, run_after=2023-05-20T00:00:00+00:00
[2023-05-20T15:48:12.424+0000] {processor.py:179} INFO - Processing /home/airflow/.local/lib/python3.7/site-packages/airflow/example_dags/example_branch_operator.py took 0.296 seconds
[2023-05-20T15:48:42.590+0000] {processor.py:157} INFO - Started process (PID=3338) to work on /home/airflow/.local/lib/python3.7/site-packages/airflow/example_dags/example_branch_operator.py
[2023-05-20T15:48:42.594+0000] {processor.py:826} INFO - Processing file /home/airflow/.local/lib/python3.7/site-packages/airflow/example_dags/example_branch_operator.py for tasks to queue
[2023-05-20T15:48:42.596+0000] {logging_mixin.py:149} INFO - [2023-05-20T15:48:42.596+0000] {dagbag.py:541} INFO - Filling up the DagBag from /home/airflow/.local/lib/python3.7/site-packages/airflow/example_dags/example_branch_operator.py
[2023-05-20T15:48:42.617+0000] {processor.py:836} INFO - DAG(s) dict_keys(['example_branch_operator']) retrieved from /home/airflow/.local/lib/python3.7/site-packages/airflow/example_dags/example_branch_operator.py
[2023-05-20T15:48:42.667+0000] {logging_mixin.py:149} INFO - [2023-05-20T15:48:42.667+0000] {dag.py:2726} INFO - Sync 1 DAGs
[2023-05-20T15:48:42.717+0000] {logging_mixin.py:149} INFO - [2023-05-20T15:48:42.717+0000] {dag.py:3490} INFO - Setting next_dagrun for example_branch_operator to 2023-05-19T00:00:00+00:00, run_after=2023-05-20T00:00:00+00:00
[2023-05-20T15:48:42.765+0000] {processor.py:179} INFO - Processing /home/airflow/.local/lib/python3.7/site-packages/airflow/example_dags/example_branch_operator.py took 0.182 seconds
[2023-05-20T15:49:13.701+0000] {processor.py:157} INFO - Started process (PID=3396) to work on /home/airflow/.local/lib/python3.7/site-packages/airflow/example_dags/example_branch_operator.py
[2023-05-20T15:49:13.703+0000] {processor.py:826} INFO - Processing file /home/airflow/.local/lib/python3.7/site-packages/airflow/example_dags/example_branch_operator.py for tasks to queue
[2023-05-20T15:49:13.705+0000] {logging_mixin.py:149} INFO - [2023-05-20T15:49:13.705+0000] {dagbag.py:541} INFO - Filling up the DagBag from /home/airflow/.local/lib/python3.7/site-packages/airflow/example_dags/example_branch_operator.py
[2023-05-20T15:49:13.719+0000] {processor.py:836} INFO - DAG(s) dict_keys(['example_branch_operator']) retrieved from /home/airflow/.local/lib/python3.7/site-packages/airflow/example_dags/example_branch_operator.py
[2023-05-20T15:49:13.754+0000] {logging_mixin.py:149} INFO - [2023-05-20T15:49:13.754+0000] {dag.py:2726} INFO - Sync 1 DAGs
[2023-05-20T15:49:13.785+0000] {logging_mixin.py:149} INFO - [2023-05-20T15:49:13.785+0000] {dag.py:3490} INFO - Setting next_dagrun for example_branch_operator to 2023-05-19T00:00:00+00:00, run_after=2023-05-20T00:00:00+00:00
[2023-05-20T15:49:13.807+0000] {processor.py:179} INFO - Processing /home/airflow/.local/lib/python3.7/site-packages/airflow/example_dags/example_branch_operator.py took 0.111 seconds
[2023-05-20T15:49:44.339+0000] {processor.py:157} INFO - Started process (PID=3454) to work on /home/airflow/.local/lib/python3.7/site-packages/airflow/example_dags/example_branch_operator.py
[2023-05-20T15:49:44.341+0000] {processor.py:826} INFO - Processing file /home/airflow/.local/lib/python3.7/site-packages/airflow/example_dags/example_branch_operator.py for tasks to queue
[2023-05-20T15:49:44.342+0000] {logging_mixin.py:149} INFO - [2023-05-20T15:49:44.342+0000] {dagbag.py:541} INFO - Filling up the DagBag from /home/airflow/.local/lib/python3.7/site-packages/airflow/example_dags/example_branch_operator.py
[2023-05-20T15:49:44.356+0000] {processor.py:836} INFO - DAG(s) dict_keys(['example_branch_operator']) retrieved from /home/airflow/.local/lib/python3.7/site-packages/airflow/example_dags/example_branch_operator.py
[2023-05-20T15:49:44.391+0000] {logging_mixin.py:149} INFO - [2023-05-20T15:49:44.391+0000] {dag.py:2726} INFO - Sync 1 DAGs
[2023-05-20T15:49:44.421+0000] {logging_mixin.py:149} INFO - [2023-05-20T15:49:44.421+0000] {dag.py:3490} INFO - Setting next_dagrun for example_branch_operator to 2023-05-19T00:00:00+00:00, run_after=2023-05-20T00:00:00+00:00
[2023-05-20T15:49:44.443+0000] {processor.py:179} INFO - Processing /home/airflow/.local/lib/python3.7/site-packages/airflow/example_dags/example_branch_operator.py took 0.109 seconds
[2023-05-20T16:08:44.930+0000] {processor.py:157} INFO - Started process (PID=32) to work on /home/airflow/.local/lib/python3.7/site-packages/airflow/example_dags/example_branch_operator.py
[2023-05-20T16:08:44.941+0000] {processor.py:826} INFO - Processing file /home/airflow/.local/lib/python3.7/site-packages/airflow/example_dags/example_branch_operator.py for tasks to queue
[2023-05-20T16:08:44.945+0000] {logging_mixin.py:149} INFO - [2023-05-20T16:08:44.944+0000] {dagbag.py:541} INFO - Filling up the DagBag from /home/airflow/.local/lib/python3.7/site-packages/airflow/example_dags/example_branch_operator.py
[2023-05-20T16:08:45.005+0000] {processor.py:836} INFO - DAG(s) dict_keys(['example_branch_operator']) retrieved from /home/airflow/.local/lib/python3.7/site-packages/airflow/example_dags/example_branch_operator.py
[2023-05-20T16:08:45.083+0000] {logging_mixin.py:149} INFO - [2023-05-20T16:08:45.082+0000] {dag.py:2726} INFO - Sync 1 DAGs
[2023-05-20T16:08:45.310+0000] {logging_mixin.py:149} INFO - [2023-05-20T16:08:45.310+0000] {dag.py:3490} INFO - Setting next_dagrun for example_branch_operator to 2023-05-19T00:00:00+00:00, run_after=2023-05-20T00:00:00+00:00
[2023-05-20T16:08:45.340+0000] {processor.py:179} INFO - Processing /home/airflow/.local/lib/python3.7/site-packages/airflow/example_dags/example_branch_operator.py took 0.416 seconds
[2023-05-20T16:09:15.764+0000] {processor.py:157} INFO - Started process (PID=90) to work on /home/airflow/.local/lib/python3.7/site-packages/airflow/example_dags/example_branch_operator.py
[2023-05-20T16:09:15.766+0000] {processor.py:826} INFO - Processing file /home/airflow/.local/lib/python3.7/site-packages/airflow/example_dags/example_branch_operator.py for tasks to queue
[2023-05-20T16:09:15.767+0000] {logging_mixin.py:149} INFO - [2023-05-20T16:09:15.767+0000] {dagbag.py:541} INFO - Filling up the DagBag from /home/airflow/.local/lib/python3.7/site-packages/airflow/example_dags/example_branch_operator.py
[2023-05-20T16:09:15.782+0000] {processor.py:836} INFO - DAG(s) dict_keys(['example_branch_operator']) retrieved from /home/airflow/.local/lib/python3.7/site-packages/airflow/example_dags/example_branch_operator.py
[2023-05-20T16:09:15.820+0000] {logging_mixin.py:149} INFO - [2023-05-20T16:09:15.820+0000] {dag.py:2726} INFO - Sync 1 DAGs
[2023-05-20T16:09:15.850+0000] {logging_mixin.py:149} INFO - [2023-05-20T16:09:15.850+0000] {dag.py:3490} INFO - Setting next_dagrun for example_branch_operator to 2023-05-19T00:00:00+00:00, run_after=2023-05-20T00:00:00+00:00
[2023-05-20T16:09:15.875+0000] {processor.py:179} INFO - Processing /home/airflow/.local/lib/python3.7/site-packages/airflow/example_dags/example_branch_operator.py took 0.116 seconds
[2023-05-20T16:09:46.159+0000] {processor.py:157} INFO - Started process (PID=148) to work on /home/airflow/.local/lib/python3.7/site-packages/airflow/example_dags/example_branch_operator.py
[2023-05-20T16:09:46.162+0000] {processor.py:826} INFO - Processing file /home/airflow/.local/lib/python3.7/site-packages/airflow/example_dags/example_branch_operator.py for tasks to queue
[2023-05-20T16:09:46.166+0000] {logging_mixin.py:149} INFO - [2023-05-20T16:09:46.166+0000] {dagbag.py:541} INFO - Filling up the DagBag from /home/airflow/.local/lib/python3.7/site-packages/airflow/example_dags/example_branch_operator.py
[2023-05-20T16:09:46.189+0000] {processor.py:836} INFO - DAG(s) dict_keys(['example_branch_operator']) retrieved from /home/airflow/.local/lib/python3.7/site-packages/airflow/example_dags/example_branch_operator.py
[2023-05-20T16:09:46.246+0000] {logging_mixin.py:149} INFO - [2023-05-20T16:09:46.246+0000] {dag.py:2726} INFO - Sync 1 DAGs
[2023-05-20T16:09:46.295+0000] {logging_mixin.py:149} INFO - [2023-05-20T16:09:46.295+0000] {dag.py:3490} INFO - Setting next_dagrun for example_branch_operator to 2023-05-19T00:00:00+00:00, run_after=2023-05-20T00:00:00+00:00
[2023-05-20T16:09:46.345+0000] {processor.py:179} INFO - Processing /home/airflow/.local/lib/python3.7/site-packages/airflow/example_dags/example_branch_operator.py took 0.194 seconds
[2023-05-20T16:10:16.409+0000] {processor.py:157} INFO - Started process (PID=206) to work on /home/airflow/.local/lib/python3.7/site-packages/airflow/example_dags/example_branch_operator.py
[2023-05-20T16:10:16.411+0000] {processor.py:826} INFO - Processing file /home/airflow/.local/lib/python3.7/site-packages/airflow/example_dags/example_branch_operator.py for tasks to queue
[2023-05-20T16:10:16.412+0000] {logging_mixin.py:149} INFO - [2023-05-20T16:10:16.412+0000] {dagbag.py:541} INFO - Filling up the DagBag from /home/airflow/.local/lib/python3.7/site-packages/airflow/example_dags/example_branch_operator.py
[2023-05-20T16:10:16.426+0000] {processor.py:836} INFO - DAG(s) dict_keys(['example_branch_operator']) retrieved from /home/airflow/.local/lib/python3.7/site-packages/airflow/example_dags/example_branch_operator.py
[2023-05-20T16:10:16.462+0000] {logging_mixin.py:149} INFO - [2023-05-20T16:10:16.461+0000] {dag.py:2726} INFO - Sync 1 DAGs
[2023-05-20T16:10:16.497+0000] {logging_mixin.py:149} INFO - [2023-05-20T16:10:16.496+0000] {dag.py:3490} INFO - Setting next_dagrun for example_branch_operator to 2023-05-19T00:00:00+00:00, run_after=2023-05-20T00:00:00+00:00
[2023-05-20T16:10:16.522+0000] {processor.py:179} INFO - Processing /home/airflow/.local/lib/python3.7/site-packages/airflow/example_dags/example_branch_operator.py took 0.118 seconds
[2023-05-20T16:10:46.991+0000] {processor.py:157} INFO - Started process (PID=264) to work on /home/airflow/.local/lib/python3.7/site-packages/airflow/example_dags/example_branch_operator.py
[2023-05-20T16:10:46.994+0000] {processor.py:826} INFO - Processing file /home/airflow/.local/lib/python3.7/site-packages/airflow/example_dags/example_branch_operator.py for tasks to queue
[2023-05-20T16:10:46.995+0000] {logging_mixin.py:149} INFO - [2023-05-20T16:10:46.995+0000] {dagbag.py:541} INFO - Filling up the DagBag from /home/airflow/.local/lib/python3.7/site-packages/airflow/example_dags/example_branch_operator.py
[2023-05-20T16:10:47.010+0000] {processor.py:836} INFO - DAG(s) dict_keys(['example_branch_operator']) retrieved from /home/airflow/.local/lib/python3.7/site-packages/airflow/example_dags/example_branch_operator.py
[2023-05-20T16:10:47.048+0000] {logging_mixin.py:149} INFO - [2023-05-20T16:10:47.048+0000] {dag.py:2726} INFO - Sync 1 DAGs
[2023-05-20T16:10:47.082+0000] {logging_mixin.py:149} INFO - [2023-05-20T16:10:47.082+0000] {dag.py:3490} INFO - Setting next_dagrun for example_branch_operator to 2023-05-19T00:00:00+00:00, run_after=2023-05-20T00:00:00+00:00
[2023-05-20T16:10:47.106+0000] {processor.py:179} INFO - Processing /home/airflow/.local/lib/python3.7/site-packages/airflow/example_dags/example_branch_operator.py took 0.120 seconds
[2023-05-20T16:11:17.750+0000] {processor.py:157} INFO - Started process (PID=322) to work on /home/airflow/.local/lib/python3.7/site-packages/airflow/example_dags/example_branch_operator.py
[2023-05-20T16:11:17.752+0000] {processor.py:826} INFO - Processing file /home/airflow/.local/lib/python3.7/site-packages/airflow/example_dags/example_branch_operator.py for tasks to queue
[2023-05-20T16:11:17.754+0000] {logging_mixin.py:149} INFO - [2023-05-20T16:11:17.754+0000] {dagbag.py:541} INFO - Filling up the DagBag from /home/airflow/.local/lib/python3.7/site-packages/airflow/example_dags/example_branch_operator.py
[2023-05-20T16:11:17.773+0000] {processor.py:836} INFO - DAG(s) dict_keys(['example_branch_operator']) retrieved from /home/airflow/.local/lib/python3.7/site-packages/airflow/example_dags/example_branch_operator.py
[2023-05-20T16:11:17.822+0000] {logging_mixin.py:149} INFO - [2023-05-20T16:11:17.822+0000] {dag.py:2726} INFO - Sync 1 DAGs
[2023-05-20T16:11:17.877+0000] {logging_mixin.py:149} INFO - [2023-05-20T16:11:17.876+0000] {dag.py:3490} INFO - Setting next_dagrun for example_branch_operator to 2023-05-19T00:00:00+00:00, run_after=2023-05-20T00:00:00+00:00
[2023-05-20T16:11:17.918+0000] {processor.py:179} INFO - Processing /home/airflow/.local/lib/python3.7/site-packages/airflow/example_dags/example_branch_operator.py took 0.174 seconds
[2023-05-20T16:11:48.295+0000] {processor.py:157} INFO - Started process (PID=380) to work on /home/airflow/.local/lib/python3.7/site-packages/airflow/example_dags/example_branch_operator.py
[2023-05-20T16:11:48.299+0000] {processor.py:826} INFO - Processing file /home/airflow/.local/lib/python3.7/site-packages/airflow/example_dags/example_branch_operator.py for tasks to queue
[2023-05-20T16:11:48.301+0000] {logging_mixin.py:149} INFO - [2023-05-20T16:11:48.300+0000] {dagbag.py:541} INFO - Filling up the DagBag from /home/airflow/.local/lib/python3.7/site-packages/airflow/example_dags/example_branch_operator.py
[2023-05-20T16:11:48.321+0000] {processor.py:836} INFO - DAG(s) dict_keys(['example_branch_operator']) retrieved from /home/airflow/.local/lib/python3.7/site-packages/airflow/example_dags/example_branch_operator.py
[2023-05-20T16:11:48.373+0000] {logging_mixin.py:149} INFO - [2023-05-20T16:11:48.372+0000] {dag.py:2726} INFO - Sync 1 DAGs
[2023-05-20T16:11:48.430+0000] {logging_mixin.py:149} INFO - [2023-05-20T16:11:48.429+0000] {dag.py:3490} INFO - Setting next_dagrun for example_branch_operator to 2023-05-19T00:00:00+00:00, run_after=2023-05-20T00:00:00+00:00
[2023-05-20T16:11:48.486+0000] {processor.py:179} INFO - Processing /home/airflow/.local/lib/python3.7/site-packages/airflow/example_dags/example_branch_operator.py took 0.197 seconds
[2023-05-20T16:12:18.895+0000] {processor.py:157} INFO - Started process (PID=438) to work on /home/airflow/.local/lib/python3.7/site-packages/airflow/example_dags/example_branch_operator.py
[2023-05-20T16:12:18.898+0000] {processor.py:826} INFO - Processing file /home/airflow/.local/lib/python3.7/site-packages/airflow/example_dags/example_branch_operator.py for tasks to queue
[2023-05-20T16:12:18.900+0000] {logging_mixin.py:149} INFO - [2023-05-20T16:12:18.899+0000] {dagbag.py:541} INFO - Filling up the DagBag from /home/airflow/.local/lib/python3.7/site-packages/airflow/example_dags/example_branch_operator.py
[2023-05-20T16:12:18.916+0000] {processor.py:836} INFO - DAG(s) dict_keys(['example_branch_operator']) retrieved from /home/airflow/.local/lib/python3.7/site-packages/airflow/example_dags/example_branch_operator.py
[2023-05-20T16:12:18.963+0000] {logging_mixin.py:149} INFO - [2023-05-20T16:12:18.963+0000] {dag.py:2726} INFO - Sync 1 DAGs
[2023-05-20T16:12:19.006+0000] {logging_mixin.py:149} INFO - [2023-05-20T16:12:19.006+0000] {dag.py:3490} INFO - Setting next_dagrun for example_branch_operator to 2023-05-19T00:00:00+00:00, run_after=2023-05-20T00:00:00+00:00
[2023-05-20T16:12:19.043+0000] {processor.py:179} INFO - Processing /home/airflow/.local/lib/python3.7/site-packages/airflow/example_dags/example_branch_operator.py took 0.155 seconds
[2023-05-20T16:12:49.175+0000] {processor.py:157} INFO - Started process (PID=496) to work on /home/airflow/.local/lib/python3.7/site-packages/airflow/example_dags/example_branch_operator.py
[2023-05-20T16:12:49.178+0000] {processor.py:826} INFO - Processing file /home/airflow/.local/lib/python3.7/site-packages/airflow/example_dags/example_branch_operator.py for tasks to queue
[2023-05-20T16:12:49.180+0000] {logging_mixin.py:149} INFO - [2023-05-20T16:12:49.180+0000] {dagbag.py:541} INFO - Filling up the DagBag from /home/airflow/.local/lib/python3.7/site-packages/airflow/example_dags/example_branch_operator.py
[2023-05-20T16:12:49.194+0000] {processor.py:836} INFO - DAG(s) dict_keys(['example_branch_operator']) retrieved from /home/airflow/.local/lib/python3.7/site-packages/airflow/example_dags/example_branch_operator.py
[2023-05-20T16:12:49.235+0000] {logging_mixin.py:149} INFO - [2023-05-20T16:12:49.234+0000] {dag.py:2726} INFO - Sync 1 DAGs
[2023-05-20T16:12:49.272+0000] {logging_mixin.py:149} INFO - [2023-05-20T16:12:49.272+0000] {dag.py:3490} INFO - Setting next_dagrun for example_branch_operator to 2023-05-19T00:00:00+00:00, run_after=2023-05-20T00:00:00+00:00
[2023-05-20T16:12:49.303+0000] {processor.py:179} INFO - Processing /home/airflow/.local/lib/python3.7/site-packages/airflow/example_dags/example_branch_operator.py took 0.133 seconds
[2023-05-20T16:13:19.935+0000] {processor.py:157} INFO - Started process (PID=554) to work on /home/airflow/.local/lib/python3.7/site-packages/airflow/example_dags/example_branch_operator.py
[2023-05-20T16:13:19.938+0000] {processor.py:826} INFO - Processing file /home/airflow/.local/lib/python3.7/site-packages/airflow/example_dags/example_branch_operator.py for tasks to queue
[2023-05-20T16:13:19.939+0000] {logging_mixin.py:149} INFO - [2023-05-20T16:13:19.939+0000] {dagbag.py:541} INFO - Filling up the DagBag from /home/airflow/.local/lib/python3.7/site-packages/airflow/example_dags/example_branch_operator.py
[2023-05-20T16:13:19.956+0000] {processor.py:836} INFO - DAG(s) dict_keys(['example_branch_operator']) retrieved from /home/airflow/.local/lib/python3.7/site-packages/airflow/example_dags/example_branch_operator.py
[2023-05-20T16:13:20.014+0000] {logging_mixin.py:149} INFO - [2023-05-20T16:13:20.014+0000] {dag.py:2726} INFO - Sync 1 DAGs
[2023-05-20T16:13:20.048+0000] {logging_mixin.py:149} INFO - [2023-05-20T16:13:20.047+0000] {dag.py:3490} INFO - Setting next_dagrun for example_branch_operator to 2023-05-19T00:00:00+00:00, run_after=2023-05-20T00:00:00+00:00
[2023-05-20T16:13:20.072+0000] {processor.py:179} INFO - Processing /home/airflow/.local/lib/python3.7/site-packages/airflow/example_dags/example_branch_operator.py took 0.141 seconds
