[2023-05-20T15:19:48.694+0000] {processor.py:157} INFO - Started process (PID=50) to work on /home/airflow/.local/lib/python3.7/site-packages/airflow/example_dags/example_task_group.py
[2023-05-20T15:19:48.697+0000] {processor.py:826} INFO - Processing file /home/airflow/.local/lib/python3.7/site-packages/airflow/example_dags/example_task_group.py for tasks to queue
[2023-05-20T15:19:48.698+0000] {logging_mixin.py:149} INFO - [2023-05-20T15:19:48.698+0000] {dagbag.py:541} INFO - Filling up the DagBag from /home/airflow/.local/lib/python3.7/site-packages/airflow/example_dags/example_task_group.py
[2023-05-20T15:19:48.711+0000] {processor.py:836} INFO - DAG(s) dict_keys(['example_task_group']) retrieved from /home/airflow/.local/lib/python3.7/site-packages/airflow/example_dags/example_task_group.py
[2023-05-20T15:19:48.732+0000] {logging_mixin.py:149} INFO - [2023-05-20T15:19:48.732+0000] {dag.py:2726} INFO - Sync 1 DAGs
[2023-05-20T15:19:48.769+0000] {logging_mixin.py:149} INFO - [2023-05-20T15:19:48.769+0000] {dag.py:3490} INFO - Setting next_dagrun for example_task_group to 2023-05-19T15:19:48.769058+00:00, run_after=2023-05-20T15:19:48.769058+00:00
[2023-05-20T15:19:48.811+0000] {processor.py:179} INFO - Processing /home/airflow/.local/lib/python3.7/site-packages/airflow/example_dags/example_task_group.py took 0.121 seconds
[2023-05-20T15:20:20.338+0000] {processor.py:157} INFO - Started process (PID=108) to work on /home/airflow/.local/lib/python3.7/site-packages/airflow/example_dags/example_task_group.py
[2023-05-20T15:20:20.340+0000] {processor.py:826} INFO - Processing file /home/airflow/.local/lib/python3.7/site-packages/airflow/example_dags/example_task_group.py for tasks to queue
[2023-05-20T15:20:20.341+0000] {logging_mixin.py:149} INFO - [2023-05-20T15:20:20.341+0000] {dagbag.py:541} INFO - Filling up the DagBag from /home/airflow/.local/lib/python3.7/site-packages/airflow/example_dags/example_task_group.py
[2023-05-20T15:20:20.357+0000] {processor.py:836} INFO - DAG(s) dict_keys(['example_task_group']) retrieved from /home/airflow/.local/lib/python3.7/site-packages/airflow/example_dags/example_task_group.py
[2023-05-20T15:20:20.399+0000] {logging_mixin.py:149} INFO - [2023-05-20T15:20:20.399+0000] {dag.py:2726} INFO - Sync 1 DAGs
[2023-05-20T15:20:20.447+0000] {logging_mixin.py:149} INFO - [2023-05-20T15:20:20.447+0000] {dag.py:3490} INFO - Setting next_dagrun for example_task_group to 2023-05-19T15:20:20.446459+00:00, run_after=2023-05-20T15:20:20.446459+00:00
[2023-05-20T15:20:20.487+0000] {processor.py:179} INFO - Processing /home/airflow/.local/lib/python3.7/site-packages/airflow/example_dags/example_task_group.py took 0.154 seconds
[2023-05-20T15:20:50.962+0000] {processor.py:157} INFO - Started process (PID=166) to work on /home/airflow/.local/lib/python3.7/site-packages/airflow/example_dags/example_task_group.py
[2023-05-20T15:20:50.964+0000] {processor.py:826} INFO - Processing file /home/airflow/.local/lib/python3.7/site-packages/airflow/example_dags/example_task_group.py for tasks to queue
[2023-05-20T15:20:50.966+0000] {logging_mixin.py:149} INFO - [2023-05-20T15:20:50.965+0000] {dagbag.py:541} INFO - Filling up the DagBag from /home/airflow/.local/lib/python3.7/site-packages/airflow/example_dags/example_task_group.py
[2023-05-20T15:20:50.977+0000] {processor.py:836} INFO - DAG(s) dict_keys(['example_task_group']) retrieved from /home/airflow/.local/lib/python3.7/site-packages/airflow/example_dags/example_task_group.py
[2023-05-20T15:20:51.008+0000] {logging_mixin.py:149} INFO - [2023-05-20T15:20:51.008+0000] {dag.py:2726} INFO - Sync 1 DAGs
[2023-05-20T15:20:51.037+0000] {logging_mixin.py:149} INFO - [2023-05-20T15:20:51.037+0000] {dag.py:3490} INFO - Setting next_dagrun for example_task_group to 2023-05-19T15:20:51.037097+00:00, run_after=2023-05-20T15:20:51.037097+00:00
[2023-05-20T15:20:51.064+0000] {processor.py:179} INFO - Processing /home/airflow/.local/lib/python3.7/site-packages/airflow/example_dags/example_task_group.py took 0.107 seconds
[2023-05-20T15:21:21.974+0000] {processor.py:157} INFO - Started process (PID=224) to work on /home/airflow/.local/lib/python3.7/site-packages/airflow/example_dags/example_task_group.py
[2023-05-20T15:21:21.983+0000] {processor.py:826} INFO - Processing file /home/airflow/.local/lib/python3.7/site-packages/airflow/example_dags/example_task_group.py for tasks to queue
[2023-05-20T15:21:21.985+0000] {logging_mixin.py:149} INFO - [2023-05-20T15:21:21.985+0000] {dagbag.py:541} INFO - Filling up the DagBag from /home/airflow/.local/lib/python3.7/site-packages/airflow/example_dags/example_task_group.py
[2023-05-20T15:21:22.004+0000] {processor.py:836} INFO - DAG(s) dict_keys(['example_task_group']) retrieved from /home/airflow/.local/lib/python3.7/site-packages/airflow/example_dags/example_task_group.py
[2023-05-20T15:21:22.053+0000] {logging_mixin.py:149} INFO - [2023-05-20T15:21:22.052+0000] {dag.py:2726} INFO - Sync 1 DAGs
[2023-05-20T15:21:22.099+0000] {logging_mixin.py:149} INFO - [2023-05-20T15:21:22.098+0000] {dag.py:3490} INFO - Setting next_dagrun for example_task_group to 2023-05-19T15:21:22.098399+00:00, run_after=2023-05-20T15:21:22.098399+00:00
[2023-05-20T15:21:22.139+0000] {processor.py:179} INFO - Processing /home/airflow/.local/lib/python3.7/site-packages/airflow/example_dags/example_task_group.py took 0.182 seconds
[2023-05-20T15:21:52.585+0000] {processor.py:157} INFO - Started process (PID=282) to work on /home/airflow/.local/lib/python3.7/site-packages/airflow/example_dags/example_task_group.py
[2023-05-20T15:21:52.589+0000] {processor.py:826} INFO - Processing file /home/airflow/.local/lib/python3.7/site-packages/airflow/example_dags/example_task_group.py for tasks to queue
[2023-05-20T15:21:52.591+0000] {logging_mixin.py:149} INFO - [2023-05-20T15:21:52.591+0000] {dagbag.py:541} INFO - Filling up the DagBag from /home/airflow/.local/lib/python3.7/site-packages/airflow/example_dags/example_task_group.py
[2023-05-20T15:21:52.604+0000] {processor.py:836} INFO - DAG(s) dict_keys(['example_task_group']) retrieved from /home/airflow/.local/lib/python3.7/site-packages/airflow/example_dags/example_task_group.py
[2023-05-20T15:21:52.646+0000] {logging_mixin.py:149} INFO - [2023-05-20T15:21:52.646+0000] {dag.py:2726} INFO - Sync 1 DAGs
[2023-05-20T15:21:52.690+0000] {logging_mixin.py:149} INFO - [2023-05-20T15:21:52.690+0000] {dag.py:3490} INFO - Setting next_dagrun for example_task_group to 2023-05-19T15:21:52.689683+00:00, run_after=2023-05-20T15:21:52.689683+00:00
[2023-05-20T15:21:52.724+0000] {processor.py:179} INFO - Processing /home/airflow/.local/lib/python3.7/site-packages/airflow/example_dags/example_task_group.py took 0.143 seconds
[2023-05-20T15:22:23.614+0000] {processor.py:157} INFO - Started process (PID=340) to work on /home/airflow/.local/lib/python3.7/site-packages/airflow/example_dags/example_task_group.py
[2023-05-20T15:22:23.616+0000] {processor.py:826} INFO - Processing file /home/airflow/.local/lib/python3.7/site-packages/airflow/example_dags/example_task_group.py for tasks to queue
[2023-05-20T15:22:23.617+0000] {logging_mixin.py:149} INFO - [2023-05-20T15:22:23.617+0000] {dagbag.py:541} INFO - Filling up the DagBag from /home/airflow/.local/lib/python3.7/site-packages/airflow/example_dags/example_task_group.py
[2023-05-20T15:22:23.631+0000] {processor.py:836} INFO - DAG(s) dict_keys(['example_task_group']) retrieved from /home/airflow/.local/lib/python3.7/site-packages/airflow/example_dags/example_task_group.py
[2023-05-20T15:22:23.678+0000] {logging_mixin.py:149} INFO - [2023-05-20T15:22:23.678+0000] {dag.py:2726} INFO - Sync 1 DAGs
[2023-05-20T15:22:23.757+0000] {logging_mixin.py:149} INFO - [2023-05-20T15:22:23.757+0000] {dag.py:3490} INFO - Setting next_dagrun for example_task_group to 2023-05-19T15:22:23.756944+00:00, run_after=2023-05-20T15:22:23.756944+00:00
[2023-05-20T15:22:23.787+0000] {processor.py:179} INFO - Processing /home/airflow/.local/lib/python3.7/site-packages/airflow/example_dags/example_task_group.py took 0.179 seconds
[2023-05-20T15:22:54.260+0000] {processor.py:157} INFO - Started process (PID=398) to work on /home/airflow/.local/lib/python3.7/site-packages/airflow/example_dags/example_task_group.py
[2023-05-20T15:22:54.264+0000] {processor.py:826} INFO - Processing file /home/airflow/.local/lib/python3.7/site-packages/airflow/example_dags/example_task_group.py for tasks to queue
[2023-05-20T15:22:54.265+0000] {logging_mixin.py:149} INFO - [2023-05-20T15:22:54.265+0000] {dagbag.py:541} INFO - Filling up the DagBag from /home/airflow/.local/lib/python3.7/site-packages/airflow/example_dags/example_task_group.py
[2023-05-20T15:22:54.276+0000] {processor.py:836} INFO - DAG(s) dict_keys(['example_task_group']) retrieved from /home/airflow/.local/lib/python3.7/site-packages/airflow/example_dags/example_task_group.py
[2023-05-20T15:22:54.317+0000] {logging_mixin.py:149} INFO - [2023-05-20T15:22:54.317+0000] {dag.py:2726} INFO - Sync 1 DAGs
[2023-05-20T15:22:54.352+0000] {logging_mixin.py:149} INFO - [2023-05-20T15:22:54.352+0000] {dag.py:3490} INFO - Setting next_dagrun for example_task_group to 2023-05-19T15:22:54.351713+00:00, run_after=2023-05-20T15:22:54.351713+00:00
[2023-05-20T15:22:54.378+0000] {processor.py:179} INFO - Processing /home/airflow/.local/lib/python3.7/site-packages/airflow/example_dags/example_task_group.py took 0.122 seconds
[2023-05-20T15:23:24.627+0000] {processor.py:157} INFO - Started process (PID=456) to work on /home/airflow/.local/lib/python3.7/site-packages/airflow/example_dags/example_task_group.py
[2023-05-20T15:23:24.629+0000] {processor.py:826} INFO - Processing file /home/airflow/.local/lib/python3.7/site-packages/airflow/example_dags/example_task_group.py for tasks to queue
[2023-05-20T15:23:24.631+0000] {logging_mixin.py:149} INFO - [2023-05-20T15:23:24.631+0000] {dagbag.py:541} INFO - Filling up the DagBag from /home/airflow/.local/lib/python3.7/site-packages/airflow/example_dags/example_task_group.py
[2023-05-20T15:23:24.642+0000] {processor.py:836} INFO - DAG(s) dict_keys(['example_task_group']) retrieved from /home/airflow/.local/lib/python3.7/site-packages/airflow/example_dags/example_task_group.py
[2023-05-20T15:23:24.673+0000] {logging_mixin.py:149} INFO - [2023-05-20T15:23:24.673+0000] {dag.py:2726} INFO - Sync 1 DAGs
[2023-05-20T15:23:24.702+0000] {logging_mixin.py:149} INFO - [2023-05-20T15:23:24.702+0000] {dag.py:3490} INFO - Setting next_dagrun for example_task_group to 2023-05-19T15:23:24.701974+00:00, run_after=2023-05-20T15:23:24.701974+00:00
[2023-05-20T15:23:24.724+0000] {processor.py:179} INFO - Processing /home/airflow/.local/lib/python3.7/site-packages/airflow/example_dags/example_task_group.py took 0.102 seconds
[2023-05-20T15:23:55.531+0000] {processor.py:157} INFO - Started process (PID=514) to work on /home/airflow/.local/lib/python3.7/site-packages/airflow/example_dags/example_task_group.py
[2023-05-20T15:23:55.533+0000] {processor.py:826} INFO - Processing file /home/airflow/.local/lib/python3.7/site-packages/airflow/example_dags/example_task_group.py for tasks to queue
[2023-05-20T15:23:55.535+0000] {logging_mixin.py:149} INFO - [2023-05-20T15:23:55.534+0000] {dagbag.py:541} INFO - Filling up the DagBag from /home/airflow/.local/lib/python3.7/site-packages/airflow/example_dags/example_task_group.py
[2023-05-20T15:23:55.550+0000] {processor.py:836} INFO - DAG(s) dict_keys(['example_task_group']) retrieved from /home/airflow/.local/lib/python3.7/site-packages/airflow/example_dags/example_task_group.py
[2023-05-20T15:23:55.595+0000] {logging_mixin.py:149} INFO - [2023-05-20T15:23:55.595+0000] {dag.py:2726} INFO - Sync 1 DAGs
[2023-05-20T15:23:55.641+0000] {logging_mixin.py:149} INFO - [2023-05-20T15:23:55.641+0000] {dag.py:3490} INFO - Setting next_dagrun for example_task_group to 2023-05-19T15:23:55.639923+00:00, run_after=2023-05-20T15:23:55.639923+00:00
[2023-05-20T15:23:55.717+0000] {processor.py:179} INFO - Processing /home/airflow/.local/lib/python3.7/site-packages/airflow/example_dags/example_task_group.py took 0.190 seconds
[2023-05-20T15:24:26.606+0000] {processor.py:157} INFO - Started process (PID=572) to work on /home/airflow/.local/lib/python3.7/site-packages/airflow/example_dags/example_task_group.py
[2023-05-20T15:24:26.608+0000] {processor.py:826} INFO - Processing file /home/airflow/.local/lib/python3.7/site-packages/airflow/example_dags/example_task_group.py for tasks to queue
[2023-05-20T15:24:26.610+0000] {logging_mixin.py:149} INFO - [2023-05-20T15:24:26.610+0000] {dagbag.py:541} INFO - Filling up the DagBag from /home/airflow/.local/lib/python3.7/site-packages/airflow/example_dags/example_task_group.py
[2023-05-20T15:24:26.624+0000] {processor.py:836} INFO - DAG(s) dict_keys(['example_task_group']) retrieved from /home/airflow/.local/lib/python3.7/site-packages/airflow/example_dags/example_task_group.py
[2023-05-20T15:24:26.662+0000] {logging_mixin.py:149} INFO - [2023-05-20T15:24:26.662+0000] {dag.py:2726} INFO - Sync 1 DAGs
[2023-05-20T15:24:26.696+0000] {logging_mixin.py:149} INFO - [2023-05-20T15:24:26.695+0000] {dag.py:3490} INFO - Setting next_dagrun for example_task_group to 2023-05-19T15:24:26.695583+00:00, run_after=2023-05-20T15:24:26.695583+00:00
[2023-05-20T15:24:26.720+0000] {processor.py:179} INFO - Processing /home/airflow/.local/lib/python3.7/site-packages/airflow/example_dags/example_task_group.py took 0.121 seconds
[2023-05-20T15:24:57.104+0000] {processor.py:157} INFO - Started process (PID=630) to work on /home/airflow/.local/lib/python3.7/site-packages/airflow/example_dags/example_task_group.py
[2023-05-20T15:24:57.106+0000] {processor.py:826} INFO - Processing file /home/airflow/.local/lib/python3.7/site-packages/airflow/example_dags/example_task_group.py for tasks to queue
[2023-05-20T15:24:57.108+0000] {logging_mixin.py:149} INFO - [2023-05-20T15:24:57.108+0000] {dagbag.py:541} INFO - Filling up the DagBag from /home/airflow/.local/lib/python3.7/site-packages/airflow/example_dags/example_task_group.py
[2023-05-20T15:24:57.120+0000] {processor.py:836} INFO - DAG(s) dict_keys(['example_task_group']) retrieved from /home/airflow/.local/lib/python3.7/site-packages/airflow/example_dags/example_task_group.py
[2023-05-20T15:24:57.151+0000] {logging_mixin.py:149} INFO - [2023-05-20T15:24:57.151+0000] {dag.py:2726} INFO - Sync 1 DAGs
[2023-05-20T15:24:57.179+0000] {logging_mixin.py:149} INFO - [2023-05-20T15:24:57.179+0000] {dag.py:3490} INFO - Setting next_dagrun for example_task_group to 2023-05-19T15:24:57.179428+00:00, run_after=2023-05-20T15:24:57.179428+00:00
[2023-05-20T15:24:57.208+0000] {processor.py:179} INFO - Processing /home/airflow/.local/lib/python3.7/site-packages/airflow/example_dags/example_task_group.py took 0.109 seconds
[2023-05-20T15:25:27.828+0000] {processor.py:157} INFO - Started process (PID=688) to work on /home/airflow/.local/lib/python3.7/site-packages/airflow/example_dags/example_task_group.py
[2023-05-20T15:25:27.831+0000] {processor.py:826} INFO - Processing file /home/airflow/.local/lib/python3.7/site-packages/airflow/example_dags/example_task_group.py for tasks to queue
[2023-05-20T15:25:27.833+0000] {logging_mixin.py:149} INFO - [2023-05-20T15:25:27.832+0000] {dagbag.py:541} INFO - Filling up the DagBag from /home/airflow/.local/lib/python3.7/site-packages/airflow/example_dags/example_task_group.py
[2023-05-20T15:25:27.845+0000] {processor.py:836} INFO - DAG(s) dict_keys(['example_task_group']) retrieved from /home/airflow/.local/lib/python3.7/site-packages/airflow/example_dags/example_task_group.py
[2023-05-20T15:25:27.881+0000] {logging_mixin.py:149} INFO - [2023-05-20T15:25:27.880+0000] {dag.py:2726} INFO - Sync 1 DAGs
[2023-05-20T15:25:27.911+0000] {logging_mixin.py:149} INFO - [2023-05-20T15:25:27.911+0000] {dag.py:3490} INFO - Setting next_dagrun for example_task_group to 2023-05-19T15:25:27.910894+00:00, run_after=2023-05-20T15:25:27.910894+00:00
[2023-05-20T15:25:27.976+0000] {processor.py:179} INFO - Processing /home/airflow/.local/lib/python3.7/site-packages/airflow/example_dags/example_task_group.py took 0.152 seconds
[2023-05-20T15:25:58.308+0000] {processor.py:157} INFO - Started process (PID=746) to work on /home/airflow/.local/lib/python3.7/site-packages/airflow/example_dags/example_task_group.py
[2023-05-20T15:25:58.311+0000] {processor.py:826} INFO - Processing file /home/airflow/.local/lib/python3.7/site-packages/airflow/example_dags/example_task_group.py for tasks to queue
[2023-05-20T15:25:58.315+0000] {logging_mixin.py:149} INFO - [2023-05-20T15:25:58.315+0000] {dagbag.py:541} INFO - Filling up the DagBag from /home/airflow/.local/lib/python3.7/site-packages/airflow/example_dags/example_task_group.py
[2023-05-20T15:25:58.338+0000] {processor.py:836} INFO - DAG(s) dict_keys(['example_task_group']) retrieved from /home/airflow/.local/lib/python3.7/site-packages/airflow/example_dags/example_task_group.py
[2023-05-20T15:25:58.382+0000] {logging_mixin.py:149} INFO - [2023-05-20T15:25:58.382+0000] {dag.py:2726} INFO - Sync 1 DAGs
[2023-05-20T15:25:58.421+0000] {logging_mixin.py:149} INFO - [2023-05-20T15:25:58.420+0000] {dag.py:3490} INFO - Setting next_dagrun for example_task_group to 2023-05-19T15:25:58.420577+00:00, run_after=2023-05-20T15:25:58.420577+00:00
[2023-05-20T15:25:58.453+0000] {processor.py:179} INFO - Processing /home/airflow/.local/lib/python3.7/site-packages/airflow/example_dags/example_task_group.py took 0.149 seconds
[2023-05-20T15:26:28.607+0000] {processor.py:157} INFO - Started process (PID=804) to work on /home/airflow/.local/lib/python3.7/site-packages/airflow/example_dags/example_task_group.py
[2023-05-20T15:26:28.609+0000] {processor.py:826} INFO - Processing file /home/airflow/.local/lib/python3.7/site-packages/airflow/example_dags/example_task_group.py for tasks to queue
[2023-05-20T15:26:28.611+0000] {logging_mixin.py:149} INFO - [2023-05-20T15:26:28.610+0000] {dagbag.py:541} INFO - Filling up the DagBag from /home/airflow/.local/lib/python3.7/site-packages/airflow/example_dags/example_task_group.py
[2023-05-20T15:26:28.623+0000] {processor.py:836} INFO - DAG(s) dict_keys(['example_task_group']) retrieved from /home/airflow/.local/lib/python3.7/site-packages/airflow/example_dags/example_task_group.py
[2023-05-20T15:26:28.656+0000] {logging_mixin.py:149} INFO - [2023-05-20T15:26:28.655+0000] {dag.py:2726} INFO - Sync 1 DAGs
[2023-05-20T15:26:28.686+0000] {logging_mixin.py:149} INFO - [2023-05-20T15:26:28.686+0000] {dag.py:3490} INFO - Setting next_dagrun for example_task_group to 2023-05-19T15:26:28.686026+00:00, run_after=2023-05-20T15:26:28.686026+00:00
[2023-05-20T15:26:28.712+0000] {processor.py:179} INFO - Processing /home/airflow/.local/lib/python3.7/site-packages/airflow/example_dags/example_task_group.py took 0.110 seconds
[2023-05-20T15:26:58.998+0000] {processor.py:157} INFO - Started process (PID=862) to work on /home/airflow/.local/lib/python3.7/site-packages/airflow/example_dags/example_task_group.py
[2023-05-20T15:26:59.000+0000] {processor.py:826} INFO - Processing file /home/airflow/.local/lib/python3.7/site-packages/airflow/example_dags/example_task_group.py for tasks to queue
[2023-05-20T15:26:59.001+0000] {logging_mixin.py:149} INFO - [2023-05-20T15:26:59.001+0000] {dagbag.py:541} INFO - Filling up the DagBag from /home/airflow/.local/lib/python3.7/site-packages/airflow/example_dags/example_task_group.py
[2023-05-20T15:26:59.017+0000] {processor.py:836} INFO - DAG(s) dict_keys(['example_task_group']) retrieved from /home/airflow/.local/lib/python3.7/site-packages/airflow/example_dags/example_task_group.py
[2023-05-20T15:26:59.086+0000] {logging_mixin.py:149} INFO - [2023-05-20T15:26:59.085+0000] {dag.py:2726} INFO - Sync 1 DAGs
[2023-05-20T15:26:59.129+0000] {logging_mixin.py:149} INFO - [2023-05-20T15:26:59.128+0000] {dag.py:3490} INFO - Setting next_dagrun for example_task_group to 2023-05-19T15:26:59.128548+00:00, run_after=2023-05-20T15:26:59.128548+00:00
[2023-05-20T15:26:59.162+0000] {processor.py:179} INFO - Processing /home/airflow/.local/lib/python3.7/site-packages/airflow/example_dags/example_task_group.py took 0.170 seconds
[2023-05-20T15:27:29.719+0000] {processor.py:157} INFO - Started process (PID=920) to work on /home/airflow/.local/lib/python3.7/site-packages/airflow/example_dags/example_task_group.py
[2023-05-20T15:27:29.722+0000] {processor.py:826} INFO - Processing file /home/airflow/.local/lib/python3.7/site-packages/airflow/example_dags/example_task_group.py for tasks to queue
[2023-05-20T15:27:29.725+0000] {logging_mixin.py:149} INFO - [2023-05-20T15:27:29.724+0000] {dagbag.py:541} INFO - Filling up the DagBag from /home/airflow/.local/lib/python3.7/site-packages/airflow/example_dags/example_task_group.py
[2023-05-20T15:27:29.737+0000] {processor.py:836} INFO - DAG(s) dict_keys(['example_task_group']) retrieved from /home/airflow/.local/lib/python3.7/site-packages/airflow/example_dags/example_task_group.py
[2023-05-20T15:27:29.777+0000] {logging_mixin.py:149} INFO - [2023-05-20T15:27:29.777+0000] {dag.py:2726} INFO - Sync 1 DAGs
[2023-05-20T15:27:29.813+0000] {logging_mixin.py:149} INFO - [2023-05-20T15:27:29.813+0000] {dag.py:3490} INFO - Setting next_dagrun for example_task_group to 2023-05-19T15:27:29.812916+00:00, run_after=2023-05-20T15:27:29.812916+00:00
[2023-05-20T15:27:29.841+0000] {processor.py:179} INFO - Processing /home/airflow/.local/lib/python3.7/site-packages/airflow/example_dags/example_task_group.py took 0.127 seconds
[2023-05-20T15:27:59.944+0000] {processor.py:157} INFO - Started process (PID=978) to work on /home/airflow/.local/lib/python3.7/site-packages/airflow/example_dags/example_task_group.py
[2023-05-20T15:27:59.947+0000] {processor.py:826} INFO - Processing file /home/airflow/.local/lib/python3.7/site-packages/airflow/example_dags/example_task_group.py for tasks to queue
[2023-05-20T15:27:59.949+0000] {logging_mixin.py:149} INFO - [2023-05-20T15:27:59.948+0000] {dagbag.py:541} INFO - Filling up the DagBag from /home/airflow/.local/lib/python3.7/site-packages/airflow/example_dags/example_task_group.py
[2023-05-20T15:27:59.964+0000] {processor.py:836} INFO - DAG(s) dict_keys(['example_task_group']) retrieved from /home/airflow/.local/lib/python3.7/site-packages/airflow/example_dags/example_task_group.py
[2023-05-20T15:28:00.011+0000] {logging_mixin.py:149} INFO - [2023-05-20T15:28:00.011+0000] {dag.py:2726} INFO - Sync 1 DAGs
[2023-05-20T15:28:00.057+0000] {logging_mixin.py:149} INFO - [2023-05-20T15:28:00.057+0000] {dag.py:3490} INFO - Setting next_dagrun for example_task_group to 2023-05-19T15:28:00.056987+00:00, run_after=2023-05-20T15:28:00.056987+00:00
[2023-05-20T15:28:00.108+0000] {processor.py:179} INFO - Processing /home/airflow/.local/lib/python3.7/site-packages/airflow/example_dags/example_task_group.py took 0.172 seconds
[2023-05-20T15:28:30.203+0000] {processor.py:157} INFO - Started process (PID=1036) to work on /home/airflow/.local/lib/python3.7/site-packages/airflow/example_dags/example_task_group.py
[2023-05-20T15:28:30.204+0000] {processor.py:826} INFO - Processing file /home/airflow/.local/lib/python3.7/site-packages/airflow/example_dags/example_task_group.py for tasks to queue
[2023-05-20T15:28:30.206+0000] {logging_mixin.py:149} INFO - [2023-05-20T15:28:30.206+0000] {dagbag.py:541} INFO - Filling up the DagBag from /home/airflow/.local/lib/python3.7/site-packages/airflow/example_dags/example_task_group.py
[2023-05-20T15:28:30.219+0000] {processor.py:836} INFO - DAG(s) dict_keys(['example_task_group']) retrieved from /home/airflow/.local/lib/python3.7/site-packages/airflow/example_dags/example_task_group.py
[2023-05-20T15:28:30.254+0000] {logging_mixin.py:149} INFO - [2023-05-20T15:28:30.254+0000] {dag.py:2726} INFO - Sync 1 DAGs
[2023-05-20T15:28:30.286+0000] {logging_mixin.py:149} INFO - [2023-05-20T15:28:30.286+0000] {dag.py:3490} INFO - Setting next_dagrun for example_task_group to 2023-05-19T15:28:30.286287+00:00, run_after=2023-05-20T15:28:30.286287+00:00
[2023-05-20T15:28:30.310+0000] {processor.py:179} INFO - Processing /home/airflow/.local/lib/python3.7/site-packages/airflow/example_dags/example_task_group.py took 0.112 seconds
[2023-05-20T15:29:00.645+0000] {processor.py:157} INFO - Started process (PID=1094) to work on /home/airflow/.local/lib/python3.7/site-packages/airflow/example_dags/example_task_group.py
[2023-05-20T15:29:00.648+0000] {processor.py:826} INFO - Processing file /home/airflow/.local/lib/python3.7/site-packages/airflow/example_dags/example_task_group.py for tasks to queue
[2023-05-20T15:29:00.650+0000] {logging_mixin.py:149} INFO - [2023-05-20T15:29:00.650+0000] {dagbag.py:541} INFO - Filling up the DagBag from /home/airflow/.local/lib/python3.7/site-packages/airflow/example_dags/example_task_group.py
[2023-05-20T15:29:00.663+0000] {processor.py:836} INFO - DAG(s) dict_keys(['example_task_group']) retrieved from /home/airflow/.local/lib/python3.7/site-packages/airflow/example_dags/example_task_group.py
[2023-05-20T15:29:00.701+0000] {logging_mixin.py:149} INFO - [2023-05-20T15:29:00.700+0000] {dag.py:2726} INFO - Sync 1 DAGs
[2023-05-20T15:29:00.737+0000] {logging_mixin.py:149} INFO - [2023-05-20T15:29:00.736+0000] {dag.py:3490} INFO - Setting next_dagrun for example_task_group to 2023-05-19T15:29:00.736429+00:00, run_after=2023-05-20T15:29:00.736429+00:00
[2023-05-20T15:29:00.770+0000] {processor.py:179} INFO - Processing /home/airflow/.local/lib/python3.7/site-packages/airflow/example_dags/example_task_group.py took 0.129 seconds
[2023-05-20T15:29:30.964+0000] {processor.py:157} INFO - Started process (PID=1152) to work on /home/airflow/.local/lib/python3.7/site-packages/airflow/example_dags/example_task_group.py
[2023-05-20T15:29:30.966+0000] {processor.py:826} INFO - Processing file /home/airflow/.local/lib/python3.7/site-packages/airflow/example_dags/example_task_group.py for tasks to queue
[2023-05-20T15:29:30.968+0000] {logging_mixin.py:149} INFO - [2023-05-20T15:29:30.967+0000] {dagbag.py:541} INFO - Filling up the DagBag from /home/airflow/.local/lib/python3.7/site-packages/airflow/example_dags/example_task_group.py
[2023-05-20T15:29:30.980+0000] {processor.py:836} INFO - DAG(s) dict_keys(['example_task_group']) retrieved from /home/airflow/.local/lib/python3.7/site-packages/airflow/example_dags/example_task_group.py
[2023-05-20T15:29:31.020+0000] {logging_mixin.py:149} INFO - [2023-05-20T15:29:31.019+0000] {dag.py:2726} INFO - Sync 1 DAGs
[2023-05-20T15:29:31.055+0000] {logging_mixin.py:149} INFO - [2023-05-20T15:29:31.055+0000] {dag.py:3490} INFO - Setting next_dagrun for example_task_group to 2023-05-19T15:29:31.055052+00:00, run_after=2023-05-20T15:29:31.055052+00:00
[2023-05-20T15:29:31.084+0000] {processor.py:179} INFO - Processing /home/airflow/.local/lib/python3.7/site-packages/airflow/example_dags/example_task_group.py took 0.126 seconds
[2023-05-20T15:30:01.138+0000] {processor.py:157} INFO - Started process (PID=1210) to work on /home/airflow/.local/lib/python3.7/site-packages/airflow/example_dags/example_task_group.py
[2023-05-20T15:30:01.140+0000] {processor.py:826} INFO - Processing file /home/airflow/.local/lib/python3.7/site-packages/airflow/example_dags/example_task_group.py for tasks to queue
[2023-05-20T15:30:01.142+0000] {logging_mixin.py:149} INFO - [2023-05-20T15:30:01.142+0000] {dagbag.py:541} INFO - Filling up the DagBag from /home/airflow/.local/lib/python3.7/site-packages/airflow/example_dags/example_task_group.py
[2023-05-20T15:30:01.156+0000] {processor.py:836} INFO - DAG(s) dict_keys(['example_task_group']) retrieved from /home/airflow/.local/lib/python3.7/site-packages/airflow/example_dags/example_task_group.py
[2023-05-20T15:30:01.194+0000] {logging_mixin.py:149} INFO - [2023-05-20T15:30:01.194+0000] {dag.py:2726} INFO - Sync 1 DAGs
[2023-05-20T15:30:01.228+0000] {logging_mixin.py:149} INFO - [2023-05-20T15:30:01.228+0000] {dag.py:3490} INFO - Setting next_dagrun for example_task_group to 2023-05-19T15:30:01.227795+00:00, run_after=2023-05-20T15:30:01.227795+00:00
[2023-05-20T15:30:01.260+0000] {processor.py:179} INFO - Processing /home/airflow/.local/lib/python3.7/site-packages/airflow/example_dags/example_task_group.py took 0.126 seconds
[2023-05-20T15:30:31.316+0000] {processor.py:157} INFO - Started process (PID=1268) to work on /home/airflow/.local/lib/python3.7/site-packages/airflow/example_dags/example_task_group.py
[2023-05-20T15:30:31.318+0000] {processor.py:826} INFO - Processing file /home/airflow/.local/lib/python3.7/site-packages/airflow/example_dags/example_task_group.py for tasks to queue
[2023-05-20T15:30:31.320+0000] {logging_mixin.py:149} INFO - [2023-05-20T15:30:31.319+0000] {dagbag.py:541} INFO - Filling up the DagBag from /home/airflow/.local/lib/python3.7/site-packages/airflow/example_dags/example_task_group.py
[2023-05-20T15:30:31.330+0000] {processor.py:836} INFO - DAG(s) dict_keys(['example_task_group']) retrieved from /home/airflow/.local/lib/python3.7/site-packages/airflow/example_dags/example_task_group.py
[2023-05-20T15:30:31.361+0000] {logging_mixin.py:149} INFO - [2023-05-20T15:30:31.361+0000] {dag.py:2726} INFO - Sync 1 DAGs
[2023-05-20T15:30:31.388+0000] {logging_mixin.py:149} INFO - [2023-05-20T15:30:31.388+0000] {dag.py:3490} INFO - Setting next_dagrun for example_task_group to 2023-05-19T15:30:31.387881+00:00, run_after=2023-05-20T15:30:31.387881+00:00
[2023-05-20T15:30:31.409+0000] {processor.py:179} INFO - Processing /home/airflow/.local/lib/python3.7/site-packages/airflow/example_dags/example_task_group.py took 0.098 seconds
[2023-05-20T15:31:01.803+0000] {processor.py:157} INFO - Started process (PID=1326) to work on /home/airflow/.local/lib/python3.7/site-packages/airflow/example_dags/example_task_group.py
[2023-05-20T15:31:01.806+0000] {processor.py:826} INFO - Processing file /home/airflow/.local/lib/python3.7/site-packages/airflow/example_dags/example_task_group.py for tasks to queue
[2023-05-20T15:31:01.807+0000] {logging_mixin.py:149} INFO - [2023-05-20T15:31:01.807+0000] {dagbag.py:541} INFO - Filling up the DagBag from /home/airflow/.local/lib/python3.7/site-packages/airflow/example_dags/example_task_group.py
[2023-05-20T15:31:01.822+0000] {processor.py:836} INFO - DAG(s) dict_keys(['example_task_group']) retrieved from /home/airflow/.local/lib/python3.7/site-packages/airflow/example_dags/example_task_group.py
[2023-05-20T15:31:01.863+0000] {logging_mixin.py:149} INFO - [2023-05-20T15:31:01.863+0000] {dag.py:2726} INFO - Sync 1 DAGs
[2023-05-20T15:31:01.905+0000] {logging_mixin.py:149} INFO - [2023-05-20T15:31:01.905+0000] {dag.py:3490} INFO - Setting next_dagrun for example_task_group to 2023-05-19T15:31:01.904985+00:00, run_after=2023-05-20T15:31:01.904985+00:00
[2023-05-20T15:31:01.938+0000] {processor.py:179} INFO - Processing /home/airflow/.local/lib/python3.7/site-packages/airflow/example_dags/example_task_group.py took 0.140 seconds
[2023-05-20T15:31:32.297+0000] {processor.py:157} INFO - Started process (PID=1384) to work on /home/airflow/.local/lib/python3.7/site-packages/airflow/example_dags/example_task_group.py
[2023-05-20T15:31:32.299+0000] {processor.py:826} INFO - Processing file /home/airflow/.local/lib/python3.7/site-packages/airflow/example_dags/example_task_group.py for tasks to queue
[2023-05-20T15:31:32.301+0000] {logging_mixin.py:149} INFO - [2023-05-20T15:31:32.301+0000] {dagbag.py:541} INFO - Filling up the DagBag from /home/airflow/.local/lib/python3.7/site-packages/airflow/example_dags/example_task_group.py
[2023-05-20T15:31:32.315+0000] {processor.py:836} INFO - DAG(s) dict_keys(['example_task_group']) retrieved from /home/airflow/.local/lib/python3.7/site-packages/airflow/example_dags/example_task_group.py
[2023-05-20T15:31:32.352+0000] {logging_mixin.py:149} INFO - [2023-05-20T15:31:32.352+0000] {dag.py:2726} INFO - Sync 1 DAGs
[2023-05-20T15:31:32.394+0000] {logging_mixin.py:149} INFO - [2023-05-20T15:31:32.394+0000] {dag.py:3490} INFO - Setting next_dagrun for example_task_group to 2023-05-19T15:31:32.393793+00:00, run_after=2023-05-20T15:31:32.393793+00:00
[2023-05-20T15:31:32.422+0000] {processor.py:179} INFO - Processing /home/airflow/.local/lib/python3.7/site-packages/airflow/example_dags/example_task_group.py took 0.131 seconds
[2023-05-20T15:32:03.326+0000] {processor.py:157} INFO - Started process (PID=1442) to work on /home/airflow/.local/lib/python3.7/site-packages/airflow/example_dags/example_task_group.py
[2023-05-20T15:32:03.328+0000] {processor.py:826} INFO - Processing file /home/airflow/.local/lib/python3.7/site-packages/airflow/example_dags/example_task_group.py for tasks to queue
[2023-05-20T15:32:03.330+0000] {logging_mixin.py:149} INFO - [2023-05-20T15:32:03.330+0000] {dagbag.py:541} INFO - Filling up the DagBag from /home/airflow/.local/lib/python3.7/site-packages/airflow/example_dags/example_task_group.py
[2023-05-20T15:32:03.344+0000] {processor.py:836} INFO - DAG(s) dict_keys(['example_task_group']) retrieved from /home/airflow/.local/lib/python3.7/site-packages/airflow/example_dags/example_task_group.py
[2023-05-20T15:32:03.379+0000] {logging_mixin.py:149} INFO - [2023-05-20T15:32:03.379+0000] {dag.py:2726} INFO - Sync 1 DAGs
[2023-05-20T15:32:03.417+0000] {logging_mixin.py:149} INFO - [2023-05-20T15:32:03.417+0000] {dag.py:3490} INFO - Setting next_dagrun for example_task_group to 2023-05-19T15:32:03.416874+00:00, run_after=2023-05-20T15:32:03.416874+00:00
[2023-05-20T15:32:03.445+0000] {processor.py:179} INFO - Processing /home/airflow/.local/lib/python3.7/site-packages/airflow/example_dags/example_task_group.py took 0.125 seconds
[2023-05-20T15:32:33.909+0000] {processor.py:157} INFO - Started process (PID=1500) to work on /home/airflow/.local/lib/python3.7/site-packages/airflow/example_dags/example_task_group.py
[2023-05-20T15:32:33.914+0000] {processor.py:826} INFO - Processing file /home/airflow/.local/lib/python3.7/site-packages/airflow/example_dags/example_task_group.py for tasks to queue
[2023-05-20T15:32:33.916+0000] {logging_mixin.py:149} INFO - [2023-05-20T15:32:33.916+0000] {dagbag.py:541} INFO - Filling up the DagBag from /home/airflow/.local/lib/python3.7/site-packages/airflow/example_dags/example_task_group.py
[2023-05-20T15:32:33.929+0000] {processor.py:836} INFO - DAG(s) dict_keys(['example_task_group']) retrieved from /home/airflow/.local/lib/python3.7/site-packages/airflow/example_dags/example_task_group.py
[2023-05-20T15:32:33.963+0000] {logging_mixin.py:149} INFO - [2023-05-20T15:32:33.963+0000] {dag.py:2726} INFO - Sync 1 DAGs
[2023-05-20T15:32:33.997+0000] {logging_mixin.py:149} INFO - [2023-05-20T15:32:33.997+0000] {dag.py:3490} INFO - Setting next_dagrun for example_task_group to 2023-05-19T15:32:33.996913+00:00, run_after=2023-05-20T15:32:33.996913+00:00
[2023-05-20T15:32:34.026+0000] {processor.py:179} INFO - Processing /home/airflow/.local/lib/python3.7/site-packages/airflow/example_dags/example_task_group.py took 0.122 seconds
[2023-05-20T15:33:04.232+0000] {processor.py:157} INFO - Started process (PID=1558) to work on /home/airflow/.local/lib/python3.7/site-packages/airflow/example_dags/example_task_group.py
[2023-05-20T15:33:04.234+0000] {processor.py:826} INFO - Processing file /home/airflow/.local/lib/python3.7/site-packages/airflow/example_dags/example_task_group.py for tasks to queue
[2023-05-20T15:33:04.236+0000] {logging_mixin.py:149} INFO - [2023-05-20T15:33:04.236+0000] {dagbag.py:541} INFO - Filling up the DagBag from /home/airflow/.local/lib/python3.7/site-packages/airflow/example_dags/example_task_group.py
[2023-05-20T15:33:04.249+0000] {processor.py:836} INFO - DAG(s) dict_keys(['example_task_group']) retrieved from /home/airflow/.local/lib/python3.7/site-packages/airflow/example_dags/example_task_group.py
[2023-05-20T15:33:04.283+0000] {logging_mixin.py:149} INFO - [2023-05-20T15:33:04.283+0000] {dag.py:2726} INFO - Sync 1 DAGs
[2023-05-20T15:33:04.320+0000] {logging_mixin.py:149} INFO - [2023-05-20T15:33:04.320+0000] {dag.py:3490} INFO - Setting next_dagrun for example_task_group to 2023-05-19T15:33:04.319845+00:00, run_after=2023-05-20T15:33:04.319845+00:00
[2023-05-20T15:33:04.349+0000] {processor.py:179} INFO - Processing /home/airflow/.local/lib/python3.7/site-packages/airflow/example_dags/example_task_group.py took 0.122 seconds
[2023-05-20T15:33:34.694+0000] {processor.py:157} INFO - Started process (PID=1616) to work on /home/airflow/.local/lib/python3.7/site-packages/airflow/example_dags/example_task_group.py
[2023-05-20T15:33:34.697+0000] {processor.py:826} INFO - Processing file /home/airflow/.local/lib/python3.7/site-packages/airflow/example_dags/example_task_group.py for tasks to queue
[2023-05-20T15:33:34.699+0000] {logging_mixin.py:149} INFO - [2023-05-20T15:33:34.699+0000] {dagbag.py:541} INFO - Filling up the DagBag from /home/airflow/.local/lib/python3.7/site-packages/airflow/example_dags/example_task_group.py
[2023-05-20T15:33:34.714+0000] {processor.py:836} INFO - DAG(s) dict_keys(['example_task_group']) retrieved from /home/airflow/.local/lib/python3.7/site-packages/airflow/example_dags/example_task_group.py
[2023-05-20T15:33:34.754+0000] {logging_mixin.py:149} INFO - [2023-05-20T15:33:34.754+0000] {dag.py:2726} INFO - Sync 1 DAGs
[2023-05-20T15:33:34.798+0000] {logging_mixin.py:149} INFO - [2023-05-20T15:33:34.798+0000] {dag.py:3490} INFO - Setting next_dagrun for example_task_group to 2023-05-19T15:33:34.797687+00:00, run_after=2023-05-20T15:33:34.797687+00:00
[2023-05-20T15:33:34.828+0000] {processor.py:179} INFO - Processing /home/airflow/.local/lib/python3.7/site-packages/airflow/example_dags/example_task_group.py took 0.141 seconds
[2023-05-20T15:34:05.250+0000] {processor.py:157} INFO - Started process (PID=1674) to work on /home/airflow/.local/lib/python3.7/site-packages/airflow/example_dags/example_task_group.py
[2023-05-20T15:34:05.252+0000] {processor.py:826} INFO - Processing file /home/airflow/.local/lib/python3.7/site-packages/airflow/example_dags/example_task_group.py for tasks to queue
[2023-05-20T15:34:05.253+0000] {logging_mixin.py:149} INFO - [2023-05-20T15:34:05.253+0000] {dagbag.py:541} INFO - Filling up the DagBag from /home/airflow/.local/lib/python3.7/site-packages/airflow/example_dags/example_task_group.py
[2023-05-20T15:34:05.269+0000] {processor.py:836} INFO - DAG(s) dict_keys(['example_task_group']) retrieved from /home/airflow/.local/lib/python3.7/site-packages/airflow/example_dags/example_task_group.py
[2023-05-20T15:34:05.302+0000] {logging_mixin.py:149} INFO - [2023-05-20T15:34:05.301+0000] {dag.py:2726} INFO - Sync 1 DAGs
[2023-05-20T15:34:05.331+0000] {logging_mixin.py:149} INFO - [2023-05-20T15:34:05.331+0000] {dag.py:3490} INFO - Setting next_dagrun for example_task_group to 2023-05-19T15:34:05.330952+00:00, run_after=2023-05-20T15:34:05.330952+00:00
[2023-05-20T15:34:05.360+0000] {processor.py:179} INFO - Processing /home/airflow/.local/lib/python3.7/site-packages/airflow/example_dags/example_task_group.py took 0.115 seconds
[2023-05-20T15:34:35.554+0000] {processor.py:157} INFO - Started process (PID=1733) to work on /home/airflow/.local/lib/python3.7/site-packages/airflow/example_dags/example_task_group.py
[2023-05-20T15:34:35.556+0000] {processor.py:826} INFO - Processing file /home/airflow/.local/lib/python3.7/site-packages/airflow/example_dags/example_task_group.py for tasks to queue
[2023-05-20T15:34:35.557+0000] {logging_mixin.py:149} INFO - [2023-05-20T15:34:35.557+0000] {dagbag.py:541} INFO - Filling up the DagBag from /home/airflow/.local/lib/python3.7/site-packages/airflow/example_dags/example_task_group.py
[2023-05-20T15:34:35.571+0000] {processor.py:836} INFO - DAG(s) dict_keys(['example_task_group']) retrieved from /home/airflow/.local/lib/python3.7/site-packages/airflow/example_dags/example_task_group.py
[2023-05-20T15:34:35.608+0000] {logging_mixin.py:149} INFO - [2023-05-20T15:34:35.608+0000] {dag.py:2726} INFO - Sync 1 DAGs
[2023-05-20T15:34:35.646+0000] {logging_mixin.py:149} INFO - [2023-05-20T15:34:35.646+0000] {dag.py:3490} INFO - Setting next_dagrun for example_task_group to 2023-05-19T15:34:35.645801+00:00, run_after=2023-05-20T15:34:35.645801+00:00
[2023-05-20T15:34:35.676+0000] {processor.py:179} INFO - Processing /home/airflow/.local/lib/python3.7/site-packages/airflow/example_dags/example_task_group.py took 0.128 seconds
[2023-05-20T15:35:06.013+0000] {processor.py:157} INFO - Started process (PID=1790) to work on /home/airflow/.local/lib/python3.7/site-packages/airflow/example_dags/example_task_group.py
[2023-05-20T15:35:06.034+0000] {processor.py:826} INFO - Processing file /home/airflow/.local/lib/python3.7/site-packages/airflow/example_dags/example_task_group.py for tasks to queue
[2023-05-20T15:35:06.036+0000] {logging_mixin.py:149} INFO - [2023-05-20T15:35:06.036+0000] {dagbag.py:541} INFO - Filling up the DagBag from /home/airflow/.local/lib/python3.7/site-packages/airflow/example_dags/example_task_group.py
[2023-05-20T15:35:06.048+0000] {processor.py:836} INFO - DAG(s) dict_keys(['example_task_group']) retrieved from /home/airflow/.local/lib/python3.7/site-packages/airflow/example_dags/example_task_group.py
[2023-05-20T15:35:06.081+0000] {logging_mixin.py:149} INFO - [2023-05-20T15:35:06.080+0000] {dag.py:2726} INFO - Sync 1 DAGs
[2023-05-20T15:35:06.112+0000] {logging_mixin.py:149} INFO - [2023-05-20T15:35:06.112+0000] {dag.py:3490} INFO - Setting next_dagrun for example_task_group to 2023-05-19T15:35:06.111934+00:00, run_after=2023-05-20T15:35:06.111934+00:00
[2023-05-20T15:35:06.142+0000] {processor.py:179} INFO - Processing /home/airflow/.local/lib/python3.7/site-packages/airflow/example_dags/example_task_group.py took 0.135 seconds
[2023-05-20T15:35:36.584+0000] {processor.py:157} INFO - Started process (PID=1848) to work on /home/airflow/.local/lib/python3.7/site-packages/airflow/example_dags/example_task_group.py
[2023-05-20T15:35:36.586+0000] {processor.py:826} INFO - Processing file /home/airflow/.local/lib/python3.7/site-packages/airflow/example_dags/example_task_group.py for tasks to queue
[2023-05-20T15:35:36.587+0000] {logging_mixin.py:149} INFO - [2023-05-20T15:35:36.587+0000] {dagbag.py:541} INFO - Filling up the DagBag from /home/airflow/.local/lib/python3.7/site-packages/airflow/example_dags/example_task_group.py
[2023-05-20T15:35:36.598+0000] {processor.py:836} INFO - DAG(s) dict_keys(['example_task_group']) retrieved from /home/airflow/.local/lib/python3.7/site-packages/airflow/example_dags/example_task_group.py
[2023-05-20T15:35:36.631+0000] {logging_mixin.py:149} INFO - [2023-05-20T15:35:36.631+0000] {dag.py:2726} INFO - Sync 1 DAGs
[2023-05-20T15:35:36.665+0000] {logging_mixin.py:149} INFO - [2023-05-20T15:35:36.664+0000] {dag.py:3490} INFO - Setting next_dagrun for example_task_group to 2023-05-19T15:35:36.664564+00:00, run_after=2023-05-20T15:35:36.664564+00:00
[2023-05-20T15:35:36.694+0000] {processor.py:179} INFO - Processing /home/airflow/.local/lib/python3.7/site-packages/airflow/example_dags/example_task_group.py took 0.115 seconds
[2023-05-20T15:36:07.275+0000] {processor.py:157} INFO - Started process (PID=1906) to work on /home/airflow/.local/lib/python3.7/site-packages/airflow/example_dags/example_task_group.py
[2023-05-20T15:36:07.276+0000] {processor.py:826} INFO - Processing file /home/airflow/.local/lib/python3.7/site-packages/airflow/example_dags/example_task_group.py for tasks to queue
[2023-05-20T15:36:07.278+0000] {logging_mixin.py:149} INFO - [2023-05-20T15:36:07.277+0000] {dagbag.py:541} INFO - Filling up the DagBag from /home/airflow/.local/lib/python3.7/site-packages/airflow/example_dags/example_task_group.py
[2023-05-20T15:36:07.288+0000] {processor.py:836} INFO - DAG(s) dict_keys(['example_task_group']) retrieved from /home/airflow/.local/lib/python3.7/site-packages/airflow/example_dags/example_task_group.py
[2023-05-20T15:36:07.321+0000] {logging_mixin.py:149} INFO - [2023-05-20T15:36:07.321+0000] {dag.py:2726} INFO - Sync 1 DAGs
[2023-05-20T15:36:07.357+0000] {logging_mixin.py:149} INFO - [2023-05-20T15:36:07.357+0000] {dag.py:3490} INFO - Setting next_dagrun for example_task_group to 2023-05-19T15:36:07.355254+00:00, run_after=2023-05-20T15:36:07.355254+00:00
[2023-05-20T15:36:07.384+0000] {processor.py:179} INFO - Processing /home/airflow/.local/lib/python3.7/site-packages/airflow/example_dags/example_task_group.py took 0.114 seconds
[2023-05-20T15:36:37.599+0000] {processor.py:157} INFO - Started process (PID=1966) to work on /home/airflow/.local/lib/python3.7/site-packages/airflow/example_dags/example_task_group.py
[2023-05-20T15:36:37.601+0000] {processor.py:826} INFO - Processing file /home/airflow/.local/lib/python3.7/site-packages/airflow/example_dags/example_task_group.py for tasks to queue
[2023-05-20T15:36:37.602+0000] {logging_mixin.py:149} INFO - [2023-05-20T15:36:37.602+0000] {dagbag.py:541} INFO - Filling up the DagBag from /home/airflow/.local/lib/python3.7/site-packages/airflow/example_dags/example_task_group.py
[2023-05-20T15:36:37.614+0000] {processor.py:836} INFO - DAG(s) dict_keys(['example_task_group']) retrieved from /home/airflow/.local/lib/python3.7/site-packages/airflow/example_dags/example_task_group.py
[2023-05-20T15:36:37.652+0000] {logging_mixin.py:149} INFO - [2023-05-20T15:36:37.652+0000] {dag.py:2726} INFO - Sync 1 DAGs
[2023-05-20T15:36:37.680+0000] {logging_mixin.py:149} INFO - [2023-05-20T15:36:37.680+0000] {dag.py:3490} INFO - Setting next_dagrun for example_task_group to 2023-05-19T15:36:37.679892+00:00, run_after=2023-05-20T15:36:37.679892+00:00
[2023-05-20T15:36:37.704+0000] {processor.py:179} INFO - Processing /home/airflow/.local/lib/python3.7/site-packages/airflow/example_dags/example_task_group.py took 0.109 seconds
[2023-05-20T15:37:07.909+0000] {processor.py:157} INFO - Started process (PID=2030) to work on /home/airflow/.local/lib/python3.7/site-packages/airflow/example_dags/example_task_group.py
[2023-05-20T15:37:07.911+0000] {processor.py:826} INFO - Processing file /home/airflow/.local/lib/python3.7/site-packages/airflow/example_dags/example_task_group.py for tasks to queue
[2023-05-20T15:37:07.912+0000] {logging_mixin.py:149} INFO - [2023-05-20T15:37:07.912+0000] {dagbag.py:541} INFO - Filling up the DagBag from /home/airflow/.local/lib/python3.7/site-packages/airflow/example_dags/example_task_group.py
[2023-05-20T15:37:07.923+0000] {processor.py:836} INFO - DAG(s) dict_keys(['example_task_group']) retrieved from /home/airflow/.local/lib/python3.7/site-packages/airflow/example_dags/example_task_group.py
[2023-05-20T15:37:07.953+0000] {logging_mixin.py:149} INFO - [2023-05-20T15:37:07.953+0000] {dag.py:2726} INFO - Sync 1 DAGs
[2023-05-20T15:37:07.982+0000] {logging_mixin.py:149} INFO - [2023-05-20T15:37:07.982+0000] {dag.py:3490} INFO - Setting next_dagrun for example_task_group to 2023-05-19T15:37:07.982053+00:00, run_after=2023-05-20T15:37:07.982053+00:00
[2023-05-20T15:37:08.008+0000] {processor.py:179} INFO - Processing /home/airflow/.local/lib/python3.7/site-packages/airflow/example_dags/example_task_group.py took 0.103 seconds
[2023-05-20T15:37:38.743+0000] {processor.py:157} INFO - Started process (PID=2088) to work on /home/airflow/.local/lib/python3.7/site-packages/airflow/example_dags/example_task_group.py
[2023-05-20T15:37:38.745+0000] {processor.py:826} INFO - Processing file /home/airflow/.local/lib/python3.7/site-packages/airflow/example_dags/example_task_group.py for tasks to queue
[2023-05-20T15:37:38.747+0000] {logging_mixin.py:149} INFO - [2023-05-20T15:37:38.747+0000] {dagbag.py:541} INFO - Filling up the DagBag from /home/airflow/.local/lib/python3.7/site-packages/airflow/example_dags/example_task_group.py
[2023-05-20T15:37:38.762+0000] {processor.py:836} INFO - DAG(s) dict_keys(['example_task_group']) retrieved from /home/airflow/.local/lib/python3.7/site-packages/airflow/example_dags/example_task_group.py
[2023-05-20T15:37:38.810+0000] {logging_mixin.py:149} INFO - [2023-05-20T15:37:38.810+0000] {dag.py:2726} INFO - Sync 1 DAGs
[2023-05-20T15:37:38.854+0000] {logging_mixin.py:149} INFO - [2023-05-20T15:37:38.854+0000] {dag.py:3490} INFO - Setting next_dagrun for example_task_group to 2023-05-19T15:37:38.853943+00:00, run_after=2023-05-20T15:37:38.853943+00:00
[2023-05-20T15:37:38.886+0000] {processor.py:179} INFO - Processing /home/airflow/.local/lib/python3.7/site-packages/airflow/example_dags/example_task_group.py took 0.149 seconds
[2023-05-20T15:38:09.276+0000] {processor.py:157} INFO - Started process (PID=2146) to work on /home/airflow/.local/lib/python3.7/site-packages/airflow/example_dags/example_task_group.py
[2023-05-20T15:38:09.295+0000] {processor.py:826} INFO - Processing file /home/airflow/.local/lib/python3.7/site-packages/airflow/example_dags/example_task_group.py for tasks to queue
[2023-05-20T15:38:09.298+0000] {logging_mixin.py:149} INFO - [2023-05-20T15:38:09.298+0000] {dagbag.py:541} INFO - Filling up the DagBag from /home/airflow/.local/lib/python3.7/site-packages/airflow/example_dags/example_task_group.py
[2023-05-20T15:38:09.315+0000] {processor.py:836} INFO - DAG(s) dict_keys(['example_task_group']) retrieved from /home/airflow/.local/lib/python3.7/site-packages/airflow/example_dags/example_task_group.py
[2023-05-20T15:38:09.368+0000] {logging_mixin.py:149} INFO - [2023-05-20T15:38:09.368+0000] {dag.py:2726} INFO - Sync 1 DAGs
[2023-05-20T15:38:09.409+0000] {logging_mixin.py:149} INFO - [2023-05-20T15:38:09.408+0000] {dag.py:3490} INFO - Setting next_dagrun for example_task_group to 2023-05-19T15:38:09.408482+00:00, run_after=2023-05-20T15:38:09.408482+00:00
[2023-05-20T15:38:09.444+0000] {processor.py:179} INFO - Processing /home/airflow/.local/lib/python3.7/site-packages/airflow/example_dags/example_task_group.py took 0.172 seconds
[2023-05-20T15:38:39.861+0000] {processor.py:157} INFO - Started process (PID=2204) to work on /home/airflow/.local/lib/python3.7/site-packages/airflow/example_dags/example_task_group.py
[2023-05-20T15:38:39.863+0000] {processor.py:826} INFO - Processing file /home/airflow/.local/lib/python3.7/site-packages/airflow/example_dags/example_task_group.py for tasks to queue
[2023-05-20T15:38:39.865+0000] {logging_mixin.py:149} INFO - [2023-05-20T15:38:39.864+0000] {dagbag.py:541} INFO - Filling up the DagBag from /home/airflow/.local/lib/python3.7/site-packages/airflow/example_dags/example_task_group.py
[2023-05-20T15:38:39.879+0000] {processor.py:836} INFO - DAG(s) dict_keys(['example_task_group']) retrieved from /home/airflow/.local/lib/python3.7/site-packages/airflow/example_dags/example_task_group.py
[2023-05-20T15:38:39.938+0000] {logging_mixin.py:149} INFO - [2023-05-20T15:38:39.937+0000] {dag.py:2726} INFO - Sync 1 DAGs
[2023-05-20T15:38:39.981+0000] {logging_mixin.py:149} INFO - [2023-05-20T15:38:39.980+0000] {dag.py:3490} INFO - Setting next_dagrun for example_task_group to 2023-05-19T15:38:39.980673+00:00, run_after=2023-05-20T15:38:39.980673+00:00
[2023-05-20T15:38:40.019+0000] {processor.py:179} INFO - Processing /home/airflow/.local/lib/python3.7/site-packages/airflow/example_dags/example_task_group.py took 0.164 seconds
[2023-05-20T15:39:10.057+0000] {processor.py:157} INFO - Started process (PID=2262) to work on /home/airflow/.local/lib/python3.7/site-packages/airflow/example_dags/example_task_group.py
[2023-05-20T15:39:10.073+0000] {processor.py:826} INFO - Processing file /home/airflow/.local/lib/python3.7/site-packages/airflow/example_dags/example_task_group.py for tasks to queue
[2023-05-20T15:39:10.075+0000] {logging_mixin.py:149} INFO - [2023-05-20T15:39:10.075+0000] {dagbag.py:541} INFO - Filling up the DagBag from /home/airflow/.local/lib/python3.7/site-packages/airflow/example_dags/example_task_group.py
[2023-05-20T15:39:10.089+0000] {processor.py:836} INFO - DAG(s) dict_keys(['example_task_group']) retrieved from /home/airflow/.local/lib/python3.7/site-packages/airflow/example_dags/example_task_group.py
[2023-05-20T15:39:10.128+0000] {logging_mixin.py:149} INFO - [2023-05-20T15:39:10.128+0000] {dag.py:2726} INFO - Sync 1 DAGs
[2023-05-20T15:39:10.166+0000] {logging_mixin.py:149} INFO - [2023-05-20T15:39:10.166+0000] {dag.py:3490} INFO - Setting next_dagrun for example_task_group to 2023-05-19T15:39:10.165720+00:00, run_after=2023-05-20T15:39:10.165720+00:00
[2023-05-20T15:39:10.197+0000] {processor.py:179} INFO - Processing /home/airflow/.local/lib/python3.7/site-packages/airflow/example_dags/example_task_group.py took 0.145 seconds
[2023-05-20T15:39:41.078+0000] {processor.py:157} INFO - Started process (PID=2320) to work on /home/airflow/.local/lib/python3.7/site-packages/airflow/example_dags/example_task_group.py
[2023-05-20T15:39:41.099+0000] {processor.py:826} INFO - Processing file /home/airflow/.local/lib/python3.7/site-packages/airflow/example_dags/example_task_group.py for tasks to queue
[2023-05-20T15:39:41.100+0000] {logging_mixin.py:149} INFO - [2023-05-20T15:39:41.100+0000] {dagbag.py:541} INFO - Filling up the DagBag from /home/airflow/.local/lib/python3.7/site-packages/airflow/example_dags/example_task_group.py
[2023-05-20T15:39:41.112+0000] {processor.py:836} INFO - DAG(s) dict_keys(['example_task_group']) retrieved from /home/airflow/.local/lib/python3.7/site-packages/airflow/example_dags/example_task_group.py
[2023-05-20T15:39:41.146+0000] {logging_mixin.py:149} INFO - [2023-05-20T15:39:41.146+0000] {dag.py:2726} INFO - Sync 1 DAGs
[2023-05-20T15:39:41.179+0000] {logging_mixin.py:149} INFO - [2023-05-20T15:39:41.179+0000] {dag.py:3490} INFO - Setting next_dagrun for example_task_group to 2023-05-19T15:39:41.179021+00:00, run_after=2023-05-20T15:39:41.179021+00:00
[2023-05-20T15:39:41.211+0000] {processor.py:179} INFO - Processing /home/airflow/.local/lib/python3.7/site-packages/airflow/example_dags/example_task_group.py took 0.137 seconds
[2023-05-20T15:40:11.915+0000] {processor.py:157} INFO - Started process (PID=2378) to work on /home/airflow/.local/lib/python3.7/site-packages/airflow/example_dags/example_task_group.py
[2023-05-20T15:40:11.925+0000] {processor.py:826} INFO - Processing file /home/airflow/.local/lib/python3.7/site-packages/airflow/example_dags/example_task_group.py for tasks to queue
[2023-05-20T15:40:11.927+0000] {logging_mixin.py:149} INFO - [2023-05-20T15:40:11.926+0000] {dagbag.py:541} INFO - Filling up the DagBag from /home/airflow/.local/lib/python3.7/site-packages/airflow/example_dags/example_task_group.py
[2023-05-20T15:40:11.938+0000] {processor.py:836} INFO - DAG(s) dict_keys(['example_task_group']) retrieved from /home/airflow/.local/lib/python3.7/site-packages/airflow/example_dags/example_task_group.py
[2023-05-20T15:40:11.970+0000] {logging_mixin.py:149} INFO - [2023-05-20T15:40:11.970+0000] {dag.py:2726} INFO - Sync 1 DAGs
[2023-05-20T15:40:12.000+0000] {logging_mixin.py:149} INFO - [2023-05-20T15:40:12.000+0000] {dag.py:3490} INFO - Setting next_dagrun for example_task_group to 2023-05-19T15:40:12.000523+00:00, run_after=2023-05-20T15:40:12.000523+00:00
[2023-05-20T15:40:12.026+0000] {processor.py:179} INFO - Processing /home/airflow/.local/lib/python3.7/site-packages/airflow/example_dags/example_task_group.py took 0.116 seconds
[2023-05-20T15:40:42.226+0000] {processor.py:157} INFO - Started process (PID=2436) to work on /home/airflow/.local/lib/python3.7/site-packages/airflow/example_dags/example_task_group.py
[2023-05-20T15:40:42.228+0000] {processor.py:826} INFO - Processing file /home/airflow/.local/lib/python3.7/site-packages/airflow/example_dags/example_task_group.py for tasks to queue
[2023-05-20T15:40:42.230+0000] {logging_mixin.py:149} INFO - [2023-05-20T15:40:42.230+0000] {dagbag.py:541} INFO - Filling up the DagBag from /home/airflow/.local/lib/python3.7/site-packages/airflow/example_dags/example_task_group.py
[2023-05-20T15:40:42.243+0000] {processor.py:836} INFO - DAG(s) dict_keys(['example_task_group']) retrieved from /home/airflow/.local/lib/python3.7/site-packages/airflow/example_dags/example_task_group.py
[2023-05-20T15:40:42.282+0000] {logging_mixin.py:149} INFO - [2023-05-20T15:40:42.281+0000] {dag.py:2726} INFO - Sync 1 DAGs
[2023-05-20T15:40:42.317+0000] {logging_mixin.py:149} INFO - [2023-05-20T15:40:42.317+0000] {dag.py:3490} INFO - Setting next_dagrun for example_task_group to 2023-05-19T15:40:42.316902+00:00, run_after=2023-05-20T15:40:42.316902+00:00
[2023-05-20T15:40:42.351+0000] {processor.py:179} INFO - Processing /home/airflow/.local/lib/python3.7/site-packages/airflow/example_dags/example_task_group.py took 0.131 seconds
[2023-05-20T15:41:12.582+0000] {processor.py:157} INFO - Started process (PID=2494) to work on /home/airflow/.local/lib/python3.7/site-packages/airflow/example_dags/example_task_group.py
[2023-05-20T15:41:12.583+0000] {processor.py:826} INFO - Processing file /home/airflow/.local/lib/python3.7/site-packages/airflow/example_dags/example_task_group.py for tasks to queue
[2023-05-20T15:41:12.585+0000] {logging_mixin.py:149} INFO - [2023-05-20T15:41:12.585+0000] {dagbag.py:541} INFO - Filling up the DagBag from /home/airflow/.local/lib/python3.7/site-packages/airflow/example_dags/example_task_group.py
[2023-05-20T15:41:12.595+0000] {processor.py:836} INFO - DAG(s) dict_keys(['example_task_group']) retrieved from /home/airflow/.local/lib/python3.7/site-packages/airflow/example_dags/example_task_group.py
[2023-05-20T15:41:12.630+0000] {logging_mixin.py:149} INFO - [2023-05-20T15:41:12.630+0000] {dag.py:2726} INFO - Sync 1 DAGs
[2023-05-20T15:41:12.666+0000] {logging_mixin.py:149} INFO - [2023-05-20T15:41:12.666+0000] {dag.py:3490} INFO - Setting next_dagrun for example_task_group to 2023-05-19T15:41:12.666019+00:00, run_after=2023-05-20T15:41:12.666019+00:00
[2023-05-20T15:41:12.690+0000] {processor.py:179} INFO - Processing /home/airflow/.local/lib/python3.7/site-packages/airflow/example_dags/example_task_group.py took 0.112 seconds
[2023-05-20T15:41:42.999+0000] {processor.py:157} INFO - Started process (PID=2552) to work on /home/airflow/.local/lib/python3.7/site-packages/airflow/example_dags/example_task_group.py
[2023-05-20T15:41:43.026+0000] {processor.py:826} INFO - Processing file /home/airflow/.local/lib/python3.7/site-packages/airflow/example_dags/example_task_group.py for tasks to queue
[2023-05-20T15:41:43.047+0000] {logging_mixin.py:149} INFO - [2023-05-20T15:41:43.047+0000] {dagbag.py:541} INFO - Filling up the DagBag from /home/airflow/.local/lib/python3.7/site-packages/airflow/example_dags/example_task_group.py
[2023-05-20T15:41:43.076+0000] {processor.py:836} INFO - DAG(s) dict_keys(['example_task_group']) retrieved from /home/airflow/.local/lib/python3.7/site-packages/airflow/example_dags/example_task_group.py
[2023-05-20T15:41:43.146+0000] {logging_mixin.py:149} INFO - [2023-05-20T15:41:43.146+0000] {dag.py:2726} INFO - Sync 1 DAGs
[2023-05-20T15:41:43.198+0000] {logging_mixin.py:149} INFO - [2023-05-20T15:41:43.198+0000] {dag.py:3490} INFO - Setting next_dagrun for example_task_group to 2023-05-19T15:41:43.198228+00:00, run_after=2023-05-20T15:41:43.198228+00:00
[2023-05-20T15:41:43.223+0000] {processor.py:179} INFO - Processing /home/airflow/.local/lib/python3.7/site-packages/airflow/example_dags/example_task_group.py took 0.229 seconds
[2023-05-20T15:42:13.286+0000] {processor.py:157} INFO - Started process (PID=2610) to work on /home/airflow/.local/lib/python3.7/site-packages/airflow/example_dags/example_task_group.py
[2023-05-20T15:42:13.288+0000] {processor.py:826} INFO - Processing file /home/airflow/.local/lib/python3.7/site-packages/airflow/example_dags/example_task_group.py for tasks to queue
[2023-05-20T15:42:13.289+0000] {logging_mixin.py:149} INFO - [2023-05-20T15:42:13.289+0000] {dagbag.py:541} INFO - Filling up the DagBag from /home/airflow/.local/lib/python3.7/site-packages/airflow/example_dags/example_task_group.py
[2023-05-20T15:42:13.301+0000] {processor.py:836} INFO - DAG(s) dict_keys(['example_task_group']) retrieved from /home/airflow/.local/lib/python3.7/site-packages/airflow/example_dags/example_task_group.py
[2023-05-20T15:42:13.333+0000] {logging_mixin.py:149} INFO - [2023-05-20T15:42:13.332+0000] {dag.py:2726} INFO - Sync 1 DAGs
[2023-05-20T15:42:13.361+0000] {logging_mixin.py:149} INFO - [2023-05-20T15:42:13.361+0000] {dag.py:3490} INFO - Setting next_dagrun for example_task_group to 2023-05-19T15:42:13.361054+00:00, run_after=2023-05-20T15:42:13.361054+00:00
[2023-05-20T15:42:13.386+0000] {processor.py:179} INFO - Processing /home/airflow/.local/lib/python3.7/site-packages/airflow/example_dags/example_task_group.py took 0.104 seconds
[2023-05-20T15:42:43.975+0000] {processor.py:157} INFO - Started process (PID=2668) to work on /home/airflow/.local/lib/python3.7/site-packages/airflow/example_dags/example_task_group.py
[2023-05-20T15:42:43.977+0000] {processor.py:826} INFO - Processing file /home/airflow/.local/lib/python3.7/site-packages/airflow/example_dags/example_task_group.py for tasks to queue
[2023-05-20T15:42:43.978+0000] {logging_mixin.py:149} INFO - [2023-05-20T15:42:43.978+0000] {dagbag.py:541} INFO - Filling up the DagBag from /home/airflow/.local/lib/python3.7/site-packages/airflow/example_dags/example_task_group.py
[2023-05-20T15:42:43.989+0000] {processor.py:836} INFO - DAG(s) dict_keys(['example_task_group']) retrieved from /home/airflow/.local/lib/python3.7/site-packages/airflow/example_dags/example_task_group.py
[2023-05-20T15:42:44.022+0000] {logging_mixin.py:149} INFO - [2023-05-20T15:42:44.022+0000] {dag.py:2726} INFO - Sync 1 DAGs
[2023-05-20T15:42:44.051+0000] {logging_mixin.py:149} INFO - [2023-05-20T15:42:44.051+0000] {dag.py:3490} INFO - Setting next_dagrun for example_task_group to 2023-05-19T15:42:44.050869+00:00, run_after=2023-05-20T15:42:44.050869+00:00
[2023-05-20T15:42:44.073+0000] {processor.py:179} INFO - Processing /home/airflow/.local/lib/python3.7/site-packages/airflow/example_dags/example_task_group.py took 0.102 seconds
[2023-05-20T15:43:14.129+0000] {processor.py:157} INFO - Started process (PID=2726) to work on /home/airflow/.local/lib/python3.7/site-packages/airflow/example_dags/example_task_group.py
[2023-05-20T15:43:14.131+0000] {processor.py:826} INFO - Processing file /home/airflow/.local/lib/python3.7/site-packages/airflow/example_dags/example_task_group.py for tasks to queue
[2023-05-20T15:43:14.132+0000] {logging_mixin.py:149} INFO - [2023-05-20T15:43:14.132+0000] {dagbag.py:541} INFO - Filling up the DagBag from /home/airflow/.local/lib/python3.7/site-packages/airflow/example_dags/example_task_group.py
[2023-05-20T15:43:14.142+0000] {processor.py:836} INFO - DAG(s) dict_keys(['example_task_group']) retrieved from /home/airflow/.local/lib/python3.7/site-packages/airflow/example_dags/example_task_group.py
[2023-05-20T15:43:14.172+0000] {logging_mixin.py:149} INFO - [2023-05-20T15:43:14.172+0000] {dag.py:2726} INFO - Sync 1 DAGs
[2023-05-20T15:43:14.199+0000] {logging_mixin.py:149} INFO - [2023-05-20T15:43:14.199+0000] {dag.py:3490} INFO - Setting next_dagrun for example_task_group to 2023-05-19T15:43:14.199454+00:00, run_after=2023-05-20T15:43:14.199454+00:00
[2023-05-20T15:43:14.222+0000] {processor.py:179} INFO - Processing /home/airflow/.local/lib/python3.7/site-packages/airflow/example_dags/example_task_group.py took 0.097 seconds
[2023-05-20T15:43:44.488+0000] {processor.py:157} INFO - Started process (PID=2784) to work on /home/airflow/.local/lib/python3.7/site-packages/airflow/example_dags/example_task_group.py
[2023-05-20T15:43:44.490+0000] {processor.py:826} INFO - Processing file /home/airflow/.local/lib/python3.7/site-packages/airflow/example_dags/example_task_group.py for tasks to queue
[2023-05-20T15:43:44.491+0000] {logging_mixin.py:149} INFO - [2023-05-20T15:43:44.491+0000] {dagbag.py:541} INFO - Filling up the DagBag from /home/airflow/.local/lib/python3.7/site-packages/airflow/example_dags/example_task_group.py
[2023-05-20T15:43:44.501+0000] {processor.py:836} INFO - DAG(s) dict_keys(['example_task_group']) retrieved from /home/airflow/.local/lib/python3.7/site-packages/airflow/example_dags/example_task_group.py
[2023-05-20T15:43:44.531+0000] {logging_mixin.py:149} INFO - [2023-05-20T15:43:44.531+0000] {dag.py:2726} INFO - Sync 1 DAGs
[2023-05-20T15:43:44.559+0000] {logging_mixin.py:149} INFO - [2023-05-20T15:43:44.559+0000] {dag.py:3490} INFO - Setting next_dagrun for example_task_group to 2023-05-19T15:43:44.558943+00:00, run_after=2023-05-20T15:43:44.558943+00:00
[2023-05-20T15:43:44.583+0000] {processor.py:179} INFO - Processing /home/airflow/.local/lib/python3.7/site-packages/airflow/example_dags/example_task_group.py took 0.099 seconds
[2023-05-20T15:44:14.781+0000] {processor.py:157} INFO - Started process (PID=2842) to work on /home/airflow/.local/lib/python3.7/site-packages/airflow/example_dags/example_task_group.py
[2023-05-20T15:44:14.783+0000] {processor.py:826} INFO - Processing file /home/airflow/.local/lib/python3.7/site-packages/airflow/example_dags/example_task_group.py for tasks to queue
[2023-05-20T15:44:14.784+0000] {logging_mixin.py:149} INFO - [2023-05-20T15:44:14.784+0000] {dagbag.py:541} INFO - Filling up the DagBag from /home/airflow/.local/lib/python3.7/site-packages/airflow/example_dags/example_task_group.py
[2023-05-20T15:44:14.796+0000] {processor.py:836} INFO - DAG(s) dict_keys(['example_task_group']) retrieved from /home/airflow/.local/lib/python3.7/site-packages/airflow/example_dags/example_task_group.py
[2023-05-20T15:44:14.833+0000] {logging_mixin.py:149} INFO - [2023-05-20T15:44:14.832+0000] {dag.py:2726} INFO - Sync 1 DAGs
[2023-05-20T15:44:14.861+0000] {logging_mixin.py:149} INFO - [2023-05-20T15:44:14.861+0000] {dag.py:3490} INFO - Setting next_dagrun for example_task_group to 2023-05-19T15:44:14.861393+00:00, run_after=2023-05-20T15:44:14.861393+00:00
[2023-05-20T15:44:14.886+0000] {processor.py:179} INFO - Processing /home/airflow/.local/lib/python3.7/site-packages/airflow/example_dags/example_task_group.py took 0.109 seconds
[2023-05-20T15:44:45.086+0000] {processor.py:157} INFO - Started process (PID=2900) to work on /home/airflow/.local/lib/python3.7/site-packages/airflow/example_dags/example_task_group.py
[2023-05-20T15:44:45.088+0000] {processor.py:826} INFO - Processing file /home/airflow/.local/lib/python3.7/site-packages/airflow/example_dags/example_task_group.py for tasks to queue
[2023-05-20T15:44:45.089+0000] {logging_mixin.py:149} INFO - [2023-05-20T15:44:45.089+0000] {dagbag.py:541} INFO - Filling up the DagBag from /home/airflow/.local/lib/python3.7/site-packages/airflow/example_dags/example_task_group.py
[2023-05-20T15:44:45.100+0000] {processor.py:836} INFO - DAG(s) dict_keys(['example_task_group']) retrieved from /home/airflow/.local/lib/python3.7/site-packages/airflow/example_dags/example_task_group.py
[2023-05-20T15:44:45.132+0000] {logging_mixin.py:149} INFO - [2023-05-20T15:44:45.132+0000] {dag.py:2726} INFO - Sync 1 DAGs
[2023-05-20T15:44:45.160+0000] {logging_mixin.py:149} INFO - [2023-05-20T15:44:45.160+0000] {dag.py:3490} INFO - Setting next_dagrun for example_task_group to 2023-05-19T15:44:45.159951+00:00, run_after=2023-05-20T15:44:45.159951+00:00
[2023-05-20T15:44:45.183+0000] {processor.py:179} INFO - Processing /home/airflow/.local/lib/python3.7/site-packages/airflow/example_dags/example_task_group.py took 0.100 seconds
[2023-05-20T15:45:16.141+0000] {processor.py:157} INFO - Started process (PID=2958) to work on /home/airflow/.local/lib/python3.7/site-packages/airflow/example_dags/example_task_group.py
[2023-05-20T15:45:16.143+0000] {processor.py:826} INFO - Processing file /home/airflow/.local/lib/python3.7/site-packages/airflow/example_dags/example_task_group.py for tasks to queue
[2023-05-20T15:45:16.145+0000] {logging_mixin.py:149} INFO - [2023-05-20T15:45:16.145+0000] {dagbag.py:541} INFO - Filling up the DagBag from /home/airflow/.local/lib/python3.7/site-packages/airflow/example_dags/example_task_group.py
[2023-05-20T15:45:16.163+0000] {processor.py:836} INFO - DAG(s) dict_keys(['example_task_group']) retrieved from /home/airflow/.local/lib/python3.7/site-packages/airflow/example_dags/example_task_group.py
[2023-05-20T15:45:16.208+0000] {logging_mixin.py:149} INFO - [2023-05-20T15:45:16.208+0000] {dag.py:2726} INFO - Sync 1 DAGs
[2023-05-20T15:45:16.249+0000] {logging_mixin.py:149} INFO - [2023-05-20T15:45:16.249+0000] {dag.py:3490} INFO - Setting next_dagrun for example_task_group to 2023-05-19T15:45:16.248578+00:00, run_after=2023-05-20T15:45:16.248578+00:00
[2023-05-20T15:45:16.283+0000] {processor.py:179} INFO - Processing /home/airflow/.local/lib/python3.7/site-packages/airflow/example_dags/example_task_group.py took 0.148 seconds
[2023-05-20T15:45:47.017+0000] {processor.py:157} INFO - Started process (PID=3016) to work on /home/airflow/.local/lib/python3.7/site-packages/airflow/example_dags/example_task_group.py
[2023-05-20T15:45:47.019+0000] {processor.py:826} INFO - Processing file /home/airflow/.local/lib/python3.7/site-packages/airflow/example_dags/example_task_group.py for tasks to queue
[2023-05-20T15:45:47.021+0000] {logging_mixin.py:149} INFO - [2023-05-20T15:45:47.021+0000] {dagbag.py:541} INFO - Filling up the DagBag from /home/airflow/.local/lib/python3.7/site-packages/airflow/example_dags/example_task_group.py
[2023-05-20T15:45:47.034+0000] {processor.py:836} INFO - DAG(s) dict_keys(['example_task_group']) retrieved from /home/airflow/.local/lib/python3.7/site-packages/airflow/example_dags/example_task_group.py
[2023-05-20T15:45:47.071+0000] {logging_mixin.py:149} INFO - [2023-05-20T15:45:47.070+0000] {dag.py:2726} INFO - Sync 1 DAGs
[2023-05-20T15:45:47.105+0000] {logging_mixin.py:149} INFO - [2023-05-20T15:45:47.105+0000] {dag.py:3490} INFO - Setting next_dagrun for example_task_group to 2023-05-19T15:45:47.104916+00:00, run_after=2023-05-20T15:45:47.104916+00:00
[2023-05-20T15:45:47.146+0000] {processor.py:179} INFO - Processing /home/airflow/.local/lib/python3.7/site-packages/airflow/example_dags/example_task_group.py took 0.136 seconds
[2023-05-20T15:46:17.339+0000] {processor.py:157} INFO - Started process (PID=3074) to work on /home/airflow/.local/lib/python3.7/site-packages/airflow/example_dags/example_task_group.py
[2023-05-20T15:46:17.341+0000] {processor.py:826} INFO - Processing file /home/airflow/.local/lib/python3.7/site-packages/airflow/example_dags/example_task_group.py for tasks to queue
[2023-05-20T15:46:17.343+0000] {logging_mixin.py:149} INFO - [2023-05-20T15:46:17.343+0000] {dagbag.py:541} INFO - Filling up the DagBag from /home/airflow/.local/lib/python3.7/site-packages/airflow/example_dags/example_task_group.py
[2023-05-20T15:46:17.355+0000] {processor.py:836} INFO - DAG(s) dict_keys(['example_task_group']) retrieved from /home/airflow/.local/lib/python3.7/site-packages/airflow/example_dags/example_task_group.py
[2023-05-20T15:46:17.393+0000] {logging_mixin.py:149} INFO - [2023-05-20T15:46:17.393+0000] {dag.py:2726} INFO - Sync 1 DAGs
[2023-05-20T15:46:17.427+0000] {logging_mixin.py:149} INFO - [2023-05-20T15:46:17.427+0000] {dag.py:3490} INFO - Setting next_dagrun for example_task_group to 2023-05-19T15:46:17.427021+00:00, run_after=2023-05-20T15:46:17.427021+00:00
[2023-05-20T15:46:17.459+0000] {processor.py:179} INFO - Processing /home/airflow/.local/lib/python3.7/site-packages/airflow/example_dags/example_task_group.py took 0.125 seconds
[2023-05-20T15:46:47.603+0000] {processor.py:157} INFO - Started process (PID=3132) to work on /home/airflow/.local/lib/python3.7/site-packages/airflow/example_dags/example_task_group.py
[2023-05-20T15:46:47.605+0000] {processor.py:826} INFO - Processing file /home/airflow/.local/lib/python3.7/site-packages/airflow/example_dags/example_task_group.py for tasks to queue
[2023-05-20T15:46:47.607+0000] {logging_mixin.py:149} INFO - [2023-05-20T15:46:47.607+0000] {dagbag.py:541} INFO - Filling up the DagBag from /home/airflow/.local/lib/python3.7/site-packages/airflow/example_dags/example_task_group.py
[2023-05-20T15:46:47.622+0000] {processor.py:836} INFO - DAG(s) dict_keys(['example_task_group']) retrieved from /home/airflow/.local/lib/python3.7/site-packages/airflow/example_dags/example_task_group.py
[2023-05-20T15:46:47.673+0000] {logging_mixin.py:149} INFO - [2023-05-20T15:46:47.673+0000] {dag.py:2726} INFO - Sync 1 DAGs
[2023-05-20T15:46:47.720+0000] {logging_mixin.py:149} INFO - [2023-05-20T15:46:47.720+0000] {dag.py:3490} INFO - Setting next_dagrun for example_task_group to 2023-05-19T15:46:47.720116+00:00, run_after=2023-05-20T15:46:47.720116+00:00
[2023-05-20T15:46:47.774+0000] {processor.py:179} INFO - Processing /home/airflow/.local/lib/python3.7/site-packages/airflow/example_dags/example_task_group.py took 0.177 seconds
[2023-05-20T15:47:18.140+0000] {processor.py:157} INFO - Started process (PID=3190) to work on /home/airflow/.local/lib/python3.7/site-packages/airflow/example_dags/example_task_group.py
[2023-05-20T15:47:18.142+0000] {processor.py:826} INFO - Processing file /home/airflow/.local/lib/python3.7/site-packages/airflow/example_dags/example_task_group.py for tasks to queue
[2023-05-20T15:47:18.144+0000] {logging_mixin.py:149} INFO - [2023-05-20T15:47:18.144+0000] {dagbag.py:541} INFO - Filling up the DagBag from /home/airflow/.local/lib/python3.7/site-packages/airflow/example_dags/example_task_group.py
[2023-05-20T15:47:18.160+0000] {processor.py:836} INFO - DAG(s) dict_keys(['example_task_group']) retrieved from /home/airflow/.local/lib/python3.7/site-packages/airflow/example_dags/example_task_group.py
[2023-05-20T15:47:18.206+0000] {logging_mixin.py:149} INFO - [2023-05-20T15:47:18.206+0000] {dag.py:2726} INFO - Sync 1 DAGs
[2023-05-20T15:47:18.250+0000] {logging_mixin.py:149} INFO - [2023-05-20T15:47:18.250+0000] {dag.py:3490} INFO - Setting next_dagrun for example_task_group to 2023-05-19T15:47:18.250003+00:00, run_after=2023-05-20T15:47:18.250003+00:00
[2023-05-20T15:47:18.285+0000] {processor.py:179} INFO - Processing /home/airflow/.local/lib/python3.7/site-packages/airflow/example_dags/example_task_group.py took 0.151 seconds
[2023-05-20T15:47:48.536+0000] {processor.py:157} INFO - Started process (PID=3241) to work on /home/airflow/.local/lib/python3.7/site-packages/airflow/example_dags/example_task_group.py
[2023-05-20T15:47:48.539+0000] {processor.py:826} INFO - Processing file /home/airflow/.local/lib/python3.7/site-packages/airflow/example_dags/example_task_group.py for tasks to queue
[2023-05-20T15:47:48.541+0000] {logging_mixin.py:149} INFO - [2023-05-20T15:47:48.541+0000] {dagbag.py:541} INFO - Filling up the DagBag from /home/airflow/.local/lib/python3.7/site-packages/airflow/example_dags/example_task_group.py
[2023-05-20T15:47:48.556+0000] {processor.py:836} INFO - DAG(s) dict_keys(['example_task_group']) retrieved from /home/airflow/.local/lib/python3.7/site-packages/airflow/example_dags/example_task_group.py
[2023-05-20T15:47:48.596+0000] {logging_mixin.py:149} INFO - [2023-05-20T15:47:48.596+0000] {dag.py:2726} INFO - Sync 1 DAGs
[2023-05-20T15:47:48.647+0000] {logging_mixin.py:149} INFO - [2023-05-20T15:47:48.646+0000] {dag.py:3490} INFO - Setting next_dagrun for example_task_group to 2023-05-19T15:47:48.646527+00:00, run_after=2023-05-20T15:47:48.646527+00:00
[2023-05-20T15:47:48.730+0000] {processor.py:179} INFO - Processing /home/airflow/.local/lib/python3.7/site-packages/airflow/example_dags/example_task_group.py took 0.199 seconds
[2023-05-20T15:48:19.655+0000] {processor.py:157} INFO - Started process (PID=3300) to work on /home/airflow/.local/lib/python3.7/site-packages/airflow/example_dags/example_task_group.py
[2023-05-20T15:48:19.658+0000] {processor.py:826} INFO - Processing file /home/airflow/.local/lib/python3.7/site-packages/airflow/example_dags/example_task_group.py for tasks to queue
[2023-05-20T15:48:19.661+0000] {logging_mixin.py:149} INFO - [2023-05-20T15:48:19.660+0000] {dagbag.py:541} INFO - Filling up the DagBag from /home/airflow/.local/lib/python3.7/site-packages/airflow/example_dags/example_task_group.py
[2023-05-20T15:48:19.676+0000] {processor.py:836} INFO - DAG(s) dict_keys(['example_task_group']) retrieved from /home/airflow/.local/lib/python3.7/site-packages/airflow/example_dags/example_task_group.py
[2023-05-20T15:48:19.735+0000] {logging_mixin.py:149} INFO - [2023-05-20T15:48:19.734+0000] {dag.py:2726} INFO - Sync 1 DAGs
[2023-05-20T15:48:19.790+0000] {logging_mixin.py:149} INFO - [2023-05-20T15:48:19.790+0000] {dag.py:3490} INFO - Setting next_dagrun for example_task_group to 2023-05-19T15:48:19.790257+00:00, run_after=2023-05-20T15:48:19.790257+00:00
[2023-05-20T15:48:19.832+0000] {processor.py:179} INFO - Processing /home/airflow/.local/lib/python3.7/site-packages/airflow/example_dags/example_task_group.py took 0.184 seconds
[2023-05-20T15:48:50.247+0000] {processor.py:157} INFO - Started process (PID=3358) to work on /home/airflow/.local/lib/python3.7/site-packages/airflow/example_dags/example_task_group.py
[2023-05-20T15:48:50.250+0000] {processor.py:826} INFO - Processing file /home/airflow/.local/lib/python3.7/site-packages/airflow/example_dags/example_task_group.py for tasks to queue
[2023-05-20T15:48:50.253+0000] {logging_mixin.py:149} INFO - [2023-05-20T15:48:50.253+0000] {dagbag.py:541} INFO - Filling up the DagBag from /home/airflow/.local/lib/python3.7/site-packages/airflow/example_dags/example_task_group.py
[2023-05-20T15:48:50.270+0000] {processor.py:836} INFO - DAG(s) dict_keys(['example_task_group']) retrieved from /home/airflow/.local/lib/python3.7/site-packages/airflow/example_dags/example_task_group.py
[2023-05-20T15:48:50.324+0000] {logging_mixin.py:149} INFO - [2023-05-20T15:48:50.324+0000] {dag.py:2726} INFO - Sync 1 DAGs
[2023-05-20T15:48:50.384+0000] {logging_mixin.py:149} INFO - [2023-05-20T15:48:50.384+0000] {dag.py:3490} INFO - Setting next_dagrun for example_task_group to 2023-05-19T15:48:50.383931+00:00, run_after=2023-05-20T15:48:50.383931+00:00
[2023-05-20T15:48:50.439+0000] {processor.py:179} INFO - Processing /home/airflow/.local/lib/python3.7/site-packages/airflow/example_dags/example_task_group.py took 0.201 seconds
[2023-05-20T15:49:20.506+0000] {processor.py:157} INFO - Started process (PID=3416) to work on /home/airflow/.local/lib/python3.7/site-packages/airflow/example_dags/example_task_group.py
[2023-05-20T15:49:20.509+0000] {processor.py:826} INFO - Processing file /home/airflow/.local/lib/python3.7/site-packages/airflow/example_dags/example_task_group.py for tasks to queue
[2023-05-20T15:49:20.511+0000] {logging_mixin.py:149} INFO - [2023-05-20T15:49:20.510+0000] {dagbag.py:541} INFO - Filling up the DagBag from /home/airflow/.local/lib/python3.7/site-packages/airflow/example_dags/example_task_group.py
[2023-05-20T15:49:20.525+0000] {processor.py:836} INFO - DAG(s) dict_keys(['example_task_group']) retrieved from /home/airflow/.local/lib/python3.7/site-packages/airflow/example_dags/example_task_group.py
[2023-05-20T15:49:20.568+0000] {logging_mixin.py:149} INFO - [2023-05-20T15:49:20.567+0000] {dag.py:2726} INFO - Sync 1 DAGs
[2023-05-20T15:49:20.609+0000] {logging_mixin.py:149} INFO - [2023-05-20T15:49:20.608+0000] {dag.py:3490} INFO - Setting next_dagrun for example_task_group to 2023-05-19T15:49:20.608508+00:00, run_after=2023-05-20T15:49:20.608508+00:00
[2023-05-20T15:49:20.642+0000] {processor.py:179} INFO - Processing /home/airflow/.local/lib/python3.7/site-packages/airflow/example_dags/example_task_group.py took 0.140 seconds
[2023-05-20T15:49:51.611+0000] {processor.py:157} INFO - Started process (PID=3474) to work on /home/airflow/.local/lib/python3.7/site-packages/airflow/example_dags/example_task_group.py
[2023-05-20T15:49:51.612+0000] {processor.py:826} INFO - Processing file /home/airflow/.local/lib/python3.7/site-packages/airflow/example_dags/example_task_group.py for tasks to queue
[2023-05-20T15:49:51.614+0000] {logging_mixin.py:149} INFO - [2023-05-20T15:49:51.614+0000] {dagbag.py:541} INFO - Filling up the DagBag from /home/airflow/.local/lib/python3.7/site-packages/airflow/example_dags/example_task_group.py
[2023-05-20T15:49:51.628+0000] {processor.py:836} INFO - DAG(s) dict_keys(['example_task_group']) retrieved from /home/airflow/.local/lib/python3.7/site-packages/airflow/example_dags/example_task_group.py
[2023-05-20T15:49:51.664+0000] {logging_mixin.py:149} INFO - [2023-05-20T15:49:51.664+0000] {dag.py:2726} INFO - Sync 1 DAGs
[2023-05-20T15:49:51.693+0000] {logging_mixin.py:149} INFO - [2023-05-20T15:49:51.693+0000] {dag.py:3490} INFO - Setting next_dagrun for example_task_group to 2023-05-19T15:49:51.693457+00:00, run_after=2023-05-20T15:49:51.693457+00:00
[2023-05-20T15:49:51.717+0000] {processor.py:179} INFO - Processing /home/airflow/.local/lib/python3.7/site-packages/airflow/example_dags/example_task_group.py took 0.112 seconds
[2023-05-20T16:08:47.036+0000] {processor.py:157} INFO - Started process (PID=50) to work on /home/airflow/.local/lib/python3.7/site-packages/airflow/example_dags/example_task_group.py
[2023-05-20T16:08:47.038+0000] {processor.py:826} INFO - Processing file /home/airflow/.local/lib/python3.7/site-packages/airflow/example_dags/example_task_group.py for tasks to queue
[2023-05-20T16:08:47.040+0000] {logging_mixin.py:149} INFO - [2023-05-20T16:08:47.040+0000] {dagbag.py:541} INFO - Filling up the DagBag from /home/airflow/.local/lib/python3.7/site-packages/airflow/example_dags/example_task_group.py
[2023-05-20T16:08:47.056+0000] {processor.py:836} INFO - DAG(s) dict_keys(['example_task_group']) retrieved from /home/airflow/.local/lib/python3.7/site-packages/airflow/example_dags/example_task_group.py
[2023-05-20T16:08:47.081+0000] {logging_mixin.py:149} INFO - [2023-05-20T16:08:47.081+0000] {dag.py:2726} INFO - Sync 1 DAGs
[2023-05-20T16:08:47.139+0000] {logging_mixin.py:149} INFO - [2023-05-20T16:08:47.138+0000] {dag.py:3490} INFO - Setting next_dagrun for example_task_group to 2023-05-19T16:08:47.138395+00:00, run_after=2023-05-20T16:08:47.138395+00:00
[2023-05-20T16:08:47.189+0000] {processor.py:179} INFO - Processing /home/airflow/.local/lib/python3.7/site-packages/airflow/example_dags/example_task_group.py took 0.160 seconds
[2023-05-20T16:09:17.245+0000] {processor.py:157} INFO - Started process (PID=108) to work on /home/airflow/.local/lib/python3.7/site-packages/airflow/example_dags/example_task_group.py
[2023-05-20T16:09:17.247+0000] {processor.py:826} INFO - Processing file /home/airflow/.local/lib/python3.7/site-packages/airflow/example_dags/example_task_group.py for tasks to queue
[2023-05-20T16:09:17.248+0000] {logging_mixin.py:149} INFO - [2023-05-20T16:09:17.248+0000] {dagbag.py:541} INFO - Filling up the DagBag from /home/airflow/.local/lib/python3.7/site-packages/airflow/example_dags/example_task_group.py
[2023-05-20T16:09:17.259+0000] {processor.py:836} INFO - DAG(s) dict_keys(['example_task_group']) retrieved from /home/airflow/.local/lib/python3.7/site-packages/airflow/example_dags/example_task_group.py
[2023-05-20T16:09:17.291+0000] {logging_mixin.py:149} INFO - [2023-05-20T16:09:17.291+0000] {dag.py:2726} INFO - Sync 1 DAGs
[2023-05-20T16:09:17.320+0000] {logging_mixin.py:149} INFO - [2023-05-20T16:09:17.320+0000] {dag.py:3490} INFO - Setting next_dagrun for example_task_group to 2023-05-19T16:09:17.319802+00:00, run_after=2023-05-20T16:09:17.319802+00:00
[2023-05-20T16:09:17.341+0000] {processor.py:179} INFO - Processing /home/airflow/.local/lib/python3.7/site-packages/airflow/example_dags/example_task_group.py took 0.100 seconds
[2023-05-20T16:09:48.503+0000] {processor.py:157} INFO - Started process (PID=166) to work on /home/airflow/.local/lib/python3.7/site-packages/airflow/example_dags/example_task_group.py
[2023-05-20T16:09:48.505+0000] {processor.py:826} INFO - Processing file /home/airflow/.local/lib/python3.7/site-packages/airflow/example_dags/example_task_group.py for tasks to queue
[2023-05-20T16:09:48.506+0000] {logging_mixin.py:149} INFO - [2023-05-20T16:09:48.506+0000] {dagbag.py:541} INFO - Filling up the DagBag from /home/airflow/.local/lib/python3.7/site-packages/airflow/example_dags/example_task_group.py
[2023-05-20T16:09:48.520+0000] {processor.py:836} INFO - DAG(s) dict_keys(['example_task_group']) retrieved from /home/airflow/.local/lib/python3.7/site-packages/airflow/example_dags/example_task_group.py
[2023-05-20T16:09:48.565+0000] {logging_mixin.py:149} INFO - [2023-05-20T16:09:48.564+0000] {dag.py:2726} INFO - Sync 1 DAGs
[2023-05-20T16:09:48.618+0000] {logging_mixin.py:149} INFO - [2023-05-20T16:09:48.618+0000] {dag.py:3490} INFO - Setting next_dagrun for example_task_group to 2023-05-19T16:09:48.618198+00:00, run_after=2023-05-20T16:09:48.618198+00:00
[2023-05-20T16:09:48.652+0000] {processor.py:179} INFO - Processing /home/airflow/.local/lib/python3.7/site-packages/airflow/example_dags/example_task_group.py took 0.154 seconds
[2023-05-20T16:10:19.954+0000] {processor.py:157} INFO - Started process (PID=224) to work on /home/airflow/.local/lib/python3.7/site-packages/airflow/example_dags/example_task_group.py
[2023-05-20T16:10:19.957+0000] {processor.py:826} INFO - Processing file /home/airflow/.local/lib/python3.7/site-packages/airflow/example_dags/example_task_group.py for tasks to queue
[2023-05-20T16:10:19.959+0000] {logging_mixin.py:149} INFO - [2023-05-20T16:10:19.959+0000] {dagbag.py:541} INFO - Filling up the DagBag from /home/airflow/.local/lib/python3.7/site-packages/airflow/example_dags/example_task_group.py
[2023-05-20T16:10:19.980+0000] {processor.py:836} INFO - DAG(s) dict_keys(['example_task_group']) retrieved from /home/airflow/.local/lib/python3.7/site-packages/airflow/example_dags/example_task_group.py
[2023-05-20T16:10:20.044+0000] {logging_mixin.py:149} INFO - [2023-05-20T16:10:20.044+0000] {dag.py:2726} INFO - Sync 1 DAGs
[2023-05-20T16:10:20.114+0000] {logging_mixin.py:149} INFO - [2023-05-20T16:10:20.113+0000] {dag.py:3490} INFO - Setting next_dagrun for example_task_group to 2023-05-19T16:10:20.112916+00:00, run_after=2023-05-20T16:10:20.112916+00:00
[2023-05-20T16:10:20.167+0000] {processor.py:179} INFO - Processing /home/airflow/.local/lib/python3.7/site-packages/airflow/example_dags/example_task_group.py took 0.221 seconds
[2023-05-20T16:10:50.223+0000] {processor.py:157} INFO - Started process (PID=282) to work on /home/airflow/.local/lib/python3.7/site-packages/airflow/example_dags/example_task_group.py
[2023-05-20T16:10:50.225+0000] {processor.py:826} INFO - Processing file /home/airflow/.local/lib/python3.7/site-packages/airflow/example_dags/example_task_group.py for tasks to queue
[2023-05-20T16:10:50.227+0000] {logging_mixin.py:149} INFO - [2023-05-20T16:10:50.227+0000] {dagbag.py:541} INFO - Filling up the DagBag from /home/airflow/.local/lib/python3.7/site-packages/airflow/example_dags/example_task_group.py
[2023-05-20T16:10:50.250+0000] {processor.py:836} INFO - DAG(s) dict_keys(['example_task_group']) retrieved from /home/airflow/.local/lib/python3.7/site-packages/airflow/example_dags/example_task_group.py
[2023-05-20T16:10:50.305+0000] {logging_mixin.py:149} INFO - [2023-05-20T16:10:50.305+0000] {dag.py:2726} INFO - Sync 1 DAGs
[2023-05-20T16:10:50.352+0000] {logging_mixin.py:149} INFO - [2023-05-20T16:10:50.352+0000] {dag.py:3490} INFO - Setting next_dagrun for example_task_group to 2023-05-19T16:10:50.352018+00:00, run_after=2023-05-20T16:10:50.352018+00:00
[2023-05-20T16:10:50.388+0000] {processor.py:179} INFO - Processing /home/airflow/.local/lib/python3.7/site-packages/airflow/example_dags/example_task_group.py took 0.171 seconds
[2023-05-20T16:11:21.263+0000] {processor.py:157} INFO - Started process (PID=340) to work on /home/airflow/.local/lib/python3.7/site-packages/airflow/example_dags/example_task_group.py
[2023-05-20T16:11:21.267+0000] {processor.py:826} INFO - Processing file /home/airflow/.local/lib/python3.7/site-packages/airflow/example_dags/example_task_group.py for tasks to queue
[2023-05-20T16:11:21.270+0000] {logging_mixin.py:149} INFO - [2023-05-20T16:11:21.269+0000] {dagbag.py:541} INFO - Filling up the DagBag from /home/airflow/.local/lib/python3.7/site-packages/airflow/example_dags/example_task_group.py
[2023-05-20T16:11:21.288+0000] {processor.py:836} INFO - DAG(s) dict_keys(['example_task_group']) retrieved from /home/airflow/.local/lib/python3.7/site-packages/airflow/example_dags/example_task_group.py
[2023-05-20T16:11:21.368+0000] {logging_mixin.py:149} INFO - [2023-05-20T16:11:21.368+0000] {dag.py:2726} INFO - Sync 1 DAGs
[2023-05-20T16:11:21.454+0000] {logging_mixin.py:149} INFO - [2023-05-20T16:11:21.454+0000] {dag.py:3490} INFO - Setting next_dagrun for example_task_group to 2023-05-19T16:11:21.453691+00:00, run_after=2023-05-20T16:11:21.453691+00:00
[2023-05-20T16:11:21.519+0000] {processor.py:179} INFO - Processing /home/airflow/.local/lib/python3.7/site-packages/airflow/example_dags/example_task_group.py took 0.263 seconds
[2023-05-20T16:11:52.040+0000] {processor.py:157} INFO - Started process (PID=398) to work on /home/airflow/.local/lib/python3.7/site-packages/airflow/example_dags/example_task_group.py
[2023-05-20T16:11:52.042+0000] {processor.py:826} INFO - Processing file /home/airflow/.local/lib/python3.7/site-packages/airflow/example_dags/example_task_group.py for tasks to queue
[2023-05-20T16:11:52.045+0000] {logging_mixin.py:149} INFO - [2023-05-20T16:11:52.044+0000] {dagbag.py:541} INFO - Filling up the DagBag from /home/airflow/.local/lib/python3.7/site-packages/airflow/example_dags/example_task_group.py
[2023-05-20T16:11:52.059+0000] {processor.py:836} INFO - DAG(s) dict_keys(['example_task_group']) retrieved from /home/airflow/.local/lib/python3.7/site-packages/airflow/example_dags/example_task_group.py
[2023-05-20T16:11:52.105+0000] {logging_mixin.py:149} INFO - [2023-05-20T16:11:52.105+0000] {dag.py:2726} INFO - Sync 1 DAGs
[2023-05-20T16:11:52.152+0000] {logging_mixin.py:149} INFO - [2023-05-20T16:11:52.152+0000] {dag.py:3490} INFO - Setting next_dagrun for example_task_group to 2023-05-19T16:11:52.152010+00:00, run_after=2023-05-20T16:11:52.152010+00:00
[2023-05-20T16:11:52.184+0000] {processor.py:179} INFO - Processing /home/airflow/.local/lib/python3.7/site-packages/airflow/example_dags/example_task_group.py took 0.150 seconds
[2023-05-20T16:12:23.151+0000] {processor.py:157} INFO - Started process (PID=456) to work on /home/airflow/.local/lib/python3.7/site-packages/airflow/example_dags/example_task_group.py
[2023-05-20T16:12:23.154+0000] {processor.py:826} INFO - Processing file /home/airflow/.local/lib/python3.7/site-packages/airflow/example_dags/example_task_group.py for tasks to queue
[2023-05-20T16:12:23.155+0000] {logging_mixin.py:149} INFO - [2023-05-20T16:12:23.155+0000] {dagbag.py:541} INFO - Filling up the DagBag from /home/airflow/.local/lib/python3.7/site-packages/airflow/example_dags/example_task_group.py
[2023-05-20T16:12:23.169+0000] {processor.py:836} INFO - DAG(s) dict_keys(['example_task_group']) retrieved from /home/airflow/.local/lib/python3.7/site-packages/airflow/example_dags/example_task_group.py
[2023-05-20T16:12:23.215+0000] {logging_mixin.py:149} INFO - [2023-05-20T16:12:23.214+0000] {dag.py:2726} INFO - Sync 1 DAGs
[2023-05-20T16:12:23.264+0000] {logging_mixin.py:149} INFO - [2023-05-20T16:12:23.264+0000] {dag.py:3490} INFO - Setting next_dagrun for example_task_group to 2023-05-19T16:12:23.263710+00:00, run_after=2023-05-20T16:12:23.263710+00:00
[2023-05-20T16:12:23.294+0000] {processor.py:179} INFO - Processing /home/airflow/.local/lib/python3.7/site-packages/airflow/example_dags/example_task_group.py took 0.148 seconds
[2023-05-20T16:12:53.591+0000] {processor.py:157} INFO - Started process (PID=514) to work on /home/airflow/.local/lib/python3.7/site-packages/airflow/example_dags/example_task_group.py
[2023-05-20T16:12:53.593+0000] {processor.py:826} INFO - Processing file /home/airflow/.local/lib/python3.7/site-packages/airflow/example_dags/example_task_group.py for tasks to queue
[2023-05-20T16:12:53.595+0000] {logging_mixin.py:149} INFO - [2023-05-20T16:12:53.595+0000] {dagbag.py:541} INFO - Filling up the DagBag from /home/airflow/.local/lib/python3.7/site-packages/airflow/example_dags/example_task_group.py
[2023-05-20T16:12:53.615+0000] {processor.py:836} INFO - DAG(s) dict_keys(['example_task_group']) retrieved from /home/airflow/.local/lib/python3.7/site-packages/airflow/example_dags/example_task_group.py
[2023-05-20T16:12:53.660+0000] {logging_mixin.py:149} INFO - [2023-05-20T16:12:53.660+0000] {dag.py:2726} INFO - Sync 1 DAGs
[2023-05-20T16:12:53.699+0000] {logging_mixin.py:149} INFO - [2023-05-20T16:12:53.699+0000] {dag.py:3490} INFO - Setting next_dagrun for example_task_group to 2023-05-19T16:12:53.699437+00:00, run_after=2023-05-20T16:12:53.699437+00:00
[2023-05-20T16:12:53.727+0000] {processor.py:179} INFO - Processing /home/airflow/.local/lib/python3.7/site-packages/airflow/example_dags/example_task_group.py took 0.141 seconds
[2023-05-20T16:13:24.189+0000] {processor.py:157} INFO - Started process (PID=572) to work on /home/airflow/.local/lib/python3.7/site-packages/airflow/example_dags/example_task_group.py
[2023-05-20T16:13:24.191+0000] {processor.py:826} INFO - Processing file /home/airflow/.local/lib/python3.7/site-packages/airflow/example_dags/example_task_group.py for tasks to queue
[2023-05-20T16:13:24.192+0000] {logging_mixin.py:149} INFO - [2023-05-20T16:13:24.192+0000] {dagbag.py:541} INFO - Filling up the DagBag from /home/airflow/.local/lib/python3.7/site-packages/airflow/example_dags/example_task_group.py
[2023-05-20T16:13:24.205+0000] {processor.py:836} INFO - DAG(s) dict_keys(['example_task_group']) retrieved from /home/airflow/.local/lib/python3.7/site-packages/airflow/example_dags/example_task_group.py
[2023-05-20T16:13:24.245+0000] {logging_mixin.py:149} INFO - [2023-05-20T16:13:24.245+0000] {dag.py:2726} INFO - Sync 1 DAGs
[2023-05-20T16:13:24.301+0000] {logging_mixin.py:149} INFO - [2023-05-20T16:13:24.300+0000] {dag.py:3490} INFO - Setting next_dagrun for example_task_group to 2023-05-19T16:13:24.300572+00:00, run_after=2023-05-20T16:13:24.300572+00:00
[2023-05-20T16:13:24.334+0000] {processor.py:179} INFO - Processing /home/airflow/.local/lib/python3.7/site-packages/airflow/example_dags/example_task_group.py took 0.149 seconds
