[2023-05-20T15:19:48.123+0000] {processor.py:157} INFO - Started process (PID=42) to work on /home/airflow/.local/lib/python3.7/site-packages/airflow/example_dags/example_branch_labels.py
[2023-05-20T15:19:48.125+0000] {processor.py:826} INFO - Processing file /home/airflow/.local/lib/python3.7/site-packages/airflow/example_dags/example_branch_labels.py for tasks to queue
[2023-05-20T15:19:48.126+0000] {logging_mixin.py:149} INFO - [2023-05-20T15:19:48.126+0000] {dagbag.py:541} INFO - Filling up the DagBag from /home/airflow/.local/lib/python3.7/site-packages/airflow/example_dags/example_branch_labels.py
[2023-05-20T15:19:48.139+0000] {processor.py:836} INFO - DAG(s) dict_keys(['example_branch_labels']) retrieved from /home/airflow/.local/lib/python3.7/site-packages/airflow/example_dags/example_branch_labels.py
[2023-05-20T15:19:48.159+0000] {logging_mixin.py:149} INFO - [2023-05-20T15:19:48.158+0000] {dag.py:2726} INFO - Sync 1 DAGs
[2023-05-20T15:19:48.205+0000] {logging_mixin.py:149} INFO - [2023-05-20T15:19:48.205+0000] {dag.py:3490} INFO - Setting next_dagrun for example_branch_labels to 2023-05-19T00:00:00+00:00, run_after=2023-05-20T00:00:00+00:00
[2023-05-20T15:19:48.234+0000] {processor.py:179} INFO - Processing /home/airflow/.local/lib/python3.7/site-packages/airflow/example_dags/example_branch_labels.py took 0.116 seconds
[2023-05-20T15:20:19.680+0000] {processor.py:157} INFO - Started process (PID=100) to work on /home/airflow/.local/lib/python3.7/site-packages/airflow/example_dags/example_branch_labels.py
[2023-05-20T15:20:19.683+0000] {processor.py:826} INFO - Processing file /home/airflow/.local/lib/python3.7/site-packages/airflow/example_dags/example_branch_labels.py for tasks to queue
[2023-05-20T15:20:19.685+0000] {logging_mixin.py:149} INFO - [2023-05-20T15:20:19.685+0000] {dagbag.py:541} INFO - Filling up the DagBag from /home/airflow/.local/lib/python3.7/site-packages/airflow/example_dags/example_branch_labels.py
[2023-05-20T15:20:19.700+0000] {processor.py:836} INFO - DAG(s) dict_keys(['example_branch_labels']) retrieved from /home/airflow/.local/lib/python3.7/site-packages/airflow/example_dags/example_branch_labels.py
[2023-05-20T15:20:19.743+0000] {logging_mixin.py:149} INFO - [2023-05-20T15:20:19.743+0000] {dag.py:2726} INFO - Sync 1 DAGs
[2023-05-20T15:20:19.785+0000] {logging_mixin.py:149} INFO - [2023-05-20T15:20:19.785+0000] {dag.py:3490} INFO - Setting next_dagrun for example_branch_labels to 2023-05-19T00:00:00+00:00, run_after=2023-05-20T00:00:00+00:00
[2023-05-20T15:20:19.816+0000] {processor.py:179} INFO - Processing /home/airflow/.local/lib/python3.7/site-packages/airflow/example_dags/example_branch_labels.py took 0.141 seconds
[2023-05-20T15:20:50.287+0000] {processor.py:157} INFO - Started process (PID=158) to work on /home/airflow/.local/lib/python3.7/site-packages/airflow/example_dags/example_branch_labels.py
[2023-05-20T15:20:50.291+0000] {processor.py:826} INFO - Processing file /home/airflow/.local/lib/python3.7/site-packages/airflow/example_dags/example_branch_labels.py for tasks to queue
[2023-05-20T15:20:50.293+0000] {logging_mixin.py:149} INFO - [2023-05-20T15:20:50.293+0000] {dagbag.py:541} INFO - Filling up the DagBag from /home/airflow/.local/lib/python3.7/site-packages/airflow/example_dags/example_branch_labels.py
[2023-05-20T15:20:50.306+0000] {processor.py:836} INFO - DAG(s) dict_keys(['example_branch_labels']) retrieved from /home/airflow/.local/lib/python3.7/site-packages/airflow/example_dags/example_branch_labels.py
[2023-05-20T15:20:50.345+0000] {logging_mixin.py:149} INFO - [2023-05-20T15:20:50.345+0000] {dag.py:2726} INFO - Sync 1 DAGs
[2023-05-20T15:20:50.386+0000] {logging_mixin.py:149} INFO - [2023-05-20T15:20:50.386+0000] {dag.py:3490} INFO - Setting next_dagrun for example_branch_labels to 2023-05-19T00:00:00+00:00, run_after=2023-05-20T00:00:00+00:00
[2023-05-20T15:20:50.416+0000] {processor.py:179} INFO - Processing /home/airflow/.local/lib/python3.7/site-packages/airflow/example_dags/example_branch_labels.py took 0.134 seconds
[2023-05-20T15:21:20.997+0000] {processor.py:157} INFO - Started process (PID=216) to work on /home/airflow/.local/lib/python3.7/site-packages/airflow/example_dags/example_branch_labels.py
[2023-05-20T15:21:21.008+0000] {processor.py:826} INFO - Processing file /home/airflow/.local/lib/python3.7/site-packages/airflow/example_dags/example_branch_labels.py for tasks to queue
[2023-05-20T15:21:21.011+0000] {logging_mixin.py:149} INFO - [2023-05-20T15:21:21.011+0000] {dagbag.py:541} INFO - Filling up the DagBag from /home/airflow/.local/lib/python3.7/site-packages/airflow/example_dags/example_branch_labels.py
[2023-05-20T15:21:21.025+0000] {processor.py:836} INFO - DAG(s) dict_keys(['example_branch_labels']) retrieved from /home/airflow/.local/lib/python3.7/site-packages/airflow/example_dags/example_branch_labels.py
[2023-05-20T15:21:21.094+0000] {logging_mixin.py:149} INFO - [2023-05-20T15:21:21.094+0000] {dag.py:2726} INFO - Sync 1 DAGs
[2023-05-20T15:21:21.190+0000] {logging_mixin.py:149} INFO - [2023-05-20T15:21:21.190+0000] {dag.py:3490} INFO - Setting next_dagrun for example_branch_labels to 2023-05-19T00:00:00+00:00, run_after=2023-05-20T00:00:00+00:00
[2023-05-20T15:21:21.274+0000] {processor.py:179} INFO - Processing /home/airflow/.local/lib/python3.7/site-packages/airflow/example_dags/example_branch_labels.py took 0.281 seconds
[2023-05-20T15:21:51.466+0000] {processor.py:157} INFO - Started process (PID=274) to work on /home/airflow/.local/lib/python3.7/site-packages/airflow/example_dags/example_branch_labels.py
[2023-05-20T15:21:51.469+0000] {processor.py:826} INFO - Processing file /home/airflow/.local/lib/python3.7/site-packages/airflow/example_dags/example_branch_labels.py for tasks to queue
[2023-05-20T15:21:51.473+0000] {logging_mixin.py:149} INFO - [2023-05-20T15:21:51.472+0000] {dagbag.py:541} INFO - Filling up the DagBag from /home/airflow/.local/lib/python3.7/site-packages/airflow/example_dags/example_branch_labels.py
[2023-05-20T15:21:51.504+0000] {processor.py:836} INFO - DAG(s) dict_keys(['example_branch_labels']) retrieved from /home/airflow/.local/lib/python3.7/site-packages/airflow/example_dags/example_branch_labels.py
[2023-05-20T15:21:51.585+0000] {logging_mixin.py:149} INFO - [2023-05-20T15:21:51.584+0000] {dag.py:2726} INFO - Sync 1 DAGs
[2023-05-20T15:21:51.653+0000] {logging_mixin.py:149} INFO - [2023-05-20T15:21:51.653+0000] {dag.py:3490} INFO - Setting next_dagrun for example_branch_labels to 2023-05-19T00:00:00+00:00, run_after=2023-05-20T00:00:00+00:00
[2023-05-20T15:21:51.702+0000] {processor.py:179} INFO - Processing /home/airflow/.local/lib/python3.7/site-packages/airflow/example_dags/example_branch_labels.py took 0.244 seconds
[2023-05-20T15:22:21.755+0000] {processor.py:157} INFO - Started process (PID=332) to work on /home/airflow/.local/lib/python3.7/site-packages/airflow/example_dags/example_branch_labels.py
[2023-05-20T15:22:21.757+0000] {processor.py:826} INFO - Processing file /home/airflow/.local/lib/python3.7/site-packages/airflow/example_dags/example_branch_labels.py for tasks to queue
[2023-05-20T15:22:21.759+0000] {logging_mixin.py:149} INFO - [2023-05-20T15:22:21.759+0000] {dagbag.py:541} INFO - Filling up the DagBag from /home/airflow/.local/lib/python3.7/site-packages/airflow/example_dags/example_branch_labels.py
[2023-05-20T15:22:21.771+0000] {processor.py:836} INFO - DAG(s) dict_keys(['example_branch_labels']) retrieved from /home/airflow/.local/lib/python3.7/site-packages/airflow/example_dags/example_branch_labels.py
[2023-05-20T15:22:21.811+0000] {logging_mixin.py:149} INFO - [2023-05-20T15:22:21.811+0000] {dag.py:2726} INFO - Sync 1 DAGs
[2023-05-20T15:22:21.850+0000] {logging_mixin.py:149} INFO - [2023-05-20T15:22:21.850+0000] {dag.py:3490} INFO - Setting next_dagrun for example_branch_labels to 2023-05-19T00:00:00+00:00, run_after=2023-05-20T00:00:00+00:00
[2023-05-20T15:22:21.879+0000] {processor.py:179} INFO - Processing /home/airflow/.local/lib/python3.7/site-packages/airflow/example_dags/example_branch_labels.py took 0.129 seconds
[2023-05-20T15:22:52.582+0000] {processor.py:157} INFO - Started process (PID=390) to work on /home/airflow/.local/lib/python3.7/site-packages/airflow/example_dags/example_branch_labels.py
[2023-05-20T15:22:52.584+0000] {processor.py:826} INFO - Processing file /home/airflow/.local/lib/python3.7/site-packages/airflow/example_dags/example_branch_labels.py for tasks to queue
[2023-05-20T15:22:52.586+0000] {logging_mixin.py:149} INFO - [2023-05-20T15:22:52.585+0000] {dagbag.py:541} INFO - Filling up the DagBag from /home/airflow/.local/lib/python3.7/site-packages/airflow/example_dags/example_branch_labels.py
[2023-05-20T15:22:52.596+0000] {processor.py:836} INFO - DAG(s) dict_keys(['example_branch_labels']) retrieved from /home/airflow/.local/lib/python3.7/site-packages/airflow/example_dags/example_branch_labels.py
[2023-05-20T15:22:52.636+0000] {logging_mixin.py:149} INFO - [2023-05-20T15:22:52.635+0000] {dag.py:2726} INFO - Sync 1 DAGs
[2023-05-20T15:22:52.676+0000] {logging_mixin.py:149} INFO - [2023-05-20T15:22:52.676+0000] {dag.py:3490} INFO - Setting next_dagrun for example_branch_labels to 2023-05-19T00:00:00+00:00, run_after=2023-05-20T00:00:00+00:00
[2023-05-20T15:22:52.704+0000] {processor.py:179} INFO - Processing /home/airflow/.local/lib/python3.7/site-packages/airflow/example_dags/example_branch_labels.py took 0.126 seconds
[2023-05-20T15:23:22.995+0000] {processor.py:157} INFO - Started process (PID=448) to work on /home/airflow/.local/lib/python3.7/site-packages/airflow/example_dags/example_branch_labels.py
[2023-05-20T15:23:22.997+0000] {processor.py:826} INFO - Processing file /home/airflow/.local/lib/python3.7/site-packages/airflow/example_dags/example_branch_labels.py for tasks to queue
[2023-05-20T15:23:22.998+0000] {logging_mixin.py:149} INFO - [2023-05-20T15:23:22.998+0000] {dagbag.py:541} INFO - Filling up the DagBag from /home/airflow/.local/lib/python3.7/site-packages/airflow/example_dags/example_branch_labels.py
[2023-05-20T15:23:23.011+0000] {processor.py:836} INFO - DAG(s) dict_keys(['example_branch_labels']) retrieved from /home/airflow/.local/lib/python3.7/site-packages/airflow/example_dags/example_branch_labels.py
[2023-05-20T15:23:23.051+0000] {logging_mixin.py:149} INFO - [2023-05-20T15:23:23.051+0000] {dag.py:2726} INFO - Sync 1 DAGs
[2023-05-20T15:23:23.095+0000] {logging_mixin.py:149} INFO - [2023-05-20T15:23:23.095+0000] {dag.py:3490} INFO - Setting next_dagrun for example_branch_labels to 2023-05-19T00:00:00+00:00, run_after=2023-05-20T00:00:00+00:00
[2023-05-20T15:23:23.126+0000] {processor.py:179} INFO - Processing /home/airflow/.local/lib/python3.7/site-packages/airflow/example_dags/example_branch_labels.py took 0.136 seconds
[2023-05-20T15:23:53.632+0000] {processor.py:157} INFO - Started process (PID=506) to work on /home/airflow/.local/lib/python3.7/site-packages/airflow/example_dags/example_branch_labels.py
[2023-05-20T15:23:53.634+0000] {processor.py:826} INFO - Processing file /home/airflow/.local/lib/python3.7/site-packages/airflow/example_dags/example_branch_labels.py for tasks to queue
[2023-05-20T15:23:53.636+0000] {logging_mixin.py:149} INFO - [2023-05-20T15:23:53.636+0000] {dagbag.py:541} INFO - Filling up the DagBag from /home/airflow/.local/lib/python3.7/site-packages/airflow/example_dags/example_branch_labels.py
[2023-05-20T15:23:53.646+0000] {processor.py:836} INFO - DAG(s) dict_keys(['example_branch_labels']) retrieved from /home/airflow/.local/lib/python3.7/site-packages/airflow/example_dags/example_branch_labels.py
[2023-05-20T15:23:53.679+0000] {logging_mixin.py:149} INFO - [2023-05-20T15:23:53.679+0000] {dag.py:2726} INFO - Sync 1 DAGs
[2023-05-20T15:23:53.711+0000] {logging_mixin.py:149} INFO - [2023-05-20T15:23:53.711+0000] {dag.py:3490} INFO - Setting next_dagrun for example_branch_labels to 2023-05-19T00:00:00+00:00, run_after=2023-05-20T00:00:00+00:00
[2023-05-20T15:23:53.736+0000] {processor.py:179} INFO - Processing /home/airflow/.local/lib/python3.7/site-packages/airflow/example_dags/example_branch_labels.py took 0.108 seconds
[2023-05-20T15:24:24.089+0000] {processor.py:157} INFO - Started process (PID=564) to work on /home/airflow/.local/lib/python3.7/site-packages/airflow/example_dags/example_branch_labels.py
[2023-05-20T15:24:24.091+0000] {processor.py:826} INFO - Processing file /home/airflow/.local/lib/python3.7/site-packages/airflow/example_dags/example_branch_labels.py for tasks to queue
[2023-05-20T15:24:24.093+0000] {logging_mixin.py:149} INFO - [2023-05-20T15:24:24.092+0000] {dagbag.py:541} INFO - Filling up the DagBag from /home/airflow/.local/lib/python3.7/site-packages/airflow/example_dags/example_branch_labels.py
[2023-05-20T15:24:24.103+0000] {processor.py:836} INFO - DAG(s) dict_keys(['example_branch_labels']) retrieved from /home/airflow/.local/lib/python3.7/site-packages/airflow/example_dags/example_branch_labels.py
[2023-05-20T15:24:24.135+0000] {logging_mixin.py:149} INFO - [2023-05-20T15:24:24.135+0000] {dag.py:2726} INFO - Sync 1 DAGs
[2023-05-20T15:24:24.170+0000] {logging_mixin.py:149} INFO - [2023-05-20T15:24:24.169+0000] {dag.py:3490} INFO - Setting next_dagrun for example_branch_labels to 2023-05-19T00:00:00+00:00, run_after=2023-05-20T00:00:00+00:00
[2023-05-20T15:24:24.191+0000] {processor.py:179} INFO - Processing /home/airflow/.local/lib/python3.7/site-packages/airflow/example_dags/example_branch_labels.py took 0.106 seconds
[2023-05-20T15:24:54.574+0000] {processor.py:157} INFO - Started process (PID=622) to work on /home/airflow/.local/lib/python3.7/site-packages/airflow/example_dags/example_branch_labels.py
[2023-05-20T15:24:54.576+0000] {processor.py:826} INFO - Processing file /home/airflow/.local/lib/python3.7/site-packages/airflow/example_dags/example_branch_labels.py for tasks to queue
[2023-05-20T15:24:54.578+0000] {logging_mixin.py:149} INFO - [2023-05-20T15:24:54.578+0000] {dagbag.py:541} INFO - Filling up the DagBag from /home/airflow/.local/lib/python3.7/site-packages/airflow/example_dags/example_branch_labels.py
[2023-05-20T15:24:54.587+0000] {processor.py:836} INFO - DAG(s) dict_keys(['example_branch_labels']) retrieved from /home/airflow/.local/lib/python3.7/site-packages/airflow/example_dags/example_branch_labels.py
[2023-05-20T15:24:54.621+0000] {logging_mixin.py:149} INFO - [2023-05-20T15:24:54.621+0000] {dag.py:2726} INFO - Sync 1 DAGs
[2023-05-20T15:24:54.651+0000] {logging_mixin.py:149} INFO - [2023-05-20T15:24:54.651+0000] {dag.py:3490} INFO - Setting next_dagrun for example_branch_labels to 2023-05-19T00:00:00+00:00, run_after=2023-05-20T00:00:00+00:00
[2023-05-20T15:24:54.673+0000] {processor.py:179} INFO - Processing /home/airflow/.local/lib/python3.7/site-packages/airflow/example_dags/example_branch_labels.py took 0.103 seconds
[2023-05-20T15:25:25.304+0000] {processor.py:157} INFO - Started process (PID=680) to work on /home/airflow/.local/lib/python3.7/site-packages/airflow/example_dags/example_branch_labels.py
[2023-05-20T15:25:25.307+0000] {processor.py:826} INFO - Processing file /home/airflow/.local/lib/python3.7/site-packages/airflow/example_dags/example_branch_labels.py for tasks to queue
[2023-05-20T15:25:25.309+0000] {logging_mixin.py:149} INFO - [2023-05-20T15:25:25.308+0000] {dagbag.py:541} INFO - Filling up the DagBag from /home/airflow/.local/lib/python3.7/site-packages/airflow/example_dags/example_branch_labels.py
[2023-05-20T15:25:25.323+0000] {processor.py:836} INFO - DAG(s) dict_keys(['example_branch_labels']) retrieved from /home/airflow/.local/lib/python3.7/site-packages/airflow/example_dags/example_branch_labels.py
[2023-05-20T15:25:25.373+0000] {logging_mixin.py:149} INFO - [2023-05-20T15:25:25.372+0000] {dag.py:2726} INFO - Sync 1 DAGs
[2023-05-20T15:25:25.417+0000] {logging_mixin.py:149} INFO - [2023-05-20T15:25:25.417+0000] {dag.py:3490} INFO - Setting next_dagrun for example_branch_labels to 2023-05-19T00:00:00+00:00, run_after=2023-05-20T00:00:00+00:00
[2023-05-20T15:25:25.447+0000] {processor.py:179} INFO - Processing /home/airflow/.local/lib/python3.7/site-packages/airflow/example_dags/example_branch_labels.py took 0.149 seconds
[2023-05-20T15:25:55.693+0000] {processor.py:157} INFO - Started process (PID=738) to work on /home/airflow/.local/lib/python3.7/site-packages/airflow/example_dags/example_branch_labels.py
[2023-05-20T15:25:55.696+0000] {processor.py:826} INFO - Processing file /home/airflow/.local/lib/python3.7/site-packages/airflow/example_dags/example_branch_labels.py for tasks to queue
[2023-05-20T15:25:55.697+0000] {logging_mixin.py:149} INFO - [2023-05-20T15:25:55.697+0000] {dagbag.py:541} INFO - Filling up the DagBag from /home/airflow/.local/lib/python3.7/site-packages/airflow/example_dags/example_branch_labels.py
[2023-05-20T15:25:55.708+0000] {processor.py:836} INFO - DAG(s) dict_keys(['example_branch_labels']) retrieved from /home/airflow/.local/lib/python3.7/site-packages/airflow/example_dags/example_branch_labels.py
[2023-05-20T15:25:55.755+0000] {logging_mixin.py:149} INFO - [2023-05-20T15:25:55.755+0000] {dag.py:2726} INFO - Sync 1 DAGs
[2023-05-20T15:25:55.805+0000] {logging_mixin.py:149} INFO - [2023-05-20T15:25:55.805+0000] {dag.py:3490} INFO - Setting next_dagrun for example_branch_labels to 2023-05-19T00:00:00+00:00, run_after=2023-05-20T00:00:00+00:00
[2023-05-20T15:25:55.865+0000] {processor.py:179} INFO - Processing /home/airflow/.local/lib/python3.7/site-packages/airflow/example_dags/example_branch_labels.py took 0.176 seconds
[2023-05-20T15:26:25.936+0000] {processor.py:157} INFO - Started process (PID=796) to work on /home/airflow/.local/lib/python3.7/site-packages/airflow/example_dags/example_branch_labels.py
[2023-05-20T15:26:25.938+0000] {processor.py:826} INFO - Processing file /home/airflow/.local/lib/python3.7/site-packages/airflow/example_dags/example_branch_labels.py for tasks to queue
[2023-05-20T15:26:25.940+0000] {logging_mixin.py:149} INFO - [2023-05-20T15:26:25.940+0000] {dagbag.py:541} INFO - Filling up the DagBag from /home/airflow/.local/lib/python3.7/site-packages/airflow/example_dags/example_branch_labels.py
[2023-05-20T15:26:25.951+0000] {processor.py:836} INFO - DAG(s) dict_keys(['example_branch_labels']) retrieved from /home/airflow/.local/lib/python3.7/site-packages/airflow/example_dags/example_branch_labels.py
[2023-05-20T15:26:26.037+0000] {logging_mixin.py:149} INFO - [2023-05-20T15:26:26.037+0000] {dag.py:2726} INFO - Sync 1 DAGs
[2023-05-20T15:26:26.075+0000] {logging_mixin.py:149} INFO - [2023-05-20T15:26:26.075+0000] {dag.py:3490} INFO - Setting next_dagrun for example_branch_labels to 2023-05-19T00:00:00+00:00, run_after=2023-05-20T00:00:00+00:00
[2023-05-20T15:26:26.100+0000] {processor.py:179} INFO - Processing /home/airflow/.local/lib/python3.7/site-packages/airflow/example_dags/example_branch_labels.py took 0.168 seconds
[2023-05-20T15:26:56.162+0000] {processor.py:157} INFO - Started process (PID=854) to work on /home/airflow/.local/lib/python3.7/site-packages/airflow/example_dags/example_branch_labels.py
[2023-05-20T15:26:56.164+0000] {processor.py:826} INFO - Processing file /home/airflow/.local/lib/python3.7/site-packages/airflow/example_dags/example_branch_labels.py for tasks to queue
[2023-05-20T15:26:56.165+0000] {logging_mixin.py:149} INFO - [2023-05-20T15:26:56.165+0000] {dagbag.py:541} INFO - Filling up the DagBag from /home/airflow/.local/lib/python3.7/site-packages/airflow/example_dags/example_branch_labels.py
[2023-05-20T15:26:56.176+0000] {processor.py:836} INFO - DAG(s) dict_keys(['example_branch_labels']) retrieved from /home/airflow/.local/lib/python3.7/site-packages/airflow/example_dags/example_branch_labels.py
[2023-05-20T15:26:56.213+0000] {logging_mixin.py:149} INFO - [2023-05-20T15:26:56.213+0000] {dag.py:2726} INFO - Sync 1 DAGs
[2023-05-20T15:26:56.249+0000] {logging_mixin.py:149} INFO - [2023-05-20T15:26:56.248+0000] {dag.py:3490} INFO - Setting next_dagrun for example_branch_labels to 2023-05-19T00:00:00+00:00, run_after=2023-05-20T00:00:00+00:00
[2023-05-20T15:26:56.270+0000] {processor.py:179} INFO - Processing /home/airflow/.local/lib/python3.7/site-packages/airflow/example_dags/example_branch_labels.py took 0.112 seconds
[2023-05-20T15:27:26.966+0000] {processor.py:157} INFO - Started process (PID=912) to work on /home/airflow/.local/lib/python3.7/site-packages/airflow/example_dags/example_branch_labels.py
[2023-05-20T15:27:26.969+0000] {processor.py:826} INFO - Processing file /home/airflow/.local/lib/python3.7/site-packages/airflow/example_dags/example_branch_labels.py for tasks to queue
[2023-05-20T15:27:26.970+0000] {logging_mixin.py:149} INFO - [2023-05-20T15:27:26.970+0000] {dagbag.py:541} INFO - Filling up the DagBag from /home/airflow/.local/lib/python3.7/site-packages/airflow/example_dags/example_branch_labels.py
[2023-05-20T15:27:26.981+0000] {processor.py:836} INFO - DAG(s) dict_keys(['example_branch_labels']) retrieved from /home/airflow/.local/lib/python3.7/site-packages/airflow/example_dags/example_branch_labels.py
[2023-05-20T15:27:27.018+0000] {logging_mixin.py:149} INFO - [2023-05-20T15:27:27.018+0000] {dag.py:2726} INFO - Sync 1 DAGs
[2023-05-20T15:27:27.058+0000] {logging_mixin.py:149} INFO - [2023-05-20T15:27:27.058+0000] {dag.py:3490} INFO - Setting next_dagrun for example_branch_labels to 2023-05-19T00:00:00+00:00, run_after=2023-05-20T00:00:00+00:00
[2023-05-20T15:27:27.082+0000] {processor.py:179} INFO - Processing /home/airflow/.local/lib/python3.7/site-packages/airflow/example_dags/example_branch_labels.py took 0.121 seconds
[2023-05-20T15:27:57.387+0000] {processor.py:157} INFO - Started process (PID=970) to work on /home/airflow/.local/lib/python3.7/site-packages/airflow/example_dags/example_branch_labels.py
[2023-05-20T15:27:57.389+0000] {processor.py:826} INFO - Processing file /home/airflow/.local/lib/python3.7/site-packages/airflow/example_dags/example_branch_labels.py for tasks to queue
[2023-05-20T15:27:57.390+0000] {logging_mixin.py:149} INFO - [2023-05-20T15:27:57.390+0000] {dagbag.py:541} INFO - Filling up the DagBag from /home/airflow/.local/lib/python3.7/site-packages/airflow/example_dags/example_branch_labels.py
[2023-05-20T15:27:57.401+0000] {processor.py:836} INFO - DAG(s) dict_keys(['example_branch_labels']) retrieved from /home/airflow/.local/lib/python3.7/site-packages/airflow/example_dags/example_branch_labels.py
[2023-05-20T15:27:57.438+0000] {logging_mixin.py:149} INFO - [2023-05-20T15:27:57.438+0000] {dag.py:2726} INFO - Sync 1 DAGs
[2023-05-20T15:27:57.474+0000] {logging_mixin.py:149} INFO - [2023-05-20T15:27:57.474+0000] {dag.py:3490} INFO - Setting next_dagrun for example_branch_labels to 2023-05-19T00:00:00+00:00, run_after=2023-05-20T00:00:00+00:00
[2023-05-20T15:27:57.503+0000] {processor.py:179} INFO - Processing /home/airflow/.local/lib/python3.7/site-packages/airflow/example_dags/example_branch_labels.py took 0.121 seconds
[2023-05-20T15:28:27.640+0000] {processor.py:157} INFO - Started process (PID=1028) to work on /home/airflow/.local/lib/python3.7/site-packages/airflow/example_dags/example_branch_labels.py
[2023-05-20T15:28:27.641+0000] {processor.py:826} INFO - Processing file /home/airflow/.local/lib/python3.7/site-packages/airflow/example_dags/example_branch_labels.py for tasks to queue
[2023-05-20T15:28:27.643+0000] {logging_mixin.py:149} INFO - [2023-05-20T15:28:27.643+0000] {dagbag.py:541} INFO - Filling up the DagBag from /home/airflow/.local/lib/python3.7/site-packages/airflow/example_dags/example_branch_labels.py
[2023-05-20T15:28:27.652+0000] {processor.py:836} INFO - DAG(s) dict_keys(['example_branch_labels']) retrieved from /home/airflow/.local/lib/python3.7/site-packages/airflow/example_dags/example_branch_labels.py
[2023-05-20T15:28:27.687+0000] {logging_mixin.py:149} INFO - [2023-05-20T15:28:27.687+0000] {dag.py:2726} INFO - Sync 1 DAGs
[2023-05-20T15:28:27.726+0000] {logging_mixin.py:149} INFO - [2023-05-20T15:28:27.726+0000] {dag.py:3490} INFO - Setting next_dagrun for example_branch_labels to 2023-05-19T00:00:00+00:00, run_after=2023-05-20T00:00:00+00:00
[2023-05-20T15:28:27.757+0000] {processor.py:179} INFO - Processing /home/airflow/.local/lib/python3.7/site-packages/airflow/example_dags/example_branch_labels.py took 0.122 seconds
[2023-05-20T15:28:58.089+0000] {processor.py:157} INFO - Started process (PID=1086) to work on /home/airflow/.local/lib/python3.7/site-packages/airflow/example_dags/example_branch_labels.py
[2023-05-20T15:28:58.092+0000] {processor.py:826} INFO - Processing file /home/airflow/.local/lib/python3.7/site-packages/airflow/example_dags/example_branch_labels.py for tasks to queue
[2023-05-20T15:28:58.094+0000] {logging_mixin.py:149} INFO - [2023-05-20T15:28:58.093+0000] {dagbag.py:541} INFO - Filling up the DagBag from /home/airflow/.local/lib/python3.7/site-packages/airflow/example_dags/example_branch_labels.py
[2023-05-20T15:28:58.107+0000] {processor.py:836} INFO - DAG(s) dict_keys(['example_branch_labels']) retrieved from /home/airflow/.local/lib/python3.7/site-packages/airflow/example_dags/example_branch_labels.py
[2023-05-20T15:28:58.147+0000] {logging_mixin.py:149} INFO - [2023-05-20T15:28:58.147+0000] {dag.py:2726} INFO - Sync 1 DAGs
[2023-05-20T15:28:58.185+0000] {logging_mixin.py:149} INFO - [2023-05-20T15:28:58.184+0000] {dag.py:3490} INFO - Setting next_dagrun for example_branch_labels to 2023-05-19T00:00:00+00:00, run_after=2023-05-20T00:00:00+00:00
[2023-05-20T15:28:58.211+0000] {processor.py:179} INFO - Processing /home/airflow/.local/lib/python3.7/site-packages/airflow/example_dags/example_branch_labels.py took 0.127 seconds
[2023-05-20T15:29:28.389+0000] {processor.py:157} INFO - Started process (PID=1144) to work on /home/airflow/.local/lib/python3.7/site-packages/airflow/example_dags/example_branch_labels.py
[2023-05-20T15:29:28.391+0000] {processor.py:826} INFO - Processing file /home/airflow/.local/lib/python3.7/site-packages/airflow/example_dags/example_branch_labels.py for tasks to queue
[2023-05-20T15:29:28.393+0000] {logging_mixin.py:149} INFO - [2023-05-20T15:29:28.393+0000] {dagbag.py:541} INFO - Filling up the DagBag from /home/airflow/.local/lib/python3.7/site-packages/airflow/example_dags/example_branch_labels.py
[2023-05-20T15:29:28.404+0000] {processor.py:836} INFO - DAG(s) dict_keys(['example_branch_labels']) retrieved from /home/airflow/.local/lib/python3.7/site-packages/airflow/example_dags/example_branch_labels.py
[2023-05-20T15:29:28.446+0000] {logging_mixin.py:149} INFO - [2023-05-20T15:29:28.445+0000] {dag.py:2726} INFO - Sync 1 DAGs
[2023-05-20T15:29:28.489+0000] {logging_mixin.py:149} INFO - [2023-05-20T15:29:28.488+0000] {dag.py:3490} INFO - Setting next_dagrun for example_branch_labels to 2023-05-19T00:00:00+00:00, run_after=2023-05-20T00:00:00+00:00
[2023-05-20T15:29:28.523+0000] {processor.py:179} INFO - Processing /home/airflow/.local/lib/python3.7/site-packages/airflow/example_dags/example_branch_labels.py took 0.139 seconds
[2023-05-20T15:29:59.451+0000] {processor.py:157} INFO - Started process (PID=1202) to work on /home/airflow/.local/lib/python3.7/site-packages/airflow/example_dags/example_branch_labels.py
[2023-05-20T15:29:59.453+0000] {processor.py:826} INFO - Processing file /home/airflow/.local/lib/python3.7/site-packages/airflow/example_dags/example_branch_labels.py for tasks to queue
[2023-05-20T15:29:59.454+0000] {logging_mixin.py:149} INFO - [2023-05-20T15:29:59.454+0000] {dagbag.py:541} INFO - Filling up the DagBag from /home/airflow/.local/lib/python3.7/site-packages/airflow/example_dags/example_branch_labels.py
[2023-05-20T15:29:59.463+0000] {processor.py:836} INFO - DAG(s) dict_keys(['example_branch_labels']) retrieved from /home/airflow/.local/lib/python3.7/site-packages/airflow/example_dags/example_branch_labels.py
[2023-05-20T15:29:59.493+0000] {logging_mixin.py:149} INFO - [2023-05-20T15:29:59.493+0000] {dag.py:2726} INFO - Sync 1 DAGs
[2023-05-20T15:29:59.522+0000] {logging_mixin.py:149} INFO - [2023-05-20T15:29:59.522+0000] {dag.py:3490} INFO - Setting next_dagrun for example_branch_labels to 2023-05-19T00:00:00+00:00, run_after=2023-05-20T00:00:00+00:00
[2023-05-20T15:29:59.542+0000] {processor.py:179} INFO - Processing /home/airflow/.local/lib/python3.7/site-packages/airflow/example_dags/example_branch_labels.py took 0.094 seconds
[2023-05-20T15:30:29.764+0000] {processor.py:157} INFO - Started process (PID=1260) to work on /home/airflow/.local/lib/python3.7/site-packages/airflow/example_dags/example_branch_labels.py
[2023-05-20T15:30:29.767+0000] {processor.py:826} INFO - Processing file /home/airflow/.local/lib/python3.7/site-packages/airflow/example_dags/example_branch_labels.py for tasks to queue
[2023-05-20T15:30:29.769+0000] {logging_mixin.py:149} INFO - [2023-05-20T15:30:29.769+0000] {dagbag.py:541} INFO - Filling up the DagBag from /home/airflow/.local/lib/python3.7/site-packages/airflow/example_dags/example_branch_labels.py
[2023-05-20T15:30:29.781+0000] {processor.py:836} INFO - DAG(s) dict_keys(['example_branch_labels']) retrieved from /home/airflow/.local/lib/python3.7/site-packages/airflow/example_dags/example_branch_labels.py
[2023-05-20T15:30:29.815+0000] {logging_mixin.py:149} INFO - [2023-05-20T15:30:29.814+0000] {dag.py:2726} INFO - Sync 1 DAGs
[2023-05-20T15:30:29.851+0000] {logging_mixin.py:149} INFO - [2023-05-20T15:30:29.851+0000] {dag.py:3490} INFO - Setting next_dagrun for example_branch_labels to 2023-05-19T00:00:00+00:00, run_after=2023-05-20T00:00:00+00:00
[2023-05-20T15:30:29.875+0000] {processor.py:179} INFO - Processing /home/airflow/.local/lib/python3.7/site-packages/airflow/example_dags/example_branch_labels.py took 0.115 seconds
[2023-05-20T15:31:00.141+0000] {processor.py:157} INFO - Started process (PID=1318) to work on /home/airflow/.local/lib/python3.7/site-packages/airflow/example_dags/example_branch_labels.py
[2023-05-20T15:31:00.143+0000] {processor.py:826} INFO - Processing file /home/airflow/.local/lib/python3.7/site-packages/airflow/example_dags/example_branch_labels.py for tasks to queue
[2023-05-20T15:31:00.145+0000] {logging_mixin.py:149} INFO - [2023-05-20T15:31:00.145+0000] {dagbag.py:541} INFO - Filling up the DagBag from /home/airflow/.local/lib/python3.7/site-packages/airflow/example_dags/example_branch_labels.py
[2023-05-20T15:31:00.159+0000] {processor.py:836} INFO - DAG(s) dict_keys(['example_branch_labels']) retrieved from /home/airflow/.local/lib/python3.7/site-packages/airflow/example_dags/example_branch_labels.py
[2023-05-20T15:31:00.208+0000] {logging_mixin.py:149} INFO - [2023-05-20T15:31:00.207+0000] {dag.py:2726} INFO - Sync 1 DAGs
[2023-05-20T15:31:00.256+0000] {logging_mixin.py:149} INFO - [2023-05-20T15:31:00.256+0000] {dag.py:3490} INFO - Setting next_dagrun for example_branch_labels to 2023-05-19T00:00:00+00:00, run_after=2023-05-20T00:00:00+00:00
[2023-05-20T15:31:00.293+0000] {processor.py:179} INFO - Processing /home/airflow/.local/lib/python3.7/site-packages/airflow/example_dags/example_branch_labels.py took 0.159 seconds
[2023-05-20T15:31:30.438+0000] {processor.py:157} INFO - Started process (PID=1376) to work on /home/airflow/.local/lib/python3.7/site-packages/airflow/example_dags/example_branch_labels.py
[2023-05-20T15:31:30.440+0000] {processor.py:826} INFO - Processing file /home/airflow/.local/lib/python3.7/site-packages/airflow/example_dags/example_branch_labels.py for tasks to queue
[2023-05-20T15:31:30.442+0000] {logging_mixin.py:149} INFO - [2023-05-20T15:31:30.442+0000] {dagbag.py:541} INFO - Filling up the DagBag from /home/airflow/.local/lib/python3.7/site-packages/airflow/example_dags/example_branch_labels.py
[2023-05-20T15:31:30.453+0000] {processor.py:836} INFO - DAG(s) dict_keys(['example_branch_labels']) retrieved from /home/airflow/.local/lib/python3.7/site-packages/airflow/example_dags/example_branch_labels.py
[2023-05-20T15:31:30.492+0000] {logging_mixin.py:149} INFO - [2023-05-20T15:31:30.492+0000] {dag.py:2726} INFO - Sync 1 DAGs
[2023-05-20T15:31:30.533+0000] {logging_mixin.py:149} INFO - [2023-05-20T15:31:30.533+0000] {dag.py:3490} INFO - Setting next_dagrun for example_branch_labels to 2023-05-19T00:00:00+00:00, run_after=2023-05-20T00:00:00+00:00
[2023-05-20T15:31:30.565+0000] {processor.py:179} INFO - Processing /home/airflow/.local/lib/python3.7/site-packages/airflow/example_dags/example_branch_labels.py took 0.131 seconds
[2023-05-20T15:32:00.798+0000] {processor.py:157} INFO - Started process (PID=1434) to work on /home/airflow/.local/lib/python3.7/site-packages/airflow/example_dags/example_branch_labels.py
[2023-05-20T15:32:00.799+0000] {processor.py:826} INFO - Processing file /home/airflow/.local/lib/python3.7/site-packages/airflow/example_dags/example_branch_labels.py for tasks to queue
[2023-05-20T15:32:00.801+0000] {logging_mixin.py:149} INFO - [2023-05-20T15:32:00.801+0000] {dagbag.py:541} INFO - Filling up the DagBag from /home/airflow/.local/lib/python3.7/site-packages/airflow/example_dags/example_branch_labels.py
[2023-05-20T15:32:00.811+0000] {processor.py:836} INFO - DAG(s) dict_keys(['example_branch_labels']) retrieved from /home/airflow/.local/lib/python3.7/site-packages/airflow/example_dags/example_branch_labels.py
[2023-05-20T15:32:00.846+0000] {logging_mixin.py:149} INFO - [2023-05-20T15:32:00.846+0000] {dag.py:2726} INFO - Sync 1 DAGs
[2023-05-20T15:32:00.881+0000] {logging_mixin.py:149} INFO - [2023-05-20T15:32:00.880+0000] {dag.py:3490} INFO - Setting next_dagrun for example_branch_labels to 2023-05-19T00:00:00+00:00, run_after=2023-05-20T00:00:00+00:00
[2023-05-20T15:32:00.903+0000] {processor.py:179} INFO - Processing /home/airflow/.local/lib/python3.7/site-packages/airflow/example_dags/example_branch_labels.py took 0.109 seconds
[2023-05-20T15:32:31.293+0000] {processor.py:157} INFO - Started process (PID=1492) to work on /home/airflow/.local/lib/python3.7/site-packages/airflow/example_dags/example_branch_labels.py
[2023-05-20T15:32:31.295+0000] {processor.py:826} INFO - Processing file /home/airflow/.local/lib/python3.7/site-packages/airflow/example_dags/example_branch_labels.py for tasks to queue
[2023-05-20T15:32:31.296+0000] {logging_mixin.py:149} INFO - [2023-05-20T15:32:31.296+0000] {dagbag.py:541} INFO - Filling up the DagBag from /home/airflow/.local/lib/python3.7/site-packages/airflow/example_dags/example_branch_labels.py
[2023-05-20T15:32:31.307+0000] {processor.py:836} INFO - DAG(s) dict_keys(['example_branch_labels']) retrieved from /home/airflow/.local/lib/python3.7/site-packages/airflow/example_dags/example_branch_labels.py
[2023-05-20T15:32:31.346+0000] {logging_mixin.py:149} INFO - [2023-05-20T15:32:31.346+0000] {dag.py:2726} INFO - Sync 1 DAGs
[2023-05-20T15:32:31.439+0000] {logging_mixin.py:149} INFO - [2023-05-20T15:32:31.438+0000] {dag.py:3490} INFO - Setting next_dagrun for example_branch_labels to 2023-05-19T00:00:00+00:00, run_after=2023-05-20T00:00:00+00:00
[2023-05-20T15:32:31.468+0000] {processor.py:179} INFO - Processing /home/airflow/.local/lib/python3.7/site-packages/airflow/example_dags/example_branch_labels.py took 0.180 seconds
[2023-05-20T15:33:01.684+0000] {processor.py:157} INFO - Started process (PID=1550) to work on /home/airflow/.local/lib/python3.7/site-packages/airflow/example_dags/example_branch_labels.py
[2023-05-20T15:33:01.685+0000] {processor.py:826} INFO - Processing file /home/airflow/.local/lib/python3.7/site-packages/airflow/example_dags/example_branch_labels.py for tasks to queue
[2023-05-20T15:33:01.687+0000] {logging_mixin.py:149} INFO - [2023-05-20T15:33:01.687+0000] {dagbag.py:541} INFO - Filling up the DagBag from /home/airflow/.local/lib/python3.7/site-packages/airflow/example_dags/example_branch_labels.py
[2023-05-20T15:33:01.698+0000] {processor.py:836} INFO - DAG(s) dict_keys(['example_branch_labels']) retrieved from /home/airflow/.local/lib/python3.7/site-packages/airflow/example_dags/example_branch_labels.py
[2023-05-20T15:33:01.739+0000] {logging_mixin.py:149} INFO - [2023-05-20T15:33:01.739+0000] {dag.py:2726} INFO - Sync 1 DAGs
[2023-05-20T15:33:01.793+0000] {logging_mixin.py:149} INFO - [2023-05-20T15:33:01.793+0000] {dag.py:3490} INFO - Setting next_dagrun for example_branch_labels to 2023-05-19T00:00:00+00:00, run_after=2023-05-20T00:00:00+00:00
[2023-05-20T15:33:01.821+0000] {processor.py:179} INFO - Processing /home/airflow/.local/lib/python3.7/site-packages/airflow/example_dags/example_branch_labels.py took 0.142 seconds
[2023-05-20T15:33:32.052+0000] {processor.py:157} INFO - Started process (PID=1608) to work on /home/airflow/.local/lib/python3.7/site-packages/airflow/example_dags/example_branch_labels.py
[2023-05-20T15:33:32.054+0000] {processor.py:826} INFO - Processing file /home/airflow/.local/lib/python3.7/site-packages/airflow/example_dags/example_branch_labels.py for tasks to queue
[2023-05-20T15:33:32.056+0000] {logging_mixin.py:149} INFO - [2023-05-20T15:33:32.056+0000] {dagbag.py:541} INFO - Filling up the DagBag from /home/airflow/.local/lib/python3.7/site-packages/airflow/example_dags/example_branch_labels.py
[2023-05-20T15:33:32.067+0000] {processor.py:836} INFO - DAG(s) dict_keys(['example_branch_labels']) retrieved from /home/airflow/.local/lib/python3.7/site-packages/airflow/example_dags/example_branch_labels.py
[2023-05-20T15:33:32.103+0000] {logging_mixin.py:149} INFO - [2023-05-20T15:33:32.103+0000] {dag.py:2726} INFO - Sync 1 DAGs
[2023-05-20T15:33:32.137+0000] {logging_mixin.py:149} INFO - [2023-05-20T15:33:32.137+0000] {dag.py:3490} INFO - Setting next_dagrun for example_branch_labels to 2023-05-19T00:00:00+00:00, run_after=2023-05-20T00:00:00+00:00
[2023-05-20T15:33:32.162+0000] {processor.py:179} INFO - Processing /home/airflow/.local/lib/python3.7/site-packages/airflow/example_dags/example_branch_labels.py took 0.114 seconds
[2023-05-20T15:34:02.579+0000] {processor.py:157} INFO - Started process (PID=1666) to work on /home/airflow/.local/lib/python3.7/site-packages/airflow/example_dags/example_branch_labels.py
[2023-05-20T15:34:02.581+0000] {processor.py:826} INFO - Processing file /home/airflow/.local/lib/python3.7/site-packages/airflow/example_dags/example_branch_labels.py for tasks to queue
[2023-05-20T15:34:02.583+0000] {logging_mixin.py:149} INFO - [2023-05-20T15:34:02.583+0000] {dagbag.py:541} INFO - Filling up the DagBag from /home/airflow/.local/lib/python3.7/site-packages/airflow/example_dags/example_branch_labels.py
[2023-05-20T15:34:02.595+0000] {processor.py:836} INFO - DAG(s) dict_keys(['example_branch_labels']) retrieved from /home/airflow/.local/lib/python3.7/site-packages/airflow/example_dags/example_branch_labels.py
[2023-05-20T15:34:02.640+0000] {logging_mixin.py:149} INFO - [2023-05-20T15:34:02.640+0000] {dag.py:2726} INFO - Sync 1 DAGs
[2023-05-20T15:34:02.692+0000] {logging_mixin.py:149} INFO - [2023-05-20T15:34:02.691+0000] {dag.py:3490} INFO - Setting next_dagrun for example_branch_labels to 2023-05-19T00:00:00+00:00, run_after=2023-05-20T00:00:00+00:00
[2023-05-20T15:34:02.723+0000] {processor.py:179} INFO - Processing /home/airflow/.local/lib/python3.7/site-packages/airflow/example_dags/example_branch_labels.py took 0.149 seconds
[2023-05-20T15:34:32.778+0000] {processor.py:157} INFO - Started process (PID=1724) to work on /home/airflow/.local/lib/python3.7/site-packages/airflow/example_dags/example_branch_labels.py
[2023-05-20T15:34:32.815+0000] {processor.py:826} INFO - Processing file /home/airflow/.local/lib/python3.7/site-packages/airflow/example_dags/example_branch_labels.py for tasks to queue
[2023-05-20T15:34:32.817+0000] {logging_mixin.py:149} INFO - [2023-05-20T15:34:32.817+0000] {dagbag.py:541} INFO - Filling up the DagBag from /home/airflow/.local/lib/python3.7/site-packages/airflow/example_dags/example_branch_labels.py
[2023-05-20T15:34:32.830+0000] {processor.py:836} INFO - DAG(s) dict_keys(['example_branch_labels']) retrieved from /home/airflow/.local/lib/python3.7/site-packages/airflow/example_dags/example_branch_labels.py
[2023-05-20T15:34:32.868+0000] {logging_mixin.py:149} INFO - [2023-05-20T15:34:32.868+0000] {dag.py:2726} INFO - Sync 1 DAGs
[2023-05-20T15:34:32.903+0000] {logging_mixin.py:149} INFO - [2023-05-20T15:34:32.903+0000] {dag.py:3490} INFO - Setting next_dagrun for example_branch_labels to 2023-05-19T00:00:00+00:00, run_after=2023-05-20T00:00:00+00:00
[2023-05-20T15:34:32.927+0000] {processor.py:179} INFO - Processing /home/airflow/.local/lib/python3.7/site-packages/airflow/example_dags/example_branch_labels.py took 0.153 seconds
[2023-05-20T15:35:03.473+0000] {processor.py:157} INFO - Started process (PID=1782) to work on /home/airflow/.local/lib/python3.7/site-packages/airflow/example_dags/example_branch_labels.py
[2023-05-20T15:35:03.475+0000] {processor.py:826} INFO - Processing file /home/airflow/.local/lib/python3.7/site-packages/airflow/example_dags/example_branch_labels.py for tasks to queue
[2023-05-20T15:35:03.478+0000] {logging_mixin.py:149} INFO - [2023-05-20T15:35:03.477+0000] {dagbag.py:541} INFO - Filling up the DagBag from /home/airflow/.local/lib/python3.7/site-packages/airflow/example_dags/example_branch_labels.py
[2023-05-20T15:35:03.491+0000] {processor.py:836} INFO - DAG(s) dict_keys(['example_branch_labels']) retrieved from /home/airflow/.local/lib/python3.7/site-packages/airflow/example_dags/example_branch_labels.py
[2023-05-20T15:35:03.535+0000] {logging_mixin.py:149} INFO - [2023-05-20T15:35:03.535+0000] {dag.py:2726} INFO - Sync 1 DAGs
[2023-05-20T15:35:03.576+0000] {logging_mixin.py:149} INFO - [2023-05-20T15:35:03.576+0000] {dag.py:3490} INFO - Setting next_dagrun for example_branch_labels to 2023-05-19T00:00:00+00:00, run_after=2023-05-20T00:00:00+00:00
[2023-05-20T15:35:03.605+0000] {processor.py:179} INFO - Processing /home/airflow/.local/lib/python3.7/site-packages/airflow/example_dags/example_branch_labels.py took 0.137 seconds
[2023-05-20T15:35:33.957+0000] {processor.py:157} INFO - Started process (PID=1840) to work on /home/airflow/.local/lib/python3.7/site-packages/airflow/example_dags/example_branch_labels.py
[2023-05-20T15:35:33.959+0000] {processor.py:826} INFO - Processing file /home/airflow/.local/lib/python3.7/site-packages/airflow/example_dags/example_branch_labels.py for tasks to queue
[2023-05-20T15:35:33.960+0000] {logging_mixin.py:149} INFO - [2023-05-20T15:35:33.960+0000] {dagbag.py:541} INFO - Filling up the DagBag from /home/airflow/.local/lib/python3.7/site-packages/airflow/example_dags/example_branch_labels.py
[2023-05-20T15:35:33.973+0000] {processor.py:836} INFO - DAG(s) dict_keys(['example_branch_labels']) retrieved from /home/airflow/.local/lib/python3.7/site-packages/airflow/example_dags/example_branch_labels.py
[2023-05-20T15:35:34.015+0000] {logging_mixin.py:149} INFO - [2023-05-20T15:35:34.015+0000] {dag.py:2726} INFO - Sync 1 DAGs
[2023-05-20T15:35:34.058+0000] {logging_mixin.py:149} INFO - [2023-05-20T15:35:34.058+0000] {dag.py:3490} INFO - Setting next_dagrun for example_branch_labels to 2023-05-19T00:00:00+00:00, run_after=2023-05-20T00:00:00+00:00
[2023-05-20T15:35:34.105+0000] {processor.py:179} INFO - Processing /home/airflow/.local/lib/python3.7/site-packages/airflow/example_dags/example_branch_labels.py took 0.153 seconds
[2023-05-20T15:36:04.792+0000] {processor.py:157} INFO - Started process (PID=1898) to work on /home/airflow/.local/lib/python3.7/site-packages/airflow/example_dags/example_branch_labels.py
[2023-05-20T15:36:04.793+0000] {processor.py:826} INFO - Processing file /home/airflow/.local/lib/python3.7/site-packages/airflow/example_dags/example_branch_labels.py for tasks to queue
[2023-05-20T15:36:04.795+0000] {logging_mixin.py:149} INFO - [2023-05-20T15:36:04.794+0000] {dagbag.py:541} INFO - Filling up the DagBag from /home/airflow/.local/lib/python3.7/site-packages/airflow/example_dags/example_branch_labels.py
[2023-05-20T15:36:04.805+0000] {processor.py:836} INFO - DAG(s) dict_keys(['example_branch_labels']) retrieved from /home/airflow/.local/lib/python3.7/site-packages/airflow/example_dags/example_branch_labels.py
[2023-05-20T15:36:04.838+0000] {logging_mixin.py:149} INFO - [2023-05-20T15:36:04.838+0000] {dag.py:2726} INFO - Sync 1 DAGs
[2023-05-20T15:36:04.871+0000] {logging_mixin.py:149} INFO - [2023-05-20T15:36:04.871+0000] {dag.py:3490} INFO - Setting next_dagrun for example_branch_labels to 2023-05-19T00:00:00+00:00, run_after=2023-05-20T00:00:00+00:00
[2023-05-20T15:36:04.892+0000] {processor.py:179} INFO - Processing /home/airflow/.local/lib/python3.7/site-packages/airflow/example_dags/example_branch_labels.py took 0.105 seconds
[2023-05-20T15:36:35.098+0000] {processor.py:157} INFO - Started process (PID=1956) to work on /home/airflow/.local/lib/python3.7/site-packages/airflow/example_dags/example_branch_labels.py
[2023-05-20T15:36:35.099+0000] {processor.py:826} INFO - Processing file /home/airflow/.local/lib/python3.7/site-packages/airflow/example_dags/example_branch_labels.py for tasks to queue
[2023-05-20T15:36:35.101+0000] {logging_mixin.py:149} INFO - [2023-05-20T15:36:35.101+0000] {dagbag.py:541} INFO - Filling up the DagBag from /home/airflow/.local/lib/python3.7/site-packages/airflow/example_dags/example_branch_labels.py
[2023-05-20T15:36:35.113+0000] {processor.py:836} INFO - DAG(s) dict_keys(['example_branch_labels']) retrieved from /home/airflow/.local/lib/python3.7/site-packages/airflow/example_dags/example_branch_labels.py
[2023-05-20T15:36:35.149+0000] {logging_mixin.py:149} INFO - [2023-05-20T15:36:35.149+0000] {dag.py:2726} INFO - Sync 1 DAGs
[2023-05-20T15:36:35.188+0000] {logging_mixin.py:149} INFO - [2023-05-20T15:36:35.188+0000] {dag.py:3490} INFO - Setting next_dagrun for example_branch_labels to 2023-05-19T00:00:00+00:00, run_after=2023-05-20T00:00:00+00:00
[2023-05-20T15:36:35.213+0000] {processor.py:179} INFO - Processing /home/airflow/.local/lib/python3.7/site-packages/airflow/example_dags/example_branch_labels.py took 0.119 seconds
[2023-05-20T15:37:05.468+0000] {processor.py:157} INFO - Started process (PID=2015) to work on /home/airflow/.local/lib/python3.7/site-packages/airflow/example_dags/example_branch_labels.py
[2023-05-20T15:37:05.470+0000] {processor.py:826} INFO - Processing file /home/airflow/.local/lib/python3.7/site-packages/airflow/example_dags/example_branch_labels.py for tasks to queue
[2023-05-20T15:37:05.471+0000] {logging_mixin.py:149} INFO - [2023-05-20T15:37:05.471+0000] {dagbag.py:541} INFO - Filling up the DagBag from /home/airflow/.local/lib/python3.7/site-packages/airflow/example_dags/example_branch_labels.py
[2023-05-20T15:37:05.482+0000] {processor.py:836} INFO - DAG(s) dict_keys(['example_branch_labels']) retrieved from /home/airflow/.local/lib/python3.7/site-packages/airflow/example_dags/example_branch_labels.py
[2023-05-20T15:37:05.516+0000] {logging_mixin.py:149} INFO - [2023-05-20T15:37:05.516+0000] {dag.py:2726} INFO - Sync 1 DAGs
[2023-05-20T15:37:05.548+0000] {logging_mixin.py:149} INFO - [2023-05-20T15:37:05.548+0000] {dag.py:3490} INFO - Setting next_dagrun for example_branch_labels to 2023-05-19T00:00:00+00:00, run_after=2023-05-20T00:00:00+00:00
[2023-05-20T15:37:05.569+0000] {processor.py:179} INFO - Processing /home/airflow/.local/lib/python3.7/site-packages/airflow/example_dags/example_branch_labels.py took 0.105 seconds
[2023-05-20T15:37:35.981+0000] {processor.py:157} INFO - Started process (PID=2073) to work on /home/airflow/.local/lib/python3.7/site-packages/airflow/example_dags/example_branch_labels.py
[2023-05-20T15:37:35.983+0000] {processor.py:826} INFO - Processing file /home/airflow/.local/lib/python3.7/site-packages/airflow/example_dags/example_branch_labels.py for tasks to queue
[2023-05-20T15:37:35.985+0000] {logging_mixin.py:149} INFO - [2023-05-20T15:37:35.985+0000] {dagbag.py:541} INFO - Filling up the DagBag from /home/airflow/.local/lib/python3.7/site-packages/airflow/example_dags/example_branch_labels.py
[2023-05-20T15:37:35.998+0000] {processor.py:836} INFO - DAG(s) dict_keys(['example_branch_labels']) retrieved from /home/airflow/.local/lib/python3.7/site-packages/airflow/example_dags/example_branch_labels.py
[2023-05-20T15:37:36.045+0000] {logging_mixin.py:149} INFO - [2023-05-20T15:37:36.045+0000] {dag.py:2726} INFO - Sync 1 DAGs
[2023-05-20T15:37:36.112+0000] {logging_mixin.py:149} INFO - [2023-05-20T15:37:36.112+0000] {dag.py:3490} INFO - Setting next_dagrun for example_branch_labels to 2023-05-19T00:00:00+00:00, run_after=2023-05-20T00:00:00+00:00
[2023-05-20T15:37:36.147+0000] {processor.py:179} INFO - Processing /home/airflow/.local/lib/python3.7/site-packages/airflow/example_dags/example_branch_labels.py took 0.170 seconds
[2023-05-20T15:38:06.623+0000] {processor.py:157} INFO - Started process (PID=2131) to work on /home/airflow/.local/lib/python3.7/site-packages/airflow/example_dags/example_branch_labels.py
[2023-05-20T15:38:06.625+0000] {processor.py:826} INFO - Processing file /home/airflow/.local/lib/python3.7/site-packages/airflow/example_dags/example_branch_labels.py for tasks to queue
[2023-05-20T15:38:06.627+0000] {logging_mixin.py:149} INFO - [2023-05-20T15:38:06.627+0000] {dagbag.py:541} INFO - Filling up the DagBag from /home/airflow/.local/lib/python3.7/site-packages/airflow/example_dags/example_branch_labels.py
[2023-05-20T15:38:06.637+0000] {processor.py:836} INFO - DAG(s) dict_keys(['example_branch_labels']) retrieved from /home/airflow/.local/lib/python3.7/site-packages/airflow/example_dags/example_branch_labels.py
[2023-05-20T15:38:06.683+0000] {logging_mixin.py:149} INFO - [2023-05-20T15:38:06.682+0000] {dag.py:2726} INFO - Sync 1 DAGs
[2023-05-20T15:38:06.727+0000] {logging_mixin.py:149} INFO - [2023-05-20T15:38:06.727+0000] {dag.py:3490} INFO - Setting next_dagrun for example_branch_labels to 2023-05-19T00:00:00+00:00, run_after=2023-05-20T00:00:00+00:00
[2023-05-20T15:38:06.758+0000] {processor.py:179} INFO - Processing /home/airflow/.local/lib/python3.7/site-packages/airflow/example_dags/example_branch_labels.py took 0.140 seconds
[2023-05-20T15:38:37.160+0000] {processor.py:157} INFO - Started process (PID=2189) to work on /home/airflow/.local/lib/python3.7/site-packages/airflow/example_dags/example_branch_labels.py
[2023-05-20T15:38:37.162+0000] {processor.py:826} INFO - Processing file /home/airflow/.local/lib/python3.7/site-packages/airflow/example_dags/example_branch_labels.py for tasks to queue
[2023-05-20T15:38:37.163+0000] {logging_mixin.py:149} INFO - [2023-05-20T15:38:37.163+0000] {dagbag.py:541} INFO - Filling up the DagBag from /home/airflow/.local/lib/python3.7/site-packages/airflow/example_dags/example_branch_labels.py
[2023-05-20T15:38:37.175+0000] {processor.py:836} INFO - DAG(s) dict_keys(['example_branch_labels']) retrieved from /home/airflow/.local/lib/python3.7/site-packages/airflow/example_dags/example_branch_labels.py
[2023-05-20T15:38:37.217+0000] {logging_mixin.py:149} INFO - [2023-05-20T15:38:37.217+0000] {dag.py:2726} INFO - Sync 1 DAGs
[2023-05-20T15:38:37.260+0000] {logging_mixin.py:149} INFO - [2023-05-20T15:38:37.260+0000] {dag.py:3490} INFO - Setting next_dagrun for example_branch_labels to 2023-05-19T00:00:00+00:00, run_after=2023-05-20T00:00:00+00:00
[2023-05-20T15:38:37.288+0000] {processor.py:179} INFO - Processing /home/airflow/.local/lib/python3.7/site-packages/airflow/example_dags/example_branch_labels.py took 0.134 seconds
[2023-05-20T15:39:07.381+0000] {processor.py:157} INFO - Started process (PID=2247) to work on /home/airflow/.local/lib/python3.7/site-packages/airflow/example_dags/example_branch_labels.py
[2023-05-20T15:39:07.395+0000] {processor.py:826} INFO - Processing file /home/airflow/.local/lib/python3.7/site-packages/airflow/example_dags/example_branch_labels.py for tasks to queue
[2023-05-20T15:39:07.396+0000] {logging_mixin.py:149} INFO - [2023-05-20T15:39:07.396+0000] {dagbag.py:541} INFO - Filling up the DagBag from /home/airflow/.local/lib/python3.7/site-packages/airflow/example_dags/example_branch_labels.py
[2023-05-20T15:39:07.406+0000] {processor.py:836} INFO - DAG(s) dict_keys(['example_branch_labels']) retrieved from /home/airflow/.local/lib/python3.7/site-packages/airflow/example_dags/example_branch_labels.py
[2023-05-20T15:39:07.441+0000] {logging_mixin.py:149} INFO - [2023-05-20T15:39:07.441+0000] {dag.py:2726} INFO - Sync 1 DAGs
[2023-05-20T15:39:07.475+0000] {logging_mixin.py:149} INFO - [2023-05-20T15:39:07.475+0000] {dag.py:3490} INFO - Setting next_dagrun for example_branch_labels to 2023-05-19T00:00:00+00:00, run_after=2023-05-20T00:00:00+00:00
[2023-05-20T15:39:07.500+0000] {processor.py:179} INFO - Processing /home/airflow/.local/lib/python3.7/site-packages/airflow/example_dags/example_branch_labels.py took 0.124 seconds
[2023-05-20T15:39:37.576+0000] {processor.py:157} INFO - Started process (PID=2305) to work on /home/airflow/.local/lib/python3.7/site-packages/airflow/example_dags/example_branch_labels.py
[2023-05-20T15:39:37.578+0000] {processor.py:826} INFO - Processing file /home/airflow/.local/lib/python3.7/site-packages/airflow/example_dags/example_branch_labels.py for tasks to queue
[2023-05-20T15:39:37.580+0000] {logging_mixin.py:149} INFO - [2023-05-20T15:39:37.579+0000] {dagbag.py:541} INFO - Filling up the DagBag from /home/airflow/.local/lib/python3.7/site-packages/airflow/example_dags/example_branch_labels.py
[2023-05-20T15:39:37.589+0000] {processor.py:836} INFO - DAG(s) dict_keys(['example_branch_labels']) retrieved from /home/airflow/.local/lib/python3.7/site-packages/airflow/example_dags/example_branch_labels.py
[2023-05-20T15:39:37.622+0000] {logging_mixin.py:149} INFO - [2023-05-20T15:39:37.622+0000] {dag.py:2726} INFO - Sync 1 DAGs
[2023-05-20T15:39:37.656+0000] {logging_mixin.py:149} INFO - [2023-05-20T15:39:37.656+0000] {dag.py:3490} INFO - Setting next_dagrun for example_branch_labels to 2023-05-19T00:00:00+00:00, run_after=2023-05-20T00:00:00+00:00
[2023-05-20T15:39:37.679+0000] {processor.py:179} INFO - Processing /home/airflow/.local/lib/python3.7/site-packages/airflow/example_dags/example_branch_labels.py took 0.107 seconds
[2023-05-20T15:40:08.315+0000] {processor.py:157} INFO - Started process (PID=2370) to work on /home/airflow/.local/lib/python3.7/site-packages/airflow/example_dags/example_branch_labels.py
[2023-05-20T15:40:08.317+0000] {processor.py:826} INFO - Processing file /home/airflow/.local/lib/python3.7/site-packages/airflow/example_dags/example_branch_labels.py for tasks to queue
[2023-05-20T15:40:08.319+0000] {logging_mixin.py:149} INFO - [2023-05-20T15:40:08.318+0000] {dagbag.py:541} INFO - Filling up the DagBag from /home/airflow/.local/lib/python3.7/site-packages/airflow/example_dags/example_branch_labels.py
[2023-05-20T15:40:08.331+0000] {processor.py:836} INFO - DAG(s) dict_keys(['example_branch_labels']) retrieved from /home/airflow/.local/lib/python3.7/site-packages/airflow/example_dags/example_branch_labels.py
[2023-05-20T15:40:08.384+0000] {logging_mixin.py:149} INFO - [2023-05-20T15:40:08.384+0000] {dag.py:2726} INFO - Sync 1 DAGs
[2023-05-20T15:40:08.436+0000] {logging_mixin.py:149} INFO - [2023-05-20T15:40:08.436+0000] {dag.py:3490} INFO - Setting next_dagrun for example_branch_labels to 2023-05-19T00:00:00+00:00, run_after=2023-05-20T00:00:00+00:00
[2023-05-20T15:40:08.467+0000] {processor.py:179} INFO - Processing /home/airflow/.local/lib/python3.7/site-packages/airflow/example_dags/example_branch_labels.py took 0.158 seconds
[2023-05-20T15:40:38.630+0000] {processor.py:157} INFO - Started process (PID=2428) to work on /home/airflow/.local/lib/python3.7/site-packages/airflow/example_dags/example_branch_labels.py
[2023-05-20T15:40:38.633+0000] {processor.py:826} INFO - Processing file /home/airflow/.local/lib/python3.7/site-packages/airflow/example_dags/example_branch_labels.py for tasks to queue
[2023-05-20T15:40:38.634+0000] {logging_mixin.py:149} INFO - [2023-05-20T15:40:38.634+0000] {dagbag.py:541} INFO - Filling up the DagBag from /home/airflow/.local/lib/python3.7/site-packages/airflow/example_dags/example_branch_labels.py
[2023-05-20T15:40:38.647+0000] {processor.py:836} INFO - DAG(s) dict_keys(['example_branch_labels']) retrieved from /home/airflow/.local/lib/python3.7/site-packages/airflow/example_dags/example_branch_labels.py
[2023-05-20T15:40:38.682+0000] {logging_mixin.py:149} INFO - [2023-05-20T15:40:38.682+0000] {dag.py:2726} INFO - Sync 1 DAGs
[2023-05-20T15:40:38.728+0000] {logging_mixin.py:149} INFO - [2023-05-20T15:40:38.728+0000] {dag.py:3490} INFO - Setting next_dagrun for example_branch_labels to 2023-05-19T00:00:00+00:00, run_after=2023-05-20T00:00:00+00:00
[2023-05-20T15:40:38.759+0000] {processor.py:179} INFO - Processing /home/airflow/.local/lib/python3.7/site-packages/airflow/example_dags/example_branch_labels.py took 0.133 seconds
[2023-05-20T15:41:09.086+0000] {processor.py:157} INFO - Started process (PID=2486) to work on /home/airflow/.local/lib/python3.7/site-packages/airflow/example_dags/example_branch_labels.py
[2023-05-20T15:41:09.089+0000] {processor.py:826} INFO - Processing file /home/airflow/.local/lib/python3.7/site-packages/airflow/example_dags/example_branch_labels.py for tasks to queue
[2023-05-20T15:41:09.090+0000] {logging_mixin.py:149} INFO - [2023-05-20T15:41:09.090+0000] {dagbag.py:541} INFO - Filling up the DagBag from /home/airflow/.local/lib/python3.7/site-packages/airflow/example_dags/example_branch_labels.py
[2023-05-20T15:41:09.101+0000] {processor.py:836} INFO - DAG(s) dict_keys(['example_branch_labels']) retrieved from /home/airflow/.local/lib/python3.7/site-packages/airflow/example_dags/example_branch_labels.py
[2023-05-20T15:41:09.139+0000] {logging_mixin.py:149} INFO - [2023-05-20T15:41:09.139+0000] {dag.py:2726} INFO - Sync 1 DAGs
[2023-05-20T15:41:09.173+0000] {logging_mixin.py:149} INFO - [2023-05-20T15:41:09.173+0000] {dag.py:3490} INFO - Setting next_dagrun for example_branch_labels to 2023-05-19T00:00:00+00:00, run_after=2023-05-20T00:00:00+00:00
[2023-05-20T15:41:09.196+0000] {processor.py:179} INFO - Processing /home/airflow/.local/lib/python3.7/site-packages/airflow/example_dags/example_branch_labels.py took 0.114 seconds
[2023-05-20T15:41:39.466+0000] {processor.py:157} INFO - Started process (PID=2544) to work on /home/airflow/.local/lib/python3.7/site-packages/airflow/example_dags/example_branch_labels.py
[2023-05-20T15:41:39.468+0000] {processor.py:826} INFO - Processing file /home/airflow/.local/lib/python3.7/site-packages/airflow/example_dags/example_branch_labels.py for tasks to queue
[2023-05-20T15:41:39.470+0000] {logging_mixin.py:149} INFO - [2023-05-20T15:41:39.469+0000] {dagbag.py:541} INFO - Filling up the DagBag from /home/airflow/.local/lib/python3.7/site-packages/airflow/example_dags/example_branch_labels.py
[2023-05-20T15:41:39.481+0000] {processor.py:836} INFO - DAG(s) dict_keys(['example_branch_labels']) retrieved from /home/airflow/.local/lib/python3.7/site-packages/airflow/example_dags/example_branch_labels.py
[2023-05-20T15:41:39.518+0000] {logging_mixin.py:149} INFO - [2023-05-20T15:41:39.517+0000] {dag.py:2726} INFO - Sync 1 DAGs
[2023-05-20T15:41:39.555+0000] {logging_mixin.py:149} INFO - [2023-05-20T15:41:39.555+0000] {dag.py:3490} INFO - Setting next_dagrun for example_branch_labels to 2023-05-19T00:00:00+00:00, run_after=2023-05-20T00:00:00+00:00
[2023-05-20T15:41:39.580+0000] {processor.py:179} INFO - Processing /home/airflow/.local/lib/python3.7/site-packages/airflow/example_dags/example_branch_labels.py took 0.119 seconds
[2023-05-20T15:42:09.763+0000] {processor.py:157} INFO - Started process (PID=2602) to work on /home/airflow/.local/lib/python3.7/site-packages/airflow/example_dags/example_branch_labels.py
[2023-05-20T15:42:09.764+0000] {processor.py:826} INFO - Processing file /home/airflow/.local/lib/python3.7/site-packages/airflow/example_dags/example_branch_labels.py for tasks to queue
[2023-05-20T15:42:09.766+0000] {logging_mixin.py:149} INFO - [2023-05-20T15:42:09.766+0000] {dagbag.py:541} INFO - Filling up the DagBag from /home/airflow/.local/lib/python3.7/site-packages/airflow/example_dags/example_branch_labels.py
[2023-05-20T15:42:09.776+0000] {processor.py:836} INFO - DAG(s) dict_keys(['example_branch_labels']) retrieved from /home/airflow/.local/lib/python3.7/site-packages/airflow/example_dags/example_branch_labels.py
[2023-05-20T15:42:09.809+0000] {logging_mixin.py:149} INFO - [2023-05-20T15:42:09.809+0000] {dag.py:2726} INFO - Sync 1 DAGs
[2023-05-20T15:42:09.845+0000] {logging_mixin.py:149} INFO - [2023-05-20T15:42:09.845+0000] {dag.py:3490} INFO - Setting next_dagrun for example_branch_labels to 2023-05-19T00:00:00+00:00, run_after=2023-05-20T00:00:00+00:00
[2023-05-20T15:42:09.869+0000] {processor.py:179} INFO - Processing /home/airflow/.local/lib/python3.7/site-packages/airflow/example_dags/example_branch_labels.py took 0.110 seconds
[2023-05-20T15:42:40.423+0000] {processor.py:157} INFO - Started process (PID=2660) to work on /home/airflow/.local/lib/python3.7/site-packages/airflow/example_dags/example_branch_labels.py
[2023-05-20T15:42:40.425+0000] {processor.py:826} INFO - Processing file /home/airflow/.local/lib/python3.7/site-packages/airflow/example_dags/example_branch_labels.py for tasks to queue
[2023-05-20T15:42:40.427+0000] {logging_mixin.py:149} INFO - [2023-05-20T15:42:40.427+0000] {dagbag.py:541} INFO - Filling up the DagBag from /home/airflow/.local/lib/python3.7/site-packages/airflow/example_dags/example_branch_labels.py
[2023-05-20T15:42:40.440+0000] {processor.py:836} INFO - DAG(s) dict_keys(['example_branch_labels']) retrieved from /home/airflow/.local/lib/python3.7/site-packages/airflow/example_dags/example_branch_labels.py
[2023-05-20T15:42:40.481+0000] {logging_mixin.py:149} INFO - [2023-05-20T15:42:40.481+0000] {dag.py:2726} INFO - Sync 1 DAGs
[2023-05-20T15:42:40.522+0000] {logging_mixin.py:149} INFO - [2023-05-20T15:42:40.522+0000] {dag.py:3490} INFO - Setting next_dagrun for example_branch_labels to 2023-05-19T00:00:00+00:00, run_after=2023-05-20T00:00:00+00:00
[2023-05-20T15:42:40.552+0000] {processor.py:179} INFO - Processing /home/airflow/.local/lib/python3.7/site-packages/airflow/example_dags/example_branch_labels.py took 0.135 seconds
[2023-05-20T15:43:10.607+0000] {processor.py:157} INFO - Started process (PID=2718) to work on /home/airflow/.local/lib/python3.7/site-packages/airflow/example_dags/example_branch_labels.py
[2023-05-20T15:43:10.609+0000] {processor.py:826} INFO - Processing file /home/airflow/.local/lib/python3.7/site-packages/airflow/example_dags/example_branch_labels.py for tasks to queue
[2023-05-20T15:43:10.610+0000] {logging_mixin.py:149} INFO - [2023-05-20T15:43:10.610+0000] {dagbag.py:541} INFO - Filling up the DagBag from /home/airflow/.local/lib/python3.7/site-packages/airflow/example_dags/example_branch_labels.py
[2023-05-20T15:43:10.620+0000] {processor.py:836} INFO - DAG(s) dict_keys(['example_branch_labels']) retrieved from /home/airflow/.local/lib/python3.7/site-packages/airflow/example_dags/example_branch_labels.py
[2023-05-20T15:43:10.664+0000] {logging_mixin.py:149} INFO - [2023-05-20T15:43:10.664+0000] {dag.py:2726} INFO - Sync 1 DAGs
[2023-05-20T15:43:10.706+0000] {logging_mixin.py:149} INFO - [2023-05-20T15:43:10.706+0000] {dag.py:3490} INFO - Setting next_dagrun for example_branch_labels to 2023-05-19T00:00:00+00:00, run_after=2023-05-20T00:00:00+00:00
[2023-05-20T15:43:10.728+0000] {processor.py:179} INFO - Processing /home/airflow/.local/lib/python3.7/site-packages/airflow/example_dags/example_branch_labels.py took 0.126 seconds
[2023-05-20T15:43:41.003+0000] {processor.py:157} INFO - Started process (PID=2777) to work on /home/airflow/.local/lib/python3.7/site-packages/airflow/example_dags/example_branch_labels.py
[2023-05-20T15:43:41.005+0000] {processor.py:826} INFO - Processing file /home/airflow/.local/lib/python3.7/site-packages/airflow/example_dags/example_branch_labels.py for tasks to queue
[2023-05-20T15:43:41.007+0000] {logging_mixin.py:149} INFO - [2023-05-20T15:43:41.006+0000] {dagbag.py:541} INFO - Filling up the DagBag from /home/airflow/.local/lib/python3.7/site-packages/airflow/example_dags/example_branch_labels.py
[2023-05-20T15:43:41.017+0000] {processor.py:836} INFO - DAG(s) dict_keys(['example_branch_labels']) retrieved from /home/airflow/.local/lib/python3.7/site-packages/airflow/example_dags/example_branch_labels.py
[2023-05-20T15:43:41.055+0000] {logging_mixin.py:149} INFO - [2023-05-20T15:43:41.055+0000] {dag.py:2726} INFO - Sync 1 DAGs
[2023-05-20T15:43:41.095+0000] {logging_mixin.py:149} INFO - [2023-05-20T15:43:41.095+0000] {dag.py:3490} INFO - Setting next_dagrun for example_branch_labels to 2023-05-19T00:00:00+00:00, run_after=2023-05-20T00:00:00+00:00
[2023-05-20T15:43:41.121+0000] {processor.py:179} INFO - Processing /home/airflow/.local/lib/python3.7/site-packages/airflow/example_dags/example_branch_labels.py took 0.122 seconds
[2023-05-20T15:44:11.342+0000] {processor.py:157} INFO - Started process (PID=2835) to work on /home/airflow/.local/lib/python3.7/site-packages/airflow/example_dags/example_branch_labels.py
[2023-05-20T15:44:11.343+0000] {processor.py:826} INFO - Processing file /home/airflow/.local/lib/python3.7/site-packages/airflow/example_dags/example_branch_labels.py for tasks to queue
[2023-05-20T15:44:11.344+0000] {logging_mixin.py:149} INFO - [2023-05-20T15:44:11.344+0000] {dagbag.py:541} INFO - Filling up the DagBag from /home/airflow/.local/lib/python3.7/site-packages/airflow/example_dags/example_branch_labels.py
[2023-05-20T15:44:11.356+0000] {processor.py:836} INFO - DAG(s) dict_keys(['example_branch_labels']) retrieved from /home/airflow/.local/lib/python3.7/site-packages/airflow/example_dags/example_branch_labels.py
[2023-05-20T15:44:11.387+0000] {logging_mixin.py:149} INFO - [2023-05-20T15:44:11.387+0000] {dag.py:2726} INFO - Sync 1 DAGs
[2023-05-20T15:44:11.418+0000] {logging_mixin.py:149} INFO - [2023-05-20T15:44:11.418+0000] {dag.py:3490} INFO - Setting next_dagrun for example_branch_labels to 2023-05-19T00:00:00+00:00, run_after=2023-05-20T00:00:00+00:00
[2023-05-20T15:44:11.438+0000] {processor.py:179} INFO - Processing /home/airflow/.local/lib/python3.7/site-packages/airflow/example_dags/example_branch_labels.py took 0.101 seconds
[2023-05-20T15:44:41.580+0000] {processor.py:157} INFO - Started process (PID=2892) to work on /home/airflow/.local/lib/python3.7/site-packages/airflow/example_dags/example_branch_labels.py
[2023-05-20T15:44:41.582+0000] {processor.py:826} INFO - Processing file /home/airflow/.local/lib/python3.7/site-packages/airflow/example_dags/example_branch_labels.py for tasks to queue
[2023-05-20T15:44:41.583+0000] {logging_mixin.py:149} INFO - [2023-05-20T15:44:41.583+0000] {dagbag.py:541} INFO - Filling up the DagBag from /home/airflow/.local/lib/python3.7/site-packages/airflow/example_dags/example_branch_labels.py
[2023-05-20T15:44:41.593+0000] {processor.py:836} INFO - DAG(s) dict_keys(['example_branch_labels']) retrieved from /home/airflow/.local/lib/python3.7/site-packages/airflow/example_dags/example_branch_labels.py
[2023-05-20T15:44:41.626+0000] {logging_mixin.py:149} INFO - [2023-05-20T15:44:41.626+0000] {dag.py:2726} INFO - Sync 1 DAGs
[2023-05-20T15:44:41.661+0000] {logging_mixin.py:149} INFO - [2023-05-20T15:44:41.661+0000] {dag.py:3490} INFO - Setting next_dagrun for example_branch_labels to 2023-05-19T00:00:00+00:00, run_after=2023-05-20T00:00:00+00:00
[2023-05-20T15:44:41.682+0000] {processor.py:179} INFO - Processing /home/airflow/.local/lib/python3.7/site-packages/airflow/example_dags/example_branch_labels.py took 0.106 seconds
[2023-05-20T15:45:12.350+0000] {processor.py:157} INFO - Started process (PID=2950) to work on /home/airflow/.local/lib/python3.7/site-packages/airflow/example_dags/example_branch_labels.py
[2023-05-20T15:45:12.352+0000] {processor.py:826} INFO - Processing file /home/airflow/.local/lib/python3.7/site-packages/airflow/example_dags/example_branch_labels.py for tasks to queue
[2023-05-20T15:45:12.354+0000] {logging_mixin.py:149} INFO - [2023-05-20T15:45:12.354+0000] {dagbag.py:541} INFO - Filling up the DagBag from /home/airflow/.local/lib/python3.7/site-packages/airflow/example_dags/example_branch_labels.py
[2023-05-20T15:45:12.368+0000] {processor.py:836} INFO - DAG(s) dict_keys(['example_branch_labels']) retrieved from /home/airflow/.local/lib/python3.7/site-packages/airflow/example_dags/example_branch_labels.py
[2023-05-20T15:45:12.414+0000] {logging_mixin.py:149} INFO - [2023-05-20T15:45:12.414+0000] {dag.py:2726} INFO - Sync 1 DAGs
[2023-05-20T15:45:12.461+0000] {logging_mixin.py:149} INFO - [2023-05-20T15:45:12.460+0000] {dag.py:3490} INFO - Setting next_dagrun for example_branch_labels to 2023-05-19T00:00:00+00:00, run_after=2023-05-20T00:00:00+00:00
[2023-05-20T15:45:12.492+0000] {processor.py:179} INFO - Processing /home/airflow/.local/lib/python3.7/site-packages/airflow/example_dags/example_branch_labels.py took 0.146 seconds
[2023-05-20T15:45:43.342+0000] {processor.py:157} INFO - Started process (PID=3008) to work on /home/airflow/.local/lib/python3.7/site-packages/airflow/example_dags/example_branch_labels.py
[2023-05-20T15:45:43.353+0000] {processor.py:826} INFO - Processing file /home/airflow/.local/lib/python3.7/site-packages/airflow/example_dags/example_branch_labels.py for tasks to queue
[2023-05-20T15:45:43.355+0000] {logging_mixin.py:149} INFO - [2023-05-20T15:45:43.355+0000] {dagbag.py:541} INFO - Filling up the DagBag from /home/airflow/.local/lib/python3.7/site-packages/airflow/example_dags/example_branch_labels.py
[2023-05-20T15:45:43.374+0000] {processor.py:836} INFO - DAG(s) dict_keys(['example_branch_labels']) retrieved from /home/airflow/.local/lib/python3.7/site-packages/airflow/example_dags/example_branch_labels.py
[2023-05-20T15:45:43.420+0000] {logging_mixin.py:149} INFO - [2023-05-20T15:45:43.420+0000] {dag.py:2726} INFO - Sync 1 DAGs
[2023-05-20T15:45:43.468+0000] {logging_mixin.py:149} INFO - [2023-05-20T15:45:43.467+0000] {dag.py:3490} INFO - Setting next_dagrun for example_branch_labels to 2023-05-19T00:00:00+00:00, run_after=2023-05-20T00:00:00+00:00
[2023-05-20T15:45:43.501+0000] {processor.py:179} INFO - Processing /home/airflow/.local/lib/python3.7/site-packages/airflow/example_dags/example_branch_labels.py took 0.164 seconds
[2023-05-20T15:46:14.130+0000] {processor.py:157} INFO - Started process (PID=3059) to work on /home/airflow/.local/lib/python3.7/site-packages/airflow/example_dags/example_branch_labels.py
[2023-05-20T15:46:14.133+0000] {processor.py:826} INFO - Processing file /home/airflow/.local/lib/python3.7/site-packages/airflow/example_dags/example_branch_labels.py for tasks to queue
[2023-05-20T15:46:14.135+0000] {logging_mixin.py:149} INFO - [2023-05-20T15:46:14.135+0000] {dagbag.py:541} INFO - Filling up the DagBag from /home/airflow/.local/lib/python3.7/site-packages/airflow/example_dags/example_branch_labels.py
[2023-05-20T15:46:14.148+0000] {processor.py:836} INFO - DAG(s) dict_keys(['example_branch_labels']) retrieved from /home/airflow/.local/lib/python3.7/site-packages/airflow/example_dags/example_branch_labels.py
[2023-05-20T15:46:14.195+0000] {logging_mixin.py:149} INFO - [2023-05-20T15:46:14.195+0000] {dag.py:2726} INFO - Sync 1 DAGs
[2023-05-20T15:46:14.242+0000] {logging_mixin.py:149} INFO - [2023-05-20T15:46:14.242+0000] {dag.py:3490} INFO - Setting next_dagrun for example_branch_labels to 2023-05-19T00:00:00+00:00, run_after=2023-05-20T00:00:00+00:00
[2023-05-20T15:46:14.298+0000] {processor.py:179} INFO - Processing /home/airflow/.local/lib/python3.7/site-packages/airflow/example_dags/example_branch_labels.py took 0.173 seconds
[2023-05-20T15:46:44.842+0000] {processor.py:157} INFO - Started process (PID=3117) to work on /home/airflow/.local/lib/python3.7/site-packages/airflow/example_dags/example_branch_labels.py
[2023-05-20T15:46:44.844+0000] {processor.py:826} INFO - Processing file /home/airflow/.local/lib/python3.7/site-packages/airflow/example_dags/example_branch_labels.py for tasks to queue
[2023-05-20T15:46:44.845+0000] {logging_mixin.py:149} INFO - [2023-05-20T15:46:44.845+0000] {dagbag.py:541} INFO - Filling up the DagBag from /home/airflow/.local/lib/python3.7/site-packages/airflow/example_dags/example_branch_labels.py
[2023-05-20T15:46:44.858+0000] {processor.py:836} INFO - DAG(s) dict_keys(['example_branch_labels']) retrieved from /home/airflow/.local/lib/python3.7/site-packages/airflow/example_dags/example_branch_labels.py
[2023-05-20T15:46:44.899+0000] {logging_mixin.py:149} INFO - [2023-05-20T15:46:44.899+0000] {dag.py:2726} INFO - Sync 1 DAGs
[2023-05-20T15:46:44.952+0000] {logging_mixin.py:149} INFO - [2023-05-20T15:46:44.952+0000] {dag.py:3490} INFO - Setting next_dagrun for example_branch_labels to 2023-05-19T00:00:00+00:00, run_after=2023-05-20T00:00:00+00:00
[2023-05-20T15:46:44.993+0000] {processor.py:179} INFO - Processing /home/airflow/.local/lib/python3.7/site-packages/airflow/example_dags/example_branch_labels.py took 0.156 seconds
[2023-05-20T15:47:15.526+0000] {processor.py:157} INFO - Started process (PID=3175) to work on /home/airflow/.local/lib/python3.7/site-packages/airflow/example_dags/example_branch_labels.py
[2023-05-20T15:47:15.528+0000] {processor.py:826} INFO - Processing file /home/airflow/.local/lib/python3.7/site-packages/airflow/example_dags/example_branch_labels.py for tasks to queue
[2023-05-20T15:47:15.530+0000] {logging_mixin.py:149} INFO - [2023-05-20T15:47:15.530+0000] {dagbag.py:541} INFO - Filling up the DagBag from /home/airflow/.local/lib/python3.7/site-packages/airflow/example_dags/example_branch_labels.py
[2023-05-20T15:47:15.546+0000] {processor.py:836} INFO - DAG(s) dict_keys(['example_branch_labels']) retrieved from /home/airflow/.local/lib/python3.7/site-packages/airflow/example_dags/example_branch_labels.py
[2023-05-20T15:47:15.593+0000] {logging_mixin.py:149} INFO - [2023-05-20T15:47:15.593+0000] {dag.py:2726} INFO - Sync 1 DAGs
[2023-05-20T15:47:15.629+0000] {logging_mixin.py:149} INFO - [2023-05-20T15:47:15.629+0000] {dag.py:3490} INFO - Setting next_dagrun for example_branch_labels to 2023-05-19T00:00:00+00:00, run_after=2023-05-20T00:00:00+00:00
[2023-05-20T15:47:15.654+0000] {processor.py:179} INFO - Processing /home/airflow/.local/lib/python3.7/site-packages/airflow/example_dags/example_branch_labels.py took 0.133 seconds
[2023-05-20T15:47:45.810+0000] {processor.py:157} INFO - Started process (PID=3233) to work on /home/airflow/.local/lib/python3.7/site-packages/airflow/example_dags/example_branch_labels.py
[2023-05-20T15:47:45.812+0000] {processor.py:826} INFO - Processing file /home/airflow/.local/lib/python3.7/site-packages/airflow/example_dags/example_branch_labels.py for tasks to queue
[2023-05-20T15:47:45.815+0000] {logging_mixin.py:149} INFO - [2023-05-20T15:47:45.814+0000] {dagbag.py:541} INFO - Filling up the DagBag from /home/airflow/.local/lib/python3.7/site-packages/airflow/example_dags/example_branch_labels.py
[2023-05-20T15:47:45.830+0000] {processor.py:836} INFO - DAG(s) dict_keys(['example_branch_labels']) retrieved from /home/airflow/.local/lib/python3.7/site-packages/airflow/example_dags/example_branch_labels.py
[2023-05-20T15:47:45.886+0000] {logging_mixin.py:149} INFO - [2023-05-20T15:47:45.886+0000] {dag.py:2726} INFO - Sync 1 DAGs
[2023-05-20T15:47:45.962+0000] {logging_mixin.py:149} INFO - [2023-05-20T15:47:45.961+0000] {dag.py:3490} INFO - Setting next_dagrun for example_branch_labels to 2023-05-19T00:00:00+00:00, run_after=2023-05-20T00:00:00+00:00
[2023-05-20T15:47:46.023+0000] {processor.py:179} INFO - Processing /home/airflow/.local/lib/python3.7/site-packages/airflow/example_dags/example_branch_labels.py took 0.218 seconds
[2023-05-20T15:48:16.818+0000] {processor.py:157} INFO - Started process (PID=3292) to work on /home/airflow/.local/lib/python3.7/site-packages/airflow/example_dags/example_branch_labels.py
[2023-05-20T15:48:16.820+0000] {processor.py:826} INFO - Processing file /home/airflow/.local/lib/python3.7/site-packages/airflow/example_dags/example_branch_labels.py for tasks to queue
[2023-05-20T15:48:16.823+0000] {logging_mixin.py:149} INFO - [2023-05-20T15:48:16.823+0000] {dagbag.py:541} INFO - Filling up the DagBag from /home/airflow/.local/lib/python3.7/site-packages/airflow/example_dags/example_branch_labels.py
[2023-05-20T15:48:16.843+0000] {processor.py:836} INFO - DAG(s) dict_keys(['example_branch_labels']) retrieved from /home/airflow/.local/lib/python3.7/site-packages/airflow/example_dags/example_branch_labels.py
[2023-05-20T15:48:16.911+0000] {logging_mixin.py:149} INFO - [2023-05-20T15:48:16.911+0000] {dag.py:2726} INFO - Sync 1 DAGs
[2023-05-20T15:48:16.974+0000] {logging_mixin.py:149} INFO - [2023-05-20T15:48:16.973+0000] {dag.py:3490} INFO - Setting next_dagrun for example_branch_labels to 2023-05-19T00:00:00+00:00, run_after=2023-05-20T00:00:00+00:00
[2023-05-20T15:48:17.011+0000] {processor.py:179} INFO - Processing /home/airflow/.local/lib/python3.7/site-packages/airflow/example_dags/example_branch_labels.py took 0.201 seconds
[2023-05-20T15:48:47.417+0000] {processor.py:157} INFO - Started process (PID=3350) to work on /home/airflow/.local/lib/python3.7/site-packages/airflow/example_dags/example_branch_labels.py
[2023-05-20T15:48:47.419+0000] {processor.py:826} INFO - Processing file /home/airflow/.local/lib/python3.7/site-packages/airflow/example_dags/example_branch_labels.py for tasks to queue
[2023-05-20T15:48:47.421+0000] {logging_mixin.py:149} INFO - [2023-05-20T15:48:47.421+0000] {dagbag.py:541} INFO - Filling up the DagBag from /home/airflow/.local/lib/python3.7/site-packages/airflow/example_dags/example_branch_labels.py
[2023-05-20T15:48:47.436+0000] {processor.py:836} INFO - DAG(s) dict_keys(['example_branch_labels']) retrieved from /home/airflow/.local/lib/python3.7/site-packages/airflow/example_dags/example_branch_labels.py
[2023-05-20T15:48:47.483+0000] {logging_mixin.py:149} INFO - [2023-05-20T15:48:47.483+0000] {dag.py:2726} INFO - Sync 1 DAGs
[2023-05-20T15:48:47.528+0000] {logging_mixin.py:149} INFO - [2023-05-20T15:48:47.527+0000] {dag.py:3490} INFO - Setting next_dagrun for example_branch_labels to 2023-05-19T00:00:00+00:00, run_after=2023-05-20T00:00:00+00:00
[2023-05-20T15:48:47.561+0000] {processor.py:179} INFO - Processing /home/airflow/.local/lib/python3.7/site-packages/airflow/example_dags/example_branch_labels.py took 0.149 seconds
[2023-05-20T15:49:17.911+0000] {processor.py:157} INFO - Started process (PID=3408) to work on /home/airflow/.local/lib/python3.7/site-packages/airflow/example_dags/example_branch_labels.py
[2023-05-20T15:49:17.914+0000] {processor.py:826} INFO - Processing file /home/airflow/.local/lib/python3.7/site-packages/airflow/example_dags/example_branch_labels.py for tasks to queue
[2023-05-20T15:49:17.917+0000] {logging_mixin.py:149} INFO - [2023-05-20T15:49:17.917+0000] {dagbag.py:541} INFO - Filling up the DagBag from /home/airflow/.local/lib/python3.7/site-packages/airflow/example_dags/example_branch_labels.py
[2023-05-20T15:49:17.932+0000] {processor.py:836} INFO - DAG(s) dict_keys(['example_branch_labels']) retrieved from /home/airflow/.local/lib/python3.7/site-packages/airflow/example_dags/example_branch_labels.py
[2023-05-20T15:49:17.983+0000] {logging_mixin.py:149} INFO - [2023-05-20T15:49:17.982+0000] {dag.py:2726} INFO - Sync 1 DAGs
[2023-05-20T15:49:18.029+0000] {logging_mixin.py:149} INFO - [2023-05-20T15:49:18.028+0000] {dag.py:3490} INFO - Setting next_dagrun for example_branch_labels to 2023-05-19T00:00:00+00:00, run_after=2023-05-20T00:00:00+00:00
[2023-05-20T15:49:18.063+0000] {processor.py:179} INFO - Processing /home/airflow/.local/lib/python3.7/site-packages/airflow/example_dags/example_branch_labels.py took 0.157 seconds
[2023-05-20T15:49:48.108+0000] {processor.py:157} INFO - Started process (PID=3466) to work on /home/airflow/.local/lib/python3.7/site-packages/airflow/example_dags/example_branch_labels.py
[2023-05-20T15:49:48.110+0000] {processor.py:826} INFO - Processing file /home/airflow/.local/lib/python3.7/site-packages/airflow/example_dags/example_branch_labels.py for tasks to queue
[2023-05-20T15:49:48.111+0000] {logging_mixin.py:149} INFO - [2023-05-20T15:49:48.111+0000] {dagbag.py:541} INFO - Filling up the DagBag from /home/airflow/.local/lib/python3.7/site-packages/airflow/example_dags/example_branch_labels.py
[2023-05-20T15:49:48.122+0000] {processor.py:836} INFO - DAG(s) dict_keys(['example_branch_labels']) retrieved from /home/airflow/.local/lib/python3.7/site-packages/airflow/example_dags/example_branch_labels.py
[2023-05-20T15:49:48.160+0000] {logging_mixin.py:149} INFO - [2023-05-20T15:49:48.160+0000] {dag.py:2726} INFO - Sync 1 DAGs
[2023-05-20T15:49:48.195+0000] {logging_mixin.py:149} INFO - [2023-05-20T15:49:48.195+0000] {dag.py:3490} INFO - Setting next_dagrun for example_branch_labels to 2023-05-19T00:00:00+00:00, run_after=2023-05-20T00:00:00+00:00
[2023-05-20T15:49:48.218+0000] {processor.py:179} INFO - Processing /home/airflow/.local/lib/python3.7/site-packages/airflow/example_dags/example_branch_labels.py took 0.114 seconds
[2023-05-20T16:08:46.150+0000] {processor.py:157} INFO - Started process (PID=42) to work on /home/airflow/.local/lib/python3.7/site-packages/airflow/example_dags/example_branch_labels.py
[2023-05-20T16:08:46.153+0000] {processor.py:826} INFO - Processing file /home/airflow/.local/lib/python3.7/site-packages/airflow/example_dags/example_branch_labels.py for tasks to queue
[2023-05-20T16:08:46.156+0000] {logging_mixin.py:149} INFO - [2023-05-20T16:08:46.156+0000] {dagbag.py:541} INFO - Filling up the DagBag from /home/airflow/.local/lib/python3.7/site-packages/airflow/example_dags/example_branch_labels.py
[2023-05-20T16:08:46.187+0000] {processor.py:836} INFO - DAG(s) dict_keys(['example_branch_labels']) retrieved from /home/airflow/.local/lib/python3.7/site-packages/airflow/example_dags/example_branch_labels.py
[2023-05-20T16:08:46.226+0000] {logging_mixin.py:149} INFO - [2023-05-20T16:08:46.225+0000] {dag.py:2726} INFO - Sync 1 DAGs
[2023-05-20T16:08:46.319+0000] {logging_mixin.py:149} INFO - [2023-05-20T16:08:46.319+0000] {dag.py:3490} INFO - Setting next_dagrun for example_branch_labels to 2023-05-19T00:00:00+00:00, run_after=2023-05-20T00:00:00+00:00
[2023-05-20T16:08:46.359+0000] {processor.py:179} INFO - Processing /home/airflow/.local/lib/python3.7/site-packages/airflow/example_dags/example_branch_labels.py took 0.215 seconds
[2023-05-20T16:09:16.585+0000] {processor.py:157} INFO - Started process (PID=100) to work on /home/airflow/.local/lib/python3.7/site-packages/airflow/example_dags/example_branch_labels.py
[2023-05-20T16:09:16.587+0000] {processor.py:826} INFO - Processing file /home/airflow/.local/lib/python3.7/site-packages/airflow/example_dags/example_branch_labels.py for tasks to queue
[2023-05-20T16:09:16.589+0000] {logging_mixin.py:149} INFO - [2023-05-20T16:09:16.588+0000] {dagbag.py:541} INFO - Filling up the DagBag from /home/airflow/.local/lib/python3.7/site-packages/airflow/example_dags/example_branch_labels.py
[2023-05-20T16:09:16.599+0000] {processor.py:836} INFO - DAG(s) dict_keys(['example_branch_labels']) retrieved from /home/airflow/.local/lib/python3.7/site-packages/airflow/example_dags/example_branch_labels.py
[2023-05-20T16:09:16.632+0000] {logging_mixin.py:149} INFO - [2023-05-20T16:09:16.631+0000] {dag.py:2726} INFO - Sync 1 DAGs
[2023-05-20T16:09:16.662+0000] {logging_mixin.py:149} INFO - [2023-05-20T16:09:16.662+0000] {dag.py:3490} INFO - Setting next_dagrun for example_branch_labels to 2023-05-19T00:00:00+00:00, run_after=2023-05-20T00:00:00+00:00
[2023-05-20T16:09:16.686+0000] {processor.py:179} INFO - Processing /home/airflow/.local/lib/python3.7/site-packages/airflow/example_dags/example_branch_labels.py took 0.105 seconds
[2023-05-20T16:09:47.535+0000] {processor.py:157} INFO - Started process (PID=158) to work on /home/airflow/.local/lib/python3.7/site-packages/airflow/example_dags/example_branch_labels.py
[2023-05-20T16:09:47.539+0000] {processor.py:826} INFO - Processing file /home/airflow/.local/lib/python3.7/site-packages/airflow/example_dags/example_branch_labels.py for tasks to queue
[2023-05-20T16:09:47.543+0000] {logging_mixin.py:149} INFO - [2023-05-20T16:09:47.542+0000] {dagbag.py:541} INFO - Filling up the DagBag from /home/airflow/.local/lib/python3.7/site-packages/airflow/example_dags/example_branch_labels.py
[2023-05-20T16:09:47.570+0000] {processor.py:836} INFO - DAG(s) dict_keys(['example_branch_labels']) retrieved from /home/airflow/.local/lib/python3.7/site-packages/airflow/example_dags/example_branch_labels.py
[2023-05-20T16:09:47.636+0000] {logging_mixin.py:149} INFO - [2023-05-20T16:09:47.636+0000] {dag.py:2726} INFO - Sync 1 DAGs
[2023-05-20T16:09:47.747+0000] {logging_mixin.py:149} INFO - [2023-05-20T16:09:47.746+0000] {dag.py:3490} INFO - Setting next_dagrun for example_branch_labels to 2023-05-19T00:00:00+00:00, run_after=2023-05-20T00:00:00+00:00
[2023-05-20T16:09:47.859+0000] {processor.py:179} INFO - Processing /home/airflow/.local/lib/python3.7/site-packages/airflow/example_dags/example_branch_labels.py took 0.355 seconds
[2023-05-20T16:10:18.841+0000] {processor.py:157} INFO - Started process (PID=216) to work on /home/airflow/.local/lib/python3.7/site-packages/airflow/example_dags/example_branch_labels.py
[2023-05-20T16:10:18.845+0000] {processor.py:826} INFO - Processing file /home/airflow/.local/lib/python3.7/site-packages/airflow/example_dags/example_branch_labels.py for tasks to queue
[2023-05-20T16:10:18.849+0000] {logging_mixin.py:149} INFO - [2023-05-20T16:10:18.848+0000] {dagbag.py:541} INFO - Filling up the DagBag from /home/airflow/.local/lib/python3.7/site-packages/airflow/example_dags/example_branch_labels.py
[2023-05-20T16:10:18.866+0000] {processor.py:836} INFO - DAG(s) dict_keys(['example_branch_labels']) retrieved from /home/airflow/.local/lib/python3.7/site-packages/airflow/example_dags/example_branch_labels.py
[2023-05-20T16:10:18.934+0000] {logging_mixin.py:149} INFO - [2023-05-20T16:10:18.934+0000] {dag.py:2726} INFO - Sync 1 DAGs
[2023-05-20T16:10:19.020+0000] {logging_mixin.py:149} INFO - [2023-05-20T16:10:19.019+0000] {dag.py:3490} INFO - Setting next_dagrun for example_branch_labels to 2023-05-19T00:00:00+00:00, run_after=2023-05-20T00:00:00+00:00
[2023-05-20T16:10:19.076+0000] {processor.py:179} INFO - Processing /home/airflow/.local/lib/python3.7/site-packages/airflow/example_dags/example_branch_labels.py took 0.243 seconds
[2023-05-20T16:10:49.131+0000] {processor.py:157} INFO - Started process (PID=274) to work on /home/airflow/.local/lib/python3.7/site-packages/airflow/example_dags/example_branch_labels.py
[2023-05-20T16:10:49.140+0000] {processor.py:826} INFO - Processing file /home/airflow/.local/lib/python3.7/site-packages/airflow/example_dags/example_branch_labels.py for tasks to queue
[2023-05-20T16:10:49.142+0000] {logging_mixin.py:149} INFO - [2023-05-20T16:10:49.142+0000] {dagbag.py:541} INFO - Filling up the DagBag from /home/airflow/.local/lib/python3.7/site-packages/airflow/example_dags/example_branch_labels.py
[2023-05-20T16:10:49.155+0000] {processor.py:836} INFO - DAG(s) dict_keys(['example_branch_labels']) retrieved from /home/airflow/.local/lib/python3.7/site-packages/airflow/example_dags/example_branch_labels.py
[2023-05-20T16:10:49.209+0000] {logging_mixin.py:149} INFO - [2023-05-20T16:10:49.209+0000] {dag.py:2726} INFO - Sync 1 DAGs
[2023-05-20T16:10:49.257+0000] {logging_mixin.py:149} INFO - [2023-05-20T16:10:49.257+0000] {dag.py:3490} INFO - Setting next_dagrun for example_branch_labels to 2023-05-19T00:00:00+00:00, run_after=2023-05-20T00:00:00+00:00
[2023-05-20T16:10:49.294+0000] {processor.py:179} INFO - Processing /home/airflow/.local/lib/python3.7/site-packages/airflow/example_dags/example_branch_labels.py took 0.168 seconds
[2023-05-20T16:11:20.078+0000] {processor.py:157} INFO - Started process (PID=332) to work on /home/airflow/.local/lib/python3.7/site-packages/airflow/example_dags/example_branch_labels.py
[2023-05-20T16:11:20.081+0000] {processor.py:826} INFO - Processing file /home/airflow/.local/lib/python3.7/site-packages/airflow/example_dags/example_branch_labels.py for tasks to queue
[2023-05-20T16:11:20.084+0000] {logging_mixin.py:149} INFO - [2023-05-20T16:11:20.084+0000] {dagbag.py:541} INFO - Filling up the DagBag from /home/airflow/.local/lib/python3.7/site-packages/airflow/example_dags/example_branch_labels.py
[2023-05-20T16:11:20.102+0000] {processor.py:836} INFO - DAG(s) dict_keys(['example_branch_labels']) retrieved from /home/airflow/.local/lib/python3.7/site-packages/airflow/example_dags/example_branch_labels.py
[2023-05-20T16:11:20.166+0000] {logging_mixin.py:149} INFO - [2023-05-20T16:11:20.166+0000] {dag.py:2726} INFO - Sync 1 DAGs
[2023-05-20T16:11:20.219+0000] {logging_mixin.py:149} INFO - [2023-05-20T16:11:20.218+0000] {dag.py:3490} INFO - Setting next_dagrun for example_branch_labels to 2023-05-19T00:00:00+00:00, run_after=2023-05-20T00:00:00+00:00
[2023-05-20T16:11:20.258+0000] {processor.py:179} INFO - Processing /home/airflow/.local/lib/python3.7/site-packages/airflow/example_dags/example_branch_labels.py took 0.188 seconds
[2023-05-20T16:11:50.945+0000] {processor.py:157} INFO - Started process (PID=390) to work on /home/airflow/.local/lib/python3.7/site-packages/airflow/example_dags/example_branch_labels.py
[2023-05-20T16:11:50.949+0000] {processor.py:826} INFO - Processing file /home/airflow/.local/lib/python3.7/site-packages/airflow/example_dags/example_branch_labels.py for tasks to queue
[2023-05-20T16:11:50.953+0000] {logging_mixin.py:149} INFO - [2023-05-20T16:11:50.952+0000] {dagbag.py:541} INFO - Filling up the DagBag from /home/airflow/.local/lib/python3.7/site-packages/airflow/example_dags/example_branch_labels.py
[2023-05-20T16:11:50.983+0000] {processor.py:836} INFO - DAG(s) dict_keys(['example_branch_labels']) retrieved from /home/airflow/.local/lib/python3.7/site-packages/airflow/example_dags/example_branch_labels.py
[2023-05-20T16:11:51.055+0000] {logging_mixin.py:149} INFO - [2023-05-20T16:11:51.055+0000] {dag.py:2726} INFO - Sync 1 DAGs
[2023-05-20T16:11:51.135+0000] {logging_mixin.py:149} INFO - [2023-05-20T16:11:51.135+0000] {dag.py:3490} INFO - Setting next_dagrun for example_branch_labels to 2023-05-19T00:00:00+00:00, run_after=2023-05-20T00:00:00+00:00
[2023-05-20T16:11:51.191+0000] {processor.py:179} INFO - Processing /home/airflow/.local/lib/python3.7/site-packages/airflow/example_dags/example_branch_labels.py took 0.260 seconds
[2023-05-20T16:12:21.336+0000] {processor.py:157} INFO - Started process (PID=448) to work on /home/airflow/.local/lib/python3.7/site-packages/airflow/example_dags/example_branch_labels.py
[2023-05-20T16:12:21.339+0000] {processor.py:826} INFO - Processing file /home/airflow/.local/lib/python3.7/site-packages/airflow/example_dags/example_branch_labels.py for tasks to queue
[2023-05-20T16:12:21.340+0000] {logging_mixin.py:149} INFO - [2023-05-20T16:12:21.340+0000] {dagbag.py:541} INFO - Filling up the DagBag from /home/airflow/.local/lib/python3.7/site-packages/airflow/example_dags/example_branch_labels.py
[2023-05-20T16:12:21.353+0000] {processor.py:836} INFO - DAG(s) dict_keys(['example_branch_labels']) retrieved from /home/airflow/.local/lib/python3.7/site-packages/airflow/example_dags/example_branch_labels.py
[2023-05-20T16:12:21.398+0000] {logging_mixin.py:149} INFO - [2023-05-20T16:12:21.398+0000] {dag.py:2726} INFO - Sync 1 DAGs
[2023-05-20T16:12:21.446+0000] {logging_mixin.py:149} INFO - [2023-05-20T16:12:21.446+0000] {dag.py:3490} INFO - Setting next_dagrun for example_branch_labels to 2023-05-19T00:00:00+00:00, run_after=2023-05-20T00:00:00+00:00
[2023-05-20T16:12:21.474+0000] {processor.py:179} INFO - Processing /home/airflow/.local/lib/python3.7/site-packages/airflow/example_dags/example_branch_labels.py took 0.143 seconds
[2023-05-20T16:12:51.963+0000] {processor.py:157} INFO - Started process (PID=506) to work on /home/airflow/.local/lib/python3.7/site-packages/airflow/example_dags/example_branch_labels.py
[2023-05-20T16:12:51.965+0000] {processor.py:826} INFO - Processing file /home/airflow/.local/lib/python3.7/site-packages/airflow/example_dags/example_branch_labels.py for tasks to queue
[2023-05-20T16:12:51.967+0000] {logging_mixin.py:149} INFO - [2023-05-20T16:12:51.967+0000] {dagbag.py:541} INFO - Filling up the DagBag from /home/airflow/.local/lib/python3.7/site-packages/airflow/example_dags/example_branch_labels.py
[2023-05-20T16:12:51.979+0000] {processor.py:836} INFO - DAG(s) dict_keys(['example_branch_labels']) retrieved from /home/airflow/.local/lib/python3.7/site-packages/airflow/example_dags/example_branch_labels.py
[2023-05-20T16:12:52.015+0000] {logging_mixin.py:149} INFO - [2023-05-20T16:12:52.015+0000] {dag.py:2726} INFO - Sync 1 DAGs
[2023-05-20T16:12:52.055+0000] {logging_mixin.py:149} INFO - [2023-05-20T16:12:52.055+0000] {dag.py:3490} INFO - Setting next_dagrun for example_branch_labels to 2023-05-19T00:00:00+00:00, run_after=2023-05-20T00:00:00+00:00
[2023-05-20T16:12:52.081+0000] {processor.py:179} INFO - Processing /home/airflow/.local/lib/python3.7/site-packages/airflow/example_dags/example_branch_labels.py took 0.123 seconds
[2023-05-20T16:13:22.586+0000] {processor.py:157} INFO - Started process (PID=564) to work on /home/airflow/.local/lib/python3.7/site-packages/airflow/example_dags/example_branch_labels.py
[2023-05-20T16:13:22.588+0000] {processor.py:826} INFO - Processing file /home/airflow/.local/lib/python3.7/site-packages/airflow/example_dags/example_branch_labels.py for tasks to queue
[2023-05-20T16:13:22.590+0000] {logging_mixin.py:149} INFO - [2023-05-20T16:13:22.590+0000] {dagbag.py:541} INFO - Filling up the DagBag from /home/airflow/.local/lib/python3.7/site-packages/airflow/example_dags/example_branch_labels.py
[2023-05-20T16:13:22.603+0000] {processor.py:836} INFO - DAG(s) dict_keys(['example_branch_labels']) retrieved from /home/airflow/.local/lib/python3.7/site-packages/airflow/example_dags/example_branch_labels.py
[2023-05-20T16:13:22.656+0000] {logging_mixin.py:149} INFO - [2023-05-20T16:13:22.655+0000] {dag.py:2726} INFO - Sync 1 DAGs
[2023-05-20T16:13:22.690+0000] {logging_mixin.py:149} INFO - [2023-05-20T16:13:22.690+0000] {dag.py:3490} INFO - Setting next_dagrun for example_branch_labels to 2023-05-19T00:00:00+00:00, run_after=2023-05-20T00:00:00+00:00
[2023-05-20T16:13:22.713+0000] {processor.py:179} INFO - Processing /home/airflow/.local/lib/python3.7/site-packages/airflow/example_dags/example_branch_labels.py took 0.132 seconds
