[2023-05-20T15:19:47.712+0000] {processor.py:157} INFO - Started process (PID=37) to work on /home/airflow/.local/lib/python3.7/site-packages/airflow/example_dags/example_params_trigger_ui.py
[2023-05-20T15:19:47.714+0000] {processor.py:826} INFO - Processing file /home/airflow/.local/lib/python3.7/site-packages/airflow/example_dags/example_params_trigger_ui.py for tasks to queue
[2023-05-20T15:19:47.716+0000] {logging_mixin.py:149} INFO - [2023-05-20T15:19:47.715+0000] {dagbag.py:541} INFO - Filling up the DagBag from /home/airflow/.local/lib/python3.7/site-packages/airflow/example_dags/example_params_trigger_ui.py
[2023-05-20T15:19:47.750+0000] {processor.py:836} INFO - DAG(s) dict_keys(['example_params_trigger_ui']) retrieved from /home/airflow/.local/lib/python3.7/site-packages/airflow/example_dags/example_params_trigger_ui.py
[2023-05-20T15:19:47.769+0000] {logging_mixin.py:149} INFO - [2023-05-20T15:19:47.769+0000] {dag.py:2726} INFO - Sync 1 DAGs
[2023-05-20T15:19:47.808+0000] {logging_mixin.py:149} INFO - [2023-05-20T15:19:47.807+0000] {dag.py:3490} INFO - Setting next_dagrun for example_params_trigger_ui to None, run_after=None
[2023-05-20T15:19:47.839+0000] {processor.py:179} INFO - Processing /home/airflow/.local/lib/python3.7/site-packages/airflow/example_dags/example_params_trigger_ui.py took 0.132 seconds
[2023-05-20T15:20:19.013+0000] {processor.py:157} INFO - Started process (PID=95) to work on /home/airflow/.local/lib/python3.7/site-packages/airflow/example_dags/example_params_trigger_ui.py
[2023-05-20T15:20:19.016+0000] {processor.py:826} INFO - Processing file /home/airflow/.local/lib/python3.7/site-packages/airflow/example_dags/example_params_trigger_ui.py for tasks to queue
[2023-05-20T15:20:19.018+0000] {logging_mixin.py:149} INFO - [2023-05-20T15:20:19.018+0000] {dagbag.py:541} INFO - Filling up the DagBag from /home/airflow/.local/lib/python3.7/site-packages/airflow/example_dags/example_params_trigger_ui.py
[2023-05-20T15:20:19.056+0000] {processor.py:836} INFO - DAG(s) dict_keys(['example_params_trigger_ui']) retrieved from /home/airflow/.local/lib/python3.7/site-packages/airflow/example_dags/example_params_trigger_ui.py
[2023-05-20T15:20:19.207+0000] {logging_mixin.py:149} INFO - [2023-05-20T15:20:19.207+0000] {dag.py:2726} INFO - Sync 1 DAGs
[2023-05-20T15:20:19.246+0000] {logging_mixin.py:149} INFO - [2023-05-20T15:20:19.246+0000] {dag.py:3490} INFO - Setting next_dagrun for example_params_trigger_ui to None, run_after=None
[2023-05-20T15:20:19.322+0000] {processor.py:179} INFO - Processing /home/airflow/.local/lib/python3.7/site-packages/airflow/example_dags/example_params_trigger_ui.py took 0.314 seconds
[2023-05-20T15:20:49.799+0000] {processor.py:157} INFO - Started process (PID=153) to work on /home/airflow/.local/lib/python3.7/site-packages/airflow/example_dags/example_params_trigger_ui.py
[2023-05-20T15:20:49.801+0000] {processor.py:826} INFO - Processing file /home/airflow/.local/lib/python3.7/site-packages/airflow/example_dags/example_params_trigger_ui.py for tasks to queue
[2023-05-20T15:20:49.803+0000] {logging_mixin.py:149} INFO - [2023-05-20T15:20:49.803+0000] {dagbag.py:541} INFO - Filling up the DagBag from /home/airflow/.local/lib/python3.7/site-packages/airflow/example_dags/example_params_trigger_ui.py
[2023-05-20T15:20:49.834+0000] {processor.py:836} INFO - DAG(s) dict_keys(['example_params_trigger_ui']) retrieved from /home/airflow/.local/lib/python3.7/site-packages/airflow/example_dags/example_params_trigger_ui.py
[2023-05-20T15:20:49.945+0000] {logging_mixin.py:149} INFO - [2023-05-20T15:20:49.945+0000] {dag.py:2726} INFO - Sync 1 DAGs
[2023-05-20T15:20:49.986+0000] {logging_mixin.py:149} INFO - [2023-05-20T15:20:49.986+0000] {dag.py:3490} INFO - Setting next_dagrun for example_params_trigger_ui to None, run_after=None
[2023-05-20T15:20:50.016+0000] {processor.py:179} INFO - Processing /home/airflow/.local/lib/python3.7/site-packages/airflow/example_dags/example_params_trigger_ui.py took 0.223 seconds
[2023-05-20T15:21:20.281+0000] {processor.py:157} INFO - Started process (PID=211) to work on /home/airflow/.local/lib/python3.7/site-packages/airflow/example_dags/example_params_trigger_ui.py
[2023-05-20T15:21:20.283+0000] {processor.py:826} INFO - Processing file /home/airflow/.local/lib/python3.7/site-packages/airflow/example_dags/example_params_trigger_ui.py for tasks to queue
[2023-05-20T15:21:20.285+0000] {logging_mixin.py:149} INFO - [2023-05-20T15:21:20.285+0000] {dagbag.py:541} INFO - Filling up the DagBag from /home/airflow/.local/lib/python3.7/site-packages/airflow/example_dags/example_params_trigger_ui.py
[2023-05-20T15:21:20.318+0000] {processor.py:836} INFO - DAG(s) dict_keys(['example_params_trigger_ui']) retrieved from /home/airflow/.local/lib/python3.7/site-packages/airflow/example_dags/example_params_trigger_ui.py
[2023-05-20T15:21:20.464+0000] {logging_mixin.py:149} INFO - [2023-05-20T15:21:20.464+0000] {dag.py:2726} INFO - Sync 1 DAGs
[2023-05-20T15:21:20.501+0000] {logging_mixin.py:149} INFO - [2023-05-20T15:21:20.501+0000] {dag.py:3490} INFO - Setting next_dagrun for example_params_trigger_ui to None, run_after=None
[2023-05-20T15:21:20.529+0000] {processor.py:179} INFO - Processing /home/airflow/.local/lib/python3.7/site-packages/airflow/example_dags/example_params_trigger_ui.py took 0.253 seconds
[2023-05-20T15:21:50.704+0000] {processor.py:157} INFO - Started process (PID=269) to work on /home/airflow/.local/lib/python3.7/site-packages/airflow/example_dags/example_params_trigger_ui.py
[2023-05-20T15:21:50.707+0000] {processor.py:826} INFO - Processing file /home/airflow/.local/lib/python3.7/site-packages/airflow/example_dags/example_params_trigger_ui.py for tasks to queue
[2023-05-20T15:21:50.710+0000] {logging_mixin.py:149} INFO - [2023-05-20T15:21:50.710+0000] {dagbag.py:541} INFO - Filling up the DagBag from /home/airflow/.local/lib/python3.7/site-packages/airflow/example_dags/example_params_trigger_ui.py
[2023-05-20T15:21:50.753+0000] {processor.py:836} INFO - DAG(s) dict_keys(['example_params_trigger_ui']) retrieved from /home/airflow/.local/lib/python3.7/site-packages/airflow/example_dags/example_params_trigger_ui.py
[2023-05-20T15:21:50.908+0000] {logging_mixin.py:149} INFO - [2023-05-20T15:21:50.908+0000] {dag.py:2726} INFO - Sync 1 DAGs
[2023-05-20T15:21:50.964+0000] {logging_mixin.py:149} INFO - [2023-05-20T15:21:50.964+0000] {dag.py:3490} INFO - Setting next_dagrun for example_params_trigger_ui to None, run_after=None
[2023-05-20T15:21:51.005+0000] {processor.py:179} INFO - Processing /home/airflow/.local/lib/python3.7/site-packages/airflow/example_dags/example_params_trigger_ui.py took 0.307 seconds
[2023-05-20T15:22:21.172+0000] {processor.py:157} INFO - Started process (PID=327) to work on /home/airflow/.local/lib/python3.7/site-packages/airflow/example_dags/example_params_trigger_ui.py
[2023-05-20T15:22:21.174+0000] {processor.py:826} INFO - Processing file /home/airflow/.local/lib/python3.7/site-packages/airflow/example_dags/example_params_trigger_ui.py for tasks to queue
[2023-05-20T15:22:21.175+0000] {logging_mixin.py:149} INFO - [2023-05-20T15:22:21.175+0000] {dagbag.py:541} INFO - Filling up the DagBag from /home/airflow/.local/lib/python3.7/site-packages/airflow/example_dags/example_params_trigger_ui.py
[2023-05-20T15:22:21.207+0000] {processor.py:836} INFO - DAG(s) dict_keys(['example_params_trigger_ui']) retrieved from /home/airflow/.local/lib/python3.7/site-packages/airflow/example_dags/example_params_trigger_ui.py
[2023-05-20T15:22:21.314+0000] {logging_mixin.py:149} INFO - [2023-05-20T15:22:21.314+0000] {dag.py:2726} INFO - Sync 1 DAGs
[2023-05-20T15:22:21.344+0000] {logging_mixin.py:149} INFO - [2023-05-20T15:22:21.344+0000] {dag.py:3490} INFO - Setting next_dagrun for example_params_trigger_ui to None, run_after=None
[2023-05-20T15:22:21.373+0000] {processor.py:179} INFO - Processing /home/airflow/.local/lib/python3.7/site-packages/airflow/example_dags/example_params_trigger_ui.py took 0.206 seconds
[2023-05-20T15:22:52.199+0000] {processor.py:157} INFO - Started process (PID=385) to work on /home/airflow/.local/lib/python3.7/site-packages/airflow/example_dags/example_params_trigger_ui.py
[2023-05-20T15:22:52.203+0000] {processor.py:826} INFO - Processing file /home/airflow/.local/lib/python3.7/site-packages/airflow/example_dags/example_params_trigger_ui.py for tasks to queue
[2023-05-20T15:22:52.205+0000] {logging_mixin.py:149} INFO - [2023-05-20T15:22:52.205+0000] {dagbag.py:541} INFO - Filling up the DagBag from /home/airflow/.local/lib/python3.7/site-packages/airflow/example_dags/example_params_trigger_ui.py
[2023-05-20T15:22:52.235+0000] {processor.py:836} INFO - DAG(s) dict_keys(['example_params_trigger_ui']) retrieved from /home/airflow/.local/lib/python3.7/site-packages/airflow/example_dags/example_params_trigger_ui.py
[2023-05-20T15:22:52.341+0000] {logging_mixin.py:149} INFO - [2023-05-20T15:22:52.341+0000] {dag.py:2726} INFO - Sync 1 DAGs
[2023-05-20T15:22:52.373+0000] {logging_mixin.py:149} INFO - [2023-05-20T15:22:52.373+0000] {dag.py:3490} INFO - Setting next_dagrun for example_params_trigger_ui to None, run_after=None
[2023-05-20T15:22:52.399+0000] {processor.py:179} INFO - Processing /home/airflow/.local/lib/python3.7/site-packages/airflow/example_dags/example_params_trigger_ui.py took 0.204 seconds
[2023-05-20T15:23:22.479+0000] {processor.py:157} INFO - Started process (PID=443) to work on /home/airflow/.local/lib/python3.7/site-packages/airflow/example_dags/example_params_trigger_ui.py
[2023-05-20T15:23:22.481+0000] {processor.py:826} INFO - Processing file /home/airflow/.local/lib/python3.7/site-packages/airflow/example_dags/example_params_trigger_ui.py for tasks to queue
[2023-05-20T15:23:22.482+0000] {logging_mixin.py:149} INFO - [2023-05-20T15:23:22.482+0000] {dagbag.py:541} INFO - Filling up the DagBag from /home/airflow/.local/lib/python3.7/site-packages/airflow/example_dags/example_params_trigger_ui.py
[2023-05-20T15:23:22.521+0000] {processor.py:836} INFO - DAG(s) dict_keys(['example_params_trigger_ui']) retrieved from /home/airflow/.local/lib/python3.7/site-packages/airflow/example_dags/example_params_trigger_ui.py
[2023-05-20T15:23:22.725+0000] {logging_mixin.py:149} INFO - [2023-05-20T15:23:22.725+0000] {dag.py:2726} INFO - Sync 1 DAGs
[2023-05-20T15:23:22.770+0000] {logging_mixin.py:149} INFO - [2023-05-20T15:23:22.770+0000] {dag.py:3490} INFO - Setting next_dagrun for example_params_trigger_ui to None, run_after=None
[2023-05-20T15:23:22.801+0000] {processor.py:179} INFO - Processing /home/airflow/.local/lib/python3.7/site-packages/airflow/example_dags/example_params_trigger_ui.py took 0.329 seconds
[2023-05-20T15:23:53.214+0000] {processor.py:157} INFO - Started process (PID=502) to work on /home/airflow/.local/lib/python3.7/site-packages/airflow/example_dags/example_params_trigger_ui.py
[2023-05-20T15:23:53.218+0000] {processor.py:826} INFO - Processing file /home/airflow/.local/lib/python3.7/site-packages/airflow/example_dags/example_params_trigger_ui.py for tasks to queue
[2023-05-20T15:23:53.220+0000] {logging_mixin.py:149} INFO - [2023-05-20T15:23:53.220+0000] {dagbag.py:541} INFO - Filling up the DagBag from /home/airflow/.local/lib/python3.7/site-packages/airflow/example_dags/example_params_trigger_ui.py
[2023-05-20T15:23:53.278+0000] {processor.py:836} INFO - DAG(s) dict_keys(['example_params_trigger_ui']) retrieved from /home/airflow/.local/lib/python3.7/site-packages/airflow/example_dags/example_params_trigger_ui.py
[2023-05-20T15:23:53.450+0000] {logging_mixin.py:149} INFO - [2023-05-20T15:23:53.450+0000] {dag.py:2726} INFO - Sync 1 DAGs
[2023-05-20T15:23:53.489+0000] {logging_mixin.py:149} INFO - [2023-05-20T15:23:53.488+0000] {dag.py:3490} INFO - Setting next_dagrun for example_params_trigger_ui to None, run_after=None
[2023-05-20T15:23:53.517+0000] {processor.py:179} INFO - Processing /home/airflow/.local/lib/python3.7/site-packages/airflow/example_dags/example_params_trigger_ui.py took 0.310 seconds
[2023-05-20T15:24:23.661+0000] {processor.py:157} INFO - Started process (PID=559) to work on /home/airflow/.local/lib/python3.7/site-packages/airflow/example_dags/example_params_trigger_ui.py
[2023-05-20T15:24:23.663+0000] {processor.py:826} INFO - Processing file /home/airflow/.local/lib/python3.7/site-packages/airflow/example_dags/example_params_trigger_ui.py for tasks to queue
[2023-05-20T15:24:23.667+0000] {logging_mixin.py:149} INFO - [2023-05-20T15:24:23.667+0000] {dagbag.py:541} INFO - Filling up the DagBag from /home/airflow/.local/lib/python3.7/site-packages/airflow/example_dags/example_params_trigger_ui.py
[2023-05-20T15:24:23.697+0000] {processor.py:836} INFO - DAG(s) dict_keys(['example_params_trigger_ui']) retrieved from /home/airflow/.local/lib/python3.7/site-packages/airflow/example_dags/example_params_trigger_ui.py
[2023-05-20T15:24:23.793+0000] {logging_mixin.py:149} INFO - [2023-05-20T15:24:23.793+0000] {dag.py:2726} INFO - Sync 1 DAGs
[2023-05-20T15:24:23.823+0000] {logging_mixin.py:149} INFO - [2023-05-20T15:24:23.823+0000] {dag.py:3490} INFO - Setting next_dagrun for example_params_trigger_ui to None, run_after=None
[2023-05-20T15:24:23.847+0000] {processor.py:179} INFO - Processing /home/airflow/.local/lib/python3.7/site-packages/airflow/example_dags/example_params_trigger_ui.py took 0.193 seconds
[2023-05-20T15:24:54.097+0000] {processor.py:157} INFO - Started process (PID=617) to work on /home/airflow/.local/lib/python3.7/site-packages/airflow/example_dags/example_params_trigger_ui.py
[2023-05-20T15:24:54.100+0000] {processor.py:826} INFO - Processing file /home/airflow/.local/lib/python3.7/site-packages/airflow/example_dags/example_params_trigger_ui.py for tasks to queue
[2023-05-20T15:24:54.103+0000] {logging_mixin.py:149} INFO - [2023-05-20T15:24:54.103+0000] {dagbag.py:541} INFO - Filling up the DagBag from /home/airflow/.local/lib/python3.7/site-packages/airflow/example_dags/example_params_trigger_ui.py
[2023-05-20T15:24:54.143+0000] {processor.py:836} INFO - DAG(s) dict_keys(['example_params_trigger_ui']) retrieved from /home/airflow/.local/lib/python3.7/site-packages/airflow/example_dags/example_params_trigger_ui.py
[2023-05-20T15:24:54.263+0000] {logging_mixin.py:149} INFO - [2023-05-20T15:24:54.263+0000] {dag.py:2726} INFO - Sync 1 DAGs
[2023-05-20T15:24:54.293+0000] {logging_mixin.py:149} INFO - [2023-05-20T15:24:54.293+0000] {dag.py:3490} INFO - Setting next_dagrun for example_params_trigger_ui to None, run_after=None
[2023-05-20T15:24:54.318+0000] {processor.py:179} INFO - Processing /home/airflow/.local/lib/python3.7/site-packages/airflow/example_dags/example_params_trigger_ui.py took 0.226 seconds
[2023-05-20T15:25:24.733+0000] {processor.py:157} INFO - Started process (PID=675) to work on /home/airflow/.local/lib/python3.7/site-packages/airflow/example_dags/example_params_trigger_ui.py
[2023-05-20T15:25:24.735+0000] {processor.py:826} INFO - Processing file /home/airflow/.local/lib/python3.7/site-packages/airflow/example_dags/example_params_trigger_ui.py for tasks to queue
[2023-05-20T15:25:24.737+0000] {logging_mixin.py:149} INFO - [2023-05-20T15:25:24.737+0000] {dagbag.py:541} INFO - Filling up the DagBag from /home/airflow/.local/lib/python3.7/site-packages/airflow/example_dags/example_params_trigger_ui.py
[2023-05-20T15:25:24.771+0000] {processor.py:836} INFO - DAG(s) dict_keys(['example_params_trigger_ui']) retrieved from /home/airflow/.local/lib/python3.7/site-packages/airflow/example_dags/example_params_trigger_ui.py
[2023-05-20T15:25:24.874+0000] {logging_mixin.py:149} INFO - [2023-05-20T15:25:24.874+0000] {dag.py:2726} INFO - Sync 1 DAGs
[2023-05-20T15:25:24.906+0000] {logging_mixin.py:149} INFO - [2023-05-20T15:25:24.906+0000] {dag.py:3490} INFO - Setting next_dagrun for example_params_trigger_ui to None, run_after=None
[2023-05-20T15:25:24.945+0000] {processor.py:179} INFO - Processing /home/airflow/.local/lib/python3.7/site-packages/airflow/example_dags/example_params_trigger_ui.py took 0.217 seconds
[2023-05-20T15:25:55.080+0000] {processor.py:157} INFO - Started process (PID=733) to work on /home/airflow/.local/lib/python3.7/site-packages/airflow/example_dags/example_params_trigger_ui.py
[2023-05-20T15:25:55.082+0000] {processor.py:826} INFO - Processing file /home/airflow/.local/lib/python3.7/site-packages/airflow/example_dags/example_params_trigger_ui.py for tasks to queue
[2023-05-20T15:25:55.084+0000] {logging_mixin.py:149} INFO - [2023-05-20T15:25:55.084+0000] {dagbag.py:541} INFO - Filling up the DagBag from /home/airflow/.local/lib/python3.7/site-packages/airflow/example_dags/example_params_trigger_ui.py
[2023-05-20T15:25:55.113+0000] {processor.py:836} INFO - DAG(s) dict_keys(['example_params_trigger_ui']) retrieved from /home/airflow/.local/lib/python3.7/site-packages/airflow/example_dags/example_params_trigger_ui.py
[2023-05-20T15:25:55.230+0000] {logging_mixin.py:149} INFO - [2023-05-20T15:25:55.230+0000] {dag.py:2726} INFO - Sync 1 DAGs
[2023-05-20T15:25:55.294+0000] {logging_mixin.py:149} INFO - [2023-05-20T15:25:55.294+0000] {dag.py:3490} INFO - Setting next_dagrun for example_params_trigger_ui to None, run_after=None
[2023-05-20T15:25:55.335+0000] {processor.py:179} INFO - Processing /home/airflow/.local/lib/python3.7/site-packages/airflow/example_dags/example_params_trigger_ui.py took 0.260 seconds
[2023-05-20T15:26:25.426+0000] {processor.py:157} INFO - Started process (PID=791) to work on /home/airflow/.local/lib/python3.7/site-packages/airflow/example_dags/example_params_trigger_ui.py
[2023-05-20T15:26:25.434+0000] {processor.py:826} INFO - Processing file /home/airflow/.local/lib/python3.7/site-packages/airflow/example_dags/example_params_trigger_ui.py for tasks to queue
[2023-05-20T15:26:25.436+0000] {logging_mixin.py:149} INFO - [2023-05-20T15:26:25.436+0000] {dagbag.py:541} INFO - Filling up the DagBag from /home/airflow/.local/lib/python3.7/site-packages/airflow/example_dags/example_params_trigger_ui.py
[2023-05-20T15:26:25.466+0000] {processor.py:836} INFO - DAG(s) dict_keys(['example_params_trigger_ui']) retrieved from /home/airflow/.local/lib/python3.7/site-packages/airflow/example_dags/example_params_trigger_ui.py
[2023-05-20T15:26:25.561+0000] {logging_mixin.py:149} INFO - [2023-05-20T15:26:25.561+0000] {dag.py:2726} INFO - Sync 1 DAGs
[2023-05-20T15:26:25.638+0000] {logging_mixin.py:149} INFO - [2023-05-20T15:26:25.638+0000] {dag.py:3490} INFO - Setting next_dagrun for example_params_trigger_ui to None, run_after=None
[2023-05-20T15:26:25.686+0000] {processor.py:179} INFO - Processing /home/airflow/.local/lib/python3.7/site-packages/airflow/example_dags/example_params_trigger_ui.py took 0.265 seconds
[2023-05-20T15:26:55.821+0000] {processor.py:157} INFO - Started process (PID=849) to work on /home/airflow/.local/lib/python3.7/site-packages/airflow/example_dags/example_params_trigger_ui.py
[2023-05-20T15:26:55.823+0000] {processor.py:826} INFO - Processing file /home/airflow/.local/lib/python3.7/site-packages/airflow/example_dags/example_params_trigger_ui.py for tasks to queue
[2023-05-20T15:26:55.824+0000] {logging_mixin.py:149} INFO - [2023-05-20T15:26:55.824+0000] {dagbag.py:541} INFO - Filling up the DagBag from /home/airflow/.local/lib/python3.7/site-packages/airflow/example_dags/example_params_trigger_ui.py
[2023-05-20T15:26:55.850+0000] {processor.py:836} INFO - DAG(s) dict_keys(['example_params_trigger_ui']) retrieved from /home/airflow/.local/lib/python3.7/site-packages/airflow/example_dags/example_params_trigger_ui.py
[2023-05-20T15:26:55.943+0000] {logging_mixin.py:149} INFO - [2023-05-20T15:26:55.943+0000] {dag.py:2726} INFO - Sync 1 DAGs
[2023-05-20T15:26:55.971+0000] {logging_mixin.py:149} INFO - [2023-05-20T15:26:55.970+0000] {dag.py:3490} INFO - Setting next_dagrun for example_params_trigger_ui to None, run_after=None
[2023-05-20T15:26:55.994+0000] {processor.py:179} INFO - Processing /home/airflow/.local/lib/python3.7/site-packages/airflow/example_dags/example_params_trigger_ui.py took 0.177 seconds
[2023-05-20T15:27:26.393+0000] {processor.py:157} INFO - Started process (PID=907) to work on /home/airflow/.local/lib/python3.7/site-packages/airflow/example_dags/example_params_trigger_ui.py
[2023-05-20T15:27:26.396+0000] {processor.py:826} INFO - Processing file /home/airflow/.local/lib/python3.7/site-packages/airflow/example_dags/example_params_trigger_ui.py for tasks to queue
[2023-05-20T15:27:26.398+0000] {logging_mixin.py:149} INFO - [2023-05-20T15:27:26.398+0000] {dagbag.py:541} INFO - Filling up the DagBag from /home/airflow/.local/lib/python3.7/site-packages/airflow/example_dags/example_params_trigger_ui.py
[2023-05-20T15:27:26.440+0000] {processor.py:836} INFO - DAG(s) dict_keys(['example_params_trigger_ui']) retrieved from /home/airflow/.local/lib/python3.7/site-packages/airflow/example_dags/example_params_trigger_ui.py
[2023-05-20T15:27:26.590+0000] {logging_mixin.py:149} INFO - [2023-05-20T15:27:26.590+0000] {dag.py:2726} INFO - Sync 1 DAGs
[2023-05-20T15:27:26.628+0000] {logging_mixin.py:149} INFO - [2023-05-20T15:27:26.627+0000] {dag.py:3490} INFO - Setting next_dagrun for example_params_trigger_ui to None, run_after=None
[2023-05-20T15:27:26.660+0000] {processor.py:179} INFO - Processing /home/airflow/.local/lib/python3.7/site-packages/airflow/example_dags/example_params_trigger_ui.py took 0.272 seconds
[2023-05-20T15:27:56.871+0000] {processor.py:157} INFO - Started process (PID=965) to work on /home/airflow/.local/lib/python3.7/site-packages/airflow/example_dags/example_params_trigger_ui.py
[2023-05-20T15:27:56.873+0000] {processor.py:826} INFO - Processing file /home/airflow/.local/lib/python3.7/site-packages/airflow/example_dags/example_params_trigger_ui.py for tasks to queue
[2023-05-20T15:27:56.875+0000] {logging_mixin.py:149} INFO - [2023-05-20T15:27:56.874+0000] {dagbag.py:541} INFO - Filling up the DagBag from /home/airflow/.local/lib/python3.7/site-packages/airflow/example_dags/example_params_trigger_ui.py
[2023-05-20T15:27:56.914+0000] {processor.py:836} INFO - DAG(s) dict_keys(['example_params_trigger_ui']) retrieved from /home/airflow/.local/lib/python3.7/site-packages/airflow/example_dags/example_params_trigger_ui.py
[2023-05-20T15:27:57.022+0000] {logging_mixin.py:149} INFO - [2023-05-20T15:27:57.021+0000] {dag.py:2726} INFO - Sync 1 DAGs
[2023-05-20T15:27:57.057+0000] {logging_mixin.py:149} INFO - [2023-05-20T15:27:57.057+0000] {dag.py:3490} INFO - Setting next_dagrun for example_params_trigger_ui to None, run_after=None
[2023-05-20T15:27:57.083+0000] {processor.py:179} INFO - Processing /home/airflow/.local/lib/python3.7/site-packages/airflow/example_dags/example_params_trigger_ui.py took 0.220 seconds
[2023-05-20T15:28:27.147+0000] {processor.py:157} INFO - Started process (PID=1023) to work on /home/airflow/.local/lib/python3.7/site-packages/airflow/example_dags/example_params_trigger_ui.py
[2023-05-20T15:28:27.148+0000] {processor.py:826} INFO - Processing file /home/airflow/.local/lib/python3.7/site-packages/airflow/example_dags/example_params_trigger_ui.py for tasks to queue
[2023-05-20T15:28:27.150+0000] {logging_mixin.py:149} INFO - [2023-05-20T15:28:27.150+0000] {dagbag.py:541} INFO - Filling up the DagBag from /home/airflow/.local/lib/python3.7/site-packages/airflow/example_dags/example_params_trigger_ui.py
[2023-05-20T15:28:27.180+0000] {processor.py:836} INFO - DAG(s) dict_keys(['example_params_trigger_ui']) retrieved from /home/airflow/.local/lib/python3.7/site-packages/airflow/example_dags/example_params_trigger_ui.py
[2023-05-20T15:28:27.296+0000] {logging_mixin.py:149} INFO - [2023-05-20T15:28:27.296+0000] {dag.py:2726} INFO - Sync 1 DAGs
[2023-05-20T15:28:27.326+0000] {logging_mixin.py:149} INFO - [2023-05-20T15:28:27.325+0000] {dag.py:3490} INFO - Setting next_dagrun for example_params_trigger_ui to None, run_after=None
[2023-05-20T15:28:27.350+0000] {processor.py:179} INFO - Processing /home/airflow/.local/lib/python3.7/site-packages/airflow/example_dags/example_params_trigger_ui.py took 0.208 seconds
[2023-05-20T15:28:57.489+0000] {processor.py:157} INFO - Started process (PID=1081) to work on /home/airflow/.local/lib/python3.7/site-packages/airflow/example_dags/example_params_trigger_ui.py
[2023-05-20T15:28:57.491+0000] {processor.py:826} INFO - Processing file /home/airflow/.local/lib/python3.7/site-packages/airflow/example_dags/example_params_trigger_ui.py for tasks to queue
[2023-05-20T15:28:57.493+0000] {logging_mixin.py:149} INFO - [2023-05-20T15:28:57.493+0000] {dagbag.py:541} INFO - Filling up the DagBag from /home/airflow/.local/lib/python3.7/site-packages/airflow/example_dags/example_params_trigger_ui.py
[2023-05-20T15:28:57.526+0000] {processor.py:836} INFO - DAG(s) dict_keys(['example_params_trigger_ui']) retrieved from /home/airflow/.local/lib/python3.7/site-packages/airflow/example_dags/example_params_trigger_ui.py
[2023-05-20T15:28:57.633+0000] {logging_mixin.py:149} INFO - [2023-05-20T15:28:57.633+0000] {dag.py:2726} INFO - Sync 1 DAGs
[2023-05-20T15:28:57.666+0000] {logging_mixin.py:149} INFO - [2023-05-20T15:28:57.666+0000] {dag.py:3490} INFO - Setting next_dagrun for example_params_trigger_ui to None, run_after=None
[2023-05-20T15:28:57.734+0000] {processor.py:179} INFO - Processing /home/airflow/.local/lib/python3.7/site-packages/airflow/example_dags/example_params_trigger_ui.py took 0.250 seconds
[2023-05-20T15:29:27.875+0000] {processor.py:157} INFO - Started process (PID=1139) to work on /home/airflow/.local/lib/python3.7/site-packages/airflow/example_dags/example_params_trigger_ui.py
[2023-05-20T15:29:27.878+0000] {processor.py:826} INFO - Processing file /home/airflow/.local/lib/python3.7/site-packages/airflow/example_dags/example_params_trigger_ui.py for tasks to queue
[2023-05-20T15:29:27.880+0000] {logging_mixin.py:149} INFO - [2023-05-20T15:29:27.880+0000] {dagbag.py:541} INFO - Filling up the DagBag from /home/airflow/.local/lib/python3.7/site-packages/airflow/example_dags/example_params_trigger_ui.py
[2023-05-20T15:29:27.914+0000] {processor.py:836} INFO - DAG(s) dict_keys(['example_params_trigger_ui']) retrieved from /home/airflow/.local/lib/python3.7/site-packages/airflow/example_dags/example_params_trigger_ui.py
[2023-05-20T15:29:28.026+0000] {logging_mixin.py:149} INFO - [2023-05-20T15:29:28.026+0000] {dag.py:2726} INFO - Sync 1 DAGs
[2023-05-20T15:29:28.061+0000] {logging_mixin.py:149} INFO - [2023-05-20T15:29:28.061+0000] {dag.py:3490} INFO - Setting next_dagrun for example_params_trigger_ui to None, run_after=None
[2023-05-20T15:29:28.092+0000] {processor.py:179} INFO - Processing /home/airflow/.local/lib/python3.7/site-packages/airflow/example_dags/example_params_trigger_ui.py took 0.222 seconds
[2023-05-20T15:29:59.062+0000] {processor.py:157} INFO - Started process (PID=1197) to work on /home/airflow/.local/lib/python3.7/site-packages/airflow/example_dags/example_params_trigger_ui.py
[2023-05-20T15:29:59.064+0000] {processor.py:826} INFO - Processing file /home/airflow/.local/lib/python3.7/site-packages/airflow/example_dags/example_params_trigger_ui.py for tasks to queue
[2023-05-20T15:29:59.066+0000] {logging_mixin.py:149} INFO - [2023-05-20T15:29:59.066+0000] {dagbag.py:541} INFO - Filling up the DagBag from /home/airflow/.local/lib/python3.7/site-packages/airflow/example_dags/example_params_trigger_ui.py
[2023-05-20T15:29:59.093+0000] {processor.py:836} INFO - DAG(s) dict_keys(['example_params_trigger_ui']) retrieved from /home/airflow/.local/lib/python3.7/site-packages/airflow/example_dags/example_params_trigger_ui.py
[2023-05-20T15:29:59.184+0000] {logging_mixin.py:149} INFO - [2023-05-20T15:29:59.184+0000] {dag.py:2726} INFO - Sync 1 DAGs
[2023-05-20T15:29:59.213+0000] {logging_mixin.py:149} INFO - [2023-05-20T15:29:59.213+0000] {dag.py:3490} INFO - Setting next_dagrun for example_params_trigger_ui to None, run_after=None
[2023-05-20T15:29:59.236+0000] {processor.py:179} INFO - Processing /home/airflow/.local/lib/python3.7/site-packages/airflow/example_dags/example_params_trigger_ui.py took 0.177 seconds
[2023-05-20T15:30:29.296+0000] {processor.py:157} INFO - Started process (PID=1255) to work on /home/airflow/.local/lib/python3.7/site-packages/airflow/example_dags/example_params_trigger_ui.py
[2023-05-20T15:30:29.297+0000] {processor.py:826} INFO - Processing file /home/airflow/.local/lib/python3.7/site-packages/airflow/example_dags/example_params_trigger_ui.py for tasks to queue
[2023-05-20T15:30:29.299+0000] {logging_mixin.py:149} INFO - [2023-05-20T15:30:29.299+0000] {dagbag.py:541} INFO - Filling up the DagBag from /home/airflow/.local/lib/python3.7/site-packages/airflow/example_dags/example_params_trigger_ui.py
[2023-05-20T15:30:29.325+0000] {processor.py:836} INFO - DAG(s) dict_keys(['example_params_trigger_ui']) retrieved from /home/airflow/.local/lib/python3.7/site-packages/airflow/example_dags/example_params_trigger_ui.py
[2023-05-20T15:30:29.422+0000] {logging_mixin.py:149} INFO - [2023-05-20T15:30:29.422+0000] {dag.py:2726} INFO - Sync 1 DAGs
[2023-05-20T15:30:29.454+0000] {logging_mixin.py:149} INFO - [2023-05-20T15:30:29.454+0000] {dag.py:3490} INFO - Setting next_dagrun for example_params_trigger_ui to None, run_after=None
[2023-05-20T15:30:29.492+0000] {processor.py:179} INFO - Processing /home/airflow/.local/lib/python3.7/site-packages/airflow/example_dags/example_params_trigger_ui.py took 0.200 seconds
[2023-05-20T15:30:59.552+0000] {processor.py:157} INFO - Started process (PID=1313) to work on /home/airflow/.local/lib/python3.7/site-packages/airflow/example_dags/example_params_trigger_ui.py
[2023-05-20T15:30:59.554+0000] {processor.py:826} INFO - Processing file /home/airflow/.local/lib/python3.7/site-packages/airflow/example_dags/example_params_trigger_ui.py for tasks to queue
[2023-05-20T15:30:59.556+0000] {logging_mixin.py:149} INFO - [2023-05-20T15:30:59.556+0000] {dagbag.py:541} INFO - Filling up the DagBag from /home/airflow/.local/lib/python3.7/site-packages/airflow/example_dags/example_params_trigger_ui.py
[2023-05-20T15:30:59.590+0000] {processor.py:836} INFO - DAG(s) dict_keys(['example_params_trigger_ui']) retrieved from /home/airflow/.local/lib/python3.7/site-packages/airflow/example_dags/example_params_trigger_ui.py
[2023-05-20T15:30:59.718+0000] {logging_mixin.py:149} INFO - [2023-05-20T15:30:59.718+0000] {dag.py:2726} INFO - Sync 1 DAGs
[2023-05-20T15:30:59.759+0000] {logging_mixin.py:149} INFO - [2023-05-20T15:30:59.759+0000] {dag.py:3490} INFO - Setting next_dagrun for example_params_trigger_ui to None, run_after=None
[2023-05-20T15:30:59.814+0000] {processor.py:179} INFO - Processing /home/airflow/.local/lib/python3.7/site-packages/airflow/example_dags/example_params_trigger_ui.py took 0.267 seconds
[2023-05-20T15:31:30.025+0000] {processor.py:157} INFO - Started process (PID=1371) to work on /home/airflow/.local/lib/python3.7/site-packages/airflow/example_dags/example_params_trigger_ui.py
[2023-05-20T15:31:30.031+0000] {processor.py:826} INFO - Processing file /home/airflow/.local/lib/python3.7/site-packages/airflow/example_dags/example_params_trigger_ui.py for tasks to queue
[2023-05-20T15:31:30.032+0000] {logging_mixin.py:149} INFO - [2023-05-20T15:31:30.032+0000] {dagbag.py:541} INFO - Filling up the DagBag from /home/airflow/.local/lib/python3.7/site-packages/airflow/example_dags/example_params_trigger_ui.py
[2023-05-20T15:31:30.066+0000] {processor.py:836} INFO - DAG(s) dict_keys(['example_params_trigger_ui']) retrieved from /home/airflow/.local/lib/python3.7/site-packages/airflow/example_dags/example_params_trigger_ui.py
[2023-05-20T15:31:30.187+0000] {logging_mixin.py:149} INFO - [2023-05-20T15:31:30.186+0000] {dag.py:2726} INFO - Sync 1 DAGs
[2023-05-20T15:31:30.220+0000] {logging_mixin.py:149} INFO - [2023-05-20T15:31:30.219+0000] {dag.py:3490} INFO - Setting next_dagrun for example_params_trigger_ui to None, run_after=None
[2023-05-20T15:31:30.247+0000] {processor.py:179} INFO - Processing /home/airflow/.local/lib/python3.7/site-packages/airflow/example_dags/example_params_trigger_ui.py took 0.227 seconds
[2023-05-20T15:32:00.350+0000] {processor.py:157} INFO - Started process (PID=1429) to work on /home/airflow/.local/lib/python3.7/site-packages/airflow/example_dags/example_params_trigger_ui.py
[2023-05-20T15:32:00.352+0000] {processor.py:826} INFO - Processing file /home/airflow/.local/lib/python3.7/site-packages/airflow/example_dags/example_params_trigger_ui.py for tasks to queue
[2023-05-20T15:32:00.354+0000] {logging_mixin.py:149} INFO - [2023-05-20T15:32:00.354+0000] {dagbag.py:541} INFO - Filling up the DagBag from /home/airflow/.local/lib/python3.7/site-packages/airflow/example_dags/example_params_trigger_ui.py
[2023-05-20T15:32:00.397+0000] {processor.py:836} INFO - DAG(s) dict_keys(['example_params_trigger_ui']) retrieved from /home/airflow/.local/lib/python3.7/site-packages/airflow/example_dags/example_params_trigger_ui.py
[2023-05-20T15:32:00.542+0000] {logging_mixin.py:149} INFO - [2023-05-20T15:32:00.541+0000] {dag.py:2726} INFO - Sync 1 DAGs
[2023-05-20T15:32:00.577+0000] {logging_mixin.py:149} INFO - [2023-05-20T15:32:00.577+0000] {dag.py:3490} INFO - Setting next_dagrun for example_params_trigger_ui to None, run_after=None
[2023-05-20T15:32:00.633+0000] {processor.py:179} INFO - Processing /home/airflow/.local/lib/python3.7/site-packages/airflow/example_dags/example_params_trigger_ui.py took 0.289 seconds
[2023-05-20T15:32:30.807+0000] {processor.py:157} INFO - Started process (PID=1487) to work on /home/airflow/.local/lib/python3.7/site-packages/airflow/example_dags/example_params_trigger_ui.py
[2023-05-20T15:32:30.808+0000] {processor.py:826} INFO - Processing file /home/airflow/.local/lib/python3.7/site-packages/airflow/example_dags/example_params_trigger_ui.py for tasks to queue
[2023-05-20T15:32:30.809+0000] {logging_mixin.py:149} INFO - [2023-05-20T15:32:30.809+0000] {dagbag.py:541} INFO - Filling up the DagBag from /home/airflow/.local/lib/python3.7/site-packages/airflow/example_dags/example_params_trigger_ui.py
[2023-05-20T15:32:30.838+0000] {processor.py:836} INFO - DAG(s) dict_keys(['example_params_trigger_ui']) retrieved from /home/airflow/.local/lib/python3.7/site-packages/airflow/example_dags/example_params_trigger_ui.py
[2023-05-20T15:32:30.931+0000] {logging_mixin.py:149} INFO - [2023-05-20T15:32:30.931+0000] {dag.py:2726} INFO - Sync 1 DAGs
[2023-05-20T15:32:30.960+0000] {logging_mixin.py:149} INFO - [2023-05-20T15:32:30.960+0000] {dag.py:3490} INFO - Setting next_dagrun for example_params_trigger_ui to None, run_after=None
[2023-05-20T15:32:30.986+0000] {processor.py:179} INFO - Processing /home/airflow/.local/lib/python3.7/site-packages/airflow/example_dags/example_params_trigger_ui.py took 0.184 seconds
[2023-05-20T15:33:01.197+0000] {processor.py:157} INFO - Started process (PID=1545) to work on /home/airflow/.local/lib/python3.7/site-packages/airflow/example_dags/example_params_trigger_ui.py
[2023-05-20T15:33:01.199+0000] {processor.py:826} INFO - Processing file /home/airflow/.local/lib/python3.7/site-packages/airflow/example_dags/example_params_trigger_ui.py for tasks to queue
[2023-05-20T15:33:01.200+0000] {logging_mixin.py:149} INFO - [2023-05-20T15:33:01.200+0000] {dagbag.py:541} INFO - Filling up the DagBag from /home/airflow/.local/lib/python3.7/site-packages/airflow/example_dags/example_params_trigger_ui.py
[2023-05-20T15:33:01.230+0000] {processor.py:836} INFO - DAG(s) dict_keys(['example_params_trigger_ui']) retrieved from /home/airflow/.local/lib/python3.7/site-packages/airflow/example_dags/example_params_trigger_ui.py
[2023-05-20T15:33:01.336+0000] {logging_mixin.py:149} INFO - [2023-05-20T15:33:01.336+0000] {dag.py:2726} INFO - Sync 1 DAGs
[2023-05-20T15:33:01.375+0000] {logging_mixin.py:149} INFO - [2023-05-20T15:33:01.374+0000] {dag.py:3490} INFO - Setting next_dagrun for example_params_trigger_ui to None, run_after=None
[2023-05-20T15:33:01.407+0000] {processor.py:179} INFO - Processing /home/airflow/.local/lib/python3.7/site-packages/airflow/example_dags/example_params_trigger_ui.py took 0.215 seconds
[2023-05-20T15:33:31.582+0000] {processor.py:157} INFO - Started process (PID=1603) to work on /home/airflow/.local/lib/python3.7/site-packages/airflow/example_dags/example_params_trigger_ui.py
[2023-05-20T15:33:31.584+0000] {processor.py:826} INFO - Processing file /home/airflow/.local/lib/python3.7/site-packages/airflow/example_dags/example_params_trigger_ui.py for tasks to queue
[2023-05-20T15:33:31.586+0000] {logging_mixin.py:149} INFO - [2023-05-20T15:33:31.585+0000] {dagbag.py:541} INFO - Filling up the DagBag from /home/airflow/.local/lib/python3.7/site-packages/airflow/example_dags/example_params_trigger_ui.py
[2023-05-20T15:33:31.620+0000] {processor.py:836} INFO - DAG(s) dict_keys(['example_params_trigger_ui']) retrieved from /home/airflow/.local/lib/python3.7/site-packages/airflow/example_dags/example_params_trigger_ui.py
[2023-05-20T15:33:31.715+0000] {logging_mixin.py:149} INFO - [2023-05-20T15:33:31.715+0000] {dag.py:2726} INFO - Sync 1 DAGs
[2023-05-20T15:33:31.745+0000] {logging_mixin.py:149} INFO - [2023-05-20T15:33:31.745+0000] {dag.py:3490} INFO - Setting next_dagrun for example_params_trigger_ui to None, run_after=None
[2023-05-20T15:33:31.771+0000] {processor.py:179} INFO - Processing /home/airflow/.local/lib/python3.7/site-packages/airflow/example_dags/example_params_trigger_ui.py took 0.194 seconds
[2023-05-20T15:34:01.906+0000] {processor.py:157} INFO - Started process (PID=1661) to work on /home/airflow/.local/lib/python3.7/site-packages/airflow/example_dags/example_params_trigger_ui.py
[2023-05-20T15:34:01.908+0000] {processor.py:826} INFO - Processing file /home/airflow/.local/lib/python3.7/site-packages/airflow/example_dags/example_params_trigger_ui.py for tasks to queue
[2023-05-20T15:34:01.909+0000] {logging_mixin.py:149} INFO - [2023-05-20T15:34:01.909+0000] {dagbag.py:541} INFO - Filling up the DagBag from /home/airflow/.local/lib/python3.7/site-packages/airflow/example_dags/example_params_trigger_ui.py
[2023-05-20T15:34:01.946+0000] {processor.py:836} INFO - DAG(s) dict_keys(['example_params_trigger_ui']) retrieved from /home/airflow/.local/lib/python3.7/site-packages/airflow/example_dags/example_params_trigger_ui.py
[2023-05-20T15:34:02.112+0000] {logging_mixin.py:149} INFO - [2023-05-20T15:34:02.111+0000] {dag.py:2726} INFO - Sync 1 DAGs
[2023-05-20T15:34:02.171+0000] {logging_mixin.py:149} INFO - [2023-05-20T15:34:02.170+0000] {dag.py:3490} INFO - Setting next_dagrun for example_params_trigger_ui to None, run_after=None
[2023-05-20T15:34:02.219+0000] {processor.py:179} INFO - Processing /home/airflow/.local/lib/python3.7/site-packages/airflow/example_dags/example_params_trigger_ui.py took 0.317 seconds
[2023-05-20T15:34:32.404+0000] {processor.py:157} INFO - Started process (PID=1719) to work on /home/airflow/.local/lib/python3.7/site-packages/airflow/example_dags/example_params_trigger_ui.py
[2023-05-20T15:34:32.405+0000] {processor.py:826} INFO - Processing file /home/airflow/.local/lib/python3.7/site-packages/airflow/example_dags/example_params_trigger_ui.py for tasks to queue
[2023-05-20T15:34:32.407+0000] {logging_mixin.py:149} INFO - [2023-05-20T15:34:32.406+0000] {dagbag.py:541} INFO - Filling up the DagBag from /home/airflow/.local/lib/python3.7/site-packages/airflow/example_dags/example_params_trigger_ui.py
[2023-05-20T15:34:32.434+0000] {processor.py:836} INFO - DAG(s) dict_keys(['example_params_trigger_ui']) retrieved from /home/airflow/.local/lib/python3.7/site-packages/airflow/example_dags/example_params_trigger_ui.py
[2023-05-20T15:34:32.553+0000] {logging_mixin.py:149} INFO - [2023-05-20T15:34:32.553+0000] {dag.py:2726} INFO - Sync 1 DAGs
[2023-05-20T15:34:32.592+0000] {logging_mixin.py:149} INFO - [2023-05-20T15:34:32.592+0000] {dag.py:3490} INFO - Setting next_dagrun for example_params_trigger_ui to None, run_after=None
[2023-05-20T15:34:32.616+0000] {processor.py:179} INFO - Processing /home/airflow/.local/lib/python3.7/site-packages/airflow/example_dags/example_params_trigger_ui.py took 0.216 seconds
[2023-05-20T15:35:02.875+0000] {processor.py:157} INFO - Started process (PID=1777) to work on /home/airflow/.local/lib/python3.7/site-packages/airflow/example_dags/example_params_trigger_ui.py
[2023-05-20T15:35:02.877+0000] {processor.py:826} INFO - Processing file /home/airflow/.local/lib/python3.7/site-packages/airflow/example_dags/example_params_trigger_ui.py for tasks to queue
[2023-05-20T15:35:02.880+0000] {logging_mixin.py:149} INFO - [2023-05-20T15:35:02.879+0000] {dagbag.py:541} INFO - Filling up the DagBag from /home/airflow/.local/lib/python3.7/site-packages/airflow/example_dags/example_params_trigger_ui.py
[2023-05-20T15:35:02.916+0000] {processor.py:836} INFO - DAG(s) dict_keys(['example_params_trigger_ui']) retrieved from /home/airflow/.local/lib/python3.7/site-packages/airflow/example_dags/example_params_trigger_ui.py
[2023-05-20T15:35:03.033+0000] {logging_mixin.py:149} INFO - [2023-05-20T15:35:03.033+0000] {dag.py:2726} INFO - Sync 1 DAGs
[2023-05-20T15:35:03.071+0000] {logging_mixin.py:149} INFO - [2023-05-20T15:35:03.070+0000] {dag.py:3490} INFO - Setting next_dagrun for example_params_trigger_ui to None, run_after=None
[2023-05-20T15:35:03.118+0000] {processor.py:179} INFO - Processing /home/airflow/.local/lib/python3.7/site-packages/airflow/example_dags/example_params_trigger_ui.py took 0.248 seconds
[2023-05-20T15:35:33.373+0000] {processor.py:157} INFO - Started process (PID=1835) to work on /home/airflow/.local/lib/python3.7/site-packages/airflow/example_dags/example_params_trigger_ui.py
[2023-05-20T15:35:33.375+0000] {processor.py:826} INFO - Processing file /home/airflow/.local/lib/python3.7/site-packages/airflow/example_dags/example_params_trigger_ui.py for tasks to queue
[2023-05-20T15:35:33.376+0000] {logging_mixin.py:149} INFO - [2023-05-20T15:35:33.376+0000] {dagbag.py:541} INFO - Filling up the DagBag from /home/airflow/.local/lib/python3.7/site-packages/airflow/example_dags/example_params_trigger_ui.py
[2023-05-20T15:35:33.411+0000] {processor.py:836} INFO - DAG(s) dict_keys(['example_params_trigger_ui']) retrieved from /home/airflow/.local/lib/python3.7/site-packages/airflow/example_dags/example_params_trigger_ui.py
[2023-05-20T15:35:33.532+0000] {logging_mixin.py:149} INFO - [2023-05-20T15:35:33.532+0000] {dag.py:2726} INFO - Sync 1 DAGs
[2023-05-20T15:35:33.578+0000] {logging_mixin.py:149} INFO - [2023-05-20T15:35:33.578+0000] {dag.py:3490} INFO - Setting next_dagrun for example_params_trigger_ui to None, run_after=None
[2023-05-20T15:35:33.610+0000] {processor.py:179} INFO - Processing /home/airflow/.local/lib/python3.7/site-packages/airflow/example_dags/example_params_trigger_ui.py took 0.243 seconds
[2023-05-20T15:36:04.365+0000] {processor.py:157} INFO - Started process (PID=1893) to work on /home/airflow/.local/lib/python3.7/site-packages/airflow/example_dags/example_params_trigger_ui.py
[2023-05-20T15:36:04.367+0000] {processor.py:826} INFO - Processing file /home/airflow/.local/lib/python3.7/site-packages/airflow/example_dags/example_params_trigger_ui.py for tasks to queue
[2023-05-20T15:36:04.368+0000] {logging_mixin.py:149} INFO - [2023-05-20T15:36:04.368+0000] {dagbag.py:541} INFO - Filling up the DagBag from /home/airflow/.local/lib/python3.7/site-packages/airflow/example_dags/example_params_trigger_ui.py
[2023-05-20T15:36:04.394+0000] {processor.py:836} INFO - DAG(s) dict_keys(['example_params_trigger_ui']) retrieved from /home/airflow/.local/lib/python3.7/site-packages/airflow/example_dags/example_params_trigger_ui.py
[2023-05-20T15:36:04.486+0000] {logging_mixin.py:149} INFO - [2023-05-20T15:36:04.486+0000] {dag.py:2726} INFO - Sync 1 DAGs
[2023-05-20T15:36:04.515+0000] {logging_mixin.py:149} INFO - [2023-05-20T15:36:04.515+0000] {dag.py:3490} INFO - Setting next_dagrun for example_params_trigger_ui to None, run_after=None
[2023-05-20T15:36:04.540+0000] {processor.py:179} INFO - Processing /home/airflow/.local/lib/python3.7/site-packages/airflow/example_dags/example_params_trigger_ui.py took 0.179 seconds
[2023-05-20T15:36:34.667+0000] {processor.py:157} INFO - Started process (PID=1951) to work on /home/airflow/.local/lib/python3.7/site-packages/airflow/example_dags/example_params_trigger_ui.py
[2023-05-20T15:36:34.669+0000] {processor.py:826} INFO - Processing file /home/airflow/.local/lib/python3.7/site-packages/airflow/example_dags/example_params_trigger_ui.py for tasks to queue
[2023-05-20T15:36:34.670+0000] {logging_mixin.py:149} INFO - [2023-05-20T15:36:34.670+0000] {dagbag.py:541} INFO - Filling up the DagBag from /home/airflow/.local/lib/python3.7/site-packages/airflow/example_dags/example_params_trigger_ui.py
[2023-05-20T15:36:34.704+0000] {processor.py:836} INFO - DAG(s) dict_keys(['example_params_trigger_ui']) retrieved from /home/airflow/.local/lib/python3.7/site-packages/airflow/example_dags/example_params_trigger_ui.py
[2023-05-20T15:36:34.804+0000] {logging_mixin.py:149} INFO - [2023-05-20T15:36:34.804+0000] {dag.py:2726} INFO - Sync 1 DAGs
[2023-05-20T15:36:34.843+0000] {logging_mixin.py:149} INFO - [2023-05-20T15:36:34.842+0000] {dag.py:3490} INFO - Setting next_dagrun for example_params_trigger_ui to None, run_after=None
[2023-05-20T15:36:34.867+0000] {processor.py:179} INFO - Processing /home/airflow/.local/lib/python3.7/site-packages/airflow/example_dags/example_params_trigger_ui.py took 0.204 seconds
[2023-05-20T15:37:05.034+0000] {processor.py:157} INFO - Started process (PID=2010) to work on /home/airflow/.local/lib/python3.7/site-packages/airflow/example_dags/example_params_trigger_ui.py
[2023-05-20T15:37:05.036+0000] {processor.py:826} INFO - Processing file /home/airflow/.local/lib/python3.7/site-packages/airflow/example_dags/example_params_trigger_ui.py for tasks to queue
[2023-05-20T15:37:05.037+0000] {logging_mixin.py:149} INFO - [2023-05-20T15:37:05.037+0000] {dagbag.py:541} INFO - Filling up the DagBag from /home/airflow/.local/lib/python3.7/site-packages/airflow/example_dags/example_params_trigger_ui.py
[2023-05-20T15:37:05.067+0000] {processor.py:836} INFO - DAG(s) dict_keys(['example_params_trigger_ui']) retrieved from /home/airflow/.local/lib/python3.7/site-packages/airflow/example_dags/example_params_trigger_ui.py
[2023-05-20T15:37:05.158+0000] {logging_mixin.py:149} INFO - [2023-05-20T15:37:05.158+0000] {dag.py:2726} INFO - Sync 1 DAGs
[2023-05-20T15:37:05.200+0000] {logging_mixin.py:149} INFO - [2023-05-20T15:37:05.200+0000] {dag.py:3490} INFO - Setting next_dagrun for example_params_trigger_ui to None, run_after=None
[2023-05-20T15:37:05.225+0000] {processor.py:179} INFO - Processing /home/airflow/.local/lib/python3.7/site-packages/airflow/example_dags/example_params_trigger_ui.py took 0.195 seconds
[2023-05-20T15:37:35.462+0000] {processor.py:157} INFO - Started process (PID=2068) to work on /home/airflow/.local/lib/python3.7/site-packages/airflow/example_dags/example_params_trigger_ui.py
[2023-05-20T15:37:35.464+0000] {processor.py:826} INFO - Processing file /home/airflow/.local/lib/python3.7/site-packages/airflow/example_dags/example_params_trigger_ui.py for tasks to queue
[2023-05-20T15:37:35.465+0000] {logging_mixin.py:149} INFO - [2023-05-20T15:37:35.465+0000] {dagbag.py:541} INFO - Filling up the DagBag from /home/airflow/.local/lib/python3.7/site-packages/airflow/example_dags/example_params_trigger_ui.py
[2023-05-20T15:37:35.498+0000] {processor.py:836} INFO - DAG(s) dict_keys(['example_params_trigger_ui']) retrieved from /home/airflow/.local/lib/python3.7/site-packages/airflow/example_dags/example_params_trigger_ui.py
[2023-05-20T15:37:35.608+0000] {logging_mixin.py:149} INFO - [2023-05-20T15:37:35.608+0000] {dag.py:2726} INFO - Sync 1 DAGs
[2023-05-20T15:37:35.649+0000] {logging_mixin.py:149} INFO - [2023-05-20T15:37:35.649+0000] {dag.py:3490} INFO - Setting next_dagrun for example_params_trigger_ui to None, run_after=None
[2023-05-20T15:37:35.680+0000] {processor.py:179} INFO - Processing /home/airflow/.local/lib/python3.7/site-packages/airflow/example_dags/example_params_trigger_ui.py took 0.222 seconds
[2023-05-20T15:38:05.753+0000] {processor.py:157} INFO - Started process (PID=2126) to work on /home/airflow/.local/lib/python3.7/site-packages/airflow/example_dags/example_params_trigger_ui.py
[2023-05-20T15:38:05.756+0000] {processor.py:826} INFO - Processing file /home/airflow/.local/lib/python3.7/site-packages/airflow/example_dags/example_params_trigger_ui.py for tasks to queue
[2023-05-20T15:38:05.759+0000] {logging_mixin.py:149} INFO - [2023-05-20T15:38:05.758+0000] {dagbag.py:541} INFO - Filling up the DagBag from /home/airflow/.local/lib/python3.7/site-packages/airflow/example_dags/example_params_trigger_ui.py
[2023-05-20T15:38:05.814+0000] {processor.py:836} INFO - DAG(s) dict_keys(['example_params_trigger_ui']) retrieved from /home/airflow/.local/lib/python3.7/site-packages/airflow/example_dags/example_params_trigger_ui.py
[2023-05-20T15:38:06.072+0000] {logging_mixin.py:149} INFO - [2023-05-20T15:38:06.071+0000] {dag.py:2726} INFO - Sync 1 DAGs
[2023-05-20T15:38:06.143+0000] {logging_mixin.py:149} INFO - [2023-05-20T15:38:06.143+0000] {dag.py:3490} INFO - Setting next_dagrun for example_params_trigger_ui to None, run_after=None
[2023-05-20T15:38:06.215+0000] {processor.py:179} INFO - Processing /home/airflow/.local/lib/python3.7/site-packages/airflow/example_dags/example_params_trigger_ui.py took 0.470 seconds
[2023-05-20T15:38:36.631+0000] {processor.py:157} INFO - Started process (PID=2184) to work on /home/airflow/.local/lib/python3.7/site-packages/airflow/example_dags/example_params_trigger_ui.py
[2023-05-20T15:38:36.633+0000] {processor.py:826} INFO - Processing file /home/airflow/.local/lib/python3.7/site-packages/airflow/example_dags/example_params_trigger_ui.py for tasks to queue
[2023-05-20T15:38:36.634+0000] {logging_mixin.py:149} INFO - [2023-05-20T15:38:36.634+0000] {dagbag.py:541} INFO - Filling up the DagBag from /home/airflow/.local/lib/python3.7/site-packages/airflow/example_dags/example_params_trigger_ui.py
[2023-05-20T15:38:36.668+0000] {processor.py:836} INFO - DAG(s) dict_keys(['example_params_trigger_ui']) retrieved from /home/airflow/.local/lib/python3.7/site-packages/airflow/example_dags/example_params_trigger_ui.py
[2023-05-20T15:38:36.780+0000] {logging_mixin.py:149} INFO - [2023-05-20T15:38:36.780+0000] {dag.py:2726} INFO - Sync 1 DAGs
[2023-05-20T15:38:36.819+0000] {logging_mixin.py:149} INFO - [2023-05-20T15:38:36.819+0000] {dag.py:3490} INFO - Setting next_dagrun for example_params_trigger_ui to None, run_after=None
[2023-05-20T15:38:36.854+0000] {processor.py:179} INFO - Processing /home/airflow/.local/lib/python3.7/site-packages/airflow/example_dags/example_params_trigger_ui.py took 0.228 seconds
[2023-05-20T15:39:06.914+0000] {processor.py:157} INFO - Started process (PID=2242) to work on /home/airflow/.local/lib/python3.7/site-packages/airflow/example_dags/example_params_trigger_ui.py
[2023-05-20T15:39:06.916+0000] {processor.py:826} INFO - Processing file /home/airflow/.local/lib/python3.7/site-packages/airflow/example_dags/example_params_trigger_ui.py for tasks to queue
[2023-05-20T15:39:06.918+0000] {logging_mixin.py:149} INFO - [2023-05-20T15:39:06.917+0000] {dagbag.py:541} INFO - Filling up the DagBag from /home/airflow/.local/lib/python3.7/site-packages/airflow/example_dags/example_params_trigger_ui.py
[2023-05-20T15:39:06.950+0000] {processor.py:836} INFO - DAG(s) dict_keys(['example_params_trigger_ui']) retrieved from /home/airflow/.local/lib/python3.7/site-packages/airflow/example_dags/example_params_trigger_ui.py
[2023-05-20T15:39:07.045+0000] {logging_mixin.py:149} INFO - [2023-05-20T15:39:07.045+0000] {dag.py:2726} INFO - Sync 1 DAGs
[2023-05-20T15:39:07.076+0000] {logging_mixin.py:149} INFO - [2023-05-20T15:39:07.076+0000] {dag.py:3490} INFO - Setting next_dagrun for example_params_trigger_ui to None, run_after=None
[2023-05-20T15:39:07.102+0000] {processor.py:179} INFO - Processing /home/airflow/.local/lib/python3.7/site-packages/airflow/example_dags/example_params_trigger_ui.py took 0.193 seconds
[2023-05-20T15:39:37.163+0000] {processor.py:157} INFO - Started process (PID=2300) to work on /home/airflow/.local/lib/python3.7/site-packages/airflow/example_dags/example_params_trigger_ui.py
[2023-05-20T15:39:37.165+0000] {processor.py:826} INFO - Processing file /home/airflow/.local/lib/python3.7/site-packages/airflow/example_dags/example_params_trigger_ui.py for tasks to queue
[2023-05-20T15:39:37.166+0000] {logging_mixin.py:149} INFO - [2023-05-20T15:39:37.166+0000] {dagbag.py:541} INFO - Filling up the DagBag from /home/airflow/.local/lib/python3.7/site-packages/airflow/example_dags/example_params_trigger_ui.py
[2023-05-20T15:39:37.194+0000] {processor.py:836} INFO - DAG(s) dict_keys(['example_params_trigger_ui']) retrieved from /home/airflow/.local/lib/python3.7/site-packages/airflow/example_dags/example_params_trigger_ui.py
[2023-05-20T15:39:37.294+0000] {logging_mixin.py:149} INFO - [2023-05-20T15:39:37.293+0000] {dag.py:2726} INFO - Sync 1 DAGs
[2023-05-20T15:39:37.325+0000] {logging_mixin.py:149} INFO - [2023-05-20T15:39:37.325+0000] {dag.py:3490} INFO - Setting next_dagrun for example_params_trigger_ui to None, run_after=None
[2023-05-20T15:39:37.349+0000] {processor.py:179} INFO - Processing /home/airflow/.local/lib/python3.7/site-packages/airflow/example_dags/example_params_trigger_ui.py took 0.190 seconds
[2023-05-20T15:40:07.816+0000] {processor.py:157} INFO - Started process (PID=2358) to work on /home/airflow/.local/lib/python3.7/site-packages/airflow/example_dags/example_params_trigger_ui.py
[2023-05-20T15:40:07.820+0000] {processor.py:826} INFO - Processing file /home/airflow/.local/lib/python3.7/site-packages/airflow/example_dags/example_params_trigger_ui.py for tasks to queue
[2023-05-20T15:40:07.821+0000] {logging_mixin.py:149} INFO - [2023-05-20T15:40:07.821+0000] {dagbag.py:541} INFO - Filling up the DagBag from /home/airflow/.local/lib/python3.7/site-packages/airflow/example_dags/example_params_trigger_ui.py
[2023-05-20T15:40:07.858+0000] {processor.py:836} INFO - DAG(s) dict_keys(['example_params_trigger_ui']) retrieved from /home/airflow/.local/lib/python3.7/site-packages/airflow/example_dags/example_params_trigger_ui.py
[2023-05-20T15:40:07.972+0000] {logging_mixin.py:149} INFO - [2023-05-20T15:40:07.972+0000] {dag.py:2726} INFO - Sync 1 DAGs
[2023-05-20T15:40:08.008+0000] {logging_mixin.py:149} INFO - [2023-05-20T15:40:08.008+0000] {dag.py:3490} INFO - Setting next_dagrun for example_params_trigger_ui to None, run_after=None
[2023-05-20T15:40:08.035+0000] {processor.py:179} INFO - Processing /home/airflow/.local/lib/python3.7/site-packages/airflow/example_dags/example_params_trigger_ui.py took 0.224 seconds
[2023-05-20T15:40:38.136+0000] {processor.py:157} INFO - Started process (PID=2416) to work on /home/airflow/.local/lib/python3.7/site-packages/airflow/example_dags/example_params_trigger_ui.py
[2023-05-20T15:40:38.138+0000] {processor.py:826} INFO - Processing file /home/airflow/.local/lib/python3.7/site-packages/airflow/example_dags/example_params_trigger_ui.py for tasks to queue
[2023-05-20T15:40:38.140+0000] {logging_mixin.py:149} INFO - [2023-05-20T15:40:38.140+0000] {dagbag.py:541} INFO - Filling up the DagBag from /home/airflow/.local/lib/python3.7/site-packages/airflow/example_dags/example_params_trigger_ui.py
[2023-05-20T15:40:38.167+0000] {processor.py:836} INFO - DAG(s) dict_keys(['example_params_trigger_ui']) retrieved from /home/airflow/.local/lib/python3.7/site-packages/airflow/example_dags/example_params_trigger_ui.py
[2023-05-20T15:40:38.271+0000] {logging_mixin.py:149} INFO - [2023-05-20T15:40:38.270+0000] {dag.py:2726} INFO - Sync 1 DAGs
[2023-05-20T15:40:38.309+0000] {logging_mixin.py:149} INFO - [2023-05-20T15:40:38.309+0000] {dag.py:3490} INFO - Setting next_dagrun for example_params_trigger_ui to None, run_after=None
[2023-05-20T15:40:38.351+0000] {processor.py:179} INFO - Processing /home/airflow/.local/lib/python3.7/site-packages/airflow/example_dags/example_params_trigger_ui.py took 0.218 seconds
[2023-05-20T15:41:08.630+0000] {processor.py:157} INFO - Started process (PID=2481) to work on /home/airflow/.local/lib/python3.7/site-packages/airflow/example_dags/example_params_trigger_ui.py
[2023-05-20T15:41:08.633+0000] {processor.py:826} INFO - Processing file /home/airflow/.local/lib/python3.7/site-packages/airflow/example_dags/example_params_trigger_ui.py for tasks to queue
[2023-05-20T15:41:08.635+0000] {logging_mixin.py:149} INFO - [2023-05-20T15:41:08.635+0000] {dagbag.py:541} INFO - Filling up the DagBag from /home/airflow/.local/lib/python3.7/site-packages/airflow/example_dags/example_params_trigger_ui.py
[2023-05-20T15:41:08.670+0000] {processor.py:836} INFO - DAG(s) dict_keys(['example_params_trigger_ui']) retrieved from /home/airflow/.local/lib/python3.7/site-packages/airflow/example_dags/example_params_trigger_ui.py
[2023-05-20T15:41:08.771+0000] {logging_mixin.py:149} INFO - [2023-05-20T15:41:08.771+0000] {dag.py:2726} INFO - Sync 1 DAGs
[2023-05-20T15:41:08.806+0000] {logging_mixin.py:149} INFO - [2023-05-20T15:41:08.805+0000] {dag.py:3490} INFO - Setting next_dagrun for example_params_trigger_ui to None, run_after=None
[2023-05-20T15:41:08.832+0000] {processor.py:179} INFO - Processing /home/airflow/.local/lib/python3.7/site-packages/airflow/example_dags/example_params_trigger_ui.py took 0.209 seconds
[2023-05-20T15:41:39.049+0000] {processor.py:157} INFO - Started process (PID=2539) to work on /home/airflow/.local/lib/python3.7/site-packages/airflow/example_dags/example_params_trigger_ui.py
[2023-05-20T15:41:39.051+0000] {processor.py:826} INFO - Processing file /home/airflow/.local/lib/python3.7/site-packages/airflow/example_dags/example_params_trigger_ui.py for tasks to queue
[2023-05-20T15:41:39.053+0000] {logging_mixin.py:149} INFO - [2023-05-20T15:41:39.052+0000] {dagbag.py:541} INFO - Filling up the DagBag from /home/airflow/.local/lib/python3.7/site-packages/airflow/example_dags/example_params_trigger_ui.py
[2023-05-20T15:41:39.083+0000] {processor.py:836} INFO - DAG(s) dict_keys(['example_params_trigger_ui']) retrieved from /home/airflow/.local/lib/python3.7/site-packages/airflow/example_dags/example_params_trigger_ui.py
[2023-05-20T15:41:39.177+0000] {logging_mixin.py:149} INFO - [2023-05-20T15:41:39.177+0000] {dag.py:2726} INFO - Sync 1 DAGs
[2023-05-20T15:41:39.208+0000] {logging_mixin.py:149} INFO - [2023-05-20T15:41:39.208+0000] {dag.py:3490} INFO - Setting next_dagrun for example_params_trigger_ui to None, run_after=None
[2023-05-20T15:41:39.233+0000] {processor.py:179} INFO - Processing /home/airflow/.local/lib/python3.7/site-packages/airflow/example_dags/example_params_trigger_ui.py took 0.187 seconds
[2023-05-20T15:42:09.339+0000] {processor.py:157} INFO - Started process (PID=2597) to work on /home/airflow/.local/lib/python3.7/site-packages/airflow/example_dags/example_params_trigger_ui.py
[2023-05-20T15:42:09.341+0000] {processor.py:826} INFO - Processing file /home/airflow/.local/lib/python3.7/site-packages/airflow/example_dags/example_params_trigger_ui.py for tasks to queue
[2023-05-20T15:42:09.343+0000] {logging_mixin.py:149} INFO - [2023-05-20T15:42:09.343+0000] {dagbag.py:541} INFO - Filling up the DagBag from /home/airflow/.local/lib/python3.7/site-packages/airflow/example_dags/example_params_trigger_ui.py
[2023-05-20T15:42:09.373+0000] {processor.py:836} INFO - DAG(s) dict_keys(['example_params_trigger_ui']) retrieved from /home/airflow/.local/lib/python3.7/site-packages/airflow/example_dags/example_params_trigger_ui.py
[2023-05-20T15:42:09.464+0000] {logging_mixin.py:149} INFO - [2023-05-20T15:42:09.464+0000] {dag.py:2726} INFO - Sync 1 DAGs
[2023-05-20T15:42:09.493+0000] {logging_mixin.py:149} INFO - [2023-05-20T15:42:09.493+0000] {dag.py:3490} INFO - Setting next_dagrun for example_params_trigger_ui to None, run_after=None
[2023-05-20T15:42:09.516+0000] {processor.py:179} INFO - Processing /home/airflow/.local/lib/python3.7/site-packages/airflow/example_dags/example_params_trigger_ui.py took 0.182 seconds
[2023-05-20T15:42:39.879+0000] {processor.py:157} INFO - Started process (PID=2655) to work on /home/airflow/.local/lib/python3.7/site-packages/airflow/example_dags/example_params_trigger_ui.py
[2023-05-20T15:42:39.891+0000] {processor.py:826} INFO - Processing file /home/airflow/.local/lib/python3.7/site-packages/airflow/example_dags/example_params_trigger_ui.py for tasks to queue
[2023-05-20T15:42:39.894+0000] {logging_mixin.py:149} INFO - [2023-05-20T15:42:39.894+0000] {dagbag.py:541} INFO - Filling up the DagBag from /home/airflow/.local/lib/python3.7/site-packages/airflow/example_dags/example_params_trigger_ui.py
[2023-05-20T15:42:39.936+0000] {processor.py:836} INFO - DAG(s) dict_keys(['example_params_trigger_ui']) retrieved from /home/airflow/.local/lib/python3.7/site-packages/airflow/example_dags/example_params_trigger_ui.py
[2023-05-20T15:42:40.052+0000] {logging_mixin.py:149} INFO - [2023-05-20T15:42:40.052+0000] {dag.py:2726} INFO - Sync 1 DAGs
[2023-05-20T15:42:40.099+0000] {logging_mixin.py:149} INFO - [2023-05-20T15:42:40.098+0000] {dag.py:3490} INFO - Setting next_dagrun for example_params_trigger_ui to None, run_after=None
[2023-05-20T15:42:40.133+0000] {processor.py:179} INFO - Processing /home/airflow/.local/lib/python3.7/site-packages/airflow/example_dags/example_params_trigger_ui.py took 0.258 seconds
[2023-05-20T15:43:10.187+0000] {processor.py:157} INFO - Started process (PID=2713) to work on /home/airflow/.local/lib/python3.7/site-packages/airflow/example_dags/example_params_trigger_ui.py
[2023-05-20T15:43:10.189+0000] {processor.py:826} INFO - Processing file /home/airflow/.local/lib/python3.7/site-packages/airflow/example_dags/example_params_trigger_ui.py for tasks to queue
[2023-05-20T15:43:10.190+0000] {logging_mixin.py:149} INFO - [2023-05-20T15:43:10.190+0000] {dagbag.py:541} INFO - Filling up the DagBag from /home/airflow/.local/lib/python3.7/site-packages/airflow/example_dags/example_params_trigger_ui.py
[2023-05-20T15:43:10.219+0000] {processor.py:836} INFO - DAG(s) dict_keys(['example_params_trigger_ui']) retrieved from /home/airflow/.local/lib/python3.7/site-packages/airflow/example_dags/example_params_trigger_ui.py
[2023-05-20T15:43:10.314+0000] {logging_mixin.py:149} INFO - [2023-05-20T15:43:10.313+0000] {dag.py:2726} INFO - Sync 1 DAGs
[2023-05-20T15:43:10.341+0000] {logging_mixin.py:149} INFO - [2023-05-20T15:43:10.341+0000] {dag.py:3490} INFO - Setting next_dagrun for example_params_trigger_ui to None, run_after=None
[2023-05-20T15:43:10.365+0000] {processor.py:179} INFO - Processing /home/airflow/.local/lib/python3.7/site-packages/airflow/example_dags/example_params_trigger_ui.py took 0.182 seconds
[2023-05-20T15:43:40.509+0000] {processor.py:157} INFO - Started process (PID=2771) to work on /home/airflow/.local/lib/python3.7/site-packages/airflow/example_dags/example_params_trigger_ui.py
[2023-05-20T15:43:40.511+0000] {processor.py:826} INFO - Processing file /home/airflow/.local/lib/python3.7/site-packages/airflow/example_dags/example_params_trigger_ui.py for tasks to queue
[2023-05-20T15:43:40.512+0000] {logging_mixin.py:149} INFO - [2023-05-20T15:43:40.512+0000] {dagbag.py:541} INFO - Filling up the DagBag from /home/airflow/.local/lib/python3.7/site-packages/airflow/example_dags/example_params_trigger_ui.py
[2023-05-20T15:43:40.542+0000] {processor.py:836} INFO - DAG(s) dict_keys(['example_params_trigger_ui']) retrieved from /home/airflow/.local/lib/python3.7/site-packages/airflow/example_dags/example_params_trigger_ui.py
[2023-05-20T15:43:40.640+0000] {logging_mixin.py:149} INFO - [2023-05-20T15:43:40.640+0000] {dag.py:2726} INFO - Sync 1 DAGs
[2023-05-20T15:43:40.672+0000] {logging_mixin.py:149} INFO - [2023-05-20T15:43:40.671+0000] {dag.py:3490} INFO - Setting next_dagrun for example_params_trigger_ui to None, run_after=None
[2023-05-20T15:43:40.700+0000] {processor.py:179} INFO - Processing /home/airflow/.local/lib/python3.7/site-packages/airflow/example_dags/example_params_trigger_ui.py took 0.196 seconds
[2023-05-20T15:44:10.854+0000] {processor.py:157} INFO - Started process (PID=2829) to work on /home/airflow/.local/lib/python3.7/site-packages/airflow/example_dags/example_params_trigger_ui.py
[2023-05-20T15:44:10.856+0000] {processor.py:826} INFO - Processing file /home/airflow/.local/lib/python3.7/site-packages/airflow/example_dags/example_params_trigger_ui.py for tasks to queue
[2023-05-20T15:44:10.857+0000] {logging_mixin.py:149} INFO - [2023-05-20T15:44:10.857+0000] {dagbag.py:541} INFO - Filling up the DagBag from /home/airflow/.local/lib/python3.7/site-packages/airflow/example_dags/example_params_trigger_ui.py
[2023-05-20T15:44:10.885+0000] {processor.py:836} INFO - DAG(s) dict_keys(['example_params_trigger_ui']) retrieved from /home/airflow/.local/lib/python3.7/site-packages/airflow/example_dags/example_params_trigger_ui.py
[2023-05-20T15:44:10.979+0000] {logging_mixin.py:149} INFO - [2023-05-20T15:44:10.979+0000] {dag.py:2726} INFO - Sync 1 DAGs
[2023-05-20T15:44:11.010+0000] {logging_mixin.py:149} INFO - [2023-05-20T15:44:11.010+0000] {dag.py:3490} INFO - Setting next_dagrun for example_params_trigger_ui to None, run_after=None
[2023-05-20T15:44:11.040+0000] {processor.py:179} INFO - Processing /home/airflow/.local/lib/python3.7/site-packages/airflow/example_dags/example_params_trigger_ui.py took 0.191 seconds
[2023-05-20T15:44:41.140+0000] {processor.py:157} INFO - Started process (PID=2887) to work on /home/airflow/.local/lib/python3.7/site-packages/airflow/example_dags/example_params_trigger_ui.py
[2023-05-20T15:44:41.142+0000] {processor.py:826} INFO - Processing file /home/airflow/.local/lib/python3.7/site-packages/airflow/example_dags/example_params_trigger_ui.py for tasks to queue
[2023-05-20T15:44:41.144+0000] {logging_mixin.py:149} INFO - [2023-05-20T15:44:41.144+0000] {dagbag.py:541} INFO - Filling up the DagBag from /home/airflow/.local/lib/python3.7/site-packages/airflow/example_dags/example_params_trigger_ui.py
[2023-05-20T15:44:41.177+0000] {processor.py:836} INFO - DAG(s) dict_keys(['example_params_trigger_ui']) retrieved from /home/airflow/.local/lib/python3.7/site-packages/airflow/example_dags/example_params_trigger_ui.py
[2023-05-20T15:44:41.285+0000] {logging_mixin.py:149} INFO - [2023-05-20T15:44:41.285+0000] {dag.py:2726} INFO - Sync 1 DAGs
[2023-05-20T15:44:41.326+0000] {logging_mixin.py:149} INFO - [2023-05-20T15:44:41.326+0000] {dag.py:3490} INFO - Setting next_dagrun for example_params_trigger_ui to None, run_after=None
[2023-05-20T15:44:41.353+0000] {processor.py:179} INFO - Processing /home/airflow/.local/lib/python3.7/site-packages/airflow/example_dags/example_params_trigger_ui.py took 0.218 seconds
[2023-05-20T15:45:11.833+0000] {processor.py:157} INFO - Started process (PID=2945) to work on /home/airflow/.local/lib/python3.7/site-packages/airflow/example_dags/example_params_trigger_ui.py
[2023-05-20T15:45:11.835+0000] {processor.py:826} INFO - Processing file /home/airflow/.local/lib/python3.7/site-packages/airflow/example_dags/example_params_trigger_ui.py for tasks to queue
[2023-05-20T15:45:11.837+0000] {logging_mixin.py:149} INFO - [2023-05-20T15:45:11.837+0000] {dagbag.py:541} INFO - Filling up the DagBag from /home/airflow/.local/lib/python3.7/site-packages/airflow/example_dags/example_params_trigger_ui.py
[2023-05-20T15:45:11.870+0000] {processor.py:836} INFO - DAG(s) dict_keys(['example_params_trigger_ui']) retrieved from /home/airflow/.local/lib/python3.7/site-packages/airflow/example_dags/example_params_trigger_ui.py
[2023-05-20T15:45:11.993+0000] {logging_mixin.py:149} INFO - [2023-05-20T15:45:11.993+0000] {dag.py:2726} INFO - Sync 1 DAGs
[2023-05-20T15:45:12.033+0000] {logging_mixin.py:149} INFO - [2023-05-20T15:45:12.033+0000] {dag.py:3490} INFO - Setting next_dagrun for example_params_trigger_ui to None, run_after=None
[2023-05-20T15:45:12.066+0000] {processor.py:179} INFO - Processing /home/airflow/.local/lib/python3.7/site-packages/airflow/example_dags/example_params_trigger_ui.py took 0.239 seconds
[2023-05-20T15:45:42.739+0000] {processor.py:157} INFO - Started process (PID=3003) to work on /home/airflow/.local/lib/python3.7/site-packages/airflow/example_dags/example_params_trigger_ui.py
[2023-05-20T15:45:42.741+0000] {processor.py:826} INFO - Processing file /home/airflow/.local/lib/python3.7/site-packages/airflow/example_dags/example_params_trigger_ui.py for tasks to queue
[2023-05-20T15:45:42.743+0000] {logging_mixin.py:149} INFO - [2023-05-20T15:45:42.743+0000] {dagbag.py:541} INFO - Filling up the DagBag from /home/airflow/.local/lib/python3.7/site-packages/airflow/example_dags/example_params_trigger_ui.py
[2023-05-20T15:45:42.785+0000] {processor.py:836} INFO - DAG(s) dict_keys(['example_params_trigger_ui']) retrieved from /home/airflow/.local/lib/python3.7/site-packages/airflow/example_dags/example_params_trigger_ui.py
[2023-05-20T15:45:42.924+0000] {logging_mixin.py:149} INFO - [2023-05-20T15:45:42.924+0000] {dag.py:2726} INFO - Sync 1 DAGs
[2023-05-20T15:45:42.960+0000] {logging_mixin.py:149} INFO - [2023-05-20T15:45:42.959+0000] {dag.py:3490} INFO - Setting next_dagrun for example_params_trigger_ui to None, run_after=None
[2023-05-20T15:45:42.996+0000] {processor.py:179} INFO - Processing /home/airflow/.local/lib/python3.7/site-packages/airflow/example_dags/example_params_trigger_ui.py took 0.262 seconds
[2023-05-20T15:46:13.551+0000] {processor.py:157} INFO - Started process (PID=3054) to work on /home/airflow/.local/lib/python3.7/site-packages/airflow/example_dags/example_params_trigger_ui.py
[2023-05-20T15:46:13.552+0000] {processor.py:826} INFO - Processing file /home/airflow/.local/lib/python3.7/site-packages/airflow/example_dags/example_params_trigger_ui.py for tasks to queue
[2023-05-20T15:46:13.554+0000] {logging_mixin.py:149} INFO - [2023-05-20T15:46:13.554+0000] {dagbag.py:541} INFO - Filling up the DagBag from /home/airflow/.local/lib/python3.7/site-packages/airflow/example_dags/example_params_trigger_ui.py
[2023-05-20T15:46:13.589+0000] {processor.py:836} INFO - DAG(s) dict_keys(['example_params_trigger_ui']) retrieved from /home/airflow/.local/lib/python3.7/site-packages/airflow/example_dags/example_params_trigger_ui.py
[2023-05-20T15:46:13.707+0000] {logging_mixin.py:149} INFO - [2023-05-20T15:46:13.707+0000] {dag.py:2726} INFO - Sync 1 DAGs
[2023-05-20T15:46:13.745+0000] {logging_mixin.py:149} INFO - [2023-05-20T15:46:13.745+0000] {dag.py:3490} INFO - Setting next_dagrun for example_params_trigger_ui to None, run_after=None
[2023-05-20T15:46:13.794+0000] {processor.py:179} INFO - Processing /home/airflow/.local/lib/python3.7/site-packages/airflow/example_dags/example_params_trigger_ui.py took 0.248 seconds
[2023-05-20T15:46:44.238+0000] {processor.py:157} INFO - Started process (PID=3112) to work on /home/airflow/.local/lib/python3.7/site-packages/airflow/example_dags/example_params_trigger_ui.py
[2023-05-20T15:46:44.244+0000] {processor.py:826} INFO - Processing file /home/airflow/.local/lib/python3.7/site-packages/airflow/example_dags/example_params_trigger_ui.py for tasks to queue
[2023-05-20T15:46:44.267+0000] {logging_mixin.py:149} INFO - [2023-05-20T15:46:44.266+0000] {dagbag.py:541} INFO - Filling up the DagBag from /home/airflow/.local/lib/python3.7/site-packages/airflow/example_dags/example_params_trigger_ui.py
[2023-05-20T15:46:44.326+0000] {processor.py:836} INFO - DAG(s) dict_keys(['example_params_trigger_ui']) retrieved from /home/airflow/.local/lib/python3.7/site-packages/airflow/example_dags/example_params_trigger_ui.py
[2023-05-20T15:46:44.454+0000] {logging_mixin.py:149} INFO - [2023-05-20T15:46:44.454+0000] {dag.py:2726} INFO - Sync 1 DAGs
[2023-05-20T15:46:44.490+0000] {logging_mixin.py:149} INFO - [2023-05-20T15:46:44.489+0000] {dag.py:3490} INFO - Setting next_dagrun for example_params_trigger_ui to None, run_after=None
[2023-05-20T15:46:44.521+0000] {processor.py:179} INFO - Processing /home/airflow/.local/lib/python3.7/site-packages/airflow/example_dags/example_params_trigger_ui.py took 0.288 seconds
[2023-05-20T15:47:14.899+0000] {processor.py:157} INFO - Started process (PID=3170) to work on /home/airflow/.local/lib/python3.7/site-packages/airflow/example_dags/example_params_trigger_ui.py
[2023-05-20T15:47:14.902+0000] {processor.py:826} INFO - Processing file /home/airflow/.local/lib/python3.7/site-packages/airflow/example_dags/example_params_trigger_ui.py for tasks to queue
[2023-05-20T15:47:14.905+0000] {logging_mixin.py:149} INFO - [2023-05-20T15:47:14.905+0000] {dagbag.py:541} INFO - Filling up the DagBag from /home/airflow/.local/lib/python3.7/site-packages/airflow/example_dags/example_params_trigger_ui.py
[2023-05-20T15:47:14.952+0000] {processor.py:836} INFO - DAG(s) dict_keys(['example_params_trigger_ui']) retrieved from /home/airflow/.local/lib/python3.7/site-packages/airflow/example_dags/example_params_trigger_ui.py
[2023-05-20T15:47:15.098+0000] {logging_mixin.py:149} INFO - [2023-05-20T15:47:15.097+0000] {dag.py:2726} INFO - Sync 1 DAGs
[2023-05-20T15:47:15.139+0000] {logging_mixin.py:149} INFO - [2023-05-20T15:47:15.139+0000] {dag.py:3490} INFO - Setting next_dagrun for example_params_trigger_ui to None, run_after=None
[2023-05-20T15:47:15.176+0000] {processor.py:179} INFO - Processing /home/airflow/.local/lib/python3.7/site-packages/airflow/example_dags/example_params_trigger_ui.py took 0.285 seconds
[2023-05-20T15:47:45.257+0000] {processor.py:157} INFO - Started process (PID=3228) to work on /home/airflow/.local/lib/python3.7/site-packages/airflow/example_dags/example_params_trigger_ui.py
[2023-05-20T15:47:45.259+0000] {processor.py:826} INFO - Processing file /home/airflow/.local/lib/python3.7/site-packages/airflow/example_dags/example_params_trigger_ui.py for tasks to queue
[2023-05-20T15:47:45.261+0000] {logging_mixin.py:149} INFO - [2023-05-20T15:47:45.261+0000] {dagbag.py:541} INFO - Filling up the DagBag from /home/airflow/.local/lib/python3.7/site-packages/airflow/example_dags/example_params_trigger_ui.py
[2023-05-20T15:47:45.299+0000] {processor.py:836} INFO - DAG(s) dict_keys(['example_params_trigger_ui']) retrieved from /home/airflow/.local/lib/python3.7/site-packages/airflow/example_dags/example_params_trigger_ui.py
[2023-05-20T15:47:45.420+0000] {logging_mixin.py:149} INFO - [2023-05-20T15:47:45.420+0000] {dag.py:2726} INFO - Sync 1 DAGs
[2023-05-20T15:47:45.460+0000] {logging_mixin.py:149} INFO - [2023-05-20T15:47:45.459+0000] {dag.py:3490} INFO - Setting next_dagrun for example_params_trigger_ui to None, run_after=None
[2023-05-20T15:47:45.496+0000] {processor.py:179} INFO - Processing /home/airflow/.local/lib/python3.7/site-packages/airflow/example_dags/example_params_trigger_ui.py took 0.247 seconds
[2023-05-20T15:48:15.923+0000] {processor.py:157} INFO - Started process (PID=3287) to work on /home/airflow/.local/lib/python3.7/site-packages/airflow/example_dags/example_params_trigger_ui.py
[2023-05-20T15:48:15.928+0000] {processor.py:826} INFO - Processing file /home/airflow/.local/lib/python3.7/site-packages/airflow/example_dags/example_params_trigger_ui.py for tasks to queue
[2023-05-20T15:48:15.932+0000] {logging_mixin.py:149} INFO - [2023-05-20T15:48:15.932+0000] {dagbag.py:541} INFO - Filling up the DagBag from /home/airflow/.local/lib/python3.7/site-packages/airflow/example_dags/example_params_trigger_ui.py
[2023-05-20T15:48:15.992+0000] {processor.py:836} INFO - DAG(s) dict_keys(['example_params_trigger_ui']) retrieved from /home/airflow/.local/lib/python3.7/site-packages/airflow/example_dags/example_params_trigger_ui.py
[2023-05-20T15:48:16.196+0000] {logging_mixin.py:149} INFO - [2023-05-20T15:48:16.195+0000] {dag.py:2726} INFO - Sync 1 DAGs
[2023-05-20T15:48:16.257+0000] {logging_mixin.py:149} INFO - [2023-05-20T15:48:16.257+0000] {dag.py:3490} INFO - Setting next_dagrun for example_params_trigger_ui to None, run_after=None
[2023-05-20T15:48:16.315+0000] {processor.py:179} INFO - Processing /home/airflow/.local/lib/python3.7/site-packages/airflow/example_dags/example_params_trigger_ui.py took 0.400 seconds
[2023-05-20T15:48:46.748+0000] {processor.py:157} INFO - Started process (PID=3345) to work on /home/airflow/.local/lib/python3.7/site-packages/airflow/example_dags/example_params_trigger_ui.py
[2023-05-20T15:48:46.750+0000] {processor.py:826} INFO - Processing file /home/airflow/.local/lib/python3.7/site-packages/airflow/example_dags/example_params_trigger_ui.py for tasks to queue
[2023-05-20T15:48:46.752+0000] {logging_mixin.py:149} INFO - [2023-05-20T15:48:46.752+0000] {dagbag.py:541} INFO - Filling up the DagBag from /home/airflow/.local/lib/python3.7/site-packages/airflow/example_dags/example_params_trigger_ui.py
[2023-05-20T15:48:46.797+0000] {processor.py:836} INFO - DAG(s) dict_keys(['example_params_trigger_ui']) retrieved from /home/airflow/.local/lib/python3.7/site-packages/airflow/example_dags/example_params_trigger_ui.py
[2023-05-20T15:48:46.955+0000] {logging_mixin.py:149} INFO - [2023-05-20T15:48:46.955+0000] {dag.py:2726} INFO - Sync 1 DAGs
[2023-05-20T15:48:46.998+0000] {logging_mixin.py:149} INFO - [2023-05-20T15:48:46.998+0000] {dag.py:3490} INFO - Setting next_dagrun for example_params_trigger_ui to None, run_after=None
[2023-05-20T15:48:47.043+0000] {processor.py:179} INFO - Processing /home/airflow/.local/lib/python3.7/site-packages/airflow/example_dags/example_params_trigger_ui.py took 0.301 seconds
[2023-05-20T15:49:17.342+0000] {processor.py:157} INFO - Started process (PID=3403) to work on /home/airflow/.local/lib/python3.7/site-packages/airflow/example_dags/example_params_trigger_ui.py
[2023-05-20T15:49:17.344+0000] {processor.py:826} INFO - Processing file /home/airflow/.local/lib/python3.7/site-packages/airflow/example_dags/example_params_trigger_ui.py for tasks to queue
[2023-05-20T15:49:17.345+0000] {logging_mixin.py:149} INFO - [2023-05-20T15:49:17.345+0000] {dagbag.py:541} INFO - Filling up the DagBag from /home/airflow/.local/lib/python3.7/site-packages/airflow/example_dags/example_params_trigger_ui.py
[2023-05-20T15:49:17.379+0000] {processor.py:836} INFO - DAG(s) dict_keys(['example_params_trigger_ui']) retrieved from /home/airflow/.local/lib/python3.7/site-packages/airflow/example_dags/example_params_trigger_ui.py
[2023-05-20T15:49:17.484+0000] {logging_mixin.py:149} INFO - [2023-05-20T15:49:17.484+0000] {dag.py:2726} INFO - Sync 1 DAGs
[2023-05-20T15:49:17.515+0000] {logging_mixin.py:149} INFO - [2023-05-20T15:49:17.514+0000] {dag.py:3490} INFO - Setting next_dagrun for example_params_trigger_ui to None, run_after=None
[2023-05-20T15:49:17.542+0000] {processor.py:179} INFO - Processing /home/airflow/.local/lib/python3.7/site-packages/airflow/example_dags/example_params_trigger_ui.py took 0.204 seconds
[2023-05-20T15:49:47.633+0000] {processor.py:157} INFO - Started process (PID=3461) to work on /home/airflow/.local/lib/python3.7/site-packages/airflow/example_dags/example_params_trigger_ui.py
[2023-05-20T15:49:47.635+0000] {processor.py:826} INFO - Processing file /home/airflow/.local/lib/python3.7/site-packages/airflow/example_dags/example_params_trigger_ui.py for tasks to queue
[2023-05-20T15:49:47.636+0000] {logging_mixin.py:149} INFO - [2023-05-20T15:49:47.636+0000] {dagbag.py:541} INFO - Filling up the DagBag from /home/airflow/.local/lib/python3.7/site-packages/airflow/example_dags/example_params_trigger_ui.py
[2023-05-20T15:49:47.665+0000] {processor.py:836} INFO - DAG(s) dict_keys(['example_params_trigger_ui']) retrieved from /home/airflow/.local/lib/python3.7/site-packages/airflow/example_dags/example_params_trigger_ui.py
[2023-05-20T15:49:47.760+0000] {logging_mixin.py:149} INFO - [2023-05-20T15:49:47.760+0000] {dag.py:2726} INFO - Sync 1 DAGs
[2023-05-20T15:49:47.789+0000] {logging_mixin.py:149} INFO - [2023-05-20T15:49:47.789+0000] {dag.py:3490} INFO - Setting next_dagrun for example_params_trigger_ui to None, run_after=None
[2023-05-20T15:49:47.816+0000] {processor.py:179} INFO - Processing /home/airflow/.local/lib/python3.7/site-packages/airflow/example_dags/example_params_trigger_ui.py took 0.187 seconds
[2023-05-20T16:08:45.610+0000] {processor.py:157} INFO - Started process (PID=37) to work on /home/airflow/.local/lib/python3.7/site-packages/airflow/example_dags/example_params_trigger_ui.py
[2023-05-20T16:08:45.612+0000] {processor.py:826} INFO - Processing file /home/airflow/.local/lib/python3.7/site-packages/airflow/example_dags/example_params_trigger_ui.py for tasks to queue
[2023-05-20T16:08:45.614+0000] {logging_mixin.py:149} INFO - [2023-05-20T16:08:45.613+0000] {dagbag.py:541} INFO - Filling up the DagBag from /home/airflow/.local/lib/python3.7/site-packages/airflow/example_dags/example_params_trigger_ui.py
[2023-05-20T16:08:45.666+0000] {processor.py:836} INFO - DAG(s) dict_keys(['example_params_trigger_ui']) retrieved from /home/airflow/.local/lib/python3.7/site-packages/airflow/example_dags/example_params_trigger_ui.py
[2023-05-20T16:08:45.714+0000] {logging_mixin.py:149} INFO - [2023-05-20T16:08:45.714+0000] {dag.py:2726} INFO - Sync 1 DAGs
[2023-05-20T16:08:45.780+0000] {logging_mixin.py:149} INFO - [2023-05-20T16:08:45.779+0000] {dag.py:3490} INFO - Setting next_dagrun for example_params_trigger_ui to None, run_after=None
[2023-05-20T16:08:45.824+0000] {processor.py:179} INFO - Processing /home/airflow/.local/lib/python3.7/site-packages/airflow/example_dags/example_params_trigger_ui.py took 0.219 seconds
[2023-05-20T16:09:16.169+0000] {processor.py:157} INFO - Started process (PID=95) to work on /home/airflow/.local/lib/python3.7/site-packages/airflow/example_dags/example_params_trigger_ui.py
[2023-05-20T16:09:16.172+0000] {processor.py:826} INFO - Processing file /home/airflow/.local/lib/python3.7/site-packages/airflow/example_dags/example_params_trigger_ui.py for tasks to queue
[2023-05-20T16:09:16.173+0000] {logging_mixin.py:149} INFO - [2023-05-20T16:09:16.173+0000] {dagbag.py:541} INFO - Filling up the DagBag from /home/airflow/.local/lib/python3.7/site-packages/airflow/example_dags/example_params_trigger_ui.py
[2023-05-20T16:09:16.199+0000] {processor.py:836} INFO - DAG(s) dict_keys(['example_params_trigger_ui']) retrieved from /home/airflow/.local/lib/python3.7/site-packages/airflow/example_dags/example_params_trigger_ui.py
[2023-05-20T16:09:16.293+0000] {logging_mixin.py:149} INFO - [2023-05-20T16:09:16.292+0000] {dag.py:2726} INFO - Sync 1 DAGs
[2023-05-20T16:09:16.323+0000] {logging_mixin.py:149} INFO - [2023-05-20T16:09:16.323+0000] {dag.py:3490} INFO - Setting next_dagrun for example_params_trigger_ui to None, run_after=None
[2023-05-20T16:09:16.347+0000] {processor.py:179} INFO - Processing /home/airflow/.local/lib/python3.7/site-packages/airflow/example_dags/example_params_trigger_ui.py took 0.182 seconds
[2023-05-20T16:09:46.762+0000] {processor.py:157} INFO - Started process (PID=153) to work on /home/airflow/.local/lib/python3.7/site-packages/airflow/example_dags/example_params_trigger_ui.py
[2023-05-20T16:09:46.765+0000] {processor.py:826} INFO - Processing file /home/airflow/.local/lib/python3.7/site-packages/airflow/example_dags/example_params_trigger_ui.py for tasks to queue
[2023-05-20T16:09:46.768+0000] {logging_mixin.py:149} INFO - [2023-05-20T16:09:46.768+0000] {dagbag.py:541} INFO - Filling up the DagBag from /home/airflow/.local/lib/python3.7/site-packages/airflow/example_dags/example_params_trigger_ui.py
[2023-05-20T16:09:46.810+0000] {processor.py:836} INFO - DAG(s) dict_keys(['example_params_trigger_ui']) retrieved from /home/airflow/.local/lib/python3.7/site-packages/airflow/example_dags/example_params_trigger_ui.py
[2023-05-20T16:09:46.976+0000] {logging_mixin.py:149} INFO - [2023-05-20T16:09:46.976+0000] {dag.py:2726} INFO - Sync 1 DAGs
[2023-05-20T16:09:47.026+0000] {logging_mixin.py:149} INFO - [2023-05-20T16:09:47.026+0000] {dag.py:3490} INFO - Setting next_dagrun for example_params_trigger_ui to None, run_after=None
[2023-05-20T16:09:47.065+0000] {processor.py:179} INFO - Processing /home/airflow/.local/lib/python3.7/site-packages/airflow/example_dags/example_params_trigger_ui.py took 0.309 seconds
[2023-05-20T16:10:18.234+0000] {processor.py:157} INFO - Started process (PID=211) to work on /home/airflow/.local/lib/python3.7/site-packages/airflow/example_dags/example_params_trigger_ui.py
[2023-05-20T16:10:18.237+0000] {processor.py:826} INFO - Processing file /home/airflow/.local/lib/python3.7/site-packages/airflow/example_dags/example_params_trigger_ui.py for tasks to queue
[2023-05-20T16:10:18.239+0000] {logging_mixin.py:149} INFO - [2023-05-20T16:10:18.239+0000] {dagbag.py:541} INFO - Filling up the DagBag from /home/airflow/.local/lib/python3.7/site-packages/airflow/example_dags/example_params_trigger_ui.py
[2023-05-20T16:10:18.289+0000] {processor.py:836} INFO - DAG(s) dict_keys(['example_params_trigger_ui']) retrieved from /home/airflow/.local/lib/python3.7/site-packages/airflow/example_dags/example_params_trigger_ui.py
[2023-05-20T16:10:18.447+0000] {logging_mixin.py:149} INFO - [2023-05-20T16:10:18.446+0000] {dag.py:2726} INFO - Sync 1 DAGs
[2023-05-20T16:10:18.515+0000] {logging_mixin.py:149} INFO - [2023-05-20T16:10:18.514+0000] {dag.py:3490} INFO - Setting next_dagrun for example_params_trigger_ui to None, run_after=None
[2023-05-20T16:10:18.579+0000] {processor.py:179} INFO - Processing /home/airflow/.local/lib/python3.7/site-packages/airflow/example_dags/example_params_trigger_ui.py took 0.355 seconds
[2023-05-20T16:10:48.752+0000] {processor.py:157} INFO - Started process (PID=270) to work on /home/airflow/.local/lib/python3.7/site-packages/airflow/example_dags/example_params_trigger_ui.py
[2023-05-20T16:10:48.754+0000] {processor.py:826} INFO - Processing file /home/airflow/.local/lib/python3.7/site-packages/airflow/example_dags/example_params_trigger_ui.py for tasks to queue
[2023-05-20T16:10:48.755+0000] {logging_mixin.py:149} INFO - [2023-05-20T16:10:48.755+0000] {dagbag.py:541} INFO - Filling up the DagBag from /home/airflow/.local/lib/python3.7/site-packages/airflow/example_dags/example_params_trigger_ui.py
[2023-05-20T16:10:48.790+0000] {processor.py:836} INFO - DAG(s) dict_keys(['example_params_trigger_ui']) retrieved from /home/airflow/.local/lib/python3.7/site-packages/airflow/example_dags/example_params_trigger_ui.py
[2023-05-20T16:10:48.919+0000] {logging_mixin.py:149} INFO - [2023-05-20T16:10:48.919+0000] {dag.py:2726} INFO - Sync 1 DAGs
[2023-05-20T16:10:48.959+0000] {logging_mixin.py:149} INFO - [2023-05-20T16:10:48.959+0000] {dag.py:3490} INFO - Setting next_dagrun for example_params_trigger_ui to None, run_after=None
[2023-05-20T16:10:48.990+0000] {processor.py:179} INFO - Processing /home/airflow/.local/lib/python3.7/site-packages/airflow/example_dags/example_params_trigger_ui.py took 0.245 seconds
[2023-05-20T16:11:19.640+0000] {processor.py:157} INFO - Started process (PID=329) to work on /home/airflow/.local/lib/python3.7/site-packages/airflow/example_dags/example_params_trigger_ui.py
[2023-05-20T16:11:19.643+0000] {processor.py:826} INFO - Processing file /home/airflow/.local/lib/python3.7/site-packages/airflow/example_dags/example_params_trigger_ui.py for tasks to queue
[2023-05-20T16:11:19.646+0000] {logging_mixin.py:149} INFO - [2023-05-20T16:11:19.645+0000] {dagbag.py:541} INFO - Filling up the DagBag from /home/airflow/.local/lib/python3.7/site-packages/airflow/example_dags/example_params_trigger_ui.py
[2023-05-20T16:11:19.700+0000] {processor.py:836} INFO - DAG(s) dict_keys(['example_params_trigger_ui']) retrieved from /home/airflow/.local/lib/python3.7/site-packages/airflow/example_dags/example_params_trigger_ui.py
[2023-05-20T16:11:19.875+0000] {logging_mixin.py:149} INFO - [2023-05-20T16:11:19.875+0000] {dag.py:2726} INFO - Sync 1 DAGs
[2023-05-20T16:11:19.939+0000] {logging_mixin.py:149} INFO - [2023-05-20T16:11:19.939+0000] {dag.py:3490} INFO - Setting next_dagrun for example_params_trigger_ui to None, run_after=None
[2023-05-20T16:11:19.975+0000] {processor.py:179} INFO - Processing /home/airflow/.local/lib/python3.7/site-packages/airflow/example_dags/example_params_trigger_ui.py took 0.342 seconds
[2023-05-20T16:11:50.355+0000] {processor.py:157} INFO - Started process (PID=387) to work on /home/airflow/.local/lib/python3.7/site-packages/airflow/example_dags/example_params_trigger_ui.py
[2023-05-20T16:11:50.358+0000] {processor.py:826} INFO - Processing file /home/airflow/.local/lib/python3.7/site-packages/airflow/example_dags/example_params_trigger_ui.py for tasks to queue
[2023-05-20T16:11:50.361+0000] {logging_mixin.py:149} INFO - [2023-05-20T16:11:50.361+0000] {dagbag.py:541} INFO - Filling up the DagBag from /home/airflow/.local/lib/python3.7/site-packages/airflow/example_dags/example_params_trigger_ui.py
[2023-05-20T16:11:50.429+0000] {processor.py:836} INFO - DAG(s) dict_keys(['example_params_trigger_ui']) retrieved from /home/airflow/.local/lib/python3.7/site-packages/airflow/example_dags/example_params_trigger_ui.py
[2023-05-20T16:11:50.697+0000] {logging_mixin.py:149} INFO - [2023-05-20T16:11:50.697+0000] {dag.py:2726} INFO - Sync 1 DAGs
[2023-05-20T16:11:50.805+0000] {logging_mixin.py:149} INFO - [2023-05-20T16:11:50.804+0000] {dag.py:3490} INFO - Setting next_dagrun for example_params_trigger_ui to None, run_after=None
[2023-05-20T16:11:50.868+0000] {processor.py:179} INFO - Processing /home/airflow/.local/lib/python3.7/site-packages/airflow/example_dags/example_params_trigger_ui.py took 0.524 seconds
[2023-05-20T16:12:21.157+0000] {processor.py:157} INFO - Started process (PID=446) to work on /home/airflow/.local/lib/python3.7/site-packages/airflow/example_dags/example_params_trigger_ui.py
[2023-05-20T16:12:21.161+0000] {processor.py:826} INFO - Processing file /home/airflow/.local/lib/python3.7/site-packages/airflow/example_dags/example_params_trigger_ui.py for tasks to queue
[2023-05-20T16:12:21.163+0000] {logging_mixin.py:149} INFO - [2023-05-20T16:12:21.162+0000] {dagbag.py:541} INFO - Filling up the DagBag from /home/airflow/.local/lib/python3.7/site-packages/airflow/example_dags/example_params_trigger_ui.py
[2023-05-20T16:12:21.198+0000] {processor.py:836} INFO - DAG(s) dict_keys(['example_params_trigger_ui']) retrieved from /home/airflow/.local/lib/python3.7/site-packages/airflow/example_dags/example_params_trigger_ui.py
[2023-05-20T16:12:21.334+0000] {logging_mixin.py:149} INFO - [2023-05-20T16:12:21.333+0000] {dag.py:2726} INFO - Sync 1 DAGs
[2023-05-20T16:12:21.376+0000] {logging_mixin.py:149} INFO - [2023-05-20T16:12:21.375+0000] {dag.py:3490} INFO - Setting next_dagrun for example_params_trigger_ui to None, run_after=None
[2023-05-20T16:12:21.410+0000] {processor.py:179} INFO - Processing /home/airflow/.local/lib/python3.7/site-packages/airflow/example_dags/example_params_trigger_ui.py took 0.258 seconds
[2023-05-20T16:12:51.546+0000] {processor.py:157} INFO - Started process (PID=502) to work on /home/airflow/.local/lib/python3.7/site-packages/airflow/example_dags/example_params_trigger_ui.py
[2023-05-20T16:12:51.548+0000] {processor.py:826} INFO - Processing file /home/airflow/.local/lib/python3.7/site-packages/airflow/example_dags/example_params_trigger_ui.py for tasks to queue
[2023-05-20T16:12:51.549+0000] {logging_mixin.py:149} INFO - [2023-05-20T16:12:51.549+0000] {dagbag.py:541} INFO - Filling up the DagBag from /home/airflow/.local/lib/python3.7/site-packages/airflow/example_dags/example_params_trigger_ui.py
[2023-05-20T16:12:51.580+0000] {processor.py:836} INFO - DAG(s) dict_keys(['example_params_trigger_ui']) retrieved from /home/airflow/.local/lib/python3.7/site-packages/airflow/example_dags/example_params_trigger_ui.py
[2023-05-20T16:12:51.690+0000] {logging_mixin.py:149} INFO - [2023-05-20T16:12:51.690+0000] {dag.py:2726} INFO - Sync 1 DAGs
[2023-05-20T16:12:51.730+0000] {logging_mixin.py:149} INFO - [2023-05-20T16:12:51.729+0000] {dag.py:3490} INFO - Setting next_dagrun for example_params_trigger_ui to None, run_after=None
[2023-05-20T16:12:51.765+0000] {processor.py:179} INFO - Processing /home/airflow/.local/lib/python3.7/site-packages/airflow/example_dags/example_params_trigger_ui.py took 0.225 seconds
[2023-05-20T16:13:22.167+0000] {processor.py:157} INFO - Started process (PID=560) to work on /home/airflow/.local/lib/python3.7/site-packages/airflow/example_dags/example_params_trigger_ui.py
[2023-05-20T16:13:22.188+0000] {processor.py:826} INFO - Processing file /home/airflow/.local/lib/python3.7/site-packages/airflow/example_dags/example_params_trigger_ui.py for tasks to queue
[2023-05-20T16:13:22.190+0000] {logging_mixin.py:149} INFO - [2023-05-20T16:13:22.189+0000] {dagbag.py:541} INFO - Filling up the DagBag from /home/airflow/.local/lib/python3.7/site-packages/airflow/example_dags/example_params_trigger_ui.py
[2023-05-20T16:13:22.219+0000] {processor.py:836} INFO - DAG(s) dict_keys(['example_params_trigger_ui']) retrieved from /home/airflow/.local/lib/python3.7/site-packages/airflow/example_dags/example_params_trigger_ui.py
[2023-05-20T16:13:22.315+0000] {logging_mixin.py:149} INFO - [2023-05-20T16:13:22.315+0000] {dag.py:2726} INFO - Sync 1 DAGs
[2023-05-20T16:13:22.348+0000] {logging_mixin.py:149} INFO - [2023-05-20T16:13:22.348+0000] {dag.py:3490} INFO - Setting next_dagrun for example_params_trigger_ui to None, run_after=None
[2023-05-20T16:13:22.394+0000] {processor.py:179} INFO - Processing /home/airflow/.local/lib/python3.7/site-packages/airflow/example_dags/example_params_trigger_ui.py took 0.233 seconds
