[2023-05-20T15:19:50.959+0000] {processor.py:157} INFO - Started process (PID=66) to work on /home/airflow/.local/lib/python3.7/site-packages/airflow/example_dags/example_local_kubernetes_executor.py
[2023-05-20T15:19:50.961+0000] {processor.py:826} INFO - Processing file /home/airflow/.local/lib/python3.7/site-packages/airflow/example_dags/example_local_kubernetes_executor.py for tasks to queue
[2023-05-20T15:19:50.963+0000] {logging_mixin.py:149} INFO - [2023-05-20T15:19:50.963+0000] {dagbag.py:541} INFO - Filling up the DagBag from /home/airflow/.local/lib/python3.7/site-packages/airflow/example_dags/example_local_kubernetes_executor.py
[2023-05-20T15:19:51.330+0000] {processor.py:836} INFO - DAG(s) dict_keys(['example_local_kubernetes_executor']) retrieved from /home/airflow/.local/lib/python3.7/site-packages/airflow/example_dags/example_local_kubernetes_executor.py
[2023-05-20T15:19:51.351+0000] {logging_mixin.py:149} INFO - [2023-05-20T15:19:51.351+0000] {dag.py:2726} INFO - Sync 1 DAGs
[2023-05-20T15:19:51.399+0000] {logging_mixin.py:149} INFO - [2023-05-20T15:19:51.398+0000] {dag.py:3490} INFO - Setting next_dagrun for example_local_kubernetes_executor to None, run_after=None
[2023-05-20T15:19:51.431+0000] {processor.py:179} INFO - Processing /home/airflow/.local/lib/python3.7/site-packages/airflow/example_dags/example_local_kubernetes_executor.py took 0.477 seconds
[2023-05-20T15:20:23.020+0000] {processor.py:157} INFO - Started process (PID=124) to work on /home/airflow/.local/lib/python3.7/site-packages/airflow/example_dags/example_local_kubernetes_executor.py
[2023-05-20T15:20:23.026+0000] {processor.py:826} INFO - Processing file /home/airflow/.local/lib/python3.7/site-packages/airflow/example_dags/example_local_kubernetes_executor.py for tasks to queue
[2023-05-20T15:20:23.027+0000] {logging_mixin.py:149} INFO - [2023-05-20T15:20:23.027+0000] {dagbag.py:541} INFO - Filling up the DagBag from /home/airflow/.local/lib/python3.7/site-packages/airflow/example_dags/example_local_kubernetes_executor.py
[2023-05-20T15:20:23.383+0000] {processor.py:836} INFO - DAG(s) dict_keys(['example_local_kubernetes_executor']) retrieved from /home/airflow/.local/lib/python3.7/site-packages/airflow/example_dags/example_local_kubernetes_executor.py
[2023-05-20T15:20:23.455+0000] {logging_mixin.py:149} INFO - [2023-05-20T15:20:23.454+0000] {dag.py:2726} INFO - Sync 1 DAGs
[2023-05-20T15:20:23.495+0000] {logging_mixin.py:149} INFO - [2023-05-20T15:20:23.495+0000] {dag.py:3490} INFO - Setting next_dagrun for example_local_kubernetes_executor to None, run_after=None
[2023-05-20T15:20:23.522+0000] {processor.py:179} INFO - Processing /home/airflow/.local/lib/python3.7/site-packages/airflow/example_dags/example_local_kubernetes_executor.py took 0.510 seconds
[2023-05-20T15:20:53.697+0000] {processor.py:157} INFO - Started process (PID=183) to work on /home/airflow/.local/lib/python3.7/site-packages/airflow/example_dags/example_local_kubernetes_executor.py
[2023-05-20T15:20:53.700+0000] {processor.py:826} INFO - Processing file /home/airflow/.local/lib/python3.7/site-packages/airflow/example_dags/example_local_kubernetes_executor.py for tasks to queue
[2023-05-20T15:20:53.701+0000] {logging_mixin.py:149} INFO - [2023-05-20T15:20:53.701+0000] {dagbag.py:541} INFO - Filling up the DagBag from /home/airflow/.local/lib/python3.7/site-packages/airflow/example_dags/example_local_kubernetes_executor.py
[2023-05-20T15:20:53.919+0000] {processor.py:836} INFO - DAG(s) dict_keys(['example_local_kubernetes_executor']) retrieved from /home/airflow/.local/lib/python3.7/site-packages/airflow/example_dags/example_local_kubernetes_executor.py
[2023-05-20T15:20:53.963+0000] {logging_mixin.py:149} INFO - [2023-05-20T15:20:53.963+0000] {dag.py:2726} INFO - Sync 1 DAGs
[2023-05-20T15:20:53.995+0000] {logging_mixin.py:149} INFO - [2023-05-20T15:20:53.995+0000] {dag.py:3490} INFO - Setting next_dagrun for example_local_kubernetes_executor to None, run_after=None
[2023-05-20T15:20:54.024+0000] {processor.py:179} INFO - Processing /home/airflow/.local/lib/python3.7/site-packages/airflow/example_dags/example_local_kubernetes_executor.py took 0.331 seconds
[2023-05-20T15:21:24.924+0000] {processor.py:157} INFO - Started process (PID=244) to work on /home/airflow/.local/lib/python3.7/site-packages/airflow/example_dags/example_local_kubernetes_executor.py
[2023-05-20T15:21:24.942+0000] {processor.py:826} INFO - Processing file /home/airflow/.local/lib/python3.7/site-packages/airflow/example_dags/example_local_kubernetes_executor.py for tasks to queue
[2023-05-20T15:21:24.944+0000] {logging_mixin.py:149} INFO - [2023-05-20T15:21:24.944+0000] {dagbag.py:541} INFO - Filling up the DagBag from /home/airflow/.local/lib/python3.7/site-packages/airflow/example_dags/example_local_kubernetes_executor.py
[2023-05-20T15:21:25.287+0000] {processor.py:836} INFO - DAG(s) dict_keys(['example_local_kubernetes_executor']) retrieved from /home/airflow/.local/lib/python3.7/site-packages/airflow/example_dags/example_local_kubernetes_executor.py
[2023-05-20T15:21:25.341+0000] {logging_mixin.py:149} INFO - [2023-05-20T15:21:25.340+0000] {dag.py:2726} INFO - Sync 1 DAGs
[2023-05-20T15:21:25.382+0000] {logging_mixin.py:149} INFO - [2023-05-20T15:21:25.382+0000] {dag.py:3490} INFO - Setting next_dagrun for example_local_kubernetes_executor to None, run_after=None
[2023-05-20T15:21:25.418+0000] {processor.py:179} INFO - Processing /home/airflow/.local/lib/python3.7/site-packages/airflow/example_dags/example_local_kubernetes_executor.py took 0.498 seconds
[2023-05-20T15:21:55.625+0000] {processor.py:157} INFO - Started process (PID=304) to work on /home/airflow/.local/lib/python3.7/site-packages/airflow/example_dags/example_local_kubernetes_executor.py
[2023-05-20T15:21:55.627+0000] {processor.py:826} INFO - Processing file /home/airflow/.local/lib/python3.7/site-packages/airflow/example_dags/example_local_kubernetes_executor.py for tasks to queue
[2023-05-20T15:21:55.629+0000] {logging_mixin.py:149} INFO - [2023-05-20T15:21:55.629+0000] {dagbag.py:541} INFO - Filling up the DagBag from /home/airflow/.local/lib/python3.7/site-packages/airflow/example_dags/example_local_kubernetes_executor.py
[2023-05-20T15:21:55.897+0000] {processor.py:836} INFO - DAG(s) dict_keys(['example_local_kubernetes_executor']) retrieved from /home/airflow/.local/lib/python3.7/site-packages/airflow/example_dags/example_local_kubernetes_executor.py
[2023-05-20T15:21:55.943+0000] {logging_mixin.py:149} INFO - [2023-05-20T15:21:55.943+0000] {dag.py:2726} INFO - Sync 1 DAGs
[2023-05-20T15:21:55.979+0000] {logging_mixin.py:149} INFO - [2023-05-20T15:21:55.979+0000] {dag.py:3490} INFO - Setting next_dagrun for example_local_kubernetes_executor to None, run_after=None
[2023-05-20T15:21:56.007+0000] {processor.py:179} INFO - Processing /home/airflow/.local/lib/python3.7/site-packages/airflow/example_dags/example_local_kubernetes_executor.py took 0.387 seconds
[2023-05-20T15:22:26.279+0000] {processor.py:157} INFO - Started process (PID=363) to work on /home/airflow/.local/lib/python3.7/site-packages/airflow/example_dags/example_local_kubernetes_executor.py
[2023-05-20T15:22:26.281+0000] {processor.py:826} INFO - Processing file /home/airflow/.local/lib/python3.7/site-packages/airflow/example_dags/example_local_kubernetes_executor.py for tasks to queue
[2023-05-20T15:22:26.283+0000] {logging_mixin.py:149} INFO - [2023-05-20T15:22:26.283+0000] {dagbag.py:541} INFO - Filling up the DagBag from /home/airflow/.local/lib/python3.7/site-packages/airflow/example_dags/example_local_kubernetes_executor.py
[2023-05-20T15:22:26.568+0000] {processor.py:836} INFO - DAG(s) dict_keys(['example_local_kubernetes_executor']) retrieved from /home/airflow/.local/lib/python3.7/site-packages/airflow/example_dags/example_local_kubernetes_executor.py
[2023-05-20T15:22:26.626+0000] {logging_mixin.py:149} INFO - [2023-05-20T15:22:26.625+0000] {dag.py:2726} INFO - Sync 1 DAGs
[2023-05-20T15:22:26.666+0000] {logging_mixin.py:149} INFO - [2023-05-20T15:22:26.665+0000] {dag.py:3490} INFO - Setting next_dagrun for example_local_kubernetes_executor to None, run_after=None
[2023-05-20T15:22:26.702+0000] {processor.py:179} INFO - Processing /home/airflow/.local/lib/python3.7/site-packages/airflow/example_dags/example_local_kubernetes_executor.py took 0.428 seconds
[2023-05-20T15:22:57.338+0000] {processor.py:157} INFO - Started process (PID=421) to work on /home/airflow/.local/lib/python3.7/site-packages/airflow/example_dags/example_local_kubernetes_executor.py
[2023-05-20T15:22:57.341+0000] {processor.py:826} INFO - Processing file /home/airflow/.local/lib/python3.7/site-packages/airflow/example_dags/example_local_kubernetes_executor.py for tasks to queue
[2023-05-20T15:22:57.344+0000] {logging_mixin.py:149} INFO - [2023-05-20T15:22:57.343+0000] {dagbag.py:541} INFO - Filling up the DagBag from /home/airflow/.local/lib/python3.7/site-packages/airflow/example_dags/example_local_kubernetes_executor.py
[2023-05-20T15:22:57.746+0000] {processor.py:836} INFO - DAG(s) dict_keys(['example_local_kubernetes_executor']) retrieved from /home/airflow/.local/lib/python3.7/site-packages/airflow/example_dags/example_local_kubernetes_executor.py
[2023-05-20T15:22:57.820+0000] {logging_mixin.py:149} INFO - [2023-05-20T15:22:57.820+0000] {dag.py:2726} INFO - Sync 1 DAGs
[2023-05-20T15:22:57.862+0000] {logging_mixin.py:149} INFO - [2023-05-20T15:22:57.861+0000] {dag.py:3490} INFO - Setting next_dagrun for example_local_kubernetes_executor to None, run_after=None
[2023-05-20T15:22:57.894+0000] {processor.py:179} INFO - Processing /home/airflow/.local/lib/python3.7/site-packages/airflow/example_dags/example_local_kubernetes_executor.py took 0.561 seconds
[2023-05-20T15:23:28.699+0000] {processor.py:157} INFO - Started process (PID=481) to work on /home/airflow/.local/lib/python3.7/site-packages/airflow/example_dags/example_local_kubernetes_executor.py
[2023-05-20T15:23:28.702+0000] {processor.py:826} INFO - Processing file /home/airflow/.local/lib/python3.7/site-packages/airflow/example_dags/example_local_kubernetes_executor.py for tasks to queue
[2023-05-20T15:23:28.704+0000] {logging_mixin.py:149} INFO - [2023-05-20T15:23:28.704+0000] {dagbag.py:541} INFO - Filling up the DagBag from /home/airflow/.local/lib/python3.7/site-packages/airflow/example_dags/example_local_kubernetes_executor.py
[2023-05-20T15:23:28.930+0000] {processor.py:836} INFO - DAG(s) dict_keys(['example_local_kubernetes_executor']) retrieved from /home/airflow/.local/lib/python3.7/site-packages/airflow/example_dags/example_local_kubernetes_executor.py
[2023-05-20T15:23:28.971+0000] {logging_mixin.py:149} INFO - [2023-05-20T15:23:28.971+0000] {dag.py:2726} INFO - Sync 1 DAGs
[2023-05-20T15:23:29.008+0000] {logging_mixin.py:149} INFO - [2023-05-20T15:23:29.008+0000] {dag.py:3490} INFO - Setting next_dagrun for example_local_kubernetes_executor to None, run_after=None
[2023-05-20T15:23:29.034+0000] {processor.py:179} INFO - Processing /home/airflow/.local/lib/python3.7/site-packages/airflow/example_dags/example_local_kubernetes_executor.py took 0.341 seconds
[2023-05-20T15:23:59.427+0000] {processor.py:157} INFO - Started process (PID=539) to work on /home/airflow/.local/lib/python3.7/site-packages/airflow/example_dags/example_local_kubernetes_executor.py
[2023-05-20T15:23:59.429+0000] {processor.py:826} INFO - Processing file /home/airflow/.local/lib/python3.7/site-packages/airflow/example_dags/example_local_kubernetes_executor.py for tasks to queue
[2023-05-20T15:23:59.431+0000] {logging_mixin.py:149} INFO - [2023-05-20T15:23:59.431+0000] {dagbag.py:541} INFO - Filling up the DagBag from /home/airflow/.local/lib/python3.7/site-packages/airflow/example_dags/example_local_kubernetes_executor.py
[2023-05-20T15:23:59.644+0000] {processor.py:836} INFO - DAG(s) dict_keys(['example_local_kubernetes_executor']) retrieved from /home/airflow/.local/lib/python3.7/site-packages/airflow/example_dags/example_local_kubernetes_executor.py
[2023-05-20T15:23:59.685+0000] {logging_mixin.py:149} INFO - [2023-05-20T15:23:59.685+0000] {dag.py:2726} INFO - Sync 1 DAGs
[2023-05-20T15:23:59.716+0000] {logging_mixin.py:149} INFO - [2023-05-20T15:23:59.716+0000] {dag.py:3490} INFO - Setting next_dagrun for example_local_kubernetes_executor to None, run_after=None
[2023-05-20T15:23:59.744+0000] {processor.py:179} INFO - Processing /home/airflow/.local/lib/python3.7/site-packages/airflow/example_dags/example_local_kubernetes_executor.py took 0.322 seconds
[2023-05-20T15:24:30.244+0000] {processor.py:157} INFO - Started process (PID=597) to work on /home/airflow/.local/lib/python3.7/site-packages/airflow/example_dags/example_local_kubernetes_executor.py
[2023-05-20T15:24:30.247+0000] {processor.py:826} INFO - Processing file /home/airflow/.local/lib/python3.7/site-packages/airflow/example_dags/example_local_kubernetes_executor.py for tasks to queue
[2023-05-20T15:24:30.249+0000] {logging_mixin.py:149} INFO - [2023-05-20T15:24:30.249+0000] {dagbag.py:541} INFO - Filling up the DagBag from /home/airflow/.local/lib/python3.7/site-packages/airflow/example_dags/example_local_kubernetes_executor.py
[2023-05-20T15:24:30.746+0000] {processor.py:836} INFO - DAG(s) dict_keys(['example_local_kubernetes_executor']) retrieved from /home/airflow/.local/lib/python3.7/site-packages/airflow/example_dags/example_local_kubernetes_executor.py
[2023-05-20T15:24:30.845+0000] {logging_mixin.py:149} INFO - [2023-05-20T15:24:30.844+0000] {dag.py:2726} INFO - Sync 1 DAGs
[2023-05-20T15:24:30.948+0000] {logging_mixin.py:149} INFO - [2023-05-20T15:24:30.947+0000] {dag.py:3490} INFO - Setting next_dagrun for example_local_kubernetes_executor to None, run_after=None
[2023-05-20T15:24:31.026+0000] {processor.py:179} INFO - Processing /home/airflow/.local/lib/python3.7/site-packages/airflow/example_dags/example_local_kubernetes_executor.py took 0.789 seconds
[2023-05-20T15:25:01.303+0000] {processor.py:157} INFO - Started process (PID=655) to work on /home/airflow/.local/lib/python3.7/site-packages/airflow/example_dags/example_local_kubernetes_executor.py
[2023-05-20T15:25:01.308+0000] {processor.py:826} INFO - Processing file /home/airflow/.local/lib/python3.7/site-packages/airflow/example_dags/example_local_kubernetes_executor.py for tasks to queue
[2023-05-20T15:25:01.317+0000] {logging_mixin.py:149} INFO - [2023-05-20T15:25:01.316+0000] {dagbag.py:541} INFO - Filling up the DagBag from /home/airflow/.local/lib/python3.7/site-packages/airflow/example_dags/example_local_kubernetes_executor.py
[2023-05-20T15:25:01.554+0000] {processor.py:836} INFO - DAG(s) dict_keys(['example_local_kubernetes_executor']) retrieved from /home/airflow/.local/lib/python3.7/site-packages/airflow/example_dags/example_local_kubernetes_executor.py
[2023-05-20T15:25:01.596+0000] {logging_mixin.py:149} INFO - [2023-05-20T15:25:01.596+0000] {dag.py:2726} INFO - Sync 1 DAGs
[2023-05-20T15:25:01.625+0000] {logging_mixin.py:149} INFO - [2023-05-20T15:25:01.624+0000] {dag.py:3490} INFO - Setting next_dagrun for example_local_kubernetes_executor to None, run_after=None
[2023-05-20T15:25:01.644+0000] {processor.py:179} INFO - Processing /home/airflow/.local/lib/python3.7/site-packages/airflow/example_dags/example_local_kubernetes_executor.py took 0.347 seconds
[2023-05-20T15:25:31.719+0000] {processor.py:157} INFO - Started process (PID=713) to work on /home/airflow/.local/lib/python3.7/site-packages/airflow/example_dags/example_local_kubernetes_executor.py
[2023-05-20T15:25:31.720+0000] {processor.py:826} INFO - Processing file /home/airflow/.local/lib/python3.7/site-packages/airflow/example_dags/example_local_kubernetes_executor.py for tasks to queue
[2023-05-20T15:25:31.722+0000] {logging_mixin.py:149} INFO - [2023-05-20T15:25:31.722+0000] {dagbag.py:541} INFO - Filling up the DagBag from /home/airflow/.local/lib/python3.7/site-packages/airflow/example_dags/example_local_kubernetes_executor.py
[2023-05-20T15:25:31.920+0000] {processor.py:836} INFO - DAG(s) dict_keys(['example_local_kubernetes_executor']) retrieved from /home/airflow/.local/lib/python3.7/site-packages/airflow/example_dags/example_local_kubernetes_executor.py
[2023-05-20T15:25:31.958+0000] {logging_mixin.py:149} INFO - [2023-05-20T15:25:31.958+0000] {dag.py:2726} INFO - Sync 1 DAGs
[2023-05-20T15:25:31.986+0000] {logging_mixin.py:149} INFO - [2023-05-20T15:25:31.986+0000] {dag.py:3490} INFO - Setting next_dagrun for example_local_kubernetes_executor to None, run_after=None
[2023-05-20T15:25:32.012+0000] {processor.py:179} INFO - Processing /home/airflow/.local/lib/python3.7/site-packages/airflow/example_dags/example_local_kubernetes_executor.py took 0.299 seconds
[2023-05-20T15:26:02.505+0000] {processor.py:157} INFO - Started process (PID=771) to work on /home/airflow/.local/lib/python3.7/site-packages/airflow/example_dags/example_local_kubernetes_executor.py
[2023-05-20T15:26:02.508+0000] {processor.py:826} INFO - Processing file /home/airflow/.local/lib/python3.7/site-packages/airflow/example_dags/example_local_kubernetes_executor.py for tasks to queue
[2023-05-20T15:26:02.509+0000] {logging_mixin.py:149} INFO - [2023-05-20T15:26:02.509+0000] {dagbag.py:541} INFO - Filling up the DagBag from /home/airflow/.local/lib/python3.7/site-packages/airflow/example_dags/example_local_kubernetes_executor.py
[2023-05-20T15:26:02.756+0000] {processor.py:836} INFO - DAG(s) dict_keys(['example_local_kubernetes_executor']) retrieved from /home/airflow/.local/lib/python3.7/site-packages/airflow/example_dags/example_local_kubernetes_executor.py
[2023-05-20T15:26:02.803+0000] {logging_mixin.py:149} INFO - [2023-05-20T15:26:02.803+0000] {dag.py:2726} INFO - Sync 1 DAGs
[2023-05-20T15:26:02.841+0000] {logging_mixin.py:149} INFO - [2023-05-20T15:26:02.841+0000] {dag.py:3490} INFO - Setting next_dagrun for example_local_kubernetes_executor to None, run_after=None
[2023-05-20T15:26:02.867+0000] {processor.py:179} INFO - Processing /home/airflow/.local/lib/python3.7/site-packages/airflow/example_dags/example_local_kubernetes_executor.py took 0.367 seconds
[2023-05-20T15:26:33.366+0000] {processor.py:157} INFO - Started process (PID=829) to work on /home/airflow/.local/lib/python3.7/site-packages/airflow/example_dags/example_local_kubernetes_executor.py
[2023-05-20T15:26:33.368+0000] {processor.py:826} INFO - Processing file /home/airflow/.local/lib/python3.7/site-packages/airflow/example_dags/example_local_kubernetes_executor.py for tasks to queue
[2023-05-20T15:26:33.369+0000] {logging_mixin.py:149} INFO - [2023-05-20T15:26:33.369+0000] {dagbag.py:541} INFO - Filling up the DagBag from /home/airflow/.local/lib/python3.7/site-packages/airflow/example_dags/example_local_kubernetes_executor.py
[2023-05-20T15:26:33.576+0000] {processor.py:836} INFO - DAG(s) dict_keys(['example_local_kubernetes_executor']) retrieved from /home/airflow/.local/lib/python3.7/site-packages/airflow/example_dags/example_local_kubernetes_executor.py
[2023-05-20T15:26:33.620+0000] {logging_mixin.py:149} INFO - [2023-05-20T15:26:33.619+0000] {dag.py:2726} INFO - Sync 1 DAGs
[2023-05-20T15:26:33.654+0000] {logging_mixin.py:149} INFO - [2023-05-20T15:26:33.654+0000] {dag.py:3490} INFO - Setting next_dagrun for example_local_kubernetes_executor to None, run_after=None
[2023-05-20T15:26:33.687+0000] {processor.py:179} INFO - Processing /home/airflow/.local/lib/python3.7/site-packages/airflow/example_dags/example_local_kubernetes_executor.py took 0.326 seconds
[2023-05-20T15:27:03.940+0000] {processor.py:157} INFO - Started process (PID=887) to work on /home/airflow/.local/lib/python3.7/site-packages/airflow/example_dags/example_local_kubernetes_executor.py
[2023-05-20T15:27:03.942+0000] {processor.py:826} INFO - Processing file /home/airflow/.local/lib/python3.7/site-packages/airflow/example_dags/example_local_kubernetes_executor.py for tasks to queue
[2023-05-20T15:27:03.944+0000] {logging_mixin.py:149} INFO - [2023-05-20T15:27:03.944+0000] {dagbag.py:541} INFO - Filling up the DagBag from /home/airflow/.local/lib/python3.7/site-packages/airflow/example_dags/example_local_kubernetes_executor.py
[2023-05-20T15:27:04.203+0000] {processor.py:836} INFO - DAG(s) dict_keys(['example_local_kubernetes_executor']) retrieved from /home/airflow/.local/lib/python3.7/site-packages/airflow/example_dags/example_local_kubernetes_executor.py
[2023-05-20T15:27:04.258+0000] {logging_mixin.py:149} INFO - [2023-05-20T15:27:04.258+0000] {dag.py:2726} INFO - Sync 1 DAGs
[2023-05-20T15:27:04.295+0000] {logging_mixin.py:149} INFO - [2023-05-20T15:27:04.295+0000] {dag.py:3490} INFO - Setting next_dagrun for example_local_kubernetes_executor to None, run_after=None
[2023-05-20T15:27:04.327+0000] {processor.py:179} INFO - Processing /home/airflow/.local/lib/python3.7/site-packages/airflow/example_dags/example_local_kubernetes_executor.py took 0.395 seconds
[2023-05-20T15:27:34.541+0000] {processor.py:157} INFO - Started process (PID=945) to work on /home/airflow/.local/lib/python3.7/site-packages/airflow/example_dags/example_local_kubernetes_executor.py
[2023-05-20T15:27:34.543+0000] {processor.py:826} INFO - Processing file /home/airflow/.local/lib/python3.7/site-packages/airflow/example_dags/example_local_kubernetes_executor.py for tasks to queue
[2023-05-20T15:27:34.545+0000] {logging_mixin.py:149} INFO - [2023-05-20T15:27:34.545+0000] {dagbag.py:541} INFO - Filling up the DagBag from /home/airflow/.local/lib/python3.7/site-packages/airflow/example_dags/example_local_kubernetes_executor.py
[2023-05-20T15:27:34.767+0000] {processor.py:836} INFO - DAG(s) dict_keys(['example_local_kubernetes_executor']) retrieved from /home/airflow/.local/lib/python3.7/site-packages/airflow/example_dags/example_local_kubernetes_executor.py
[2023-05-20T15:27:34.808+0000] {logging_mixin.py:149} INFO - [2023-05-20T15:27:34.808+0000] {dag.py:2726} INFO - Sync 1 DAGs
[2023-05-20T15:27:34.836+0000] {logging_mixin.py:149} INFO - [2023-05-20T15:27:34.836+0000] {dag.py:3490} INFO - Setting next_dagrun for example_local_kubernetes_executor to None, run_after=None
[2023-05-20T15:27:34.858+0000] {processor.py:179} INFO - Processing /home/airflow/.local/lib/python3.7/site-packages/airflow/example_dags/example_local_kubernetes_executor.py took 0.322 seconds
[2023-05-20T15:28:05.817+0000] {processor.py:157} INFO - Started process (PID=1003) to work on /home/airflow/.local/lib/python3.7/site-packages/airflow/example_dags/example_local_kubernetes_executor.py
[2023-05-20T15:28:05.819+0000] {processor.py:826} INFO - Processing file /home/airflow/.local/lib/python3.7/site-packages/airflow/example_dags/example_local_kubernetes_executor.py for tasks to queue
[2023-05-20T15:28:05.821+0000] {logging_mixin.py:149} INFO - [2023-05-20T15:28:05.821+0000] {dagbag.py:541} INFO - Filling up the DagBag from /home/airflow/.local/lib/python3.7/site-packages/airflow/example_dags/example_local_kubernetes_executor.py
[2023-05-20T15:28:06.138+0000] {processor.py:836} INFO - DAG(s) dict_keys(['example_local_kubernetes_executor']) retrieved from /home/airflow/.local/lib/python3.7/site-packages/airflow/example_dags/example_local_kubernetes_executor.py
[2023-05-20T15:28:06.180+0000] {logging_mixin.py:149} INFO - [2023-05-20T15:28:06.180+0000] {dag.py:2726} INFO - Sync 1 DAGs
[2023-05-20T15:28:06.212+0000] {logging_mixin.py:149} INFO - [2023-05-20T15:28:06.211+0000] {dag.py:3490} INFO - Setting next_dagrun for example_local_kubernetes_executor to None, run_after=None
[2023-05-20T15:28:06.246+0000] {processor.py:179} INFO - Processing /home/airflow/.local/lib/python3.7/site-packages/airflow/example_dags/example_local_kubernetes_executor.py took 0.435 seconds
[2023-05-20T15:28:37.230+0000] {processor.py:157} INFO - Started process (PID=1068) to work on /home/airflow/.local/lib/python3.7/site-packages/airflow/example_dags/example_local_kubernetes_executor.py
[2023-05-20T15:28:37.232+0000] {processor.py:826} INFO - Processing file /home/airflow/.local/lib/python3.7/site-packages/airflow/example_dags/example_local_kubernetes_executor.py for tasks to queue
[2023-05-20T15:28:37.233+0000] {logging_mixin.py:149} INFO - [2023-05-20T15:28:37.233+0000] {dagbag.py:541} INFO - Filling up the DagBag from /home/airflow/.local/lib/python3.7/site-packages/airflow/example_dags/example_local_kubernetes_executor.py
[2023-05-20T15:28:37.453+0000] {processor.py:836} INFO - DAG(s) dict_keys(['example_local_kubernetes_executor']) retrieved from /home/airflow/.local/lib/python3.7/site-packages/airflow/example_dags/example_local_kubernetes_executor.py
[2023-05-20T15:28:37.492+0000] {logging_mixin.py:149} INFO - [2023-05-20T15:28:37.492+0000] {dag.py:2726} INFO - Sync 1 DAGs
[2023-05-20T15:28:37.521+0000] {logging_mixin.py:149} INFO - [2023-05-20T15:28:37.521+0000] {dag.py:3490} INFO - Setting next_dagrun for example_local_kubernetes_executor to None, run_after=None
[2023-05-20T15:28:37.543+0000] {processor.py:179} INFO - Processing /home/airflow/.local/lib/python3.7/site-packages/airflow/example_dags/example_local_kubernetes_executor.py took 0.318 seconds
[2023-05-20T15:29:08.341+0000] {processor.py:157} INFO - Started process (PID=1126) to work on /home/airflow/.local/lib/python3.7/site-packages/airflow/example_dags/example_local_kubernetes_executor.py
[2023-05-20T15:29:08.343+0000] {processor.py:826} INFO - Processing file /home/airflow/.local/lib/python3.7/site-packages/airflow/example_dags/example_local_kubernetes_executor.py for tasks to queue
[2023-05-20T15:29:08.344+0000] {logging_mixin.py:149} INFO - [2023-05-20T15:29:08.344+0000] {dagbag.py:541} INFO - Filling up the DagBag from /home/airflow/.local/lib/python3.7/site-packages/airflow/example_dags/example_local_kubernetes_executor.py
[2023-05-20T15:29:08.585+0000] {processor.py:836} INFO - DAG(s) dict_keys(['example_local_kubernetes_executor']) retrieved from /home/airflow/.local/lib/python3.7/site-packages/airflow/example_dags/example_local_kubernetes_executor.py
[2023-05-20T15:29:08.677+0000] {logging_mixin.py:149} INFO - [2023-05-20T15:29:08.676+0000] {dag.py:2726} INFO - Sync 1 DAGs
[2023-05-20T15:29:08.743+0000] {logging_mixin.py:149} INFO - [2023-05-20T15:29:08.743+0000] {dag.py:3490} INFO - Setting next_dagrun for example_local_kubernetes_executor to None, run_after=None
[2023-05-20T15:29:08.777+0000] {processor.py:179} INFO - Processing /home/airflow/.local/lib/python3.7/site-packages/airflow/example_dags/example_local_kubernetes_executor.py took 0.439 seconds
[2023-05-20T15:29:39.408+0000] {processor.py:157} INFO - Started process (PID=1184) to work on /home/airflow/.local/lib/python3.7/site-packages/airflow/example_dags/example_local_kubernetes_executor.py
[2023-05-20T15:29:39.410+0000] {processor.py:826} INFO - Processing file /home/airflow/.local/lib/python3.7/site-packages/airflow/example_dags/example_local_kubernetes_executor.py for tasks to queue
[2023-05-20T15:29:39.413+0000] {logging_mixin.py:149} INFO - [2023-05-20T15:29:39.412+0000] {dagbag.py:541} INFO - Filling up the DagBag from /home/airflow/.local/lib/python3.7/site-packages/airflow/example_dags/example_local_kubernetes_executor.py
[2023-05-20T15:29:39.847+0000] {processor.py:836} INFO - DAG(s) dict_keys(['example_local_kubernetes_executor']) retrieved from /home/airflow/.local/lib/python3.7/site-packages/airflow/example_dags/example_local_kubernetes_executor.py
[2023-05-20T15:29:39.929+0000] {logging_mixin.py:149} INFO - [2023-05-20T15:29:39.928+0000] {dag.py:2726} INFO - Sync 1 DAGs
[2023-05-20T15:29:40.010+0000] {logging_mixin.py:149} INFO - [2023-05-20T15:29:40.010+0000] {dag.py:3490} INFO - Setting next_dagrun for example_local_kubernetes_executor to None, run_after=None
[2023-05-20T15:29:40.074+0000] {processor.py:179} INFO - Processing /home/airflow/.local/lib/python3.7/site-packages/airflow/example_dags/example_local_kubernetes_executor.py took 0.672 seconds
[2023-05-20T15:30:10.591+0000] {processor.py:157} INFO - Started process (PID=1242) to work on /home/airflow/.local/lib/python3.7/site-packages/airflow/example_dags/example_local_kubernetes_executor.py
[2023-05-20T15:30:10.593+0000] {processor.py:826} INFO - Processing file /home/airflow/.local/lib/python3.7/site-packages/airflow/example_dags/example_local_kubernetes_executor.py for tasks to queue
[2023-05-20T15:30:10.594+0000] {logging_mixin.py:149} INFO - [2023-05-20T15:30:10.594+0000] {dagbag.py:541} INFO - Filling up the DagBag from /home/airflow/.local/lib/python3.7/site-packages/airflow/example_dags/example_local_kubernetes_executor.py
[2023-05-20T15:30:10.851+0000] {processor.py:836} INFO - DAG(s) dict_keys(['example_local_kubernetes_executor']) retrieved from /home/airflow/.local/lib/python3.7/site-packages/airflow/example_dags/example_local_kubernetes_executor.py
[2023-05-20T15:30:10.895+0000] {logging_mixin.py:149} INFO - [2023-05-20T15:30:10.895+0000] {dag.py:2726} INFO - Sync 1 DAGs
[2023-05-20T15:30:10.926+0000] {logging_mixin.py:149} INFO - [2023-05-20T15:30:10.926+0000] {dag.py:3490} INFO - Setting next_dagrun for example_local_kubernetes_executor to None, run_after=None
[2023-05-20T15:30:10.959+0000] {processor.py:179} INFO - Processing /home/airflow/.local/lib/python3.7/site-packages/airflow/example_dags/example_local_kubernetes_executor.py took 0.372 seconds
[2023-05-20T15:30:41.322+0000] {processor.py:157} INFO - Started process (PID=1300) to work on /home/airflow/.local/lib/python3.7/site-packages/airflow/example_dags/example_local_kubernetes_executor.py
[2023-05-20T15:30:41.323+0000] {processor.py:826} INFO - Processing file /home/airflow/.local/lib/python3.7/site-packages/airflow/example_dags/example_local_kubernetes_executor.py for tasks to queue
[2023-05-20T15:30:41.325+0000] {logging_mixin.py:149} INFO - [2023-05-20T15:30:41.325+0000] {dagbag.py:541} INFO - Filling up the DagBag from /home/airflow/.local/lib/python3.7/site-packages/airflow/example_dags/example_local_kubernetes_executor.py
[2023-05-20T15:30:41.577+0000] {processor.py:836} INFO - DAG(s) dict_keys(['example_local_kubernetes_executor']) retrieved from /home/airflow/.local/lib/python3.7/site-packages/airflow/example_dags/example_local_kubernetes_executor.py
[2023-05-20T15:30:41.627+0000] {logging_mixin.py:149} INFO - [2023-05-20T15:30:41.626+0000] {dag.py:2726} INFO - Sync 1 DAGs
[2023-05-20T15:30:41.661+0000] {logging_mixin.py:149} INFO - [2023-05-20T15:30:41.661+0000] {dag.py:3490} INFO - Setting next_dagrun for example_local_kubernetes_executor to None, run_after=None
[2023-05-20T15:30:41.691+0000] {processor.py:179} INFO - Processing /home/airflow/.local/lib/python3.7/site-packages/airflow/example_dags/example_local_kubernetes_executor.py took 0.374 seconds
[2023-05-20T15:31:11.957+0000] {processor.py:157} INFO - Started process (PID=1358) to work on /home/airflow/.local/lib/python3.7/site-packages/airflow/example_dags/example_local_kubernetes_executor.py
[2023-05-20T15:31:11.959+0000] {processor.py:826} INFO - Processing file /home/airflow/.local/lib/python3.7/site-packages/airflow/example_dags/example_local_kubernetes_executor.py for tasks to queue
[2023-05-20T15:31:11.961+0000] {logging_mixin.py:149} INFO - [2023-05-20T15:31:11.960+0000] {dagbag.py:541} INFO - Filling up the DagBag from /home/airflow/.local/lib/python3.7/site-packages/airflow/example_dags/example_local_kubernetes_executor.py
[2023-05-20T15:31:12.196+0000] {processor.py:836} INFO - DAG(s) dict_keys(['example_local_kubernetes_executor']) retrieved from /home/airflow/.local/lib/python3.7/site-packages/airflow/example_dags/example_local_kubernetes_executor.py
[2023-05-20T15:31:12.240+0000] {logging_mixin.py:149} INFO - [2023-05-20T15:31:12.240+0000] {dag.py:2726} INFO - Sync 1 DAGs
[2023-05-20T15:31:12.302+0000] {logging_mixin.py:149} INFO - [2023-05-20T15:31:12.302+0000] {dag.py:3490} INFO - Setting next_dagrun for example_local_kubernetes_executor to None, run_after=None
[2023-05-20T15:31:12.333+0000] {processor.py:179} INFO - Processing /home/airflow/.local/lib/python3.7/site-packages/airflow/example_dags/example_local_kubernetes_executor.py took 0.380 seconds
[2023-05-20T15:31:42.438+0000] {processor.py:157} INFO - Started process (PID=1416) to work on /home/airflow/.local/lib/python3.7/site-packages/airflow/example_dags/example_local_kubernetes_executor.py
[2023-05-20T15:31:42.440+0000] {processor.py:826} INFO - Processing file /home/airflow/.local/lib/python3.7/site-packages/airflow/example_dags/example_local_kubernetes_executor.py for tasks to queue
[2023-05-20T15:31:42.442+0000] {logging_mixin.py:149} INFO - [2023-05-20T15:31:42.442+0000] {dagbag.py:541} INFO - Filling up the DagBag from /home/airflow/.local/lib/python3.7/site-packages/airflow/example_dags/example_local_kubernetes_executor.py
[2023-05-20T15:31:42.680+0000] {processor.py:836} INFO - DAG(s) dict_keys(['example_local_kubernetes_executor']) retrieved from /home/airflow/.local/lib/python3.7/site-packages/airflow/example_dags/example_local_kubernetes_executor.py
[2023-05-20T15:31:42.726+0000] {logging_mixin.py:149} INFO - [2023-05-20T15:31:42.725+0000] {dag.py:2726} INFO - Sync 1 DAGs
[2023-05-20T15:31:42.758+0000] {logging_mixin.py:149} INFO - [2023-05-20T15:31:42.758+0000] {dag.py:3490} INFO - Setting next_dagrun for example_local_kubernetes_executor to None, run_after=None
[2023-05-20T15:31:42.785+0000] {processor.py:179} INFO - Processing /home/airflow/.local/lib/python3.7/site-packages/airflow/example_dags/example_local_kubernetes_executor.py took 0.355 seconds
[2023-05-20T15:32:13.266+0000] {processor.py:157} INFO - Started process (PID=1474) to work on /home/airflow/.local/lib/python3.7/site-packages/airflow/example_dags/example_local_kubernetes_executor.py
[2023-05-20T15:32:13.270+0000] {processor.py:826} INFO - Processing file /home/airflow/.local/lib/python3.7/site-packages/airflow/example_dags/example_local_kubernetes_executor.py for tasks to queue
[2023-05-20T15:32:13.275+0000] {logging_mixin.py:149} INFO - [2023-05-20T15:32:13.275+0000] {dagbag.py:541} INFO - Filling up the DagBag from /home/airflow/.local/lib/python3.7/site-packages/airflow/example_dags/example_local_kubernetes_executor.py
[2023-05-20T15:32:13.599+0000] {processor.py:836} INFO - DAG(s) dict_keys(['example_local_kubernetes_executor']) retrieved from /home/airflow/.local/lib/python3.7/site-packages/airflow/example_dags/example_local_kubernetes_executor.py
[2023-05-20T15:32:13.650+0000] {logging_mixin.py:149} INFO - [2023-05-20T15:32:13.650+0000] {dag.py:2726} INFO - Sync 1 DAGs
[2023-05-20T15:32:13.688+0000] {logging_mixin.py:149} INFO - [2023-05-20T15:32:13.688+0000] {dag.py:3490} INFO - Setting next_dagrun for example_local_kubernetes_executor to None, run_after=None
[2023-05-20T15:32:13.718+0000] {processor.py:179} INFO - Processing /home/airflow/.local/lib/python3.7/site-packages/airflow/example_dags/example_local_kubernetes_executor.py took 0.465 seconds
[2023-05-20T15:32:43.961+0000] {processor.py:157} INFO - Started process (PID=1532) to work on /home/airflow/.local/lib/python3.7/site-packages/airflow/example_dags/example_local_kubernetes_executor.py
[2023-05-20T15:32:43.963+0000] {processor.py:826} INFO - Processing file /home/airflow/.local/lib/python3.7/site-packages/airflow/example_dags/example_local_kubernetes_executor.py for tasks to queue
[2023-05-20T15:32:43.965+0000] {logging_mixin.py:149} INFO - [2023-05-20T15:32:43.965+0000] {dagbag.py:541} INFO - Filling up the DagBag from /home/airflow/.local/lib/python3.7/site-packages/airflow/example_dags/example_local_kubernetes_executor.py
[2023-05-20T15:32:44.179+0000] {processor.py:836} INFO - DAG(s) dict_keys(['example_local_kubernetes_executor']) retrieved from /home/airflow/.local/lib/python3.7/site-packages/airflow/example_dags/example_local_kubernetes_executor.py
[2023-05-20T15:32:44.224+0000] {logging_mixin.py:149} INFO - [2023-05-20T15:32:44.224+0000] {dag.py:2726} INFO - Sync 1 DAGs
[2023-05-20T15:32:44.254+0000] {logging_mixin.py:149} INFO - [2023-05-20T15:32:44.254+0000] {dag.py:3490} INFO - Setting next_dagrun for example_local_kubernetes_executor to None, run_after=None
[2023-05-20T15:32:44.276+0000] {processor.py:179} INFO - Processing /home/airflow/.local/lib/python3.7/site-packages/airflow/example_dags/example_local_kubernetes_executor.py took 0.319 seconds
[2023-05-20T15:33:15.092+0000] {processor.py:157} INFO - Started process (PID=1590) to work on /home/airflow/.local/lib/python3.7/site-packages/airflow/example_dags/example_local_kubernetes_executor.py
[2023-05-20T15:33:15.094+0000] {processor.py:826} INFO - Processing file /home/airflow/.local/lib/python3.7/site-packages/airflow/example_dags/example_local_kubernetes_executor.py for tasks to queue
[2023-05-20T15:33:15.096+0000] {logging_mixin.py:149} INFO - [2023-05-20T15:33:15.096+0000] {dagbag.py:541} INFO - Filling up the DagBag from /home/airflow/.local/lib/python3.7/site-packages/airflow/example_dags/example_local_kubernetes_executor.py
[2023-05-20T15:33:15.473+0000] {processor.py:836} INFO - DAG(s) dict_keys(['example_local_kubernetes_executor']) retrieved from /home/airflow/.local/lib/python3.7/site-packages/airflow/example_dags/example_local_kubernetes_executor.py
[2023-05-20T15:33:15.534+0000] {logging_mixin.py:149} INFO - [2023-05-20T15:33:15.534+0000] {dag.py:2726} INFO - Sync 1 DAGs
[2023-05-20T15:33:15.585+0000] {logging_mixin.py:149} INFO - [2023-05-20T15:33:15.585+0000] {dag.py:3490} INFO - Setting next_dagrun for example_local_kubernetes_executor to None, run_after=None
[2023-05-20T15:33:15.623+0000] {processor.py:179} INFO - Processing /home/airflow/.local/lib/python3.7/site-packages/airflow/example_dags/example_local_kubernetes_executor.py took 0.537 seconds
[2023-05-20T15:33:46.445+0000] {processor.py:157} INFO - Started process (PID=1648) to work on /home/airflow/.local/lib/python3.7/site-packages/airflow/example_dags/example_local_kubernetes_executor.py
[2023-05-20T15:33:46.446+0000] {processor.py:826} INFO - Processing file /home/airflow/.local/lib/python3.7/site-packages/airflow/example_dags/example_local_kubernetes_executor.py for tasks to queue
[2023-05-20T15:33:46.448+0000] {logging_mixin.py:149} INFO - [2023-05-20T15:33:46.448+0000] {dagbag.py:541} INFO - Filling up the DagBag from /home/airflow/.local/lib/python3.7/site-packages/airflow/example_dags/example_local_kubernetes_executor.py
[2023-05-20T15:33:46.680+0000] {processor.py:836} INFO - DAG(s) dict_keys(['example_local_kubernetes_executor']) retrieved from /home/airflow/.local/lib/python3.7/site-packages/airflow/example_dags/example_local_kubernetes_executor.py
[2023-05-20T15:33:46.727+0000] {logging_mixin.py:149} INFO - [2023-05-20T15:33:46.727+0000] {dag.py:2726} INFO - Sync 1 DAGs
[2023-05-20T15:33:46.770+0000] {logging_mixin.py:149} INFO - [2023-05-20T15:33:46.770+0000] {dag.py:3490} INFO - Setting next_dagrun for example_local_kubernetes_executor to None, run_after=None
[2023-05-20T15:33:46.800+0000] {processor.py:179} INFO - Processing /home/airflow/.local/lib/python3.7/site-packages/airflow/example_dags/example_local_kubernetes_executor.py took 0.360 seconds
[2023-05-20T15:34:16.859+0000] {processor.py:157} INFO - Started process (PID=1705) to work on /home/airflow/.local/lib/python3.7/site-packages/airflow/example_dags/example_local_kubernetes_executor.py
[2023-05-20T15:34:16.861+0000] {processor.py:826} INFO - Processing file /home/airflow/.local/lib/python3.7/site-packages/airflow/example_dags/example_local_kubernetes_executor.py for tasks to queue
[2023-05-20T15:34:16.862+0000] {logging_mixin.py:149} INFO - [2023-05-20T15:34:16.862+0000] {dagbag.py:541} INFO - Filling up the DagBag from /home/airflow/.local/lib/python3.7/site-packages/airflow/example_dags/example_local_kubernetes_executor.py
[2023-05-20T15:34:17.084+0000] {processor.py:836} INFO - DAG(s) dict_keys(['example_local_kubernetes_executor']) retrieved from /home/airflow/.local/lib/python3.7/site-packages/airflow/example_dags/example_local_kubernetes_executor.py
[2023-05-20T15:34:17.135+0000] {logging_mixin.py:149} INFO - [2023-05-20T15:34:17.134+0000] {dag.py:2726} INFO - Sync 1 DAGs
[2023-05-20T15:34:17.194+0000] {logging_mixin.py:149} INFO - [2023-05-20T15:34:17.194+0000] {dag.py:3490} INFO - Setting next_dagrun for example_local_kubernetes_executor to None, run_after=None
[2023-05-20T15:34:17.244+0000] {processor.py:179} INFO - Processing /home/airflow/.local/lib/python3.7/site-packages/airflow/example_dags/example_local_kubernetes_executor.py took 0.390 seconds
[2023-05-20T15:34:47.522+0000] {processor.py:157} INFO - Started process (PID=1764) to work on /home/airflow/.local/lib/python3.7/site-packages/airflow/example_dags/example_local_kubernetes_executor.py
[2023-05-20T15:34:47.524+0000] {processor.py:826} INFO - Processing file /home/airflow/.local/lib/python3.7/site-packages/airflow/example_dags/example_local_kubernetes_executor.py for tasks to queue
[2023-05-20T15:34:47.526+0000] {logging_mixin.py:149} INFO - [2023-05-20T15:34:47.525+0000] {dagbag.py:541} INFO - Filling up the DagBag from /home/airflow/.local/lib/python3.7/site-packages/airflow/example_dags/example_local_kubernetes_executor.py
[2023-05-20T15:34:47.769+0000] {processor.py:836} INFO - DAG(s) dict_keys(['example_local_kubernetes_executor']) retrieved from /home/airflow/.local/lib/python3.7/site-packages/airflow/example_dags/example_local_kubernetes_executor.py
[2023-05-20T15:34:47.818+0000] {logging_mixin.py:149} INFO - [2023-05-20T15:34:47.818+0000] {dag.py:2726} INFO - Sync 1 DAGs
[2023-05-20T15:34:47.853+0000] {logging_mixin.py:149} INFO - [2023-05-20T15:34:47.853+0000] {dag.py:3490} INFO - Setting next_dagrun for example_local_kubernetes_executor to None, run_after=None
[2023-05-20T15:34:47.881+0000] {processor.py:179} INFO - Processing /home/airflow/.local/lib/python3.7/site-packages/airflow/example_dags/example_local_kubernetes_executor.py took 0.363 seconds
[2023-05-20T15:35:18.693+0000] {processor.py:157} INFO - Started process (PID=1822) to work on /home/airflow/.local/lib/python3.7/site-packages/airflow/example_dags/example_local_kubernetes_executor.py
[2023-05-20T15:35:18.715+0000] {processor.py:826} INFO - Processing file /home/airflow/.local/lib/python3.7/site-packages/airflow/example_dags/example_local_kubernetes_executor.py for tasks to queue
[2023-05-20T15:35:18.717+0000] {logging_mixin.py:149} INFO - [2023-05-20T15:35:18.716+0000] {dagbag.py:541} INFO - Filling up the DagBag from /home/airflow/.local/lib/python3.7/site-packages/airflow/example_dags/example_local_kubernetes_executor.py
[2023-05-20T15:35:18.939+0000] {processor.py:836} INFO - DAG(s) dict_keys(['example_local_kubernetes_executor']) retrieved from /home/airflow/.local/lib/python3.7/site-packages/airflow/example_dags/example_local_kubernetes_executor.py
[2023-05-20T15:35:18.979+0000] {logging_mixin.py:149} INFO - [2023-05-20T15:35:18.979+0000] {dag.py:2726} INFO - Sync 1 DAGs
[2023-05-20T15:35:19.012+0000] {logging_mixin.py:149} INFO - [2023-05-20T15:35:19.011+0000] {dag.py:3490} INFO - Setting next_dagrun for example_local_kubernetes_executor to None, run_after=None
[2023-05-20T15:35:19.035+0000] {processor.py:179} INFO - Processing /home/airflow/.local/lib/python3.7/site-packages/airflow/example_dags/example_local_kubernetes_executor.py took 0.368 seconds
[2023-05-20T15:35:49.633+0000] {processor.py:157} INFO - Started process (PID=1880) to work on /home/airflow/.local/lib/python3.7/site-packages/airflow/example_dags/example_local_kubernetes_executor.py
[2023-05-20T15:35:49.636+0000] {processor.py:826} INFO - Processing file /home/airflow/.local/lib/python3.7/site-packages/airflow/example_dags/example_local_kubernetes_executor.py for tasks to queue
[2023-05-20T15:35:49.638+0000] {logging_mixin.py:149} INFO - [2023-05-20T15:35:49.638+0000] {dagbag.py:541} INFO - Filling up the DagBag from /home/airflow/.local/lib/python3.7/site-packages/airflow/example_dags/example_local_kubernetes_executor.py
[2023-05-20T15:35:49.922+0000] {processor.py:836} INFO - DAG(s) dict_keys(['example_local_kubernetes_executor']) retrieved from /home/airflow/.local/lib/python3.7/site-packages/airflow/example_dags/example_local_kubernetes_executor.py
[2023-05-20T15:35:49.978+0000] {logging_mixin.py:149} INFO - [2023-05-20T15:35:49.978+0000] {dag.py:2726} INFO - Sync 1 DAGs
[2023-05-20T15:35:50.026+0000] {logging_mixin.py:149} INFO - [2023-05-20T15:35:50.025+0000] {dag.py:3490} INFO - Setting next_dagrun for example_local_kubernetes_executor to None, run_after=None
[2023-05-20T15:35:50.055+0000] {processor.py:179} INFO - Processing /home/airflow/.local/lib/python3.7/site-packages/airflow/example_dags/example_local_kubernetes_executor.py took 0.430 seconds
[2023-05-20T15:36:20.832+0000] {processor.py:157} INFO - Started process (PID=1938) to work on /home/airflow/.local/lib/python3.7/site-packages/airflow/example_dags/example_local_kubernetes_executor.py
[2023-05-20T15:36:20.834+0000] {processor.py:826} INFO - Processing file /home/airflow/.local/lib/python3.7/site-packages/airflow/example_dags/example_local_kubernetes_executor.py for tasks to queue
[2023-05-20T15:36:20.836+0000] {logging_mixin.py:149} INFO - [2023-05-20T15:36:20.836+0000] {dagbag.py:541} INFO - Filling up the DagBag from /home/airflow/.local/lib/python3.7/site-packages/airflow/example_dags/example_local_kubernetes_executor.py
[2023-05-20T15:36:21.044+0000] {processor.py:836} INFO - DAG(s) dict_keys(['example_local_kubernetes_executor']) retrieved from /home/airflow/.local/lib/python3.7/site-packages/airflow/example_dags/example_local_kubernetes_executor.py
[2023-05-20T15:36:21.081+0000] {logging_mixin.py:149} INFO - [2023-05-20T15:36:21.081+0000] {dag.py:2726} INFO - Sync 1 DAGs
[2023-05-20T15:36:21.107+0000] {logging_mixin.py:149} INFO - [2023-05-20T15:36:21.107+0000] {dag.py:3490} INFO - Setting next_dagrun for example_local_kubernetes_executor to None, run_after=None
[2023-05-20T15:36:21.128+0000] {processor.py:179} INFO - Processing /home/airflow/.local/lib/python3.7/site-packages/airflow/example_dags/example_local_kubernetes_executor.py took 0.301 seconds
[2023-05-20T15:36:51.247+0000] {processor.py:157} INFO - Started process (PID=1997) to work on /home/airflow/.local/lib/python3.7/site-packages/airflow/example_dags/example_local_kubernetes_executor.py
[2023-05-20T15:36:51.249+0000] {processor.py:826} INFO - Processing file /home/airflow/.local/lib/python3.7/site-packages/airflow/example_dags/example_local_kubernetes_executor.py for tasks to queue
[2023-05-20T15:36:51.251+0000] {logging_mixin.py:149} INFO - [2023-05-20T15:36:51.250+0000] {dagbag.py:541} INFO - Filling up the DagBag from /home/airflow/.local/lib/python3.7/site-packages/airflow/example_dags/example_local_kubernetes_executor.py
[2023-05-20T15:36:51.455+0000] {processor.py:836} INFO - DAG(s) dict_keys(['example_local_kubernetes_executor']) retrieved from /home/airflow/.local/lib/python3.7/site-packages/airflow/example_dags/example_local_kubernetes_executor.py
[2023-05-20T15:36:51.495+0000] {logging_mixin.py:149} INFO - [2023-05-20T15:36:51.495+0000] {dag.py:2726} INFO - Sync 1 DAGs
[2023-05-20T15:36:51.522+0000] {logging_mixin.py:149} INFO - [2023-05-20T15:36:51.522+0000] {dag.py:3490} INFO - Setting next_dagrun for example_local_kubernetes_executor to None, run_after=None
[2023-05-20T15:36:51.543+0000] {processor.py:179} INFO - Processing /home/airflow/.local/lib/python3.7/site-packages/airflow/example_dags/example_local_kubernetes_executor.py took 0.300 seconds
[2023-05-20T15:37:22.549+0000] {processor.py:157} INFO - Started process (PID=2055) to work on /home/airflow/.local/lib/python3.7/site-packages/airflow/example_dags/example_local_kubernetes_executor.py
[2023-05-20T15:37:22.550+0000] {processor.py:826} INFO - Processing file /home/airflow/.local/lib/python3.7/site-packages/airflow/example_dags/example_local_kubernetes_executor.py for tasks to queue
[2023-05-20T15:37:22.552+0000] {logging_mixin.py:149} INFO - [2023-05-20T15:37:22.552+0000] {dagbag.py:541} INFO - Filling up the DagBag from /home/airflow/.local/lib/python3.7/site-packages/airflow/example_dags/example_local_kubernetes_executor.py
[2023-05-20T15:37:22.862+0000] {processor.py:836} INFO - DAG(s) dict_keys(['example_local_kubernetes_executor']) retrieved from /home/airflow/.local/lib/python3.7/site-packages/airflow/example_dags/example_local_kubernetes_executor.py
[2023-05-20T15:37:22.907+0000] {logging_mixin.py:149} INFO - [2023-05-20T15:37:22.907+0000] {dag.py:2726} INFO - Sync 1 DAGs
[2023-05-20T15:37:22.938+0000] {logging_mixin.py:149} INFO - [2023-05-20T15:37:22.937+0000] {dag.py:3490} INFO - Setting next_dagrun for example_local_kubernetes_executor to None, run_after=None
[2023-05-20T15:37:22.960+0000] {processor.py:179} INFO - Processing /home/airflow/.local/lib/python3.7/site-packages/airflow/example_dags/example_local_kubernetes_executor.py took 0.416 seconds
[2023-05-20T15:37:53.208+0000] {processor.py:157} INFO - Started process (PID=2113) to work on /home/airflow/.local/lib/python3.7/site-packages/airflow/example_dags/example_local_kubernetes_executor.py
[2023-05-20T15:37:53.210+0000] {processor.py:826} INFO - Processing file /home/airflow/.local/lib/python3.7/site-packages/airflow/example_dags/example_local_kubernetes_executor.py for tasks to queue
[2023-05-20T15:37:53.212+0000] {logging_mixin.py:149} INFO - [2023-05-20T15:37:53.212+0000] {dagbag.py:541} INFO - Filling up the DagBag from /home/airflow/.local/lib/python3.7/site-packages/airflow/example_dags/example_local_kubernetes_executor.py
[2023-05-20T15:37:53.517+0000] {processor.py:836} INFO - DAG(s) dict_keys(['example_local_kubernetes_executor']) retrieved from /home/airflow/.local/lib/python3.7/site-packages/airflow/example_dags/example_local_kubernetes_executor.py
[2023-05-20T15:37:53.577+0000] {logging_mixin.py:149} INFO - [2023-05-20T15:37:53.576+0000] {dag.py:2726} INFO - Sync 1 DAGs
[2023-05-20T15:37:53.625+0000] {logging_mixin.py:149} INFO - [2023-05-20T15:37:53.625+0000] {dag.py:3490} INFO - Setting next_dagrun for example_local_kubernetes_executor to None, run_after=None
[2023-05-20T15:37:53.667+0000] {processor.py:179} INFO - Processing /home/airflow/.local/lib/python3.7/site-packages/airflow/example_dags/example_local_kubernetes_executor.py took 0.463 seconds
[2023-05-20T15:38:24.683+0000] {processor.py:157} INFO - Started process (PID=2171) to work on /home/airflow/.local/lib/python3.7/site-packages/airflow/example_dags/example_local_kubernetes_executor.py
[2023-05-20T15:38:24.686+0000] {processor.py:826} INFO - Processing file /home/airflow/.local/lib/python3.7/site-packages/airflow/example_dags/example_local_kubernetes_executor.py for tasks to queue
[2023-05-20T15:38:24.688+0000] {logging_mixin.py:149} INFO - [2023-05-20T15:38:24.688+0000] {dagbag.py:541} INFO - Filling up the DagBag from /home/airflow/.local/lib/python3.7/site-packages/airflow/example_dags/example_local_kubernetes_executor.py
[2023-05-20T15:38:24.982+0000] {processor.py:836} INFO - DAG(s) dict_keys(['example_local_kubernetes_executor']) retrieved from /home/airflow/.local/lib/python3.7/site-packages/airflow/example_dags/example_local_kubernetes_executor.py
[2023-05-20T15:38:25.043+0000] {logging_mixin.py:149} INFO - [2023-05-20T15:38:25.042+0000] {dag.py:2726} INFO - Sync 1 DAGs
[2023-05-20T15:38:25.082+0000] {logging_mixin.py:149} INFO - [2023-05-20T15:38:25.082+0000] {dag.py:3490} INFO - Setting next_dagrun for example_local_kubernetes_executor to None, run_after=None
[2023-05-20T15:38:25.120+0000] {processor.py:179} INFO - Processing /home/airflow/.local/lib/python3.7/site-packages/airflow/example_dags/example_local_kubernetes_executor.py took 0.441 seconds
[2023-05-20T15:38:56.109+0000] {processor.py:157} INFO - Started process (PID=2229) to work on /home/airflow/.local/lib/python3.7/site-packages/airflow/example_dags/example_local_kubernetes_executor.py
[2023-05-20T15:38:56.110+0000] {processor.py:826} INFO - Processing file /home/airflow/.local/lib/python3.7/site-packages/airflow/example_dags/example_local_kubernetes_executor.py for tasks to queue
[2023-05-20T15:38:56.112+0000] {logging_mixin.py:149} INFO - [2023-05-20T15:38:56.112+0000] {dagbag.py:541} INFO - Filling up the DagBag from /home/airflow/.local/lib/python3.7/site-packages/airflow/example_dags/example_local_kubernetes_executor.py
[2023-05-20T15:38:56.334+0000] {processor.py:836} INFO - DAG(s) dict_keys(['example_local_kubernetes_executor']) retrieved from /home/airflow/.local/lib/python3.7/site-packages/airflow/example_dags/example_local_kubernetes_executor.py
[2023-05-20T15:38:56.379+0000] {logging_mixin.py:149} INFO - [2023-05-20T15:38:56.379+0000] {dag.py:2726} INFO - Sync 1 DAGs
[2023-05-20T15:38:56.420+0000] {logging_mixin.py:149} INFO - [2023-05-20T15:38:56.420+0000] {dag.py:3490} INFO - Setting next_dagrun for example_local_kubernetes_executor to None, run_after=None
[2023-05-20T15:38:56.443+0000] {processor.py:179} INFO - Processing /home/airflow/.local/lib/python3.7/site-packages/airflow/example_dags/example_local_kubernetes_executor.py took 0.339 seconds
[2023-05-20T15:39:27.394+0000] {processor.py:157} INFO - Started process (PID=2287) to work on /home/airflow/.local/lib/python3.7/site-packages/airflow/example_dags/example_local_kubernetes_executor.py
[2023-05-20T15:39:27.397+0000] {processor.py:826} INFO - Processing file /home/airflow/.local/lib/python3.7/site-packages/airflow/example_dags/example_local_kubernetes_executor.py for tasks to queue
[2023-05-20T15:39:27.399+0000] {logging_mixin.py:149} INFO - [2023-05-20T15:39:27.399+0000] {dagbag.py:541} INFO - Filling up the DagBag from /home/airflow/.local/lib/python3.7/site-packages/airflow/example_dags/example_local_kubernetes_executor.py
[2023-05-20T15:39:27.607+0000] {processor.py:836} INFO - DAG(s) dict_keys(['example_local_kubernetes_executor']) retrieved from /home/airflow/.local/lib/python3.7/site-packages/airflow/example_dags/example_local_kubernetes_executor.py
[2023-05-20T15:39:27.646+0000] {logging_mixin.py:149} INFO - [2023-05-20T15:39:27.646+0000] {dag.py:2726} INFO - Sync 1 DAGs
[2023-05-20T15:39:27.673+0000] {logging_mixin.py:149} INFO - [2023-05-20T15:39:27.673+0000] {dag.py:3490} INFO - Setting next_dagrun for example_local_kubernetes_executor to None, run_after=None
[2023-05-20T15:39:27.696+0000] {processor.py:179} INFO - Processing /home/airflow/.local/lib/python3.7/site-packages/airflow/example_dags/example_local_kubernetes_executor.py took 0.307 seconds
[2023-05-20T15:39:57.861+0000] {processor.py:157} INFO - Started process (PID=2345) to work on /home/airflow/.local/lib/python3.7/site-packages/airflow/example_dags/example_local_kubernetes_executor.py
[2023-05-20T15:39:57.864+0000] {processor.py:826} INFO - Processing file /home/airflow/.local/lib/python3.7/site-packages/airflow/example_dags/example_local_kubernetes_executor.py for tasks to queue
[2023-05-20T15:39:57.866+0000] {logging_mixin.py:149} INFO - [2023-05-20T15:39:57.866+0000] {dagbag.py:541} INFO - Filling up the DagBag from /home/airflow/.local/lib/python3.7/site-packages/airflow/example_dags/example_local_kubernetes_executor.py
[2023-05-20T15:39:58.157+0000] {processor.py:836} INFO - DAG(s) dict_keys(['example_local_kubernetes_executor']) retrieved from /home/airflow/.local/lib/python3.7/site-packages/airflow/example_dags/example_local_kubernetes_executor.py
[2023-05-20T15:39:58.240+0000] {logging_mixin.py:149} INFO - [2023-05-20T15:39:58.240+0000] {dag.py:2726} INFO - Sync 1 DAGs
[2023-05-20T15:39:58.289+0000] {logging_mixin.py:149} INFO - [2023-05-20T15:39:58.289+0000] {dag.py:3490} INFO - Setting next_dagrun for example_local_kubernetes_executor to None, run_after=None
[2023-05-20T15:39:58.324+0000] {processor.py:179} INFO - Processing /home/airflow/.local/lib/python3.7/site-packages/airflow/example_dags/example_local_kubernetes_executor.py took 0.468 seconds
[2023-05-20T15:40:28.771+0000] {processor.py:157} INFO - Started process (PID=2403) to work on /home/airflow/.local/lib/python3.7/site-packages/airflow/example_dags/example_local_kubernetes_executor.py
[2023-05-20T15:40:28.773+0000] {processor.py:826} INFO - Processing file /home/airflow/.local/lib/python3.7/site-packages/airflow/example_dags/example_local_kubernetes_executor.py for tasks to queue
[2023-05-20T15:40:28.774+0000] {logging_mixin.py:149} INFO - [2023-05-20T15:40:28.774+0000] {dagbag.py:541} INFO - Filling up the DagBag from /home/airflow/.local/lib/python3.7/site-packages/airflow/example_dags/example_local_kubernetes_executor.py
[2023-05-20T15:40:29.060+0000] {processor.py:836} INFO - DAG(s) dict_keys(['example_local_kubernetes_executor']) retrieved from /home/airflow/.local/lib/python3.7/site-packages/airflow/example_dags/example_local_kubernetes_executor.py
[2023-05-20T15:40:29.128+0000] {logging_mixin.py:149} INFO - [2023-05-20T15:40:29.128+0000] {dag.py:2726} INFO - Sync 1 DAGs
[2023-05-20T15:40:29.167+0000] {logging_mixin.py:149} INFO - [2023-05-20T15:40:29.167+0000] {dag.py:3490} INFO - Setting next_dagrun for example_local_kubernetes_executor to None, run_after=None
[2023-05-20T15:40:29.199+0000] {processor.py:179} INFO - Processing /home/airflow/.local/lib/python3.7/site-packages/airflow/example_dags/example_local_kubernetes_executor.py took 0.434 seconds
[2023-05-20T15:40:59.264+0000] {processor.py:157} INFO - Started process (PID=2460) to work on /home/airflow/.local/lib/python3.7/site-packages/airflow/example_dags/example_local_kubernetes_executor.py
[2023-05-20T15:40:59.268+0000] {processor.py:826} INFO - Processing file /home/airflow/.local/lib/python3.7/site-packages/airflow/example_dags/example_local_kubernetes_executor.py for tasks to queue
[2023-05-20T15:40:59.270+0000] {logging_mixin.py:149} INFO - [2023-05-20T15:40:59.270+0000] {dagbag.py:541} INFO - Filling up the DagBag from /home/airflow/.local/lib/python3.7/site-packages/airflow/example_dags/example_local_kubernetes_executor.py
[2023-05-20T15:40:59.507+0000] {processor.py:836} INFO - DAG(s) dict_keys(['example_local_kubernetes_executor']) retrieved from /home/airflow/.local/lib/python3.7/site-packages/airflow/example_dags/example_local_kubernetes_executor.py
[2023-05-20T15:40:59.559+0000] {logging_mixin.py:149} INFO - [2023-05-20T15:40:59.559+0000] {dag.py:2726} INFO - Sync 1 DAGs
[2023-05-20T15:40:59.595+0000] {logging_mixin.py:149} INFO - [2023-05-20T15:40:59.595+0000] {dag.py:3490} INFO - Setting next_dagrun for example_local_kubernetes_executor to None, run_after=None
[2023-05-20T15:40:59.641+0000] {processor.py:179} INFO - Processing /home/airflow/.local/lib/python3.7/site-packages/airflow/example_dags/example_local_kubernetes_executor.py took 0.381 seconds
[2023-05-20T15:41:30.349+0000] {processor.py:157} INFO - Started process (PID=2519) to work on /home/airflow/.local/lib/python3.7/site-packages/airflow/example_dags/example_local_kubernetes_executor.py
[2023-05-20T15:41:30.350+0000] {processor.py:826} INFO - Processing file /home/airflow/.local/lib/python3.7/site-packages/airflow/example_dags/example_local_kubernetes_executor.py for tasks to queue
[2023-05-20T15:41:30.352+0000] {logging_mixin.py:149} INFO - [2023-05-20T15:41:30.351+0000] {dagbag.py:541} INFO - Filling up the DagBag from /home/airflow/.local/lib/python3.7/site-packages/airflow/example_dags/example_local_kubernetes_executor.py
[2023-05-20T15:41:30.556+0000] {processor.py:836} INFO - DAG(s) dict_keys(['example_local_kubernetes_executor']) retrieved from /home/airflow/.local/lib/python3.7/site-packages/airflow/example_dags/example_local_kubernetes_executor.py
[2023-05-20T15:41:30.594+0000] {logging_mixin.py:149} INFO - [2023-05-20T15:41:30.593+0000] {dag.py:2726} INFO - Sync 1 DAGs
[2023-05-20T15:41:30.644+0000] {logging_mixin.py:149} INFO - [2023-05-20T15:41:30.644+0000] {dag.py:3490} INFO - Setting next_dagrun for example_local_kubernetes_executor to None, run_after=None
[2023-05-20T15:41:30.666+0000] {processor.py:179} INFO - Processing /home/airflow/.local/lib/python3.7/site-packages/airflow/example_dags/example_local_kubernetes_executor.py took 0.321 seconds
[2023-05-20T15:42:00.806+0000] {processor.py:157} INFO - Started process (PID=2577) to work on /home/airflow/.local/lib/python3.7/site-packages/airflow/example_dags/example_local_kubernetes_executor.py
[2023-05-20T15:42:00.807+0000] {processor.py:826} INFO - Processing file /home/airflow/.local/lib/python3.7/site-packages/airflow/example_dags/example_local_kubernetes_executor.py for tasks to queue
[2023-05-20T15:42:00.809+0000] {logging_mixin.py:149} INFO - [2023-05-20T15:42:00.809+0000] {dagbag.py:541} INFO - Filling up the DagBag from /home/airflow/.local/lib/python3.7/site-packages/airflow/example_dags/example_local_kubernetes_executor.py
[2023-05-20T15:42:01.007+0000] {processor.py:836} INFO - DAG(s) dict_keys(['example_local_kubernetes_executor']) retrieved from /home/airflow/.local/lib/python3.7/site-packages/airflow/example_dags/example_local_kubernetes_executor.py
[2023-05-20T15:42:01.046+0000] {logging_mixin.py:149} INFO - [2023-05-20T15:42:01.046+0000] {dag.py:2726} INFO - Sync 1 DAGs
[2023-05-20T15:42:01.073+0000] {logging_mixin.py:149} INFO - [2023-05-20T15:42:01.072+0000] {dag.py:3490} INFO - Setting next_dagrun for example_local_kubernetes_executor to None, run_after=None
[2023-05-20T15:42:01.094+0000] {processor.py:179} INFO - Processing /home/airflow/.local/lib/python3.7/site-packages/airflow/example_dags/example_local_kubernetes_executor.py took 0.292 seconds
[2023-05-20T15:42:31.188+0000] {processor.py:157} INFO - Started process (PID=2635) to work on /home/airflow/.local/lib/python3.7/site-packages/airflow/example_dags/example_local_kubernetes_executor.py
[2023-05-20T15:42:31.190+0000] {processor.py:826} INFO - Processing file /home/airflow/.local/lib/python3.7/site-packages/airflow/example_dags/example_local_kubernetes_executor.py for tasks to queue
[2023-05-20T15:42:31.192+0000] {logging_mixin.py:149} INFO - [2023-05-20T15:42:31.192+0000] {dagbag.py:541} INFO - Filling up the DagBag from /home/airflow/.local/lib/python3.7/site-packages/airflow/example_dags/example_local_kubernetes_executor.py
[2023-05-20T15:42:31.390+0000] {processor.py:836} INFO - DAG(s) dict_keys(['example_local_kubernetes_executor']) retrieved from /home/airflow/.local/lib/python3.7/site-packages/airflow/example_dags/example_local_kubernetes_executor.py
[2023-05-20T15:42:31.428+0000] {logging_mixin.py:149} INFO - [2023-05-20T15:42:31.428+0000] {dag.py:2726} INFO - Sync 1 DAGs
[2023-05-20T15:42:31.457+0000] {logging_mixin.py:149} INFO - [2023-05-20T15:42:31.457+0000] {dag.py:3490} INFO - Setting next_dagrun for example_local_kubernetes_executor to None, run_after=None
[2023-05-20T15:42:31.482+0000] {processor.py:179} INFO - Processing /home/airflow/.local/lib/python3.7/site-packages/airflow/example_dags/example_local_kubernetes_executor.py took 0.298 seconds
[2023-05-20T15:43:01.619+0000] {processor.py:157} INFO - Started process (PID=2693) to work on /home/airflow/.local/lib/python3.7/site-packages/airflow/example_dags/example_local_kubernetes_executor.py
[2023-05-20T15:43:01.621+0000] {processor.py:826} INFO - Processing file /home/airflow/.local/lib/python3.7/site-packages/airflow/example_dags/example_local_kubernetes_executor.py for tasks to queue
[2023-05-20T15:43:01.623+0000] {logging_mixin.py:149} INFO - [2023-05-20T15:43:01.622+0000] {dagbag.py:541} INFO - Filling up the DagBag from /home/airflow/.local/lib/python3.7/site-packages/airflow/example_dags/example_local_kubernetes_executor.py
[2023-05-20T15:43:01.830+0000] {processor.py:836} INFO - DAG(s) dict_keys(['example_local_kubernetes_executor']) retrieved from /home/airflow/.local/lib/python3.7/site-packages/airflow/example_dags/example_local_kubernetes_executor.py
[2023-05-20T15:43:01.868+0000] {logging_mixin.py:149} INFO - [2023-05-20T15:43:01.868+0000] {dag.py:2726} INFO - Sync 1 DAGs
[2023-05-20T15:43:01.895+0000] {logging_mixin.py:149} INFO - [2023-05-20T15:43:01.895+0000] {dag.py:3490} INFO - Setting next_dagrun for example_local_kubernetes_executor to None, run_after=None
[2023-05-20T15:43:01.919+0000] {processor.py:179} INFO - Processing /home/airflow/.local/lib/python3.7/site-packages/airflow/example_dags/example_local_kubernetes_executor.py took 0.304 seconds
[2023-05-20T15:43:32.920+0000] {processor.py:157} INFO - Started process (PID=2751) to work on /home/airflow/.local/lib/python3.7/site-packages/airflow/example_dags/example_local_kubernetes_executor.py
[2023-05-20T15:43:32.921+0000] {processor.py:826} INFO - Processing file /home/airflow/.local/lib/python3.7/site-packages/airflow/example_dags/example_local_kubernetes_executor.py for tasks to queue
[2023-05-20T15:43:32.923+0000] {logging_mixin.py:149} INFO - [2023-05-20T15:43:32.923+0000] {dagbag.py:541} INFO - Filling up the DagBag from /home/airflow/.local/lib/python3.7/site-packages/airflow/example_dags/example_local_kubernetes_executor.py
[2023-05-20T15:43:33.155+0000] {processor.py:836} INFO - DAG(s) dict_keys(['example_local_kubernetes_executor']) retrieved from /home/airflow/.local/lib/python3.7/site-packages/airflow/example_dags/example_local_kubernetes_executor.py
[2023-05-20T15:43:33.201+0000] {logging_mixin.py:149} INFO - [2023-05-20T15:43:33.201+0000] {dag.py:2726} INFO - Sync 1 DAGs
[2023-05-20T15:43:33.239+0000] {logging_mixin.py:149} INFO - [2023-05-20T15:43:33.239+0000] {dag.py:3490} INFO - Setting next_dagrun for example_local_kubernetes_executor to None, run_after=None
[2023-05-20T15:43:33.267+0000] {processor.py:179} INFO - Processing /home/airflow/.local/lib/python3.7/site-packages/airflow/example_dags/example_local_kubernetes_executor.py took 0.351 seconds
[2023-05-20T15:44:04.154+0000] {processor.py:157} INFO - Started process (PID=2809) to work on /home/airflow/.local/lib/python3.7/site-packages/airflow/example_dags/example_local_kubernetes_executor.py
[2023-05-20T15:44:04.155+0000] {processor.py:826} INFO - Processing file /home/airflow/.local/lib/python3.7/site-packages/airflow/example_dags/example_local_kubernetes_executor.py for tasks to queue
[2023-05-20T15:44:04.157+0000] {logging_mixin.py:149} INFO - [2023-05-20T15:44:04.157+0000] {dagbag.py:541} INFO - Filling up the DagBag from /home/airflow/.local/lib/python3.7/site-packages/airflow/example_dags/example_local_kubernetes_executor.py
[2023-05-20T15:44:04.371+0000] {processor.py:836} INFO - DAG(s) dict_keys(['example_local_kubernetes_executor']) retrieved from /home/airflow/.local/lib/python3.7/site-packages/airflow/example_dags/example_local_kubernetes_executor.py
[2023-05-20T15:44:04.414+0000] {logging_mixin.py:149} INFO - [2023-05-20T15:44:04.414+0000] {dag.py:2726} INFO - Sync 1 DAGs
[2023-05-20T15:44:04.446+0000] {logging_mixin.py:149} INFO - [2023-05-20T15:44:04.445+0000] {dag.py:3490} INFO - Setting next_dagrun for example_local_kubernetes_executor to None, run_after=None
[2023-05-20T15:44:04.474+0000] {processor.py:179} INFO - Processing /home/airflow/.local/lib/python3.7/site-packages/airflow/example_dags/example_local_kubernetes_executor.py took 0.324 seconds
[2023-05-20T15:44:34.663+0000] {processor.py:157} INFO - Started process (PID=2867) to work on /home/airflow/.local/lib/python3.7/site-packages/airflow/example_dags/example_local_kubernetes_executor.py
[2023-05-20T15:44:34.665+0000] {processor.py:826} INFO - Processing file /home/airflow/.local/lib/python3.7/site-packages/airflow/example_dags/example_local_kubernetes_executor.py for tasks to queue
[2023-05-20T15:44:34.666+0000] {logging_mixin.py:149} INFO - [2023-05-20T15:44:34.666+0000] {dagbag.py:541} INFO - Filling up the DagBag from /home/airflow/.local/lib/python3.7/site-packages/airflow/example_dags/example_local_kubernetes_executor.py
[2023-05-20T15:44:34.882+0000] {processor.py:836} INFO - DAG(s) dict_keys(['example_local_kubernetes_executor']) retrieved from /home/airflow/.local/lib/python3.7/site-packages/airflow/example_dags/example_local_kubernetes_executor.py
[2023-05-20T15:44:34.926+0000] {logging_mixin.py:149} INFO - [2023-05-20T15:44:34.925+0000] {dag.py:2726} INFO - Sync 1 DAGs
[2023-05-20T15:44:34.958+0000] {logging_mixin.py:149} INFO - [2023-05-20T15:44:34.957+0000] {dag.py:3490} INFO - Setting next_dagrun for example_local_kubernetes_executor to None, run_after=None
[2023-05-20T15:44:34.982+0000] {processor.py:179} INFO - Processing /home/airflow/.local/lib/python3.7/site-packages/airflow/example_dags/example_local_kubernetes_executor.py took 0.323 seconds
[2023-05-20T15:45:05.264+0000] {processor.py:157} INFO - Started process (PID=2925) to work on /home/airflow/.local/lib/python3.7/site-packages/airflow/example_dags/example_local_kubernetes_executor.py
[2023-05-20T15:45:05.266+0000] {processor.py:826} INFO - Processing file /home/airflow/.local/lib/python3.7/site-packages/airflow/example_dags/example_local_kubernetes_executor.py for tasks to queue
[2023-05-20T15:45:05.268+0000] {logging_mixin.py:149} INFO - [2023-05-20T15:45:05.267+0000] {dagbag.py:541} INFO - Filling up the DagBag from /home/airflow/.local/lib/python3.7/site-packages/airflow/example_dags/example_local_kubernetes_executor.py
[2023-05-20T15:45:05.528+0000] {processor.py:836} INFO - DAG(s) dict_keys(['example_local_kubernetes_executor']) retrieved from /home/airflow/.local/lib/python3.7/site-packages/airflow/example_dags/example_local_kubernetes_executor.py
[2023-05-20T15:45:05.571+0000] {logging_mixin.py:149} INFO - [2023-05-20T15:45:05.571+0000] {dag.py:2726} INFO - Sync 1 DAGs
[2023-05-20T15:45:05.604+0000] {logging_mixin.py:149} INFO - [2023-05-20T15:45:05.604+0000] {dag.py:3490} INFO - Setting next_dagrun for example_local_kubernetes_executor to None, run_after=None
[2023-05-20T15:45:05.640+0000] {processor.py:179} INFO - Processing /home/airflow/.local/lib/python3.7/site-packages/airflow/example_dags/example_local_kubernetes_executor.py took 0.380 seconds
[2023-05-20T15:45:35.900+0000] {processor.py:157} INFO - Started process (PID=2983) to work on /home/airflow/.local/lib/python3.7/site-packages/airflow/example_dags/example_local_kubernetes_executor.py
[2023-05-20T15:45:35.903+0000] {processor.py:826} INFO - Processing file /home/airflow/.local/lib/python3.7/site-packages/airflow/example_dags/example_local_kubernetes_executor.py for tasks to queue
[2023-05-20T15:45:35.905+0000] {logging_mixin.py:149} INFO - [2023-05-20T15:45:35.905+0000] {dagbag.py:541} INFO - Filling up the DagBag from /home/airflow/.local/lib/python3.7/site-packages/airflow/example_dags/example_local_kubernetes_executor.py
[2023-05-20T15:45:36.183+0000] {processor.py:836} INFO - DAG(s) dict_keys(['example_local_kubernetes_executor']) retrieved from /home/airflow/.local/lib/python3.7/site-packages/airflow/example_dags/example_local_kubernetes_executor.py
[2023-05-20T15:45:36.236+0000] {logging_mixin.py:149} INFO - [2023-05-20T15:45:36.236+0000] {dag.py:2726} INFO - Sync 1 DAGs
[2023-05-20T15:45:36.272+0000] {logging_mixin.py:149} INFO - [2023-05-20T15:45:36.272+0000] {dag.py:3490} INFO - Setting next_dagrun for example_local_kubernetes_executor to None, run_after=None
[2023-05-20T15:45:36.298+0000] {processor.py:179} INFO - Processing /home/airflow/.local/lib/python3.7/site-packages/airflow/example_dags/example_local_kubernetes_executor.py took 0.401 seconds
[2023-05-20T15:46:06.712+0000] {processor.py:157} INFO - Started process (PID=3041) to work on /home/airflow/.local/lib/python3.7/site-packages/airflow/example_dags/example_local_kubernetes_executor.py
[2023-05-20T15:46:06.715+0000] {processor.py:826} INFO - Processing file /home/airflow/.local/lib/python3.7/site-packages/airflow/example_dags/example_local_kubernetes_executor.py for tasks to queue
[2023-05-20T15:46:06.718+0000] {logging_mixin.py:149} INFO - [2023-05-20T15:46:06.717+0000] {dagbag.py:541} INFO - Filling up the DagBag from /home/airflow/.local/lib/python3.7/site-packages/airflow/example_dags/example_local_kubernetes_executor.py
[2023-05-20T15:46:07.003+0000] {processor.py:836} INFO - DAG(s) dict_keys(['example_local_kubernetes_executor']) retrieved from /home/airflow/.local/lib/python3.7/site-packages/airflow/example_dags/example_local_kubernetes_executor.py
[2023-05-20T15:46:07.061+0000] {logging_mixin.py:149} INFO - [2023-05-20T15:46:07.061+0000] {dag.py:2726} INFO - Sync 1 DAGs
[2023-05-20T15:46:07.097+0000] {logging_mixin.py:149} INFO - [2023-05-20T15:46:07.097+0000] {dag.py:3490} INFO - Setting next_dagrun for example_local_kubernetes_executor to None, run_after=None
[2023-05-20T15:46:07.126+0000] {processor.py:179} INFO - Processing /home/airflow/.local/lib/python3.7/site-packages/airflow/example_dags/example_local_kubernetes_executor.py took 0.421 seconds
[2023-05-20T15:46:37.459+0000] {processor.py:157} INFO - Started process (PID=3099) to work on /home/airflow/.local/lib/python3.7/site-packages/airflow/example_dags/example_local_kubernetes_executor.py
[2023-05-20T15:46:37.462+0000] {processor.py:826} INFO - Processing file /home/airflow/.local/lib/python3.7/site-packages/airflow/example_dags/example_local_kubernetes_executor.py for tasks to queue
[2023-05-20T15:46:37.464+0000] {logging_mixin.py:149} INFO - [2023-05-20T15:46:37.464+0000] {dagbag.py:541} INFO - Filling up the DagBag from /home/airflow/.local/lib/python3.7/site-packages/airflow/example_dags/example_local_kubernetes_executor.py
[2023-05-20T15:46:37.724+0000] {processor.py:836} INFO - DAG(s) dict_keys(['example_local_kubernetes_executor']) retrieved from /home/airflow/.local/lib/python3.7/site-packages/airflow/example_dags/example_local_kubernetes_executor.py
[2023-05-20T15:46:37.767+0000] {logging_mixin.py:149} INFO - [2023-05-20T15:46:37.767+0000] {dag.py:2726} INFO - Sync 1 DAGs
[2023-05-20T15:46:37.799+0000] {logging_mixin.py:149} INFO - [2023-05-20T15:46:37.798+0000] {dag.py:3490} INFO - Setting next_dagrun for example_local_kubernetes_executor to None, run_after=None
[2023-05-20T15:46:37.827+0000] {processor.py:179} INFO - Processing /home/airflow/.local/lib/python3.7/site-packages/airflow/example_dags/example_local_kubernetes_executor.py took 0.373 seconds
[2023-05-20T15:47:08.101+0000] {processor.py:157} INFO - Started process (PID=3157) to work on /home/airflow/.local/lib/python3.7/site-packages/airflow/example_dags/example_local_kubernetes_executor.py
[2023-05-20T15:47:08.103+0000] {processor.py:826} INFO - Processing file /home/airflow/.local/lib/python3.7/site-packages/airflow/example_dags/example_local_kubernetes_executor.py for tasks to queue
[2023-05-20T15:47:08.104+0000] {logging_mixin.py:149} INFO - [2023-05-20T15:47:08.104+0000] {dagbag.py:541} INFO - Filling up the DagBag from /home/airflow/.local/lib/python3.7/site-packages/airflow/example_dags/example_local_kubernetes_executor.py
[2023-05-20T15:47:08.354+0000] {processor.py:836} INFO - DAG(s) dict_keys(['example_local_kubernetes_executor']) retrieved from /home/airflow/.local/lib/python3.7/site-packages/airflow/example_dags/example_local_kubernetes_executor.py
[2023-05-20T15:47:08.410+0000] {logging_mixin.py:149} INFO - [2023-05-20T15:47:08.410+0000] {dag.py:2726} INFO - Sync 1 DAGs
[2023-05-20T15:47:08.449+0000] {logging_mixin.py:149} INFO - [2023-05-20T15:47:08.449+0000] {dag.py:3490} INFO - Setting next_dagrun for example_local_kubernetes_executor to None, run_after=None
[2023-05-20T15:47:08.482+0000] {processor.py:179} INFO - Processing /home/airflow/.local/lib/python3.7/site-packages/airflow/example_dags/example_local_kubernetes_executor.py took 0.384 seconds
[2023-05-20T15:47:39.380+0000] {processor.py:157} INFO - Started process (PID=3222) to work on /home/airflow/.local/lib/python3.7/site-packages/airflow/example_dags/example_local_kubernetes_executor.py
[2023-05-20T15:47:39.383+0000] {processor.py:826} INFO - Processing file /home/airflow/.local/lib/python3.7/site-packages/airflow/example_dags/example_local_kubernetes_executor.py for tasks to queue
[2023-05-20T15:47:39.409+0000] {logging_mixin.py:149} INFO - [2023-05-20T15:47:39.409+0000] {dagbag.py:541} INFO - Filling up the DagBag from /home/airflow/.local/lib/python3.7/site-packages/airflow/example_dags/example_local_kubernetes_executor.py
[2023-05-20T15:47:39.665+0000] {processor.py:836} INFO - DAG(s) dict_keys(['example_local_kubernetes_executor']) retrieved from /home/airflow/.local/lib/python3.7/site-packages/airflow/example_dags/example_local_kubernetes_executor.py
[2023-05-20T15:47:39.710+0000] {logging_mixin.py:149} INFO - [2023-05-20T15:47:39.710+0000] {dag.py:2726} INFO - Sync 1 DAGs
[2023-05-20T15:47:39.748+0000] {logging_mixin.py:149} INFO - [2023-05-20T15:47:39.747+0000] {dag.py:3490} INFO - Setting next_dagrun for example_local_kubernetes_executor to None, run_after=None
[2023-05-20T15:47:39.783+0000] {processor.py:179} INFO - Processing /home/airflow/.local/lib/python3.7/site-packages/airflow/example_dags/example_local_kubernetes_executor.py took 0.408 seconds
[2023-05-20T15:48:10.768+0000] {processor.py:157} INFO - Started process (PID=3281) to work on /home/airflow/.local/lib/python3.7/site-packages/airflow/example_dags/example_local_kubernetes_executor.py
[2023-05-20T15:48:10.772+0000] {processor.py:826} INFO - Processing file /home/airflow/.local/lib/python3.7/site-packages/airflow/example_dags/example_local_kubernetes_executor.py for tasks to queue
[2023-05-20T15:48:10.775+0000] {logging_mixin.py:149} INFO - [2023-05-20T15:48:10.775+0000] {dagbag.py:541} INFO - Filling up the DagBag from /home/airflow/.local/lib/python3.7/site-packages/airflow/example_dags/example_local_kubernetes_executor.py
[2023-05-20T15:48:11.334+0000] {processor.py:836} INFO - DAG(s) dict_keys(['example_local_kubernetes_executor']) retrieved from /home/airflow/.local/lib/python3.7/site-packages/airflow/example_dags/example_local_kubernetes_executor.py
[2023-05-20T15:48:11.477+0000] {logging_mixin.py:149} INFO - [2023-05-20T15:48:11.476+0000] {dag.py:2726} INFO - Sync 1 DAGs
[2023-05-20T15:48:11.586+0000] {logging_mixin.py:149} INFO - [2023-05-20T15:48:11.584+0000] {dag.py:3490} INFO - Setting next_dagrun for example_local_kubernetes_executor to None, run_after=None
[2023-05-20T15:48:12.038+0000] {processor.py:179} INFO - Processing /home/airflow/.local/lib/python3.7/site-packages/airflow/example_dags/example_local_kubernetes_executor.py took 1.277 seconds
[2023-05-20T15:48:42.834+0000] {processor.py:157} INFO - Started process (PID=3341) to work on /home/airflow/.local/lib/python3.7/site-packages/airflow/example_dags/example_local_kubernetes_executor.py
[2023-05-20T15:48:42.837+0000] {processor.py:826} INFO - Processing file /home/airflow/.local/lib/python3.7/site-packages/airflow/example_dags/example_local_kubernetes_executor.py for tasks to queue
[2023-05-20T15:48:42.839+0000] {logging_mixin.py:149} INFO - [2023-05-20T15:48:42.839+0000] {dagbag.py:541} INFO - Filling up the DagBag from /home/airflow/.local/lib/python3.7/site-packages/airflow/example_dags/example_local_kubernetes_executor.py
[2023-05-20T15:48:43.202+0000] {processor.py:836} INFO - DAG(s) dict_keys(['example_local_kubernetes_executor']) retrieved from /home/airflow/.local/lib/python3.7/site-packages/airflow/example_dags/example_local_kubernetes_executor.py
[2023-05-20T15:48:43.273+0000] {logging_mixin.py:149} INFO - [2023-05-20T15:48:43.273+0000] {dag.py:2726} INFO - Sync 1 DAGs
[2023-05-20T15:48:43.321+0000] {logging_mixin.py:149} INFO - [2023-05-20T15:48:43.321+0000] {dag.py:3490} INFO - Setting next_dagrun for example_local_kubernetes_executor to None, run_after=None
[2023-05-20T15:48:43.363+0000] {processor.py:179} INFO - Processing /home/airflow/.local/lib/python3.7/site-packages/airflow/example_dags/example_local_kubernetes_executor.py took 0.534 seconds
[2023-05-20T15:49:14.169+0000] {processor.py:157} INFO - Started process (PID=3399) to work on /home/airflow/.local/lib/python3.7/site-packages/airflow/example_dags/example_local_kubernetes_executor.py
[2023-05-20T15:49:14.171+0000] {processor.py:826} INFO - Processing file /home/airflow/.local/lib/python3.7/site-packages/airflow/example_dags/example_local_kubernetes_executor.py for tasks to queue
[2023-05-20T15:49:14.172+0000] {logging_mixin.py:149} INFO - [2023-05-20T15:49:14.172+0000] {dagbag.py:541} INFO - Filling up the DagBag from /home/airflow/.local/lib/python3.7/site-packages/airflow/example_dags/example_local_kubernetes_executor.py
[2023-05-20T15:49:14.369+0000] {processor.py:836} INFO - DAG(s) dict_keys(['example_local_kubernetes_executor']) retrieved from /home/airflow/.local/lib/python3.7/site-packages/airflow/example_dags/example_local_kubernetes_executor.py
[2023-05-20T15:49:14.406+0000] {logging_mixin.py:149} INFO - [2023-05-20T15:49:14.406+0000] {dag.py:2726} INFO - Sync 1 DAGs
[2023-05-20T15:49:14.435+0000] {logging_mixin.py:149} INFO - [2023-05-20T15:49:14.434+0000] {dag.py:3490} INFO - Setting next_dagrun for example_local_kubernetes_executor to None, run_after=None
[2023-05-20T15:49:14.454+0000] {processor.py:179} INFO - Processing /home/airflow/.local/lib/python3.7/site-packages/airflow/example_dags/example_local_kubernetes_executor.py took 0.290 seconds
[2023-05-20T15:49:44.978+0000] {processor.py:157} INFO - Started process (PID=3457) to work on /home/airflow/.local/lib/python3.7/site-packages/airflow/example_dags/example_local_kubernetes_executor.py
[2023-05-20T15:49:44.980+0000] {processor.py:826} INFO - Processing file /home/airflow/.local/lib/python3.7/site-packages/airflow/example_dags/example_local_kubernetes_executor.py for tasks to queue
[2023-05-20T15:49:44.981+0000] {logging_mixin.py:149} INFO - [2023-05-20T15:49:44.981+0000] {dagbag.py:541} INFO - Filling up the DagBag from /home/airflow/.local/lib/python3.7/site-packages/airflow/example_dags/example_local_kubernetes_executor.py
[2023-05-20T15:49:45.217+0000] {processor.py:836} INFO - DAG(s) dict_keys(['example_local_kubernetes_executor']) retrieved from /home/airflow/.local/lib/python3.7/site-packages/airflow/example_dags/example_local_kubernetes_executor.py
[2023-05-20T15:49:45.256+0000] {logging_mixin.py:149} INFO - [2023-05-20T15:49:45.256+0000] {dag.py:2726} INFO - Sync 1 DAGs
[2023-05-20T15:49:45.283+0000] {logging_mixin.py:149} INFO - [2023-05-20T15:49:45.283+0000] {dag.py:3490} INFO - Setting next_dagrun for example_local_kubernetes_executor to None, run_after=None
[2023-05-20T15:49:45.417+0000] {processor.py:179} INFO - Processing /home/airflow/.local/lib/python3.7/site-packages/airflow/example_dags/example_local_kubernetes_executor.py took 0.444 seconds
[2023-05-20T16:08:49.444+0000] {processor.py:157} INFO - Started process (PID=66) to work on /home/airflow/.local/lib/python3.7/site-packages/airflow/example_dags/example_local_kubernetes_executor.py
[2023-05-20T16:08:49.447+0000] {processor.py:826} INFO - Processing file /home/airflow/.local/lib/python3.7/site-packages/airflow/example_dags/example_local_kubernetes_executor.py for tasks to queue
[2023-05-20T16:08:49.449+0000] {logging_mixin.py:149} INFO - [2023-05-20T16:08:49.449+0000] {dagbag.py:541} INFO - Filling up the DagBag from /home/airflow/.local/lib/python3.7/site-packages/airflow/example_dags/example_local_kubernetes_executor.py
[2023-05-20T16:08:49.770+0000] {processor.py:836} INFO - DAG(s) dict_keys(['example_local_kubernetes_executor']) retrieved from /home/airflow/.local/lib/python3.7/site-packages/airflow/example_dags/example_local_kubernetes_executor.py
[2023-05-20T16:08:49.788+0000] {logging_mixin.py:149} INFO - [2023-05-20T16:08:49.788+0000] {dag.py:2726} INFO - Sync 1 DAGs
[2023-05-20T16:08:49.828+0000] {logging_mixin.py:149} INFO - [2023-05-20T16:08:49.828+0000] {dag.py:3490} INFO - Setting next_dagrun for example_local_kubernetes_executor to None, run_after=None
[2023-05-20T16:08:49.855+0000] {processor.py:179} INFO - Processing /home/airflow/.local/lib/python3.7/site-packages/airflow/example_dags/example_local_kubernetes_executor.py took 0.418 seconds
[2023-05-20T16:09:20.530+0000] {processor.py:157} INFO - Started process (PID=124) to work on /home/airflow/.local/lib/python3.7/site-packages/airflow/example_dags/example_local_kubernetes_executor.py
[2023-05-20T16:09:20.532+0000] {processor.py:826} INFO - Processing file /home/airflow/.local/lib/python3.7/site-packages/airflow/example_dags/example_local_kubernetes_executor.py for tasks to queue
[2023-05-20T16:09:20.533+0000] {logging_mixin.py:149} INFO - [2023-05-20T16:09:20.533+0000] {dagbag.py:541} INFO - Filling up the DagBag from /home/airflow/.local/lib/python3.7/site-packages/airflow/example_dags/example_local_kubernetes_executor.py
[2023-05-20T16:09:20.748+0000] {processor.py:836} INFO - DAG(s) dict_keys(['example_local_kubernetes_executor']) retrieved from /home/airflow/.local/lib/python3.7/site-packages/airflow/example_dags/example_local_kubernetes_executor.py
[2023-05-20T16:09:20.799+0000] {logging_mixin.py:149} INFO - [2023-05-20T16:09:20.799+0000] {dag.py:2726} INFO - Sync 1 DAGs
[2023-05-20T16:09:20.831+0000] {logging_mixin.py:149} INFO - [2023-05-20T16:09:20.831+0000] {dag.py:3490} INFO - Setting next_dagrun for example_local_kubernetes_executor to None, run_after=None
[2023-05-20T16:09:20.857+0000] {processor.py:179} INFO - Processing /home/airflow/.local/lib/python3.7/site-packages/airflow/example_dags/example_local_kubernetes_executor.py took 0.332 seconds
[2023-05-20T16:09:50.930+0000] {processor.py:157} INFO - Started process (PID=182) to work on /home/airflow/.local/lib/python3.7/site-packages/airflow/example_dags/example_local_kubernetes_executor.py
[2023-05-20T16:09:50.934+0000] {processor.py:826} INFO - Processing file /home/airflow/.local/lib/python3.7/site-packages/airflow/example_dags/example_local_kubernetes_executor.py for tasks to queue
[2023-05-20T16:09:50.936+0000] {logging_mixin.py:149} INFO - [2023-05-20T16:09:50.936+0000] {dagbag.py:541} INFO - Filling up the DagBag from /home/airflow/.local/lib/python3.7/site-packages/airflow/example_dags/example_local_kubernetes_executor.py
[2023-05-20T16:09:51.316+0000] {processor.py:836} INFO - DAG(s) dict_keys(['example_local_kubernetes_executor']) retrieved from /home/airflow/.local/lib/python3.7/site-packages/airflow/example_dags/example_local_kubernetes_executor.py
[2023-05-20T16:09:51.392+0000] {logging_mixin.py:149} INFO - [2023-05-20T16:09:51.392+0000] {dag.py:2726} INFO - Sync 1 DAGs
[2023-05-20T16:09:51.463+0000] {logging_mixin.py:149} INFO - [2023-05-20T16:09:51.462+0000] {dag.py:3490} INFO - Setting next_dagrun for example_local_kubernetes_executor to None, run_after=None
[2023-05-20T16:09:51.519+0000] {processor.py:179} INFO - Processing /home/airflow/.local/lib/python3.7/site-packages/airflow/example_dags/example_local_kubernetes_executor.py took 0.599 seconds
[2023-05-20T16:10:22.280+0000] {processor.py:157} INFO - Started process (PID=240) to work on /home/airflow/.local/lib/python3.7/site-packages/airflow/example_dags/example_local_kubernetes_executor.py
[2023-05-20T16:10:22.282+0000] {processor.py:826} INFO - Processing file /home/airflow/.local/lib/python3.7/site-packages/airflow/example_dags/example_local_kubernetes_executor.py for tasks to queue
[2023-05-20T16:10:22.286+0000] {logging_mixin.py:149} INFO - [2023-05-20T16:10:22.286+0000] {dagbag.py:541} INFO - Filling up the DagBag from /home/airflow/.local/lib/python3.7/site-packages/airflow/example_dags/example_local_kubernetes_executor.py
[2023-05-20T16:10:22.684+0000] {processor.py:836} INFO - DAG(s) dict_keys(['example_local_kubernetes_executor']) retrieved from /home/airflow/.local/lib/python3.7/site-packages/airflow/example_dags/example_local_kubernetes_executor.py
[2023-05-20T16:10:22.769+0000] {logging_mixin.py:149} INFO - [2023-05-20T16:10:22.768+0000] {dag.py:2726} INFO - Sync 1 DAGs
[2023-05-20T16:10:22.831+0000] {logging_mixin.py:149} INFO - [2023-05-20T16:10:22.831+0000] {dag.py:3490} INFO - Setting next_dagrun for example_local_kubernetes_executor to None, run_after=None
[2023-05-20T16:10:22.876+0000] {processor.py:179} INFO - Processing /home/airflow/.local/lib/python3.7/site-packages/airflow/example_dags/example_local_kubernetes_executor.py took 0.603 seconds
[2023-05-20T16:10:53.498+0000] {processor.py:157} INFO - Started process (PID=298) to work on /home/airflow/.local/lib/python3.7/site-packages/airflow/example_dags/example_local_kubernetes_executor.py
[2023-05-20T16:10:53.500+0000] {processor.py:826} INFO - Processing file /home/airflow/.local/lib/python3.7/site-packages/airflow/example_dags/example_local_kubernetes_executor.py for tasks to queue
[2023-05-20T16:10:53.502+0000] {logging_mixin.py:149} INFO - [2023-05-20T16:10:53.502+0000] {dagbag.py:541} INFO - Filling up the DagBag from /home/airflow/.local/lib/python3.7/site-packages/airflow/example_dags/example_local_kubernetes_executor.py
[2023-05-20T16:10:53.777+0000] {processor.py:836} INFO - DAG(s) dict_keys(['example_local_kubernetes_executor']) retrieved from /home/airflow/.local/lib/python3.7/site-packages/airflow/example_dags/example_local_kubernetes_executor.py
[2023-05-20T16:10:53.832+0000] {logging_mixin.py:149} INFO - [2023-05-20T16:10:53.832+0000] {dag.py:2726} INFO - Sync 1 DAGs
[2023-05-20T16:10:53.883+0000] {logging_mixin.py:149} INFO - [2023-05-20T16:10:53.883+0000] {dag.py:3490} INFO - Setting next_dagrun for example_local_kubernetes_executor to None, run_after=None
[2023-05-20T16:10:53.918+0000] {processor.py:179} INFO - Processing /home/airflow/.local/lib/python3.7/site-packages/airflow/example_dags/example_local_kubernetes_executor.py took 0.425 seconds
[2023-05-20T16:11:24.950+0000] {processor.py:157} INFO - Started process (PID=356) to work on /home/airflow/.local/lib/python3.7/site-packages/airflow/example_dags/example_local_kubernetes_executor.py
[2023-05-20T16:11:24.954+0000] {processor.py:826} INFO - Processing file /home/airflow/.local/lib/python3.7/site-packages/airflow/example_dags/example_local_kubernetes_executor.py for tasks to queue
[2023-05-20T16:11:24.957+0000] {logging_mixin.py:149} INFO - [2023-05-20T16:11:24.956+0000] {dagbag.py:541} INFO - Filling up the DagBag from /home/airflow/.local/lib/python3.7/site-packages/airflow/example_dags/example_local_kubernetes_executor.py
[2023-05-20T16:11:25.408+0000] {processor.py:836} INFO - DAG(s) dict_keys(['example_local_kubernetes_executor']) retrieved from /home/airflow/.local/lib/python3.7/site-packages/airflow/example_dags/example_local_kubernetes_executor.py
[2023-05-20T16:11:25.484+0000] {logging_mixin.py:149} INFO - [2023-05-20T16:11:25.483+0000] {dag.py:2726} INFO - Sync 1 DAGs
[2023-05-20T16:11:25.548+0000] {logging_mixin.py:149} INFO - [2023-05-20T16:11:25.547+0000] {dag.py:3490} INFO - Setting next_dagrun for example_local_kubernetes_executor to None, run_after=None
[2023-05-20T16:11:25.606+0000] {processor.py:179} INFO - Processing /home/airflow/.local/lib/python3.7/site-packages/airflow/example_dags/example_local_kubernetes_executor.py took 0.667 seconds
[2023-05-20T16:11:56.598+0000] {processor.py:157} INFO - Started process (PID=415) to work on /home/airflow/.local/lib/python3.7/site-packages/airflow/example_dags/example_local_kubernetes_executor.py
[2023-05-20T16:11:56.600+0000] {processor.py:826} INFO - Processing file /home/airflow/.local/lib/python3.7/site-packages/airflow/example_dags/example_local_kubernetes_executor.py for tasks to queue
[2023-05-20T16:11:56.602+0000] {logging_mixin.py:149} INFO - [2023-05-20T16:11:56.602+0000] {dagbag.py:541} INFO - Filling up the DagBag from /home/airflow/.local/lib/python3.7/site-packages/airflow/example_dags/example_local_kubernetes_executor.py
[2023-05-20T16:11:56.855+0000] {processor.py:836} INFO - DAG(s) dict_keys(['example_local_kubernetes_executor']) retrieved from /home/airflow/.local/lib/python3.7/site-packages/airflow/example_dags/example_local_kubernetes_executor.py
[2023-05-20T16:11:56.911+0000] {logging_mixin.py:149} INFO - [2023-05-20T16:11:56.911+0000] {dag.py:2726} INFO - Sync 1 DAGs
[2023-05-20T16:11:56.948+0000] {logging_mixin.py:149} INFO - [2023-05-20T16:11:56.948+0000] {dag.py:3490} INFO - Setting next_dagrun for example_local_kubernetes_executor to None, run_after=None
[2023-05-20T16:11:56.975+0000] {processor.py:179} INFO - Processing /home/airflow/.local/lib/python3.7/site-packages/airflow/example_dags/example_local_kubernetes_executor.py took 0.385 seconds
[2023-05-20T16:12:27.127+0000] {processor.py:157} INFO - Started process (PID=473) to work on /home/airflow/.local/lib/python3.7/site-packages/airflow/example_dags/example_local_kubernetes_executor.py
[2023-05-20T16:12:27.130+0000] {processor.py:826} INFO - Processing file /home/airflow/.local/lib/python3.7/site-packages/airflow/example_dags/example_local_kubernetes_executor.py for tasks to queue
[2023-05-20T16:12:27.132+0000] {logging_mixin.py:149} INFO - [2023-05-20T16:12:27.132+0000] {dagbag.py:541} INFO - Filling up the DagBag from /home/airflow/.local/lib/python3.7/site-packages/airflow/example_dags/example_local_kubernetes_executor.py
[2023-05-20T16:12:27.461+0000] {processor.py:836} INFO - DAG(s) dict_keys(['example_local_kubernetes_executor']) retrieved from /home/airflow/.local/lib/python3.7/site-packages/airflow/example_dags/example_local_kubernetes_executor.py
[2023-05-20T16:12:27.524+0000] {logging_mixin.py:149} INFO - [2023-05-20T16:12:27.524+0000] {dag.py:2726} INFO - Sync 1 DAGs
[2023-05-20T16:12:27.577+0000] {logging_mixin.py:149} INFO - [2023-05-20T16:12:27.577+0000] {dag.py:3490} INFO - Setting next_dagrun for example_local_kubernetes_executor to None, run_after=None
[2023-05-20T16:12:27.620+0000] {processor.py:179} INFO - Processing /home/airflow/.local/lib/python3.7/site-packages/airflow/example_dags/example_local_kubernetes_executor.py took 0.499 seconds
[2023-05-20T16:12:58.135+0000] {processor.py:157} INFO - Started process (PID=531) to work on /home/airflow/.local/lib/python3.7/site-packages/airflow/example_dags/example_local_kubernetes_executor.py
[2023-05-20T16:12:58.138+0000] {processor.py:826} INFO - Processing file /home/airflow/.local/lib/python3.7/site-packages/airflow/example_dags/example_local_kubernetes_executor.py for tasks to queue
[2023-05-20T16:12:58.140+0000] {logging_mixin.py:149} INFO - [2023-05-20T16:12:58.140+0000] {dagbag.py:541} INFO - Filling up the DagBag from /home/airflow/.local/lib/python3.7/site-packages/airflow/example_dags/example_local_kubernetes_executor.py
[2023-05-20T16:12:58.389+0000] {processor.py:836} INFO - DAG(s) dict_keys(['example_local_kubernetes_executor']) retrieved from /home/airflow/.local/lib/python3.7/site-packages/airflow/example_dags/example_local_kubernetes_executor.py
[2023-05-20T16:12:58.436+0000] {logging_mixin.py:149} INFO - [2023-05-20T16:12:58.435+0000] {dag.py:2726} INFO - Sync 1 DAGs
[2023-05-20T16:12:58.470+0000] {logging_mixin.py:149} INFO - [2023-05-20T16:12:58.470+0000] {dag.py:3490} INFO - Setting next_dagrun for example_local_kubernetes_executor to None, run_after=None
[2023-05-20T16:12:58.495+0000] {processor.py:179} INFO - Processing /home/airflow/.local/lib/python3.7/site-packages/airflow/example_dags/example_local_kubernetes_executor.py took 0.368 seconds
[2023-05-20T16:13:28.739+0000] {processor.py:157} INFO - Started process (PID=589) to work on /home/airflow/.local/lib/python3.7/site-packages/airflow/example_dags/example_local_kubernetes_executor.py
[2023-05-20T16:13:28.777+0000] {processor.py:826} INFO - Processing file /home/airflow/.local/lib/python3.7/site-packages/airflow/example_dags/example_local_kubernetes_executor.py for tasks to queue
[2023-05-20T16:13:28.779+0000] {logging_mixin.py:149} INFO - [2023-05-20T16:13:28.778+0000] {dagbag.py:541} INFO - Filling up the DagBag from /home/airflow/.local/lib/python3.7/site-packages/airflow/example_dags/example_local_kubernetes_executor.py
[2023-05-20T16:13:29.307+0000] {processor.py:836} INFO - DAG(s) dict_keys(['example_local_kubernetes_executor']) retrieved from /home/airflow/.local/lib/python3.7/site-packages/airflow/example_dags/example_local_kubernetes_executor.py
[2023-05-20T16:13:29.383+0000] {logging_mixin.py:149} INFO - [2023-05-20T16:13:29.383+0000] {dag.py:2726} INFO - Sync 1 DAGs
[2023-05-20T16:13:29.431+0000] {logging_mixin.py:149} INFO - [2023-05-20T16:13:29.431+0000] {dag.py:3490} INFO - Setting next_dagrun for example_local_kubernetes_executor to None, run_after=None
[2023-05-20T16:13:29.466+0000] {processor.py:179} INFO - Processing /home/airflow/.local/lib/python3.7/site-packages/airflow/example_dags/example_local_kubernetes_executor.py took 0.732 seconds
