[2023-05-20T15:19:48.041+0000] {processor.py:157} INFO - Started process (PID=41) to work on /home/airflow/.local/lib/python3.7/site-packages/airflow/example_dags/example_sla_dag.py
[2023-05-20T15:19:48.043+0000] {processor.py:826} INFO - Processing file /home/airflow/.local/lib/python3.7/site-packages/airflow/example_dags/example_sla_dag.py for tasks to queue
[2023-05-20T15:19:48.044+0000] {logging_mixin.py:149} INFO - [2023-05-20T15:19:48.044+0000] {dagbag.py:541} INFO - Filling up the DagBag from /home/airflow/.local/lib/python3.7/site-packages/airflow/example_dags/example_sla_dag.py
[2023-05-20T15:19:48.064+0000] {processor.py:836} INFO - DAG(s) dict_keys(['example_sla_dag']) retrieved from /home/airflow/.local/lib/python3.7/site-packages/airflow/example_dags/example_sla_dag.py
[2023-05-20T15:19:48.084+0000] {logging_mixin.py:149} INFO - [2023-05-20T15:19:48.084+0000] {dag.py:2726} INFO - Sync 1 DAGs
[2023-05-20T15:19:48.144+0000] {logging_mixin.py:149} INFO - [2023-05-20T15:19:48.144+0000] {dag.py:3490} INFO - Setting next_dagrun for example_sla_dag to 2023-05-20T15:16:00+00:00, run_after=2023-05-20T15:18:00+00:00
[2023-05-20T15:19:48.171+0000] {processor.py:179} INFO - Processing /home/airflow/.local/lib/python3.7/site-packages/airflow/example_dags/example_sla_dag.py took 0.134 seconds
[2023-05-20T15:20:19.520+0000] {processor.py:157} INFO - Started process (PID=99) to work on /home/airflow/.local/lib/python3.7/site-packages/airflow/example_dags/example_sla_dag.py
[2023-05-20T15:20:19.522+0000] {processor.py:826} INFO - Processing file /home/airflow/.local/lib/python3.7/site-packages/airflow/example_dags/example_sla_dag.py for tasks to queue
[2023-05-20T15:20:19.524+0000] {logging_mixin.py:149} INFO - [2023-05-20T15:20:19.523+0000] {dagbag.py:541} INFO - Filling up the DagBag from /home/airflow/.local/lib/python3.7/site-packages/airflow/example_dags/example_sla_dag.py
[2023-05-20T15:20:19.538+0000] {processor.py:836} INFO - DAG(s) dict_keys(['example_sla_dag']) retrieved from /home/airflow/.local/lib/python3.7/site-packages/airflow/example_dags/example_sla_dag.py
[2023-05-20T15:20:19.578+0000] {logging_mixin.py:149} INFO - [2023-05-20T15:20:19.577+0000] {dag.py:2726} INFO - Sync 1 DAGs
[2023-05-20T15:20:19.624+0000] {logging_mixin.py:149} INFO - [2023-05-20T15:20:19.624+0000] {dag.py:3490} INFO - Setting next_dagrun for example_sla_dag to 2023-05-20T15:18:00+00:00, run_after=2023-05-20T15:20:00+00:00
[2023-05-20T15:20:19.659+0000] {processor.py:179} INFO - Processing /home/airflow/.local/lib/python3.7/site-packages/airflow/example_dags/example_sla_dag.py took 0.145 seconds
[2023-05-20T15:20:50.220+0000] {processor.py:157} INFO - Started process (PID=157) to work on /home/airflow/.local/lib/python3.7/site-packages/airflow/example_dags/example_sla_dag.py
[2023-05-20T15:20:50.222+0000] {processor.py:826} INFO - Processing file /home/airflow/.local/lib/python3.7/site-packages/airflow/example_dags/example_sla_dag.py for tasks to queue
[2023-05-20T15:20:50.224+0000] {logging_mixin.py:149} INFO - [2023-05-20T15:20:50.224+0000] {dagbag.py:541} INFO - Filling up the DagBag from /home/airflow/.local/lib/python3.7/site-packages/airflow/example_dags/example_sla_dag.py
[2023-05-20T15:20:50.237+0000] {processor.py:836} INFO - DAG(s) dict_keys(['example_sla_dag']) retrieved from /home/airflow/.local/lib/python3.7/site-packages/airflow/example_dags/example_sla_dag.py
[2023-05-20T15:20:50.274+0000] {logging_mixin.py:149} INFO - [2023-05-20T15:20:50.274+0000] {dag.py:2726} INFO - Sync 1 DAGs
[2023-05-20T15:20:50.330+0000] {logging_mixin.py:149} INFO - [2023-05-20T15:20:50.330+0000] {dag.py:3490} INFO - Setting next_dagrun for example_sla_dag to 2023-05-20T15:18:00+00:00, run_after=2023-05-20T15:20:00+00:00
[2023-05-20T15:20:50.357+0000] {processor.py:179} INFO - Processing /home/airflow/.local/lib/python3.7/site-packages/airflow/example_dags/example_sla_dag.py took 0.142 seconds
[2023-05-20T15:21:20.864+0000] {processor.py:157} INFO - Started process (PID=215) to work on /home/airflow/.local/lib/python3.7/site-packages/airflow/example_dags/example_sla_dag.py
[2023-05-20T15:21:20.868+0000] {processor.py:826} INFO - Processing file /home/airflow/.local/lib/python3.7/site-packages/airflow/example_dags/example_sla_dag.py for tasks to queue
[2023-05-20T15:21:20.873+0000] {logging_mixin.py:149} INFO - [2023-05-20T15:21:20.872+0000] {dagbag.py:541} INFO - Filling up the DagBag from /home/airflow/.local/lib/python3.7/site-packages/airflow/example_dags/example_sla_dag.py
[2023-05-20T15:21:20.896+0000] {processor.py:836} INFO - DAG(s) dict_keys(['example_sla_dag']) retrieved from /home/airflow/.local/lib/python3.7/site-packages/airflow/example_dags/example_sla_dag.py
[2023-05-20T15:21:20.954+0000] {logging_mixin.py:149} INFO - [2023-05-20T15:21:20.953+0000] {dag.py:2726} INFO - Sync 1 DAGs
[2023-05-20T15:21:21.051+0000] {logging_mixin.py:149} INFO - [2023-05-20T15:21:21.050+0000] {dag.py:3490} INFO - Setting next_dagrun for example_sla_dag to 2023-05-20T15:18:00+00:00, run_after=2023-05-20T15:20:00+00:00
[2023-05-20T15:21:21.112+0000] {processor.py:179} INFO - Processing /home/airflow/.local/lib/python3.7/site-packages/airflow/example_dags/example_sla_dag.py took 0.258 seconds
[2023-05-20T15:21:51.297+0000] {processor.py:157} INFO - Started process (PID=273) to work on /home/airflow/.local/lib/python3.7/site-packages/airflow/example_dags/example_sla_dag.py
[2023-05-20T15:21:51.300+0000] {processor.py:826} INFO - Processing file /home/airflow/.local/lib/python3.7/site-packages/airflow/example_dags/example_sla_dag.py for tasks to queue
[2023-05-20T15:21:51.302+0000] {logging_mixin.py:149} INFO - [2023-05-20T15:21:51.302+0000] {dagbag.py:541} INFO - Filling up the DagBag from /home/airflow/.local/lib/python3.7/site-packages/airflow/example_dags/example_sla_dag.py
[2023-05-20T15:21:51.320+0000] {processor.py:836} INFO - DAG(s) dict_keys(['example_sla_dag']) retrieved from /home/airflow/.local/lib/python3.7/site-packages/airflow/example_dags/example_sla_dag.py
[2023-05-20T15:21:51.376+0000] {logging_mixin.py:149} INFO - [2023-05-20T15:21:51.375+0000] {dag.py:2726} INFO - Sync 1 DAGs
[2023-05-20T15:21:51.443+0000] {logging_mixin.py:149} INFO - [2023-05-20T15:21:51.443+0000] {dag.py:3490} INFO - Setting next_dagrun for example_sla_dag to 2023-05-20T15:18:00+00:00, run_after=2023-05-20T15:20:00+00:00
[2023-05-20T15:21:51.503+0000] {processor.py:179} INFO - Processing /home/airflow/.local/lib/python3.7/site-packages/airflow/example_dags/example_sla_dag.py took 0.213 seconds
[2023-05-20T15:22:21.595+0000] {processor.py:157} INFO - Started process (PID=331) to work on /home/airflow/.local/lib/python3.7/site-packages/airflow/example_dags/example_sla_dag.py
[2023-05-20T15:22:21.597+0000] {processor.py:826} INFO - Processing file /home/airflow/.local/lib/python3.7/site-packages/airflow/example_dags/example_sla_dag.py for tasks to queue
[2023-05-20T15:22:21.599+0000] {logging_mixin.py:149} INFO - [2023-05-20T15:22:21.599+0000] {dagbag.py:541} INFO - Filling up the DagBag from /home/airflow/.local/lib/python3.7/site-packages/airflow/example_dags/example_sla_dag.py
[2023-05-20T15:22:21.612+0000] {processor.py:836} INFO - DAG(s) dict_keys(['example_sla_dag']) retrieved from /home/airflow/.local/lib/python3.7/site-packages/airflow/example_dags/example_sla_dag.py
[2023-05-20T15:22:21.647+0000] {logging_mixin.py:149} INFO - [2023-05-20T15:22:21.647+0000] {dag.py:2726} INFO - Sync 1 DAGs
[2023-05-20T15:22:21.691+0000] {logging_mixin.py:149} INFO - [2023-05-20T15:22:21.690+0000] {dag.py:3490} INFO - Setting next_dagrun for example_sla_dag to 2023-05-20T15:20:00+00:00, run_after=2023-05-20T15:22:00+00:00
[2023-05-20T15:22:21.721+0000] {processor.py:179} INFO - Processing /home/airflow/.local/lib/python3.7/site-packages/airflow/example_dags/example_sla_dag.py took 0.132 seconds
[2023-05-20T15:22:52.500+0000] {processor.py:157} INFO - Started process (PID=389) to work on /home/airflow/.local/lib/python3.7/site-packages/airflow/example_dags/example_sla_dag.py
[2023-05-20T15:22:52.502+0000] {processor.py:826} INFO - Processing file /home/airflow/.local/lib/python3.7/site-packages/airflow/example_dags/example_sla_dag.py for tasks to queue
[2023-05-20T15:22:52.504+0000] {logging_mixin.py:149} INFO - [2023-05-20T15:22:52.504+0000] {dagbag.py:541} INFO - Filling up the DagBag from /home/airflow/.local/lib/python3.7/site-packages/airflow/example_dags/example_sla_dag.py
[2023-05-20T15:22:52.516+0000] {processor.py:836} INFO - DAG(s) dict_keys(['example_sla_dag']) retrieved from /home/airflow/.local/lib/python3.7/site-packages/airflow/example_dags/example_sla_dag.py
[2023-05-20T15:22:52.550+0000] {logging_mixin.py:149} INFO - [2023-05-20T15:22:52.550+0000] {dag.py:2726} INFO - Sync 1 DAGs
[2023-05-20T15:22:52.596+0000] {logging_mixin.py:149} INFO - [2023-05-20T15:22:52.596+0000] {dag.py:3490} INFO - Setting next_dagrun for example_sla_dag to 2023-05-20T15:20:00+00:00, run_after=2023-05-20T15:22:00+00:00
[2023-05-20T15:22:52.621+0000] {processor.py:179} INFO - Processing /home/airflow/.local/lib/python3.7/site-packages/airflow/example_dags/example_sla_dag.py took 0.125 seconds
[2023-05-20T15:23:22.902+0000] {processor.py:157} INFO - Started process (PID=447) to work on /home/airflow/.local/lib/python3.7/site-packages/airflow/example_dags/example_sla_dag.py
[2023-05-20T15:23:22.904+0000] {processor.py:826} INFO - Processing file /home/airflow/.local/lib/python3.7/site-packages/airflow/example_dags/example_sla_dag.py for tasks to queue
[2023-05-20T15:23:22.906+0000] {logging_mixin.py:149} INFO - [2023-05-20T15:23:22.905+0000] {dagbag.py:541} INFO - Filling up the DagBag from /home/airflow/.local/lib/python3.7/site-packages/airflow/example_dags/example_sla_dag.py
[2023-05-20T15:23:22.918+0000] {processor.py:836} INFO - DAG(s) dict_keys(['example_sla_dag']) retrieved from /home/airflow/.local/lib/python3.7/site-packages/airflow/example_dags/example_sla_dag.py
[2023-05-20T15:23:22.955+0000] {logging_mixin.py:149} INFO - [2023-05-20T15:23:22.955+0000] {dag.py:2726} INFO - Sync 1 DAGs
[2023-05-20T15:23:23.001+0000] {logging_mixin.py:149} INFO - [2023-05-20T15:23:23.001+0000] {dag.py:3490} INFO - Setting next_dagrun for example_sla_dag to 2023-05-20T15:20:00+00:00, run_after=2023-05-20T15:22:00+00:00
[2023-05-20T15:23:23.030+0000] {processor.py:179} INFO - Processing /home/airflow/.local/lib/python3.7/site-packages/airflow/example_dags/example_sla_dag.py took 0.133 seconds
[2023-05-20T15:23:53.552+0000] {processor.py:157} INFO - Started process (PID=505) to work on /home/airflow/.local/lib/python3.7/site-packages/airflow/example_dags/example_sla_dag.py
[2023-05-20T15:23:53.554+0000] {processor.py:826} INFO - Processing file /home/airflow/.local/lib/python3.7/site-packages/airflow/example_dags/example_sla_dag.py for tasks to queue
[2023-05-20T15:23:53.595+0000] {logging_mixin.py:149} INFO - [2023-05-20T15:23:53.595+0000] {dagbag.py:541} INFO - Filling up the DagBag from /home/airflow/.local/lib/python3.7/site-packages/airflow/example_dags/example_sla_dag.py
[2023-05-20T15:23:53.609+0000] {processor.py:836} INFO - DAG(s) dict_keys(['example_sla_dag']) retrieved from /home/airflow/.local/lib/python3.7/site-packages/airflow/example_dags/example_sla_dag.py
[2023-05-20T15:23:53.642+0000] {logging_mixin.py:149} INFO - [2023-05-20T15:23:53.642+0000] {dag.py:2726} INFO - Sync 1 DAGs
[2023-05-20T15:23:53.677+0000] {logging_mixin.py:149} INFO - [2023-05-20T15:23:53.677+0000] {dag.py:3490} INFO - Setting next_dagrun for example_sla_dag to 2023-05-20T15:20:00+00:00, run_after=2023-05-20T15:22:00+00:00
[2023-05-20T15:23:53.699+0000] {processor.py:179} INFO - Processing /home/airflow/.local/lib/python3.7/site-packages/airflow/example_dags/example_sla_dag.py took 0.153 seconds
[2023-05-20T15:24:24.015+0000] {processor.py:157} INFO - Started process (PID=563) to work on /home/airflow/.local/lib/python3.7/site-packages/airflow/example_dags/example_sla_dag.py
[2023-05-20T15:24:24.017+0000] {processor.py:826} INFO - Processing file /home/airflow/.local/lib/python3.7/site-packages/airflow/example_dags/example_sla_dag.py for tasks to queue
[2023-05-20T15:24:24.018+0000] {logging_mixin.py:149} INFO - [2023-05-20T15:24:24.018+0000] {dagbag.py:541} INFO - Filling up the DagBag from /home/airflow/.local/lib/python3.7/site-packages/airflow/example_dags/example_sla_dag.py
[2023-05-20T15:24:24.029+0000] {processor.py:836} INFO - DAG(s) dict_keys(['example_sla_dag']) retrieved from /home/airflow/.local/lib/python3.7/site-packages/airflow/example_dags/example_sla_dag.py
[2023-05-20T15:24:24.058+0000] {logging_mixin.py:149} INFO - [2023-05-20T15:24:24.057+0000] {dag.py:2726} INFO - Sync 1 DAGs
[2023-05-20T15:24:24.096+0000] {logging_mixin.py:149} INFO - [2023-05-20T15:24:24.096+0000] {dag.py:3490} INFO - Setting next_dagrun for example_sla_dag to 2023-05-20T15:22:00+00:00, run_after=2023-05-20T15:24:00+00:00
[2023-05-20T15:24:24.120+0000] {processor.py:179} INFO - Processing /home/airflow/.local/lib/python3.7/site-packages/airflow/example_dags/example_sla_dag.py took 0.109 seconds
[2023-05-20T15:24:54.492+0000] {processor.py:157} INFO - Started process (PID=621) to work on /home/airflow/.local/lib/python3.7/site-packages/airflow/example_dags/example_sla_dag.py
[2023-05-20T15:24:54.494+0000] {processor.py:826} INFO - Processing file /home/airflow/.local/lib/python3.7/site-packages/airflow/example_dags/example_sla_dag.py for tasks to queue
[2023-05-20T15:24:54.496+0000] {logging_mixin.py:149} INFO - [2023-05-20T15:24:54.496+0000] {dagbag.py:541} INFO - Filling up the DagBag from /home/airflow/.local/lib/python3.7/site-packages/airflow/example_dags/example_sla_dag.py
[2023-05-20T15:24:54.506+0000] {processor.py:836} INFO - DAG(s) dict_keys(['example_sla_dag']) retrieved from /home/airflow/.local/lib/python3.7/site-packages/airflow/example_dags/example_sla_dag.py
[2023-05-20T15:24:54.534+0000] {logging_mixin.py:149} INFO - [2023-05-20T15:24:54.534+0000] {dag.py:2726} INFO - Sync 1 DAGs
[2023-05-20T15:24:54.569+0000] {logging_mixin.py:149} INFO - [2023-05-20T15:24:54.568+0000] {dag.py:3490} INFO - Setting next_dagrun for example_sla_dag to 2023-05-20T15:22:00+00:00, run_after=2023-05-20T15:24:00+00:00
[2023-05-20T15:24:54.592+0000] {processor.py:179} INFO - Processing /home/airflow/.local/lib/python3.7/site-packages/airflow/example_dags/example_sla_dag.py took 0.103 seconds
[2023-05-20T15:25:25.188+0000] {processor.py:157} INFO - Started process (PID=679) to work on /home/airflow/.local/lib/python3.7/site-packages/airflow/example_dags/example_sla_dag.py
[2023-05-20T15:25:25.191+0000] {processor.py:826} INFO - Processing file /home/airflow/.local/lib/python3.7/site-packages/airflow/example_dags/example_sla_dag.py for tasks to queue
[2023-05-20T15:25:25.192+0000] {logging_mixin.py:149} INFO - [2023-05-20T15:25:25.192+0000] {dagbag.py:541} INFO - Filling up the DagBag from /home/airflow/.local/lib/python3.7/site-packages/airflow/example_dags/example_sla_dag.py
[2023-05-20T15:25:25.206+0000] {processor.py:836} INFO - DAG(s) dict_keys(['example_sla_dag']) retrieved from /home/airflow/.local/lib/python3.7/site-packages/airflow/example_dags/example_sla_dag.py
[2023-05-20T15:25:25.246+0000] {logging_mixin.py:149} INFO - [2023-05-20T15:25:25.246+0000] {dag.py:2726} INFO - Sync 1 DAGs
[2023-05-20T15:25:25.303+0000] {logging_mixin.py:149} INFO - [2023-05-20T15:25:25.302+0000] {dag.py:3490} INFO - Setting next_dagrun for example_sla_dag to 2023-05-20T15:22:00+00:00, run_after=2023-05-20T15:24:00+00:00
[2023-05-20T15:25:25.338+0000] {processor.py:179} INFO - Processing /home/airflow/.local/lib/python3.7/site-packages/airflow/example_dags/example_sla_dag.py took 0.154 seconds
[2023-05-20T15:25:55.578+0000] {processor.py:157} INFO - Started process (PID=737) to work on /home/airflow/.local/lib/python3.7/site-packages/airflow/example_dags/example_sla_dag.py
[2023-05-20T15:25:55.580+0000] {processor.py:826} INFO - Processing file /home/airflow/.local/lib/python3.7/site-packages/airflow/example_dags/example_sla_dag.py for tasks to queue
[2023-05-20T15:25:55.582+0000] {logging_mixin.py:149} INFO - [2023-05-20T15:25:55.581+0000] {dagbag.py:541} INFO - Filling up the DagBag from /home/airflow/.local/lib/python3.7/site-packages/airflow/example_dags/example_sla_dag.py
[2023-05-20T15:25:55.593+0000] {processor.py:836} INFO - DAG(s) dict_keys(['example_sla_dag']) retrieved from /home/airflow/.local/lib/python3.7/site-packages/airflow/example_dags/example_sla_dag.py
[2023-05-20T15:25:55.623+0000] {logging_mixin.py:149} INFO - [2023-05-20T15:25:55.623+0000] {dag.py:2726} INFO - Sync 1 DAGs
[2023-05-20T15:25:55.688+0000] {logging_mixin.py:149} INFO - [2023-05-20T15:25:55.688+0000] {dag.py:3490} INFO - Setting next_dagrun for example_sla_dag to 2023-05-20T15:22:00+00:00, run_after=2023-05-20T15:24:00+00:00
[2023-05-20T15:25:55.713+0000] {processor.py:179} INFO - Processing /home/airflow/.local/lib/python3.7/site-packages/airflow/example_dags/example_sla_dag.py took 0.139 seconds
[2023-05-20T15:26:25.852+0000] {processor.py:157} INFO - Started process (PID=795) to work on /home/airflow/.local/lib/python3.7/site-packages/airflow/example_dags/example_sla_dag.py
[2023-05-20T15:26:25.854+0000] {processor.py:826} INFO - Processing file /home/airflow/.local/lib/python3.7/site-packages/airflow/example_dags/example_sla_dag.py for tasks to queue
[2023-05-20T15:26:25.855+0000] {logging_mixin.py:149} INFO - [2023-05-20T15:26:25.855+0000] {dagbag.py:541} INFO - Filling up the DagBag from /home/airflow/.local/lib/python3.7/site-packages/airflow/example_dags/example_sla_dag.py
[2023-05-20T15:26:25.866+0000] {processor.py:836} INFO - DAG(s) dict_keys(['example_sla_dag']) retrieved from /home/airflow/.local/lib/python3.7/site-packages/airflow/example_dags/example_sla_dag.py
[2023-05-20T15:26:25.895+0000] {logging_mixin.py:149} INFO - [2023-05-20T15:26:25.895+0000] {dag.py:2726} INFO - Sync 1 DAGs
[2023-05-20T15:26:25.934+0000] {logging_mixin.py:149} INFO - [2023-05-20T15:26:25.934+0000] {dag.py:3490} INFO - Setting next_dagrun for example_sla_dag to 2023-05-20T15:24:00+00:00, run_after=2023-05-20T15:26:00+00:00
[2023-05-20T15:26:25.999+0000] {processor.py:179} INFO - Processing /home/airflow/.local/lib/python3.7/site-packages/airflow/example_dags/example_sla_dag.py took 0.151 seconds
[2023-05-20T15:26:56.071+0000] {processor.py:157} INFO - Started process (PID=853) to work on /home/airflow/.local/lib/python3.7/site-packages/airflow/example_dags/example_sla_dag.py
[2023-05-20T15:26:56.073+0000] {processor.py:826} INFO - Processing file /home/airflow/.local/lib/python3.7/site-packages/airflow/example_dags/example_sla_dag.py for tasks to queue
[2023-05-20T15:26:56.075+0000] {logging_mixin.py:149} INFO - [2023-05-20T15:26:56.074+0000] {dagbag.py:541} INFO - Filling up the DagBag from /home/airflow/.local/lib/python3.7/site-packages/airflow/example_dags/example_sla_dag.py
[2023-05-20T15:26:56.088+0000] {processor.py:836} INFO - DAG(s) dict_keys(['example_sla_dag']) retrieved from /home/airflow/.local/lib/python3.7/site-packages/airflow/example_dags/example_sla_dag.py
[2023-05-20T15:26:56.123+0000] {logging_mixin.py:149} INFO - [2023-05-20T15:26:56.123+0000] {dag.py:2726} INFO - Sync 1 DAGs
[2023-05-20T15:26:56.164+0000] {logging_mixin.py:149} INFO - [2023-05-20T15:26:56.164+0000] {dag.py:3490} INFO - Setting next_dagrun for example_sla_dag to 2023-05-20T15:24:00+00:00, run_after=2023-05-20T15:26:00+00:00
[2023-05-20T15:26:56.188+0000] {processor.py:179} INFO - Processing /home/airflow/.local/lib/python3.7/site-packages/airflow/example_dags/example_sla_dag.py took 0.121 seconds
[2023-05-20T15:27:26.902+0000] {processor.py:157} INFO - Started process (PID=911) to work on /home/airflow/.local/lib/python3.7/site-packages/airflow/example_dags/example_sla_dag.py
[2023-05-20T15:27:26.904+0000] {processor.py:826} INFO - Processing file /home/airflow/.local/lib/python3.7/site-packages/airflow/example_dags/example_sla_dag.py for tasks to queue
[2023-05-20T15:27:26.906+0000] {logging_mixin.py:149} INFO - [2023-05-20T15:27:26.906+0000] {dagbag.py:541} INFO - Filling up the DagBag from /home/airflow/.local/lib/python3.7/site-packages/airflow/example_dags/example_sla_dag.py
[2023-05-20T15:27:26.919+0000] {processor.py:836} INFO - DAG(s) dict_keys(['example_sla_dag']) retrieved from /home/airflow/.local/lib/python3.7/site-packages/airflow/example_dags/example_sla_dag.py
[2023-05-20T15:27:26.955+0000] {logging_mixin.py:149} INFO - [2023-05-20T15:27:26.955+0000] {dag.py:2726} INFO - Sync 1 DAGs
[2023-05-20T15:27:26.997+0000] {logging_mixin.py:149} INFO - [2023-05-20T15:27:26.997+0000] {dag.py:3490} INFO - Setting next_dagrun for example_sla_dag to 2023-05-20T15:24:00+00:00, run_after=2023-05-20T15:26:00+00:00
[2023-05-20T15:27:27.023+0000] {processor.py:179} INFO - Processing /home/airflow/.local/lib/python3.7/site-packages/airflow/example_dags/example_sla_dag.py took 0.125 seconds
[2023-05-20T15:27:57.269+0000] {processor.py:157} INFO - Started process (PID=969) to work on /home/airflow/.local/lib/python3.7/site-packages/airflow/example_dags/example_sla_dag.py
[2023-05-20T15:27:57.272+0000] {processor.py:826} INFO - Processing file /home/airflow/.local/lib/python3.7/site-packages/airflow/example_dags/example_sla_dag.py for tasks to queue
[2023-05-20T15:27:57.273+0000] {logging_mixin.py:149} INFO - [2023-05-20T15:27:57.273+0000] {dagbag.py:541} INFO - Filling up the DagBag from /home/airflow/.local/lib/python3.7/site-packages/airflow/example_dags/example_sla_dag.py
[2023-05-20T15:27:57.288+0000] {processor.py:836} INFO - DAG(s) dict_keys(['example_sla_dag']) retrieved from /home/airflow/.local/lib/python3.7/site-packages/airflow/example_dags/example_sla_dag.py
[2023-05-20T15:27:57.325+0000] {logging_mixin.py:149} INFO - [2023-05-20T15:27:57.325+0000] {dag.py:2726} INFO - Sync 1 DAGs
[2023-05-20T15:27:57.363+0000] {logging_mixin.py:149} INFO - [2023-05-20T15:27:57.363+0000] {dag.py:3490} INFO - Setting next_dagrun for example_sla_dag to 2023-05-20T15:24:00+00:00, run_after=2023-05-20T15:26:00+00:00
[2023-05-20T15:27:57.392+0000] {processor.py:179} INFO - Processing /home/airflow/.local/lib/python3.7/site-packages/airflow/example_dags/example_sla_dag.py took 0.128 seconds
[2023-05-20T15:28:27.567+0000] {processor.py:157} INFO - Started process (PID=1027) to work on /home/airflow/.local/lib/python3.7/site-packages/airflow/example_dags/example_sla_dag.py
[2023-05-20T15:28:27.569+0000] {processor.py:826} INFO - Processing file /home/airflow/.local/lib/python3.7/site-packages/airflow/example_dags/example_sla_dag.py for tasks to queue
[2023-05-20T15:28:27.571+0000] {logging_mixin.py:149} INFO - [2023-05-20T15:28:27.571+0000] {dagbag.py:541} INFO - Filling up the DagBag from /home/airflow/.local/lib/python3.7/site-packages/airflow/example_dags/example_sla_dag.py
[2023-05-20T15:28:27.582+0000] {processor.py:836} INFO - DAG(s) dict_keys(['example_sla_dag']) retrieved from /home/airflow/.local/lib/python3.7/site-packages/airflow/example_dags/example_sla_dag.py
[2023-05-20T15:28:27.612+0000] {logging_mixin.py:149} INFO - [2023-05-20T15:28:27.612+0000] {dag.py:2726} INFO - Sync 1 DAGs
[2023-05-20T15:28:27.650+0000] {logging_mixin.py:149} INFO - [2023-05-20T15:28:27.650+0000] {dag.py:3490} INFO - Setting next_dagrun for example_sla_dag to 2023-05-20T15:26:00+00:00, run_after=2023-05-20T15:28:00+00:00
[2023-05-20T15:28:27.673+0000] {processor.py:179} INFO - Processing /home/airflow/.local/lib/python3.7/site-packages/airflow/example_dags/example_sla_dag.py took 0.111 seconds
[2023-05-20T15:28:57.970+0000] {processor.py:157} INFO - Started process (PID=1085) to work on /home/airflow/.local/lib/python3.7/site-packages/airflow/example_dags/example_sla_dag.py
[2023-05-20T15:28:57.972+0000] {processor.py:826} INFO - Processing file /home/airflow/.local/lib/python3.7/site-packages/airflow/example_dags/example_sla_dag.py for tasks to queue
[2023-05-20T15:28:57.974+0000] {logging_mixin.py:149} INFO - [2023-05-20T15:28:57.973+0000] {dagbag.py:541} INFO - Filling up the DagBag from /home/airflow/.local/lib/python3.7/site-packages/airflow/example_dags/example_sla_dag.py
[2023-05-20T15:28:57.986+0000] {processor.py:836} INFO - DAG(s) dict_keys(['example_sla_dag']) retrieved from /home/airflow/.local/lib/python3.7/site-packages/airflow/example_dags/example_sla_dag.py
[2023-05-20T15:28:58.020+0000] {logging_mixin.py:149} INFO - [2023-05-20T15:28:58.020+0000] {dag.py:2726} INFO - Sync 1 DAGs
[2023-05-20T15:28:58.063+0000] {logging_mixin.py:149} INFO - [2023-05-20T15:28:58.062+0000] {dag.py:3490} INFO - Setting next_dagrun for example_sla_dag to 2023-05-20T15:26:00+00:00, run_after=2023-05-20T15:28:00+00:00
[2023-05-20T15:28:58.092+0000] {processor.py:179} INFO - Processing /home/airflow/.local/lib/python3.7/site-packages/airflow/example_dags/example_sla_dag.py took 0.128 seconds
[2023-05-20T15:29:28.292+0000] {processor.py:157} INFO - Started process (PID=1143) to work on /home/airflow/.local/lib/python3.7/site-packages/airflow/example_dags/example_sla_dag.py
[2023-05-20T15:29:28.294+0000] {processor.py:826} INFO - Processing file /home/airflow/.local/lib/python3.7/site-packages/airflow/example_dags/example_sla_dag.py for tasks to queue
[2023-05-20T15:29:28.296+0000] {logging_mixin.py:149} INFO - [2023-05-20T15:29:28.295+0000] {dagbag.py:541} INFO - Filling up the DagBag from /home/airflow/.local/lib/python3.7/site-packages/airflow/example_dags/example_sla_dag.py
[2023-05-20T15:29:28.308+0000] {processor.py:836} INFO - DAG(s) dict_keys(['example_sla_dag']) retrieved from /home/airflow/.local/lib/python3.7/site-packages/airflow/example_dags/example_sla_dag.py
[2023-05-20T15:29:28.342+0000] {logging_mixin.py:149} INFO - [2023-05-20T15:29:28.341+0000] {dag.py:2726} INFO - Sync 1 DAGs
[2023-05-20T15:29:28.387+0000] {logging_mixin.py:149} INFO - [2023-05-20T15:29:28.387+0000] {dag.py:3490} INFO - Setting next_dagrun for example_sla_dag to 2023-05-20T15:26:00+00:00, run_after=2023-05-20T15:28:00+00:00
[2023-05-20T15:29:28.419+0000] {processor.py:179} INFO - Processing /home/airflow/.local/lib/python3.7/site-packages/airflow/example_dags/example_sla_dag.py took 0.132 seconds
[2023-05-20T15:29:59.382+0000] {processor.py:157} INFO - Started process (PID=1201) to work on /home/airflow/.local/lib/python3.7/site-packages/airflow/example_dags/example_sla_dag.py
[2023-05-20T15:29:59.384+0000] {processor.py:826} INFO - Processing file /home/airflow/.local/lib/python3.7/site-packages/airflow/example_dags/example_sla_dag.py for tasks to queue
[2023-05-20T15:29:59.385+0000] {logging_mixin.py:149} INFO - [2023-05-20T15:29:59.384+0000] {dagbag.py:541} INFO - Filling up the DagBag from /home/airflow/.local/lib/python3.7/site-packages/airflow/example_dags/example_sla_dag.py
[2023-05-20T15:29:59.394+0000] {processor.py:836} INFO - DAG(s) dict_keys(['example_sla_dag']) retrieved from /home/airflow/.local/lib/python3.7/site-packages/airflow/example_dags/example_sla_dag.py
[2023-05-20T15:29:59.421+0000] {logging_mixin.py:149} INFO - [2023-05-20T15:29:59.421+0000] {dag.py:2726} INFO - Sync 1 DAGs
[2023-05-20T15:29:59.454+0000] {logging_mixin.py:149} INFO - [2023-05-20T15:29:59.454+0000] {dag.py:3490} INFO - Setting next_dagrun for example_sla_dag to 2023-05-20T15:26:00+00:00, run_after=2023-05-20T15:28:00+00:00
[2023-05-20T15:29:59.474+0000] {processor.py:179} INFO - Processing /home/airflow/.local/lib/python3.7/site-packages/airflow/example_dags/example_sla_dag.py took 0.096 seconds
[2023-05-20T15:30:29.676+0000] {processor.py:157} INFO - Started process (PID=1259) to work on /home/airflow/.local/lib/python3.7/site-packages/airflow/example_dags/example_sla_dag.py
[2023-05-20T15:30:29.678+0000] {processor.py:826} INFO - Processing file /home/airflow/.local/lib/python3.7/site-packages/airflow/example_dags/example_sla_dag.py for tasks to queue
[2023-05-20T15:30:29.680+0000] {logging_mixin.py:149} INFO - [2023-05-20T15:30:29.679+0000] {dagbag.py:541} INFO - Filling up the DagBag from /home/airflow/.local/lib/python3.7/site-packages/airflow/example_dags/example_sla_dag.py
[2023-05-20T15:30:29.699+0000] {processor.py:836} INFO - DAG(s) dict_keys(['example_sla_dag']) retrieved from /home/airflow/.local/lib/python3.7/site-packages/airflow/example_dags/example_sla_dag.py
[2023-05-20T15:30:29.748+0000] {logging_mixin.py:149} INFO - [2023-05-20T15:30:29.748+0000] {dag.py:2726} INFO - Sync 1 DAGs
[2023-05-20T15:30:29.792+0000] {logging_mixin.py:149} INFO - [2023-05-20T15:30:29.792+0000] {dag.py:3490} INFO - Setting next_dagrun for example_sla_dag to 2023-05-20T15:28:00+00:00, run_after=2023-05-20T15:30:00+00:00
[2023-05-20T15:30:29.817+0000] {processor.py:179} INFO - Processing /home/airflow/.local/lib/python3.7/site-packages/airflow/example_dags/example_sla_dag.py took 0.145 seconds
[2023-05-20T15:31:00.055+0000] {processor.py:157} INFO - Started process (PID=1317) to work on /home/airflow/.local/lib/python3.7/site-packages/airflow/example_dags/example_sla_dag.py
[2023-05-20T15:31:00.058+0000] {processor.py:826} INFO - Processing file /home/airflow/.local/lib/python3.7/site-packages/airflow/example_dags/example_sla_dag.py for tasks to queue
[2023-05-20T15:31:00.060+0000] {logging_mixin.py:149} INFO - [2023-05-20T15:31:00.059+0000] {dagbag.py:541} INFO - Filling up the DagBag from /home/airflow/.local/lib/python3.7/site-packages/airflow/example_dags/example_sla_dag.py
[2023-05-20T15:31:00.074+0000] {processor.py:836} INFO - DAG(s) dict_keys(['example_sla_dag']) retrieved from /home/airflow/.local/lib/python3.7/site-packages/airflow/example_dags/example_sla_dag.py
[2023-05-20T15:31:00.112+0000] {logging_mixin.py:149} INFO - [2023-05-20T15:31:00.112+0000] {dag.py:2726} INFO - Sync 1 DAGs
[2023-05-20T15:31:00.163+0000] {logging_mixin.py:149} INFO - [2023-05-20T15:31:00.163+0000] {dag.py:3490} INFO - Setting next_dagrun for example_sla_dag to 2023-05-20T15:28:00+00:00, run_after=2023-05-20T15:30:00+00:00
[2023-05-20T15:31:00.198+0000] {processor.py:179} INFO - Processing /home/airflow/.local/lib/python3.7/site-packages/airflow/example_dags/example_sla_dag.py took 0.149 seconds
[2023-05-20T15:31:30.344+0000] {processor.py:157} INFO - Started process (PID=1375) to work on /home/airflow/.local/lib/python3.7/site-packages/airflow/example_dags/example_sla_dag.py
[2023-05-20T15:31:30.346+0000] {processor.py:826} INFO - Processing file /home/airflow/.local/lib/python3.7/site-packages/airflow/example_dags/example_sla_dag.py for tasks to queue
[2023-05-20T15:31:30.349+0000] {logging_mixin.py:149} INFO - [2023-05-20T15:31:30.348+0000] {dagbag.py:541} INFO - Filling up the DagBag from /home/airflow/.local/lib/python3.7/site-packages/airflow/example_dags/example_sla_dag.py
[2023-05-20T15:31:30.362+0000] {processor.py:836} INFO - DAG(s) dict_keys(['example_sla_dag']) retrieved from /home/airflow/.local/lib/python3.7/site-packages/airflow/example_dags/example_sla_dag.py
[2023-05-20T15:31:30.396+0000] {logging_mixin.py:149} INFO - [2023-05-20T15:31:30.396+0000] {dag.py:2726} INFO - Sync 1 DAGs
[2023-05-20T15:31:30.439+0000] {logging_mixin.py:149} INFO - [2023-05-20T15:31:30.438+0000] {dag.py:3490} INFO - Setting next_dagrun for example_sla_dag to 2023-05-20T15:28:00+00:00, run_after=2023-05-20T15:30:00+00:00
[2023-05-20T15:31:30.466+0000] {processor.py:179} INFO - Processing /home/airflow/.local/lib/python3.7/site-packages/airflow/example_dags/example_sla_dag.py took 0.126 seconds
[2023-05-20T15:32:00.716+0000] {processor.py:157} INFO - Started process (PID=1433) to work on /home/airflow/.local/lib/python3.7/site-packages/airflow/example_dags/example_sla_dag.py
[2023-05-20T15:32:00.718+0000] {processor.py:826} INFO - Processing file /home/airflow/.local/lib/python3.7/site-packages/airflow/example_dags/example_sla_dag.py for tasks to queue
[2023-05-20T15:32:00.719+0000] {logging_mixin.py:149} INFO - [2023-05-20T15:32:00.719+0000] {dagbag.py:541} INFO - Filling up the DagBag from /home/airflow/.local/lib/python3.7/site-packages/airflow/example_dags/example_sla_dag.py
[2023-05-20T15:32:00.730+0000] {processor.py:836} INFO - DAG(s) dict_keys(['example_sla_dag']) retrieved from /home/airflow/.local/lib/python3.7/site-packages/airflow/example_dags/example_sla_dag.py
[2023-05-20T15:32:00.761+0000] {logging_mixin.py:149} INFO - [2023-05-20T15:32:00.761+0000] {dag.py:2726} INFO - Sync 1 DAGs
[2023-05-20T15:32:00.800+0000] {logging_mixin.py:149} INFO - [2023-05-20T15:32:00.800+0000] {dag.py:3490} INFO - Setting next_dagrun for example_sla_dag to 2023-05-20T15:30:00+00:00, run_after=2023-05-20T15:32:00+00:00
[2023-05-20T15:32:00.824+0000] {processor.py:179} INFO - Processing /home/airflow/.local/lib/python3.7/site-packages/airflow/example_dags/example_sla_dag.py took 0.112 seconds
[2023-05-20T15:32:31.159+0000] {processor.py:157} INFO - Started process (PID=1491) to work on /home/airflow/.local/lib/python3.7/site-packages/airflow/example_dags/example_sla_dag.py
[2023-05-20T15:32:31.167+0000] {processor.py:826} INFO - Processing file /home/airflow/.local/lib/python3.7/site-packages/airflow/example_dags/example_sla_dag.py for tasks to queue
[2023-05-20T15:32:31.168+0000] {logging_mixin.py:149} INFO - [2023-05-20T15:32:31.168+0000] {dagbag.py:541} INFO - Filling up the DagBag from /home/airflow/.local/lib/python3.7/site-packages/airflow/example_dags/example_sla_dag.py
[2023-05-20T15:32:31.180+0000] {processor.py:836} INFO - DAG(s) dict_keys(['example_sla_dag']) retrieved from /home/airflow/.local/lib/python3.7/site-packages/airflow/example_dags/example_sla_dag.py
[2023-05-20T15:32:31.212+0000] {logging_mixin.py:149} INFO - [2023-05-20T15:32:31.212+0000] {dag.py:2726} INFO - Sync 1 DAGs
[2023-05-20T15:32:31.290+0000] {logging_mixin.py:149} INFO - [2023-05-20T15:32:31.289+0000] {dag.py:3490} INFO - Setting next_dagrun for example_sla_dag to 2023-05-20T15:30:00+00:00, run_after=2023-05-20T15:32:00+00:00
[2023-05-20T15:32:31.317+0000] {processor.py:179} INFO - Processing /home/airflow/.local/lib/python3.7/site-packages/airflow/example_dags/example_sla_dag.py took 0.162 seconds
[2023-05-20T15:33:01.586+0000] {processor.py:157} INFO - Started process (PID=1549) to work on /home/airflow/.local/lib/python3.7/site-packages/airflow/example_dags/example_sla_dag.py
[2023-05-20T15:33:01.588+0000] {processor.py:826} INFO - Processing file /home/airflow/.local/lib/python3.7/site-packages/airflow/example_dags/example_sla_dag.py for tasks to queue
[2023-05-20T15:33:01.589+0000] {logging_mixin.py:149} INFO - [2023-05-20T15:33:01.589+0000] {dagbag.py:541} INFO - Filling up the DagBag from /home/airflow/.local/lib/python3.7/site-packages/airflow/example_dags/example_sla_dag.py
[2023-05-20T15:33:01.600+0000] {processor.py:836} INFO - DAG(s) dict_keys(['example_sla_dag']) retrieved from /home/airflow/.local/lib/python3.7/site-packages/airflow/example_dags/example_sla_dag.py
[2023-05-20T15:33:01.634+0000] {logging_mixin.py:149} INFO - [2023-05-20T15:33:01.633+0000] {dag.py:2726} INFO - Sync 1 DAGs
[2023-05-20T15:33:01.674+0000] {logging_mixin.py:149} INFO - [2023-05-20T15:33:01.674+0000] {dag.py:3490} INFO - Setting next_dagrun for example_sla_dag to 2023-05-20T15:30:00+00:00, run_after=2023-05-20T15:32:00+00:00
[2023-05-20T15:33:01.703+0000] {processor.py:179} INFO - Processing /home/airflow/.local/lib/python3.7/site-packages/airflow/example_dags/example_sla_dag.py took 0.121 seconds
[2023-05-20T15:33:31.957+0000] {processor.py:157} INFO - Started process (PID=1607) to work on /home/airflow/.local/lib/python3.7/site-packages/airflow/example_dags/example_sla_dag.py
[2023-05-20T15:33:31.959+0000] {processor.py:826} INFO - Processing file /home/airflow/.local/lib/python3.7/site-packages/airflow/example_dags/example_sla_dag.py for tasks to queue
[2023-05-20T15:33:31.960+0000] {logging_mixin.py:149} INFO - [2023-05-20T15:33:31.960+0000] {dagbag.py:541} INFO - Filling up the DagBag from /home/airflow/.local/lib/python3.7/site-packages/airflow/example_dags/example_sla_dag.py
[2023-05-20T15:33:31.972+0000] {processor.py:836} INFO - DAG(s) dict_keys(['example_sla_dag']) retrieved from /home/airflow/.local/lib/python3.7/site-packages/airflow/example_dags/example_sla_dag.py
[2023-05-20T15:33:32.004+0000] {logging_mixin.py:149} INFO - [2023-05-20T15:33:32.004+0000] {dag.py:2726} INFO - Sync 1 DAGs
[2023-05-20T15:33:32.042+0000] {logging_mixin.py:149} INFO - [2023-05-20T15:33:32.042+0000] {dag.py:3490} INFO - Setting next_dagrun for example_sla_dag to 2023-05-20T15:30:00+00:00, run_after=2023-05-20T15:32:00+00:00
[2023-05-20T15:33:32.067+0000] {processor.py:179} INFO - Processing /home/airflow/.local/lib/python3.7/site-packages/airflow/example_dags/example_sla_dag.py took 0.114 seconds
[2023-05-20T15:34:02.483+0000] {processor.py:157} INFO - Started process (PID=1665) to work on /home/airflow/.local/lib/python3.7/site-packages/airflow/example_dags/example_sla_dag.py
[2023-05-20T15:34:02.487+0000] {processor.py:826} INFO - Processing file /home/airflow/.local/lib/python3.7/site-packages/airflow/example_dags/example_sla_dag.py for tasks to queue
[2023-05-20T15:34:02.490+0000] {logging_mixin.py:149} INFO - [2023-05-20T15:34:02.489+0000] {dagbag.py:541} INFO - Filling up the DagBag from /home/airflow/.local/lib/python3.7/site-packages/airflow/example_dags/example_sla_dag.py
[2023-05-20T15:34:02.512+0000] {processor.py:836} INFO - DAG(s) dict_keys(['example_sla_dag']) retrieved from /home/airflow/.local/lib/python3.7/site-packages/airflow/example_dags/example_sla_dag.py
[2023-05-20T15:34:02.564+0000] {logging_mixin.py:149} INFO - [2023-05-20T15:34:02.564+0000] {dag.py:2726} INFO - Sync 1 DAGs
[2023-05-20T15:34:02.622+0000] {logging_mixin.py:149} INFO - [2023-05-20T15:34:02.621+0000] {dag.py:3490} INFO - Setting next_dagrun for example_sla_dag to 2023-05-20T15:32:00+00:00, run_after=2023-05-20T15:34:00+00:00
[2023-05-20T15:34:02.649+0000] {processor.py:179} INFO - Processing /home/airflow/.local/lib/python3.7/site-packages/airflow/example_dags/example_sla_dag.py took 0.178 seconds
[2023-05-20T15:34:32.681+0000] {processor.py:157} INFO - Started process (PID=1723) to work on /home/airflow/.local/lib/python3.7/site-packages/airflow/example_dags/example_sla_dag.py
[2023-05-20T15:34:32.682+0000] {processor.py:826} INFO - Processing file /home/airflow/.local/lib/python3.7/site-packages/airflow/example_dags/example_sla_dag.py for tasks to queue
[2023-05-20T15:34:32.684+0000] {logging_mixin.py:149} INFO - [2023-05-20T15:34:32.684+0000] {dagbag.py:541} INFO - Filling up the DagBag from /home/airflow/.local/lib/python3.7/site-packages/airflow/example_dags/example_sla_dag.py
[2023-05-20T15:34:32.695+0000] {processor.py:836} INFO - DAG(s) dict_keys(['example_sla_dag']) retrieved from /home/airflow/.local/lib/python3.7/site-packages/airflow/example_dags/example_sla_dag.py
[2023-05-20T15:34:32.726+0000] {logging_mixin.py:149} INFO - [2023-05-20T15:34:32.726+0000] {dag.py:2726} INFO - Sync 1 DAGs
[2023-05-20T15:34:32.764+0000] {logging_mixin.py:149} INFO - [2023-05-20T15:34:32.764+0000] {dag.py:3490} INFO - Setting next_dagrun for example_sla_dag to 2023-05-20T15:32:00+00:00, run_after=2023-05-20T15:34:00+00:00
[2023-05-20T15:34:32.830+0000] {processor.py:179} INFO - Processing /home/airflow/.local/lib/python3.7/site-packages/airflow/example_dags/example_sla_dag.py took 0.154 seconds
[2023-05-20T15:35:03.358+0000] {processor.py:157} INFO - Started process (PID=1781) to work on /home/airflow/.local/lib/python3.7/site-packages/airflow/example_dags/example_sla_dag.py
[2023-05-20T15:35:03.360+0000] {processor.py:826} INFO - Processing file /home/airflow/.local/lib/python3.7/site-packages/airflow/example_dags/example_sla_dag.py for tasks to queue
[2023-05-20T15:35:03.362+0000] {logging_mixin.py:149} INFO - [2023-05-20T15:35:03.362+0000] {dagbag.py:541} INFO - Filling up the DagBag from /home/airflow/.local/lib/python3.7/site-packages/airflow/example_dags/example_sla_dag.py
[2023-05-20T15:35:03.376+0000] {processor.py:836} INFO - DAG(s) dict_keys(['example_sla_dag']) retrieved from /home/airflow/.local/lib/python3.7/site-packages/airflow/example_dags/example_sla_dag.py
[2023-05-20T15:35:03.411+0000] {logging_mixin.py:149} INFO - [2023-05-20T15:35:03.410+0000] {dag.py:2726} INFO - Sync 1 DAGs
[2023-05-20T15:35:03.454+0000] {logging_mixin.py:149} INFO - [2023-05-20T15:35:03.454+0000] {dag.py:3490} INFO - Setting next_dagrun for example_sla_dag to 2023-05-20T15:32:00+00:00, run_after=2023-05-20T15:34:00+00:00
[2023-05-20T15:35:03.488+0000] {processor.py:179} INFO - Processing /home/airflow/.local/lib/python3.7/site-packages/airflow/example_dags/example_sla_dag.py took 0.135 seconds
[2023-05-20T15:35:33.831+0000] {processor.py:157} INFO - Started process (PID=1839) to work on /home/airflow/.local/lib/python3.7/site-packages/airflow/example_dags/example_sla_dag.py
[2023-05-20T15:35:33.833+0000] {processor.py:826} INFO - Processing file /home/airflow/.local/lib/python3.7/site-packages/airflow/example_dags/example_sla_dag.py for tasks to queue
[2023-05-20T15:35:33.836+0000] {logging_mixin.py:149} INFO - [2023-05-20T15:35:33.835+0000] {dagbag.py:541} INFO - Filling up the DagBag from /home/airflow/.local/lib/python3.7/site-packages/airflow/example_dags/example_sla_dag.py
[2023-05-20T15:35:33.849+0000] {processor.py:836} INFO - DAG(s) dict_keys(['example_sla_dag']) retrieved from /home/airflow/.local/lib/python3.7/site-packages/airflow/example_dags/example_sla_dag.py
[2023-05-20T15:35:33.886+0000] {logging_mixin.py:149} INFO - [2023-05-20T15:35:33.885+0000] {dag.py:2726} INFO - Sync 1 DAGs
[2023-05-20T15:35:33.959+0000] {logging_mixin.py:149} INFO - [2023-05-20T15:35:33.959+0000] {dag.py:3490} INFO - Setting next_dagrun for example_sla_dag to 2023-05-20T15:32:00+00:00, run_after=2023-05-20T15:34:00+00:00
[2023-05-20T15:35:33.992+0000] {processor.py:179} INFO - Processing /home/airflow/.local/lib/python3.7/site-packages/airflow/example_dags/example_sla_dag.py took 0.166 seconds
[2023-05-20T15:36:04.713+0000] {processor.py:157} INFO - Started process (PID=1897) to work on /home/airflow/.local/lib/python3.7/site-packages/airflow/example_dags/example_sla_dag.py
[2023-05-20T15:36:04.715+0000] {processor.py:826} INFO - Processing file /home/airflow/.local/lib/python3.7/site-packages/airflow/example_dags/example_sla_dag.py for tasks to queue
[2023-05-20T15:36:04.717+0000] {logging_mixin.py:149} INFO - [2023-05-20T15:36:04.716+0000] {dagbag.py:541} INFO - Filling up the DagBag from /home/airflow/.local/lib/python3.7/site-packages/airflow/example_dags/example_sla_dag.py
[2023-05-20T15:36:04.727+0000] {processor.py:836} INFO - DAG(s) dict_keys(['example_sla_dag']) retrieved from /home/airflow/.local/lib/python3.7/site-packages/airflow/example_dags/example_sla_dag.py
[2023-05-20T15:36:04.756+0000] {logging_mixin.py:149} INFO - [2023-05-20T15:36:04.756+0000] {dag.py:2726} INFO - Sync 1 DAGs
[2023-05-20T15:36:04.792+0000] {logging_mixin.py:149} INFO - [2023-05-20T15:36:04.792+0000] {dag.py:3490} INFO - Setting next_dagrun for example_sla_dag to 2023-05-20T15:34:00+00:00, run_after=2023-05-20T15:36:00+00:00
[2023-05-20T15:36:04.815+0000] {processor.py:179} INFO - Processing /home/airflow/.local/lib/python3.7/site-packages/airflow/example_dags/example_sla_dag.py took 0.106 seconds
[2023-05-20T15:36:35.031+0000] {processor.py:157} INFO - Started process (PID=1955) to work on /home/airflow/.local/lib/python3.7/site-packages/airflow/example_dags/example_sla_dag.py
[2023-05-20T15:36:35.032+0000] {processor.py:826} INFO - Processing file /home/airflow/.local/lib/python3.7/site-packages/airflow/example_dags/example_sla_dag.py for tasks to queue
[2023-05-20T15:36:35.033+0000] {logging_mixin.py:149} INFO - [2023-05-20T15:36:35.033+0000] {dagbag.py:541} INFO - Filling up the DagBag from /home/airflow/.local/lib/python3.7/site-packages/airflow/example_dags/example_sla_dag.py
[2023-05-20T15:36:35.045+0000] {processor.py:836} INFO - DAG(s) dict_keys(['example_sla_dag']) retrieved from /home/airflow/.local/lib/python3.7/site-packages/airflow/example_dags/example_sla_dag.py
[2023-05-20T15:36:35.077+0000] {logging_mixin.py:149} INFO - [2023-05-20T15:36:35.076+0000] {dag.py:2726} INFO - Sync 1 DAGs
[2023-05-20T15:36:35.119+0000] {logging_mixin.py:149} INFO - [2023-05-20T15:36:35.119+0000] {dag.py:3490} INFO - Setting next_dagrun for example_sla_dag to 2023-05-20T15:34:00+00:00, run_after=2023-05-20T15:36:00+00:00
[2023-05-20T15:36:35.144+0000] {processor.py:179} INFO - Processing /home/airflow/.local/lib/python3.7/site-packages/airflow/example_dags/example_sla_dag.py took 0.118 seconds
[2023-05-20T15:37:05.386+0000] {processor.py:157} INFO - Started process (PID=2014) to work on /home/airflow/.local/lib/python3.7/site-packages/airflow/example_dags/example_sla_dag.py
[2023-05-20T15:37:05.388+0000] {processor.py:826} INFO - Processing file /home/airflow/.local/lib/python3.7/site-packages/airflow/example_dags/example_sla_dag.py for tasks to queue
[2023-05-20T15:37:05.389+0000] {logging_mixin.py:149} INFO - [2023-05-20T15:37:05.389+0000] {dagbag.py:541} INFO - Filling up the DagBag from /home/airflow/.local/lib/python3.7/site-packages/airflow/example_dags/example_sla_dag.py
[2023-05-20T15:37:05.399+0000] {processor.py:836} INFO - DAG(s) dict_keys(['example_sla_dag']) retrieved from /home/airflow/.local/lib/python3.7/site-packages/airflow/example_dags/example_sla_dag.py
[2023-05-20T15:37:05.428+0000] {logging_mixin.py:149} INFO - [2023-05-20T15:37:05.428+0000] {dag.py:2726} INFO - Sync 1 DAGs
[2023-05-20T15:37:05.463+0000] {logging_mixin.py:149} INFO - [2023-05-20T15:37:05.463+0000] {dag.py:3490} INFO - Setting next_dagrun for example_sla_dag to 2023-05-20T15:34:00+00:00, run_after=2023-05-20T15:36:00+00:00
[2023-05-20T15:37:05.487+0000] {processor.py:179} INFO - Processing /home/airflow/.local/lib/python3.7/site-packages/airflow/example_dags/example_sla_dag.py took 0.105 seconds
[2023-05-20T15:37:35.899+0000] {processor.py:157} INFO - Started process (PID=2072) to work on /home/airflow/.local/lib/python3.7/site-packages/airflow/example_dags/example_sla_dag.py
[2023-05-20T15:37:35.912+0000] {processor.py:826} INFO - Processing file /home/airflow/.local/lib/python3.7/site-packages/airflow/example_dags/example_sla_dag.py for tasks to queue
[2023-05-20T15:37:35.914+0000] {logging_mixin.py:149} INFO - [2023-05-20T15:37:35.914+0000] {dagbag.py:541} INFO - Filling up the DagBag from /home/airflow/.local/lib/python3.7/site-packages/airflow/example_dags/example_sla_dag.py
[2023-05-20T15:37:35.931+0000] {processor.py:836} INFO - DAG(s) dict_keys(['example_sla_dag']) retrieved from /home/airflow/.local/lib/python3.7/site-packages/airflow/example_dags/example_sla_dag.py
[2023-05-20T15:37:35.973+0000] {logging_mixin.py:149} INFO - [2023-05-20T15:37:35.972+0000] {dag.py:2726} INFO - Sync 1 DAGs
[2023-05-20T15:37:36.026+0000] {logging_mixin.py:149} INFO - [2023-05-20T15:37:36.026+0000] {dag.py:3490} INFO - Setting next_dagrun for example_sla_dag to 2023-05-20T15:34:00+00:00, run_after=2023-05-20T15:36:00+00:00
[2023-05-20T15:37:36.084+0000] {processor.py:179} INFO - Processing /home/airflow/.local/lib/python3.7/site-packages/airflow/example_dags/example_sla_dag.py took 0.190 seconds
[2023-05-20T15:38:06.520+0000] {processor.py:157} INFO - Started process (PID=2130) to work on /home/airflow/.local/lib/python3.7/site-packages/airflow/example_dags/example_sla_dag.py
[2023-05-20T15:38:06.522+0000] {processor.py:826} INFO - Processing file /home/airflow/.local/lib/python3.7/site-packages/airflow/example_dags/example_sla_dag.py for tasks to queue
[2023-05-20T15:38:06.523+0000] {logging_mixin.py:149} INFO - [2023-05-20T15:38:06.523+0000] {dagbag.py:541} INFO - Filling up the DagBag from /home/airflow/.local/lib/python3.7/site-packages/airflow/example_dags/example_sla_dag.py
[2023-05-20T15:38:06.536+0000] {processor.py:836} INFO - DAG(s) dict_keys(['example_sla_dag']) retrieved from /home/airflow/.local/lib/python3.7/site-packages/airflow/example_dags/example_sla_dag.py
[2023-05-20T15:38:06.574+0000] {logging_mixin.py:149} INFO - [2023-05-20T15:38:06.574+0000] {dag.py:2726} INFO - Sync 1 DAGs
[2023-05-20T15:38:06.619+0000] {logging_mixin.py:149} INFO - [2023-05-20T15:38:06.619+0000] {dag.py:3490} INFO - Setting next_dagrun for example_sla_dag to 2023-05-20T15:36:00+00:00, run_after=2023-05-20T15:38:00+00:00
[2023-05-20T15:38:06.647+0000] {processor.py:179} INFO - Processing /home/airflow/.local/lib/python3.7/site-packages/airflow/example_dags/example_sla_dag.py took 0.133 seconds
[2023-05-20T15:38:37.059+0000] {processor.py:157} INFO - Started process (PID=2188) to work on /home/airflow/.local/lib/python3.7/site-packages/airflow/example_dags/example_sla_dag.py
[2023-05-20T15:38:37.061+0000] {processor.py:826} INFO - Processing file /home/airflow/.local/lib/python3.7/site-packages/airflow/example_dags/example_sla_dag.py for tasks to queue
[2023-05-20T15:38:37.063+0000] {logging_mixin.py:149} INFO - [2023-05-20T15:38:37.062+0000] {dagbag.py:541} INFO - Filling up the DagBag from /home/airflow/.local/lib/python3.7/site-packages/airflow/example_dags/example_sla_dag.py
[2023-05-20T15:38:37.076+0000] {processor.py:836} INFO - DAG(s) dict_keys(['example_sla_dag']) retrieved from /home/airflow/.local/lib/python3.7/site-packages/airflow/example_dags/example_sla_dag.py
[2023-05-20T15:38:37.118+0000] {logging_mixin.py:149} INFO - [2023-05-20T15:38:37.117+0000] {dag.py:2726} INFO - Sync 1 DAGs
[2023-05-20T15:38:37.168+0000] {logging_mixin.py:149} INFO - [2023-05-20T15:38:37.168+0000] {dag.py:3490} INFO - Setting next_dagrun for example_sla_dag to 2023-05-20T15:36:00+00:00, run_after=2023-05-20T15:38:00+00:00
[2023-05-20T15:38:37.199+0000] {processor.py:179} INFO - Processing /home/airflow/.local/lib/python3.7/site-packages/airflow/example_dags/example_sla_dag.py took 0.145 seconds
[2023-05-20T15:39:07.310+0000] {processor.py:157} INFO - Started process (PID=2246) to work on /home/airflow/.local/lib/python3.7/site-packages/airflow/example_dags/example_sla_dag.py
[2023-05-20T15:39:07.312+0000] {processor.py:826} INFO - Processing file /home/airflow/.local/lib/python3.7/site-packages/airflow/example_dags/example_sla_dag.py for tasks to queue
[2023-05-20T15:39:07.314+0000] {logging_mixin.py:149} INFO - [2023-05-20T15:39:07.313+0000] {dagbag.py:541} INFO - Filling up the DagBag from /home/airflow/.local/lib/python3.7/site-packages/airflow/example_dags/example_sla_dag.py
[2023-05-20T15:39:07.324+0000] {processor.py:836} INFO - DAG(s) dict_keys(['example_sla_dag']) retrieved from /home/airflow/.local/lib/python3.7/site-packages/airflow/example_dags/example_sla_dag.py
[2023-05-20T15:39:07.355+0000] {logging_mixin.py:149} INFO - [2023-05-20T15:39:07.354+0000] {dag.py:2726} INFO - Sync 1 DAGs
[2023-05-20T15:39:07.393+0000] {logging_mixin.py:149} INFO - [2023-05-20T15:39:07.393+0000] {dag.py:3490} INFO - Setting next_dagrun for example_sla_dag to 2023-05-20T15:36:00+00:00, run_after=2023-05-20T15:38:00+00:00
[2023-05-20T15:39:07.417+0000] {processor.py:179} INFO - Processing /home/airflow/.local/lib/python3.7/site-packages/airflow/example_dags/example_sla_dag.py took 0.111 seconds
[2023-05-20T15:39:37.519+0000] {processor.py:157} INFO - Started process (PID=2304) to work on /home/airflow/.local/lib/python3.7/site-packages/airflow/example_dags/example_sla_dag.py
[2023-05-20T15:39:37.520+0000] {processor.py:826} INFO - Processing file /home/airflow/.local/lib/python3.7/site-packages/airflow/example_dags/example_sla_dag.py for tasks to queue
[2023-05-20T15:39:37.521+0000] {logging_mixin.py:149} INFO - [2023-05-20T15:39:37.521+0000] {dagbag.py:541} INFO - Filling up the DagBag from /home/airflow/.local/lib/python3.7/site-packages/airflow/example_dags/example_sla_dag.py
[2023-05-20T15:39:37.532+0000] {processor.py:836} INFO - DAG(s) dict_keys(['example_sla_dag']) retrieved from /home/airflow/.local/lib/python3.7/site-packages/airflow/example_dags/example_sla_dag.py
[2023-05-20T15:39:37.563+0000] {logging_mixin.py:149} INFO - [2023-05-20T15:39:37.563+0000] {dag.py:2726} INFO - Sync 1 DAGs
[2023-05-20T15:39:37.600+0000] {logging_mixin.py:149} INFO - [2023-05-20T15:39:37.600+0000] {dag.py:3490} INFO - Setting next_dagrun for example_sla_dag to 2023-05-20T15:36:00+00:00, run_after=2023-05-20T15:38:00+00:00
[2023-05-20T15:39:37.623+0000] {processor.py:179} INFO - Processing /home/airflow/.local/lib/python3.7/site-packages/airflow/example_dags/example_sla_dag.py took 0.108 seconds
[2023-05-20T15:40:08.239+0000] {processor.py:157} INFO - Started process (PID=2369) to work on /home/airflow/.local/lib/python3.7/site-packages/airflow/example_dags/example_sla_dag.py
[2023-05-20T15:40:08.240+0000] {processor.py:826} INFO - Processing file /home/airflow/.local/lib/python3.7/site-packages/airflow/example_dags/example_sla_dag.py for tasks to queue
[2023-05-20T15:40:08.242+0000] {logging_mixin.py:149} INFO - [2023-05-20T15:40:08.242+0000] {dagbag.py:541} INFO - Filling up the DagBag from /home/airflow/.local/lib/python3.7/site-packages/airflow/example_dags/example_sla_dag.py
[2023-05-20T15:40:08.254+0000] {processor.py:836} INFO - DAG(s) dict_keys(['example_sla_dag']) retrieved from /home/airflow/.local/lib/python3.7/site-packages/airflow/example_dags/example_sla_dag.py
[2023-05-20T15:40:08.292+0000] {logging_mixin.py:149} INFO - [2023-05-20T15:40:08.292+0000] {dag.py:2726} INFO - Sync 1 DAGs
[2023-05-20T15:40:08.334+0000] {logging_mixin.py:149} INFO - [2023-05-20T15:40:08.333+0000] {dag.py:3490} INFO - Setting next_dagrun for example_sla_dag to 2023-05-20T15:38:00+00:00, run_after=2023-05-20T15:40:00+00:00
[2023-05-20T15:40:08.370+0000] {processor.py:179} INFO - Processing /home/airflow/.local/lib/python3.7/site-packages/airflow/example_dags/example_sla_dag.py took 0.136 seconds
[2023-05-20T15:40:38.528+0000] {processor.py:157} INFO - Started process (PID=2427) to work on /home/airflow/.local/lib/python3.7/site-packages/airflow/example_dags/example_sla_dag.py
[2023-05-20T15:40:38.530+0000] {processor.py:826} INFO - Processing file /home/airflow/.local/lib/python3.7/site-packages/airflow/example_dags/example_sla_dag.py for tasks to queue
[2023-05-20T15:40:38.531+0000] {logging_mixin.py:149} INFO - [2023-05-20T15:40:38.531+0000] {dagbag.py:541} INFO - Filling up the DagBag from /home/airflow/.local/lib/python3.7/site-packages/airflow/example_dags/example_sla_dag.py
[2023-05-20T15:40:38.542+0000] {processor.py:836} INFO - DAG(s) dict_keys(['example_sla_dag']) retrieved from /home/airflow/.local/lib/python3.7/site-packages/airflow/example_dags/example_sla_dag.py
[2023-05-20T15:40:38.571+0000] {logging_mixin.py:149} INFO - [2023-05-20T15:40:38.571+0000] {dag.py:2726} INFO - Sync 1 DAGs
[2023-05-20T15:40:38.609+0000] {logging_mixin.py:149} INFO - [2023-05-20T15:40:38.609+0000] {dag.py:3490} INFO - Setting next_dagrun for example_sla_dag to 2023-05-20T15:38:00+00:00, run_after=2023-05-20T15:40:00+00:00
[2023-05-20T15:40:38.636+0000] {processor.py:179} INFO - Processing /home/airflow/.local/lib/python3.7/site-packages/airflow/example_dags/example_sla_dag.py took 0.113 seconds
[2023-05-20T15:41:09.003+0000] {processor.py:157} INFO - Started process (PID=2485) to work on /home/airflow/.local/lib/python3.7/site-packages/airflow/example_dags/example_sla_dag.py
[2023-05-20T15:41:09.005+0000] {processor.py:826} INFO - Processing file /home/airflow/.local/lib/python3.7/site-packages/airflow/example_dags/example_sla_dag.py for tasks to queue
[2023-05-20T15:41:09.006+0000] {logging_mixin.py:149} INFO - [2023-05-20T15:41:09.006+0000] {dagbag.py:541} INFO - Filling up the DagBag from /home/airflow/.local/lib/python3.7/site-packages/airflow/example_dags/example_sla_dag.py
[2023-05-20T15:41:09.017+0000] {processor.py:836} INFO - DAG(s) dict_keys(['example_sla_dag']) retrieved from /home/airflow/.local/lib/python3.7/site-packages/airflow/example_dags/example_sla_dag.py
[2023-05-20T15:41:09.046+0000] {logging_mixin.py:149} INFO - [2023-05-20T15:41:09.046+0000] {dag.py:2726} INFO - Sync 1 DAGs
[2023-05-20T15:41:09.084+0000] {logging_mixin.py:149} INFO - [2023-05-20T15:41:09.084+0000] {dag.py:3490} INFO - Setting next_dagrun for example_sla_dag to 2023-05-20T15:38:00+00:00, run_after=2023-05-20T15:40:00+00:00
[2023-05-20T15:41:09.110+0000] {processor.py:179} INFO - Processing /home/airflow/.local/lib/python3.7/site-packages/airflow/example_dags/example_sla_dag.py took 0.110 seconds
[2023-05-20T15:41:39.394+0000] {processor.py:157} INFO - Started process (PID=2543) to work on /home/airflow/.local/lib/python3.7/site-packages/airflow/example_dags/example_sla_dag.py
[2023-05-20T15:41:39.396+0000] {processor.py:826} INFO - Processing file /home/airflow/.local/lib/python3.7/site-packages/airflow/example_dags/example_sla_dag.py for tasks to queue
[2023-05-20T15:41:39.397+0000] {logging_mixin.py:149} INFO - [2023-05-20T15:41:39.397+0000] {dagbag.py:541} INFO - Filling up the DagBag from /home/airflow/.local/lib/python3.7/site-packages/airflow/example_dags/example_sla_dag.py
[2023-05-20T15:41:39.407+0000] {processor.py:836} INFO - DAG(s) dict_keys(['example_sla_dag']) retrieved from /home/airflow/.local/lib/python3.7/site-packages/airflow/example_dags/example_sla_dag.py
[2023-05-20T15:41:39.440+0000] {logging_mixin.py:149} INFO - [2023-05-20T15:41:39.439+0000] {dag.py:2726} INFO - Sync 1 DAGs
[2023-05-20T15:41:39.482+0000] {logging_mixin.py:149} INFO - [2023-05-20T15:41:39.482+0000] {dag.py:3490} INFO - Setting next_dagrun for example_sla_dag to 2023-05-20T15:38:00+00:00, run_after=2023-05-20T15:40:00+00:00
[2023-05-20T15:41:39.511+0000] {processor.py:179} INFO - Processing /home/airflow/.local/lib/python3.7/site-packages/airflow/example_dags/example_sla_dag.py took 0.121 seconds
[2023-05-20T15:42:09.688+0000] {processor.py:157} INFO - Started process (PID=2601) to work on /home/airflow/.local/lib/python3.7/site-packages/airflow/example_dags/example_sla_dag.py
[2023-05-20T15:42:09.690+0000] {processor.py:826} INFO - Processing file /home/airflow/.local/lib/python3.7/site-packages/airflow/example_dags/example_sla_dag.py for tasks to queue
[2023-05-20T15:42:09.691+0000] {logging_mixin.py:149} INFO - [2023-05-20T15:42:09.691+0000] {dagbag.py:541} INFO - Filling up the DagBag from /home/airflow/.local/lib/python3.7/site-packages/airflow/example_dags/example_sla_dag.py
[2023-05-20T15:42:09.702+0000] {processor.py:836} INFO - DAG(s) dict_keys(['example_sla_dag']) retrieved from /home/airflow/.local/lib/python3.7/site-packages/airflow/example_dags/example_sla_dag.py
[2023-05-20T15:42:09.731+0000] {logging_mixin.py:149} INFO - [2023-05-20T15:42:09.730+0000] {dag.py:2726} INFO - Sync 1 DAGs
[2023-05-20T15:42:09.767+0000] {logging_mixin.py:149} INFO - [2023-05-20T15:42:09.767+0000] {dag.py:3490} INFO - Setting next_dagrun for example_sla_dag to 2023-05-20T15:40:00+00:00, run_after=2023-05-20T15:42:00+00:00
[2023-05-20T15:42:09.789+0000] {processor.py:179} INFO - Processing /home/airflow/.local/lib/python3.7/site-packages/airflow/example_dags/example_sla_dag.py took 0.105 seconds
[2023-05-20T15:42:40.338+0000] {processor.py:157} INFO - Started process (PID=2659) to work on /home/airflow/.local/lib/python3.7/site-packages/airflow/example_dags/example_sla_dag.py
[2023-05-20T15:42:40.340+0000] {processor.py:826} INFO - Processing file /home/airflow/.local/lib/python3.7/site-packages/airflow/example_dags/example_sla_dag.py for tasks to queue
[2023-05-20T15:42:40.342+0000] {logging_mixin.py:149} INFO - [2023-05-20T15:42:40.342+0000] {dagbag.py:541} INFO - Filling up the DagBag from /home/airflow/.local/lib/python3.7/site-packages/airflow/example_dags/example_sla_dag.py
[2023-05-20T15:42:40.355+0000] {processor.py:836} INFO - DAG(s) dict_keys(['example_sla_dag']) retrieved from /home/airflow/.local/lib/python3.7/site-packages/airflow/example_dags/example_sla_dag.py
[2023-05-20T15:42:40.391+0000] {logging_mixin.py:149} INFO - [2023-05-20T15:42:40.391+0000] {dag.py:2726} INFO - Sync 1 DAGs
[2023-05-20T15:42:40.437+0000] {logging_mixin.py:149} INFO - [2023-05-20T15:42:40.436+0000] {dag.py:3490} INFO - Setting next_dagrun for example_sla_dag to 2023-05-20T15:40:00+00:00, run_after=2023-05-20T15:42:00+00:00
[2023-05-20T15:42:40.464+0000] {processor.py:179} INFO - Processing /home/airflow/.local/lib/python3.7/site-packages/airflow/example_dags/example_sla_dag.py took 0.131 seconds
[2023-05-20T15:43:10.523+0000] {processor.py:157} INFO - Started process (PID=2717) to work on /home/airflow/.local/lib/python3.7/site-packages/airflow/example_dags/example_sla_dag.py
[2023-05-20T15:43:10.525+0000] {processor.py:826} INFO - Processing file /home/airflow/.local/lib/python3.7/site-packages/airflow/example_dags/example_sla_dag.py for tasks to queue
[2023-05-20T15:43:10.526+0000] {logging_mixin.py:149} INFO - [2023-05-20T15:43:10.526+0000] {dagbag.py:541} INFO - Filling up the DagBag from /home/airflow/.local/lib/python3.7/site-packages/airflow/example_dags/example_sla_dag.py
[2023-05-20T15:43:10.536+0000] {processor.py:836} INFO - DAG(s) dict_keys(['example_sla_dag']) retrieved from /home/airflow/.local/lib/python3.7/site-packages/airflow/example_dags/example_sla_dag.py
[2023-05-20T15:43:10.564+0000] {logging_mixin.py:149} INFO - [2023-05-20T15:43:10.563+0000] {dag.py:2726} INFO - Sync 1 DAGs
[2023-05-20T15:43:10.600+0000] {logging_mixin.py:149} INFO - [2023-05-20T15:43:10.600+0000] {dag.py:3490} INFO - Setting next_dagrun for example_sla_dag to 2023-05-20T15:40:00+00:00, run_after=2023-05-20T15:42:00+00:00
[2023-05-20T15:43:10.624+0000] {processor.py:179} INFO - Processing /home/airflow/.local/lib/python3.7/site-packages/airflow/example_dags/example_sla_dag.py took 0.105 seconds
[2023-05-20T15:43:40.882+0000] {processor.py:157} INFO - Started process (PID=2775) to work on /home/airflow/.local/lib/python3.7/site-packages/airflow/example_dags/example_sla_dag.py
[2023-05-20T15:43:40.884+0000] {processor.py:826} INFO - Processing file /home/airflow/.local/lib/python3.7/site-packages/airflow/example_dags/example_sla_dag.py for tasks to queue
[2023-05-20T15:43:40.886+0000] {logging_mixin.py:149} INFO - [2023-05-20T15:43:40.886+0000] {dagbag.py:541} INFO - Filling up the DagBag from /home/airflow/.local/lib/python3.7/site-packages/airflow/example_dags/example_sla_dag.py
[2023-05-20T15:43:40.898+0000] {processor.py:836} INFO - DAG(s) dict_keys(['example_sla_dag']) retrieved from /home/airflow/.local/lib/python3.7/site-packages/airflow/example_dags/example_sla_dag.py
[2023-05-20T15:43:40.930+0000] {logging_mixin.py:149} INFO - [2023-05-20T15:43:40.930+0000] {dag.py:2726} INFO - Sync 1 DAGs
[2023-05-20T15:43:40.971+0000] {logging_mixin.py:149} INFO - [2023-05-20T15:43:40.971+0000] {dag.py:3490} INFO - Setting next_dagrun for example_sla_dag to 2023-05-20T15:40:00+00:00, run_after=2023-05-20T15:42:00+00:00
[2023-05-20T15:43:40.997+0000] {processor.py:179} INFO - Processing /home/airflow/.local/lib/python3.7/site-packages/airflow/example_dags/example_sla_dag.py took 0.119 seconds
[2023-05-20T15:44:11.224+0000] {processor.py:157} INFO - Started process (PID=2833) to work on /home/airflow/.local/lib/python3.7/site-packages/airflow/example_dags/example_sla_dag.py
[2023-05-20T15:44:11.225+0000] {processor.py:826} INFO - Processing file /home/airflow/.local/lib/python3.7/site-packages/airflow/example_dags/example_sla_dag.py for tasks to queue
[2023-05-20T15:44:11.226+0000] {logging_mixin.py:149} INFO - [2023-05-20T15:44:11.226+0000] {dagbag.py:541} INFO - Filling up the DagBag from /home/airflow/.local/lib/python3.7/site-packages/airflow/example_dags/example_sla_dag.py
[2023-05-20T15:44:11.238+0000] {processor.py:836} INFO - DAG(s) dict_keys(['example_sla_dag']) retrieved from /home/airflow/.local/lib/python3.7/site-packages/airflow/example_dags/example_sla_dag.py
[2023-05-20T15:44:11.269+0000] {logging_mixin.py:149} INFO - [2023-05-20T15:44:11.268+0000] {dag.py:2726} INFO - Sync 1 DAGs
[2023-05-20T15:44:11.306+0000] {logging_mixin.py:149} INFO - [2023-05-20T15:44:11.306+0000] {dag.py:3490} INFO - Setting next_dagrun for example_sla_dag to 2023-05-20T15:42:00+00:00, run_after=2023-05-20T15:44:00+00:00
[2023-05-20T15:44:11.329+0000] {processor.py:179} INFO - Processing /home/airflow/.local/lib/python3.7/site-packages/airflow/example_dags/example_sla_dag.py took 0.110 seconds
[2023-05-20T15:44:41.517+0000] {processor.py:157} INFO - Started process (PID=2891) to work on /home/airflow/.local/lib/python3.7/site-packages/airflow/example_dags/example_sla_dag.py
[2023-05-20T15:44:41.519+0000] {processor.py:826} INFO - Processing file /home/airflow/.local/lib/python3.7/site-packages/airflow/example_dags/example_sla_dag.py for tasks to queue
[2023-05-20T15:44:41.520+0000] {logging_mixin.py:149} INFO - [2023-05-20T15:44:41.520+0000] {dagbag.py:541} INFO - Filling up the DagBag from /home/airflow/.local/lib/python3.7/site-packages/airflow/example_dags/example_sla_dag.py
[2023-05-20T15:44:41.531+0000] {processor.py:836} INFO - DAG(s) dict_keys(['example_sla_dag']) retrieved from /home/airflow/.local/lib/python3.7/site-packages/airflow/example_dags/example_sla_dag.py
[2023-05-20T15:44:41.560+0000] {logging_mixin.py:149} INFO - [2023-05-20T15:44:41.560+0000] {dag.py:2726} INFO - Sync 1 DAGs
[2023-05-20T15:44:41.596+0000] {logging_mixin.py:149} INFO - [2023-05-20T15:44:41.596+0000] {dag.py:3490} INFO - Setting next_dagrun for example_sla_dag to 2023-05-20T15:42:00+00:00, run_after=2023-05-20T15:44:00+00:00
[2023-05-20T15:44:41.617+0000] {processor.py:179} INFO - Processing /home/airflow/.local/lib/python3.7/site-packages/airflow/example_dags/example_sla_dag.py took 0.105 seconds
[2023-05-20T15:45:12.262+0000] {processor.py:157} INFO - Started process (PID=2949) to work on /home/airflow/.local/lib/python3.7/site-packages/airflow/example_dags/example_sla_dag.py
[2023-05-20T15:45:12.264+0000] {processor.py:826} INFO - Processing file /home/airflow/.local/lib/python3.7/site-packages/airflow/example_dags/example_sla_dag.py for tasks to queue
[2023-05-20T15:45:12.265+0000] {logging_mixin.py:149} INFO - [2023-05-20T15:45:12.265+0000] {dagbag.py:541} INFO - Filling up the DagBag from /home/airflow/.local/lib/python3.7/site-packages/airflow/example_dags/example_sla_dag.py
[2023-05-20T15:45:12.277+0000] {processor.py:836} INFO - DAG(s) dict_keys(['example_sla_dag']) retrieved from /home/airflow/.local/lib/python3.7/site-packages/airflow/example_dags/example_sla_dag.py
[2023-05-20T15:45:12.315+0000] {logging_mixin.py:149} INFO - [2023-05-20T15:45:12.315+0000] {dag.py:2726} INFO - Sync 1 DAGs
[2023-05-20T15:45:12.363+0000] {logging_mixin.py:149} INFO - [2023-05-20T15:45:12.362+0000] {dag.py:3490} INFO - Setting next_dagrun for example_sla_dag to 2023-05-20T15:42:00+00:00, run_after=2023-05-20T15:44:00+00:00
[2023-05-20T15:45:12.399+0000] {processor.py:179} INFO - Processing /home/airflow/.local/lib/python3.7/site-packages/airflow/example_dags/example_sla_dag.py took 0.143 seconds
[2023-05-20T15:45:43.241+0000] {processor.py:157} INFO - Started process (PID=3007) to work on /home/airflow/.local/lib/python3.7/site-packages/airflow/example_dags/example_sla_dag.py
[2023-05-20T15:45:43.243+0000] {processor.py:826} INFO - Processing file /home/airflow/.local/lib/python3.7/site-packages/airflow/example_dags/example_sla_dag.py for tasks to queue
[2023-05-20T15:45:43.245+0000] {logging_mixin.py:149} INFO - [2023-05-20T15:45:43.245+0000] {dagbag.py:541} INFO - Filling up the DagBag from /home/airflow/.local/lib/python3.7/site-packages/airflow/example_dags/example_sla_dag.py
[2023-05-20T15:45:43.260+0000] {processor.py:836} INFO - DAG(s) dict_keys(['example_sla_dag']) retrieved from /home/airflow/.local/lib/python3.7/site-packages/airflow/example_dags/example_sla_dag.py
[2023-05-20T15:45:43.315+0000] {logging_mixin.py:149} INFO - [2023-05-20T15:45:43.314+0000] {dag.py:2726} INFO - Sync 1 DAGs
[2023-05-20T15:45:43.404+0000] {logging_mixin.py:149} INFO - [2023-05-20T15:45:43.404+0000] {dag.py:3490} INFO - Setting next_dagrun for example_sla_dag to 2023-05-20T15:42:00+00:00, run_after=2023-05-20T15:44:00+00:00
[2023-05-20T15:45:43.440+0000] {processor.py:179} INFO - Processing /home/airflow/.local/lib/python3.7/site-packages/airflow/example_dags/example_sla_dag.py took 0.203 seconds
[2023-05-20T15:46:14.010+0000] {processor.py:157} INFO - Started process (PID=3058) to work on /home/airflow/.local/lib/python3.7/site-packages/airflow/example_dags/example_sla_dag.py
[2023-05-20T15:46:14.012+0000] {processor.py:826} INFO - Processing file /home/airflow/.local/lib/python3.7/site-packages/airflow/example_dags/example_sla_dag.py for tasks to queue
[2023-05-20T15:46:14.014+0000] {logging_mixin.py:149} INFO - [2023-05-20T15:46:14.014+0000] {dagbag.py:541} INFO - Filling up the DagBag from /home/airflow/.local/lib/python3.7/site-packages/airflow/example_dags/example_sla_dag.py
[2023-05-20T15:46:14.029+0000] {processor.py:836} INFO - DAG(s) dict_keys(['example_sla_dag']) retrieved from /home/airflow/.local/lib/python3.7/site-packages/airflow/example_dags/example_sla_dag.py
[2023-05-20T15:46:14.069+0000] {logging_mixin.py:149} INFO - [2023-05-20T15:46:14.069+0000] {dag.py:2726} INFO - Sync 1 DAGs
[2023-05-20T15:46:14.119+0000] {logging_mixin.py:149} INFO - [2023-05-20T15:46:14.119+0000] {dag.py:3490} INFO - Setting next_dagrun for example_sla_dag to 2023-05-20T15:44:00+00:00, run_after=2023-05-20T15:46:00+00:00
[2023-05-20T15:46:14.155+0000] {processor.py:179} INFO - Processing /home/airflow/.local/lib/python3.7/site-packages/airflow/example_dags/example_sla_dag.py took 0.151 seconds
[2023-05-20T15:46:44.754+0000] {processor.py:157} INFO - Started process (PID=3116) to work on /home/airflow/.local/lib/python3.7/site-packages/airflow/example_dags/example_sla_dag.py
[2023-05-20T15:46:44.756+0000] {processor.py:826} INFO - Processing file /home/airflow/.local/lib/python3.7/site-packages/airflow/example_dags/example_sla_dag.py for tasks to queue
[2023-05-20T15:46:44.758+0000] {logging_mixin.py:149} INFO - [2023-05-20T15:46:44.757+0000] {dagbag.py:541} INFO - Filling up the DagBag from /home/airflow/.local/lib/python3.7/site-packages/airflow/example_dags/example_sla_dag.py
[2023-05-20T15:46:44.771+0000] {processor.py:836} INFO - DAG(s) dict_keys(['example_sla_dag']) retrieved from /home/airflow/.local/lib/python3.7/site-packages/airflow/example_dags/example_sla_dag.py
[2023-05-20T15:46:44.806+0000] {logging_mixin.py:149} INFO - [2023-05-20T15:46:44.806+0000] {dag.py:2726} INFO - Sync 1 DAGs
[2023-05-20T15:46:44.855+0000] {logging_mixin.py:149} INFO - [2023-05-20T15:46:44.854+0000] {dag.py:3490} INFO - Setting next_dagrun for example_sla_dag to 2023-05-20T15:44:00+00:00, run_after=2023-05-20T15:46:00+00:00
[2023-05-20T15:46:44.885+0000] {processor.py:179} INFO - Processing /home/airflow/.local/lib/python3.7/site-packages/airflow/example_dags/example_sla_dag.py took 0.136 seconds
[2023-05-20T15:47:15.426+0000] {processor.py:157} INFO - Started process (PID=3174) to work on /home/airflow/.local/lib/python3.7/site-packages/airflow/example_dags/example_sla_dag.py
[2023-05-20T15:47:15.428+0000] {processor.py:826} INFO - Processing file /home/airflow/.local/lib/python3.7/site-packages/airflow/example_dags/example_sla_dag.py for tasks to queue
[2023-05-20T15:47:15.430+0000] {logging_mixin.py:149} INFO - [2023-05-20T15:47:15.430+0000] {dagbag.py:541} INFO - Filling up the DagBag from /home/airflow/.local/lib/python3.7/site-packages/airflow/example_dags/example_sla_dag.py
[2023-05-20T15:47:15.443+0000] {processor.py:836} INFO - DAG(s) dict_keys(['example_sla_dag']) retrieved from /home/airflow/.local/lib/python3.7/site-packages/airflow/example_dags/example_sla_dag.py
[2023-05-20T15:47:15.478+0000] {logging_mixin.py:149} INFO - [2023-05-20T15:47:15.477+0000] {dag.py:2726} INFO - Sync 1 DAGs
[2023-05-20T15:47:15.520+0000] {logging_mixin.py:149} INFO - [2023-05-20T15:47:15.519+0000] {dag.py:3490} INFO - Setting next_dagrun for example_sla_dag to 2023-05-20T15:44:00+00:00, run_after=2023-05-20T15:46:00+00:00
[2023-05-20T15:47:15.550+0000] {processor.py:179} INFO - Processing /home/airflow/.local/lib/python3.7/site-packages/airflow/example_dags/example_sla_dag.py took 0.129 seconds
[2023-05-20T15:47:45.712+0000] {processor.py:157} INFO - Started process (PID=3232) to work on /home/airflow/.local/lib/python3.7/site-packages/airflow/example_dags/example_sla_dag.py
[2023-05-20T15:47:45.714+0000] {processor.py:826} INFO - Processing file /home/airflow/.local/lib/python3.7/site-packages/airflow/example_dags/example_sla_dag.py for tasks to queue
[2023-05-20T15:47:45.715+0000] {logging_mixin.py:149} INFO - [2023-05-20T15:47:45.715+0000] {dagbag.py:541} INFO - Filling up the DagBag from /home/airflow/.local/lib/python3.7/site-packages/airflow/example_dags/example_sla_dag.py
[2023-05-20T15:47:45.729+0000] {processor.py:836} INFO - DAG(s) dict_keys(['example_sla_dag']) retrieved from /home/airflow/.local/lib/python3.7/site-packages/airflow/example_dags/example_sla_dag.py
[2023-05-20T15:47:45.765+0000] {logging_mixin.py:149} INFO - [2023-05-20T15:47:45.765+0000] {dag.py:2726} INFO - Sync 1 DAGs
[2023-05-20T15:47:45.822+0000] {logging_mixin.py:149} INFO - [2023-05-20T15:47:45.821+0000] {dag.py:3490} INFO - Setting next_dagrun for example_sla_dag to 2023-05-20T15:44:00+00:00, run_after=2023-05-20T15:46:00+00:00
[2023-05-20T15:47:45.855+0000] {processor.py:179} INFO - Processing /home/airflow/.local/lib/python3.7/site-packages/airflow/example_dags/example_sla_dag.py took 0.148 seconds
[2023-05-20T15:48:16.660+0000] {processor.py:157} INFO - Started process (PID=3291) to work on /home/airflow/.local/lib/python3.7/site-packages/airflow/example_dags/example_sla_dag.py
[2023-05-20T15:48:16.665+0000] {processor.py:826} INFO - Processing file /home/airflow/.local/lib/python3.7/site-packages/airflow/example_dags/example_sla_dag.py for tasks to queue
[2023-05-20T15:48:16.667+0000] {logging_mixin.py:149} INFO - [2023-05-20T15:48:16.667+0000] {dagbag.py:541} INFO - Filling up the DagBag from /home/airflow/.local/lib/python3.7/site-packages/airflow/example_dags/example_sla_dag.py
[2023-05-20T15:48:16.685+0000] {processor.py:836} INFO - DAG(s) dict_keys(['example_sla_dag']) retrieved from /home/airflow/.local/lib/python3.7/site-packages/airflow/example_dags/example_sla_dag.py
[2023-05-20T15:48:16.750+0000] {logging_mixin.py:149} INFO - [2023-05-20T15:48:16.749+0000] {dag.py:2726} INFO - Sync 1 DAGs
[2023-05-20T15:48:16.816+0000] {logging_mixin.py:149} INFO - [2023-05-20T15:48:16.815+0000] {dag.py:3490} INFO - Setting next_dagrun for example_sla_dag to 2023-05-20T15:46:00+00:00, run_after=2023-05-20T15:48:00+00:00
[2023-05-20T15:48:16.864+0000] {processor.py:179} INFO - Processing /home/airflow/.local/lib/python3.7/site-packages/airflow/example_dags/example_sla_dag.py took 0.211 seconds
[2023-05-20T15:48:47.295+0000] {processor.py:157} INFO - Started process (PID=3349) to work on /home/airflow/.local/lib/python3.7/site-packages/airflow/example_dags/example_sla_dag.py
[2023-05-20T15:48:47.297+0000] {processor.py:826} INFO - Processing file /home/airflow/.local/lib/python3.7/site-packages/airflow/example_dags/example_sla_dag.py for tasks to queue
[2023-05-20T15:48:47.299+0000] {logging_mixin.py:149} INFO - [2023-05-20T15:48:47.299+0000] {dagbag.py:541} INFO - Filling up the DagBag from /home/airflow/.local/lib/python3.7/site-packages/airflow/example_dags/example_sla_dag.py
[2023-05-20T15:48:47.315+0000] {processor.py:836} INFO - DAG(s) dict_keys(['example_sla_dag']) retrieved from /home/airflow/.local/lib/python3.7/site-packages/airflow/example_dags/example_sla_dag.py
[2023-05-20T15:48:47.355+0000] {logging_mixin.py:149} INFO - [2023-05-20T15:48:47.355+0000] {dag.py:2726} INFO - Sync 1 DAGs
[2023-05-20T15:48:47.408+0000] {logging_mixin.py:149} INFO - [2023-05-20T15:48:47.407+0000] {dag.py:3490} INFO - Setting next_dagrun for example_sla_dag to 2023-05-20T15:46:00+00:00, run_after=2023-05-20T15:48:00+00:00
[2023-05-20T15:48:47.444+0000] {processor.py:179} INFO - Processing /home/airflow/.local/lib/python3.7/site-packages/airflow/example_dags/example_sla_dag.py took 0.154 seconds
[2023-05-20T15:49:17.769+0000] {processor.py:157} INFO - Started process (PID=3407) to work on /home/airflow/.local/lib/python3.7/site-packages/airflow/example_dags/example_sla_dag.py
[2023-05-20T15:49:17.772+0000] {processor.py:826} INFO - Processing file /home/airflow/.local/lib/python3.7/site-packages/airflow/example_dags/example_sla_dag.py for tasks to queue
[2023-05-20T15:49:17.774+0000] {logging_mixin.py:149} INFO - [2023-05-20T15:49:17.773+0000] {dagbag.py:541} INFO - Filling up the DagBag from /home/airflow/.local/lib/python3.7/site-packages/airflow/example_dags/example_sla_dag.py
[2023-05-20T15:49:17.793+0000] {processor.py:836} INFO - DAG(s) dict_keys(['example_sla_dag']) retrieved from /home/airflow/.local/lib/python3.7/site-packages/airflow/example_dags/example_sla_dag.py
[2023-05-20T15:49:17.834+0000] {logging_mixin.py:149} INFO - [2023-05-20T15:49:17.834+0000] {dag.py:2726} INFO - Sync 1 DAGs
[2023-05-20T15:49:17.885+0000] {logging_mixin.py:149} INFO - [2023-05-20T15:49:17.885+0000] {dag.py:3490} INFO - Setting next_dagrun for example_sla_dag to 2023-05-20T15:46:00+00:00, run_after=2023-05-20T15:48:00+00:00
[2023-05-20T15:49:17.925+0000] {processor.py:179} INFO - Processing /home/airflow/.local/lib/python3.7/site-packages/airflow/example_dags/example_sla_dag.py took 0.161 seconds
[2023-05-20T15:49:48.017+0000] {processor.py:157} INFO - Started process (PID=3465) to work on /home/airflow/.local/lib/python3.7/site-packages/airflow/example_dags/example_sla_dag.py
[2023-05-20T15:49:48.019+0000] {processor.py:826} INFO - Processing file /home/airflow/.local/lib/python3.7/site-packages/airflow/example_dags/example_sla_dag.py for tasks to queue
[2023-05-20T15:49:48.021+0000] {logging_mixin.py:149} INFO - [2023-05-20T15:49:48.020+0000] {dagbag.py:541} INFO - Filling up the DagBag from /home/airflow/.local/lib/python3.7/site-packages/airflow/example_dags/example_sla_dag.py
[2023-05-20T15:49:48.032+0000] {processor.py:836} INFO - DAG(s) dict_keys(['example_sla_dag']) retrieved from /home/airflow/.local/lib/python3.7/site-packages/airflow/example_dags/example_sla_dag.py
[2023-05-20T15:49:48.062+0000] {logging_mixin.py:149} INFO - [2023-05-20T15:49:48.062+0000] {dag.py:2726} INFO - Sync 1 DAGs
[2023-05-20T15:49:48.099+0000] {logging_mixin.py:149} INFO - [2023-05-20T15:49:48.099+0000] {dag.py:3490} INFO - Setting next_dagrun for example_sla_dag to 2023-05-20T15:46:00+00:00, run_after=2023-05-20T15:48:00+00:00
[2023-05-20T15:49:48.122+0000] {processor.py:179} INFO - Processing /home/airflow/.local/lib/python3.7/site-packages/airflow/example_dags/example_sla_dag.py took 0.110 seconds
[2023-05-20T16:08:46.040+0000] {processor.py:157} INFO - Started process (PID=41) to work on /home/airflow/.local/lib/python3.7/site-packages/airflow/example_dags/example_sla_dag.py
[2023-05-20T16:08:46.043+0000] {processor.py:826} INFO - Processing file /home/airflow/.local/lib/python3.7/site-packages/airflow/example_dags/example_sla_dag.py for tasks to queue
[2023-05-20T16:08:46.045+0000] {logging_mixin.py:149} INFO - [2023-05-20T16:08:46.045+0000] {dagbag.py:541} INFO - Filling up the DagBag from /home/airflow/.local/lib/python3.7/site-packages/airflow/example_dags/example_sla_dag.py
[2023-05-20T16:08:46.060+0000] {processor.py:836} INFO - DAG(s) dict_keys(['example_sla_dag']) retrieved from /home/airflow/.local/lib/python3.7/site-packages/airflow/example_dags/example_sla_dag.py
[2023-05-20T16:08:46.086+0000] {logging_mixin.py:149} INFO - [2023-05-20T16:08:46.086+0000] {dag.py:2726} INFO - Sync 1 DAGs
[2023-05-20T16:08:46.167+0000] {logging_mixin.py:149} INFO - [2023-05-20T16:08:46.166+0000] {dag.py:3490} INFO - Setting next_dagrun for example_sla_dag to 2023-05-20T16:06:00+00:00, run_after=2023-05-20T16:08:00+00:00
[2023-05-20T16:08:46.242+0000] {processor.py:179} INFO - Processing /home/airflow/.local/lib/python3.7/site-packages/airflow/example_dags/example_sla_dag.py took 0.206 seconds
[2023-05-20T16:09:16.556+0000] {processor.py:157} INFO - Started process (PID=99) to work on /home/airflow/.local/lib/python3.7/site-packages/airflow/example_dags/example_sla_dag.py
[2023-05-20T16:09:16.558+0000] {processor.py:826} INFO - Processing file /home/airflow/.local/lib/python3.7/site-packages/airflow/example_dags/example_sla_dag.py for tasks to queue
[2023-05-20T16:09:16.559+0000] {logging_mixin.py:149} INFO - [2023-05-20T16:09:16.559+0000] {dagbag.py:541} INFO - Filling up the DagBag from /home/airflow/.local/lib/python3.7/site-packages/airflow/example_dags/example_sla_dag.py
[2023-05-20T16:09:16.571+0000] {processor.py:836} INFO - DAG(s) dict_keys(['example_sla_dag']) retrieved from /home/airflow/.local/lib/python3.7/site-packages/airflow/example_dags/example_sla_dag.py
[2023-05-20T16:09:16.602+0000] {logging_mixin.py:149} INFO - [2023-05-20T16:09:16.601+0000] {dag.py:2726} INFO - Sync 1 DAGs
[2023-05-20T16:09:16.636+0000] {logging_mixin.py:149} INFO - [2023-05-20T16:09:16.636+0000] {dag.py:3490} INFO - Setting next_dagrun for example_sla_dag to 2023-05-20T16:06:00+00:00, run_after=2023-05-20T16:08:00+00:00
[2023-05-20T16:09:16.657+0000] {processor.py:179} INFO - Processing /home/airflow/.local/lib/python3.7/site-packages/airflow/example_dags/example_sla_dag.py took 0.106 seconds
[2023-05-20T16:09:47.352+0000] {processor.py:157} INFO - Started process (PID=157) to work on /home/airflow/.local/lib/python3.7/site-packages/airflow/example_dags/example_sla_dag.py
[2023-05-20T16:09:47.356+0000] {processor.py:826} INFO - Processing file /home/airflow/.local/lib/python3.7/site-packages/airflow/example_dags/example_sla_dag.py for tasks to queue
[2023-05-20T16:09:47.359+0000] {logging_mixin.py:149} INFO - [2023-05-20T16:09:47.358+0000] {dagbag.py:541} INFO - Filling up the DagBag from /home/airflow/.local/lib/python3.7/site-packages/airflow/example_dags/example_sla_dag.py
[2023-05-20T16:09:47.389+0000] {processor.py:836} INFO - DAG(s) dict_keys(['example_sla_dag']) retrieved from /home/airflow/.local/lib/python3.7/site-packages/airflow/example_dags/example_sla_dag.py
[2023-05-20T16:09:47.454+0000] {logging_mixin.py:149} INFO - [2023-05-20T16:09:47.454+0000] {dag.py:2726} INFO - Sync 1 DAGs
[2023-05-20T16:09:47.568+0000] {logging_mixin.py:149} INFO - [2023-05-20T16:09:47.567+0000] {dag.py:3490} INFO - Setting next_dagrun for example_sla_dag to 2023-05-20T16:06:00+00:00, run_after=2023-05-20T16:08:00+00:00
[2023-05-20T16:09:47.614+0000] {processor.py:179} INFO - Processing /home/airflow/.local/lib/python3.7/site-packages/airflow/example_dags/example_sla_dag.py took 0.295 seconds
[2023-05-20T16:10:18.737+0000] {processor.py:157} INFO - Started process (PID=215) to work on /home/airflow/.local/lib/python3.7/site-packages/airflow/example_dags/example_sla_dag.py
[2023-05-20T16:10:18.740+0000] {processor.py:826} INFO - Processing file /home/airflow/.local/lib/python3.7/site-packages/airflow/example_dags/example_sla_dag.py for tasks to queue
[2023-05-20T16:10:18.741+0000] {logging_mixin.py:149} INFO - [2023-05-20T16:10:18.741+0000] {dagbag.py:541} INFO - Filling up the DagBag from /home/airflow/.local/lib/python3.7/site-packages/airflow/example_dags/example_sla_dag.py
[2023-05-20T16:10:18.757+0000] {processor.py:836} INFO - DAG(s) dict_keys(['example_sla_dag']) retrieved from /home/airflow/.local/lib/python3.7/site-packages/airflow/example_dags/example_sla_dag.py
[2023-05-20T16:10:18.799+0000] {logging_mixin.py:149} INFO - [2023-05-20T16:10:18.799+0000] {dag.py:2726} INFO - Sync 1 DAGs
[2023-05-20T16:10:18.861+0000] {logging_mixin.py:149} INFO - [2023-05-20T16:10:18.860+0000] {dag.py:3490} INFO - Setting next_dagrun for example_sla_dag to 2023-05-20T16:08:00+00:00, run_after=2023-05-20T16:10:00+00:00
[2023-05-20T16:10:18.915+0000] {processor.py:179} INFO - Processing /home/airflow/.local/lib/python3.7/site-packages/airflow/example_dags/example_sla_dag.py took 0.184 seconds
[2023-05-20T16:10:49.034+0000] {processor.py:157} INFO - Started process (PID=273) to work on /home/airflow/.local/lib/python3.7/site-packages/airflow/example_dags/example_sla_dag.py
[2023-05-20T16:10:49.067+0000] {processor.py:826} INFO - Processing file /home/airflow/.local/lib/python3.7/site-packages/airflow/example_dags/example_sla_dag.py for tasks to queue
[2023-05-20T16:10:49.093+0000] {logging_mixin.py:149} INFO - [2023-05-20T16:10:49.092+0000] {dagbag.py:541} INFO - Filling up the DagBag from /home/airflow/.local/lib/python3.7/site-packages/airflow/example_dags/example_sla_dag.py
[2023-05-20T16:10:49.108+0000] {processor.py:836} INFO - DAG(s) dict_keys(['example_sla_dag']) retrieved from /home/airflow/.local/lib/python3.7/site-packages/airflow/example_dags/example_sla_dag.py
[2023-05-20T16:10:49.174+0000] {logging_mixin.py:149} INFO - [2023-05-20T16:10:49.173+0000] {dag.py:2726} INFO - Sync 1 DAGs
[2023-05-20T16:10:49.239+0000] {logging_mixin.py:149} INFO - [2023-05-20T16:10:49.239+0000] {dag.py:3490} INFO - Setting next_dagrun for example_sla_dag to 2023-05-20T16:08:00+00:00, run_after=2023-05-20T16:10:00+00:00
[2023-05-20T16:10:49.275+0000] {processor.py:179} INFO - Processing /home/airflow/.local/lib/python3.7/site-packages/airflow/example_dags/example_sla_dag.py took 0.247 seconds
[2023-05-20T16:11:20.026+0000] {processor.py:157} INFO - Started process (PID=331) to work on /home/airflow/.local/lib/python3.7/site-packages/airflow/example_dags/example_sla_dag.py
[2023-05-20T16:11:20.028+0000] {processor.py:826} INFO - Processing file /home/airflow/.local/lib/python3.7/site-packages/airflow/example_dags/example_sla_dag.py for tasks to queue
[2023-05-20T16:11:20.031+0000] {logging_mixin.py:149} INFO - [2023-05-20T16:11:20.031+0000] {dagbag.py:541} INFO - Filling up the DagBag from /home/airflow/.local/lib/python3.7/site-packages/airflow/example_dags/example_sla_dag.py
[2023-05-20T16:11:20.055+0000] {processor.py:836} INFO - DAG(s) dict_keys(['example_sla_dag']) retrieved from /home/airflow/.local/lib/python3.7/site-packages/airflow/example_dags/example_sla_dag.py
[2023-05-20T16:11:20.121+0000] {logging_mixin.py:149} INFO - [2023-05-20T16:11:20.121+0000] {dag.py:2726} INFO - Sync 1 DAGs
[2023-05-20T16:11:20.191+0000] {logging_mixin.py:149} INFO - [2023-05-20T16:11:20.191+0000] {dag.py:3490} INFO - Setting next_dagrun for example_sla_dag to 2023-05-20T16:08:00+00:00, run_after=2023-05-20T16:10:00+00:00
[2023-05-20T16:11:20.227+0000] {processor.py:179} INFO - Processing /home/airflow/.local/lib/python3.7/site-packages/airflow/example_dags/example_sla_dag.py took 0.209 seconds
[2023-05-20T16:11:50.805+0000] {processor.py:157} INFO - Started process (PID=389) to work on /home/airflow/.local/lib/python3.7/site-packages/airflow/example_dags/example_sla_dag.py
[2023-05-20T16:11:50.808+0000] {processor.py:826} INFO - Processing file /home/airflow/.local/lib/python3.7/site-packages/airflow/example_dags/example_sla_dag.py for tasks to queue
[2023-05-20T16:11:50.812+0000] {logging_mixin.py:149} INFO - [2023-05-20T16:11:50.812+0000] {dagbag.py:541} INFO - Filling up the DagBag from /home/airflow/.local/lib/python3.7/site-packages/airflow/example_dags/example_sla_dag.py
[2023-05-20T16:11:50.835+0000] {processor.py:836} INFO - DAG(s) dict_keys(['example_sla_dag']) retrieved from /home/airflow/.local/lib/python3.7/site-packages/airflow/example_dags/example_sla_dag.py
[2023-05-20T16:11:50.909+0000] {logging_mixin.py:149} INFO - [2023-05-20T16:11:50.909+0000] {dag.py:2726} INFO - Sync 1 DAGs
[2023-05-20T16:11:51.014+0000] {logging_mixin.py:149} INFO - [2023-05-20T16:11:51.014+0000] {dag.py:3490} INFO - Setting next_dagrun for example_sla_dag to 2023-05-20T16:08:00+00:00, run_after=2023-05-20T16:10:00+00:00
[2023-05-20T16:11:51.063+0000] {processor.py:179} INFO - Processing /home/airflow/.local/lib/python3.7/site-packages/airflow/example_dags/example_sla_dag.py took 0.272 seconds
[2023-05-20T16:12:21.166+0000] {processor.py:157} INFO - Started process (PID=447) to work on /home/airflow/.local/lib/python3.7/site-packages/airflow/example_dags/example_sla_dag.py
[2023-05-20T16:12:21.168+0000] {processor.py:826} INFO - Processing file /home/airflow/.local/lib/python3.7/site-packages/airflow/example_dags/example_sla_dag.py for tasks to queue
[2023-05-20T16:12:21.170+0000] {logging_mixin.py:149} INFO - [2023-05-20T16:12:21.170+0000] {dagbag.py:541} INFO - Filling up the DagBag from /home/airflow/.local/lib/python3.7/site-packages/airflow/example_dags/example_sla_dag.py
[2023-05-20T16:12:21.184+0000] {processor.py:836} INFO - DAG(s) dict_keys(['example_sla_dag']) retrieved from /home/airflow/.local/lib/python3.7/site-packages/airflow/example_dags/example_sla_dag.py
[2023-05-20T16:12:21.223+0000] {logging_mixin.py:149} INFO - [2023-05-20T16:12:21.223+0000] {dag.py:2726} INFO - Sync 1 DAGs
[2023-05-20T16:12:21.271+0000] {logging_mixin.py:149} INFO - [2023-05-20T16:12:21.271+0000] {dag.py:3490} INFO - Setting next_dagrun for example_sla_dag to 2023-05-20T16:10:00+00:00, run_after=2023-05-20T16:12:00+00:00
[2023-05-20T16:12:21.300+0000] {processor.py:179} INFO - Processing /home/airflow/.local/lib/python3.7/site-packages/airflow/example_dags/example_sla_dag.py took 0.140 seconds
[2023-05-20T16:12:51.914+0000] {processor.py:157} INFO - Started process (PID=505) to work on /home/airflow/.local/lib/python3.7/site-packages/airflow/example_dags/example_sla_dag.py
[2023-05-20T16:12:51.916+0000] {processor.py:826} INFO - Processing file /home/airflow/.local/lib/python3.7/site-packages/airflow/example_dags/example_sla_dag.py for tasks to queue
[2023-05-20T16:12:51.918+0000] {logging_mixin.py:149} INFO - [2023-05-20T16:12:51.918+0000] {dagbag.py:541} INFO - Filling up the DagBag from /home/airflow/.local/lib/python3.7/site-packages/airflow/example_dags/example_sla_dag.py
[2023-05-20T16:12:51.931+0000] {processor.py:836} INFO - DAG(s) dict_keys(['example_sla_dag']) retrieved from /home/airflow/.local/lib/python3.7/site-packages/airflow/example_dags/example_sla_dag.py
[2023-05-20T16:12:51.968+0000] {logging_mixin.py:149} INFO - [2023-05-20T16:12:51.968+0000] {dag.py:2726} INFO - Sync 1 DAGs
[2023-05-20T16:12:52.012+0000] {logging_mixin.py:149} INFO - [2023-05-20T16:12:52.011+0000] {dag.py:3490} INFO - Setting next_dagrun for example_sla_dag to 2023-05-20T16:10:00+00:00, run_after=2023-05-20T16:12:00+00:00
[2023-05-20T16:12:52.041+0000] {processor.py:179} INFO - Processing /home/airflow/.local/lib/python3.7/site-packages/airflow/example_dags/example_sla_dag.py took 0.132 seconds
[2023-05-20T16:13:22.520+0000] {processor.py:157} INFO - Started process (PID=563) to work on /home/airflow/.local/lib/python3.7/site-packages/airflow/example_dags/example_sla_dag.py
[2023-05-20T16:13:22.522+0000] {processor.py:826} INFO - Processing file /home/airflow/.local/lib/python3.7/site-packages/airflow/example_dags/example_sla_dag.py for tasks to queue
[2023-05-20T16:13:22.523+0000] {logging_mixin.py:149} INFO - [2023-05-20T16:13:22.523+0000] {dagbag.py:541} INFO - Filling up the DagBag from /home/airflow/.local/lib/python3.7/site-packages/airflow/example_dags/example_sla_dag.py
[2023-05-20T16:13:22.535+0000] {processor.py:836} INFO - DAG(s) dict_keys(['example_sla_dag']) retrieved from /home/airflow/.local/lib/python3.7/site-packages/airflow/example_dags/example_sla_dag.py
[2023-05-20T16:13:22.566+0000] {logging_mixin.py:149} INFO - [2023-05-20T16:13:22.566+0000] {dag.py:2726} INFO - Sync 1 DAGs
[2023-05-20T16:13:22.607+0000] {logging_mixin.py:149} INFO - [2023-05-20T16:13:22.607+0000] {dag.py:3490} INFO - Setting next_dagrun for example_sla_dag to 2023-05-20T16:10:00+00:00, run_after=2023-05-20T16:12:00+00:00
[2023-05-20T16:13:22.643+0000] {processor.py:179} INFO - Processing /home/airflow/.local/lib/python3.7/site-packages/airflow/example_dags/example_sla_dag.py took 0.128 seconds
