[2023-05-20T15:19:50.548+0000] {processor.py:157} INFO - Started process (PID=64) to work on /home/airflow/.local/lib/python3.7/site-packages/airflow/example_dags/example_task_group_decorator.py
[2023-05-20T15:19:50.551+0000] {processor.py:826} INFO - Processing file /home/airflow/.local/lib/python3.7/site-packages/airflow/example_dags/example_task_group_decorator.py for tasks to queue
[2023-05-20T15:19:50.553+0000] {logging_mixin.py:149} INFO - [2023-05-20T15:19:50.553+0000] {dagbag.py:541} INFO - Filling up the DagBag from /home/airflow/.local/lib/python3.7/site-packages/airflow/example_dags/example_task_group_decorator.py
[2023-05-20T15:19:50.590+0000] {processor.py:836} INFO - DAG(s) dict_keys(['example_task_group_decorator']) retrieved from /home/airflow/.local/lib/python3.7/site-packages/airflow/example_dags/example_task_group_decorator.py
[2023-05-20T15:19:50.624+0000] {logging_mixin.py:149} INFO - [2023-05-20T15:19:50.623+0000] {dag.py:2726} INFO - Sync 1 DAGs
[2023-05-20T15:19:50.664+0000] {logging_mixin.py:149} INFO - [2023-05-20T15:19:50.663+0000] {dag.py:3490} INFO - Setting next_dagrun for example_task_group_decorator to 2023-05-19T15:19:50.663458+00:00, run_after=2023-05-20T15:19:50.663458+00:00
[2023-05-20T15:19:50.694+0000] {processor.py:179} INFO - Processing /home/airflow/.local/lib/python3.7/site-packages/airflow/example_dags/example_task_group_decorator.py took 0.159 seconds
[2023-05-20T15:20:22.257+0000] {processor.py:157} INFO - Started process (PID=122) to work on /home/airflow/.local/lib/python3.7/site-packages/airflow/example_dags/example_task_group_decorator.py
[2023-05-20T15:20:22.259+0000] {processor.py:826} INFO - Processing file /home/airflow/.local/lib/python3.7/site-packages/airflow/example_dags/example_task_group_decorator.py for tasks to queue
[2023-05-20T15:20:22.261+0000] {logging_mixin.py:149} INFO - [2023-05-20T15:20:22.261+0000] {dagbag.py:541} INFO - Filling up the DagBag from /home/airflow/.local/lib/python3.7/site-packages/airflow/example_dags/example_task_group_decorator.py
[2023-05-20T15:20:22.288+0000] {processor.py:836} INFO - DAG(s) dict_keys(['example_task_group_decorator']) retrieved from /home/airflow/.local/lib/python3.7/site-packages/airflow/example_dags/example_task_group_decorator.py
[2023-05-20T15:20:22.342+0000] {logging_mixin.py:149} INFO - [2023-05-20T15:20:22.342+0000] {dag.py:2726} INFO - Sync 1 DAGs
[2023-05-20T15:20:22.463+0000] {logging_mixin.py:149} INFO - [2023-05-20T15:20:22.462+0000] {dag.py:3490} INFO - Setting next_dagrun for example_task_group_decorator to 2023-05-19T15:20:22.461826+00:00, run_after=2023-05-20T15:20:22.461826+00:00
[2023-05-20T15:20:22.577+0000] {processor.py:179} INFO - Processing /home/airflow/.local/lib/python3.7/site-packages/airflow/example_dags/example_task_group_decorator.py took 0.327 seconds
[2023-05-20T15:20:53.270+0000] {processor.py:157} INFO - Started process (PID=180) to work on /home/airflow/.local/lib/python3.7/site-packages/airflow/example_dags/example_task_group_decorator.py
[2023-05-20T15:20:53.273+0000] {processor.py:826} INFO - Processing file /home/airflow/.local/lib/python3.7/site-packages/airflow/example_dags/example_task_group_decorator.py for tasks to queue
[2023-05-20T15:20:53.275+0000] {logging_mixin.py:149} INFO - [2023-05-20T15:20:53.275+0000] {dagbag.py:541} INFO - Filling up the DagBag from /home/airflow/.local/lib/python3.7/site-packages/airflow/example_dags/example_task_group_decorator.py
[2023-05-20T15:20:53.294+0000] {processor.py:836} INFO - DAG(s) dict_keys(['example_task_group_decorator']) retrieved from /home/airflow/.local/lib/python3.7/site-packages/airflow/example_dags/example_task_group_decorator.py
[2023-05-20T15:20:53.329+0000] {logging_mixin.py:149} INFO - [2023-05-20T15:20:53.328+0000] {dag.py:2726} INFO - Sync 1 DAGs
[2023-05-20T15:20:53.362+0000] {logging_mixin.py:149} INFO - [2023-05-20T15:20:53.362+0000] {dag.py:3490} INFO - Setting next_dagrun for example_task_group_decorator to 2023-05-19T15:20:53.361407+00:00, run_after=2023-05-20T15:20:53.361407+00:00
[2023-05-20T15:20:53.390+0000] {processor.py:179} INFO - Processing /home/airflow/.local/lib/python3.7/site-packages/airflow/example_dags/example_task_group_decorator.py took 0.124 seconds
[2023-05-20T15:21:24.067+0000] {processor.py:157} INFO - Started process (PID=238) to work on /home/airflow/.local/lib/python3.7/site-packages/airflow/example_dags/example_task_group_decorator.py
[2023-05-20T15:21:24.073+0000] {processor.py:826} INFO - Processing file /home/airflow/.local/lib/python3.7/site-packages/airflow/example_dags/example_task_group_decorator.py for tasks to queue
[2023-05-20T15:21:24.075+0000] {logging_mixin.py:149} INFO - [2023-05-20T15:21:24.075+0000] {dagbag.py:541} INFO - Filling up the DagBag from /home/airflow/.local/lib/python3.7/site-packages/airflow/example_dags/example_task_group_decorator.py
[2023-05-20T15:21:24.103+0000] {processor.py:836} INFO - DAG(s) dict_keys(['example_task_group_decorator']) retrieved from /home/airflow/.local/lib/python3.7/site-packages/airflow/example_dags/example_task_group_decorator.py
[2023-05-20T15:21:24.157+0000] {logging_mixin.py:149} INFO - [2023-05-20T15:21:24.156+0000] {dag.py:2726} INFO - Sync 1 DAGs
[2023-05-20T15:21:24.224+0000] {logging_mixin.py:149} INFO - [2023-05-20T15:21:24.224+0000] {dag.py:3490} INFO - Setting next_dagrun for example_task_group_decorator to 2023-05-19T15:21:24.223262+00:00, run_after=2023-05-20T15:21:24.223262+00:00
[2023-05-20T15:21:24.310+0000] {processor.py:179} INFO - Processing /home/airflow/.local/lib/python3.7/site-packages/airflow/example_dags/example_task_group_decorator.py took 0.255 seconds
[2023-05-20T15:21:54.933+0000] {processor.py:157} INFO - Started process (PID=296) to work on /home/airflow/.local/lib/python3.7/site-packages/airflow/example_dags/example_task_group_decorator.py
[2023-05-20T15:21:54.935+0000] {processor.py:826} INFO - Processing file /home/airflow/.local/lib/python3.7/site-packages/airflow/example_dags/example_task_group_decorator.py for tasks to queue
[2023-05-20T15:21:54.937+0000] {logging_mixin.py:149} INFO - [2023-05-20T15:21:54.937+0000] {dagbag.py:541} INFO - Filling up the DagBag from /home/airflow/.local/lib/python3.7/site-packages/airflow/example_dags/example_task_group_decorator.py
[2023-05-20T15:21:54.958+0000] {processor.py:836} INFO - DAG(s) dict_keys(['example_task_group_decorator']) retrieved from /home/airflow/.local/lib/python3.7/site-packages/airflow/example_dags/example_task_group_decorator.py
[2023-05-20T15:21:54.996+0000] {logging_mixin.py:149} INFO - [2023-05-20T15:21:54.996+0000] {dag.py:2726} INFO - Sync 1 DAGs
[2023-05-20T15:21:55.031+0000] {logging_mixin.py:149} INFO - [2023-05-20T15:21:55.031+0000] {dag.py:3490} INFO - Setting next_dagrun for example_task_group_decorator to 2023-05-19T15:21:55.031146+00:00, run_after=2023-05-20T15:21:55.031146+00:00
[2023-05-20T15:21:55.060+0000] {processor.py:179} INFO - Processing /home/airflow/.local/lib/python3.7/site-packages/airflow/example_dags/example_task_group_decorator.py took 0.132 seconds
[2023-05-20T15:22:25.134+0000] {processor.py:157} INFO - Started process (PID=353) to work on /home/airflow/.local/lib/python3.7/site-packages/airflow/example_dags/example_task_group_decorator.py
[2023-05-20T15:22:25.136+0000] {processor.py:826} INFO - Processing file /home/airflow/.local/lib/python3.7/site-packages/airflow/example_dags/example_task_group_decorator.py for tasks to queue
[2023-05-20T15:22:25.138+0000] {logging_mixin.py:149} INFO - [2023-05-20T15:22:25.138+0000] {dagbag.py:541} INFO - Filling up the DagBag from /home/airflow/.local/lib/python3.7/site-packages/airflow/example_dags/example_task_group_decorator.py
[2023-05-20T15:22:25.163+0000] {processor.py:836} INFO - DAG(s) dict_keys(['example_task_group_decorator']) retrieved from /home/airflow/.local/lib/python3.7/site-packages/airflow/example_dags/example_task_group_decorator.py
[2023-05-20T15:22:25.211+0000] {logging_mixin.py:149} INFO - [2023-05-20T15:22:25.210+0000] {dag.py:2726} INFO - Sync 1 DAGs
[2023-05-20T15:22:25.251+0000] {logging_mixin.py:149} INFO - [2023-05-20T15:22:25.250+0000] {dag.py:3490} INFO - Setting next_dagrun for example_task_group_decorator to 2023-05-19T15:22:25.250259+00:00, run_after=2023-05-20T15:22:25.250259+00:00
[2023-05-20T15:22:25.283+0000] {processor.py:179} INFO - Processing /home/airflow/.local/lib/python3.7/site-packages/airflow/example_dags/example_task_group_decorator.py took 0.155 seconds
[2023-05-20T15:22:55.403+0000] {processor.py:157} INFO - Started process (PID=411) to work on /home/airflow/.local/lib/python3.7/site-packages/airflow/example_dags/example_task_group_decorator.py
[2023-05-20T15:22:55.405+0000] {processor.py:826} INFO - Processing file /home/airflow/.local/lib/python3.7/site-packages/airflow/example_dags/example_task_group_decorator.py for tasks to queue
[2023-05-20T15:22:55.407+0000] {logging_mixin.py:149} INFO - [2023-05-20T15:22:55.406+0000] {dagbag.py:541} INFO - Filling up the DagBag from /home/airflow/.local/lib/python3.7/site-packages/airflow/example_dags/example_task_group_decorator.py
[2023-05-20T15:22:55.427+0000] {processor.py:836} INFO - DAG(s) dict_keys(['example_task_group_decorator']) retrieved from /home/airflow/.local/lib/python3.7/site-packages/airflow/example_dags/example_task_group_decorator.py
[2023-05-20T15:22:55.465+0000] {logging_mixin.py:149} INFO - [2023-05-20T15:22:55.465+0000] {dag.py:2726} INFO - Sync 1 DAGs
[2023-05-20T15:22:55.501+0000] {logging_mixin.py:149} INFO - [2023-05-20T15:22:55.500+0000] {dag.py:3490} INFO - Setting next_dagrun for example_task_group_decorator to 2023-05-19T15:22:55.500422+00:00, run_after=2023-05-20T15:22:55.500422+00:00
[2023-05-20T15:22:55.527+0000] {processor.py:179} INFO - Processing /home/airflow/.local/lib/python3.7/site-packages/airflow/example_dags/example_task_group_decorator.py took 0.129 seconds
[2023-05-20T15:23:25.627+0000] {processor.py:157} INFO - Started process (PID=469) to work on /home/airflow/.local/lib/python3.7/site-packages/airflow/example_dags/example_task_group_decorator.py
[2023-05-20T15:23:25.629+0000] {processor.py:826} INFO - Processing file /home/airflow/.local/lib/python3.7/site-packages/airflow/example_dags/example_task_group_decorator.py for tasks to queue
[2023-05-20T15:23:25.630+0000] {logging_mixin.py:149} INFO - [2023-05-20T15:23:25.630+0000] {dagbag.py:541} INFO - Filling up the DagBag from /home/airflow/.local/lib/python3.7/site-packages/airflow/example_dags/example_task_group_decorator.py
[2023-05-20T15:23:25.649+0000] {processor.py:836} INFO - DAG(s) dict_keys(['example_task_group_decorator']) retrieved from /home/airflow/.local/lib/python3.7/site-packages/airflow/example_dags/example_task_group_decorator.py
[2023-05-20T15:23:25.683+0000] {logging_mixin.py:149} INFO - [2023-05-20T15:23:25.682+0000] {dag.py:2726} INFO - Sync 1 DAGs
[2023-05-20T15:23:25.713+0000] {logging_mixin.py:149} INFO - [2023-05-20T15:23:25.713+0000] {dag.py:3490} INFO - Setting next_dagrun for example_task_group_decorator to 2023-05-19T15:23:25.712935+00:00, run_after=2023-05-20T15:23:25.712935+00:00
[2023-05-20T15:23:25.796+0000] {processor.py:179} INFO - Processing /home/airflow/.local/lib/python3.7/site-packages/airflow/example_dags/example_task_group_decorator.py took 0.174 seconds
[2023-05-20T15:23:57.083+0000] {processor.py:157} INFO - Started process (PID=527) to work on /home/airflow/.local/lib/python3.7/site-packages/airflow/example_dags/example_task_group_decorator.py
[2023-05-20T15:23:57.085+0000] {processor.py:826} INFO - Processing file /home/airflow/.local/lib/python3.7/site-packages/airflow/example_dags/example_task_group_decorator.py for tasks to queue
[2023-05-20T15:23:57.086+0000] {logging_mixin.py:149} INFO - [2023-05-20T15:23:57.086+0000] {dagbag.py:541} INFO - Filling up the DagBag from /home/airflow/.local/lib/python3.7/site-packages/airflow/example_dags/example_task_group_decorator.py
[2023-05-20T15:23:57.106+0000] {processor.py:836} INFO - DAG(s) dict_keys(['example_task_group_decorator']) retrieved from /home/airflow/.local/lib/python3.7/site-packages/airflow/example_dags/example_task_group_decorator.py
[2023-05-20T15:23:57.168+0000] {logging_mixin.py:149} INFO - [2023-05-20T15:23:57.168+0000] {dag.py:2726} INFO - Sync 1 DAGs
[2023-05-20T15:23:57.211+0000] {logging_mixin.py:149} INFO - [2023-05-20T15:23:57.211+0000] {dag.py:3490} INFO - Setting next_dagrun for example_task_group_decorator to 2023-05-19T15:23:57.210982+00:00, run_after=2023-05-20T15:23:57.210982+00:00
[2023-05-20T15:23:57.283+0000] {processor.py:179} INFO - Processing /home/airflow/.local/lib/python3.7/site-packages/airflow/example_dags/example_task_group_decorator.py took 0.205 seconds
[2023-05-20T15:24:27.646+0000] {processor.py:157} INFO - Started process (PID=585) to work on /home/airflow/.local/lib/python3.7/site-packages/airflow/example_dags/example_task_group_decorator.py
[2023-05-20T15:24:27.648+0000] {processor.py:826} INFO - Processing file /home/airflow/.local/lib/python3.7/site-packages/airflow/example_dags/example_task_group_decorator.py for tasks to queue
[2023-05-20T15:24:27.649+0000] {logging_mixin.py:149} INFO - [2023-05-20T15:24:27.649+0000] {dagbag.py:541} INFO - Filling up the DagBag from /home/airflow/.local/lib/python3.7/site-packages/airflow/example_dags/example_task_group_decorator.py
[2023-05-20T15:24:27.671+0000] {processor.py:836} INFO - DAG(s) dict_keys(['example_task_group_decorator']) retrieved from /home/airflow/.local/lib/python3.7/site-packages/airflow/example_dags/example_task_group_decorator.py
[2023-05-20T15:24:27.718+0000] {logging_mixin.py:149} INFO - [2023-05-20T15:24:27.718+0000] {dag.py:2726} INFO - Sync 1 DAGs
[2023-05-20T15:24:27.759+0000] {logging_mixin.py:149} INFO - [2023-05-20T15:24:27.759+0000] {dag.py:3490} INFO - Setting next_dagrun for example_task_group_decorator to 2023-05-19T15:24:27.758701+00:00, run_after=2023-05-20T15:24:27.758701+00:00
[2023-05-20T15:24:27.793+0000] {processor.py:179} INFO - Processing /home/airflow/.local/lib/python3.7/site-packages/airflow/example_dags/example_task_group_decorator.py took 0.152 seconds
[2023-05-20T15:24:58.237+0000] {processor.py:157} INFO - Started process (PID=643) to work on /home/airflow/.local/lib/python3.7/site-packages/airflow/example_dags/example_task_group_decorator.py
[2023-05-20T15:24:58.239+0000] {processor.py:826} INFO - Processing file /home/airflow/.local/lib/python3.7/site-packages/airflow/example_dags/example_task_group_decorator.py for tasks to queue
[2023-05-20T15:24:58.241+0000] {logging_mixin.py:149} INFO - [2023-05-20T15:24:58.241+0000] {dagbag.py:541} INFO - Filling up the DagBag from /home/airflow/.local/lib/python3.7/site-packages/airflow/example_dags/example_task_group_decorator.py
[2023-05-20T15:24:58.262+0000] {processor.py:836} INFO - DAG(s) dict_keys(['example_task_group_decorator']) retrieved from /home/airflow/.local/lib/python3.7/site-packages/airflow/example_dags/example_task_group_decorator.py
[2023-05-20T15:24:58.301+0000] {logging_mixin.py:149} INFO - [2023-05-20T15:24:58.300+0000] {dag.py:2726} INFO - Sync 1 DAGs
[2023-05-20T15:24:58.340+0000] {logging_mixin.py:149} INFO - [2023-05-20T15:24:58.340+0000] {dag.py:3490} INFO - Setting next_dagrun for example_task_group_decorator to 2023-05-19T15:24:58.339878+00:00, run_after=2023-05-20T15:24:58.339878+00:00
[2023-05-20T15:24:58.367+0000] {processor.py:179} INFO - Processing /home/airflow/.local/lib/python3.7/site-packages/airflow/example_dags/example_task_group_decorator.py took 0.137 seconds
[2023-05-20T15:25:29.063+0000] {processor.py:157} INFO - Started process (PID=701) to work on /home/airflow/.local/lib/python3.7/site-packages/airflow/example_dags/example_task_group_decorator.py
[2023-05-20T15:25:29.065+0000] {processor.py:826} INFO - Processing file /home/airflow/.local/lib/python3.7/site-packages/airflow/example_dags/example_task_group_decorator.py for tasks to queue
[2023-05-20T15:25:29.067+0000] {logging_mixin.py:149} INFO - [2023-05-20T15:25:29.066+0000] {dagbag.py:541} INFO - Filling up the DagBag from /home/airflow/.local/lib/python3.7/site-packages/airflow/example_dags/example_task_group_decorator.py
[2023-05-20T15:25:29.087+0000] {processor.py:836} INFO - DAG(s) dict_keys(['example_task_group_decorator']) retrieved from /home/airflow/.local/lib/python3.7/site-packages/airflow/example_dags/example_task_group_decorator.py
[2023-05-20T15:25:29.122+0000] {logging_mixin.py:149} INFO - [2023-05-20T15:25:29.122+0000] {dag.py:2726} INFO - Sync 1 DAGs
[2023-05-20T15:25:29.150+0000] {logging_mixin.py:149} INFO - [2023-05-20T15:25:29.150+0000] {dag.py:3490} INFO - Setting next_dagrun for example_task_group_decorator to 2023-05-19T15:25:29.150285+00:00, run_after=2023-05-20T15:25:29.150285+00:00
[2023-05-20T15:25:29.171+0000] {processor.py:179} INFO - Processing /home/airflow/.local/lib/python3.7/site-packages/airflow/example_dags/example_task_group_decorator.py took 0.112 seconds
[2023-05-20T15:25:59.547+0000] {processor.py:157} INFO - Started process (PID=759) to work on /home/airflow/.local/lib/python3.7/site-packages/airflow/example_dags/example_task_group_decorator.py
[2023-05-20T15:25:59.550+0000] {processor.py:826} INFO - Processing file /home/airflow/.local/lib/python3.7/site-packages/airflow/example_dags/example_task_group_decorator.py for tasks to queue
[2023-05-20T15:25:59.552+0000] {logging_mixin.py:149} INFO - [2023-05-20T15:25:59.551+0000] {dagbag.py:541} INFO - Filling up the DagBag from /home/airflow/.local/lib/python3.7/site-packages/airflow/example_dags/example_task_group_decorator.py
[2023-05-20T15:25:59.598+0000] {processor.py:836} INFO - DAG(s) dict_keys(['example_task_group_decorator']) retrieved from /home/airflow/.local/lib/python3.7/site-packages/airflow/example_dags/example_task_group_decorator.py
[2023-05-20T15:25:59.653+0000] {logging_mixin.py:149} INFO - [2023-05-20T15:25:59.653+0000] {dag.py:2726} INFO - Sync 1 DAGs
[2023-05-20T15:25:59.709+0000] {logging_mixin.py:149} INFO - [2023-05-20T15:25:59.709+0000] {dag.py:3490} INFO - Setting next_dagrun for example_task_group_decorator to 2023-05-19T15:25:59.708717+00:00, run_after=2023-05-20T15:25:59.708717+00:00
[2023-05-20T15:25:59.750+0000] {processor.py:179} INFO - Processing /home/airflow/.local/lib/python3.7/site-packages/airflow/example_dags/example_task_group_decorator.py took 0.211 seconds
[2023-05-20T15:26:30.573+0000] {processor.py:157} INFO - Started process (PID=817) to work on /home/airflow/.local/lib/python3.7/site-packages/airflow/example_dags/example_task_group_decorator.py
[2023-05-20T15:26:30.575+0000] {processor.py:826} INFO - Processing file /home/airflow/.local/lib/python3.7/site-packages/airflow/example_dags/example_task_group_decorator.py for tasks to queue
[2023-05-20T15:26:30.577+0000] {logging_mixin.py:149} INFO - [2023-05-20T15:26:30.577+0000] {dagbag.py:541} INFO - Filling up the DagBag from /home/airflow/.local/lib/python3.7/site-packages/airflow/example_dags/example_task_group_decorator.py
[2023-05-20T15:26:30.600+0000] {processor.py:836} INFO - DAG(s) dict_keys(['example_task_group_decorator']) retrieved from /home/airflow/.local/lib/python3.7/site-packages/airflow/example_dags/example_task_group_decorator.py
[2023-05-20T15:26:30.636+0000] {logging_mixin.py:149} INFO - [2023-05-20T15:26:30.636+0000] {dag.py:2726} INFO - Sync 1 DAGs
[2023-05-20T15:26:30.676+0000] {logging_mixin.py:149} INFO - [2023-05-20T15:26:30.675+0000] {dag.py:3490} INFO - Setting next_dagrun for example_task_group_decorator to 2023-05-19T15:26:30.675543+00:00, run_after=2023-05-20T15:26:30.675543+00:00
[2023-05-20T15:26:30.702+0000] {processor.py:179} INFO - Processing /home/airflow/.local/lib/python3.7/site-packages/airflow/example_dags/example_task_group_decorator.py took 0.134 seconds
[2023-05-20T15:27:01.099+0000] {processor.py:157} INFO - Started process (PID=875) to work on /home/airflow/.local/lib/python3.7/site-packages/airflow/example_dags/example_task_group_decorator.py
[2023-05-20T15:27:01.101+0000] {processor.py:826} INFO - Processing file /home/airflow/.local/lib/python3.7/site-packages/airflow/example_dags/example_task_group_decorator.py for tasks to queue
[2023-05-20T15:27:01.103+0000] {logging_mixin.py:149} INFO - [2023-05-20T15:27:01.103+0000] {dagbag.py:541} INFO - Filling up the DagBag from /home/airflow/.local/lib/python3.7/site-packages/airflow/example_dags/example_task_group_decorator.py
[2023-05-20T15:27:01.122+0000] {processor.py:836} INFO - DAG(s) dict_keys(['example_task_group_decorator']) retrieved from /home/airflow/.local/lib/python3.7/site-packages/airflow/example_dags/example_task_group_decorator.py
[2023-05-20T15:27:01.159+0000] {logging_mixin.py:149} INFO - [2023-05-20T15:27:01.159+0000] {dag.py:2726} INFO - Sync 1 DAGs
[2023-05-20T15:27:01.191+0000] {logging_mixin.py:149} INFO - [2023-05-20T15:27:01.191+0000] {dag.py:3490} INFO - Setting next_dagrun for example_task_group_decorator to 2023-05-19T15:27:01.190908+00:00, run_after=2023-05-20T15:27:01.190908+00:00
[2023-05-20T15:27:01.225+0000] {processor.py:179} INFO - Processing /home/airflow/.local/lib/python3.7/site-packages/airflow/example_dags/example_task_group_decorator.py took 0.131 seconds
[2023-05-20T15:27:31.696+0000] {processor.py:157} INFO - Started process (PID=933) to work on /home/airflow/.local/lib/python3.7/site-packages/airflow/example_dags/example_task_group_decorator.py
[2023-05-20T15:27:31.699+0000] {processor.py:826} INFO - Processing file /home/airflow/.local/lib/python3.7/site-packages/airflow/example_dags/example_task_group_decorator.py for tasks to queue
[2023-05-20T15:27:31.700+0000] {logging_mixin.py:149} INFO - [2023-05-20T15:27:31.700+0000] {dagbag.py:541} INFO - Filling up the DagBag from /home/airflow/.local/lib/python3.7/site-packages/airflow/example_dags/example_task_group_decorator.py
[2023-05-20T15:27:31.718+0000] {processor.py:836} INFO - DAG(s) dict_keys(['example_task_group_decorator']) retrieved from /home/airflow/.local/lib/python3.7/site-packages/airflow/example_dags/example_task_group_decorator.py
[2023-05-20T15:27:31.755+0000] {logging_mixin.py:149} INFO - [2023-05-20T15:27:31.754+0000] {dag.py:2726} INFO - Sync 1 DAGs
[2023-05-20T15:27:31.784+0000] {logging_mixin.py:149} INFO - [2023-05-20T15:27:31.783+0000] {dag.py:3490} INFO - Setting next_dagrun for example_task_group_decorator to 2023-05-19T15:27:31.783640+00:00, run_after=2023-05-20T15:27:31.783640+00:00
[2023-05-20T15:27:31.807+0000] {processor.py:179} INFO - Processing /home/airflow/.local/lib/python3.7/site-packages/airflow/example_dags/example_task_group_decorator.py took 0.115 seconds
[2023-05-20T15:28:02.570+0000] {processor.py:157} INFO - Started process (PID=991) to work on /home/airflow/.local/lib/python3.7/site-packages/airflow/example_dags/example_task_group_decorator.py
[2023-05-20T15:28:02.575+0000] {processor.py:826} INFO - Processing file /home/airflow/.local/lib/python3.7/site-packages/airflow/example_dags/example_task_group_decorator.py for tasks to queue
[2023-05-20T15:28:02.577+0000] {logging_mixin.py:149} INFO - [2023-05-20T15:28:02.577+0000] {dagbag.py:541} INFO - Filling up the DagBag from /home/airflow/.local/lib/python3.7/site-packages/airflow/example_dags/example_task_group_decorator.py
[2023-05-20T15:28:02.611+0000] {processor.py:836} INFO - DAG(s) dict_keys(['example_task_group_decorator']) retrieved from /home/airflow/.local/lib/python3.7/site-packages/airflow/example_dags/example_task_group_decorator.py
[2023-05-20T15:28:02.665+0000] {logging_mixin.py:149} INFO - [2023-05-20T15:28:02.665+0000] {dag.py:2726} INFO - Sync 1 DAGs
[2023-05-20T15:28:02.714+0000] {logging_mixin.py:149} INFO - [2023-05-20T15:28:02.714+0000] {dag.py:3490} INFO - Setting next_dagrun for example_task_group_decorator to 2023-05-19T15:28:02.713313+00:00, run_after=2023-05-20T15:28:02.713313+00:00
[2023-05-20T15:28:02.766+0000] {processor.py:179} INFO - Processing /home/airflow/.local/lib/python3.7/site-packages/airflow/example_dags/example_task_group_decorator.py took 0.202 seconds
[2023-05-20T15:28:33.375+0000] {processor.py:157} INFO - Started process (PID=1049) to work on /home/airflow/.local/lib/python3.7/site-packages/airflow/example_dags/example_task_group_decorator.py
[2023-05-20T15:28:33.377+0000] {processor.py:826} INFO - Processing file /home/airflow/.local/lib/python3.7/site-packages/airflow/example_dags/example_task_group_decorator.py for tasks to queue
[2023-05-20T15:28:33.379+0000] {logging_mixin.py:149} INFO - [2023-05-20T15:28:33.378+0000] {dagbag.py:541} INFO - Filling up the DagBag from /home/airflow/.local/lib/python3.7/site-packages/airflow/example_dags/example_task_group_decorator.py
[2023-05-20T15:28:33.402+0000] {processor.py:836} INFO - DAG(s) dict_keys(['example_task_group_decorator']) retrieved from /home/airflow/.local/lib/python3.7/site-packages/airflow/example_dags/example_task_group_decorator.py
[2023-05-20T15:28:33.445+0000] {logging_mixin.py:149} INFO - [2023-05-20T15:28:33.445+0000] {dag.py:2726} INFO - Sync 1 DAGs
[2023-05-20T15:28:33.483+0000] {logging_mixin.py:149} INFO - [2023-05-20T15:28:33.483+0000] {dag.py:3490} INFO - Setting next_dagrun for example_task_group_decorator to 2023-05-19T15:28:33.482628+00:00, run_after=2023-05-20T15:28:33.482628+00:00
[2023-05-20T15:28:33.516+0000] {processor.py:179} INFO - Processing /home/airflow/.local/lib/python3.7/site-packages/airflow/example_dags/example_task_group_decorator.py took 0.147 seconds
[2023-05-20T15:29:03.672+0000] {processor.py:157} INFO - Started process (PID=1107) to work on /home/airflow/.local/lib/python3.7/site-packages/airflow/example_dags/example_task_group_decorator.py
[2023-05-20T15:29:03.674+0000] {processor.py:826} INFO - Processing file /home/airflow/.local/lib/python3.7/site-packages/airflow/example_dags/example_task_group_decorator.py for tasks to queue
[2023-05-20T15:29:03.675+0000] {logging_mixin.py:149} INFO - [2023-05-20T15:29:03.675+0000] {dagbag.py:541} INFO - Filling up the DagBag from /home/airflow/.local/lib/python3.7/site-packages/airflow/example_dags/example_task_group_decorator.py
[2023-05-20T15:29:03.694+0000] {processor.py:836} INFO - DAG(s) dict_keys(['example_task_group_decorator']) retrieved from /home/airflow/.local/lib/python3.7/site-packages/airflow/example_dags/example_task_group_decorator.py
[2023-05-20T15:29:03.726+0000] {logging_mixin.py:149} INFO - [2023-05-20T15:29:03.726+0000] {dag.py:2726} INFO - Sync 1 DAGs
[2023-05-20T15:29:03.754+0000] {logging_mixin.py:149} INFO - [2023-05-20T15:29:03.754+0000] {dag.py:3490} INFO - Setting next_dagrun for example_task_group_decorator to 2023-05-19T15:29:03.754412+00:00, run_after=2023-05-20T15:29:03.754412+00:00
[2023-05-20T15:29:03.780+0000] {processor.py:179} INFO - Processing /home/airflow/.local/lib/python3.7/site-packages/airflow/example_dags/example_task_group_decorator.py took 0.112 seconds
[2023-05-20T15:29:34.263+0000] {processor.py:157} INFO - Started process (PID=1165) to work on /home/airflow/.local/lib/python3.7/site-packages/airflow/example_dags/example_task_group_decorator.py
[2023-05-20T15:29:34.265+0000] {processor.py:826} INFO - Processing file /home/airflow/.local/lib/python3.7/site-packages/airflow/example_dags/example_task_group_decorator.py for tasks to queue
[2023-05-20T15:29:34.267+0000] {logging_mixin.py:149} INFO - [2023-05-20T15:29:34.267+0000] {dagbag.py:541} INFO - Filling up the DagBag from /home/airflow/.local/lib/python3.7/site-packages/airflow/example_dags/example_task_group_decorator.py
[2023-05-20T15:29:34.290+0000] {processor.py:836} INFO - DAG(s) dict_keys(['example_task_group_decorator']) retrieved from /home/airflow/.local/lib/python3.7/site-packages/airflow/example_dags/example_task_group_decorator.py
[2023-05-20T15:29:34.347+0000] {logging_mixin.py:149} INFO - [2023-05-20T15:29:34.347+0000] {dag.py:2726} INFO - Sync 1 DAGs
[2023-05-20T15:29:34.394+0000] {logging_mixin.py:149} INFO - [2023-05-20T15:29:34.394+0000] {dag.py:3490} INFO - Setting next_dagrun for example_task_group_decorator to 2023-05-19T15:29:34.394124+00:00, run_after=2023-05-20T15:29:34.394124+00:00
[2023-05-20T15:29:34.474+0000] {processor.py:179} INFO - Processing /home/airflow/.local/lib/python3.7/site-packages/airflow/example_dags/example_task_group_decorator.py took 0.216 seconds
[2023-05-20T15:30:04.673+0000] {processor.py:157} INFO - Started process (PID=1223) to work on /home/airflow/.local/lib/python3.7/site-packages/airflow/example_dags/example_task_group_decorator.py
[2023-05-20T15:30:04.675+0000] {processor.py:826} INFO - Processing file /home/airflow/.local/lib/python3.7/site-packages/airflow/example_dags/example_task_group_decorator.py for tasks to queue
[2023-05-20T15:30:04.677+0000] {logging_mixin.py:149} INFO - [2023-05-20T15:30:04.677+0000] {dagbag.py:541} INFO - Filling up the DagBag from /home/airflow/.local/lib/python3.7/site-packages/airflow/example_dags/example_task_group_decorator.py
[2023-05-20T15:30:04.700+0000] {processor.py:836} INFO - DAG(s) dict_keys(['example_task_group_decorator']) retrieved from /home/airflow/.local/lib/python3.7/site-packages/airflow/example_dags/example_task_group_decorator.py
[2023-05-20T15:30:04.744+0000] {logging_mixin.py:149} INFO - [2023-05-20T15:30:04.744+0000] {dag.py:2726} INFO - Sync 1 DAGs
[2023-05-20T15:30:04.775+0000] {logging_mixin.py:149} INFO - [2023-05-20T15:30:04.775+0000] {dag.py:3490} INFO - Setting next_dagrun for example_task_group_decorator to 2023-05-19T15:30:04.775352+00:00, run_after=2023-05-20T15:30:04.775352+00:00
[2023-05-20T15:30:04.803+0000] {processor.py:179} INFO - Processing /home/airflow/.local/lib/python3.7/site-packages/airflow/example_dags/example_task_group_decorator.py took 0.135 seconds
[2023-05-20T15:30:35.526+0000] {processor.py:157} INFO - Started process (PID=1281) to work on /home/airflow/.local/lib/python3.7/site-packages/airflow/example_dags/example_task_group_decorator.py
[2023-05-20T15:30:35.528+0000] {processor.py:826} INFO - Processing file /home/airflow/.local/lib/python3.7/site-packages/airflow/example_dags/example_task_group_decorator.py for tasks to queue
[2023-05-20T15:30:35.530+0000] {logging_mixin.py:149} INFO - [2023-05-20T15:30:35.530+0000] {dagbag.py:541} INFO - Filling up the DagBag from /home/airflow/.local/lib/python3.7/site-packages/airflow/example_dags/example_task_group_decorator.py
[2023-05-20T15:30:35.555+0000] {processor.py:836} INFO - DAG(s) dict_keys(['example_task_group_decorator']) retrieved from /home/airflow/.local/lib/python3.7/site-packages/airflow/example_dags/example_task_group_decorator.py
[2023-05-20T15:30:35.599+0000] {logging_mixin.py:149} INFO - [2023-05-20T15:30:35.599+0000] {dag.py:2726} INFO - Sync 1 DAGs
[2023-05-20T15:30:35.643+0000] {logging_mixin.py:149} INFO - [2023-05-20T15:30:35.643+0000] {dag.py:3490} INFO - Setting next_dagrun for example_task_group_decorator to 2023-05-19T15:30:35.642755+00:00, run_after=2023-05-20T15:30:35.642755+00:00
[2023-05-20T15:30:35.673+0000] {processor.py:179} INFO - Processing /home/airflow/.local/lib/python3.7/site-packages/airflow/example_dags/example_task_group_decorator.py took 0.152 seconds
[2023-05-20T15:31:05.989+0000] {processor.py:157} INFO - Started process (PID=1339) to work on /home/airflow/.local/lib/python3.7/site-packages/airflow/example_dags/example_task_group_decorator.py
[2023-05-20T15:31:05.992+0000] {processor.py:826} INFO - Processing file /home/airflow/.local/lib/python3.7/site-packages/airflow/example_dags/example_task_group_decorator.py for tasks to queue
[2023-05-20T15:31:05.995+0000] {logging_mixin.py:149} INFO - [2023-05-20T15:31:05.995+0000] {dagbag.py:541} INFO - Filling up the DagBag from /home/airflow/.local/lib/python3.7/site-packages/airflow/example_dags/example_task_group_decorator.py
[2023-05-20T15:31:06.023+0000] {processor.py:836} INFO - DAG(s) dict_keys(['example_task_group_decorator']) retrieved from /home/airflow/.local/lib/python3.7/site-packages/airflow/example_dags/example_task_group_decorator.py
[2023-05-20T15:31:06.076+0000] {logging_mixin.py:149} INFO - [2023-05-20T15:31:06.075+0000] {dag.py:2726} INFO - Sync 1 DAGs
[2023-05-20T15:31:06.126+0000] {logging_mixin.py:149} INFO - [2023-05-20T15:31:06.126+0000] {dag.py:3490} INFO - Setting next_dagrun for example_task_group_decorator to 2023-05-19T15:31:06.125771+00:00, run_after=2023-05-20T15:31:06.125771+00:00
[2023-05-20T15:31:06.162+0000] {processor.py:179} INFO - Processing /home/airflow/.local/lib/python3.7/site-packages/airflow/example_dags/example_task_group_decorator.py took 0.181 seconds
[2023-05-20T15:31:36.498+0000] {processor.py:157} INFO - Started process (PID=1397) to work on /home/airflow/.local/lib/python3.7/site-packages/airflow/example_dags/example_task_group_decorator.py
[2023-05-20T15:31:36.501+0000] {processor.py:826} INFO - Processing file /home/airflow/.local/lib/python3.7/site-packages/airflow/example_dags/example_task_group_decorator.py for tasks to queue
[2023-05-20T15:31:36.502+0000] {logging_mixin.py:149} INFO - [2023-05-20T15:31:36.502+0000] {dagbag.py:541} INFO - Filling up the DagBag from /home/airflow/.local/lib/python3.7/site-packages/airflow/example_dags/example_task_group_decorator.py
[2023-05-20T15:31:36.521+0000] {processor.py:836} INFO - DAG(s) dict_keys(['example_task_group_decorator']) retrieved from /home/airflow/.local/lib/python3.7/site-packages/airflow/example_dags/example_task_group_decorator.py
[2023-05-20T15:31:36.555+0000] {logging_mixin.py:149} INFO - [2023-05-20T15:31:36.554+0000] {dag.py:2726} INFO - Sync 1 DAGs
[2023-05-20T15:31:36.591+0000] {logging_mixin.py:149} INFO - [2023-05-20T15:31:36.591+0000] {dag.py:3490} INFO - Setting next_dagrun for example_task_group_decorator to 2023-05-19T15:31:36.591214+00:00, run_after=2023-05-20T15:31:36.591214+00:00
[2023-05-20T15:31:36.621+0000] {processor.py:179} INFO - Processing /home/airflow/.local/lib/python3.7/site-packages/airflow/example_dags/example_task_group_decorator.py took 0.128 seconds
[2023-05-20T15:32:07.408+0000] {processor.py:157} INFO - Started process (PID=1462) to work on /home/airflow/.local/lib/python3.7/site-packages/airflow/example_dags/example_task_group_decorator.py
[2023-05-20T15:32:07.410+0000] {processor.py:826} INFO - Processing file /home/airflow/.local/lib/python3.7/site-packages/airflow/example_dags/example_task_group_decorator.py for tasks to queue
[2023-05-20T15:32:07.412+0000] {logging_mixin.py:149} INFO - [2023-05-20T15:32:07.412+0000] {dagbag.py:541} INFO - Filling up the DagBag from /home/airflow/.local/lib/python3.7/site-packages/airflow/example_dags/example_task_group_decorator.py
[2023-05-20T15:32:07.439+0000] {processor.py:836} INFO - DAG(s) dict_keys(['example_task_group_decorator']) retrieved from /home/airflow/.local/lib/python3.7/site-packages/airflow/example_dags/example_task_group_decorator.py
[2023-05-20T15:32:07.481+0000] {logging_mixin.py:149} INFO - [2023-05-20T15:32:07.480+0000] {dag.py:2726} INFO - Sync 1 DAGs
[2023-05-20T15:32:07.520+0000] {logging_mixin.py:149} INFO - [2023-05-20T15:32:07.520+0000] {dag.py:3490} INFO - Setting next_dagrun for example_task_group_decorator to 2023-05-19T15:32:07.520091+00:00, run_after=2023-05-20T15:32:07.520091+00:00
[2023-05-20T15:32:07.547+0000] {processor.py:179} INFO - Processing /home/airflow/.local/lib/python3.7/site-packages/airflow/example_dags/example_task_group_decorator.py took 0.145 seconds
[2023-05-20T15:32:37.983+0000] {processor.py:157} INFO - Started process (PID=1520) to work on /home/airflow/.local/lib/python3.7/site-packages/airflow/example_dags/example_task_group_decorator.py
[2023-05-20T15:32:37.986+0000] {processor.py:826} INFO - Processing file /home/airflow/.local/lib/python3.7/site-packages/airflow/example_dags/example_task_group_decorator.py for tasks to queue
[2023-05-20T15:32:37.989+0000] {logging_mixin.py:149} INFO - [2023-05-20T15:32:37.989+0000] {dagbag.py:541} INFO - Filling up the DagBag from /home/airflow/.local/lib/python3.7/site-packages/airflow/example_dags/example_task_group_decorator.py
[2023-05-20T15:32:38.015+0000] {processor.py:836} INFO - DAG(s) dict_keys(['example_task_group_decorator']) retrieved from /home/airflow/.local/lib/python3.7/site-packages/airflow/example_dags/example_task_group_decorator.py
[2023-05-20T15:32:38.069+0000] {logging_mixin.py:149} INFO - [2023-05-20T15:32:38.069+0000] {dag.py:2726} INFO - Sync 1 DAGs
[2023-05-20T15:32:38.114+0000] {logging_mixin.py:149} INFO - [2023-05-20T15:32:38.114+0000] {dag.py:3490} INFO - Setting next_dagrun for example_task_group_decorator to 2023-05-19T15:32:38.113350+00:00, run_after=2023-05-20T15:32:38.113350+00:00
[2023-05-20T15:32:38.160+0000] {processor.py:179} INFO - Processing /home/airflow/.local/lib/python3.7/site-packages/airflow/example_dags/example_task_group_decorator.py took 0.186 seconds
[2023-05-20T15:33:08.271+0000] {processor.py:157} INFO - Started process (PID=1578) to work on /home/airflow/.local/lib/python3.7/site-packages/airflow/example_dags/example_task_group_decorator.py
[2023-05-20T15:33:08.272+0000] {processor.py:826} INFO - Processing file /home/airflow/.local/lib/python3.7/site-packages/airflow/example_dags/example_task_group_decorator.py for tasks to queue
[2023-05-20T15:33:08.274+0000] {logging_mixin.py:149} INFO - [2023-05-20T15:33:08.273+0000] {dagbag.py:541} INFO - Filling up the DagBag from /home/airflow/.local/lib/python3.7/site-packages/airflow/example_dags/example_task_group_decorator.py
[2023-05-20T15:33:08.291+0000] {processor.py:836} INFO - DAG(s) dict_keys(['example_task_group_decorator']) retrieved from /home/airflow/.local/lib/python3.7/site-packages/airflow/example_dags/example_task_group_decorator.py
[2023-05-20T15:33:08.323+0000] {logging_mixin.py:149} INFO - [2023-05-20T15:33:08.323+0000] {dag.py:2726} INFO - Sync 1 DAGs
[2023-05-20T15:33:08.350+0000] {logging_mixin.py:149} INFO - [2023-05-20T15:33:08.350+0000] {dag.py:3490} INFO - Setting next_dagrun for example_task_group_decorator to 2023-05-19T15:33:08.350555+00:00, run_after=2023-05-20T15:33:08.350555+00:00
[2023-05-20T15:33:08.371+0000] {processor.py:179} INFO - Processing /home/airflow/.local/lib/python3.7/site-packages/airflow/example_dags/example_task_group_decorator.py took 0.104 seconds
[2023-05-20T15:33:38.625+0000] {processor.py:157} INFO - Started process (PID=1636) to work on /home/airflow/.local/lib/python3.7/site-packages/airflow/example_dags/example_task_group_decorator.py
[2023-05-20T15:33:38.627+0000] {processor.py:826} INFO - Processing file /home/airflow/.local/lib/python3.7/site-packages/airflow/example_dags/example_task_group_decorator.py for tasks to queue
[2023-05-20T15:33:38.629+0000] {logging_mixin.py:149} INFO - [2023-05-20T15:33:38.628+0000] {dagbag.py:541} INFO - Filling up the DagBag from /home/airflow/.local/lib/python3.7/site-packages/airflow/example_dags/example_task_group_decorator.py
[2023-05-20T15:33:38.650+0000] {processor.py:836} INFO - DAG(s) dict_keys(['example_task_group_decorator']) retrieved from /home/airflow/.local/lib/python3.7/site-packages/airflow/example_dags/example_task_group_decorator.py
[2023-05-20T15:33:38.685+0000] {logging_mixin.py:149} INFO - [2023-05-20T15:33:38.685+0000] {dag.py:2726} INFO - Sync 1 DAGs
[2023-05-20T15:33:38.716+0000] {logging_mixin.py:149} INFO - [2023-05-20T15:33:38.716+0000] {dag.py:3490} INFO - Setting next_dagrun for example_task_group_decorator to 2023-05-19T15:33:38.716270+00:00, run_after=2023-05-20T15:33:38.716270+00:00
[2023-05-20T15:33:38.743+0000] {processor.py:179} INFO - Processing /home/airflow/.local/lib/python3.7/site-packages/airflow/example_dags/example_task_group_decorator.py took 0.122 seconds
[2023-05-20T15:34:09.173+0000] {processor.py:157} INFO - Started process (PID=1694) to work on /home/airflow/.local/lib/python3.7/site-packages/airflow/example_dags/example_task_group_decorator.py
[2023-05-20T15:34:09.175+0000] {processor.py:826} INFO - Processing file /home/airflow/.local/lib/python3.7/site-packages/airflow/example_dags/example_task_group_decorator.py for tasks to queue
[2023-05-20T15:34:09.176+0000] {logging_mixin.py:149} INFO - [2023-05-20T15:34:09.176+0000] {dagbag.py:541} INFO - Filling up the DagBag from /home/airflow/.local/lib/python3.7/site-packages/airflow/example_dags/example_task_group_decorator.py
[2023-05-20T15:34:09.194+0000] {processor.py:836} INFO - DAG(s) dict_keys(['example_task_group_decorator']) retrieved from /home/airflow/.local/lib/python3.7/site-packages/airflow/example_dags/example_task_group_decorator.py
[2023-05-20T15:34:09.228+0000] {logging_mixin.py:149} INFO - [2023-05-20T15:34:09.227+0000] {dag.py:2726} INFO - Sync 1 DAGs
[2023-05-20T15:34:09.260+0000] {logging_mixin.py:149} INFO - [2023-05-20T15:34:09.260+0000] {dag.py:3490} INFO - Setting next_dagrun for example_task_group_decorator to 2023-05-19T15:34:09.260544+00:00, run_after=2023-05-20T15:34:09.260544+00:00
[2023-05-20T15:34:09.286+0000] {processor.py:179} INFO - Processing /home/airflow/.local/lib/python3.7/site-packages/airflow/example_dags/example_task_group_decorator.py took 0.117 seconds
[2023-05-20T15:34:39.536+0000] {processor.py:157} INFO - Started process (PID=1752) to work on /home/airflow/.local/lib/python3.7/site-packages/airflow/example_dags/example_task_group_decorator.py
[2023-05-20T15:34:39.537+0000] {processor.py:826} INFO - Processing file /home/airflow/.local/lib/python3.7/site-packages/airflow/example_dags/example_task_group_decorator.py for tasks to queue
[2023-05-20T15:34:39.538+0000] {logging_mixin.py:149} INFO - [2023-05-20T15:34:39.538+0000] {dagbag.py:541} INFO - Filling up the DagBag from /home/airflow/.local/lib/python3.7/site-packages/airflow/example_dags/example_task_group_decorator.py
[2023-05-20T15:34:39.556+0000] {processor.py:836} INFO - DAG(s) dict_keys(['example_task_group_decorator']) retrieved from /home/airflow/.local/lib/python3.7/site-packages/airflow/example_dags/example_task_group_decorator.py
[2023-05-20T15:34:39.590+0000] {logging_mixin.py:149} INFO - [2023-05-20T15:34:39.590+0000] {dag.py:2726} INFO - Sync 1 DAGs
[2023-05-20T15:34:39.620+0000] {logging_mixin.py:149} INFO - [2023-05-20T15:34:39.620+0000] {dag.py:3490} INFO - Setting next_dagrun for example_task_group_decorator to 2023-05-19T15:34:39.620025+00:00, run_after=2023-05-20T15:34:39.620025+00:00
[2023-05-20T15:34:39.643+0000] {processor.py:179} INFO - Processing /home/airflow/.local/lib/python3.7/site-packages/airflow/example_dags/example_task_group_decorator.py took 0.111 seconds
[2023-05-20T15:35:10.007+0000] {processor.py:157} INFO - Started process (PID=1810) to work on /home/airflow/.local/lib/python3.7/site-packages/airflow/example_dags/example_task_group_decorator.py
[2023-05-20T15:35:10.009+0000] {processor.py:826} INFO - Processing file /home/airflow/.local/lib/python3.7/site-packages/airflow/example_dags/example_task_group_decorator.py for tasks to queue
[2023-05-20T15:35:10.010+0000] {logging_mixin.py:149} INFO - [2023-05-20T15:35:10.010+0000] {dagbag.py:541} INFO - Filling up the DagBag from /home/airflow/.local/lib/python3.7/site-packages/airflow/example_dags/example_task_group_decorator.py
[2023-05-20T15:35:10.028+0000] {processor.py:836} INFO - DAG(s) dict_keys(['example_task_group_decorator']) retrieved from /home/airflow/.local/lib/python3.7/site-packages/airflow/example_dags/example_task_group_decorator.py
[2023-05-20T15:35:10.060+0000] {logging_mixin.py:149} INFO - [2023-05-20T15:35:10.060+0000] {dag.py:2726} INFO - Sync 1 DAGs
[2023-05-20T15:35:10.093+0000] {logging_mixin.py:149} INFO - [2023-05-20T15:35:10.093+0000] {dag.py:3490} INFO - Setting next_dagrun for example_task_group_decorator to 2023-05-19T15:35:10.092787+00:00, run_after=2023-05-20T15:35:10.092787+00:00
[2023-05-20T15:35:10.118+0000] {processor.py:179} INFO - Processing /home/airflow/.local/lib/python3.7/site-packages/airflow/example_dags/example_task_group_decorator.py took 0.115 seconds
[2023-05-20T15:35:40.644+0000] {processor.py:157} INFO - Started process (PID=1868) to work on /home/airflow/.local/lib/python3.7/site-packages/airflow/example_dags/example_task_group_decorator.py
[2023-05-20T15:35:40.646+0000] {processor.py:826} INFO - Processing file /home/airflow/.local/lib/python3.7/site-packages/airflow/example_dags/example_task_group_decorator.py for tasks to queue
[2023-05-20T15:35:40.647+0000] {logging_mixin.py:149} INFO - [2023-05-20T15:35:40.647+0000] {dagbag.py:541} INFO - Filling up the DagBag from /home/airflow/.local/lib/python3.7/site-packages/airflow/example_dags/example_task_group_decorator.py
[2023-05-20T15:35:40.666+0000] {processor.py:836} INFO - DAG(s) dict_keys(['example_task_group_decorator']) retrieved from /home/airflow/.local/lib/python3.7/site-packages/airflow/example_dags/example_task_group_decorator.py
[2023-05-20T15:35:40.709+0000] {logging_mixin.py:149} INFO - [2023-05-20T15:35:40.709+0000] {dag.py:2726} INFO - Sync 1 DAGs
[2023-05-20T15:35:40.787+0000] {logging_mixin.py:149} INFO - [2023-05-20T15:35:40.787+0000] {dag.py:3490} INFO - Setting next_dagrun for example_task_group_decorator to 2023-05-19T15:35:40.787102+00:00, run_after=2023-05-20T15:35:40.787102+00:00
[2023-05-20T15:35:40.814+0000] {processor.py:179} INFO - Processing /home/airflow/.local/lib/python3.7/site-packages/airflow/example_dags/example_task_group_decorator.py took 0.175 seconds
[2023-05-20T15:36:11.157+0000] {processor.py:157} INFO - Started process (PID=1926) to work on /home/airflow/.local/lib/python3.7/site-packages/airflow/example_dags/example_task_group_decorator.py
[2023-05-20T15:36:11.158+0000] {processor.py:826} INFO - Processing file /home/airflow/.local/lib/python3.7/site-packages/airflow/example_dags/example_task_group_decorator.py for tasks to queue
[2023-05-20T15:36:11.160+0000] {logging_mixin.py:149} INFO - [2023-05-20T15:36:11.159+0000] {dagbag.py:541} INFO - Filling up the DagBag from /home/airflow/.local/lib/python3.7/site-packages/airflow/example_dags/example_task_group_decorator.py
[2023-05-20T15:36:11.177+0000] {processor.py:836} INFO - DAG(s) dict_keys(['example_task_group_decorator']) retrieved from /home/airflow/.local/lib/python3.7/site-packages/airflow/example_dags/example_task_group_decorator.py
[2023-05-20T15:36:11.216+0000] {logging_mixin.py:149} INFO - [2023-05-20T15:36:11.216+0000] {dag.py:2726} INFO - Sync 1 DAGs
[2023-05-20T15:36:11.257+0000] {logging_mixin.py:149} INFO - [2023-05-20T15:36:11.257+0000] {dag.py:3490} INFO - Setting next_dagrun for example_task_group_decorator to 2023-05-19T15:36:11.257518+00:00, run_after=2023-05-20T15:36:11.257518+00:00
[2023-05-20T15:36:11.283+0000] {processor.py:179} INFO - Processing /home/airflow/.local/lib/python3.7/site-packages/airflow/example_dags/example_task_group_decorator.py took 0.131 seconds
[2023-05-20T15:36:41.486+0000] {processor.py:157} INFO - Started process (PID=1985) to work on /home/airflow/.local/lib/python3.7/site-packages/airflow/example_dags/example_task_group_decorator.py
[2023-05-20T15:36:41.488+0000] {processor.py:826} INFO - Processing file /home/airflow/.local/lib/python3.7/site-packages/airflow/example_dags/example_task_group_decorator.py for tasks to queue
[2023-05-20T15:36:41.489+0000] {logging_mixin.py:149} INFO - [2023-05-20T15:36:41.489+0000] {dagbag.py:541} INFO - Filling up the DagBag from /home/airflow/.local/lib/python3.7/site-packages/airflow/example_dags/example_task_group_decorator.py
[2023-05-20T15:36:41.507+0000] {processor.py:836} INFO - DAG(s) dict_keys(['example_task_group_decorator']) retrieved from /home/airflow/.local/lib/python3.7/site-packages/airflow/example_dags/example_task_group_decorator.py
[2023-05-20T15:36:41.541+0000] {logging_mixin.py:149} INFO - [2023-05-20T15:36:41.541+0000] {dag.py:2726} INFO - Sync 1 DAGs
[2023-05-20T15:36:41.570+0000] {logging_mixin.py:149} INFO - [2023-05-20T15:36:41.570+0000] {dag.py:3490} INFO - Setting next_dagrun for example_task_group_decorator to 2023-05-19T15:36:41.570329+00:00, run_after=2023-05-20T15:36:41.570329+00:00
[2023-05-20T15:36:41.593+0000] {processor.py:179} INFO - Processing /home/airflow/.local/lib/python3.7/site-packages/airflow/example_dags/example_task_group_decorator.py took 0.112 seconds
[2023-05-20T15:37:11.802+0000] {processor.py:157} INFO - Started process (PID=2043) to work on /home/airflow/.local/lib/python3.7/site-packages/airflow/example_dags/example_task_group_decorator.py
[2023-05-20T15:37:11.803+0000] {processor.py:826} INFO - Processing file /home/airflow/.local/lib/python3.7/site-packages/airflow/example_dags/example_task_group_decorator.py for tasks to queue
[2023-05-20T15:37:11.805+0000] {logging_mixin.py:149} INFO - [2023-05-20T15:37:11.804+0000] {dagbag.py:541} INFO - Filling up the DagBag from /home/airflow/.local/lib/python3.7/site-packages/airflow/example_dags/example_task_group_decorator.py
[2023-05-20T15:37:11.824+0000] {processor.py:836} INFO - DAG(s) dict_keys(['example_task_group_decorator']) retrieved from /home/airflow/.local/lib/python3.7/site-packages/airflow/example_dags/example_task_group_decorator.py
[2023-05-20T15:37:11.866+0000] {logging_mixin.py:149} INFO - [2023-05-20T15:37:11.866+0000] {dag.py:2726} INFO - Sync 1 DAGs
[2023-05-20T15:37:11.902+0000] {logging_mixin.py:149} INFO - [2023-05-20T15:37:11.902+0000] {dag.py:3490} INFO - Setting next_dagrun for example_task_group_decorator to 2023-05-19T15:37:11.902341+00:00, run_after=2023-05-20T15:37:11.902341+00:00
[2023-05-20T15:37:11.927+0000] {processor.py:179} INFO - Processing /home/airflow/.local/lib/python3.7/site-packages/airflow/example_dags/example_task_group_decorator.py took 0.130 seconds
[2023-05-20T15:37:42.269+0000] {processor.py:157} INFO - Started process (PID=2101) to work on /home/airflow/.local/lib/python3.7/site-packages/airflow/example_dags/example_task_group_decorator.py
[2023-05-20T15:37:42.271+0000] {processor.py:826} INFO - Processing file /home/airflow/.local/lib/python3.7/site-packages/airflow/example_dags/example_task_group_decorator.py for tasks to queue
[2023-05-20T15:37:42.273+0000] {logging_mixin.py:149} INFO - [2023-05-20T15:37:42.272+0000] {dagbag.py:541} INFO - Filling up the DagBag from /home/airflow/.local/lib/python3.7/site-packages/airflow/example_dags/example_task_group_decorator.py
[2023-05-20T15:37:42.293+0000] {processor.py:836} INFO - DAG(s) dict_keys(['example_task_group_decorator']) retrieved from /home/airflow/.local/lib/python3.7/site-packages/airflow/example_dags/example_task_group_decorator.py
[2023-05-20T15:37:42.331+0000] {logging_mixin.py:149} INFO - [2023-05-20T15:37:42.331+0000] {dag.py:2726} INFO - Sync 1 DAGs
[2023-05-20T15:37:42.366+0000] {logging_mixin.py:149} INFO - [2023-05-20T15:37:42.365+0000] {dag.py:3490} INFO - Setting next_dagrun for example_task_group_decorator to 2023-05-19T15:37:42.365580+00:00, run_after=2023-05-20T15:37:42.365580+00:00
[2023-05-20T15:37:42.394+0000] {processor.py:179} INFO - Processing /home/airflow/.local/lib/python3.7/site-packages/airflow/example_dags/example_task_group_decorator.py took 0.130 seconds
[2023-05-20T15:38:12.734+0000] {processor.py:157} INFO - Started process (PID=2159) to work on /home/airflow/.local/lib/python3.7/site-packages/airflow/example_dags/example_task_group_decorator.py
[2023-05-20T15:38:12.737+0000] {processor.py:826} INFO - Processing file /home/airflow/.local/lib/python3.7/site-packages/airflow/example_dags/example_task_group_decorator.py for tasks to queue
[2023-05-20T15:38:12.739+0000] {logging_mixin.py:149} INFO - [2023-05-20T15:38:12.738+0000] {dagbag.py:541} INFO - Filling up the DagBag from /home/airflow/.local/lib/python3.7/site-packages/airflow/example_dags/example_task_group_decorator.py
[2023-05-20T15:38:12.787+0000] {processor.py:836} INFO - DAG(s) dict_keys(['example_task_group_decorator']) retrieved from /home/airflow/.local/lib/python3.7/site-packages/airflow/example_dags/example_task_group_decorator.py
[2023-05-20T15:38:12.847+0000] {logging_mixin.py:149} INFO - [2023-05-20T15:38:12.847+0000] {dag.py:2726} INFO - Sync 1 DAGs
[2023-05-20T15:38:12.894+0000] {logging_mixin.py:149} INFO - [2023-05-20T15:38:12.894+0000] {dag.py:3490} INFO - Setting next_dagrun for example_task_group_decorator to 2023-05-19T15:38:12.893662+00:00, run_after=2023-05-20T15:38:12.893662+00:00
[2023-05-20T15:38:12.941+0000] {processor.py:179} INFO - Processing /home/airflow/.local/lib/python3.7/site-packages/airflow/example_dags/example_task_group_decorator.py took 0.213 seconds
[2023-05-20T15:38:43.186+0000] {processor.py:157} INFO - Started process (PID=2217) to work on /home/airflow/.local/lib/python3.7/site-packages/airflow/example_dags/example_task_group_decorator.py
[2023-05-20T15:38:43.188+0000] {processor.py:826} INFO - Processing file /home/airflow/.local/lib/python3.7/site-packages/airflow/example_dags/example_task_group_decorator.py for tasks to queue
[2023-05-20T15:38:43.190+0000] {logging_mixin.py:149} INFO - [2023-05-20T15:38:43.189+0000] {dagbag.py:541} INFO - Filling up the DagBag from /home/airflow/.local/lib/python3.7/site-packages/airflow/example_dags/example_task_group_decorator.py
[2023-05-20T15:38:43.214+0000] {processor.py:836} INFO - DAG(s) dict_keys(['example_task_group_decorator']) retrieved from /home/airflow/.local/lib/python3.7/site-packages/airflow/example_dags/example_task_group_decorator.py
[2023-05-20T15:38:43.265+0000] {logging_mixin.py:149} INFO - [2023-05-20T15:38:43.265+0000] {dag.py:2726} INFO - Sync 1 DAGs
[2023-05-20T15:38:43.304+0000] {logging_mixin.py:149} INFO - [2023-05-20T15:38:43.304+0000] {dag.py:3490} INFO - Setting next_dagrun for example_task_group_decorator to 2023-05-19T15:38:43.304262+00:00, run_after=2023-05-20T15:38:43.304262+00:00
[2023-05-20T15:38:43.334+0000] {processor.py:179} INFO - Processing /home/airflow/.local/lib/python3.7/site-packages/airflow/example_dags/example_task_group_decorator.py took 0.153 seconds
[2023-05-20T15:39:13.470+0000] {processor.py:157} INFO - Started process (PID=2275) to work on /home/airflow/.local/lib/python3.7/site-packages/airflow/example_dags/example_task_group_decorator.py
[2023-05-20T15:39:13.492+0000] {processor.py:826} INFO - Processing file /home/airflow/.local/lib/python3.7/site-packages/airflow/example_dags/example_task_group_decorator.py for tasks to queue
[2023-05-20T15:39:13.494+0000] {logging_mixin.py:149} INFO - [2023-05-20T15:39:13.493+0000] {dagbag.py:541} INFO - Filling up the DagBag from /home/airflow/.local/lib/python3.7/site-packages/airflow/example_dags/example_task_group_decorator.py
[2023-05-20T15:39:13.516+0000] {processor.py:836} INFO - DAG(s) dict_keys(['example_task_group_decorator']) retrieved from /home/airflow/.local/lib/python3.7/site-packages/airflow/example_dags/example_task_group_decorator.py
[2023-05-20T15:39:13.557+0000] {logging_mixin.py:149} INFO - [2023-05-20T15:39:13.557+0000] {dag.py:2726} INFO - Sync 1 DAGs
[2023-05-20T15:39:13.601+0000] {logging_mixin.py:149} INFO - [2023-05-20T15:39:13.601+0000] {dag.py:3490} INFO - Setting next_dagrun for example_task_group_decorator to 2023-05-19T15:39:13.600435+00:00, run_after=2023-05-20T15:39:13.600435+00:00
[2023-05-20T15:39:13.631+0000] {processor.py:179} INFO - Processing /home/airflow/.local/lib/python3.7/site-packages/airflow/example_dags/example_task_group_decorator.py took 0.166 seconds
[2023-05-20T15:39:44.003+0000] {processor.py:157} INFO - Started process (PID=2333) to work on /home/airflow/.local/lib/python3.7/site-packages/airflow/example_dags/example_task_group_decorator.py
[2023-05-20T15:39:44.005+0000] {processor.py:826} INFO - Processing file /home/airflow/.local/lib/python3.7/site-packages/airflow/example_dags/example_task_group_decorator.py for tasks to queue
[2023-05-20T15:39:44.006+0000] {logging_mixin.py:149} INFO - [2023-05-20T15:39:44.006+0000] {dagbag.py:541} INFO - Filling up the DagBag from /home/airflow/.local/lib/python3.7/site-packages/airflow/example_dags/example_task_group_decorator.py
[2023-05-20T15:39:44.026+0000] {processor.py:836} INFO - DAG(s) dict_keys(['example_task_group_decorator']) retrieved from /home/airflow/.local/lib/python3.7/site-packages/airflow/example_dags/example_task_group_decorator.py
[2023-05-20T15:39:44.062+0000] {logging_mixin.py:149} INFO - [2023-05-20T15:39:44.062+0000] {dag.py:2726} INFO - Sync 1 DAGs
[2023-05-20T15:39:44.094+0000] {logging_mixin.py:149} INFO - [2023-05-20T15:39:44.094+0000] {dag.py:3490} INFO - Setting next_dagrun for example_task_group_decorator to 2023-05-19T15:39:44.094174+00:00, run_after=2023-05-20T15:39:44.094174+00:00
[2023-05-20T15:39:44.122+0000] {processor.py:179} INFO - Processing /home/airflow/.local/lib/python3.7/site-packages/airflow/example_dags/example_task_group_decorator.py took 0.124 seconds
[2023-05-20T15:40:14.912+0000] {processor.py:157} INFO - Started process (PID=2391) to work on /home/airflow/.local/lib/python3.7/site-packages/airflow/example_dags/example_task_group_decorator.py
[2023-05-20T15:40:14.914+0000] {processor.py:826} INFO - Processing file /home/airflow/.local/lib/python3.7/site-packages/airflow/example_dags/example_task_group_decorator.py for tasks to queue
[2023-05-20T15:40:14.915+0000] {logging_mixin.py:149} INFO - [2023-05-20T15:40:14.915+0000] {dagbag.py:541} INFO - Filling up the DagBag from /home/airflow/.local/lib/python3.7/site-packages/airflow/example_dags/example_task_group_decorator.py
[2023-05-20T15:40:14.935+0000] {processor.py:836} INFO - DAG(s) dict_keys(['example_task_group_decorator']) retrieved from /home/airflow/.local/lib/python3.7/site-packages/airflow/example_dags/example_task_group_decorator.py
[2023-05-20T15:40:14.977+0000] {logging_mixin.py:149} INFO - [2023-05-20T15:40:14.976+0000] {dag.py:2726} INFO - Sync 1 DAGs
[2023-05-20T15:40:15.021+0000] {logging_mixin.py:149} INFO - [2023-05-20T15:40:15.021+0000] {dag.py:3490} INFO - Setting next_dagrun for example_task_group_decorator to 2023-05-19T15:40:15.021326+00:00, run_after=2023-05-20T15:40:15.021326+00:00
[2023-05-20T15:40:15.055+0000] {processor.py:179} INFO - Processing /home/airflow/.local/lib/python3.7/site-packages/airflow/example_dags/example_task_group_decorator.py took 0.147 seconds
[2023-05-20T15:40:45.570+0000] {processor.py:157} INFO - Started process (PID=2449) to work on /home/airflow/.local/lib/python3.7/site-packages/airflow/example_dags/example_task_group_decorator.py
[2023-05-20T15:40:45.572+0000] {processor.py:826} INFO - Processing file /home/airflow/.local/lib/python3.7/site-packages/airflow/example_dags/example_task_group_decorator.py for tasks to queue
[2023-05-20T15:40:45.573+0000] {logging_mixin.py:149} INFO - [2023-05-20T15:40:45.573+0000] {dagbag.py:541} INFO - Filling up the DagBag from /home/airflow/.local/lib/python3.7/site-packages/airflow/example_dags/example_task_group_decorator.py
[2023-05-20T15:40:45.590+0000] {processor.py:836} INFO - DAG(s) dict_keys(['example_task_group_decorator']) retrieved from /home/airflow/.local/lib/python3.7/site-packages/airflow/example_dags/example_task_group_decorator.py
[2023-05-20T15:40:45.644+0000] {logging_mixin.py:149} INFO - [2023-05-20T15:40:45.644+0000] {dag.py:2726} INFO - Sync 1 DAGs
[2023-05-20T15:40:45.678+0000] {logging_mixin.py:149} INFO - [2023-05-20T15:40:45.678+0000] {dag.py:3490} INFO - Setting next_dagrun for example_task_group_decorator to 2023-05-19T15:40:45.677782+00:00, run_after=2023-05-20T15:40:45.677782+00:00
[2023-05-20T15:40:45.706+0000] {processor.py:179} INFO - Processing /home/airflow/.local/lib/python3.7/site-packages/airflow/example_dags/example_task_group_decorator.py took 0.142 seconds
[2023-05-20T15:41:16.608+0000] {processor.py:157} INFO - Started process (PID=2507) to work on /home/airflow/.local/lib/python3.7/site-packages/airflow/example_dags/example_task_group_decorator.py
[2023-05-20T15:41:16.610+0000] {processor.py:826} INFO - Processing file /home/airflow/.local/lib/python3.7/site-packages/airflow/example_dags/example_task_group_decorator.py for tasks to queue
[2023-05-20T15:41:16.612+0000] {logging_mixin.py:149} INFO - [2023-05-20T15:41:16.612+0000] {dagbag.py:541} INFO - Filling up the DagBag from /home/airflow/.local/lib/python3.7/site-packages/airflow/example_dags/example_task_group_decorator.py
[2023-05-20T15:41:16.632+0000] {processor.py:836} INFO - DAG(s) dict_keys(['example_task_group_decorator']) retrieved from /home/airflow/.local/lib/python3.7/site-packages/airflow/example_dags/example_task_group_decorator.py
[2023-05-20T15:41:16.668+0000] {logging_mixin.py:149} INFO - [2023-05-20T15:41:16.668+0000] {dag.py:2726} INFO - Sync 1 DAGs
[2023-05-20T15:41:16.701+0000] {logging_mixin.py:149} INFO - [2023-05-20T15:41:16.701+0000] {dag.py:3490} INFO - Setting next_dagrun for example_task_group_decorator to 2023-05-19T15:41:16.701101+00:00, run_after=2023-05-20T15:41:16.701101+00:00
[2023-05-20T15:41:16.725+0000] {processor.py:179} INFO - Processing /home/airflow/.local/lib/python3.7/site-packages/airflow/example_dags/example_task_group_decorator.py took 0.122 seconds
[2023-05-20T15:41:47.114+0000] {processor.py:157} INFO - Started process (PID=2565) to work on /home/airflow/.local/lib/python3.7/site-packages/airflow/example_dags/example_task_group_decorator.py
[2023-05-20T15:41:47.116+0000] {processor.py:826} INFO - Processing file /home/airflow/.local/lib/python3.7/site-packages/airflow/example_dags/example_task_group_decorator.py for tasks to queue
[2023-05-20T15:41:47.118+0000] {logging_mixin.py:149} INFO - [2023-05-20T15:41:47.118+0000] {dagbag.py:541} INFO - Filling up the DagBag from /home/airflow/.local/lib/python3.7/site-packages/airflow/example_dags/example_task_group_decorator.py
[2023-05-20T15:41:47.138+0000] {processor.py:836} INFO - DAG(s) dict_keys(['example_task_group_decorator']) retrieved from /home/airflow/.local/lib/python3.7/site-packages/airflow/example_dags/example_task_group_decorator.py
[2023-05-20T15:41:47.175+0000] {logging_mixin.py:149} INFO - [2023-05-20T15:41:47.174+0000] {dag.py:2726} INFO - Sync 1 DAGs
[2023-05-20T15:41:47.209+0000] {logging_mixin.py:149} INFO - [2023-05-20T15:41:47.209+0000] {dag.py:3490} INFO - Setting next_dagrun for example_task_group_decorator to 2023-05-19T15:41:47.209183+00:00, run_after=2023-05-20T15:41:47.209183+00:00
[2023-05-20T15:41:47.233+0000] {processor.py:179} INFO - Processing /home/airflow/.local/lib/python3.7/site-packages/airflow/example_dags/example_task_group_decorator.py took 0.124 seconds
[2023-05-20T15:42:17.428+0000] {processor.py:157} INFO - Started process (PID=2623) to work on /home/airflow/.local/lib/python3.7/site-packages/airflow/example_dags/example_task_group_decorator.py
[2023-05-20T15:42:17.430+0000] {processor.py:826} INFO - Processing file /home/airflow/.local/lib/python3.7/site-packages/airflow/example_dags/example_task_group_decorator.py for tasks to queue
[2023-05-20T15:42:17.431+0000] {logging_mixin.py:149} INFO - [2023-05-20T15:42:17.431+0000] {dagbag.py:541} INFO - Filling up the DagBag from /home/airflow/.local/lib/python3.7/site-packages/airflow/example_dags/example_task_group_decorator.py
[2023-05-20T15:42:17.449+0000] {processor.py:836} INFO - DAG(s) dict_keys(['example_task_group_decorator']) retrieved from /home/airflow/.local/lib/python3.7/site-packages/airflow/example_dags/example_task_group_decorator.py
[2023-05-20T15:42:17.482+0000] {logging_mixin.py:149} INFO - [2023-05-20T15:42:17.482+0000] {dag.py:2726} INFO - Sync 1 DAGs
[2023-05-20T15:42:17.515+0000] {logging_mixin.py:149} INFO - [2023-05-20T15:42:17.515+0000] {dag.py:3490} INFO - Setting next_dagrun for example_task_group_decorator to 2023-05-19T15:42:17.515087+00:00, run_after=2023-05-20T15:42:17.515087+00:00
[2023-05-20T15:42:17.536+0000] {processor.py:179} INFO - Processing /home/airflow/.local/lib/python3.7/site-packages/airflow/example_dags/example_task_group_decorator.py took 0.112 seconds
[2023-05-20T15:42:47.938+0000] {processor.py:157} INFO - Started process (PID=2681) to work on /home/airflow/.local/lib/python3.7/site-packages/airflow/example_dags/example_task_group_decorator.py
[2023-05-20T15:42:47.940+0000] {processor.py:826} INFO - Processing file /home/airflow/.local/lib/python3.7/site-packages/airflow/example_dags/example_task_group_decorator.py for tasks to queue
[2023-05-20T15:42:47.941+0000] {logging_mixin.py:149} INFO - [2023-05-20T15:42:47.941+0000] {dagbag.py:541} INFO - Filling up the DagBag from /home/airflow/.local/lib/python3.7/site-packages/airflow/example_dags/example_task_group_decorator.py
[2023-05-20T15:42:47.962+0000] {processor.py:836} INFO - DAG(s) dict_keys(['example_task_group_decorator']) retrieved from /home/airflow/.local/lib/python3.7/site-packages/airflow/example_dags/example_task_group_decorator.py
[2023-05-20T15:42:47.998+0000] {logging_mixin.py:149} INFO - [2023-05-20T15:42:47.997+0000] {dag.py:2726} INFO - Sync 1 DAGs
[2023-05-20T15:42:48.028+0000] {logging_mixin.py:149} INFO - [2023-05-20T15:42:48.028+0000] {dag.py:3490} INFO - Setting next_dagrun for example_task_group_decorator to 2023-05-19T15:42:48.028400+00:00, run_after=2023-05-20T15:42:48.028400+00:00
[2023-05-20T15:42:48.051+0000] {processor.py:179} INFO - Processing /home/airflow/.local/lib/python3.7/site-packages/airflow/example_dags/example_task_group_decorator.py took 0.118 seconds
[2023-05-20T15:43:18.116+0000] {processor.py:157} INFO - Started process (PID=2739) to work on /home/airflow/.local/lib/python3.7/site-packages/airflow/example_dags/example_task_group_decorator.py
[2023-05-20T15:43:18.118+0000] {processor.py:826} INFO - Processing file /home/airflow/.local/lib/python3.7/site-packages/airflow/example_dags/example_task_group_decorator.py for tasks to queue
[2023-05-20T15:43:18.120+0000] {logging_mixin.py:149} INFO - [2023-05-20T15:43:18.120+0000] {dagbag.py:541} INFO - Filling up the DagBag from /home/airflow/.local/lib/python3.7/site-packages/airflow/example_dags/example_task_group_decorator.py
[2023-05-20T15:43:18.139+0000] {processor.py:836} INFO - DAG(s) dict_keys(['example_task_group_decorator']) retrieved from /home/airflow/.local/lib/python3.7/site-packages/airflow/example_dags/example_task_group_decorator.py
[2023-05-20T15:43:18.172+0000] {logging_mixin.py:149} INFO - [2023-05-20T15:43:18.172+0000] {dag.py:2726} INFO - Sync 1 DAGs
[2023-05-20T15:43:18.199+0000] {logging_mixin.py:149} INFO - [2023-05-20T15:43:18.199+0000] {dag.py:3490} INFO - Setting next_dagrun for example_task_group_decorator to 2023-05-19T15:43:18.199440+00:00, run_after=2023-05-20T15:43:18.199440+00:00
[2023-05-20T15:43:18.221+0000] {processor.py:179} INFO - Processing /home/airflow/.local/lib/python3.7/site-packages/airflow/example_dags/example_task_group_decorator.py took 0.109 seconds
[2023-05-20T15:43:48.455+0000] {processor.py:157} INFO - Started process (PID=2797) to work on /home/airflow/.local/lib/python3.7/site-packages/airflow/example_dags/example_task_group_decorator.py
[2023-05-20T15:43:48.458+0000] {processor.py:826} INFO - Processing file /home/airflow/.local/lib/python3.7/site-packages/airflow/example_dags/example_task_group_decorator.py for tasks to queue
[2023-05-20T15:43:48.459+0000] {logging_mixin.py:149} INFO - [2023-05-20T15:43:48.459+0000] {dagbag.py:541} INFO - Filling up the DagBag from /home/airflow/.local/lib/python3.7/site-packages/airflow/example_dags/example_task_group_decorator.py
[2023-05-20T15:43:48.479+0000] {processor.py:836} INFO - DAG(s) dict_keys(['example_task_group_decorator']) retrieved from /home/airflow/.local/lib/python3.7/site-packages/airflow/example_dags/example_task_group_decorator.py
[2023-05-20T15:43:48.513+0000] {logging_mixin.py:149} INFO - [2023-05-20T15:43:48.513+0000] {dag.py:2726} INFO - Sync 1 DAGs
[2023-05-20T15:43:48.543+0000] {logging_mixin.py:149} INFO - [2023-05-20T15:43:48.542+0000] {dag.py:3490} INFO - Setting next_dagrun for example_task_group_decorator to 2023-05-19T15:43:48.542636+00:00, run_after=2023-05-20T15:43:48.542636+00:00
[2023-05-20T15:43:48.565+0000] {processor.py:179} INFO - Processing /home/airflow/.local/lib/python3.7/site-packages/airflow/example_dags/example_task_group_decorator.py took 0.114 seconds
[2023-05-20T15:44:18.801+0000] {processor.py:157} INFO - Started process (PID=2855) to work on /home/airflow/.local/lib/python3.7/site-packages/airflow/example_dags/example_task_group_decorator.py
[2023-05-20T15:44:18.804+0000] {processor.py:826} INFO - Processing file /home/airflow/.local/lib/python3.7/site-packages/airflow/example_dags/example_task_group_decorator.py for tasks to queue
[2023-05-20T15:44:18.806+0000] {logging_mixin.py:149} INFO - [2023-05-20T15:44:18.806+0000] {dagbag.py:541} INFO - Filling up the DagBag from /home/airflow/.local/lib/python3.7/site-packages/airflow/example_dags/example_task_group_decorator.py
[2023-05-20T15:44:18.833+0000] {processor.py:836} INFO - DAG(s) dict_keys(['example_task_group_decorator']) retrieved from /home/airflow/.local/lib/python3.7/site-packages/airflow/example_dags/example_task_group_decorator.py
[2023-05-20T15:44:18.880+0000] {logging_mixin.py:149} INFO - [2023-05-20T15:44:18.879+0000] {dag.py:2726} INFO - Sync 1 DAGs
[2023-05-20T15:44:18.911+0000] {logging_mixin.py:149} INFO - [2023-05-20T15:44:18.911+0000] {dag.py:3490} INFO - Setting next_dagrun for example_task_group_decorator to 2023-05-19T15:44:18.911366+00:00, run_after=2023-05-20T15:44:18.911366+00:00
[2023-05-20T15:44:18.934+0000] {processor.py:179} INFO - Processing /home/airflow/.local/lib/python3.7/site-packages/airflow/example_dags/example_task_group_decorator.py took 0.138 seconds
[2023-05-20T15:44:49.276+0000] {processor.py:157} INFO - Started process (PID=2913) to work on /home/airflow/.local/lib/python3.7/site-packages/airflow/example_dags/example_task_group_decorator.py
[2023-05-20T15:44:49.279+0000] {processor.py:826} INFO - Processing file /home/airflow/.local/lib/python3.7/site-packages/airflow/example_dags/example_task_group_decorator.py for tasks to queue
[2023-05-20T15:44:49.281+0000] {logging_mixin.py:149} INFO - [2023-05-20T15:44:49.281+0000] {dagbag.py:541} INFO - Filling up the DagBag from /home/airflow/.local/lib/python3.7/site-packages/airflow/example_dags/example_task_group_decorator.py
[2023-05-20T15:44:49.308+0000] {processor.py:836} INFO - DAG(s) dict_keys(['example_task_group_decorator']) retrieved from /home/airflow/.local/lib/python3.7/site-packages/airflow/example_dags/example_task_group_decorator.py
[2023-05-20T15:44:49.357+0000] {logging_mixin.py:149} INFO - [2023-05-20T15:44:49.357+0000] {dag.py:2726} INFO - Sync 1 DAGs
[2023-05-20T15:44:49.396+0000] {logging_mixin.py:149} INFO - [2023-05-20T15:44:49.396+0000] {dag.py:3490} INFO - Setting next_dagrun for example_task_group_decorator to 2023-05-19T15:44:49.396122+00:00, run_after=2023-05-20T15:44:49.396122+00:00
[2023-05-20T15:44:49.428+0000] {processor.py:179} INFO - Processing /home/airflow/.local/lib/python3.7/site-packages/airflow/example_dags/example_task_group_decorator.py took 0.158 seconds
[2023-05-20T15:45:19.819+0000] {processor.py:157} INFO - Started process (PID=2971) to work on /home/airflow/.local/lib/python3.7/site-packages/airflow/example_dags/example_task_group_decorator.py
[2023-05-20T15:45:19.821+0000] {processor.py:826} INFO - Processing file /home/airflow/.local/lib/python3.7/site-packages/airflow/example_dags/example_task_group_decorator.py for tasks to queue
[2023-05-20T15:45:19.823+0000] {logging_mixin.py:149} INFO - [2023-05-20T15:45:19.823+0000] {dagbag.py:541} INFO - Filling up the DagBag from /home/airflow/.local/lib/python3.7/site-packages/airflow/example_dags/example_task_group_decorator.py
[2023-05-20T15:45:19.848+0000] {processor.py:836} INFO - DAG(s) dict_keys(['example_task_group_decorator']) retrieved from /home/airflow/.local/lib/python3.7/site-packages/airflow/example_dags/example_task_group_decorator.py
[2023-05-20T15:45:19.895+0000] {logging_mixin.py:149} INFO - [2023-05-20T15:45:19.895+0000] {dag.py:2726} INFO - Sync 1 DAGs
[2023-05-20T15:45:19.946+0000] {logging_mixin.py:149} INFO - [2023-05-20T15:45:19.946+0000] {dag.py:3490} INFO - Setting next_dagrun for example_task_group_decorator to 2023-05-19T15:45:19.944897+00:00, run_after=2023-05-20T15:45:19.944897+00:00
[2023-05-20T15:45:19.986+0000] {processor.py:179} INFO - Processing /home/airflow/.local/lib/python3.7/site-packages/airflow/example_dags/example_task_group_decorator.py took 0.173 seconds
[2023-05-20T15:45:50.654+0000] {processor.py:157} INFO - Started process (PID=3029) to work on /home/airflow/.local/lib/python3.7/site-packages/airflow/example_dags/example_task_group_decorator.py
[2023-05-20T15:45:50.657+0000] {processor.py:826} INFO - Processing file /home/airflow/.local/lib/python3.7/site-packages/airflow/example_dags/example_task_group_decorator.py for tasks to queue
[2023-05-20T15:45:50.658+0000] {logging_mixin.py:149} INFO - [2023-05-20T15:45:50.658+0000] {dagbag.py:541} INFO - Filling up the DagBag from /home/airflow/.local/lib/python3.7/site-packages/airflow/example_dags/example_task_group_decorator.py
[2023-05-20T15:45:50.680+0000] {processor.py:836} INFO - DAG(s) dict_keys(['example_task_group_decorator']) retrieved from /home/airflow/.local/lib/python3.7/site-packages/airflow/example_dags/example_task_group_decorator.py
[2023-05-20T15:45:50.722+0000] {logging_mixin.py:149} INFO - [2023-05-20T15:45:50.722+0000] {dag.py:2726} INFO - Sync 1 DAGs
[2023-05-20T15:45:50.761+0000] {logging_mixin.py:149} INFO - [2023-05-20T15:45:50.761+0000] {dag.py:3490} INFO - Setting next_dagrun for example_task_group_decorator to 2023-05-19T15:45:50.761325+00:00, run_after=2023-05-20T15:45:50.761325+00:00
[2023-05-20T15:45:50.830+0000] {processor.py:179} INFO - Processing /home/airflow/.local/lib/python3.7/site-packages/airflow/example_dags/example_task_group_decorator.py took 0.182 seconds
[2023-05-20T15:46:21.529+0000] {processor.py:157} INFO - Started process (PID=3087) to work on /home/airflow/.local/lib/python3.7/site-packages/airflow/example_dags/example_task_group_decorator.py
[2023-05-20T15:46:21.531+0000] {processor.py:826} INFO - Processing file /home/airflow/.local/lib/python3.7/site-packages/airflow/example_dags/example_task_group_decorator.py for tasks to queue
[2023-05-20T15:46:21.533+0000] {logging_mixin.py:149} INFO - [2023-05-20T15:46:21.532+0000] {dagbag.py:541} INFO - Filling up the DagBag from /home/airflow/.local/lib/python3.7/site-packages/airflow/example_dags/example_task_group_decorator.py
[2023-05-20T15:46:21.553+0000] {processor.py:836} INFO - DAG(s) dict_keys(['example_task_group_decorator']) retrieved from /home/airflow/.local/lib/python3.7/site-packages/airflow/example_dags/example_task_group_decorator.py
[2023-05-20T15:46:21.595+0000] {logging_mixin.py:149} INFO - [2023-05-20T15:46:21.595+0000] {dag.py:2726} INFO - Sync 1 DAGs
[2023-05-20T15:46:21.634+0000] {logging_mixin.py:149} INFO - [2023-05-20T15:46:21.633+0000] {dag.py:3490} INFO - Setting next_dagrun for example_task_group_decorator to 2023-05-19T15:46:21.633472+00:00, run_after=2023-05-20T15:46:21.633472+00:00
[2023-05-20T15:46:21.661+0000] {processor.py:179} INFO - Processing /home/airflow/.local/lib/python3.7/site-packages/airflow/example_dags/example_task_group_decorator.py took 0.137 seconds
[2023-05-20T15:46:51.997+0000] {processor.py:157} INFO - Started process (PID=3145) to work on /home/airflow/.local/lib/python3.7/site-packages/airflow/example_dags/example_task_group_decorator.py
[2023-05-20T15:46:51.999+0000] {processor.py:826} INFO - Processing file /home/airflow/.local/lib/python3.7/site-packages/airflow/example_dags/example_task_group_decorator.py for tasks to queue
[2023-05-20T15:46:52.002+0000] {logging_mixin.py:149} INFO - [2023-05-20T15:46:52.001+0000] {dagbag.py:541} INFO - Filling up the DagBag from /home/airflow/.local/lib/python3.7/site-packages/airflow/example_dags/example_task_group_decorator.py
[2023-05-20T15:46:52.025+0000] {processor.py:836} INFO - DAG(s) dict_keys(['example_task_group_decorator']) retrieved from /home/airflow/.local/lib/python3.7/site-packages/airflow/example_dags/example_task_group_decorator.py
[2023-05-20T15:46:52.070+0000] {logging_mixin.py:149} INFO - [2023-05-20T15:46:52.070+0000] {dag.py:2726} INFO - Sync 1 DAGs
[2023-05-20T15:46:52.110+0000] {logging_mixin.py:149} INFO - [2023-05-20T15:46:52.110+0000] {dag.py:3490} INFO - Setting next_dagrun for example_task_group_decorator to 2023-05-19T15:46:52.110242+00:00, run_after=2023-05-20T15:46:52.110242+00:00
[2023-05-20T15:46:52.141+0000] {processor.py:179} INFO - Processing /home/airflow/.local/lib/python3.7/site-packages/airflow/example_dags/example_task_group_decorator.py took 0.149 seconds
[2023-05-20T15:47:22.190+0000] {processor.py:157} INFO - Started process (PID=3203) to work on /home/airflow/.local/lib/python3.7/site-packages/airflow/example_dags/example_task_group_decorator.py
[2023-05-20T15:47:22.193+0000] {processor.py:826} INFO - Processing file /home/airflow/.local/lib/python3.7/site-packages/airflow/example_dags/example_task_group_decorator.py for tasks to queue
[2023-05-20T15:47:22.194+0000] {logging_mixin.py:149} INFO - [2023-05-20T15:47:22.194+0000] {dagbag.py:541} INFO - Filling up the DagBag from /home/airflow/.local/lib/python3.7/site-packages/airflow/example_dags/example_task_group_decorator.py
[2023-05-20T15:47:22.215+0000] {processor.py:836} INFO - DAG(s) dict_keys(['example_task_group_decorator']) retrieved from /home/airflow/.local/lib/python3.7/site-packages/airflow/example_dags/example_task_group_decorator.py
[2023-05-20T15:47:22.253+0000] {logging_mixin.py:149} INFO - [2023-05-20T15:47:22.253+0000] {dag.py:2726} INFO - Sync 1 DAGs
[2023-05-20T15:47:22.288+0000] {logging_mixin.py:149} INFO - [2023-05-20T15:47:22.287+0000] {dag.py:3490} INFO - Setting next_dagrun for example_task_group_decorator to 2023-05-19T15:47:22.287167+00:00, run_after=2023-05-20T15:47:22.287167+00:00
[2023-05-20T15:47:22.318+0000] {processor.py:179} INFO - Processing /home/airflow/.local/lib/python3.7/site-packages/airflow/example_dags/example_task_group_decorator.py took 0.133 seconds
[2023-05-20T15:47:52.601+0000] {processor.py:157} INFO - Started process (PID=3261) to work on /home/airflow/.local/lib/python3.7/site-packages/airflow/example_dags/example_task_group_decorator.py
[2023-05-20T15:47:52.603+0000] {processor.py:826} INFO - Processing file /home/airflow/.local/lib/python3.7/site-packages/airflow/example_dags/example_task_group_decorator.py for tasks to queue
[2023-05-20T15:47:52.606+0000] {logging_mixin.py:149} INFO - [2023-05-20T15:47:52.605+0000] {dagbag.py:541} INFO - Filling up the DagBag from /home/airflow/.local/lib/python3.7/site-packages/airflow/example_dags/example_task_group_decorator.py
[2023-05-20T15:47:52.636+0000] {processor.py:836} INFO - DAG(s) dict_keys(['example_task_group_decorator']) retrieved from /home/airflow/.local/lib/python3.7/site-packages/airflow/example_dags/example_task_group_decorator.py
[2023-05-20T15:47:52.678+0000] {logging_mixin.py:149} INFO - [2023-05-20T15:47:52.678+0000] {dag.py:2726} INFO - Sync 1 DAGs
[2023-05-20T15:47:52.718+0000] {logging_mixin.py:149} INFO - [2023-05-20T15:47:52.718+0000] {dag.py:3490} INFO - Setting next_dagrun for example_task_group_decorator to 2023-05-19T15:47:52.717787+00:00, run_after=2023-05-20T15:47:52.717787+00:00
[2023-05-20T15:47:52.756+0000] {processor.py:179} INFO - Processing /home/airflow/.local/lib/python3.7/site-packages/airflow/example_dags/example_task_group_decorator.py took 0.160 seconds
[2023-05-20T15:48:23.260+0000] {processor.py:157} INFO - Started process (PID=3320) to work on /home/airflow/.local/lib/python3.7/site-packages/airflow/example_dags/example_task_group_decorator.py
[2023-05-20T15:48:23.263+0000] {processor.py:826} INFO - Processing file /home/airflow/.local/lib/python3.7/site-packages/airflow/example_dags/example_task_group_decorator.py for tasks to queue
[2023-05-20T15:48:23.266+0000] {logging_mixin.py:149} INFO - [2023-05-20T15:48:23.266+0000] {dagbag.py:541} INFO - Filling up the DagBag from /home/airflow/.local/lib/python3.7/site-packages/airflow/example_dags/example_task_group_decorator.py
[2023-05-20T15:48:23.296+0000] {processor.py:836} INFO - DAG(s) dict_keys(['example_task_group_decorator']) retrieved from /home/airflow/.local/lib/python3.7/site-packages/airflow/example_dags/example_task_group_decorator.py
[2023-05-20T15:48:23.353+0000] {logging_mixin.py:149} INFO - [2023-05-20T15:48:23.353+0000] {dag.py:2726} INFO - Sync 1 DAGs
[2023-05-20T15:48:23.405+0000] {logging_mixin.py:149} INFO - [2023-05-20T15:48:23.405+0000] {dag.py:3490} INFO - Setting next_dagrun for example_task_group_decorator to 2023-05-19T15:48:23.404741+00:00, run_after=2023-05-20T15:48:23.404741+00:00
[2023-05-20T15:48:23.451+0000] {processor.py:179} INFO - Processing /home/airflow/.local/lib/python3.7/site-packages/airflow/example_dags/example_task_group_decorator.py took 0.198 seconds
[2023-05-20T15:48:53.512+0000] {processor.py:157} INFO - Started process (PID=3378) to work on /home/airflow/.local/lib/python3.7/site-packages/airflow/example_dags/example_task_group_decorator.py
[2023-05-20T15:48:53.515+0000] {processor.py:826} INFO - Processing file /home/airflow/.local/lib/python3.7/site-packages/airflow/example_dags/example_task_group_decorator.py for tasks to queue
[2023-05-20T15:48:53.517+0000] {logging_mixin.py:149} INFO - [2023-05-20T15:48:53.517+0000] {dagbag.py:541} INFO - Filling up the DagBag from /home/airflow/.local/lib/python3.7/site-packages/airflow/example_dags/example_task_group_decorator.py
[2023-05-20T15:48:53.542+0000] {processor.py:836} INFO - DAG(s) dict_keys(['example_task_group_decorator']) retrieved from /home/airflow/.local/lib/python3.7/site-packages/airflow/example_dags/example_task_group_decorator.py
[2023-05-20T15:48:53.587+0000] {logging_mixin.py:149} INFO - [2023-05-20T15:48:53.587+0000] {dag.py:2726} INFO - Sync 1 DAGs
[2023-05-20T15:48:53.632+0000] {logging_mixin.py:149} INFO - [2023-05-20T15:48:53.632+0000] {dag.py:3490} INFO - Setting next_dagrun for example_task_group_decorator to 2023-05-19T15:48:53.632207+00:00, run_after=2023-05-20T15:48:53.632207+00:00
[2023-05-20T15:48:53.666+0000] {processor.py:179} INFO - Processing /home/airflow/.local/lib/python3.7/site-packages/airflow/example_dags/example_task_group_decorator.py took 0.161 seconds
[2023-05-20T15:49:24.140+0000] {processor.py:157} INFO - Started process (PID=3436) to work on /home/airflow/.local/lib/python3.7/site-packages/airflow/example_dags/example_task_group_decorator.py
[2023-05-20T15:49:24.143+0000] {processor.py:826} INFO - Processing file /home/airflow/.local/lib/python3.7/site-packages/airflow/example_dags/example_task_group_decorator.py for tasks to queue
[2023-05-20T15:49:24.147+0000] {logging_mixin.py:149} INFO - [2023-05-20T15:49:24.146+0000] {dagbag.py:541} INFO - Filling up the DagBag from /home/airflow/.local/lib/python3.7/site-packages/airflow/example_dags/example_task_group_decorator.py
[2023-05-20T15:49:24.181+0000] {processor.py:836} INFO - DAG(s) dict_keys(['example_task_group_decorator']) retrieved from /home/airflow/.local/lib/python3.7/site-packages/airflow/example_dags/example_task_group_decorator.py
[2023-05-20T15:49:24.240+0000] {logging_mixin.py:149} INFO - [2023-05-20T15:49:24.240+0000] {dag.py:2726} INFO - Sync 1 DAGs
[2023-05-20T15:49:24.292+0000] {logging_mixin.py:149} INFO - [2023-05-20T15:49:24.291+0000] {dag.py:3490} INFO - Setting next_dagrun for example_task_group_decorator to 2023-05-19T15:49:24.290471+00:00, run_after=2023-05-20T15:49:24.290471+00:00
[2023-05-20T15:49:24.359+0000] {processor.py:179} INFO - Processing /home/airflow/.local/lib/python3.7/site-packages/airflow/example_dags/example_task_group_decorator.py took 0.229 seconds
[2023-05-20T15:49:54.852+0000] {processor.py:157} INFO - Started process (PID=3493) to work on /home/airflow/.local/lib/python3.7/site-packages/airflow/example_dags/example_task_group_decorator.py
[2023-05-20T15:49:54.857+0000] {processor.py:826} INFO - Processing file /home/airflow/.local/lib/python3.7/site-packages/airflow/example_dags/example_task_group_decorator.py for tasks to queue
[2023-05-20T15:49:54.858+0000] {logging_mixin.py:149} INFO - [2023-05-20T15:49:54.858+0000] {dagbag.py:541} INFO - Filling up the DagBag from /home/airflow/.local/lib/python3.7/site-packages/airflow/example_dags/example_task_group_decorator.py
[2023-05-20T15:49:54.882+0000] {processor.py:836} INFO - DAG(s) dict_keys(['example_task_group_decorator']) retrieved from /home/airflow/.local/lib/python3.7/site-packages/airflow/example_dags/example_task_group_decorator.py
[2023-05-20T15:49:54.917+0000] {logging_mixin.py:149} INFO - [2023-05-20T15:49:54.917+0000] {dag.py:2726} INFO - Sync 1 DAGs
[2023-05-20T15:49:54.945+0000] {logging_mixin.py:149} INFO - [2023-05-20T15:49:54.945+0000] {dag.py:3490} INFO - Setting next_dagrun for example_task_group_decorator to 2023-05-19T15:49:54.945292+00:00, run_after=2023-05-20T15:49:54.945292+00:00
[2023-05-20T15:49:54.967+0000] {processor.py:179} INFO - Processing /home/airflow/.local/lib/python3.7/site-packages/airflow/example_dags/example_task_group_decorator.py took 0.120 seconds
[2023-05-20T16:08:49.050+0000] {processor.py:157} INFO - Started process (PID=64) to work on /home/airflow/.local/lib/python3.7/site-packages/airflow/example_dags/example_task_group_decorator.py
[2023-05-20T16:08:49.078+0000] {processor.py:826} INFO - Processing file /home/airflow/.local/lib/python3.7/site-packages/airflow/example_dags/example_task_group_decorator.py for tasks to queue
[2023-05-20T16:08:49.083+0000] {logging_mixin.py:149} INFO - [2023-05-20T16:08:49.082+0000] {dagbag.py:541} INFO - Filling up the DagBag from /home/airflow/.local/lib/python3.7/site-packages/airflow/example_dags/example_task_group_decorator.py
[2023-05-20T16:08:49.109+0000] {processor.py:836} INFO - DAG(s) dict_keys(['example_task_group_decorator']) retrieved from /home/airflow/.local/lib/python3.7/site-packages/airflow/example_dags/example_task_group_decorator.py
[2023-05-20T16:08:49.133+0000] {logging_mixin.py:149} INFO - [2023-05-20T16:08:49.133+0000] {dag.py:2726} INFO - Sync 1 DAGs
[2023-05-20T16:08:49.174+0000] {logging_mixin.py:149} INFO - [2023-05-20T16:08:49.174+0000] {dag.py:3490} INFO - Setting next_dagrun for example_task_group_decorator to 2023-05-19T16:08:49.173875+00:00, run_after=2023-05-20T16:08:49.173875+00:00
[2023-05-20T16:08:49.208+0000] {processor.py:179} INFO - Processing /home/airflow/.local/lib/python3.7/site-packages/airflow/example_dags/example_task_group_decorator.py took 0.167 seconds
[2023-05-20T16:09:19.355+0000] {processor.py:157} INFO - Started process (PID=121) to work on /home/airflow/.local/lib/python3.7/site-packages/airflow/example_dags/example_task_group_decorator.py
[2023-05-20T16:09:19.356+0000] {processor.py:826} INFO - Processing file /home/airflow/.local/lib/python3.7/site-packages/airflow/example_dags/example_task_group_decorator.py for tasks to queue
[2023-05-20T16:09:19.358+0000] {logging_mixin.py:149} INFO - [2023-05-20T16:09:19.357+0000] {dagbag.py:541} INFO - Filling up the DagBag from /home/airflow/.local/lib/python3.7/site-packages/airflow/example_dags/example_task_group_decorator.py
[2023-05-20T16:09:19.378+0000] {processor.py:836} INFO - DAG(s) dict_keys(['example_task_group_decorator']) retrieved from /home/airflow/.local/lib/python3.7/site-packages/airflow/example_dags/example_task_group_decorator.py
[2023-05-20T16:09:19.417+0000] {logging_mixin.py:149} INFO - [2023-05-20T16:09:19.417+0000] {dag.py:2726} INFO - Sync 1 DAGs
[2023-05-20T16:09:19.453+0000] {logging_mixin.py:149} INFO - [2023-05-20T16:09:19.453+0000] {dag.py:3490} INFO - Setting next_dagrun for example_task_group_decorator to 2023-05-19T16:09:19.452783+00:00, run_after=2023-05-20T16:09:19.452783+00:00
[2023-05-20T16:09:19.481+0000] {processor.py:179} INFO - Processing /home/airflow/.local/lib/python3.7/site-packages/airflow/example_dags/example_task_group_decorator.py took 0.131 seconds
[2023-05-20T16:09:50.270+0000] {processor.py:157} INFO - Started process (PID=179) to work on /home/airflow/.local/lib/python3.7/site-packages/airflow/example_dags/example_task_group_decorator.py
[2023-05-20T16:09:50.272+0000] {processor.py:826} INFO - Processing file /home/airflow/.local/lib/python3.7/site-packages/airflow/example_dags/example_task_group_decorator.py for tasks to queue
[2023-05-20T16:09:50.274+0000] {logging_mixin.py:149} INFO - [2023-05-20T16:09:50.274+0000] {dagbag.py:541} INFO - Filling up the DagBag from /home/airflow/.local/lib/python3.7/site-packages/airflow/example_dags/example_task_group_decorator.py
[2023-05-20T16:09:50.317+0000] {processor.py:836} INFO - DAG(s) dict_keys(['example_task_group_decorator']) retrieved from /home/airflow/.local/lib/python3.7/site-packages/airflow/example_dags/example_task_group_decorator.py
[2023-05-20T16:09:50.420+0000] {logging_mixin.py:149} INFO - [2023-05-20T16:09:50.420+0000] {dag.py:2726} INFO - Sync 1 DAGs
[2023-05-20T16:09:50.520+0000] {logging_mixin.py:149} INFO - [2023-05-20T16:09:50.520+0000] {dag.py:3490} INFO - Setting next_dagrun for example_task_group_decorator to 2023-05-19T16:09:50.519617+00:00, run_after=2023-05-20T16:09:50.519617+00:00
[2023-05-20T16:09:50.667+0000] {processor.py:179} INFO - Processing /home/airflow/.local/lib/python3.7/site-packages/airflow/example_dags/example_task_group_decorator.py took 0.403 seconds
[2023-05-20T16:10:21.777+0000] {processor.py:157} INFO - Started process (PID=237) to work on /home/airflow/.local/lib/python3.7/site-packages/airflow/example_dags/example_task_group_decorator.py
[2023-05-20T16:10:21.781+0000] {processor.py:826} INFO - Processing file /home/airflow/.local/lib/python3.7/site-packages/airflow/example_dags/example_task_group_decorator.py for tasks to queue
[2023-05-20T16:10:21.785+0000] {logging_mixin.py:149} INFO - [2023-05-20T16:10:21.784+0000] {dagbag.py:541} INFO - Filling up the DagBag from /home/airflow/.local/lib/python3.7/site-packages/airflow/example_dags/example_task_group_decorator.py
[2023-05-20T16:10:21.828+0000] {processor.py:836} INFO - DAG(s) dict_keys(['example_task_group_decorator']) retrieved from /home/airflow/.local/lib/python3.7/site-packages/airflow/example_dags/example_task_group_decorator.py
[2023-05-20T16:10:21.895+0000] {logging_mixin.py:149} INFO - [2023-05-20T16:10:21.895+0000] {dag.py:2726} INFO - Sync 1 DAGs
[2023-05-20T16:10:21.959+0000] {logging_mixin.py:149} INFO - [2023-05-20T16:10:21.958+0000] {dag.py:3490} INFO - Setting next_dagrun for example_task_group_decorator to 2023-05-19T16:10:21.958190+00:00, run_after=2023-05-20T16:10:21.958190+00:00
[2023-05-20T16:10:22.017+0000] {processor.py:179} INFO - Processing /home/airflow/.local/lib/python3.7/site-packages/airflow/example_dags/example_task_group_decorator.py took 0.246 seconds
[2023-05-20T16:10:52.247+0000] {processor.py:157} INFO - Started process (PID=295) to work on /home/airflow/.local/lib/python3.7/site-packages/airflow/example_dags/example_task_group_decorator.py
[2023-05-20T16:10:52.250+0000] {processor.py:826} INFO - Processing file /home/airflow/.local/lib/python3.7/site-packages/airflow/example_dags/example_task_group_decorator.py for tasks to queue
[2023-05-20T16:10:52.252+0000] {logging_mixin.py:149} INFO - [2023-05-20T16:10:52.252+0000] {dagbag.py:541} INFO - Filling up the DagBag from /home/airflow/.local/lib/python3.7/site-packages/airflow/example_dags/example_task_group_decorator.py
[2023-05-20T16:10:52.282+0000] {processor.py:836} INFO - DAG(s) dict_keys(['example_task_group_decorator']) retrieved from /home/airflow/.local/lib/python3.7/site-packages/airflow/example_dags/example_task_group_decorator.py
[2023-05-20T16:10:52.337+0000] {logging_mixin.py:149} INFO - [2023-05-20T16:10:52.337+0000] {dag.py:2726} INFO - Sync 1 DAGs
[2023-05-20T16:10:52.384+0000] {logging_mixin.py:149} INFO - [2023-05-20T16:10:52.384+0000] {dag.py:3490} INFO - Setting next_dagrun for example_task_group_decorator to 2023-05-19T16:10:52.383655+00:00, run_after=2023-05-20T16:10:52.383655+00:00
[2023-05-20T16:10:52.428+0000] {processor.py:179} INFO - Processing /home/airflow/.local/lib/python3.7/site-packages/airflow/example_dags/example_task_group_decorator.py took 0.187 seconds
[2023-05-20T16:11:23.925+0000] {processor.py:157} INFO - Started process (PID=353) to work on /home/airflow/.local/lib/python3.7/site-packages/airflow/example_dags/example_task_group_decorator.py
[2023-05-20T16:11:23.927+0000] {processor.py:826} INFO - Processing file /home/airflow/.local/lib/python3.7/site-packages/airflow/example_dags/example_task_group_decorator.py for tasks to queue
[2023-05-20T16:11:23.931+0000] {logging_mixin.py:149} INFO - [2023-05-20T16:11:23.930+0000] {dagbag.py:541} INFO - Filling up the DagBag from /home/airflow/.local/lib/python3.7/site-packages/airflow/example_dags/example_task_group_decorator.py
[2023-05-20T16:11:23.964+0000] {processor.py:836} INFO - DAG(s) dict_keys(['example_task_group_decorator']) retrieved from /home/airflow/.local/lib/python3.7/site-packages/airflow/example_dags/example_task_group_decorator.py
[2023-05-20T16:11:24.033+0000] {logging_mixin.py:149} INFO - [2023-05-20T16:11:24.032+0000] {dag.py:2726} INFO - Sync 1 DAGs
[2023-05-20T16:11:24.106+0000] {logging_mixin.py:149} INFO - [2023-05-20T16:11:24.106+0000] {dag.py:3490} INFO - Setting next_dagrun for example_task_group_decorator to 2023-05-19T16:11:24.105423+00:00, run_after=2023-05-20T16:11:24.105423+00:00
[2023-05-20T16:11:24.161+0000] {processor.py:179} INFO - Processing /home/airflow/.local/lib/python3.7/site-packages/airflow/example_dags/example_task_group_decorator.py took 0.249 seconds
[2023-05-20T16:11:54.900+0000] {processor.py:157} INFO - Started process (PID=411) to work on /home/airflow/.local/lib/python3.7/site-packages/airflow/example_dags/example_task_group_decorator.py
[2023-05-20T16:11:54.902+0000] {processor.py:826} INFO - Processing file /home/airflow/.local/lib/python3.7/site-packages/airflow/example_dags/example_task_group_decorator.py for tasks to queue
[2023-05-20T16:11:54.904+0000] {logging_mixin.py:149} INFO - [2023-05-20T16:11:54.904+0000] {dagbag.py:541} INFO - Filling up the DagBag from /home/airflow/.local/lib/python3.7/site-packages/airflow/example_dags/example_task_group_decorator.py
[2023-05-20T16:11:54.924+0000] {processor.py:836} INFO - DAG(s) dict_keys(['example_task_group_decorator']) retrieved from /home/airflow/.local/lib/python3.7/site-packages/airflow/example_dags/example_task_group_decorator.py
[2023-05-20T16:11:54.961+0000] {logging_mixin.py:149} INFO - [2023-05-20T16:11:54.961+0000] {dag.py:2726} INFO - Sync 1 DAGs
[2023-05-20T16:11:54.998+0000] {logging_mixin.py:149} INFO - [2023-05-20T16:11:54.997+0000] {dag.py:3490} INFO - Setting next_dagrun for example_task_group_decorator to 2023-05-19T16:11:54.997567+00:00, run_after=2023-05-20T16:11:54.997567+00:00
[2023-05-20T16:11:55.023+0000] {processor.py:179} INFO - Processing /home/airflow/.local/lib/python3.7/site-packages/airflow/example_dags/example_task_group_decorator.py took 0.127 seconds
[2023-05-20T16:12:25.515+0000] {processor.py:157} INFO - Started process (PID=469) to work on /home/airflow/.local/lib/python3.7/site-packages/airflow/example_dags/example_task_group_decorator.py
[2023-05-20T16:12:25.518+0000] {processor.py:826} INFO - Processing file /home/airflow/.local/lib/python3.7/site-packages/airflow/example_dags/example_task_group_decorator.py for tasks to queue
[2023-05-20T16:12:25.520+0000] {logging_mixin.py:149} INFO - [2023-05-20T16:12:25.520+0000] {dagbag.py:541} INFO - Filling up the DagBag from /home/airflow/.local/lib/python3.7/site-packages/airflow/example_dags/example_task_group_decorator.py
[2023-05-20T16:12:25.549+0000] {processor.py:836} INFO - DAG(s) dict_keys(['example_task_group_decorator']) retrieved from /home/airflow/.local/lib/python3.7/site-packages/airflow/example_dags/example_task_group_decorator.py
[2023-05-20T16:12:25.603+0000] {logging_mixin.py:149} INFO - [2023-05-20T16:12:25.603+0000] {dag.py:2726} INFO - Sync 1 DAGs
[2023-05-20T16:12:25.658+0000] {logging_mixin.py:149} INFO - [2023-05-20T16:12:25.658+0000] {dag.py:3490} INFO - Setting next_dagrun for example_task_group_decorator to 2023-05-19T16:12:25.658064+00:00, run_after=2023-05-20T16:12:25.658064+00:00
[2023-05-20T16:12:25.694+0000] {processor.py:179} INFO - Processing /home/airflow/.local/lib/python3.7/site-packages/airflow/example_dags/example_task_group_decorator.py took 0.187 seconds
[2023-05-20T16:12:55.780+0000] {processor.py:157} INFO - Started process (PID=527) to work on /home/airflow/.local/lib/python3.7/site-packages/airflow/example_dags/example_task_group_decorator.py
[2023-05-20T16:12:55.783+0000] {processor.py:826} INFO - Processing file /home/airflow/.local/lib/python3.7/site-packages/airflow/example_dags/example_task_group_decorator.py for tasks to queue
[2023-05-20T16:12:55.784+0000] {logging_mixin.py:149} INFO - [2023-05-20T16:12:55.784+0000] {dagbag.py:541} INFO - Filling up the DagBag from /home/airflow/.local/lib/python3.7/site-packages/airflow/example_dags/example_task_group_decorator.py
[2023-05-20T16:12:55.808+0000] {processor.py:836} INFO - DAG(s) dict_keys(['example_task_group_decorator']) retrieved from /home/airflow/.local/lib/python3.7/site-packages/airflow/example_dags/example_task_group_decorator.py
[2023-05-20T16:12:55.847+0000] {logging_mixin.py:149} INFO - [2023-05-20T16:12:55.847+0000] {dag.py:2726} INFO - Sync 1 DAGs
[2023-05-20T16:12:55.883+0000] {logging_mixin.py:149} INFO - [2023-05-20T16:12:55.883+0000] {dag.py:3490} INFO - Setting next_dagrun for example_task_group_decorator to 2023-05-19T16:12:55.883247+00:00, run_after=2023-05-20T16:12:55.883247+00:00
[2023-05-20T16:12:55.909+0000] {processor.py:179} INFO - Processing /home/airflow/.local/lib/python3.7/site-packages/airflow/example_dags/example_task_group_decorator.py took 0.133 seconds
[2023-05-20T16:13:26.280+0000] {processor.py:157} INFO - Started process (PID=585) to work on /home/airflow/.local/lib/python3.7/site-packages/airflow/example_dags/example_task_group_decorator.py
[2023-05-20T16:13:26.282+0000] {processor.py:826} INFO - Processing file /home/airflow/.local/lib/python3.7/site-packages/airflow/example_dags/example_task_group_decorator.py for tasks to queue
[2023-05-20T16:13:26.284+0000] {logging_mixin.py:149} INFO - [2023-05-20T16:13:26.284+0000] {dagbag.py:541} INFO - Filling up the DagBag from /home/airflow/.local/lib/python3.7/site-packages/airflow/example_dags/example_task_group_decorator.py
[2023-05-20T16:13:26.303+0000] {processor.py:836} INFO - DAG(s) dict_keys(['example_task_group_decorator']) retrieved from /home/airflow/.local/lib/python3.7/site-packages/airflow/example_dags/example_task_group_decorator.py
[2023-05-20T16:13:26.347+0000] {logging_mixin.py:149} INFO - [2023-05-20T16:13:26.347+0000] {dag.py:2726} INFO - Sync 1 DAGs
[2023-05-20T16:13:26.403+0000] {logging_mixin.py:149} INFO - [2023-05-20T16:13:26.403+0000] {dag.py:3490} INFO - Setting next_dagrun for example_task_group_decorator to 2023-05-19T16:13:26.403229+00:00, run_after=2023-05-20T16:13:26.403229+00:00
[2023-05-20T16:13:26.439+0000] {processor.py:179} INFO - Processing /home/airflow/.local/lib/python3.7/site-packages/airflow/example_dags/example_task_group_decorator.py took 0.163 seconds
