[2023-05-20T15:19:48.269+0000] {processor.py:157} INFO - Started process (PID=44) to work on /home/airflow/.local/lib/python3.7/site-packages/airflow/example_dags/example_bash_operator.py
[2023-05-20T15:19:48.271+0000] {processor.py:826} INFO - Processing file /home/airflow/.local/lib/python3.7/site-packages/airflow/example_dags/example_bash_operator.py for tasks to queue
[2023-05-20T15:19:48.273+0000] {logging_mixin.py:149} INFO - [2023-05-20T15:19:48.273+0000] {dagbag.py:541} INFO - Filling up the DagBag from /home/airflow/.local/lib/python3.7/site-packages/airflow/example_dags/example_bash_operator.py
[2023-05-20T15:19:48.295+0000] {processor.py:836} INFO - DAG(s) dict_keys(['example_bash_operator']) retrieved from /home/airflow/.local/lib/python3.7/site-packages/airflow/example_dags/example_bash_operator.py
[2023-05-20T15:19:48.313+0000] {logging_mixin.py:149} INFO - [2023-05-20T15:19:48.313+0000] {dag.py:2726} INFO - Sync 1 DAGs
[2023-05-20T15:19:48.355+0000] {logging_mixin.py:149} INFO - [2023-05-20T15:19:48.355+0000] {dag.py:3490} INFO - Setting next_dagrun for example_bash_operator to 2023-05-19T00:00:00+00:00, run_after=2023-05-20T00:00:00+00:00
[2023-05-20T15:19:48.383+0000] {processor.py:179} INFO - Processing /home/airflow/.local/lib/python3.7/site-packages/airflow/example_dags/example_bash_operator.py took 0.118 seconds
[2023-05-20T15:20:19.858+0000] {processor.py:157} INFO - Started process (PID=102) to work on /home/airflow/.local/lib/python3.7/site-packages/airflow/example_dags/example_bash_operator.py
[2023-05-20T15:20:19.863+0000] {processor.py:826} INFO - Processing file /home/airflow/.local/lib/python3.7/site-packages/airflow/example_dags/example_bash_operator.py for tasks to queue
[2023-05-20T15:20:19.866+0000] {logging_mixin.py:149} INFO - [2023-05-20T15:20:19.866+0000] {dagbag.py:541} INFO - Filling up the DagBag from /home/airflow/.local/lib/python3.7/site-packages/airflow/example_dags/example_bash_operator.py
[2023-05-20T15:20:19.892+0000] {processor.py:836} INFO - DAG(s) dict_keys(['example_bash_operator']) retrieved from /home/airflow/.local/lib/python3.7/site-packages/airflow/example_dags/example_bash_operator.py
[2023-05-20T15:20:19.956+0000] {logging_mixin.py:149} INFO - [2023-05-20T15:20:19.956+0000] {dag.py:2726} INFO - Sync 1 DAGs
[2023-05-20T15:20:20.001+0000] {logging_mixin.py:149} INFO - [2023-05-20T15:20:20.001+0000] {dag.py:3490} INFO - Setting next_dagrun for example_bash_operator to 2023-05-19T00:00:00+00:00, run_after=2023-05-20T00:00:00+00:00
[2023-05-20T15:20:20.035+0000] {processor.py:179} INFO - Processing /home/airflow/.local/lib/python3.7/site-packages/airflow/example_dags/example_bash_operator.py took 0.186 seconds
[2023-05-20T15:20:50.451+0000] {processor.py:157} INFO - Started process (PID=160) to work on /home/airflow/.local/lib/python3.7/site-packages/airflow/example_dags/example_bash_operator.py
[2023-05-20T15:20:50.454+0000] {processor.py:826} INFO - Processing file /home/airflow/.local/lib/python3.7/site-packages/airflow/example_dags/example_bash_operator.py for tasks to queue
[2023-05-20T15:20:50.456+0000] {logging_mixin.py:149} INFO - [2023-05-20T15:20:50.455+0000] {dagbag.py:541} INFO - Filling up the DagBag from /home/airflow/.local/lib/python3.7/site-packages/airflow/example_dags/example_bash_operator.py
[2023-05-20T15:20:50.479+0000] {processor.py:836} INFO - DAG(s) dict_keys(['example_bash_operator']) retrieved from /home/airflow/.local/lib/python3.7/site-packages/airflow/example_dags/example_bash_operator.py
[2023-05-20T15:20:50.531+0000] {logging_mixin.py:149} INFO - [2023-05-20T15:20:50.531+0000] {dag.py:2726} INFO - Sync 1 DAGs
[2023-05-20T15:20:50.570+0000] {logging_mixin.py:149} INFO - [2023-05-20T15:20:50.569+0000] {dag.py:3490} INFO - Setting next_dagrun for example_bash_operator to 2023-05-19T00:00:00+00:00, run_after=2023-05-20T00:00:00+00:00
[2023-05-20T15:20:50.598+0000] {processor.py:179} INFO - Processing /home/airflow/.local/lib/python3.7/site-packages/airflow/example_dags/example_bash_operator.py took 0.151 seconds
[2023-05-20T15:21:21.347+0000] {processor.py:157} INFO - Started process (PID=218) to work on /home/airflow/.local/lib/python3.7/site-packages/airflow/example_dags/example_bash_operator.py
[2023-05-20T15:21:21.351+0000] {processor.py:826} INFO - Processing file /home/airflow/.local/lib/python3.7/site-packages/airflow/example_dags/example_bash_operator.py for tasks to queue
[2023-05-20T15:21:21.353+0000] {logging_mixin.py:149} INFO - [2023-05-20T15:21:21.353+0000] {dagbag.py:541} INFO - Filling up the DagBag from /home/airflow/.local/lib/python3.7/site-packages/airflow/example_dags/example_bash_operator.py
[2023-05-20T15:21:21.413+0000] {processor.py:836} INFO - DAG(s) dict_keys(['example_bash_operator']) retrieved from /home/airflow/.local/lib/python3.7/site-packages/airflow/example_dags/example_bash_operator.py
[2023-05-20T15:21:21.497+0000] {logging_mixin.py:149} INFO - [2023-05-20T15:21:21.497+0000] {dag.py:2726} INFO - Sync 1 DAGs
[2023-05-20T15:21:21.549+0000] {logging_mixin.py:149} INFO - [2023-05-20T15:21:21.549+0000] {dag.py:3490} INFO - Setting next_dagrun for example_bash_operator to 2023-05-19T00:00:00+00:00, run_after=2023-05-20T00:00:00+00:00
[2023-05-20T15:21:21.586+0000] {processor.py:179} INFO - Processing /home/airflow/.local/lib/python3.7/site-packages/airflow/example_dags/example_bash_operator.py took 0.245 seconds
[2023-05-20T15:21:51.771+0000] {processor.py:157} INFO - Started process (PID=276) to work on /home/airflow/.local/lib/python3.7/site-packages/airflow/example_dags/example_bash_operator.py
[2023-05-20T15:21:51.773+0000] {processor.py:826} INFO - Processing file /home/airflow/.local/lib/python3.7/site-packages/airflow/example_dags/example_bash_operator.py for tasks to queue
[2023-05-20T15:21:51.778+0000] {logging_mixin.py:149} INFO - [2023-05-20T15:21:51.777+0000] {dagbag.py:541} INFO - Filling up the DagBag from /home/airflow/.local/lib/python3.7/site-packages/airflow/example_dags/example_bash_operator.py
[2023-05-20T15:21:51.831+0000] {processor.py:836} INFO - DAG(s) dict_keys(['example_bash_operator']) retrieved from /home/airflow/.local/lib/python3.7/site-packages/airflow/example_dags/example_bash_operator.py
[2023-05-20T15:21:51.960+0000] {logging_mixin.py:149} INFO - [2023-05-20T15:21:51.959+0000] {dag.py:2726} INFO - Sync 1 DAGs
[2023-05-20T15:21:52.068+0000] {logging_mixin.py:149} INFO - [2023-05-20T15:21:52.067+0000] {dag.py:3490} INFO - Setting next_dagrun for example_bash_operator to 2023-05-19T00:00:00+00:00, run_after=2023-05-20T00:00:00+00:00
[2023-05-20T15:21:52.151+0000] {processor.py:179} INFO - Processing /home/airflow/.local/lib/python3.7/site-packages/airflow/example_dags/example_bash_operator.py took 0.388 seconds
[2023-05-20T15:22:23.090+0000] {processor.py:157} INFO - Started process (PID=335) to work on /home/airflow/.local/lib/python3.7/site-packages/airflow/example_dags/example_bash_operator.py
[2023-05-20T15:22:23.092+0000] {processor.py:826} INFO - Processing file /home/airflow/.local/lib/python3.7/site-packages/airflow/example_dags/example_bash_operator.py for tasks to queue
[2023-05-20T15:22:23.094+0000] {logging_mixin.py:149} INFO - [2023-05-20T15:22:23.094+0000] {dagbag.py:541} INFO - Filling up the DagBag from /home/airflow/.local/lib/python3.7/site-packages/airflow/example_dags/example_bash_operator.py
[2023-05-20T15:22:23.119+0000] {processor.py:836} INFO - DAG(s) dict_keys(['example_bash_operator']) retrieved from /home/airflow/.local/lib/python3.7/site-packages/airflow/example_dags/example_bash_operator.py
[2023-05-20T15:22:23.176+0000] {logging_mixin.py:149} INFO - [2023-05-20T15:22:23.176+0000] {dag.py:2726} INFO - Sync 1 DAGs
[2023-05-20T15:22:23.216+0000] {logging_mixin.py:149} INFO - [2023-05-20T15:22:23.216+0000] {dag.py:3490} INFO - Setting next_dagrun for example_bash_operator to 2023-05-19T00:00:00+00:00, run_after=2023-05-20T00:00:00+00:00
[2023-05-20T15:22:23.250+0000] {processor.py:179} INFO - Processing /home/airflow/.local/lib/python3.7/site-packages/airflow/example_dags/example_bash_operator.py took 0.165 seconds
[2023-05-20T15:22:53.799+0000] {processor.py:157} INFO - Started process (PID=393) to work on /home/airflow/.local/lib/python3.7/site-packages/airflow/example_dags/example_bash_operator.py
[2023-05-20T15:22:53.802+0000] {processor.py:826} INFO - Processing file /home/airflow/.local/lib/python3.7/site-packages/airflow/example_dags/example_bash_operator.py for tasks to queue
[2023-05-20T15:22:53.803+0000] {logging_mixin.py:149} INFO - [2023-05-20T15:22:53.803+0000] {dagbag.py:541} INFO - Filling up the DagBag from /home/airflow/.local/lib/python3.7/site-packages/airflow/example_dags/example_bash_operator.py
[2023-05-20T15:22:53.827+0000] {processor.py:836} INFO - DAG(s) dict_keys(['example_bash_operator']) retrieved from /home/airflow/.local/lib/python3.7/site-packages/airflow/example_dags/example_bash_operator.py
[2023-05-20T15:22:53.878+0000] {logging_mixin.py:149} INFO - [2023-05-20T15:22:53.878+0000] {dag.py:2726} INFO - Sync 1 DAGs
[2023-05-20T15:22:53.911+0000] {logging_mixin.py:149} INFO - [2023-05-20T15:22:53.911+0000] {dag.py:3490} INFO - Setting next_dagrun for example_bash_operator to 2023-05-19T00:00:00+00:00, run_after=2023-05-20T00:00:00+00:00
[2023-05-20T15:22:53.939+0000] {processor.py:179} INFO - Processing /home/airflow/.local/lib/python3.7/site-packages/airflow/example_dags/example_bash_operator.py took 0.145 seconds
[2023-05-20T15:23:24.229+0000] {processor.py:157} INFO - Started process (PID=451) to work on /home/airflow/.local/lib/python3.7/site-packages/airflow/example_dags/example_bash_operator.py
[2023-05-20T15:23:24.237+0000] {processor.py:826} INFO - Processing file /home/airflow/.local/lib/python3.7/site-packages/airflow/example_dags/example_bash_operator.py for tasks to queue
[2023-05-20T15:23:24.240+0000] {logging_mixin.py:149} INFO - [2023-05-20T15:23:24.240+0000] {dagbag.py:541} INFO - Filling up the DagBag from /home/airflow/.local/lib/python3.7/site-packages/airflow/example_dags/example_bash_operator.py
[2023-05-20T15:23:24.266+0000] {processor.py:836} INFO - DAG(s) dict_keys(['example_bash_operator']) retrieved from /home/airflow/.local/lib/python3.7/site-packages/airflow/example_dags/example_bash_operator.py
[2023-05-20T15:23:24.329+0000] {logging_mixin.py:149} INFO - [2023-05-20T15:23:24.329+0000] {dag.py:2726} INFO - Sync 1 DAGs
[2023-05-20T15:23:24.387+0000] {logging_mixin.py:149} INFO - [2023-05-20T15:23:24.386+0000] {dag.py:3490} INFO - Setting next_dagrun for example_bash_operator to 2023-05-19T00:00:00+00:00, run_after=2023-05-20T00:00:00+00:00
[2023-05-20T15:23:24.423+0000] {processor.py:179} INFO - Processing /home/airflow/.local/lib/python3.7/site-packages/airflow/example_dags/example_bash_operator.py took 0.200 seconds
[2023-05-20T15:23:54.843+0000] {processor.py:157} INFO - Started process (PID=509) to work on /home/airflow/.local/lib/python3.7/site-packages/airflow/example_dags/example_bash_operator.py
[2023-05-20T15:23:54.846+0000] {processor.py:826} INFO - Processing file /home/airflow/.local/lib/python3.7/site-packages/airflow/example_dags/example_bash_operator.py for tasks to queue
[2023-05-20T15:23:54.857+0000] {logging_mixin.py:149} INFO - [2023-05-20T15:23:54.856+0000] {dagbag.py:541} INFO - Filling up the DagBag from /home/airflow/.local/lib/python3.7/site-packages/airflow/example_dags/example_bash_operator.py
[2023-05-20T15:23:54.906+0000] {processor.py:836} INFO - DAG(s) dict_keys(['example_bash_operator']) retrieved from /home/airflow/.local/lib/python3.7/site-packages/airflow/example_dags/example_bash_operator.py
[2023-05-20T15:23:55.027+0000] {logging_mixin.py:149} INFO - [2023-05-20T15:23:55.027+0000] {dag.py:2726} INFO - Sync 1 DAGs
[2023-05-20T15:23:55.088+0000] {logging_mixin.py:149} INFO - [2023-05-20T15:23:55.087+0000] {dag.py:3490} INFO - Setting next_dagrun for example_bash_operator to 2023-05-19T00:00:00+00:00, run_after=2023-05-20T00:00:00+00:00
[2023-05-20T15:23:55.142+0000] {processor.py:179} INFO - Processing /home/airflow/.local/lib/python3.7/site-packages/airflow/example_dags/example_bash_operator.py took 0.304 seconds
[2023-05-20T15:24:25.285+0000] {processor.py:157} INFO - Started process (PID=567) to work on /home/airflow/.local/lib/python3.7/site-packages/airflow/example_dags/example_bash_operator.py
[2023-05-20T15:24:25.289+0000] {processor.py:826} INFO - Processing file /home/airflow/.local/lib/python3.7/site-packages/airflow/example_dags/example_bash_operator.py for tasks to queue
[2023-05-20T15:24:25.290+0000] {logging_mixin.py:149} INFO - [2023-05-20T15:24:25.290+0000] {dagbag.py:541} INFO - Filling up the DagBag from /home/airflow/.local/lib/python3.7/site-packages/airflow/example_dags/example_bash_operator.py
[2023-05-20T15:24:25.311+0000] {processor.py:836} INFO - DAG(s) dict_keys(['example_bash_operator']) retrieved from /home/airflow/.local/lib/python3.7/site-packages/airflow/example_dags/example_bash_operator.py
[2023-05-20T15:24:25.355+0000] {logging_mixin.py:149} INFO - [2023-05-20T15:24:25.355+0000] {dag.py:2726} INFO - Sync 1 DAGs
[2023-05-20T15:24:25.385+0000] {logging_mixin.py:149} INFO - [2023-05-20T15:24:25.385+0000] {dag.py:3490} INFO - Setting next_dagrun for example_bash_operator to 2023-05-19T00:00:00+00:00, run_after=2023-05-20T00:00:00+00:00
[2023-05-20T15:24:25.431+0000] {processor.py:179} INFO - Processing /home/airflow/.local/lib/python3.7/site-packages/airflow/example_dags/example_bash_operator.py took 0.154 seconds
[2023-05-20T15:24:55.779+0000] {processor.py:157} INFO - Started process (PID=625) to work on /home/airflow/.local/lib/python3.7/site-packages/airflow/example_dags/example_bash_operator.py
[2023-05-20T15:24:55.782+0000] {processor.py:826} INFO - Processing file /home/airflow/.local/lib/python3.7/site-packages/airflow/example_dags/example_bash_operator.py for tasks to queue
[2023-05-20T15:24:55.784+0000] {logging_mixin.py:149} INFO - [2023-05-20T15:24:55.783+0000] {dagbag.py:541} INFO - Filling up the DagBag from /home/airflow/.local/lib/python3.7/site-packages/airflow/example_dags/example_bash_operator.py
[2023-05-20T15:24:55.807+0000] {processor.py:836} INFO - DAG(s) dict_keys(['example_bash_operator']) retrieved from /home/airflow/.local/lib/python3.7/site-packages/airflow/example_dags/example_bash_operator.py
[2023-05-20T15:24:55.855+0000] {logging_mixin.py:149} INFO - [2023-05-20T15:24:55.855+0000] {dag.py:2726} INFO - Sync 1 DAGs
[2023-05-20T15:24:55.893+0000] {logging_mixin.py:149} INFO - [2023-05-20T15:24:55.893+0000] {dag.py:3490} INFO - Setting next_dagrun for example_bash_operator to 2023-05-19T00:00:00+00:00, run_after=2023-05-20T00:00:00+00:00
[2023-05-20T15:24:55.924+0000] {processor.py:179} INFO - Processing /home/airflow/.local/lib/python3.7/site-packages/airflow/example_dags/example_bash_operator.py took 0.151 seconds
[2023-05-20T15:25:26.500+0000] {processor.py:157} INFO - Started process (PID=683) to work on /home/airflow/.local/lib/python3.7/site-packages/airflow/example_dags/example_bash_operator.py
[2023-05-20T15:25:26.502+0000] {processor.py:826} INFO - Processing file /home/airflow/.local/lib/python3.7/site-packages/airflow/example_dags/example_bash_operator.py for tasks to queue
[2023-05-20T15:25:26.504+0000] {logging_mixin.py:149} INFO - [2023-05-20T15:25:26.504+0000] {dagbag.py:541} INFO - Filling up the DagBag from /home/airflow/.local/lib/python3.7/site-packages/airflow/example_dags/example_bash_operator.py
[2023-05-20T15:25:26.526+0000] {processor.py:836} INFO - DAG(s) dict_keys(['example_bash_operator']) retrieved from /home/airflow/.local/lib/python3.7/site-packages/airflow/example_dags/example_bash_operator.py
[2023-05-20T15:25:26.581+0000] {logging_mixin.py:149} INFO - [2023-05-20T15:25:26.581+0000] {dag.py:2726} INFO - Sync 1 DAGs
[2023-05-20T15:25:26.618+0000] {logging_mixin.py:149} INFO - [2023-05-20T15:25:26.618+0000] {dag.py:3490} INFO - Setting next_dagrun for example_bash_operator to 2023-05-19T00:00:00+00:00, run_after=2023-05-20T00:00:00+00:00
[2023-05-20T15:25:26.652+0000] {processor.py:179} INFO - Processing /home/airflow/.local/lib/python3.7/site-packages/airflow/example_dags/example_bash_operator.py took 0.157 seconds
[2023-05-20T15:25:56.924+0000] {processor.py:157} INFO - Started process (PID=741) to work on /home/airflow/.local/lib/python3.7/site-packages/airflow/example_dags/example_bash_operator.py
[2023-05-20T15:25:56.951+0000] {processor.py:826} INFO - Processing file /home/airflow/.local/lib/python3.7/site-packages/airflow/example_dags/example_bash_operator.py for tasks to queue
[2023-05-20T15:25:56.973+0000] {logging_mixin.py:149} INFO - [2023-05-20T15:25:56.973+0000] {dagbag.py:541} INFO - Filling up the DagBag from /home/airflow/.local/lib/python3.7/site-packages/airflow/example_dags/example_bash_operator.py
[2023-05-20T15:25:57.014+0000] {processor.py:836} INFO - DAG(s) dict_keys(['example_bash_operator']) retrieved from /home/airflow/.local/lib/python3.7/site-packages/airflow/example_dags/example_bash_operator.py
[2023-05-20T15:25:57.060+0000] {logging_mixin.py:149} INFO - [2023-05-20T15:25:57.060+0000] {dag.py:2726} INFO - Sync 1 DAGs
[2023-05-20T15:25:57.095+0000] {logging_mixin.py:149} INFO - [2023-05-20T15:25:57.095+0000] {dag.py:3490} INFO - Setting next_dagrun for example_bash_operator to 2023-05-19T00:00:00+00:00, run_after=2023-05-20T00:00:00+00:00
[2023-05-20T15:25:57.124+0000] {processor.py:179} INFO - Processing /home/airflow/.local/lib/python3.7/site-packages/airflow/example_dags/example_bash_operator.py took 0.203 seconds
[2023-05-20T15:26:27.201+0000] {processor.py:157} INFO - Started process (PID=800) to work on /home/airflow/.local/lib/python3.7/site-packages/airflow/example_dags/example_bash_operator.py
[2023-05-20T15:26:27.216+0000] {processor.py:826} INFO - Processing file /home/airflow/.local/lib/python3.7/site-packages/airflow/example_dags/example_bash_operator.py for tasks to queue
[2023-05-20T15:26:27.217+0000] {logging_mixin.py:149} INFO - [2023-05-20T15:26:27.217+0000] {dagbag.py:541} INFO - Filling up the DagBag from /home/airflow/.local/lib/python3.7/site-packages/airflow/example_dags/example_bash_operator.py
[2023-05-20T15:26:27.236+0000] {processor.py:836} INFO - DAG(s) dict_keys(['example_bash_operator']) retrieved from /home/airflow/.local/lib/python3.7/site-packages/airflow/example_dags/example_bash_operator.py
[2023-05-20T15:26:27.288+0000] {logging_mixin.py:149} INFO - [2023-05-20T15:26:27.288+0000] {dag.py:2726} INFO - Sync 1 DAGs
[2023-05-20T15:26:27.336+0000] {logging_mixin.py:149} INFO - [2023-05-20T15:26:27.336+0000] {dag.py:3490} INFO - Setting next_dagrun for example_bash_operator to 2023-05-19T00:00:00+00:00, run_after=2023-05-20T00:00:00+00:00
[2023-05-20T15:26:27.390+0000] {processor.py:179} INFO - Processing /home/airflow/.local/lib/python3.7/site-packages/airflow/example_dags/example_bash_operator.py took 0.194 seconds
[2023-05-20T15:26:57.527+0000] {processor.py:157} INFO - Started process (PID=858) to work on /home/airflow/.local/lib/python3.7/site-packages/airflow/example_dags/example_bash_operator.py
[2023-05-20T15:26:57.530+0000] {processor.py:826} INFO - Processing file /home/airflow/.local/lib/python3.7/site-packages/airflow/example_dags/example_bash_operator.py for tasks to queue
[2023-05-20T15:26:57.533+0000] {logging_mixin.py:149} INFO - [2023-05-20T15:26:57.532+0000] {dagbag.py:541} INFO - Filling up the DagBag from /home/airflow/.local/lib/python3.7/site-packages/airflow/example_dags/example_bash_operator.py
[2023-05-20T15:26:57.558+0000] {processor.py:836} INFO - DAG(s) dict_keys(['example_bash_operator']) retrieved from /home/airflow/.local/lib/python3.7/site-packages/airflow/example_dags/example_bash_operator.py
[2023-05-20T15:26:57.615+0000] {logging_mixin.py:149} INFO - [2023-05-20T15:26:57.615+0000] {dag.py:2726} INFO - Sync 1 DAGs
[2023-05-20T15:26:57.661+0000] {logging_mixin.py:149} INFO - [2023-05-20T15:26:57.661+0000] {dag.py:3490} INFO - Setting next_dagrun for example_bash_operator to 2023-05-19T00:00:00+00:00, run_after=2023-05-20T00:00:00+00:00
[2023-05-20T15:26:57.692+0000] {processor.py:179} INFO - Processing /home/airflow/.local/lib/python3.7/site-packages/airflow/example_dags/example_bash_operator.py took 0.171 seconds
[2023-05-20T15:27:28.273+0000] {processor.py:157} INFO - Started process (PID=915) to work on /home/airflow/.local/lib/python3.7/site-packages/airflow/example_dags/example_bash_operator.py
[2023-05-20T15:27:28.277+0000] {processor.py:826} INFO - Processing file /home/airflow/.local/lib/python3.7/site-packages/airflow/example_dags/example_bash_operator.py for tasks to queue
[2023-05-20T15:27:28.279+0000] {logging_mixin.py:149} INFO - [2023-05-20T15:27:28.279+0000] {dagbag.py:541} INFO - Filling up the DagBag from /home/airflow/.local/lib/python3.7/site-packages/airflow/example_dags/example_bash_operator.py
[2023-05-20T15:27:28.314+0000] {processor.py:836} INFO - DAG(s) dict_keys(['example_bash_operator']) retrieved from /home/airflow/.local/lib/python3.7/site-packages/airflow/example_dags/example_bash_operator.py
[2023-05-20T15:27:28.385+0000] {logging_mixin.py:149} INFO - [2023-05-20T15:27:28.385+0000] {dag.py:2726} INFO - Sync 1 DAGs
[2023-05-20T15:27:28.439+0000] {logging_mixin.py:149} INFO - [2023-05-20T15:27:28.438+0000] {dag.py:3490} INFO - Setting next_dagrun for example_bash_operator to 2023-05-19T00:00:00+00:00, run_after=2023-05-20T00:00:00+00:00
[2023-05-20T15:27:28.478+0000] {processor.py:179} INFO - Processing /home/airflow/.local/lib/python3.7/site-packages/airflow/example_dags/example_bash_operator.py took 0.211 seconds
[2023-05-20T15:27:58.592+0000] {processor.py:157} INFO - Started process (PID=973) to work on /home/airflow/.local/lib/python3.7/site-packages/airflow/example_dags/example_bash_operator.py
[2023-05-20T15:27:58.594+0000] {processor.py:826} INFO - Processing file /home/airflow/.local/lib/python3.7/site-packages/airflow/example_dags/example_bash_operator.py for tasks to queue
[2023-05-20T15:27:58.597+0000] {logging_mixin.py:149} INFO - [2023-05-20T15:27:58.596+0000] {dagbag.py:541} INFO - Filling up the DagBag from /home/airflow/.local/lib/python3.7/site-packages/airflow/example_dags/example_bash_operator.py
[2023-05-20T15:27:58.624+0000] {processor.py:836} INFO - DAG(s) dict_keys(['example_bash_operator']) retrieved from /home/airflow/.local/lib/python3.7/site-packages/airflow/example_dags/example_bash_operator.py
[2023-05-20T15:27:58.672+0000] {logging_mixin.py:149} INFO - [2023-05-20T15:27:58.672+0000] {dag.py:2726} INFO - Sync 1 DAGs
[2023-05-20T15:27:58.713+0000] {logging_mixin.py:149} INFO - [2023-05-20T15:27:58.713+0000] {dag.py:3490} INFO - Setting next_dagrun for example_bash_operator to 2023-05-19T00:00:00+00:00, run_after=2023-05-20T00:00:00+00:00
[2023-05-20T15:27:58.747+0000] {processor.py:179} INFO - Processing /home/airflow/.local/lib/python3.7/site-packages/airflow/example_dags/example_bash_operator.py took 0.162 seconds
[2023-05-20T15:28:28.883+0000] {processor.py:157} INFO - Started process (PID=1031) to work on /home/airflow/.local/lib/python3.7/site-packages/airflow/example_dags/example_bash_operator.py
[2023-05-20T15:28:28.885+0000] {processor.py:826} INFO - Processing file /home/airflow/.local/lib/python3.7/site-packages/airflow/example_dags/example_bash_operator.py for tasks to queue
[2023-05-20T15:28:28.886+0000] {logging_mixin.py:149} INFO - [2023-05-20T15:28:28.886+0000] {dagbag.py:541} INFO - Filling up the DagBag from /home/airflow/.local/lib/python3.7/site-packages/airflow/example_dags/example_bash_operator.py
[2023-05-20T15:28:28.908+0000] {processor.py:836} INFO - DAG(s) dict_keys(['example_bash_operator']) retrieved from /home/airflow/.local/lib/python3.7/site-packages/airflow/example_dags/example_bash_operator.py
[2023-05-20T15:28:28.954+0000] {logging_mixin.py:149} INFO - [2023-05-20T15:28:28.953+0000] {dag.py:2726} INFO - Sync 1 DAGs
[2023-05-20T15:28:28.986+0000] {logging_mixin.py:149} INFO - [2023-05-20T15:28:28.986+0000] {dag.py:3490} INFO - Setting next_dagrun for example_bash_operator to 2023-05-19T00:00:00+00:00, run_after=2023-05-20T00:00:00+00:00
[2023-05-20T15:28:29.011+0000] {processor.py:179} INFO - Processing /home/airflow/.local/lib/python3.7/site-packages/airflow/example_dags/example_bash_operator.py took 0.134 seconds
[2023-05-20T15:28:59.302+0000] {processor.py:157} INFO - Started process (PID=1089) to work on /home/airflow/.local/lib/python3.7/site-packages/airflow/example_dags/example_bash_operator.py
[2023-05-20T15:28:59.306+0000] {processor.py:826} INFO - Processing file /home/airflow/.local/lib/python3.7/site-packages/airflow/example_dags/example_bash_operator.py for tasks to queue
[2023-05-20T15:28:59.307+0000] {logging_mixin.py:149} INFO - [2023-05-20T15:28:59.307+0000] {dagbag.py:541} INFO - Filling up the DagBag from /home/airflow/.local/lib/python3.7/site-packages/airflow/example_dags/example_bash_operator.py
[2023-05-20T15:28:59.329+0000] {processor.py:836} INFO - DAG(s) dict_keys(['example_bash_operator']) retrieved from /home/airflow/.local/lib/python3.7/site-packages/airflow/example_dags/example_bash_operator.py
[2023-05-20T15:28:59.385+0000] {logging_mixin.py:149} INFO - [2023-05-20T15:28:59.385+0000] {dag.py:2726} INFO - Sync 1 DAGs
[2023-05-20T15:28:59.421+0000] {logging_mixin.py:149} INFO - [2023-05-20T15:28:59.421+0000] {dag.py:3490} INFO - Setting next_dagrun for example_bash_operator to 2023-05-19T00:00:00+00:00, run_after=2023-05-20T00:00:00+00:00
[2023-05-20T15:28:59.453+0000] {processor.py:179} INFO - Processing /home/airflow/.local/lib/python3.7/site-packages/airflow/example_dags/example_bash_operator.py took 0.157 seconds
[2023-05-20T15:29:29.578+0000] {processor.py:157} INFO - Started process (PID=1147) to work on /home/airflow/.local/lib/python3.7/site-packages/airflow/example_dags/example_bash_operator.py
[2023-05-20T15:29:29.583+0000] {processor.py:826} INFO - Processing file /home/airflow/.local/lib/python3.7/site-packages/airflow/example_dags/example_bash_operator.py for tasks to queue
[2023-05-20T15:29:29.585+0000] {logging_mixin.py:149} INFO - [2023-05-20T15:29:29.585+0000] {dagbag.py:541} INFO - Filling up the DagBag from /home/airflow/.local/lib/python3.7/site-packages/airflow/example_dags/example_bash_operator.py
[2023-05-20T15:29:29.617+0000] {processor.py:836} INFO - DAG(s) dict_keys(['example_bash_operator']) retrieved from /home/airflow/.local/lib/python3.7/site-packages/airflow/example_dags/example_bash_operator.py
[2023-05-20T15:29:29.676+0000] {logging_mixin.py:149} INFO - [2023-05-20T15:29:29.676+0000] {dag.py:2726} INFO - Sync 1 DAGs
[2023-05-20T15:29:29.716+0000] {logging_mixin.py:149} INFO - [2023-05-20T15:29:29.715+0000] {dag.py:3490} INFO - Setting next_dagrun for example_bash_operator to 2023-05-19T00:00:00+00:00, run_after=2023-05-20T00:00:00+00:00
[2023-05-20T15:29:29.746+0000] {processor.py:179} INFO - Processing /home/airflow/.local/lib/python3.7/site-packages/airflow/example_dags/example_bash_operator.py took 0.177 seconds
[2023-05-20T15:30:00.626+0000] {processor.py:157} INFO - Started process (PID=1205) to work on /home/airflow/.local/lib/python3.7/site-packages/airflow/example_dags/example_bash_operator.py
[2023-05-20T15:30:00.629+0000] {processor.py:826} INFO - Processing file /home/airflow/.local/lib/python3.7/site-packages/airflow/example_dags/example_bash_operator.py for tasks to queue
[2023-05-20T15:30:00.632+0000] {logging_mixin.py:149} INFO - [2023-05-20T15:30:00.632+0000] {dagbag.py:541} INFO - Filling up the DagBag from /home/airflow/.local/lib/python3.7/site-packages/airflow/example_dags/example_bash_operator.py
[2023-05-20T15:30:00.656+0000] {processor.py:836} INFO - DAG(s) dict_keys(['example_bash_operator']) retrieved from /home/airflow/.local/lib/python3.7/site-packages/airflow/example_dags/example_bash_operator.py
[2023-05-20T15:30:00.709+0000] {logging_mixin.py:149} INFO - [2023-05-20T15:30:00.709+0000] {dag.py:2726} INFO - Sync 1 DAGs
[2023-05-20T15:30:00.746+0000] {logging_mixin.py:149} INFO - [2023-05-20T15:30:00.746+0000] {dag.py:3490} INFO - Setting next_dagrun for example_bash_operator to 2023-05-19T00:00:00+00:00, run_after=2023-05-20T00:00:00+00:00
[2023-05-20T15:30:00.777+0000] {processor.py:179} INFO - Processing /home/airflow/.local/lib/python3.7/site-packages/airflow/example_dags/example_bash_operator.py took 0.157 seconds
[2023-05-20T15:30:30.965+0000] {processor.py:157} INFO - Started process (PID=1263) to work on /home/airflow/.local/lib/python3.7/site-packages/airflow/example_dags/example_bash_operator.py
[2023-05-20T15:30:30.967+0000] {processor.py:826} INFO - Processing file /home/airflow/.local/lib/python3.7/site-packages/airflow/example_dags/example_bash_operator.py for tasks to queue
[2023-05-20T15:30:30.969+0000] {logging_mixin.py:149} INFO - [2023-05-20T15:30:30.969+0000] {dagbag.py:541} INFO - Filling up the DagBag from /home/airflow/.local/lib/python3.7/site-packages/airflow/example_dags/example_bash_operator.py
[2023-05-20T15:30:30.991+0000] {processor.py:836} INFO - DAG(s) dict_keys(['example_bash_operator']) retrieved from /home/airflow/.local/lib/python3.7/site-packages/airflow/example_dags/example_bash_operator.py
[2023-05-20T15:30:31.034+0000] {logging_mixin.py:149} INFO - [2023-05-20T15:30:31.034+0000] {dag.py:2726} INFO - Sync 1 DAGs
[2023-05-20T15:30:31.064+0000] {logging_mixin.py:149} INFO - [2023-05-20T15:30:31.064+0000] {dag.py:3490} INFO - Setting next_dagrun for example_bash_operator to 2023-05-19T00:00:00+00:00, run_after=2023-05-20T00:00:00+00:00
[2023-05-20T15:30:31.094+0000] {processor.py:179} INFO - Processing /home/airflow/.local/lib/python3.7/site-packages/airflow/example_dags/example_bash_operator.py took 0.135 seconds
[2023-05-20T15:31:01.401+0000] {processor.py:157} INFO - Started process (PID=1321) to work on /home/airflow/.local/lib/python3.7/site-packages/airflow/example_dags/example_bash_operator.py
[2023-05-20T15:31:01.405+0000] {processor.py:826} INFO - Processing file /home/airflow/.local/lib/python3.7/site-packages/airflow/example_dags/example_bash_operator.py for tasks to queue
[2023-05-20T15:31:01.408+0000] {logging_mixin.py:149} INFO - [2023-05-20T15:31:01.407+0000] {dagbag.py:541} INFO - Filling up the DagBag from /home/airflow/.local/lib/python3.7/site-packages/airflow/example_dags/example_bash_operator.py
[2023-05-20T15:31:01.433+0000] {processor.py:836} INFO - DAG(s) dict_keys(['example_bash_operator']) retrieved from /home/airflow/.local/lib/python3.7/site-packages/airflow/example_dags/example_bash_operator.py
[2023-05-20T15:31:01.494+0000] {logging_mixin.py:149} INFO - [2023-05-20T15:31:01.494+0000] {dag.py:2726} INFO - Sync 1 DAGs
[2023-05-20T15:31:01.538+0000] {logging_mixin.py:149} INFO - [2023-05-20T15:31:01.538+0000] {dag.py:3490} INFO - Setting next_dagrun for example_bash_operator to 2023-05-19T00:00:00+00:00, run_after=2023-05-20T00:00:00+00:00
[2023-05-20T15:31:01.573+0000] {processor.py:179} INFO - Processing /home/airflow/.local/lib/python3.7/site-packages/airflow/example_dags/example_bash_operator.py took 0.177 seconds
[2023-05-20T15:31:31.683+0000] {processor.py:157} INFO - Started process (PID=1379) to work on /home/airflow/.local/lib/python3.7/site-packages/airflow/example_dags/example_bash_operator.py
[2023-05-20T15:31:31.686+0000] {processor.py:826} INFO - Processing file /home/airflow/.local/lib/python3.7/site-packages/airflow/example_dags/example_bash_operator.py for tasks to queue
[2023-05-20T15:31:31.688+0000] {logging_mixin.py:149} INFO - [2023-05-20T15:31:31.688+0000] {dagbag.py:541} INFO - Filling up the DagBag from /home/airflow/.local/lib/python3.7/site-packages/airflow/example_dags/example_bash_operator.py
[2023-05-20T15:31:31.717+0000] {processor.py:836} INFO - DAG(s) dict_keys(['example_bash_operator']) retrieved from /home/airflow/.local/lib/python3.7/site-packages/airflow/example_dags/example_bash_operator.py
[2023-05-20T15:31:31.780+0000] {logging_mixin.py:149} INFO - [2023-05-20T15:31:31.780+0000] {dag.py:2726} INFO - Sync 1 DAGs
[2023-05-20T15:31:31.829+0000] {logging_mixin.py:149} INFO - [2023-05-20T15:31:31.829+0000] {dag.py:3490} INFO - Setting next_dagrun for example_bash_operator to 2023-05-19T00:00:00+00:00, run_after=2023-05-20T00:00:00+00:00
[2023-05-20T15:31:31.874+0000] {processor.py:179} INFO - Processing /home/airflow/.local/lib/python3.7/site-packages/airflow/example_dags/example_bash_operator.py took 0.199 seconds
[2023-05-20T15:32:02.009+0000] {processor.py:157} INFO - Started process (PID=1437) to work on /home/airflow/.local/lib/python3.7/site-packages/airflow/example_dags/example_bash_operator.py
[2023-05-20T15:32:02.012+0000] {processor.py:826} INFO - Processing file /home/airflow/.local/lib/python3.7/site-packages/airflow/example_dags/example_bash_operator.py for tasks to queue
[2023-05-20T15:32:02.014+0000] {logging_mixin.py:149} INFO - [2023-05-20T15:32:02.014+0000] {dagbag.py:541} INFO - Filling up the DagBag from /home/airflow/.local/lib/python3.7/site-packages/airflow/example_dags/example_bash_operator.py
[2023-05-20T15:32:02.035+0000] {processor.py:836} INFO - DAG(s) dict_keys(['example_bash_operator']) retrieved from /home/airflow/.local/lib/python3.7/site-packages/airflow/example_dags/example_bash_operator.py
[2023-05-20T15:32:02.086+0000] {logging_mixin.py:149} INFO - [2023-05-20T15:32:02.085+0000] {dag.py:2726} INFO - Sync 1 DAGs
[2023-05-20T15:32:02.123+0000] {logging_mixin.py:149} INFO - [2023-05-20T15:32:02.123+0000] {dag.py:3490} INFO - Setting next_dagrun for example_bash_operator to 2023-05-19T00:00:00+00:00, run_after=2023-05-20T00:00:00+00:00
[2023-05-20T15:32:02.150+0000] {processor.py:179} INFO - Processing /home/airflow/.local/lib/python3.7/site-packages/airflow/example_dags/example_bash_operator.py took 0.145 seconds
[2023-05-20T15:32:32.512+0000] {processor.py:157} INFO - Started process (PID=1495) to work on /home/airflow/.local/lib/python3.7/site-packages/airflow/example_dags/example_bash_operator.py
[2023-05-20T15:32:32.525+0000] {processor.py:826} INFO - Processing file /home/airflow/.local/lib/python3.7/site-packages/airflow/example_dags/example_bash_operator.py for tasks to queue
[2023-05-20T15:32:32.526+0000] {logging_mixin.py:149} INFO - [2023-05-20T15:32:32.526+0000] {dagbag.py:541} INFO - Filling up the DagBag from /home/airflow/.local/lib/python3.7/site-packages/airflow/example_dags/example_bash_operator.py
[2023-05-20T15:32:32.547+0000] {processor.py:836} INFO - DAG(s) dict_keys(['example_bash_operator']) retrieved from /home/airflow/.local/lib/python3.7/site-packages/airflow/example_dags/example_bash_operator.py
[2023-05-20T15:32:32.601+0000] {logging_mixin.py:149} INFO - [2023-05-20T15:32:32.600+0000] {dag.py:2726} INFO - Sync 1 DAGs
[2023-05-20T15:32:32.640+0000] {logging_mixin.py:149} INFO - [2023-05-20T15:32:32.639+0000] {dag.py:3490} INFO - Setting next_dagrun for example_bash_operator to 2023-05-19T00:00:00+00:00, run_after=2023-05-20T00:00:00+00:00
[2023-05-20T15:32:32.698+0000] {processor.py:179} INFO - Processing /home/airflow/.local/lib/python3.7/site-packages/airflow/example_dags/example_bash_operator.py took 0.191 seconds
[2023-05-20T15:33:02.870+0000] {processor.py:157} INFO - Started process (PID=1553) to work on /home/airflow/.local/lib/python3.7/site-packages/airflow/example_dags/example_bash_operator.py
[2023-05-20T15:33:02.881+0000] {processor.py:826} INFO - Processing file /home/airflow/.local/lib/python3.7/site-packages/airflow/example_dags/example_bash_operator.py for tasks to queue
[2023-05-20T15:33:02.883+0000] {logging_mixin.py:149} INFO - [2023-05-20T15:33:02.883+0000] {dagbag.py:541} INFO - Filling up the DagBag from /home/airflow/.local/lib/python3.7/site-packages/airflow/example_dags/example_bash_operator.py
[2023-05-20T15:33:02.904+0000] {processor.py:836} INFO - DAG(s) dict_keys(['example_bash_operator']) retrieved from /home/airflow/.local/lib/python3.7/site-packages/airflow/example_dags/example_bash_operator.py
[2023-05-20T15:33:02.954+0000] {logging_mixin.py:149} INFO - [2023-05-20T15:33:02.954+0000] {dag.py:2726} INFO - Sync 1 DAGs
[2023-05-20T15:33:02.994+0000] {logging_mixin.py:149} INFO - [2023-05-20T15:33:02.993+0000] {dag.py:3490} INFO - Setting next_dagrun for example_bash_operator to 2023-05-19T00:00:00+00:00, run_after=2023-05-20T00:00:00+00:00
[2023-05-20T15:33:03.041+0000] {processor.py:179} INFO - Processing /home/airflow/.local/lib/python3.7/site-packages/airflow/example_dags/example_bash_operator.py took 0.177 seconds
[2023-05-20T15:33:33.259+0000] {processor.py:157} INFO - Started process (PID=1611) to work on /home/airflow/.local/lib/python3.7/site-packages/airflow/example_dags/example_bash_operator.py
[2023-05-20T15:33:33.261+0000] {processor.py:826} INFO - Processing file /home/airflow/.local/lib/python3.7/site-packages/airflow/example_dags/example_bash_operator.py for tasks to queue
[2023-05-20T15:33:33.264+0000] {logging_mixin.py:149} INFO - [2023-05-20T15:33:33.263+0000] {dagbag.py:541} INFO - Filling up the DagBag from /home/airflow/.local/lib/python3.7/site-packages/airflow/example_dags/example_bash_operator.py
[2023-05-20T15:33:33.285+0000] {processor.py:836} INFO - DAG(s) dict_keys(['example_bash_operator']) retrieved from /home/airflow/.local/lib/python3.7/site-packages/airflow/example_dags/example_bash_operator.py
[2023-05-20T15:33:33.346+0000] {logging_mixin.py:149} INFO - [2023-05-20T15:33:33.346+0000] {dag.py:2726} INFO - Sync 1 DAGs
[2023-05-20T15:33:33.385+0000] {logging_mixin.py:149} INFO - [2023-05-20T15:33:33.385+0000] {dag.py:3490} INFO - Setting next_dagrun for example_bash_operator to 2023-05-19T00:00:00+00:00, run_after=2023-05-20T00:00:00+00:00
[2023-05-20T15:33:33.414+0000] {processor.py:179} INFO - Processing /home/airflow/.local/lib/python3.7/site-packages/airflow/example_dags/example_bash_operator.py took 0.159 seconds
[2023-05-20T15:34:03.820+0000] {processor.py:157} INFO - Started process (PID=1669) to work on /home/airflow/.local/lib/python3.7/site-packages/airflow/example_dags/example_bash_operator.py
[2023-05-20T15:34:03.822+0000] {processor.py:826} INFO - Processing file /home/airflow/.local/lib/python3.7/site-packages/airflow/example_dags/example_bash_operator.py for tasks to queue
[2023-05-20T15:34:03.824+0000] {logging_mixin.py:149} INFO - [2023-05-20T15:34:03.824+0000] {dagbag.py:541} INFO - Filling up the DagBag from /home/airflow/.local/lib/python3.7/site-packages/airflow/example_dags/example_bash_operator.py
[2023-05-20T15:34:03.857+0000] {processor.py:836} INFO - DAG(s) dict_keys(['example_bash_operator']) retrieved from /home/airflow/.local/lib/python3.7/site-packages/airflow/example_dags/example_bash_operator.py
[2023-05-20T15:34:03.920+0000] {logging_mixin.py:149} INFO - [2023-05-20T15:34:03.920+0000] {dag.py:2726} INFO - Sync 1 DAGs
[2023-05-20T15:34:03.962+0000] {logging_mixin.py:149} INFO - [2023-05-20T15:34:03.962+0000] {dag.py:3490} INFO - Setting next_dagrun for example_bash_operator to 2023-05-19T00:00:00+00:00, run_after=2023-05-20T00:00:00+00:00
[2023-05-20T15:34:03.998+0000] {processor.py:179} INFO - Processing /home/airflow/.local/lib/python3.7/site-packages/airflow/example_dags/example_bash_operator.py took 0.183 seconds
[2023-05-20T15:34:34.039+0000] {processor.py:157} INFO - Started process (PID=1727) to work on /home/airflow/.local/lib/python3.7/site-packages/airflow/example_dags/example_bash_operator.py
[2023-05-20T15:34:34.041+0000] {processor.py:826} INFO - Processing file /home/airflow/.local/lib/python3.7/site-packages/airflow/example_dags/example_bash_operator.py for tasks to queue
[2023-05-20T15:34:34.042+0000] {logging_mixin.py:149} INFO - [2023-05-20T15:34:34.042+0000] {dagbag.py:541} INFO - Filling up the DagBag from /home/airflow/.local/lib/python3.7/site-packages/airflow/example_dags/example_bash_operator.py
[2023-05-20T15:34:34.063+0000] {processor.py:836} INFO - DAG(s) dict_keys(['example_bash_operator']) retrieved from /home/airflow/.local/lib/python3.7/site-packages/airflow/example_dags/example_bash_operator.py
[2023-05-20T15:34:34.106+0000] {logging_mixin.py:149} INFO - [2023-05-20T15:34:34.106+0000] {dag.py:2726} INFO - Sync 1 DAGs
[2023-05-20T15:34:34.137+0000] {logging_mixin.py:149} INFO - [2023-05-20T15:34:34.137+0000] {dag.py:3490} INFO - Setting next_dagrun for example_bash_operator to 2023-05-19T00:00:00+00:00, run_after=2023-05-20T00:00:00+00:00
[2023-05-20T15:34:34.170+0000] {processor.py:179} INFO - Processing /home/airflow/.local/lib/python3.7/site-packages/airflow/example_dags/example_bash_operator.py took 0.137 seconds
[2023-05-20T15:35:04.657+0000] {processor.py:157} INFO - Started process (PID=1785) to work on /home/airflow/.local/lib/python3.7/site-packages/airflow/example_dags/example_bash_operator.py
[2023-05-20T15:35:04.659+0000] {processor.py:826} INFO - Processing file /home/airflow/.local/lib/python3.7/site-packages/airflow/example_dags/example_bash_operator.py for tasks to queue
[2023-05-20T15:35:04.661+0000] {logging_mixin.py:149} INFO - [2023-05-20T15:35:04.661+0000] {dagbag.py:541} INFO - Filling up the DagBag from /home/airflow/.local/lib/python3.7/site-packages/airflow/example_dags/example_bash_operator.py
[2023-05-20T15:35:04.685+0000] {processor.py:836} INFO - DAG(s) dict_keys(['example_bash_operator']) retrieved from /home/airflow/.local/lib/python3.7/site-packages/airflow/example_dags/example_bash_operator.py
[2023-05-20T15:35:04.744+0000] {logging_mixin.py:149} INFO - [2023-05-20T15:35:04.743+0000] {dag.py:2726} INFO - Sync 1 DAGs
[2023-05-20T15:35:04.784+0000] {logging_mixin.py:149} INFO - [2023-05-20T15:35:04.784+0000] {dag.py:3490} INFO - Setting next_dagrun for example_bash_operator to 2023-05-19T00:00:00+00:00, run_after=2023-05-20T00:00:00+00:00
[2023-05-20T15:35:04.814+0000] {processor.py:179} INFO - Processing /home/airflow/.local/lib/python3.7/site-packages/airflow/example_dags/example_bash_operator.py took 0.161 seconds
[2023-05-20T15:35:35.239+0000] {processor.py:157} INFO - Started process (PID=1843) to work on /home/airflow/.local/lib/python3.7/site-packages/airflow/example_dags/example_bash_operator.py
[2023-05-20T15:35:35.240+0000] {processor.py:826} INFO - Processing file /home/airflow/.local/lib/python3.7/site-packages/airflow/example_dags/example_bash_operator.py for tasks to queue
[2023-05-20T15:35:35.242+0000] {logging_mixin.py:149} INFO - [2023-05-20T15:35:35.241+0000] {dagbag.py:541} INFO - Filling up the DagBag from /home/airflow/.local/lib/python3.7/site-packages/airflow/example_dags/example_bash_operator.py
[2023-05-20T15:35:35.263+0000] {processor.py:836} INFO - DAG(s) dict_keys(['example_bash_operator']) retrieved from /home/airflow/.local/lib/python3.7/site-packages/airflow/example_dags/example_bash_operator.py
[2023-05-20T15:35:35.311+0000] {logging_mixin.py:149} INFO - [2023-05-20T15:35:35.311+0000] {dag.py:2726} INFO - Sync 1 DAGs
[2023-05-20T15:35:35.343+0000] {logging_mixin.py:149} INFO - [2023-05-20T15:35:35.343+0000] {dag.py:3490} INFO - Setting next_dagrun for example_bash_operator to 2023-05-19T00:00:00+00:00, run_after=2023-05-20T00:00:00+00:00
[2023-05-20T15:35:35.369+0000] {processor.py:179} INFO - Processing /home/airflow/.local/lib/python3.7/site-packages/airflow/example_dags/example_bash_operator.py took 0.136 seconds
[2023-05-20T15:36:05.984+0000] {processor.py:157} INFO - Started process (PID=1901) to work on /home/airflow/.local/lib/python3.7/site-packages/airflow/example_dags/example_bash_operator.py
[2023-05-20T15:36:05.987+0000] {processor.py:826} INFO - Processing file /home/airflow/.local/lib/python3.7/site-packages/airflow/example_dags/example_bash_operator.py for tasks to queue
[2023-05-20T15:36:05.988+0000] {logging_mixin.py:149} INFO - [2023-05-20T15:36:05.988+0000] {dagbag.py:541} INFO - Filling up the DagBag from /home/airflow/.local/lib/python3.7/site-packages/airflow/example_dags/example_bash_operator.py
[2023-05-20T15:36:06.008+0000] {processor.py:836} INFO - DAG(s) dict_keys(['example_bash_operator']) retrieved from /home/airflow/.local/lib/python3.7/site-packages/airflow/example_dags/example_bash_operator.py
[2023-05-20T15:36:06.052+0000] {logging_mixin.py:149} INFO - [2023-05-20T15:36:06.052+0000] {dag.py:2726} INFO - Sync 1 DAGs
[2023-05-20T15:36:06.081+0000] {logging_mixin.py:149} INFO - [2023-05-20T15:36:06.081+0000] {dag.py:3490} INFO - Setting next_dagrun for example_bash_operator to 2023-05-19T00:00:00+00:00, run_after=2023-05-20T00:00:00+00:00
[2023-05-20T15:36:06.106+0000] {processor.py:179} INFO - Processing /home/airflow/.local/lib/python3.7/site-packages/airflow/example_dags/example_bash_operator.py took 0.127 seconds
[2023-05-20T15:36:36.306+0000] {processor.py:157} INFO - Started process (PID=1959) to work on /home/airflow/.local/lib/python3.7/site-packages/airflow/example_dags/example_bash_operator.py
[2023-05-20T15:36:36.308+0000] {processor.py:826} INFO - Processing file /home/airflow/.local/lib/python3.7/site-packages/airflow/example_dags/example_bash_operator.py for tasks to queue
[2023-05-20T15:36:36.310+0000] {logging_mixin.py:149} INFO - [2023-05-20T15:36:36.310+0000] {dagbag.py:541} INFO - Filling up the DagBag from /home/airflow/.local/lib/python3.7/site-packages/airflow/example_dags/example_bash_operator.py
[2023-05-20T15:36:36.337+0000] {processor.py:836} INFO - DAG(s) dict_keys(['example_bash_operator']) retrieved from /home/airflow/.local/lib/python3.7/site-packages/airflow/example_dags/example_bash_operator.py
[2023-05-20T15:36:36.385+0000] {logging_mixin.py:149} INFO - [2023-05-20T15:36:36.385+0000] {dag.py:2726} INFO - Sync 1 DAGs
[2023-05-20T15:36:36.421+0000] {logging_mixin.py:149} INFO - [2023-05-20T15:36:36.421+0000] {dag.py:3490} INFO - Setting next_dagrun for example_bash_operator to 2023-05-19T00:00:00+00:00, run_after=2023-05-20T00:00:00+00:00
[2023-05-20T15:36:36.446+0000] {processor.py:179} INFO - Processing /home/airflow/.local/lib/python3.7/site-packages/airflow/example_dags/example_bash_operator.py took 0.146 seconds
[2023-05-20T15:37:06.615+0000] {processor.py:157} INFO - Started process (PID=2018) to work on /home/airflow/.local/lib/python3.7/site-packages/airflow/example_dags/example_bash_operator.py
[2023-05-20T15:37:06.617+0000] {processor.py:826} INFO - Processing file /home/airflow/.local/lib/python3.7/site-packages/airflow/example_dags/example_bash_operator.py for tasks to queue
[2023-05-20T15:37:06.618+0000] {logging_mixin.py:149} INFO - [2023-05-20T15:37:06.618+0000] {dagbag.py:541} INFO - Filling up the DagBag from /home/airflow/.local/lib/python3.7/site-packages/airflow/example_dags/example_bash_operator.py
[2023-05-20T15:37:06.640+0000] {processor.py:836} INFO - DAG(s) dict_keys(['example_bash_operator']) retrieved from /home/airflow/.local/lib/python3.7/site-packages/airflow/example_dags/example_bash_operator.py
[2023-05-20T15:37:06.685+0000] {logging_mixin.py:149} INFO - [2023-05-20T15:37:06.685+0000] {dag.py:2726} INFO - Sync 1 DAGs
[2023-05-20T15:37:06.715+0000] {logging_mixin.py:149} INFO - [2023-05-20T15:37:06.714+0000] {dag.py:3490} INFO - Setting next_dagrun for example_bash_operator to 2023-05-19T00:00:00+00:00, run_after=2023-05-20T00:00:00+00:00
[2023-05-20T15:37:06.738+0000] {processor.py:179} INFO - Processing /home/airflow/.local/lib/python3.7/site-packages/airflow/example_dags/example_bash_operator.py took 0.128 seconds
[2023-05-20T15:37:37.287+0000] {processor.py:157} INFO - Started process (PID=2076) to work on /home/airflow/.local/lib/python3.7/site-packages/airflow/example_dags/example_bash_operator.py
[2023-05-20T15:37:37.290+0000] {processor.py:826} INFO - Processing file /home/airflow/.local/lib/python3.7/site-packages/airflow/example_dags/example_bash_operator.py for tasks to queue
[2023-05-20T15:37:37.293+0000] {logging_mixin.py:149} INFO - [2023-05-20T15:37:37.293+0000] {dagbag.py:541} INFO - Filling up the DagBag from /home/airflow/.local/lib/python3.7/site-packages/airflow/example_dags/example_bash_operator.py
[2023-05-20T15:37:37.319+0000] {processor.py:836} INFO - DAG(s) dict_keys(['example_bash_operator']) retrieved from /home/airflow/.local/lib/python3.7/site-packages/airflow/example_dags/example_bash_operator.py
[2023-05-20T15:37:37.382+0000] {logging_mixin.py:149} INFO - [2023-05-20T15:37:37.382+0000] {dag.py:2726} INFO - Sync 1 DAGs
[2023-05-20T15:37:37.421+0000] {logging_mixin.py:149} INFO - [2023-05-20T15:37:37.421+0000] {dag.py:3490} INFO - Setting next_dagrun for example_bash_operator to 2023-05-19T00:00:00+00:00, run_after=2023-05-20T00:00:00+00:00
[2023-05-20T15:37:37.451+0000] {processor.py:179} INFO - Processing /home/airflow/.local/lib/python3.7/site-packages/airflow/example_dags/example_bash_operator.py took 0.170 seconds
[2023-05-20T15:38:07.819+0000] {processor.py:157} INFO - Started process (PID=2141) to work on /home/airflow/.local/lib/python3.7/site-packages/airflow/example_dags/example_bash_operator.py
[2023-05-20T15:38:07.842+0000] {processor.py:826} INFO - Processing file /home/airflow/.local/lib/python3.7/site-packages/airflow/example_dags/example_bash_operator.py for tasks to queue
[2023-05-20T15:38:07.882+0000] {logging_mixin.py:149} INFO - [2023-05-20T15:38:07.881+0000] {dagbag.py:541} INFO - Filling up the DagBag from /home/airflow/.local/lib/python3.7/site-packages/airflow/example_dags/example_bash_operator.py
[2023-05-20T15:38:07.908+0000] {processor.py:836} INFO - DAG(s) dict_keys(['example_bash_operator']) retrieved from /home/airflow/.local/lib/python3.7/site-packages/airflow/example_dags/example_bash_operator.py
[2023-05-20T15:38:07.970+0000] {logging_mixin.py:149} INFO - [2023-05-20T15:38:07.970+0000] {dag.py:2726} INFO - Sync 1 DAGs
[2023-05-20T15:38:08.012+0000] {logging_mixin.py:149} INFO - [2023-05-20T15:38:08.011+0000] {dag.py:3490} INFO - Setting next_dagrun for example_bash_operator to 2023-05-19T00:00:00+00:00, run_after=2023-05-20T00:00:00+00:00
[2023-05-20T15:38:08.041+0000] {processor.py:179} INFO - Processing /home/airflow/.local/lib/python3.7/site-packages/airflow/example_dags/example_bash_operator.py took 0.227 seconds
[2023-05-20T15:38:38.399+0000] {processor.py:157} INFO - Started process (PID=2199) to work on /home/airflow/.local/lib/python3.7/site-packages/airflow/example_dags/example_bash_operator.py
[2023-05-20T15:38:38.401+0000] {processor.py:826} INFO - Processing file /home/airflow/.local/lib/python3.7/site-packages/airflow/example_dags/example_bash_operator.py for tasks to queue
[2023-05-20T15:38:38.402+0000] {logging_mixin.py:149} INFO - [2023-05-20T15:38:38.402+0000] {dagbag.py:541} INFO - Filling up the DagBag from /home/airflow/.local/lib/python3.7/site-packages/airflow/example_dags/example_bash_operator.py
[2023-05-20T15:38:38.426+0000] {processor.py:836} INFO - DAG(s) dict_keys(['example_bash_operator']) retrieved from /home/airflow/.local/lib/python3.7/site-packages/airflow/example_dags/example_bash_operator.py
[2023-05-20T15:38:38.481+0000] {logging_mixin.py:149} INFO - [2023-05-20T15:38:38.481+0000] {dag.py:2726} INFO - Sync 1 DAGs
[2023-05-20T15:38:38.522+0000] {logging_mixin.py:149} INFO - [2023-05-20T15:38:38.522+0000] {dag.py:3490} INFO - Setting next_dagrun for example_bash_operator to 2023-05-19T00:00:00+00:00, run_after=2023-05-20T00:00:00+00:00
[2023-05-20T15:38:38.550+0000] {processor.py:179} INFO - Processing /home/airflow/.local/lib/python3.7/site-packages/airflow/example_dags/example_bash_operator.py took 0.157 seconds
[2023-05-20T15:39:08.642+0000] {processor.py:157} INFO - Started process (PID=2257) to work on /home/airflow/.local/lib/python3.7/site-packages/airflow/example_dags/example_bash_operator.py
[2023-05-20T15:39:08.645+0000] {processor.py:826} INFO - Processing file /home/airflow/.local/lib/python3.7/site-packages/airflow/example_dags/example_bash_operator.py for tasks to queue
[2023-05-20T15:39:08.649+0000] {logging_mixin.py:149} INFO - [2023-05-20T15:39:08.649+0000] {dagbag.py:541} INFO - Filling up the DagBag from /home/airflow/.local/lib/python3.7/site-packages/airflow/example_dags/example_bash_operator.py
[2023-05-20T15:39:08.691+0000] {processor.py:836} INFO - DAG(s) dict_keys(['example_bash_operator']) retrieved from /home/airflow/.local/lib/python3.7/site-packages/airflow/example_dags/example_bash_operator.py
[2023-05-20T15:39:08.769+0000] {logging_mixin.py:149} INFO - [2023-05-20T15:39:08.768+0000] {dag.py:2726} INFO - Sync 1 DAGs
[2023-05-20T15:39:08.818+0000] {logging_mixin.py:149} INFO - [2023-05-20T15:39:08.818+0000] {dag.py:3490} INFO - Setting next_dagrun for example_bash_operator to 2023-05-19T00:00:00+00:00, run_after=2023-05-20T00:00:00+00:00
[2023-05-20T15:39:08.853+0000] {processor.py:179} INFO - Processing /home/airflow/.local/lib/python3.7/site-packages/airflow/example_dags/example_bash_operator.py took 0.217 seconds
[2023-05-20T15:39:39.724+0000] {processor.py:157} INFO - Started process (PID=2315) to work on /home/airflow/.local/lib/python3.7/site-packages/airflow/example_dags/example_bash_operator.py
[2023-05-20T15:39:39.725+0000] {processor.py:826} INFO - Processing file /home/airflow/.local/lib/python3.7/site-packages/airflow/example_dags/example_bash_operator.py for tasks to queue
[2023-05-20T15:39:39.728+0000] {logging_mixin.py:149} INFO - [2023-05-20T15:39:39.728+0000] {dagbag.py:541} INFO - Filling up the DagBag from /home/airflow/.local/lib/python3.7/site-packages/airflow/example_dags/example_bash_operator.py
[2023-05-20T15:39:39.751+0000] {processor.py:836} INFO - DAG(s) dict_keys(['example_bash_operator']) retrieved from /home/airflow/.local/lib/python3.7/site-packages/airflow/example_dags/example_bash_operator.py
[2023-05-20T15:39:39.807+0000] {logging_mixin.py:149} INFO - [2023-05-20T15:39:39.807+0000] {dag.py:2726} INFO - Sync 1 DAGs
[2023-05-20T15:39:39.837+0000] {logging_mixin.py:149} INFO - [2023-05-20T15:39:39.837+0000] {dag.py:3490} INFO - Setting next_dagrun for example_bash_operator to 2023-05-19T00:00:00+00:00, run_after=2023-05-20T00:00:00+00:00
[2023-05-20T15:39:39.860+0000] {processor.py:179} INFO - Processing /home/airflow/.local/lib/python3.7/site-packages/airflow/example_dags/example_bash_operator.py took 0.142 seconds
[2023-05-20T15:40:10.521+0000] {processor.py:157} INFO - Started process (PID=2373) to work on /home/airflow/.local/lib/python3.7/site-packages/airflow/example_dags/example_bash_operator.py
[2023-05-20T15:40:10.523+0000] {processor.py:826} INFO - Processing file /home/airflow/.local/lib/python3.7/site-packages/airflow/example_dags/example_bash_operator.py for tasks to queue
[2023-05-20T15:40:10.525+0000] {logging_mixin.py:149} INFO - [2023-05-20T15:40:10.525+0000] {dagbag.py:541} INFO - Filling up the DagBag from /home/airflow/.local/lib/python3.7/site-packages/airflow/example_dags/example_bash_operator.py
[2023-05-20T15:40:10.548+0000] {processor.py:836} INFO - DAG(s) dict_keys(['example_bash_operator']) retrieved from /home/airflow/.local/lib/python3.7/site-packages/airflow/example_dags/example_bash_operator.py
[2023-05-20T15:40:10.597+0000] {logging_mixin.py:149} INFO - [2023-05-20T15:40:10.597+0000] {dag.py:2726} INFO - Sync 1 DAGs
[2023-05-20T15:40:10.632+0000] {logging_mixin.py:149} INFO - [2023-05-20T15:40:10.632+0000] {dag.py:3490} INFO - Setting next_dagrun for example_bash_operator to 2023-05-19T00:00:00+00:00, run_after=2023-05-20T00:00:00+00:00
[2023-05-20T15:40:10.730+0000] {processor.py:179} INFO - Processing /home/airflow/.local/lib/python3.7/site-packages/airflow/example_dags/example_bash_operator.py took 0.216 seconds
[2023-05-20T15:40:40.811+0000] {processor.py:157} INFO - Started process (PID=2431) to work on /home/airflow/.local/lib/python3.7/site-packages/airflow/example_dags/example_bash_operator.py
[2023-05-20T15:40:40.815+0000] {processor.py:826} INFO - Processing file /home/airflow/.local/lib/python3.7/site-packages/airflow/example_dags/example_bash_operator.py for tasks to queue
[2023-05-20T15:40:40.817+0000] {logging_mixin.py:149} INFO - [2023-05-20T15:40:40.817+0000] {dagbag.py:541} INFO - Filling up the DagBag from /home/airflow/.local/lib/python3.7/site-packages/airflow/example_dags/example_bash_operator.py
[2023-05-20T15:40:40.858+0000] {processor.py:836} INFO - DAG(s) dict_keys(['example_bash_operator']) retrieved from /home/airflow/.local/lib/python3.7/site-packages/airflow/example_dags/example_bash_operator.py
[2023-05-20T15:40:40.933+0000] {logging_mixin.py:149} INFO - [2023-05-20T15:40:40.932+0000] {dag.py:2726} INFO - Sync 1 DAGs
[2023-05-20T15:40:40.993+0000] {logging_mixin.py:149} INFO - [2023-05-20T15:40:40.992+0000] {dag.py:3490} INFO - Setting next_dagrun for example_bash_operator to 2023-05-19T00:00:00+00:00, run_after=2023-05-20T00:00:00+00:00
[2023-05-20T15:40:41.030+0000] {processor.py:179} INFO - Processing /home/airflow/.local/lib/python3.7/site-packages/airflow/example_dags/example_bash_operator.py took 0.224 seconds
[2023-05-20T15:41:11.260+0000] {processor.py:157} INFO - Started process (PID=2489) to work on /home/airflow/.local/lib/python3.7/site-packages/airflow/example_dags/example_bash_operator.py
[2023-05-20T15:41:11.262+0000] {processor.py:826} INFO - Processing file /home/airflow/.local/lib/python3.7/site-packages/airflow/example_dags/example_bash_operator.py for tasks to queue
[2023-05-20T15:41:11.264+0000] {logging_mixin.py:149} INFO - [2023-05-20T15:41:11.264+0000] {dagbag.py:541} INFO - Filling up the DagBag from /home/airflow/.local/lib/python3.7/site-packages/airflow/example_dags/example_bash_operator.py
[2023-05-20T15:41:11.289+0000] {processor.py:836} INFO - DAG(s) dict_keys(['example_bash_operator']) retrieved from /home/airflow/.local/lib/python3.7/site-packages/airflow/example_dags/example_bash_operator.py
[2023-05-20T15:41:11.341+0000] {logging_mixin.py:149} INFO - [2023-05-20T15:41:11.341+0000] {dag.py:2726} INFO - Sync 1 DAGs
[2023-05-20T15:41:11.378+0000] {logging_mixin.py:149} INFO - [2023-05-20T15:41:11.377+0000] {dag.py:3490} INFO - Setting next_dagrun for example_bash_operator to 2023-05-19T00:00:00+00:00, run_after=2023-05-20T00:00:00+00:00
[2023-05-20T15:41:11.415+0000] {processor.py:179} INFO - Processing /home/airflow/.local/lib/python3.7/site-packages/airflow/example_dags/example_bash_operator.py took 0.163 seconds
[2023-05-20T15:41:41.677+0000] {processor.py:157} INFO - Started process (PID=2547) to work on /home/airflow/.local/lib/python3.7/site-packages/airflow/example_dags/example_bash_operator.py
[2023-05-20T15:41:41.679+0000] {processor.py:826} INFO - Processing file /home/airflow/.local/lib/python3.7/site-packages/airflow/example_dags/example_bash_operator.py for tasks to queue
[2023-05-20T15:41:41.680+0000] {logging_mixin.py:149} INFO - [2023-05-20T15:41:41.680+0000] {dagbag.py:541} INFO - Filling up the DagBag from /home/airflow/.local/lib/python3.7/site-packages/airflow/example_dags/example_bash_operator.py
[2023-05-20T15:41:41.697+0000] {processor.py:836} INFO - DAG(s) dict_keys(['example_bash_operator']) retrieved from /home/airflow/.local/lib/python3.7/site-packages/airflow/example_dags/example_bash_operator.py
[2023-05-20T15:41:41.740+0000] {logging_mixin.py:149} INFO - [2023-05-20T15:41:41.740+0000] {dag.py:2726} INFO - Sync 1 DAGs
[2023-05-20T15:41:41.774+0000] {logging_mixin.py:149} INFO - [2023-05-20T15:41:41.774+0000] {dag.py:3490} INFO - Setting next_dagrun for example_bash_operator to 2023-05-19T00:00:00+00:00, run_after=2023-05-20T00:00:00+00:00
[2023-05-20T15:41:41.800+0000] {processor.py:179} INFO - Processing /home/airflow/.local/lib/python3.7/site-packages/airflow/example_dags/example_bash_operator.py took 0.126 seconds
[2023-05-20T15:42:11.959+0000] {processor.py:157} INFO - Started process (PID=2605) to work on /home/airflow/.local/lib/python3.7/site-packages/airflow/example_dags/example_bash_operator.py
[2023-05-20T15:42:11.962+0000] {processor.py:826} INFO - Processing file /home/airflow/.local/lib/python3.7/site-packages/airflow/example_dags/example_bash_operator.py for tasks to queue
[2023-05-20T15:42:11.963+0000] {logging_mixin.py:149} INFO - [2023-05-20T15:42:11.963+0000] {dagbag.py:541} INFO - Filling up the DagBag from /home/airflow/.local/lib/python3.7/site-packages/airflow/example_dags/example_bash_operator.py
[2023-05-20T15:42:11.987+0000] {processor.py:836} INFO - DAG(s) dict_keys(['example_bash_operator']) retrieved from /home/airflow/.local/lib/python3.7/site-packages/airflow/example_dags/example_bash_operator.py
[2023-05-20T15:42:12.030+0000] {logging_mixin.py:149} INFO - [2023-05-20T15:42:12.029+0000] {dag.py:2726} INFO - Sync 1 DAGs
[2023-05-20T15:42:12.060+0000] {logging_mixin.py:149} INFO - [2023-05-20T15:42:12.060+0000] {dag.py:3490} INFO - Setting next_dagrun for example_bash_operator to 2023-05-19T00:00:00+00:00, run_after=2023-05-20T00:00:00+00:00
[2023-05-20T15:42:12.079+0000] {processor.py:179} INFO - Processing /home/airflow/.local/lib/python3.7/site-packages/airflow/example_dags/example_bash_operator.py took 0.124 seconds
[2023-05-20T15:42:42.669+0000] {processor.py:157} INFO - Started process (PID=2663) to work on /home/airflow/.local/lib/python3.7/site-packages/airflow/example_dags/example_bash_operator.py
[2023-05-20T15:42:42.672+0000] {processor.py:826} INFO - Processing file /home/airflow/.local/lib/python3.7/site-packages/airflow/example_dags/example_bash_operator.py for tasks to queue
[2023-05-20T15:42:42.673+0000] {logging_mixin.py:149} INFO - [2023-05-20T15:42:42.673+0000] {dagbag.py:541} INFO - Filling up the DagBag from /home/airflow/.local/lib/python3.7/site-packages/airflow/example_dags/example_bash_operator.py
[2023-05-20T15:42:42.697+0000] {processor.py:836} INFO - DAG(s) dict_keys(['example_bash_operator']) retrieved from /home/airflow/.local/lib/python3.7/site-packages/airflow/example_dags/example_bash_operator.py
[2023-05-20T15:42:42.742+0000] {logging_mixin.py:149} INFO - [2023-05-20T15:42:42.742+0000] {dag.py:2726} INFO - Sync 1 DAGs
[2023-05-20T15:42:42.775+0000] {logging_mixin.py:149} INFO - [2023-05-20T15:42:42.774+0000] {dag.py:3490} INFO - Setting next_dagrun for example_bash_operator to 2023-05-19T00:00:00+00:00, run_after=2023-05-20T00:00:00+00:00
[2023-05-20T15:42:42.800+0000] {processor.py:179} INFO - Processing /home/airflow/.local/lib/python3.7/site-packages/airflow/example_dags/example_bash_operator.py took 0.136 seconds
[2023-05-20T15:43:12.841+0000] {processor.py:157} INFO - Started process (PID=2721) to work on /home/airflow/.local/lib/python3.7/site-packages/airflow/example_dags/example_bash_operator.py
[2023-05-20T15:43:12.844+0000] {processor.py:826} INFO - Processing file /home/airflow/.local/lib/python3.7/site-packages/airflow/example_dags/example_bash_operator.py for tasks to queue
[2023-05-20T15:43:12.845+0000] {logging_mixin.py:149} INFO - [2023-05-20T15:43:12.845+0000] {dagbag.py:541} INFO - Filling up the DagBag from /home/airflow/.local/lib/python3.7/site-packages/airflow/example_dags/example_bash_operator.py
[2023-05-20T15:43:12.866+0000] {processor.py:836} INFO - DAG(s) dict_keys(['example_bash_operator']) retrieved from /home/airflow/.local/lib/python3.7/site-packages/airflow/example_dags/example_bash_operator.py
[2023-05-20T15:43:12.910+0000] {logging_mixin.py:149} INFO - [2023-05-20T15:43:12.910+0000] {dag.py:2726} INFO - Sync 1 DAGs
[2023-05-20T15:43:12.939+0000] {logging_mixin.py:149} INFO - [2023-05-20T15:43:12.938+0000] {dag.py:3490} INFO - Setting next_dagrun for example_bash_operator to 2023-05-19T00:00:00+00:00, run_after=2023-05-20T00:00:00+00:00
[2023-05-20T15:43:12.962+0000] {processor.py:179} INFO - Processing /home/airflow/.local/lib/python3.7/site-packages/airflow/example_dags/example_bash_operator.py took 0.126 seconds
[2023-05-20T15:43:43.168+0000] {processor.py:157} INFO - Started process (PID=2779) to work on /home/airflow/.local/lib/python3.7/site-packages/airflow/example_dags/example_bash_operator.py
[2023-05-20T15:43:43.171+0000] {processor.py:826} INFO - Processing file /home/airflow/.local/lib/python3.7/site-packages/airflow/example_dags/example_bash_operator.py for tasks to queue
[2023-05-20T15:43:43.174+0000] {logging_mixin.py:149} INFO - [2023-05-20T15:43:43.174+0000] {dagbag.py:541} INFO - Filling up the DagBag from /home/airflow/.local/lib/python3.7/site-packages/airflow/example_dags/example_bash_operator.py
[2023-05-20T15:43:43.199+0000] {processor.py:836} INFO - DAG(s) dict_keys(['example_bash_operator']) retrieved from /home/airflow/.local/lib/python3.7/site-packages/airflow/example_dags/example_bash_operator.py
[2023-05-20T15:43:43.246+0000] {logging_mixin.py:149} INFO - [2023-05-20T15:43:43.245+0000] {dag.py:2726} INFO - Sync 1 DAGs
[2023-05-20T15:43:43.277+0000] {logging_mixin.py:149} INFO - [2023-05-20T15:43:43.277+0000] {dag.py:3490} INFO - Setting next_dagrun for example_bash_operator to 2023-05-19T00:00:00+00:00, run_after=2023-05-20T00:00:00+00:00
[2023-05-20T15:43:43.300+0000] {processor.py:179} INFO - Processing /home/airflow/.local/lib/python3.7/site-packages/airflow/example_dags/example_bash_operator.py took 0.137 seconds
[2023-05-20T15:44:13.481+0000] {processor.py:157} INFO - Started process (PID=2837) to work on /home/airflow/.local/lib/python3.7/site-packages/airflow/example_dags/example_bash_operator.py
[2023-05-20T15:44:13.483+0000] {processor.py:826} INFO - Processing file /home/airflow/.local/lib/python3.7/site-packages/airflow/example_dags/example_bash_operator.py for tasks to queue
[2023-05-20T15:44:13.484+0000] {logging_mixin.py:149} INFO - [2023-05-20T15:44:13.484+0000] {dagbag.py:541} INFO - Filling up the DagBag from /home/airflow/.local/lib/python3.7/site-packages/airflow/example_dags/example_bash_operator.py
[2023-05-20T15:44:13.511+0000] {processor.py:836} INFO - DAG(s) dict_keys(['example_bash_operator']) retrieved from /home/airflow/.local/lib/python3.7/site-packages/airflow/example_dags/example_bash_operator.py
[2023-05-20T15:44:13.557+0000] {logging_mixin.py:149} INFO - [2023-05-20T15:44:13.557+0000] {dag.py:2726} INFO - Sync 1 DAGs
[2023-05-20T15:44:13.587+0000] {logging_mixin.py:149} INFO - [2023-05-20T15:44:13.587+0000] {dag.py:3490} INFO - Setting next_dagrun for example_bash_operator to 2023-05-19T00:00:00+00:00, run_after=2023-05-20T00:00:00+00:00
[2023-05-20T15:44:13.611+0000] {processor.py:179} INFO - Processing /home/airflow/.local/lib/python3.7/site-packages/airflow/example_dags/example_bash_operator.py took 0.135 seconds
[2023-05-20T15:44:43.776+0000] {processor.py:157} INFO - Started process (PID=2895) to work on /home/airflow/.local/lib/python3.7/site-packages/airflow/example_dags/example_bash_operator.py
[2023-05-20T15:44:43.781+0000] {processor.py:826} INFO - Processing file /home/airflow/.local/lib/python3.7/site-packages/airflow/example_dags/example_bash_operator.py for tasks to queue
[2023-05-20T15:44:43.783+0000] {logging_mixin.py:149} INFO - [2023-05-20T15:44:43.783+0000] {dagbag.py:541} INFO - Filling up the DagBag from /home/airflow/.local/lib/python3.7/site-packages/airflow/example_dags/example_bash_operator.py
[2023-05-20T15:44:43.804+0000] {processor.py:836} INFO - DAG(s) dict_keys(['example_bash_operator']) retrieved from /home/airflow/.local/lib/python3.7/site-packages/airflow/example_dags/example_bash_operator.py
[2023-05-20T15:44:43.857+0000] {logging_mixin.py:149} INFO - [2023-05-20T15:44:43.857+0000] {dag.py:2726} INFO - Sync 1 DAGs
[2023-05-20T15:44:43.890+0000] {logging_mixin.py:149} INFO - [2023-05-20T15:44:43.889+0000] {dag.py:3490} INFO - Setting next_dagrun for example_bash_operator to 2023-05-19T00:00:00+00:00, run_after=2023-05-20T00:00:00+00:00
[2023-05-20T15:44:43.915+0000] {processor.py:179} INFO - Processing /home/airflow/.local/lib/python3.7/site-packages/airflow/example_dags/example_bash_operator.py took 0.144 seconds
[2023-05-20T15:45:14.614+0000] {processor.py:157} INFO - Started process (PID=2953) to work on /home/airflow/.local/lib/python3.7/site-packages/airflow/example_dags/example_bash_operator.py
[2023-05-20T15:45:14.616+0000] {processor.py:826} INFO - Processing file /home/airflow/.local/lib/python3.7/site-packages/airflow/example_dags/example_bash_operator.py for tasks to queue
[2023-05-20T15:45:14.618+0000] {logging_mixin.py:149} INFO - [2023-05-20T15:45:14.618+0000] {dagbag.py:541} INFO - Filling up the DagBag from /home/airflow/.local/lib/python3.7/site-packages/airflow/example_dags/example_bash_operator.py
[2023-05-20T15:45:14.641+0000] {processor.py:836} INFO - DAG(s) dict_keys(['example_bash_operator']) retrieved from /home/airflow/.local/lib/python3.7/site-packages/airflow/example_dags/example_bash_operator.py
[2023-05-20T15:45:14.710+0000] {logging_mixin.py:149} INFO - [2023-05-20T15:45:14.709+0000] {dag.py:2726} INFO - Sync 1 DAGs
[2023-05-20T15:45:14.753+0000] {logging_mixin.py:149} INFO - [2023-05-20T15:45:14.753+0000] {dag.py:3490} INFO - Setting next_dagrun for example_bash_operator to 2023-05-19T00:00:00+00:00, run_after=2023-05-20T00:00:00+00:00
[2023-05-20T15:45:14.780+0000] {processor.py:179} INFO - Processing /home/airflow/.local/lib/python3.7/site-packages/airflow/example_dags/example_bash_operator.py took 0.172 seconds
[2023-05-20T15:45:45.629+0000] {processor.py:157} INFO - Started process (PID=3011) to work on /home/airflow/.local/lib/python3.7/site-packages/airflow/example_dags/example_bash_operator.py
[2023-05-20T15:45:45.631+0000] {processor.py:826} INFO - Processing file /home/airflow/.local/lib/python3.7/site-packages/airflow/example_dags/example_bash_operator.py for tasks to queue
[2023-05-20T15:45:45.632+0000] {logging_mixin.py:149} INFO - [2023-05-20T15:45:45.632+0000] {dagbag.py:541} INFO - Filling up the DagBag from /home/airflow/.local/lib/python3.7/site-packages/airflow/example_dags/example_bash_operator.py
[2023-05-20T15:45:45.657+0000] {processor.py:836} INFO - DAG(s) dict_keys(['example_bash_operator']) retrieved from /home/airflow/.local/lib/python3.7/site-packages/airflow/example_dags/example_bash_operator.py
[2023-05-20T15:45:45.736+0000] {logging_mixin.py:149} INFO - [2023-05-20T15:45:45.736+0000] {dag.py:2726} INFO - Sync 1 DAGs
[2023-05-20T15:45:45.780+0000] {logging_mixin.py:149} INFO - [2023-05-20T15:45:45.780+0000] {dag.py:3490} INFO - Setting next_dagrun for example_bash_operator to 2023-05-19T00:00:00+00:00, run_after=2023-05-20T00:00:00+00:00
[2023-05-20T15:45:45.805+0000] {processor.py:179} INFO - Processing /home/airflow/.local/lib/python3.7/site-packages/airflow/example_dags/example_bash_operator.py took 0.182 seconds
[2023-05-20T15:46:15.979+0000] {processor.py:157} INFO - Started process (PID=3069) to work on /home/airflow/.local/lib/python3.7/site-packages/airflow/example_dags/example_bash_operator.py
[2023-05-20T15:46:15.981+0000] {processor.py:826} INFO - Processing file /home/airflow/.local/lib/python3.7/site-packages/airflow/example_dags/example_bash_operator.py for tasks to queue
[2023-05-20T15:46:15.983+0000] {logging_mixin.py:149} INFO - [2023-05-20T15:46:15.983+0000] {dagbag.py:541} INFO - Filling up the DagBag from /home/airflow/.local/lib/python3.7/site-packages/airflow/example_dags/example_bash_operator.py
[2023-05-20T15:46:16.004+0000] {processor.py:836} INFO - DAG(s) dict_keys(['example_bash_operator']) retrieved from /home/airflow/.local/lib/python3.7/site-packages/airflow/example_dags/example_bash_operator.py
[2023-05-20T15:46:16.057+0000] {logging_mixin.py:149} INFO - [2023-05-20T15:46:16.057+0000] {dag.py:2726} INFO - Sync 1 DAGs
[2023-05-20T15:46:16.098+0000] {logging_mixin.py:149} INFO - [2023-05-20T15:46:16.098+0000] {dag.py:3490} INFO - Setting next_dagrun for example_bash_operator to 2023-05-19T00:00:00+00:00, run_after=2023-05-20T00:00:00+00:00
[2023-05-20T15:46:16.132+0000] {processor.py:179} INFO - Processing /home/airflow/.local/lib/python3.7/site-packages/airflow/example_dags/example_bash_operator.py took 0.157 seconds
[2023-05-20T15:46:46.187+0000] {processor.py:157} INFO - Started process (PID=3127) to work on /home/airflow/.local/lib/python3.7/site-packages/airflow/example_dags/example_bash_operator.py
[2023-05-20T15:46:46.190+0000] {processor.py:826} INFO - Processing file /home/airflow/.local/lib/python3.7/site-packages/airflow/example_dags/example_bash_operator.py for tasks to queue
[2023-05-20T15:46:46.193+0000] {logging_mixin.py:149} INFO - [2023-05-20T15:46:46.193+0000] {dagbag.py:541} INFO - Filling up the DagBag from /home/airflow/.local/lib/python3.7/site-packages/airflow/example_dags/example_bash_operator.py
[2023-05-20T15:46:46.225+0000] {processor.py:836} INFO - DAG(s) dict_keys(['example_bash_operator']) retrieved from /home/airflow/.local/lib/python3.7/site-packages/airflow/example_dags/example_bash_operator.py
[2023-05-20T15:46:46.293+0000] {logging_mixin.py:149} INFO - [2023-05-20T15:46:46.293+0000] {dag.py:2726} INFO - Sync 1 DAGs
[2023-05-20T15:46:46.342+0000] {logging_mixin.py:149} INFO - [2023-05-20T15:46:46.341+0000] {dag.py:3490} INFO - Setting next_dagrun for example_bash_operator to 2023-05-19T00:00:00+00:00, run_after=2023-05-20T00:00:00+00:00
[2023-05-20T15:46:46.376+0000] {processor.py:179} INFO - Processing /home/airflow/.local/lib/python3.7/site-packages/airflow/example_dags/example_bash_operator.py took 0.197 seconds
[2023-05-20T15:47:16.756+0000] {processor.py:157} INFO - Started process (PID=3178) to work on /home/airflow/.local/lib/python3.7/site-packages/airflow/example_dags/example_bash_operator.py
[2023-05-20T15:47:16.759+0000] {processor.py:826} INFO - Processing file /home/airflow/.local/lib/python3.7/site-packages/airflow/example_dags/example_bash_operator.py for tasks to queue
[2023-05-20T15:47:16.760+0000] {logging_mixin.py:149} INFO - [2023-05-20T15:47:16.760+0000] {dagbag.py:541} INFO - Filling up the DagBag from /home/airflow/.local/lib/python3.7/site-packages/airflow/example_dags/example_bash_operator.py
[2023-05-20T15:47:16.783+0000] {processor.py:836} INFO - DAG(s) dict_keys(['example_bash_operator']) retrieved from /home/airflow/.local/lib/python3.7/site-packages/airflow/example_dags/example_bash_operator.py
[2023-05-20T15:47:16.837+0000] {logging_mixin.py:149} INFO - [2023-05-20T15:47:16.837+0000] {dag.py:2726} INFO - Sync 1 DAGs
[2023-05-20T15:47:16.874+0000] {logging_mixin.py:149} INFO - [2023-05-20T15:47:16.874+0000] {dag.py:3490} INFO - Setting next_dagrun for example_bash_operator to 2023-05-19T00:00:00+00:00, run_after=2023-05-20T00:00:00+00:00
[2023-05-20T15:47:16.904+0000] {processor.py:179} INFO - Processing /home/airflow/.local/lib/python3.7/site-packages/airflow/example_dags/example_bash_operator.py took 0.152 seconds
[2023-05-20T15:47:47.158+0000] {processor.py:157} INFO - Started process (PID=3236) to work on /home/airflow/.local/lib/python3.7/site-packages/airflow/example_dags/example_bash_operator.py
[2023-05-20T15:47:47.161+0000] {processor.py:826} INFO - Processing file /home/airflow/.local/lib/python3.7/site-packages/airflow/example_dags/example_bash_operator.py for tasks to queue
[2023-05-20T15:47:47.164+0000] {logging_mixin.py:149} INFO - [2023-05-20T15:47:47.163+0000] {dagbag.py:541} INFO - Filling up the DagBag from /home/airflow/.local/lib/python3.7/site-packages/airflow/example_dags/example_bash_operator.py
[2023-05-20T15:47:47.195+0000] {processor.py:836} INFO - DAG(s) dict_keys(['example_bash_operator']) retrieved from /home/airflow/.local/lib/python3.7/site-packages/airflow/example_dags/example_bash_operator.py
[2023-05-20T15:47:47.259+0000] {logging_mixin.py:149} INFO - [2023-05-20T15:47:47.259+0000] {dag.py:2726} INFO - Sync 1 DAGs
[2023-05-20T15:47:47.304+0000] {logging_mixin.py:149} INFO - [2023-05-20T15:47:47.304+0000] {dag.py:3490} INFO - Setting next_dagrun for example_bash_operator to 2023-05-19T00:00:00+00:00, run_after=2023-05-20T00:00:00+00:00
[2023-05-20T15:47:47.343+0000] {processor.py:179} INFO - Processing /home/airflow/.local/lib/python3.7/site-packages/airflow/example_dags/example_bash_operator.py took 0.196 seconds
[2023-05-20T15:48:18.163+0000] {processor.py:157} INFO - Started process (PID=3295) to work on /home/airflow/.local/lib/python3.7/site-packages/airflow/example_dags/example_bash_operator.py
[2023-05-20T15:48:18.168+0000] {processor.py:826} INFO - Processing file /home/airflow/.local/lib/python3.7/site-packages/airflow/example_dags/example_bash_operator.py for tasks to queue
[2023-05-20T15:48:18.170+0000] {logging_mixin.py:149} INFO - [2023-05-20T15:48:18.170+0000] {dagbag.py:541} INFO - Filling up the DagBag from /home/airflow/.local/lib/python3.7/site-packages/airflow/example_dags/example_bash_operator.py
[2023-05-20T15:48:18.204+0000] {processor.py:836} INFO - DAG(s) dict_keys(['example_bash_operator']) retrieved from /home/airflow/.local/lib/python3.7/site-packages/airflow/example_dags/example_bash_operator.py
[2023-05-20T15:48:18.282+0000] {logging_mixin.py:149} INFO - [2023-05-20T15:48:18.281+0000] {dag.py:2726} INFO - Sync 1 DAGs
[2023-05-20T15:48:18.339+0000] {logging_mixin.py:149} INFO - [2023-05-20T15:48:18.339+0000] {dag.py:3490} INFO - Setting next_dagrun for example_bash_operator to 2023-05-19T00:00:00+00:00, run_after=2023-05-20T00:00:00+00:00
[2023-05-20T15:48:18.388+0000] {processor.py:179} INFO - Processing /home/airflow/.local/lib/python3.7/site-packages/airflow/example_dags/example_bash_operator.py took 0.233 seconds
[2023-05-20T15:48:48.683+0000] {processor.py:157} INFO - Started process (PID=3353) to work on /home/airflow/.local/lib/python3.7/site-packages/airflow/example_dags/example_bash_operator.py
[2023-05-20T15:48:48.686+0000] {processor.py:826} INFO - Processing file /home/airflow/.local/lib/python3.7/site-packages/airflow/example_dags/example_bash_operator.py for tasks to queue
[2023-05-20T15:48:48.690+0000] {logging_mixin.py:149} INFO - [2023-05-20T15:48:48.689+0000] {dagbag.py:541} INFO - Filling up the DagBag from /home/airflow/.local/lib/python3.7/site-packages/airflow/example_dags/example_bash_operator.py
[2023-05-20T15:48:48.734+0000] {processor.py:836} INFO - DAG(s) dict_keys(['example_bash_operator']) retrieved from /home/airflow/.local/lib/python3.7/site-packages/airflow/example_dags/example_bash_operator.py
[2023-05-20T15:48:48.825+0000] {logging_mixin.py:149} INFO - [2023-05-20T15:48:48.824+0000] {dag.py:2726} INFO - Sync 1 DAGs
[2023-05-20T15:48:48.887+0000] {logging_mixin.py:149} INFO - [2023-05-20T15:48:48.887+0000] {dag.py:3490} INFO - Setting next_dagrun for example_bash_operator to 2023-05-19T00:00:00+00:00, run_after=2023-05-20T00:00:00+00:00
[2023-05-20T15:48:48.949+0000] {processor.py:179} INFO - Processing /home/airflow/.local/lib/python3.7/site-packages/airflow/example_dags/example_bash_operator.py took 0.275 seconds
[2023-05-20T15:49:19.102+0000] {processor.py:157} INFO - Started process (PID=3411) to work on /home/airflow/.local/lib/python3.7/site-packages/airflow/example_dags/example_bash_operator.py
[2023-05-20T15:49:19.105+0000] {processor.py:826} INFO - Processing file /home/airflow/.local/lib/python3.7/site-packages/airflow/example_dags/example_bash_operator.py for tasks to queue
[2023-05-20T15:49:19.107+0000] {logging_mixin.py:149} INFO - [2023-05-20T15:49:19.107+0000] {dagbag.py:541} INFO - Filling up the DagBag from /home/airflow/.local/lib/python3.7/site-packages/airflow/example_dags/example_bash_operator.py
[2023-05-20T15:49:19.140+0000] {processor.py:836} INFO - DAG(s) dict_keys(['example_bash_operator']) retrieved from /home/airflow/.local/lib/python3.7/site-packages/airflow/example_dags/example_bash_operator.py
[2023-05-20T15:49:19.205+0000] {logging_mixin.py:149} INFO - [2023-05-20T15:49:19.204+0000] {dag.py:2726} INFO - Sync 1 DAGs
[2023-05-20T15:49:19.247+0000] {logging_mixin.py:149} INFO - [2023-05-20T15:49:19.247+0000] {dag.py:3490} INFO - Setting next_dagrun for example_bash_operator to 2023-05-19T00:00:00+00:00, run_after=2023-05-20T00:00:00+00:00
[2023-05-20T15:49:19.287+0000] {processor.py:179} INFO - Processing /home/airflow/.local/lib/python3.7/site-packages/airflow/example_dags/example_bash_operator.py took 0.191 seconds
[2023-05-20T15:49:49.337+0000] {processor.py:157} INFO - Started process (PID=3469) to work on /home/airflow/.local/lib/python3.7/site-packages/airflow/example_dags/example_bash_operator.py
[2023-05-20T15:49:49.338+0000] {processor.py:826} INFO - Processing file /home/airflow/.local/lib/python3.7/site-packages/airflow/example_dags/example_bash_operator.py for tasks to queue
[2023-05-20T15:49:49.339+0000] {logging_mixin.py:149} INFO - [2023-05-20T15:49:49.339+0000] {dagbag.py:541} INFO - Filling up the DagBag from /home/airflow/.local/lib/python3.7/site-packages/airflow/example_dags/example_bash_operator.py
[2023-05-20T15:49:49.359+0000] {processor.py:836} INFO - DAG(s) dict_keys(['example_bash_operator']) retrieved from /home/airflow/.local/lib/python3.7/site-packages/airflow/example_dags/example_bash_operator.py
[2023-05-20T15:49:49.401+0000] {logging_mixin.py:149} INFO - [2023-05-20T15:49:49.401+0000] {dag.py:2726} INFO - Sync 1 DAGs
[2023-05-20T15:49:49.430+0000] {logging_mixin.py:149} INFO - [2023-05-20T15:49:49.430+0000] {dag.py:3490} INFO - Setting next_dagrun for example_bash_operator to 2023-05-19T00:00:00+00:00, run_after=2023-05-20T00:00:00+00:00
[2023-05-20T15:49:49.454+0000] {processor.py:179} INFO - Processing /home/airflow/.local/lib/python3.7/site-packages/airflow/example_dags/example_bash_operator.py took 0.122 seconds
[2023-05-20T16:08:46.409+0000] {processor.py:157} INFO - Started process (PID=44) to work on /home/airflow/.local/lib/python3.7/site-packages/airflow/example_dags/example_bash_operator.py
[2023-05-20T16:08:46.412+0000] {processor.py:826} INFO - Processing file /home/airflow/.local/lib/python3.7/site-packages/airflow/example_dags/example_bash_operator.py for tasks to queue
[2023-05-20T16:08:46.414+0000] {logging_mixin.py:149} INFO - [2023-05-20T16:08:46.414+0000] {dagbag.py:541} INFO - Filling up the DagBag from /home/airflow/.local/lib/python3.7/site-packages/airflow/example_dags/example_bash_operator.py
[2023-05-20T16:08:46.444+0000] {processor.py:836} INFO - DAG(s) dict_keys(['example_bash_operator']) retrieved from /home/airflow/.local/lib/python3.7/site-packages/airflow/example_dags/example_bash_operator.py
[2023-05-20T16:08:46.470+0000] {logging_mixin.py:149} INFO - [2023-05-20T16:08:46.470+0000] {dag.py:2726} INFO - Sync 1 DAGs
[2023-05-20T16:08:46.520+0000] {logging_mixin.py:149} INFO - [2023-05-20T16:08:46.519+0000] {dag.py:3490} INFO - Setting next_dagrun for example_bash_operator to 2023-05-19T00:00:00+00:00, run_after=2023-05-20T00:00:00+00:00
[2023-05-20T16:08:46.558+0000] {processor.py:179} INFO - Processing /home/airflow/.local/lib/python3.7/site-packages/airflow/example_dags/example_bash_operator.py took 0.155 seconds
[2023-05-20T16:09:16.719+0000] {processor.py:157} INFO - Started process (PID=102) to work on /home/airflow/.local/lib/python3.7/site-packages/airflow/example_dags/example_bash_operator.py
[2023-05-20T16:09:16.721+0000] {processor.py:826} INFO - Processing file /home/airflow/.local/lib/python3.7/site-packages/airflow/example_dags/example_bash_operator.py for tasks to queue
[2023-05-20T16:09:16.723+0000] {logging_mixin.py:149} INFO - [2023-05-20T16:09:16.723+0000] {dagbag.py:541} INFO - Filling up the DagBag from /home/airflow/.local/lib/python3.7/site-packages/airflow/example_dags/example_bash_operator.py
[2023-05-20T16:09:16.740+0000] {processor.py:836} INFO - DAG(s) dict_keys(['example_bash_operator']) retrieved from /home/airflow/.local/lib/python3.7/site-packages/airflow/example_dags/example_bash_operator.py
[2023-05-20T16:09:16.783+0000] {logging_mixin.py:149} INFO - [2023-05-20T16:09:16.783+0000] {dag.py:2726} INFO - Sync 1 DAGs
[2023-05-20T16:09:16.818+0000] {logging_mixin.py:149} INFO - [2023-05-20T16:09:16.818+0000] {dag.py:3490} INFO - Setting next_dagrun for example_bash_operator to 2023-05-19T00:00:00+00:00, run_after=2023-05-20T00:00:00+00:00
[2023-05-20T16:09:16.842+0000] {processor.py:179} INFO - Processing /home/airflow/.local/lib/python3.7/site-packages/airflow/example_dags/example_bash_operator.py took 0.127 seconds
[2023-05-20T16:09:47.926+0000] {processor.py:157} INFO - Started process (PID=160) to work on /home/airflow/.local/lib/python3.7/site-packages/airflow/example_dags/example_bash_operator.py
[2023-05-20T16:09:47.930+0000] {processor.py:826} INFO - Processing file /home/airflow/.local/lib/python3.7/site-packages/airflow/example_dags/example_bash_operator.py for tasks to queue
[2023-05-20T16:09:47.932+0000] {logging_mixin.py:149} INFO - [2023-05-20T16:09:47.932+0000] {dagbag.py:541} INFO - Filling up the DagBag from /home/airflow/.local/lib/python3.7/site-packages/airflow/example_dags/example_bash_operator.py
[2023-05-20T16:09:47.966+0000] {processor.py:836} INFO - DAG(s) dict_keys(['example_bash_operator']) retrieved from /home/airflow/.local/lib/python3.7/site-packages/airflow/example_dags/example_bash_operator.py
[2023-05-20T16:09:48.034+0000] {logging_mixin.py:149} INFO - [2023-05-20T16:09:48.034+0000] {dag.py:2726} INFO - Sync 1 DAGs
[2023-05-20T16:09:48.081+0000] {logging_mixin.py:149} INFO - [2023-05-20T16:09:48.081+0000] {dag.py:3490} INFO - Setting next_dagrun for example_bash_operator to 2023-05-19T00:00:00+00:00, run_after=2023-05-20T00:00:00+00:00
[2023-05-20T16:09:48.119+0000] {processor.py:179} INFO - Processing /home/airflow/.local/lib/python3.7/site-packages/airflow/example_dags/example_bash_operator.py took 0.205 seconds
[2023-05-20T16:10:19.135+0000] {processor.py:157} INFO - Started process (PID=218) to work on /home/airflow/.local/lib/python3.7/site-packages/airflow/example_dags/example_bash_operator.py
[2023-05-20T16:10:19.138+0000] {processor.py:826} INFO - Processing file /home/airflow/.local/lib/python3.7/site-packages/airflow/example_dags/example_bash_operator.py for tasks to queue
[2023-05-20T16:10:19.140+0000] {logging_mixin.py:149} INFO - [2023-05-20T16:10:19.140+0000] {dagbag.py:541} INFO - Filling up the DagBag from /home/airflow/.local/lib/python3.7/site-packages/airflow/example_dags/example_bash_operator.py
[2023-05-20T16:10:19.180+0000] {processor.py:836} INFO - DAG(s) dict_keys(['example_bash_operator']) retrieved from /home/airflow/.local/lib/python3.7/site-packages/airflow/example_dags/example_bash_operator.py
[2023-05-20T16:10:19.273+0000] {logging_mixin.py:149} INFO - [2023-05-20T16:10:19.272+0000] {dag.py:2726} INFO - Sync 1 DAGs
[2023-05-20T16:10:19.363+0000] {logging_mixin.py:149} INFO - [2023-05-20T16:10:19.363+0000] {dag.py:3490} INFO - Setting next_dagrun for example_bash_operator to 2023-05-19T00:00:00+00:00, run_after=2023-05-20T00:00:00+00:00
[2023-05-20T16:10:19.422+0000] {processor.py:179} INFO - Processing /home/airflow/.local/lib/python3.7/site-packages/airflow/example_dags/example_bash_operator.py took 0.293 seconds
[2023-05-20T16:10:49.508+0000] {processor.py:157} INFO - Started process (PID=276) to work on /home/airflow/.local/lib/python3.7/site-packages/airflow/example_dags/example_bash_operator.py
[2023-05-20T16:10:49.511+0000] {processor.py:826} INFO - Processing file /home/airflow/.local/lib/python3.7/site-packages/airflow/example_dags/example_bash_operator.py for tasks to queue
[2023-05-20T16:10:49.513+0000] {logging_mixin.py:149} INFO - [2023-05-20T16:10:49.513+0000] {dagbag.py:541} INFO - Filling up the DagBag from /home/airflow/.local/lib/python3.7/site-packages/airflow/example_dags/example_bash_operator.py
[2023-05-20T16:10:49.542+0000] {processor.py:836} INFO - DAG(s) dict_keys(['example_bash_operator']) retrieved from /home/airflow/.local/lib/python3.7/site-packages/airflow/example_dags/example_bash_operator.py
[2023-05-20T16:10:49.625+0000] {logging_mixin.py:149} INFO - [2023-05-20T16:10:49.624+0000] {dag.py:2726} INFO - Sync 1 DAGs
[2023-05-20T16:10:49.687+0000] {logging_mixin.py:149} INFO - [2023-05-20T16:10:49.687+0000] {dag.py:3490} INFO - Setting next_dagrun for example_bash_operator to 2023-05-19T00:00:00+00:00, run_after=2023-05-20T00:00:00+00:00
[2023-05-20T16:10:49.751+0000] {processor.py:179} INFO - Processing /home/airflow/.local/lib/python3.7/site-packages/airflow/example_dags/example_bash_operator.py took 0.249 seconds
[2023-05-20T16:11:20.413+0000] {processor.py:157} INFO - Started process (PID=335) to work on /home/airflow/.local/lib/python3.7/site-packages/airflow/example_dags/example_bash_operator.py
[2023-05-20T16:11:20.422+0000] {processor.py:826} INFO - Processing file /home/airflow/.local/lib/python3.7/site-packages/airflow/example_dags/example_bash_operator.py for tasks to queue
[2023-05-20T16:11:20.442+0000] {logging_mixin.py:149} INFO - [2023-05-20T16:11:20.442+0000] {dagbag.py:541} INFO - Filling up the DagBag from /home/airflow/.local/lib/python3.7/site-packages/airflow/example_dags/example_bash_operator.py
[2023-05-20T16:11:20.508+0000] {processor.py:836} INFO - DAG(s) dict_keys(['example_bash_operator']) retrieved from /home/airflow/.local/lib/python3.7/site-packages/airflow/example_dags/example_bash_operator.py
[2023-05-20T16:11:20.602+0000] {logging_mixin.py:149} INFO - [2023-05-20T16:11:20.602+0000] {dag.py:2726} INFO - Sync 1 DAGs
[2023-05-20T16:11:20.672+0000] {logging_mixin.py:149} INFO - [2023-05-20T16:11:20.671+0000] {dag.py:3490} INFO - Setting next_dagrun for example_bash_operator to 2023-05-19T00:00:00+00:00, run_after=2023-05-20T00:00:00+00:00
[2023-05-20T16:11:20.734+0000] {processor.py:179} INFO - Processing /home/airflow/.local/lib/python3.7/site-packages/airflow/example_dags/example_bash_operator.py took 0.329 seconds
[2023-05-20T16:11:51.254+0000] {processor.py:157} INFO - Started process (PID=392) to work on /home/airflow/.local/lib/python3.7/site-packages/airflow/example_dags/example_bash_operator.py
[2023-05-20T16:11:51.258+0000] {processor.py:826} INFO - Processing file /home/airflow/.local/lib/python3.7/site-packages/airflow/example_dags/example_bash_operator.py for tasks to queue
[2023-05-20T16:11:51.268+0000] {logging_mixin.py:149} INFO - [2023-05-20T16:11:51.267+0000] {dagbag.py:541} INFO - Filling up the DagBag from /home/airflow/.local/lib/python3.7/site-packages/airflow/example_dags/example_bash_operator.py
[2023-05-20T16:11:51.319+0000] {processor.py:836} INFO - DAG(s) dict_keys(['example_bash_operator']) retrieved from /home/airflow/.local/lib/python3.7/site-packages/airflow/example_dags/example_bash_operator.py
[2023-05-20T16:11:51.475+0000] {logging_mixin.py:149} INFO - [2023-05-20T16:11:51.474+0000] {dag.py:2726} INFO - Sync 1 DAGs
[2023-05-20T16:11:51.555+0000] {logging_mixin.py:149} INFO - [2023-05-20T16:11:51.555+0000] {dag.py:3490} INFO - Setting next_dagrun for example_bash_operator to 2023-05-19T00:00:00+00:00, run_after=2023-05-20T00:00:00+00:00
[2023-05-20T16:11:51.623+0000] {processor.py:179} INFO - Processing /home/airflow/.local/lib/python3.7/site-packages/airflow/example_dags/example_bash_operator.py took 0.381 seconds
[2023-05-20T16:12:22.463+0000] {processor.py:157} INFO - Started process (PID=450) to work on /home/airflow/.local/lib/python3.7/site-packages/airflow/example_dags/example_bash_operator.py
[2023-05-20T16:12:22.465+0000] {processor.py:826} INFO - Processing file /home/airflow/.local/lib/python3.7/site-packages/airflow/example_dags/example_bash_operator.py for tasks to queue
[2023-05-20T16:12:22.467+0000] {logging_mixin.py:149} INFO - [2023-05-20T16:12:22.467+0000] {dagbag.py:541} INFO - Filling up the DagBag from /home/airflow/.local/lib/python3.7/site-packages/airflow/example_dags/example_bash_operator.py
[2023-05-20T16:12:22.497+0000] {processor.py:836} INFO - DAG(s) dict_keys(['example_bash_operator']) retrieved from /home/airflow/.local/lib/python3.7/site-packages/airflow/example_dags/example_bash_operator.py
[2023-05-20T16:12:22.561+0000] {logging_mixin.py:149} INFO - [2023-05-20T16:12:22.560+0000] {dag.py:2726} INFO - Sync 1 DAGs
[2023-05-20T16:12:22.611+0000] {logging_mixin.py:149} INFO - [2023-05-20T16:12:22.611+0000] {dag.py:3490} INFO - Setting next_dagrun for example_bash_operator to 2023-05-19T00:00:00+00:00, run_after=2023-05-20T00:00:00+00:00
[2023-05-20T16:12:22.647+0000] {processor.py:179} INFO - Processing /home/airflow/.local/lib/python3.7/site-packages/airflow/example_dags/example_bash_operator.py took 0.191 seconds
[2023-05-20T16:12:53.093+0000] {processor.py:157} INFO - Started process (PID=508) to work on /home/airflow/.local/lib/python3.7/site-packages/airflow/example_dags/example_bash_operator.py
[2023-05-20T16:12:53.096+0000] {processor.py:826} INFO - Processing file /home/airflow/.local/lib/python3.7/site-packages/airflow/example_dags/example_bash_operator.py for tasks to queue
[2023-05-20T16:12:53.098+0000] {logging_mixin.py:149} INFO - [2023-05-20T16:12:53.098+0000] {dagbag.py:541} INFO - Filling up the DagBag from /home/airflow/.local/lib/python3.7/site-packages/airflow/example_dags/example_bash_operator.py
[2023-05-20T16:12:53.120+0000] {processor.py:836} INFO - DAG(s) dict_keys(['example_bash_operator']) retrieved from /home/airflow/.local/lib/python3.7/site-packages/airflow/example_dags/example_bash_operator.py
[2023-05-20T16:12:53.170+0000] {logging_mixin.py:149} INFO - [2023-05-20T16:12:53.170+0000] {dag.py:2726} INFO - Sync 1 DAGs
[2023-05-20T16:12:53.205+0000] {logging_mixin.py:149} INFO - [2023-05-20T16:12:53.205+0000] {dag.py:3490} INFO - Setting next_dagrun for example_bash_operator to 2023-05-19T00:00:00+00:00, run_after=2023-05-20T00:00:00+00:00
[2023-05-20T16:12:53.241+0000] {processor.py:179} INFO - Processing /home/airflow/.local/lib/python3.7/site-packages/airflow/example_dags/example_bash_operator.py took 0.153 seconds
[2023-05-20T16:13:23.686+0000] {processor.py:157} INFO - Started process (PID=566) to work on /home/airflow/.local/lib/python3.7/site-packages/airflow/example_dags/example_bash_operator.py
[2023-05-20T16:13:23.688+0000] {processor.py:826} INFO - Processing file /home/airflow/.local/lib/python3.7/site-packages/airflow/example_dags/example_bash_operator.py for tasks to queue
[2023-05-20T16:13:23.690+0000] {logging_mixin.py:149} INFO - [2023-05-20T16:13:23.690+0000] {dagbag.py:541} INFO - Filling up the DagBag from /home/airflow/.local/lib/python3.7/site-packages/airflow/example_dags/example_bash_operator.py
[2023-05-20T16:13:23.712+0000] {processor.py:836} INFO - DAG(s) dict_keys(['example_bash_operator']) retrieved from /home/airflow/.local/lib/python3.7/site-packages/airflow/example_dags/example_bash_operator.py
[2023-05-20T16:13:23.768+0000] {logging_mixin.py:149} INFO - [2023-05-20T16:13:23.768+0000] {dag.py:2726} INFO - Sync 1 DAGs
[2023-05-20T16:13:23.810+0000] {logging_mixin.py:149} INFO - [2023-05-20T16:13:23.810+0000] {dag.py:3490} INFO - Setting next_dagrun for example_bash_operator to 2023-05-19T00:00:00+00:00, run_after=2023-05-20T00:00:00+00:00
[2023-05-20T16:13:23.837+0000] {processor.py:179} INFO - Processing /home/airflow/.local/lib/python3.7/site-packages/airflow/example_dags/example_bash_operator.py took 0.154 seconds
