[2023-05-20T15:19:51.649+0000] {processor.py:157} INFO - Started process (PID=69) to work on /home/airflow/.local/lib/python3.7/site-packages/airflow/example_dags/example_sensors.py
[2023-05-20T15:19:51.652+0000] {processor.py:826} INFO - Processing file /home/airflow/.local/lib/python3.7/site-packages/airflow/example_dags/example_sensors.py for tasks to queue
[2023-05-20T15:19:51.655+0000] {logging_mixin.py:149} INFO - [2023-05-20T15:19:51.654+0000] {dagbag.py:541} INFO - Filling up the DagBag from /home/airflow/.local/lib/python3.7/site-packages/airflow/example_dags/example_sensors.py
[2023-05-20T15:19:51.683+0000] {processor.py:836} INFO - DAG(s) dict_keys(['example_sensors']) retrieved from /home/airflow/.local/lib/python3.7/site-packages/airflow/example_dags/example_sensors.py
[2023-05-20T15:19:51.721+0000] {logging_mixin.py:149} INFO - [2023-05-20T15:19:51.720+0000] {dag.py:2726} INFO - Sync 1 DAGs
[2023-05-20T15:19:51.768+0000] {logging_mixin.py:149} INFO - [2023-05-20T15:19:51.768+0000] {dag.py:3490} INFO - Setting next_dagrun for example_sensors to None, run_after=None
[2023-05-20T15:19:51.812+0000] {processor.py:179} INFO - Processing /home/airflow/.local/lib/python3.7/site-packages/airflow/example_dags/example_sensors.py took 0.178 seconds
[2023-05-20T15:20:23.450+0000] {processor.py:157} INFO - Started process (PID=127) to work on /home/airflow/.local/lib/python3.7/site-packages/airflow/example_dags/example_sensors.py
[2023-05-20T15:20:23.453+0000] {processor.py:826} INFO - Processing file /home/airflow/.local/lib/python3.7/site-packages/airflow/example_dags/example_sensors.py for tasks to queue
[2023-05-20T15:20:23.455+0000] {logging_mixin.py:149} INFO - [2023-05-20T15:20:23.455+0000] {dagbag.py:541} INFO - Filling up the DagBag from /home/airflow/.local/lib/python3.7/site-packages/airflow/example_dags/example_sensors.py
[2023-05-20T15:20:23.475+0000] {processor.py:836} INFO - DAG(s) dict_keys(['example_sensors']) retrieved from /home/airflow/.local/lib/python3.7/site-packages/airflow/example_dags/example_sensors.py
[2023-05-20T15:20:23.517+0000] {logging_mixin.py:149} INFO - [2023-05-20T15:20:23.517+0000] {dag.py:2726} INFO - Sync 1 DAGs
[2023-05-20T15:20:23.554+0000] {logging_mixin.py:149} INFO - [2023-05-20T15:20:23.554+0000] {dag.py:3490} INFO - Setting next_dagrun for example_sensors to None, run_after=None
[2023-05-20T15:20:23.580+0000] {processor.py:179} INFO - Processing /home/airflow/.local/lib/python3.7/site-packages/airflow/example_dags/example_sensors.py took 0.137 seconds
[2023-05-20T15:20:53.831+0000] {processor.py:157} INFO - Started process (PID=185) to work on /home/airflow/.local/lib/python3.7/site-packages/airflow/example_dags/example_sensors.py
[2023-05-20T15:20:53.833+0000] {processor.py:826} INFO - Processing file /home/airflow/.local/lib/python3.7/site-packages/airflow/example_dags/example_sensors.py for tasks to queue
[2023-05-20T15:20:53.834+0000] {logging_mixin.py:149} INFO - [2023-05-20T15:20:53.834+0000] {dagbag.py:541} INFO - Filling up the DagBag from /home/airflow/.local/lib/python3.7/site-packages/airflow/example_dags/example_sensors.py
[2023-05-20T15:20:53.845+0000] {processor.py:836} INFO - DAG(s) dict_keys(['example_sensors']) retrieved from /home/airflow/.local/lib/python3.7/site-packages/airflow/example_dags/example_sensors.py
[2023-05-20T15:20:53.879+0000] {logging_mixin.py:149} INFO - [2023-05-20T15:20:53.879+0000] {dag.py:2726} INFO - Sync 1 DAGs
[2023-05-20T15:20:53.907+0000] {logging_mixin.py:149} INFO - [2023-05-20T15:20:53.907+0000] {dag.py:3490} INFO - Setting next_dagrun for example_sensors to None, run_after=None
[2023-05-20T15:20:53.929+0000] {processor.py:179} INFO - Processing /home/airflow/.local/lib/python3.7/site-packages/airflow/example_dags/example_sensors.py took 0.102 seconds
[2023-05-20T15:21:24.681+0000] {processor.py:157} INFO - Started process (PID=242) to work on /home/airflow/.local/lib/python3.7/site-packages/airflow/example_dags/example_sensors.py
[2023-05-20T15:21:24.683+0000] {processor.py:826} INFO - Processing file /home/airflow/.local/lib/python3.7/site-packages/airflow/example_dags/example_sensors.py for tasks to queue
[2023-05-20T15:21:24.685+0000] {logging_mixin.py:149} INFO - [2023-05-20T15:21:24.685+0000] {dagbag.py:541} INFO - Filling up the DagBag from /home/airflow/.local/lib/python3.7/site-packages/airflow/example_dags/example_sensors.py
[2023-05-20T15:21:24.699+0000] {processor.py:836} INFO - DAG(s) dict_keys(['example_sensors']) retrieved from /home/airflow/.local/lib/python3.7/site-packages/airflow/example_dags/example_sensors.py
[2023-05-20T15:21:24.747+0000] {logging_mixin.py:149} INFO - [2023-05-20T15:21:24.747+0000] {dag.py:2726} INFO - Sync 1 DAGs
[2023-05-20T15:21:24.792+0000] {logging_mixin.py:149} INFO - [2023-05-20T15:21:24.792+0000] {dag.py:3490} INFO - Setting next_dagrun for example_sensors to None, run_after=None
[2023-05-20T15:21:24.829+0000] {processor.py:179} INFO - Processing /home/airflow/.local/lib/python3.7/site-packages/airflow/example_dags/example_sensors.py took 0.153 seconds
[2023-05-20T15:21:55.347+0000] {processor.py:157} INFO - Started process (PID=300) to work on /home/airflow/.local/lib/python3.7/site-packages/airflow/example_dags/example_sensors.py
[2023-05-20T15:21:55.350+0000] {processor.py:826} INFO - Processing file /home/airflow/.local/lib/python3.7/site-packages/airflow/example_dags/example_sensors.py for tasks to queue
[2023-05-20T15:21:55.351+0000] {logging_mixin.py:149} INFO - [2023-05-20T15:21:55.351+0000] {dagbag.py:541} INFO - Filling up the DagBag from /home/airflow/.local/lib/python3.7/site-packages/airflow/example_dags/example_sensors.py
[2023-05-20T15:21:55.368+0000] {processor.py:836} INFO - DAG(s) dict_keys(['example_sensors']) retrieved from /home/airflow/.local/lib/python3.7/site-packages/airflow/example_dags/example_sensors.py
[2023-05-20T15:21:55.416+0000] {logging_mixin.py:149} INFO - [2023-05-20T15:21:55.415+0000] {dag.py:2726} INFO - Sync 1 DAGs
[2023-05-20T15:21:55.476+0000] {logging_mixin.py:149} INFO - [2023-05-20T15:21:55.476+0000] {dag.py:3490} INFO - Setting next_dagrun for example_sensors to None, run_after=None
[2023-05-20T15:21:55.513+0000] {processor.py:179} INFO - Processing /home/airflow/.local/lib/python3.7/site-packages/airflow/example_dags/example_sensors.py took 0.170 seconds
[2023-05-20T15:22:25.849+0000] {processor.py:157} INFO - Started process (PID=358) to work on /home/airflow/.local/lib/python3.7/site-packages/airflow/example_dags/example_sensors.py
[2023-05-20T15:22:25.852+0000] {processor.py:826} INFO - Processing file /home/airflow/.local/lib/python3.7/site-packages/airflow/example_dags/example_sensors.py for tasks to queue
[2023-05-20T15:22:25.854+0000] {logging_mixin.py:149} INFO - [2023-05-20T15:22:25.854+0000] {dagbag.py:541} INFO - Filling up the DagBag from /home/airflow/.local/lib/python3.7/site-packages/airflow/example_dags/example_sensors.py
[2023-05-20T15:22:25.872+0000] {processor.py:836} INFO - DAG(s) dict_keys(['example_sensors']) retrieved from /home/airflow/.local/lib/python3.7/site-packages/airflow/example_dags/example_sensors.py
[2023-05-20T15:22:25.919+0000] {logging_mixin.py:149} INFO - [2023-05-20T15:22:25.918+0000] {dag.py:2726} INFO - Sync 1 DAGs
[2023-05-20T15:22:25.959+0000] {logging_mixin.py:149} INFO - [2023-05-20T15:22:25.959+0000] {dag.py:3490} INFO - Setting next_dagrun for example_sensors to None, run_after=None
[2023-05-20T15:22:25.994+0000] {processor.py:179} INFO - Processing /home/airflow/.local/lib/python3.7/site-packages/airflow/example_dags/example_sensors.py took 0.150 seconds
[2023-05-20T15:22:56.858+0000] {processor.py:157} INFO - Started process (PID=416) to work on /home/airflow/.local/lib/python3.7/site-packages/airflow/example_dags/example_sensors.py
[2023-05-20T15:22:56.860+0000] {processor.py:826} INFO - Processing file /home/airflow/.local/lib/python3.7/site-packages/airflow/example_dags/example_sensors.py for tasks to queue
[2023-05-20T15:22:56.862+0000] {logging_mixin.py:149} INFO - [2023-05-20T15:22:56.862+0000] {dagbag.py:541} INFO - Filling up the DagBag from /home/airflow/.local/lib/python3.7/site-packages/airflow/example_dags/example_sensors.py
[2023-05-20T15:22:56.876+0000] {processor.py:836} INFO - DAG(s) dict_keys(['example_sensors']) retrieved from /home/airflow/.local/lib/python3.7/site-packages/airflow/example_dags/example_sensors.py
[2023-05-20T15:22:56.913+0000] {logging_mixin.py:149} INFO - [2023-05-20T15:22:56.912+0000] {dag.py:2726} INFO - Sync 1 DAGs
[2023-05-20T15:22:56.943+0000] {logging_mixin.py:149} INFO - [2023-05-20T15:22:56.943+0000] {dag.py:3490} INFO - Setting next_dagrun for example_sensors to None, run_after=None
[2023-05-20T15:22:56.968+0000] {processor.py:179} INFO - Processing /home/airflow/.local/lib/python3.7/site-packages/airflow/example_dags/example_sensors.py took 0.115 seconds
[2023-05-20T15:23:27.106+0000] {processor.py:157} INFO - Started process (PID=473) to work on /home/airflow/.local/lib/python3.7/site-packages/airflow/example_dags/example_sensors.py
[2023-05-20T15:23:27.108+0000] {processor.py:826} INFO - Processing file /home/airflow/.local/lib/python3.7/site-packages/airflow/example_dags/example_sensors.py for tasks to queue
[2023-05-20T15:23:27.109+0000] {logging_mixin.py:149} INFO - [2023-05-20T15:23:27.109+0000] {dagbag.py:541} INFO - Filling up the DagBag from /home/airflow/.local/lib/python3.7/site-packages/airflow/example_dags/example_sensors.py
[2023-05-20T15:23:27.127+0000] {processor.py:836} INFO - DAG(s) dict_keys(['example_sensors']) retrieved from /home/airflow/.local/lib/python3.7/site-packages/airflow/example_dags/example_sensors.py
[2023-05-20T15:23:27.167+0000] {logging_mixin.py:149} INFO - [2023-05-20T15:23:27.167+0000] {dag.py:2726} INFO - Sync 1 DAGs
[2023-05-20T15:23:27.203+0000] {logging_mixin.py:149} INFO - [2023-05-20T15:23:27.203+0000] {dag.py:3490} INFO - Setting next_dagrun for example_sensors to None, run_after=None
[2023-05-20T15:23:27.230+0000] {processor.py:179} INFO - Processing /home/airflow/.local/lib/python3.7/site-packages/airflow/example_dags/example_sensors.py took 0.129 seconds
[2023-05-20T15:23:57.688+0000] {processor.py:157} INFO - Started process (PID=531) to work on /home/airflow/.local/lib/python3.7/site-packages/airflow/example_dags/example_sensors.py
[2023-05-20T15:23:57.691+0000] {processor.py:826} INFO - Processing file /home/airflow/.local/lib/python3.7/site-packages/airflow/example_dags/example_sensors.py for tasks to queue
[2023-05-20T15:23:57.694+0000] {logging_mixin.py:149} INFO - [2023-05-20T15:23:57.694+0000] {dagbag.py:541} INFO - Filling up the DagBag from /home/airflow/.local/lib/python3.7/site-packages/airflow/example_dags/example_sensors.py
[2023-05-20T15:23:57.718+0000] {processor.py:836} INFO - DAG(s) dict_keys(['example_sensors']) retrieved from /home/airflow/.local/lib/python3.7/site-packages/airflow/example_dags/example_sensors.py
[2023-05-20T15:23:57.801+0000] {logging_mixin.py:149} INFO - [2023-05-20T15:23:57.801+0000] {dag.py:2726} INFO - Sync 1 DAGs
[2023-05-20T15:23:57.857+0000] {logging_mixin.py:149} INFO - [2023-05-20T15:23:57.856+0000] {dag.py:3490} INFO - Setting next_dagrun for example_sensors to None, run_after=None
[2023-05-20T15:23:57.917+0000] {processor.py:179} INFO - Processing /home/airflow/.local/lib/python3.7/site-packages/airflow/example_dags/example_sensors.py took 0.235 seconds
[2023-05-20T15:24:27.982+0000] {processor.py:157} INFO - Started process (PID=589) to work on /home/airflow/.local/lib/python3.7/site-packages/airflow/example_dags/example_sensors.py
[2023-05-20T15:24:27.984+0000] {processor.py:826} INFO - Processing file /home/airflow/.local/lib/python3.7/site-packages/airflow/example_dags/example_sensors.py for tasks to queue
[2023-05-20T15:24:27.986+0000] {logging_mixin.py:149} INFO - [2023-05-20T15:24:27.986+0000] {dagbag.py:541} INFO - Filling up the DagBag from /home/airflow/.local/lib/python3.7/site-packages/airflow/example_dags/example_sensors.py
[2023-05-20T15:24:28.000+0000] {processor.py:836} INFO - DAG(s) dict_keys(['example_sensors']) retrieved from /home/airflow/.local/lib/python3.7/site-packages/airflow/example_dags/example_sensors.py
[2023-05-20T15:24:28.041+0000] {logging_mixin.py:149} INFO - [2023-05-20T15:24:28.041+0000] {dag.py:2726} INFO - Sync 1 DAGs
[2023-05-20T15:24:28.078+0000] {logging_mixin.py:149} INFO - [2023-05-20T15:24:28.078+0000] {dag.py:3490} INFO - Setting next_dagrun for example_sensors to None, run_after=None
[2023-05-20T15:24:28.100+0000] {processor.py:179} INFO - Processing /home/airflow/.local/lib/python3.7/site-packages/airflow/example_dags/example_sensors.py took 0.123 seconds
[2023-05-20T15:24:58.537+0000] {processor.py:157} INFO - Started process (PID=647) to work on /home/airflow/.local/lib/python3.7/site-packages/airflow/example_dags/example_sensors.py
[2023-05-20T15:24:58.539+0000] {processor.py:826} INFO - Processing file /home/airflow/.local/lib/python3.7/site-packages/airflow/example_dags/example_sensors.py for tasks to queue
[2023-05-20T15:24:58.540+0000] {logging_mixin.py:149} INFO - [2023-05-20T15:24:58.540+0000] {dagbag.py:541} INFO - Filling up the DagBag from /home/airflow/.local/lib/python3.7/site-packages/airflow/example_dags/example_sensors.py
[2023-05-20T15:24:58.553+0000] {processor.py:836} INFO - DAG(s) dict_keys(['example_sensors']) retrieved from /home/airflow/.local/lib/python3.7/site-packages/airflow/example_dags/example_sensors.py
[2023-05-20T15:24:58.589+0000] {logging_mixin.py:149} INFO - [2023-05-20T15:24:58.589+0000] {dag.py:2726} INFO - Sync 1 DAGs
[2023-05-20T15:24:58.622+0000] {logging_mixin.py:149} INFO - [2023-05-20T15:24:58.621+0000] {dag.py:3490} INFO - Setting next_dagrun for example_sensors to None, run_after=None
[2023-05-20T15:24:58.649+0000] {processor.py:179} INFO - Processing /home/airflow/.local/lib/python3.7/site-packages/airflow/example_dags/example_sensors.py took 0.116 seconds
[2023-05-20T15:25:29.330+0000] {processor.py:157} INFO - Started process (PID=705) to work on /home/airflow/.local/lib/python3.7/site-packages/airflow/example_dags/example_sensors.py
[2023-05-20T15:25:29.332+0000] {processor.py:826} INFO - Processing file /home/airflow/.local/lib/python3.7/site-packages/airflow/example_dags/example_sensors.py for tasks to queue
[2023-05-20T15:25:29.334+0000] {logging_mixin.py:149} INFO - [2023-05-20T15:25:29.333+0000] {dagbag.py:541} INFO - Filling up the DagBag from /home/airflow/.local/lib/python3.7/site-packages/airflow/example_dags/example_sensors.py
[2023-05-20T15:25:29.348+0000] {processor.py:836} INFO - DAG(s) dict_keys(['example_sensors']) retrieved from /home/airflow/.local/lib/python3.7/site-packages/airflow/example_dags/example_sensors.py
[2023-05-20T15:25:29.381+0000] {logging_mixin.py:149} INFO - [2023-05-20T15:25:29.381+0000] {dag.py:2726} INFO - Sync 1 DAGs
[2023-05-20T15:25:29.409+0000] {logging_mixin.py:149} INFO - [2023-05-20T15:25:29.409+0000] {dag.py:3490} INFO - Setting next_dagrun for example_sensors to None, run_after=None
[2023-05-20T15:25:29.430+0000] {processor.py:179} INFO - Processing /home/airflow/.local/lib/python3.7/site-packages/airflow/example_dags/example_sensors.py took 0.106 seconds
[2023-05-20T15:26:00.032+0000] {processor.py:157} INFO - Started process (PID=763) to work on /home/airflow/.local/lib/python3.7/site-packages/airflow/example_dags/example_sensors.py
[2023-05-20T15:26:00.035+0000] {processor.py:826} INFO - Processing file /home/airflow/.local/lib/python3.7/site-packages/airflow/example_dags/example_sensors.py for tasks to queue
[2023-05-20T15:26:00.037+0000] {logging_mixin.py:149} INFO - [2023-05-20T15:26:00.036+0000] {dagbag.py:541} INFO - Filling up the DagBag from /home/airflow/.local/lib/python3.7/site-packages/airflow/example_dags/example_sensors.py
[2023-05-20T15:26:00.054+0000] {processor.py:836} INFO - DAG(s) dict_keys(['example_sensors']) retrieved from /home/airflow/.local/lib/python3.7/site-packages/airflow/example_dags/example_sensors.py
[2023-05-20T15:26:00.119+0000] {logging_mixin.py:149} INFO - [2023-05-20T15:26:00.118+0000] {dag.py:2726} INFO - Sync 1 DAGs
[2023-05-20T15:26:00.163+0000] {logging_mixin.py:149} INFO - [2023-05-20T15:26:00.163+0000] {dag.py:3490} INFO - Setting next_dagrun for example_sensors to None, run_after=None
[2023-05-20T15:26:00.190+0000] {processor.py:179} INFO - Processing /home/airflow/.local/lib/python3.7/site-packages/airflow/example_dags/example_sensors.py took 0.165 seconds
[2023-05-20T15:26:30.939+0000] {processor.py:157} INFO - Started process (PID=821) to work on /home/airflow/.local/lib/python3.7/site-packages/airflow/example_dags/example_sensors.py
[2023-05-20T15:26:30.960+0000] {processor.py:826} INFO - Processing file /home/airflow/.local/lib/python3.7/site-packages/airflow/example_dags/example_sensors.py for tasks to queue
[2023-05-20T15:26:30.961+0000] {logging_mixin.py:149} INFO - [2023-05-20T15:26:30.961+0000] {dagbag.py:541} INFO - Filling up the DagBag from /home/airflow/.local/lib/python3.7/site-packages/airflow/example_dags/example_sensors.py
[2023-05-20T15:26:30.975+0000] {processor.py:836} INFO - DAG(s) dict_keys(['example_sensors']) retrieved from /home/airflow/.local/lib/python3.7/site-packages/airflow/example_dags/example_sensors.py
[2023-05-20T15:26:31.015+0000] {logging_mixin.py:149} INFO - [2023-05-20T15:26:31.014+0000] {dag.py:2726} INFO - Sync 1 DAGs
[2023-05-20T15:26:31.050+0000] {logging_mixin.py:149} INFO - [2023-05-20T15:26:31.049+0000] {dag.py:3490} INFO - Setting next_dagrun for example_sensors to None, run_after=None
[2023-05-20T15:26:31.072+0000] {processor.py:179} INFO - Processing /home/airflow/.local/lib/python3.7/site-packages/airflow/example_dags/example_sensors.py took 0.139 seconds
[2023-05-20T15:27:01.452+0000] {processor.py:157} INFO - Started process (PID=879) to work on /home/airflow/.local/lib/python3.7/site-packages/airflow/example_dags/example_sensors.py
[2023-05-20T15:27:01.455+0000] {processor.py:826} INFO - Processing file /home/airflow/.local/lib/python3.7/site-packages/airflow/example_dags/example_sensors.py for tasks to queue
[2023-05-20T15:27:01.456+0000] {logging_mixin.py:149} INFO - [2023-05-20T15:27:01.456+0000] {dagbag.py:541} INFO - Filling up the DagBag from /home/airflow/.local/lib/python3.7/site-packages/airflow/example_dags/example_sensors.py
[2023-05-20T15:27:01.475+0000] {processor.py:836} INFO - DAG(s) dict_keys(['example_sensors']) retrieved from /home/airflow/.local/lib/python3.7/site-packages/airflow/example_dags/example_sensors.py
[2023-05-20T15:27:01.525+0000] {logging_mixin.py:149} INFO - [2023-05-20T15:27:01.525+0000] {dag.py:2726} INFO - Sync 1 DAGs
[2023-05-20T15:27:01.570+0000] {logging_mixin.py:149} INFO - [2023-05-20T15:27:01.569+0000] {dag.py:3490} INFO - Setting next_dagrun for example_sensors to None, run_after=None
[2023-05-20T15:27:01.613+0000] {processor.py:179} INFO - Processing /home/airflow/.local/lib/python3.7/site-packages/airflow/example_dags/example_sensors.py took 0.165 seconds
[2023-05-20T15:27:32.057+0000] {processor.py:157} INFO - Started process (PID=937) to work on /home/airflow/.local/lib/python3.7/site-packages/airflow/example_dags/example_sensors.py
[2023-05-20T15:27:32.059+0000] {processor.py:826} INFO - Processing file /home/airflow/.local/lib/python3.7/site-packages/airflow/example_dags/example_sensors.py for tasks to queue
[2023-05-20T15:27:32.061+0000] {logging_mixin.py:149} INFO - [2023-05-20T15:27:32.061+0000] {dagbag.py:541} INFO - Filling up the DagBag from /home/airflow/.local/lib/python3.7/site-packages/airflow/example_dags/example_sensors.py
[2023-05-20T15:27:32.074+0000] {processor.py:836} INFO - DAG(s) dict_keys(['example_sensors']) retrieved from /home/airflow/.local/lib/python3.7/site-packages/airflow/example_dags/example_sensors.py
[2023-05-20T15:27:32.122+0000] {logging_mixin.py:149} INFO - [2023-05-20T15:27:32.122+0000] {dag.py:2726} INFO - Sync 1 DAGs
[2023-05-20T15:27:32.156+0000] {logging_mixin.py:149} INFO - [2023-05-20T15:27:32.155+0000] {dag.py:3490} INFO - Setting next_dagrun for example_sensors to None, run_after=None
[2023-05-20T15:27:32.184+0000] {processor.py:179} INFO - Processing /home/airflow/.local/lib/python3.7/site-packages/airflow/example_dags/example_sensors.py took 0.131 seconds
[2023-05-20T15:28:03.127+0000] {processor.py:157} INFO - Started process (PID=995) to work on /home/airflow/.local/lib/python3.7/site-packages/airflow/example_dags/example_sensors.py
[2023-05-20T15:28:03.133+0000] {processor.py:826} INFO - Processing file /home/airflow/.local/lib/python3.7/site-packages/airflow/example_dags/example_sensors.py for tasks to queue
[2023-05-20T15:28:03.138+0000] {logging_mixin.py:149} INFO - [2023-05-20T15:28:03.138+0000] {dagbag.py:541} INFO - Filling up the DagBag from /home/airflow/.local/lib/python3.7/site-packages/airflow/example_dags/example_sensors.py
[2023-05-20T15:28:03.166+0000] {processor.py:836} INFO - DAG(s) dict_keys(['example_sensors']) retrieved from /home/airflow/.local/lib/python3.7/site-packages/airflow/example_dags/example_sensors.py
[2023-05-20T15:28:03.242+0000] {logging_mixin.py:149} INFO - [2023-05-20T15:28:03.241+0000] {dag.py:2726} INFO - Sync 1 DAGs
[2023-05-20T15:28:03.297+0000] {logging_mixin.py:149} INFO - [2023-05-20T15:28:03.297+0000] {dag.py:3490} INFO - Setting next_dagrun for example_sensors to None, run_after=None
[2023-05-20T15:28:03.340+0000] {processor.py:179} INFO - Processing /home/airflow/.local/lib/python3.7/site-packages/airflow/example_dags/example_sensors.py took 0.219 seconds
[2023-05-20T15:28:33.717+0000] {processor.py:157} INFO - Started process (PID=1053) to work on /home/airflow/.local/lib/python3.7/site-packages/airflow/example_dags/example_sensors.py
[2023-05-20T15:28:33.719+0000] {processor.py:826} INFO - Processing file /home/airflow/.local/lib/python3.7/site-packages/airflow/example_dags/example_sensors.py for tasks to queue
[2023-05-20T15:28:33.721+0000] {logging_mixin.py:149} INFO - [2023-05-20T15:28:33.720+0000] {dagbag.py:541} INFO - Filling up the DagBag from /home/airflow/.local/lib/python3.7/site-packages/airflow/example_dags/example_sensors.py
[2023-05-20T15:28:33.751+0000] {processor.py:836} INFO - DAG(s) dict_keys(['example_sensors']) retrieved from /home/airflow/.local/lib/python3.7/site-packages/airflow/example_dags/example_sensors.py
[2023-05-20T15:28:33.804+0000] {logging_mixin.py:149} INFO - [2023-05-20T15:28:33.804+0000] {dag.py:2726} INFO - Sync 1 DAGs
[2023-05-20T15:28:33.850+0000] {logging_mixin.py:149} INFO - [2023-05-20T15:28:33.849+0000] {dag.py:3490} INFO - Setting next_dagrun for example_sensors to None, run_after=None
[2023-05-20T15:28:33.884+0000] {processor.py:179} INFO - Processing /home/airflow/.local/lib/python3.7/site-packages/airflow/example_dags/example_sensors.py took 0.173 seconds
[2023-05-20T15:29:03.976+0000] {processor.py:157} INFO - Started process (PID=1111) to work on /home/airflow/.local/lib/python3.7/site-packages/airflow/example_dags/example_sensors.py
[2023-05-20T15:29:03.978+0000] {processor.py:826} INFO - Processing file /home/airflow/.local/lib/python3.7/site-packages/airflow/example_dags/example_sensors.py for tasks to queue
[2023-05-20T15:29:03.979+0000] {logging_mixin.py:149} INFO - [2023-05-20T15:29:03.979+0000] {dagbag.py:541} INFO - Filling up the DagBag from /home/airflow/.local/lib/python3.7/site-packages/airflow/example_dags/example_sensors.py
[2023-05-20T15:29:03.993+0000] {processor.py:836} INFO - DAG(s) dict_keys(['example_sensors']) retrieved from /home/airflow/.local/lib/python3.7/site-packages/airflow/example_dags/example_sensors.py
[2023-05-20T15:29:04.029+0000] {logging_mixin.py:149} INFO - [2023-05-20T15:29:04.028+0000] {dag.py:2726} INFO - Sync 1 DAGs
[2023-05-20T15:29:04.066+0000] {logging_mixin.py:149} INFO - [2023-05-20T15:29:04.066+0000] {dag.py:3490} INFO - Setting next_dagrun for example_sensors to None, run_after=None
[2023-05-20T15:29:04.093+0000] {processor.py:179} INFO - Processing /home/airflow/.local/lib/python3.7/site-packages/airflow/example_dags/example_sensors.py took 0.122 seconds
[2023-05-20T15:29:34.752+0000] {processor.py:157} INFO - Started process (PID=1169) to work on /home/airflow/.local/lib/python3.7/site-packages/airflow/example_dags/example_sensors.py
[2023-05-20T15:29:34.754+0000] {processor.py:826} INFO - Processing file /home/airflow/.local/lib/python3.7/site-packages/airflow/example_dags/example_sensors.py for tasks to queue
[2023-05-20T15:29:34.756+0000] {logging_mixin.py:149} INFO - [2023-05-20T15:29:34.755+0000] {dagbag.py:541} INFO - Filling up the DagBag from /home/airflow/.local/lib/python3.7/site-packages/airflow/example_dags/example_sensors.py
[2023-05-20T15:29:34.769+0000] {processor.py:836} INFO - DAG(s) dict_keys(['example_sensors']) retrieved from /home/airflow/.local/lib/python3.7/site-packages/airflow/example_dags/example_sensors.py
[2023-05-20T15:29:34.810+0000] {logging_mixin.py:149} INFO - [2023-05-20T15:29:34.810+0000] {dag.py:2726} INFO - Sync 1 DAGs
[2023-05-20T15:29:34.854+0000] {logging_mixin.py:149} INFO - [2023-05-20T15:29:34.854+0000] {dag.py:3490} INFO - Setting next_dagrun for example_sensors to None, run_after=None
[2023-05-20T15:29:34.893+0000] {processor.py:179} INFO - Processing /home/airflow/.local/lib/python3.7/site-packages/airflow/example_dags/example_sensors.py took 0.145 seconds
[2023-05-20T15:30:05.043+0000] {processor.py:157} INFO - Started process (PID=1227) to work on /home/airflow/.local/lib/python3.7/site-packages/airflow/example_dags/example_sensors.py
[2023-05-20T15:30:05.045+0000] {processor.py:826} INFO - Processing file /home/airflow/.local/lib/python3.7/site-packages/airflow/example_dags/example_sensors.py for tasks to queue
[2023-05-20T15:30:05.047+0000] {logging_mixin.py:149} INFO - [2023-05-20T15:30:05.047+0000] {dagbag.py:541} INFO - Filling up the DagBag from /home/airflow/.local/lib/python3.7/site-packages/airflow/example_dags/example_sensors.py
[2023-05-20T15:30:05.065+0000] {processor.py:836} INFO - DAG(s) dict_keys(['example_sensors']) retrieved from /home/airflow/.local/lib/python3.7/site-packages/airflow/example_dags/example_sensors.py
[2023-05-20T15:30:05.106+0000] {logging_mixin.py:149} INFO - [2023-05-20T15:30:05.106+0000] {dag.py:2726} INFO - Sync 1 DAGs
[2023-05-20T15:30:05.141+0000] {logging_mixin.py:149} INFO - [2023-05-20T15:30:05.141+0000] {dag.py:3490} INFO - Setting next_dagrun for example_sensors to None, run_after=None
[2023-05-20T15:30:05.186+0000] {processor.py:179} INFO - Processing /home/airflow/.local/lib/python3.7/site-packages/airflow/example_dags/example_sensors.py took 0.149 seconds
[2023-05-20T15:30:35.880+0000] {processor.py:157} INFO - Started process (PID=1285) to work on /home/airflow/.local/lib/python3.7/site-packages/airflow/example_dags/example_sensors.py
[2023-05-20T15:30:35.882+0000] {processor.py:826} INFO - Processing file /home/airflow/.local/lib/python3.7/site-packages/airflow/example_dags/example_sensors.py for tasks to queue
[2023-05-20T15:30:35.883+0000] {logging_mixin.py:149} INFO - [2023-05-20T15:30:35.883+0000] {dagbag.py:541} INFO - Filling up the DagBag from /home/airflow/.local/lib/python3.7/site-packages/airflow/example_dags/example_sensors.py
[2023-05-20T15:30:35.896+0000] {processor.py:836} INFO - DAG(s) dict_keys(['example_sensors']) retrieved from /home/airflow/.local/lib/python3.7/site-packages/airflow/example_dags/example_sensors.py
[2023-05-20T15:30:35.941+0000] {logging_mixin.py:149} INFO - [2023-05-20T15:30:35.940+0000] {dag.py:2726} INFO - Sync 1 DAGs
[2023-05-20T15:30:35.983+0000] {logging_mixin.py:149} INFO - [2023-05-20T15:30:35.983+0000] {dag.py:3490} INFO - Setting next_dagrun for example_sensors to None, run_after=None
[2023-05-20T15:30:36.025+0000] {processor.py:179} INFO - Processing /home/airflow/.local/lib/python3.7/site-packages/airflow/example_dags/example_sensors.py took 0.149 seconds
[2023-05-20T15:31:06.403+0000] {processor.py:157} INFO - Started process (PID=1343) to work on /home/airflow/.local/lib/python3.7/site-packages/airflow/example_dags/example_sensors.py
[2023-05-20T15:31:06.405+0000] {processor.py:826} INFO - Processing file /home/airflow/.local/lib/python3.7/site-packages/airflow/example_dags/example_sensors.py for tasks to queue
[2023-05-20T15:31:06.406+0000] {logging_mixin.py:149} INFO - [2023-05-20T15:31:06.406+0000] {dagbag.py:541} INFO - Filling up the DagBag from /home/airflow/.local/lib/python3.7/site-packages/airflow/example_dags/example_sensors.py
[2023-05-20T15:31:06.423+0000] {processor.py:836} INFO - DAG(s) dict_keys(['example_sensors']) retrieved from /home/airflow/.local/lib/python3.7/site-packages/airflow/example_dags/example_sensors.py
[2023-05-20T15:31:06.466+0000] {logging_mixin.py:149} INFO - [2023-05-20T15:31:06.466+0000] {dag.py:2726} INFO - Sync 1 DAGs
[2023-05-20T15:31:06.504+0000] {logging_mixin.py:149} INFO - [2023-05-20T15:31:06.504+0000] {dag.py:3490} INFO - Setting next_dagrun for example_sensors to None, run_after=None
[2023-05-20T15:31:06.549+0000] {processor.py:179} INFO - Processing /home/airflow/.local/lib/python3.7/site-packages/airflow/example_dags/example_sensors.py took 0.151 seconds
[2023-05-20T15:31:36.865+0000] {processor.py:157} INFO - Started process (PID=1401) to work on /home/airflow/.local/lib/python3.7/site-packages/airflow/example_dags/example_sensors.py
[2023-05-20T15:31:36.870+0000] {processor.py:826} INFO - Processing file /home/airflow/.local/lib/python3.7/site-packages/airflow/example_dags/example_sensors.py for tasks to queue
[2023-05-20T15:31:36.874+0000] {logging_mixin.py:149} INFO - [2023-05-20T15:31:36.874+0000] {dagbag.py:541} INFO - Filling up the DagBag from /home/airflow/.local/lib/python3.7/site-packages/airflow/example_dags/example_sensors.py
[2023-05-20T15:31:36.897+0000] {processor.py:836} INFO - DAG(s) dict_keys(['example_sensors']) retrieved from /home/airflow/.local/lib/python3.7/site-packages/airflow/example_dags/example_sensors.py
[2023-05-20T15:31:36.975+0000] {logging_mixin.py:149} INFO - [2023-05-20T15:31:36.974+0000] {dag.py:2726} INFO - Sync 1 DAGs
[2023-05-20T15:31:37.036+0000] {logging_mixin.py:149} INFO - [2023-05-20T15:31:37.036+0000] {dag.py:3490} INFO - Setting next_dagrun for example_sensors to None, run_after=None
[2023-05-20T15:31:37.075+0000] {processor.py:179} INFO - Processing /home/airflow/.local/lib/python3.7/site-packages/airflow/example_dags/example_sensors.py took 0.220 seconds
[2023-05-20T15:32:07.759+0000] {processor.py:157} INFO - Started process (PID=1466) to work on /home/airflow/.local/lib/python3.7/site-packages/airflow/example_dags/example_sensors.py
[2023-05-20T15:32:07.761+0000] {processor.py:826} INFO - Processing file /home/airflow/.local/lib/python3.7/site-packages/airflow/example_dags/example_sensors.py for tasks to queue
[2023-05-20T15:32:07.763+0000] {logging_mixin.py:149} INFO - [2023-05-20T15:32:07.763+0000] {dagbag.py:541} INFO - Filling up the DagBag from /home/airflow/.local/lib/python3.7/site-packages/airflow/example_dags/example_sensors.py
[2023-05-20T15:32:07.781+0000] {processor.py:836} INFO - DAG(s) dict_keys(['example_sensors']) retrieved from /home/airflow/.local/lib/python3.7/site-packages/airflow/example_dags/example_sensors.py
[2023-05-20T15:32:07.840+0000] {logging_mixin.py:149} INFO - [2023-05-20T15:32:07.839+0000] {dag.py:2726} INFO - Sync 1 DAGs
[2023-05-20T15:32:07.900+0000] {logging_mixin.py:149} INFO - [2023-05-20T15:32:07.900+0000] {dag.py:3490} INFO - Setting next_dagrun for example_sensors to None, run_after=None
[2023-05-20T15:32:07.943+0000] {processor.py:179} INFO - Processing /home/airflow/.local/lib/python3.7/site-packages/airflow/example_dags/example_sensors.py took 0.190 seconds
[2023-05-20T15:32:38.440+0000] {processor.py:157} INFO - Started process (PID=1524) to work on /home/airflow/.local/lib/python3.7/site-packages/airflow/example_dags/example_sensors.py
[2023-05-20T15:32:38.445+0000] {processor.py:826} INFO - Processing file /home/airflow/.local/lib/python3.7/site-packages/airflow/example_dags/example_sensors.py for tasks to queue
[2023-05-20T15:32:38.448+0000] {logging_mixin.py:149} INFO - [2023-05-20T15:32:38.448+0000] {dagbag.py:541} INFO - Filling up the DagBag from /home/airflow/.local/lib/python3.7/site-packages/airflow/example_dags/example_sensors.py
[2023-05-20T15:32:38.470+0000] {processor.py:836} INFO - DAG(s) dict_keys(['example_sensors']) retrieved from /home/airflow/.local/lib/python3.7/site-packages/airflow/example_dags/example_sensors.py
[2023-05-20T15:32:38.532+0000] {logging_mixin.py:149} INFO - [2023-05-20T15:32:38.532+0000] {dag.py:2726} INFO - Sync 1 DAGs
[2023-05-20T15:32:38.577+0000] {logging_mixin.py:149} INFO - [2023-05-20T15:32:38.577+0000] {dag.py:3490} INFO - Setting next_dagrun for example_sensors to None, run_after=None
[2023-05-20T15:32:38.613+0000] {processor.py:179} INFO - Processing /home/airflow/.local/lib/python3.7/site-packages/airflow/example_dags/example_sensors.py took 0.179 seconds
[2023-05-20T15:33:08.753+0000] {processor.py:157} INFO - Started process (PID=1582) to work on /home/airflow/.local/lib/python3.7/site-packages/airflow/example_dags/example_sensors.py
[2023-05-20T15:33:08.754+0000] {processor.py:826} INFO - Processing file /home/airflow/.local/lib/python3.7/site-packages/airflow/example_dags/example_sensors.py for tasks to queue
[2023-05-20T15:33:08.756+0000] {logging_mixin.py:149} INFO - [2023-05-20T15:33:08.756+0000] {dagbag.py:541} INFO - Filling up the DagBag from /home/airflow/.local/lib/python3.7/site-packages/airflow/example_dags/example_sensors.py
[2023-05-20T15:33:08.769+0000] {processor.py:836} INFO - DAG(s) dict_keys(['example_sensors']) retrieved from /home/airflow/.local/lib/python3.7/site-packages/airflow/example_dags/example_sensors.py
[2023-05-20T15:33:08.806+0000] {logging_mixin.py:149} INFO - [2023-05-20T15:33:08.806+0000] {dag.py:2726} INFO - Sync 1 DAGs
[2023-05-20T15:33:08.838+0000] {logging_mixin.py:149} INFO - [2023-05-20T15:33:08.838+0000] {dag.py:3490} INFO - Setting next_dagrun for example_sensors to None, run_after=None
[2023-05-20T15:33:08.860+0000] {processor.py:179} INFO - Processing /home/airflow/.local/lib/python3.7/site-packages/airflow/example_dags/example_sensors.py took 0.111 seconds
[2023-05-20T15:33:38.990+0000] {processor.py:157} INFO - Started process (PID=1641) to work on /home/airflow/.local/lib/python3.7/site-packages/airflow/example_dags/example_sensors.py
[2023-05-20T15:33:38.992+0000] {processor.py:826} INFO - Processing file /home/airflow/.local/lib/python3.7/site-packages/airflow/example_dags/example_sensors.py for tasks to queue
[2023-05-20T15:33:38.994+0000] {logging_mixin.py:149} INFO - [2023-05-20T15:33:38.994+0000] {dagbag.py:541} INFO - Filling up the DagBag from /home/airflow/.local/lib/python3.7/site-packages/airflow/example_dags/example_sensors.py
[2023-05-20T15:33:39.008+0000] {processor.py:836} INFO - DAG(s) dict_keys(['example_sensors']) retrieved from /home/airflow/.local/lib/python3.7/site-packages/airflow/example_dags/example_sensors.py
[2023-05-20T15:33:39.042+0000] {logging_mixin.py:149} INFO - [2023-05-20T15:33:39.042+0000] {dag.py:2726} INFO - Sync 1 DAGs
[2023-05-20T15:33:39.073+0000] {logging_mixin.py:149} INFO - [2023-05-20T15:33:39.073+0000] {dag.py:3490} INFO - Setting next_dagrun for example_sensors to None, run_after=None
[2023-05-20T15:33:39.097+0000] {processor.py:179} INFO - Processing /home/airflow/.local/lib/python3.7/site-packages/airflow/example_dags/example_sensors.py took 0.112 seconds
[2023-05-20T15:34:09.477+0000] {processor.py:157} INFO - Started process (PID=1698) to work on /home/airflow/.local/lib/python3.7/site-packages/airflow/example_dags/example_sensors.py
[2023-05-20T15:34:09.478+0000] {processor.py:826} INFO - Processing file /home/airflow/.local/lib/python3.7/site-packages/airflow/example_dags/example_sensors.py for tasks to queue
[2023-05-20T15:34:09.480+0000] {logging_mixin.py:149} INFO - [2023-05-20T15:34:09.479+0000] {dagbag.py:541} INFO - Filling up the DagBag from /home/airflow/.local/lib/python3.7/site-packages/airflow/example_dags/example_sensors.py
[2023-05-20T15:34:09.493+0000] {processor.py:836} INFO - DAG(s) dict_keys(['example_sensors']) retrieved from /home/airflow/.local/lib/python3.7/site-packages/airflow/example_dags/example_sensors.py
[2023-05-20T15:34:09.529+0000] {logging_mixin.py:149} INFO - [2023-05-20T15:34:09.529+0000] {dag.py:2726} INFO - Sync 1 DAGs
[2023-05-20T15:34:09.563+0000] {logging_mixin.py:149} INFO - [2023-05-20T15:34:09.563+0000] {dag.py:3490} INFO - Setting next_dagrun for example_sensors to None, run_after=None
[2023-05-20T15:34:09.587+0000] {processor.py:179} INFO - Processing /home/airflow/.local/lib/python3.7/site-packages/airflow/example_dags/example_sensors.py took 0.114 seconds
[2023-05-20T15:34:39.879+0000] {processor.py:157} INFO - Started process (PID=1756) to work on /home/airflow/.local/lib/python3.7/site-packages/airflow/example_dags/example_sensors.py
[2023-05-20T15:34:39.881+0000] {processor.py:826} INFO - Processing file /home/airflow/.local/lib/python3.7/site-packages/airflow/example_dags/example_sensors.py for tasks to queue
[2023-05-20T15:34:39.883+0000] {logging_mixin.py:149} INFO - [2023-05-20T15:34:39.882+0000] {dagbag.py:541} INFO - Filling up the DagBag from /home/airflow/.local/lib/python3.7/site-packages/airflow/example_dags/example_sensors.py
[2023-05-20T15:34:39.900+0000] {processor.py:836} INFO - DAG(s) dict_keys(['example_sensors']) retrieved from /home/airflow/.local/lib/python3.7/site-packages/airflow/example_dags/example_sensors.py
[2023-05-20T15:34:39.946+0000] {logging_mixin.py:149} INFO - [2023-05-20T15:34:39.946+0000] {dag.py:2726} INFO - Sync 1 DAGs
[2023-05-20T15:34:39.991+0000] {logging_mixin.py:149} INFO - [2023-05-20T15:34:39.991+0000] {dag.py:3490} INFO - Setting next_dagrun for example_sensors to None, run_after=None
[2023-05-20T15:34:40.027+0000] {processor.py:179} INFO - Processing /home/airflow/.local/lib/python3.7/site-packages/airflow/example_dags/example_sensors.py took 0.154 seconds
[2023-05-20T15:35:10.290+0000] {processor.py:157} INFO - Started process (PID=1814) to work on /home/airflow/.local/lib/python3.7/site-packages/airflow/example_dags/example_sensors.py
[2023-05-20T15:35:10.291+0000] {processor.py:826} INFO - Processing file /home/airflow/.local/lib/python3.7/site-packages/airflow/example_dags/example_sensors.py for tasks to queue
[2023-05-20T15:35:10.293+0000] {logging_mixin.py:149} INFO - [2023-05-20T15:35:10.293+0000] {dagbag.py:541} INFO - Filling up the DagBag from /home/airflow/.local/lib/python3.7/site-packages/airflow/example_dags/example_sensors.py
[2023-05-20T15:35:10.308+0000] {processor.py:836} INFO - DAG(s) dict_keys(['example_sensors']) retrieved from /home/airflow/.local/lib/python3.7/site-packages/airflow/example_dags/example_sensors.py
[2023-05-20T15:35:10.352+0000] {logging_mixin.py:149} INFO - [2023-05-20T15:35:10.351+0000] {dag.py:2726} INFO - Sync 1 DAGs
[2023-05-20T15:35:10.389+0000] {logging_mixin.py:149} INFO - [2023-05-20T15:35:10.389+0000] {dag.py:3490} INFO - Setting next_dagrun for example_sensors to None, run_after=None
[2023-05-20T15:35:10.413+0000] {processor.py:179} INFO - Processing /home/airflow/.local/lib/python3.7/site-packages/airflow/example_dags/example_sensors.py took 0.127 seconds
[2023-05-20T15:35:41.015+0000] {processor.py:157} INFO - Started process (PID=1872) to work on /home/airflow/.local/lib/python3.7/site-packages/airflow/example_dags/example_sensors.py
[2023-05-20T15:35:41.018+0000] {processor.py:826} INFO - Processing file /home/airflow/.local/lib/python3.7/site-packages/airflow/example_dags/example_sensors.py for tasks to queue
[2023-05-20T15:35:41.019+0000] {logging_mixin.py:149} INFO - [2023-05-20T15:35:41.019+0000] {dagbag.py:541} INFO - Filling up the DagBag from /home/airflow/.local/lib/python3.7/site-packages/airflow/example_dags/example_sensors.py
[2023-05-20T15:35:41.076+0000] {processor.py:836} INFO - DAG(s) dict_keys(['example_sensors']) retrieved from /home/airflow/.local/lib/python3.7/site-packages/airflow/example_dags/example_sensors.py
[2023-05-20T15:35:41.122+0000] {logging_mixin.py:149} INFO - [2023-05-20T15:35:41.122+0000] {dag.py:2726} INFO - Sync 1 DAGs
[2023-05-20T15:35:41.156+0000] {logging_mixin.py:149} INFO - [2023-05-20T15:35:41.155+0000] {dag.py:3490} INFO - Setting next_dagrun for example_sensors to None, run_after=None
[2023-05-20T15:35:41.224+0000] {processor.py:179} INFO - Processing /home/airflow/.local/lib/python3.7/site-packages/airflow/example_dags/example_sensors.py took 0.213 seconds
[2023-05-20T15:36:11.451+0000] {processor.py:157} INFO - Started process (PID=1930) to work on /home/airflow/.local/lib/python3.7/site-packages/airflow/example_dags/example_sensors.py
[2023-05-20T15:36:11.453+0000] {processor.py:826} INFO - Processing file /home/airflow/.local/lib/python3.7/site-packages/airflow/example_dags/example_sensors.py for tasks to queue
[2023-05-20T15:36:11.456+0000] {logging_mixin.py:149} INFO - [2023-05-20T15:36:11.456+0000] {dagbag.py:541} INFO - Filling up the DagBag from /home/airflow/.local/lib/python3.7/site-packages/airflow/example_dags/example_sensors.py
[2023-05-20T15:36:11.472+0000] {processor.py:836} INFO - DAG(s) dict_keys(['example_sensors']) retrieved from /home/airflow/.local/lib/python3.7/site-packages/airflow/example_dags/example_sensors.py
[2023-05-20T15:36:11.519+0000] {logging_mixin.py:149} INFO - [2023-05-20T15:36:11.519+0000] {dag.py:2726} INFO - Sync 1 DAGs
[2023-05-20T15:36:11.549+0000] {logging_mixin.py:149} INFO - [2023-05-20T15:36:11.549+0000] {dag.py:3490} INFO - Setting next_dagrun for example_sensors to None, run_after=None
[2023-05-20T15:36:11.572+0000] {processor.py:179} INFO - Processing /home/airflow/.local/lib/python3.7/site-packages/airflow/example_dags/example_sensors.py took 0.126 seconds
[2023-05-20T15:36:41.792+0000] {processor.py:157} INFO - Started process (PID=1989) to work on /home/airflow/.local/lib/python3.7/site-packages/airflow/example_dags/example_sensors.py
[2023-05-20T15:36:41.805+0000] {processor.py:826} INFO - Processing file /home/airflow/.local/lib/python3.7/site-packages/airflow/example_dags/example_sensors.py for tasks to queue
[2023-05-20T15:36:41.806+0000] {logging_mixin.py:149} INFO - [2023-05-20T15:36:41.806+0000] {dagbag.py:541} INFO - Filling up the DagBag from /home/airflow/.local/lib/python3.7/site-packages/airflow/example_dags/example_sensors.py
[2023-05-20T15:36:41.818+0000] {processor.py:836} INFO - DAG(s) dict_keys(['example_sensors']) retrieved from /home/airflow/.local/lib/python3.7/site-packages/airflow/example_dags/example_sensors.py
[2023-05-20T15:36:41.862+0000] {logging_mixin.py:149} INFO - [2023-05-20T15:36:41.862+0000] {dag.py:2726} INFO - Sync 1 DAGs
[2023-05-20T15:36:41.918+0000] {logging_mixin.py:149} INFO - [2023-05-20T15:36:41.917+0000] {dag.py:3490} INFO - Setting next_dagrun for example_sensors to None, run_after=None
[2023-05-20T15:36:41.941+0000] {processor.py:179} INFO - Processing /home/airflow/.local/lib/python3.7/site-packages/airflow/example_dags/example_sensors.py took 0.153 seconds
[2023-05-20T15:37:12.100+0000] {processor.py:157} INFO - Started process (PID=2047) to work on /home/airflow/.local/lib/python3.7/site-packages/airflow/example_dags/example_sensors.py
[2023-05-20T15:37:12.101+0000] {processor.py:826} INFO - Processing file /home/airflow/.local/lib/python3.7/site-packages/airflow/example_dags/example_sensors.py for tasks to queue
[2023-05-20T15:37:12.103+0000] {logging_mixin.py:149} INFO - [2023-05-20T15:37:12.103+0000] {dagbag.py:541} INFO - Filling up the DagBag from /home/airflow/.local/lib/python3.7/site-packages/airflow/example_dags/example_sensors.py
[2023-05-20T15:37:12.116+0000] {processor.py:836} INFO - DAG(s) dict_keys(['example_sensors']) retrieved from /home/airflow/.local/lib/python3.7/site-packages/airflow/example_dags/example_sensors.py
[2023-05-20T15:37:12.151+0000] {logging_mixin.py:149} INFO - [2023-05-20T15:37:12.151+0000] {dag.py:2726} INFO - Sync 1 DAGs
[2023-05-20T15:37:12.183+0000] {logging_mixin.py:149} INFO - [2023-05-20T15:37:12.183+0000] {dag.py:3490} INFO - Setting next_dagrun for example_sensors to None, run_after=None
[2023-05-20T15:37:12.209+0000] {processor.py:179} INFO - Processing /home/airflow/.local/lib/python3.7/site-packages/airflow/example_dags/example_sensors.py took 0.113 seconds
[2023-05-20T15:37:42.632+0000] {processor.py:157} INFO - Started process (PID=2105) to work on /home/airflow/.local/lib/python3.7/site-packages/airflow/example_dags/example_sensors.py
[2023-05-20T15:37:42.635+0000] {processor.py:826} INFO - Processing file /home/airflow/.local/lib/python3.7/site-packages/airflow/example_dags/example_sensors.py for tasks to queue
[2023-05-20T15:37:42.636+0000] {logging_mixin.py:149} INFO - [2023-05-20T15:37:42.636+0000] {dagbag.py:541} INFO - Filling up the DagBag from /home/airflow/.local/lib/python3.7/site-packages/airflow/example_dags/example_sensors.py
[2023-05-20T15:37:42.652+0000] {processor.py:836} INFO - DAG(s) dict_keys(['example_sensors']) retrieved from /home/airflow/.local/lib/python3.7/site-packages/airflow/example_dags/example_sensors.py
[2023-05-20T15:37:42.693+0000] {logging_mixin.py:149} INFO - [2023-05-20T15:37:42.693+0000] {dag.py:2726} INFO - Sync 1 DAGs
[2023-05-20T15:37:42.730+0000] {logging_mixin.py:149} INFO - [2023-05-20T15:37:42.730+0000] {dag.py:3490} INFO - Setting next_dagrun for example_sensors to None, run_after=None
[2023-05-20T15:37:42.765+0000] {processor.py:179} INFO - Processing /home/airflow/.local/lib/python3.7/site-packages/airflow/example_dags/example_sensors.py took 0.139 seconds
[2023-05-20T15:38:13.170+0000] {processor.py:157} INFO - Started process (PID=2163) to work on /home/airflow/.local/lib/python3.7/site-packages/airflow/example_dags/example_sensors.py
[2023-05-20T15:38:13.191+0000] {processor.py:826} INFO - Processing file /home/airflow/.local/lib/python3.7/site-packages/airflow/example_dags/example_sensors.py for tasks to queue
[2023-05-20T15:38:13.193+0000] {logging_mixin.py:149} INFO - [2023-05-20T15:38:13.193+0000] {dagbag.py:541} INFO - Filling up the DagBag from /home/airflow/.local/lib/python3.7/site-packages/airflow/example_dags/example_sensors.py
[2023-05-20T15:38:13.218+0000] {processor.py:836} INFO - DAG(s) dict_keys(['example_sensors']) retrieved from /home/airflow/.local/lib/python3.7/site-packages/airflow/example_dags/example_sensors.py
[2023-05-20T15:38:13.275+0000] {logging_mixin.py:149} INFO - [2023-05-20T15:38:13.275+0000] {dag.py:2726} INFO - Sync 1 DAGs
[2023-05-20T15:38:13.317+0000] {logging_mixin.py:149} INFO - [2023-05-20T15:38:13.317+0000] {dag.py:3490} INFO - Setting next_dagrun for example_sensors to None, run_after=None
[2023-05-20T15:38:13.341+0000] {processor.py:179} INFO - Processing /home/airflow/.local/lib/python3.7/site-packages/airflow/example_dags/example_sensors.py took 0.176 seconds
[2023-05-20T15:38:43.550+0000] {processor.py:157} INFO - Started process (PID=2221) to work on /home/airflow/.local/lib/python3.7/site-packages/airflow/example_dags/example_sensors.py
[2023-05-20T15:38:43.553+0000] {processor.py:826} INFO - Processing file /home/airflow/.local/lib/python3.7/site-packages/airflow/example_dags/example_sensors.py for tasks to queue
[2023-05-20T15:38:43.556+0000] {logging_mixin.py:149} INFO - [2023-05-20T15:38:43.556+0000] {dagbag.py:541} INFO - Filling up the DagBag from /home/airflow/.local/lib/python3.7/site-packages/airflow/example_dags/example_sensors.py
[2023-05-20T15:38:43.578+0000] {processor.py:836} INFO - DAG(s) dict_keys(['example_sensors']) retrieved from /home/airflow/.local/lib/python3.7/site-packages/airflow/example_dags/example_sensors.py
[2023-05-20T15:38:43.648+0000] {logging_mixin.py:149} INFO - [2023-05-20T15:38:43.647+0000] {dag.py:2726} INFO - Sync 1 DAGs
[2023-05-20T15:38:43.705+0000] {logging_mixin.py:149} INFO - [2023-05-20T15:38:43.704+0000] {dag.py:3490} INFO - Setting next_dagrun for example_sensors to None, run_after=None
[2023-05-20T15:38:43.747+0000] {processor.py:179} INFO - Processing /home/airflow/.local/lib/python3.7/site-packages/airflow/example_dags/example_sensors.py took 0.205 seconds
[2023-05-20T15:39:13.848+0000] {processor.py:157} INFO - Started process (PID=2279) to work on /home/airflow/.local/lib/python3.7/site-packages/airflow/example_dags/example_sensors.py
[2023-05-20T15:39:13.850+0000] {processor.py:826} INFO - Processing file /home/airflow/.local/lib/python3.7/site-packages/airflow/example_dags/example_sensors.py for tasks to queue
[2023-05-20T15:39:13.852+0000] {logging_mixin.py:149} INFO - [2023-05-20T15:39:13.852+0000] {dagbag.py:541} INFO - Filling up the DagBag from /home/airflow/.local/lib/python3.7/site-packages/airflow/example_dags/example_sensors.py
[2023-05-20T15:39:13.871+0000] {processor.py:836} INFO - DAG(s) dict_keys(['example_sensors']) retrieved from /home/airflow/.local/lib/python3.7/site-packages/airflow/example_dags/example_sensors.py
[2023-05-20T15:39:13.915+0000] {logging_mixin.py:149} INFO - [2023-05-20T15:39:13.914+0000] {dag.py:2726} INFO - Sync 1 DAGs
[2023-05-20T15:39:13.954+0000] {logging_mixin.py:149} INFO - [2023-05-20T15:39:13.954+0000] {dag.py:3490} INFO - Setting next_dagrun for example_sensors to None, run_after=None
[2023-05-20T15:39:13.991+0000] {processor.py:179} INFO - Processing /home/airflow/.local/lib/python3.7/site-packages/airflow/example_dags/example_sensors.py took 0.148 seconds
[2023-05-20T15:39:44.344+0000] {processor.py:157} INFO - Started process (PID=2337) to work on /home/airflow/.local/lib/python3.7/site-packages/airflow/example_dags/example_sensors.py
[2023-05-20T15:39:44.346+0000] {processor.py:826} INFO - Processing file /home/airflow/.local/lib/python3.7/site-packages/airflow/example_dags/example_sensors.py for tasks to queue
[2023-05-20T15:39:44.348+0000] {logging_mixin.py:149} INFO - [2023-05-20T15:39:44.348+0000] {dagbag.py:541} INFO - Filling up the DagBag from /home/airflow/.local/lib/python3.7/site-packages/airflow/example_dags/example_sensors.py
[2023-05-20T15:39:44.363+0000] {processor.py:836} INFO - DAG(s) dict_keys(['example_sensors']) retrieved from /home/airflow/.local/lib/python3.7/site-packages/airflow/example_dags/example_sensors.py
[2023-05-20T15:39:44.404+0000] {logging_mixin.py:149} INFO - [2023-05-20T15:39:44.403+0000] {dag.py:2726} INFO - Sync 1 DAGs
[2023-05-20T15:39:44.441+0000] {logging_mixin.py:149} INFO - [2023-05-20T15:39:44.441+0000] {dag.py:3490} INFO - Setting next_dagrun for example_sensors to None, run_after=None
[2023-05-20T15:39:44.480+0000] {processor.py:179} INFO - Processing /home/airflow/.local/lib/python3.7/site-packages/airflow/example_dags/example_sensors.py took 0.140 seconds
[2023-05-20T15:40:15.251+0000] {processor.py:157} INFO - Started process (PID=2395) to work on /home/airflow/.local/lib/python3.7/site-packages/airflow/example_dags/example_sensors.py
[2023-05-20T15:40:15.253+0000] {processor.py:826} INFO - Processing file /home/airflow/.local/lib/python3.7/site-packages/airflow/example_dags/example_sensors.py for tasks to queue
[2023-05-20T15:40:15.255+0000] {logging_mixin.py:149} INFO - [2023-05-20T15:40:15.254+0000] {dagbag.py:541} INFO - Filling up the DagBag from /home/airflow/.local/lib/python3.7/site-packages/airflow/example_dags/example_sensors.py
[2023-05-20T15:40:15.269+0000] {processor.py:836} INFO - DAG(s) dict_keys(['example_sensors']) retrieved from /home/airflow/.local/lib/python3.7/site-packages/airflow/example_dags/example_sensors.py
[2023-05-20T15:40:15.312+0000] {logging_mixin.py:149} INFO - [2023-05-20T15:40:15.312+0000] {dag.py:2726} INFO - Sync 1 DAGs
[2023-05-20T15:40:15.349+0000] {logging_mixin.py:149} INFO - [2023-05-20T15:40:15.349+0000] {dag.py:3490} INFO - Setting next_dagrun for example_sensors to None, run_after=None
[2023-05-20T15:40:15.381+0000] {processor.py:179} INFO - Processing /home/airflow/.local/lib/python3.7/site-packages/airflow/example_dags/example_sensors.py took 0.134 seconds
[2023-05-20T15:40:45.868+0000] {processor.py:157} INFO - Started process (PID=2453) to work on /home/airflow/.local/lib/python3.7/site-packages/airflow/example_dags/example_sensors.py
[2023-05-20T15:40:45.870+0000] {processor.py:826} INFO - Processing file /home/airflow/.local/lib/python3.7/site-packages/airflow/example_dags/example_sensors.py for tasks to queue
[2023-05-20T15:40:45.871+0000] {logging_mixin.py:149} INFO - [2023-05-20T15:40:45.871+0000] {dagbag.py:541} INFO - Filling up the DagBag from /home/airflow/.local/lib/python3.7/site-packages/airflow/example_dags/example_sensors.py
[2023-05-20T15:40:45.883+0000] {processor.py:836} INFO - DAG(s) dict_keys(['example_sensors']) retrieved from /home/airflow/.local/lib/python3.7/site-packages/airflow/example_dags/example_sensors.py
[2023-05-20T15:40:45.917+0000] {logging_mixin.py:149} INFO - [2023-05-20T15:40:45.917+0000] {dag.py:2726} INFO - Sync 1 DAGs
[2023-05-20T15:40:45.949+0000] {logging_mixin.py:149} INFO - [2023-05-20T15:40:45.949+0000] {dag.py:3490} INFO - Setting next_dagrun for example_sensors to None, run_after=None
[2023-05-20T15:40:45.978+0000] {processor.py:179} INFO - Processing /home/airflow/.local/lib/python3.7/site-packages/airflow/example_dags/example_sensors.py took 0.114 seconds
[2023-05-20T15:41:16.888+0000] {processor.py:157} INFO - Started process (PID=2511) to work on /home/airflow/.local/lib/python3.7/site-packages/airflow/example_dags/example_sensors.py
[2023-05-20T15:41:16.890+0000] {processor.py:826} INFO - Processing file /home/airflow/.local/lib/python3.7/site-packages/airflow/example_dags/example_sensors.py for tasks to queue
[2023-05-20T15:41:16.891+0000] {logging_mixin.py:149} INFO - [2023-05-20T15:41:16.891+0000] {dagbag.py:541} INFO - Filling up the DagBag from /home/airflow/.local/lib/python3.7/site-packages/airflow/example_dags/example_sensors.py
[2023-05-20T15:41:16.904+0000] {processor.py:836} INFO - DAG(s) dict_keys(['example_sensors']) retrieved from /home/airflow/.local/lib/python3.7/site-packages/airflow/example_dags/example_sensors.py
[2023-05-20T15:41:16.941+0000] {logging_mixin.py:149} INFO - [2023-05-20T15:41:16.940+0000] {dag.py:2726} INFO - Sync 1 DAGs
[2023-05-20T15:41:16.972+0000] {logging_mixin.py:149} INFO - [2023-05-20T15:41:16.972+0000] {dag.py:3490} INFO - Setting next_dagrun for example_sensors to None, run_after=None
[2023-05-20T15:41:16.993+0000] {processor.py:179} INFO - Processing /home/airflow/.local/lib/python3.7/site-packages/airflow/example_dags/example_sensors.py took 0.110 seconds
[2023-05-20T15:41:47.409+0000] {processor.py:157} INFO - Started process (PID=2569) to work on /home/airflow/.local/lib/python3.7/site-packages/airflow/example_dags/example_sensors.py
[2023-05-20T15:41:47.410+0000] {processor.py:826} INFO - Processing file /home/airflow/.local/lib/python3.7/site-packages/airflow/example_dags/example_sensors.py for tasks to queue
[2023-05-20T15:41:47.411+0000] {logging_mixin.py:149} INFO - [2023-05-20T15:41:47.411+0000] {dagbag.py:541} INFO - Filling up the DagBag from /home/airflow/.local/lib/python3.7/site-packages/airflow/example_dags/example_sensors.py
[2023-05-20T15:41:47.425+0000] {processor.py:836} INFO - DAG(s) dict_keys(['example_sensors']) retrieved from /home/airflow/.local/lib/python3.7/site-packages/airflow/example_dags/example_sensors.py
[2023-05-20T15:41:47.460+0000] {logging_mixin.py:149} INFO - [2023-05-20T15:41:47.460+0000] {dag.py:2726} INFO - Sync 1 DAGs
[2023-05-20T15:41:47.493+0000] {logging_mixin.py:149} INFO - [2023-05-20T15:41:47.492+0000] {dag.py:3490} INFO - Setting next_dagrun for example_sensors to None, run_after=None
[2023-05-20T15:41:47.515+0000] {processor.py:179} INFO - Processing /home/airflow/.local/lib/python3.7/site-packages/airflow/example_dags/example_sensors.py took 0.111 seconds
[2023-05-20T15:42:17.737+0000] {processor.py:157} INFO - Started process (PID=2627) to work on /home/airflow/.local/lib/python3.7/site-packages/airflow/example_dags/example_sensors.py
[2023-05-20T15:42:17.739+0000] {processor.py:826} INFO - Processing file /home/airflow/.local/lib/python3.7/site-packages/airflow/example_dags/example_sensors.py for tasks to queue
[2023-05-20T15:42:17.741+0000] {logging_mixin.py:149} INFO - [2023-05-20T15:42:17.741+0000] {dagbag.py:541} INFO - Filling up the DagBag from /home/airflow/.local/lib/python3.7/site-packages/airflow/example_dags/example_sensors.py
[2023-05-20T15:42:17.756+0000] {processor.py:836} INFO - DAG(s) dict_keys(['example_sensors']) retrieved from /home/airflow/.local/lib/python3.7/site-packages/airflow/example_dags/example_sensors.py
[2023-05-20T15:42:17.795+0000] {logging_mixin.py:149} INFO - [2023-05-20T15:42:17.795+0000] {dag.py:2726} INFO - Sync 1 DAGs
[2023-05-20T15:42:17.834+0000] {logging_mixin.py:149} INFO - [2023-05-20T15:42:17.833+0000] {dag.py:3490} INFO - Setting next_dagrun for example_sensors to None, run_after=None
[2023-05-20T15:42:17.858+0000] {processor.py:179} INFO - Processing /home/airflow/.local/lib/python3.7/site-packages/airflow/example_dags/example_sensors.py took 0.126 seconds
[2023-05-20T15:42:48.212+0000] {processor.py:157} INFO - Started process (PID=2685) to work on /home/airflow/.local/lib/python3.7/site-packages/airflow/example_dags/example_sensors.py
[2023-05-20T15:42:48.214+0000] {processor.py:826} INFO - Processing file /home/airflow/.local/lib/python3.7/site-packages/airflow/example_dags/example_sensors.py for tasks to queue
[2023-05-20T15:42:48.216+0000] {logging_mixin.py:149} INFO - [2023-05-20T15:42:48.215+0000] {dagbag.py:541} INFO - Filling up the DagBag from /home/airflow/.local/lib/python3.7/site-packages/airflow/example_dags/example_sensors.py
[2023-05-20T15:42:48.229+0000] {processor.py:836} INFO - DAG(s) dict_keys(['example_sensors']) retrieved from /home/airflow/.local/lib/python3.7/site-packages/airflow/example_dags/example_sensors.py
[2023-05-20T15:42:48.267+0000] {logging_mixin.py:149} INFO - [2023-05-20T15:42:48.266+0000] {dag.py:2726} INFO - Sync 1 DAGs
[2023-05-20T15:42:48.300+0000] {logging_mixin.py:149} INFO - [2023-05-20T15:42:48.299+0000] {dag.py:3490} INFO - Setting next_dagrun for example_sensors to None, run_after=None
[2023-05-20T15:42:48.321+0000] {processor.py:179} INFO - Processing /home/airflow/.local/lib/python3.7/site-packages/airflow/example_dags/example_sensors.py took 0.114 seconds
[2023-05-20T15:43:18.493+0000] {processor.py:157} INFO - Started process (PID=2743) to work on /home/airflow/.local/lib/python3.7/site-packages/airflow/example_dags/example_sensors.py
[2023-05-20T15:43:18.495+0000] {processor.py:826} INFO - Processing file /home/airflow/.local/lib/python3.7/site-packages/airflow/example_dags/example_sensors.py for tasks to queue
[2023-05-20T15:43:18.497+0000] {logging_mixin.py:149} INFO - [2023-05-20T15:43:18.496+0000] {dagbag.py:541} INFO - Filling up the DagBag from /home/airflow/.local/lib/python3.7/site-packages/airflow/example_dags/example_sensors.py
[2023-05-20T15:43:18.509+0000] {processor.py:836} INFO - DAG(s) dict_keys(['example_sensors']) retrieved from /home/airflow/.local/lib/python3.7/site-packages/airflow/example_dags/example_sensors.py
[2023-05-20T15:43:18.542+0000] {logging_mixin.py:149} INFO - [2023-05-20T15:43:18.542+0000] {dag.py:2726} INFO - Sync 1 DAGs
[2023-05-20T15:43:18.569+0000] {logging_mixin.py:149} INFO - [2023-05-20T15:43:18.569+0000] {dag.py:3490} INFO - Setting next_dagrun for example_sensors to None, run_after=None
[2023-05-20T15:43:18.590+0000] {processor.py:179} INFO - Processing /home/airflow/.local/lib/python3.7/site-packages/airflow/example_dags/example_sensors.py took 0.101 seconds
[2023-05-20T15:43:48.703+0000] {processor.py:157} INFO - Started process (PID=2801) to work on /home/airflow/.local/lib/python3.7/site-packages/airflow/example_dags/example_sensors.py
[2023-05-20T15:43:48.705+0000] {processor.py:826} INFO - Processing file /home/airflow/.local/lib/python3.7/site-packages/airflow/example_dags/example_sensors.py for tasks to queue
[2023-05-20T15:43:48.706+0000] {logging_mixin.py:149} INFO - [2023-05-20T15:43:48.706+0000] {dagbag.py:541} INFO - Filling up the DagBag from /home/airflow/.local/lib/python3.7/site-packages/airflow/example_dags/example_sensors.py
[2023-05-20T15:43:48.721+0000] {processor.py:836} INFO - DAG(s) dict_keys(['example_sensors']) retrieved from /home/airflow/.local/lib/python3.7/site-packages/airflow/example_dags/example_sensors.py
[2023-05-20T15:43:48.763+0000] {logging_mixin.py:149} INFO - [2023-05-20T15:43:48.763+0000] {dag.py:2726} INFO - Sync 1 DAGs
[2023-05-20T15:43:48.802+0000] {logging_mixin.py:149} INFO - [2023-05-20T15:43:48.801+0000] {dag.py:3490} INFO - Setting next_dagrun for example_sensors to None, run_after=None
[2023-05-20T15:43:48.831+0000] {processor.py:179} INFO - Processing /home/airflow/.local/lib/python3.7/site-packages/airflow/example_dags/example_sensors.py took 0.132 seconds
[2023-05-20T15:44:19.201+0000] {processor.py:157} INFO - Started process (PID=2859) to work on /home/airflow/.local/lib/python3.7/site-packages/airflow/example_dags/example_sensors.py
[2023-05-20T15:44:19.203+0000] {processor.py:826} INFO - Processing file /home/airflow/.local/lib/python3.7/site-packages/airflow/example_dags/example_sensors.py for tasks to queue
[2023-05-20T15:44:19.205+0000] {logging_mixin.py:149} INFO - [2023-05-20T15:44:19.205+0000] {dagbag.py:541} INFO - Filling up the DagBag from /home/airflow/.local/lib/python3.7/site-packages/airflow/example_dags/example_sensors.py
[2023-05-20T15:44:19.218+0000] {processor.py:836} INFO - DAG(s) dict_keys(['example_sensors']) retrieved from /home/airflow/.local/lib/python3.7/site-packages/airflow/example_dags/example_sensors.py
[2023-05-20T15:44:19.253+0000] {logging_mixin.py:149} INFO - [2023-05-20T15:44:19.252+0000] {dag.py:2726} INFO - Sync 1 DAGs
[2023-05-20T15:44:19.281+0000] {logging_mixin.py:149} INFO - [2023-05-20T15:44:19.281+0000] {dag.py:3490} INFO - Setting next_dagrun for example_sensors to None, run_after=None
[2023-05-20T15:44:19.307+0000] {processor.py:179} INFO - Processing /home/airflow/.local/lib/python3.7/site-packages/airflow/example_dags/example_sensors.py took 0.110 seconds
[2023-05-20T15:44:49.665+0000] {processor.py:157} INFO - Started process (PID=2917) to work on /home/airflow/.local/lib/python3.7/site-packages/airflow/example_dags/example_sensors.py
[2023-05-20T15:44:49.667+0000] {processor.py:826} INFO - Processing file /home/airflow/.local/lib/python3.7/site-packages/airflow/example_dags/example_sensors.py for tasks to queue
[2023-05-20T15:44:49.669+0000] {logging_mixin.py:149} INFO - [2023-05-20T15:44:49.669+0000] {dagbag.py:541} INFO - Filling up the DagBag from /home/airflow/.local/lib/python3.7/site-packages/airflow/example_dags/example_sensors.py
[2023-05-20T15:44:49.687+0000] {processor.py:836} INFO - DAG(s) dict_keys(['example_sensors']) retrieved from /home/airflow/.local/lib/python3.7/site-packages/airflow/example_dags/example_sensors.py
[2023-05-20T15:44:49.736+0000] {logging_mixin.py:149} INFO - [2023-05-20T15:44:49.736+0000] {dag.py:2726} INFO - Sync 1 DAGs
[2023-05-20T15:44:49.777+0000] {logging_mixin.py:149} INFO - [2023-05-20T15:44:49.777+0000] {dag.py:3490} INFO - Setting next_dagrun for example_sensors to None, run_after=None
[2023-05-20T15:44:49.816+0000] {processor.py:179} INFO - Processing /home/airflow/.local/lib/python3.7/site-packages/airflow/example_dags/example_sensors.py took 0.156 seconds
[2023-05-20T15:45:20.304+0000] {processor.py:157} INFO - Started process (PID=2975) to work on /home/airflow/.local/lib/python3.7/site-packages/airflow/example_dags/example_sensors.py
[2023-05-20T15:45:20.306+0000] {processor.py:826} INFO - Processing file /home/airflow/.local/lib/python3.7/site-packages/airflow/example_dags/example_sensors.py for tasks to queue
[2023-05-20T15:45:20.308+0000] {logging_mixin.py:149} INFO - [2023-05-20T15:45:20.307+0000] {dagbag.py:541} INFO - Filling up the DagBag from /home/airflow/.local/lib/python3.7/site-packages/airflow/example_dags/example_sensors.py
[2023-05-20T15:45:20.324+0000] {processor.py:836} INFO - DAG(s) dict_keys(['example_sensors']) retrieved from /home/airflow/.local/lib/python3.7/site-packages/airflow/example_dags/example_sensors.py
[2023-05-20T15:45:20.373+0000] {logging_mixin.py:149} INFO - [2023-05-20T15:45:20.372+0000] {dag.py:2726} INFO - Sync 1 DAGs
[2023-05-20T15:45:20.419+0000] {logging_mixin.py:149} INFO - [2023-05-20T15:45:20.419+0000] {dag.py:3490} INFO - Setting next_dagrun for example_sensors to None, run_after=None
[2023-05-20T15:45:20.455+0000] {processor.py:179} INFO - Processing /home/airflow/.local/lib/python3.7/site-packages/airflow/example_dags/example_sensors.py took 0.157 seconds
[2023-05-20T15:45:51.055+0000] {processor.py:157} INFO - Started process (PID=3033) to work on /home/airflow/.local/lib/python3.7/site-packages/airflow/example_dags/example_sensors.py
[2023-05-20T15:45:51.058+0000] {processor.py:826} INFO - Processing file /home/airflow/.local/lib/python3.7/site-packages/airflow/example_dags/example_sensors.py for tasks to queue
[2023-05-20T15:45:51.059+0000] {logging_mixin.py:149} INFO - [2023-05-20T15:45:51.059+0000] {dagbag.py:541} INFO - Filling up the DagBag from /home/airflow/.local/lib/python3.7/site-packages/airflow/example_dags/example_sensors.py
[2023-05-20T15:45:51.074+0000] {processor.py:836} INFO - DAG(s) dict_keys(['example_sensors']) retrieved from /home/airflow/.local/lib/python3.7/site-packages/airflow/example_dags/example_sensors.py
[2023-05-20T15:45:51.121+0000] {logging_mixin.py:149} INFO - [2023-05-20T15:45:51.121+0000] {dag.py:2726} INFO - Sync 1 DAGs
[2023-05-20T15:45:51.169+0000] {logging_mixin.py:149} INFO - [2023-05-20T15:45:51.169+0000] {dag.py:3490} INFO - Setting next_dagrun for example_sensors to None, run_after=None
[2023-05-20T15:45:51.244+0000] {processor.py:179} INFO - Processing /home/airflow/.local/lib/python3.7/site-packages/airflow/example_dags/example_sensors.py took 0.194 seconds
[2023-05-20T15:46:21.867+0000] {processor.py:157} INFO - Started process (PID=3091) to work on /home/airflow/.local/lib/python3.7/site-packages/airflow/example_dags/example_sensors.py
[2023-05-20T15:46:21.868+0000] {processor.py:826} INFO - Processing file /home/airflow/.local/lib/python3.7/site-packages/airflow/example_dags/example_sensors.py for tasks to queue
[2023-05-20T15:46:21.870+0000] {logging_mixin.py:149} INFO - [2023-05-20T15:46:21.870+0000] {dagbag.py:541} INFO - Filling up the DagBag from /home/airflow/.local/lib/python3.7/site-packages/airflow/example_dags/example_sensors.py
[2023-05-20T15:46:21.887+0000] {processor.py:836} INFO - DAG(s) dict_keys(['example_sensors']) retrieved from /home/airflow/.local/lib/python3.7/site-packages/airflow/example_dags/example_sensors.py
[2023-05-20T15:46:21.935+0000] {logging_mixin.py:149} INFO - [2023-05-20T15:46:21.934+0000] {dag.py:2726} INFO - Sync 1 DAGs
[2023-05-20T15:46:21.976+0000] {logging_mixin.py:149} INFO - [2023-05-20T15:46:21.976+0000] {dag.py:3490} INFO - Setting next_dagrun for example_sensors to None, run_after=None
[2023-05-20T15:46:22.009+0000] {processor.py:179} INFO - Processing /home/airflow/.local/lib/python3.7/site-packages/airflow/example_dags/example_sensors.py took 0.148 seconds
[2023-05-20T15:46:52.385+0000] {processor.py:157} INFO - Started process (PID=3149) to work on /home/airflow/.local/lib/python3.7/site-packages/airflow/example_dags/example_sensors.py
[2023-05-20T15:46:52.387+0000] {processor.py:826} INFO - Processing file /home/airflow/.local/lib/python3.7/site-packages/airflow/example_dags/example_sensors.py for tasks to queue
[2023-05-20T15:46:52.389+0000] {logging_mixin.py:149} INFO - [2023-05-20T15:46:52.389+0000] {dagbag.py:541} INFO - Filling up the DagBag from /home/airflow/.local/lib/python3.7/site-packages/airflow/example_dags/example_sensors.py
[2023-05-20T15:46:52.413+0000] {processor.py:836} INFO - DAG(s) dict_keys(['example_sensors']) retrieved from /home/airflow/.local/lib/python3.7/site-packages/airflow/example_dags/example_sensors.py
[2023-05-20T15:46:52.476+0000] {logging_mixin.py:149} INFO - [2023-05-20T15:46:52.475+0000] {dag.py:2726} INFO - Sync 1 DAGs
[2023-05-20T15:46:52.538+0000] {logging_mixin.py:149} INFO - [2023-05-20T15:46:52.537+0000] {dag.py:3490} INFO - Setting next_dagrun for example_sensors to None, run_after=None
[2023-05-20T15:46:52.579+0000] {processor.py:179} INFO - Processing /home/airflow/.local/lib/python3.7/site-packages/airflow/example_dags/example_sensors.py took 0.200 seconds
[2023-05-20T15:47:22.801+0000] {processor.py:157} INFO - Started process (PID=3207) to work on /home/airflow/.local/lib/python3.7/site-packages/airflow/example_dags/example_sensors.py
[2023-05-20T15:47:22.803+0000] {processor.py:826} INFO - Processing file /home/airflow/.local/lib/python3.7/site-packages/airflow/example_dags/example_sensors.py for tasks to queue
[2023-05-20T15:47:22.806+0000] {logging_mixin.py:149} INFO - [2023-05-20T15:47:22.805+0000] {dagbag.py:541} INFO - Filling up the DagBag from /home/airflow/.local/lib/python3.7/site-packages/airflow/example_dags/example_sensors.py
[2023-05-20T15:47:22.822+0000] {processor.py:836} INFO - DAG(s) dict_keys(['example_sensors']) retrieved from /home/airflow/.local/lib/python3.7/site-packages/airflow/example_dags/example_sensors.py
[2023-05-20T15:47:22.875+0000] {logging_mixin.py:149} INFO - [2023-05-20T15:47:22.875+0000] {dag.py:2726} INFO - Sync 1 DAGs
[2023-05-20T15:47:22.925+0000] {logging_mixin.py:149} INFO - [2023-05-20T15:47:22.924+0000] {dag.py:3490} INFO - Setting next_dagrun for example_sensors to None, run_after=None
[2023-05-20T15:47:22.963+0000] {processor.py:179} INFO - Processing /home/airflow/.local/lib/python3.7/site-packages/airflow/example_dags/example_sensors.py took 0.167 seconds
[2023-05-20T15:47:53.131+0000] {processor.py:157} INFO - Started process (PID=3265) to work on /home/airflow/.local/lib/python3.7/site-packages/airflow/example_dags/example_sensors.py
[2023-05-20T15:47:53.133+0000] {processor.py:826} INFO - Processing file /home/airflow/.local/lib/python3.7/site-packages/airflow/example_dags/example_sensors.py for tasks to queue
[2023-05-20T15:47:53.135+0000] {logging_mixin.py:149} INFO - [2023-05-20T15:47:53.135+0000] {dagbag.py:541} INFO - Filling up the DagBag from /home/airflow/.local/lib/python3.7/site-packages/airflow/example_dags/example_sensors.py
[2023-05-20T15:47:53.152+0000] {processor.py:836} INFO - DAG(s) dict_keys(['example_sensors']) retrieved from /home/airflow/.local/lib/python3.7/site-packages/airflow/example_dags/example_sensors.py
[2023-05-20T15:47:53.211+0000] {logging_mixin.py:149} INFO - [2023-05-20T15:47:53.211+0000] {dag.py:2726} INFO - Sync 1 DAGs
[2023-05-20T15:47:53.252+0000] {logging_mixin.py:149} INFO - [2023-05-20T15:47:53.252+0000] {dag.py:3490} INFO - Setting next_dagrun for example_sensors to None, run_after=None
[2023-05-20T15:47:53.284+0000] {processor.py:179} INFO - Processing /home/airflow/.local/lib/python3.7/site-packages/airflow/example_dags/example_sensors.py took 0.158 seconds
[2023-05-20T15:48:23.769+0000] {processor.py:157} INFO - Started process (PID=3324) to work on /home/airflow/.local/lib/python3.7/site-packages/airflow/example_dags/example_sensors.py
[2023-05-20T15:48:23.772+0000] {processor.py:826} INFO - Processing file /home/airflow/.local/lib/python3.7/site-packages/airflow/example_dags/example_sensors.py for tasks to queue
[2023-05-20T15:48:23.776+0000] {logging_mixin.py:149} INFO - [2023-05-20T15:48:23.775+0000] {dagbag.py:541} INFO - Filling up the DagBag from /home/airflow/.local/lib/python3.7/site-packages/airflow/example_dags/example_sensors.py
[2023-05-20T15:48:23.800+0000] {processor.py:836} INFO - DAG(s) dict_keys(['example_sensors']) retrieved from /home/airflow/.local/lib/python3.7/site-packages/airflow/example_dags/example_sensors.py
[2023-05-20T15:48:23.859+0000] {logging_mixin.py:149} INFO - [2023-05-20T15:48:23.858+0000] {dag.py:2726} INFO - Sync 1 DAGs
[2023-05-20T15:48:23.918+0000] {logging_mixin.py:149} INFO - [2023-05-20T15:48:23.918+0000] {dag.py:3490} INFO - Setting next_dagrun for example_sensors to None, run_after=None
[2023-05-20T15:48:23.972+0000] {processor.py:179} INFO - Processing /home/airflow/.local/lib/python3.7/site-packages/airflow/example_dags/example_sensors.py took 0.209 seconds
[2023-05-20T15:48:54.051+0000] {processor.py:157} INFO - Started process (PID=3382) to work on /home/airflow/.local/lib/python3.7/site-packages/airflow/example_dags/example_sensors.py
[2023-05-20T15:48:54.053+0000] {processor.py:826} INFO - Processing file /home/airflow/.local/lib/python3.7/site-packages/airflow/example_dags/example_sensors.py for tasks to queue
[2023-05-20T15:48:54.055+0000] {logging_mixin.py:149} INFO - [2023-05-20T15:48:54.054+0000] {dagbag.py:541} INFO - Filling up the DagBag from /home/airflow/.local/lib/python3.7/site-packages/airflow/example_dags/example_sensors.py
[2023-05-20T15:48:54.072+0000] {processor.py:836} INFO - DAG(s) dict_keys(['example_sensors']) retrieved from /home/airflow/.local/lib/python3.7/site-packages/airflow/example_dags/example_sensors.py
[2023-05-20T15:48:54.122+0000] {logging_mixin.py:149} INFO - [2023-05-20T15:48:54.121+0000] {dag.py:2726} INFO - Sync 1 DAGs
[2023-05-20T15:48:54.159+0000] {logging_mixin.py:149} INFO - [2023-05-20T15:48:54.159+0000] {dag.py:3490} INFO - Setting next_dagrun for example_sensors to None, run_after=None
[2023-05-20T15:48:54.194+0000] {processor.py:179} INFO - Processing /home/airflow/.local/lib/python3.7/site-packages/airflow/example_dags/example_sensors.py took 0.148 seconds
[2023-05-20T15:49:24.706+0000] {processor.py:157} INFO - Started process (PID=3440) to work on /home/airflow/.local/lib/python3.7/site-packages/airflow/example_dags/example_sensors.py
[2023-05-20T15:49:24.708+0000] {processor.py:826} INFO - Processing file /home/airflow/.local/lib/python3.7/site-packages/airflow/example_dags/example_sensors.py for tasks to queue
[2023-05-20T15:49:24.710+0000] {logging_mixin.py:149} INFO - [2023-05-20T15:49:24.710+0000] {dagbag.py:541} INFO - Filling up the DagBag from /home/airflow/.local/lib/python3.7/site-packages/airflow/example_dags/example_sensors.py
[2023-05-20T15:49:24.726+0000] {processor.py:836} INFO - DAG(s) dict_keys(['example_sensors']) retrieved from /home/airflow/.local/lib/python3.7/site-packages/airflow/example_dags/example_sensors.py
[2023-05-20T15:49:24.793+0000] {logging_mixin.py:149} INFO - [2023-05-20T15:49:24.793+0000] {dag.py:2726} INFO - Sync 1 DAGs
[2023-05-20T15:49:24.854+0000] {logging_mixin.py:149} INFO - [2023-05-20T15:49:24.854+0000] {dag.py:3490} INFO - Setting next_dagrun for example_sensors to None, run_after=None
[2023-05-20T15:49:24.910+0000] {processor.py:179} INFO - Processing /home/airflow/.local/lib/python3.7/site-packages/airflow/example_dags/example_sensors.py took 0.209 seconds
[2023-05-20T15:49:55.357+0000] {processor.py:157} INFO - Started process (PID=3498) to work on /home/airflow/.local/lib/python3.7/site-packages/airflow/example_dags/example_sensors.py
[2023-05-20T15:49:55.358+0000] {processor.py:826} INFO - Processing file /home/airflow/.local/lib/python3.7/site-packages/airflow/example_dags/example_sensors.py for tasks to queue
[2023-05-20T15:49:55.360+0000] {logging_mixin.py:149} INFO - [2023-05-20T15:49:55.359+0000] {dagbag.py:541} INFO - Filling up the DagBag from /home/airflow/.local/lib/python3.7/site-packages/airflow/example_dags/example_sensors.py
[2023-05-20T15:49:55.373+0000] {processor.py:836} INFO - DAG(s) dict_keys(['example_sensors']) retrieved from /home/airflow/.local/lib/python3.7/site-packages/airflow/example_dags/example_sensors.py
[2023-05-20T15:49:55.411+0000] {logging_mixin.py:149} INFO - [2023-05-20T15:49:55.411+0000] {dag.py:2726} INFO - Sync 1 DAGs
[2023-05-20T15:49:55.441+0000] {logging_mixin.py:149} INFO - [2023-05-20T15:49:55.441+0000] {dag.py:3490} INFO - Setting next_dagrun for example_sensors to None, run_after=None
[2023-05-20T15:49:55.464+0000] {processor.py:179} INFO - Processing /home/airflow/.local/lib/python3.7/site-packages/airflow/example_dags/example_sensors.py took 0.112 seconds
[2023-05-20T16:08:50.160+0000] {processor.py:157} INFO - Started process (PID=69) to work on /home/airflow/.local/lib/python3.7/site-packages/airflow/example_dags/example_sensors.py
[2023-05-20T16:08:50.163+0000] {processor.py:826} INFO - Processing file /home/airflow/.local/lib/python3.7/site-packages/airflow/example_dags/example_sensors.py for tasks to queue
[2023-05-20T16:08:50.166+0000] {logging_mixin.py:149} INFO - [2023-05-20T16:08:50.165+0000] {dagbag.py:541} INFO - Filling up the DagBag from /home/airflow/.local/lib/python3.7/site-packages/airflow/example_dags/example_sensors.py
[2023-05-20T16:08:50.185+0000] {processor.py:836} INFO - DAG(s) dict_keys(['example_sensors']) retrieved from /home/airflow/.local/lib/python3.7/site-packages/airflow/example_dags/example_sensors.py
[2023-05-20T16:08:50.206+0000] {logging_mixin.py:149} INFO - [2023-05-20T16:08:50.206+0000] {dag.py:2726} INFO - Sync 1 DAGs
[2023-05-20T16:08:50.251+0000] {logging_mixin.py:149} INFO - [2023-05-20T16:08:50.251+0000] {dag.py:3490} INFO - Setting next_dagrun for example_sensors to None, run_after=None
[2023-05-20T16:08:50.290+0000] {processor.py:179} INFO - Processing /home/airflow/.local/lib/python3.7/site-packages/airflow/example_dags/example_sensors.py took 0.135 seconds
[2023-05-20T16:09:21.042+0000] {processor.py:157} INFO - Started process (PID=127) to work on /home/airflow/.local/lib/python3.7/site-packages/airflow/example_dags/example_sensors.py
[2023-05-20T16:09:21.043+0000] {processor.py:826} INFO - Processing file /home/airflow/.local/lib/python3.7/site-packages/airflow/example_dags/example_sensors.py for tasks to queue
[2023-05-20T16:09:21.045+0000] {logging_mixin.py:149} INFO - [2023-05-20T16:09:21.045+0000] {dagbag.py:541} INFO - Filling up the DagBag from /home/airflow/.local/lib/python3.7/site-packages/airflow/example_dags/example_sensors.py
[2023-05-20T16:09:21.059+0000] {processor.py:836} INFO - DAG(s) dict_keys(['example_sensors']) retrieved from /home/airflow/.local/lib/python3.7/site-packages/airflow/example_dags/example_sensors.py
[2023-05-20T16:09:21.095+0000] {logging_mixin.py:149} INFO - [2023-05-20T16:09:21.095+0000] {dag.py:2726} INFO - Sync 1 DAGs
[2023-05-20T16:09:21.125+0000] {logging_mixin.py:149} INFO - [2023-05-20T16:09:21.125+0000] {dag.py:3490} INFO - Setting next_dagrun for example_sensors to None, run_after=None
[2023-05-20T16:09:21.152+0000] {processor.py:179} INFO - Processing /home/airflow/.local/lib/python3.7/site-packages/airflow/example_dags/example_sensors.py took 0.115 seconds
[2023-05-20T16:09:51.832+0000] {processor.py:157} INFO - Started process (PID=185) to work on /home/airflow/.local/lib/python3.7/site-packages/airflow/example_dags/example_sensors.py
[2023-05-20T16:09:51.834+0000] {processor.py:826} INFO - Processing file /home/airflow/.local/lib/python3.7/site-packages/airflow/example_dags/example_sensors.py for tasks to queue
[2023-05-20T16:09:51.836+0000] {logging_mixin.py:149} INFO - [2023-05-20T16:09:51.836+0000] {dagbag.py:541} INFO - Filling up the DagBag from /home/airflow/.local/lib/python3.7/site-packages/airflow/example_dags/example_sensors.py
[2023-05-20T16:09:51.854+0000] {processor.py:836} INFO - DAG(s) dict_keys(['example_sensors']) retrieved from /home/airflow/.local/lib/python3.7/site-packages/airflow/example_dags/example_sensors.py
[2023-05-20T16:09:51.907+0000] {logging_mixin.py:149} INFO - [2023-05-20T16:09:51.906+0000] {dag.py:2726} INFO - Sync 1 DAGs
[2023-05-20T16:09:51.969+0000] {logging_mixin.py:149} INFO - [2023-05-20T16:09:51.968+0000] {dag.py:3490} INFO - Setting next_dagrun for example_sensors to None, run_after=None
[2023-05-20T16:09:52.018+0000] {processor.py:179} INFO - Processing /home/airflow/.local/lib/python3.7/site-packages/airflow/example_dags/example_sensors.py took 0.194 seconds
[2023-05-20T16:10:23.036+0000] {processor.py:157} INFO - Started process (PID=243) to work on /home/airflow/.local/lib/python3.7/site-packages/airflow/example_dags/example_sensors.py
[2023-05-20T16:10:23.041+0000] {processor.py:826} INFO - Processing file /home/airflow/.local/lib/python3.7/site-packages/airflow/example_dags/example_sensors.py for tasks to queue
[2023-05-20T16:10:23.043+0000] {logging_mixin.py:149} INFO - [2023-05-20T16:10:23.043+0000] {dagbag.py:541} INFO - Filling up the DagBag from /home/airflow/.local/lib/python3.7/site-packages/airflow/example_dags/example_sensors.py
[2023-05-20T16:10:23.073+0000] {processor.py:836} INFO - DAG(s) dict_keys(['example_sensors']) retrieved from /home/airflow/.local/lib/python3.7/site-packages/airflow/example_dags/example_sensors.py
[2023-05-20T16:10:23.158+0000] {logging_mixin.py:149} INFO - [2023-05-20T16:10:23.158+0000] {dag.py:2726} INFO - Sync 1 DAGs
[2023-05-20T16:10:23.258+0000] {logging_mixin.py:149} INFO - [2023-05-20T16:10:23.258+0000] {dag.py:3490} INFO - Setting next_dagrun for example_sensors to None, run_after=None
[2023-05-20T16:10:23.320+0000] {processor.py:179} INFO - Processing /home/airflow/.local/lib/python3.7/site-packages/airflow/example_dags/example_sensors.py took 0.292 seconds
[2023-05-20T16:10:54.133+0000] {processor.py:157} INFO - Started process (PID=301) to work on /home/airflow/.local/lib/python3.7/site-packages/airflow/example_dags/example_sensors.py
[2023-05-20T16:10:54.135+0000] {processor.py:826} INFO - Processing file /home/airflow/.local/lib/python3.7/site-packages/airflow/example_dags/example_sensors.py for tasks to queue
[2023-05-20T16:10:54.137+0000] {logging_mixin.py:149} INFO - [2023-05-20T16:10:54.136+0000] {dagbag.py:541} INFO - Filling up the DagBag from /home/airflow/.local/lib/python3.7/site-packages/airflow/example_dags/example_sensors.py
[2023-05-20T16:10:54.156+0000] {processor.py:836} INFO - DAG(s) dict_keys(['example_sensors']) retrieved from /home/airflow/.local/lib/python3.7/site-packages/airflow/example_dags/example_sensors.py
[2023-05-20T16:10:54.206+0000] {logging_mixin.py:149} INFO - [2023-05-20T16:10:54.205+0000] {dag.py:2726} INFO - Sync 1 DAGs
[2023-05-20T16:10:54.251+0000] {logging_mixin.py:149} INFO - [2023-05-20T16:10:54.251+0000] {dag.py:3490} INFO - Setting next_dagrun for example_sensors to None, run_after=None
[2023-05-20T16:10:54.288+0000] {processor.py:179} INFO - Processing /home/airflow/.local/lib/python3.7/site-packages/airflow/example_dags/example_sensors.py took 0.161 seconds
[2023-05-20T16:11:25.679+0000] {processor.py:157} INFO - Started process (PID=359) to work on /home/airflow/.local/lib/python3.7/site-packages/airflow/example_dags/example_sensors.py
[2023-05-20T16:11:25.688+0000] {processor.py:826} INFO - Processing file /home/airflow/.local/lib/python3.7/site-packages/airflow/example_dags/example_sensors.py for tasks to queue
[2023-05-20T16:11:25.692+0000] {logging_mixin.py:149} INFO - [2023-05-20T16:11:25.691+0000] {dagbag.py:541} INFO - Filling up the DagBag from /home/airflow/.local/lib/python3.7/site-packages/airflow/example_dags/example_sensors.py
[2023-05-20T16:11:25.731+0000] {processor.py:836} INFO - DAG(s) dict_keys(['example_sensors']) retrieved from /home/airflow/.local/lib/python3.7/site-packages/airflow/example_dags/example_sensors.py
[2023-05-20T16:11:25.824+0000] {logging_mixin.py:149} INFO - [2023-05-20T16:11:25.823+0000] {dag.py:2726} INFO - Sync 1 DAGs
[2023-05-20T16:11:25.880+0000] {logging_mixin.py:149} INFO - [2023-05-20T16:11:25.880+0000] {dag.py:3490} INFO - Setting next_dagrun for example_sensors to None, run_after=None
[2023-05-20T16:11:25.930+0000] {processor.py:179} INFO - Processing /home/airflow/.local/lib/python3.7/site-packages/airflow/example_dags/example_sensors.py took 0.257 seconds
[2023-05-20T16:11:56.727+0000] {processor.py:157} INFO - Started process (PID=417) to work on /home/airflow/.local/lib/python3.7/site-packages/airflow/example_dags/example_sensors.py
[2023-05-20T16:11:56.729+0000] {processor.py:826} INFO - Processing file /home/airflow/.local/lib/python3.7/site-packages/airflow/example_dags/example_sensors.py for tasks to queue
[2023-05-20T16:11:56.731+0000] {logging_mixin.py:149} INFO - [2023-05-20T16:11:56.730+0000] {dagbag.py:541} INFO - Filling up the DagBag from /home/airflow/.local/lib/python3.7/site-packages/airflow/example_dags/example_sensors.py
[2023-05-20T16:11:56.747+0000] {processor.py:836} INFO - DAG(s) dict_keys(['example_sensors']) retrieved from /home/airflow/.local/lib/python3.7/site-packages/airflow/example_dags/example_sensors.py
[2023-05-20T16:11:56.793+0000] {logging_mixin.py:149} INFO - [2023-05-20T16:11:56.793+0000] {dag.py:2726} INFO - Sync 1 DAGs
[2023-05-20T16:11:56.835+0000] {logging_mixin.py:149} INFO - [2023-05-20T16:11:56.834+0000] {dag.py:3490} INFO - Setting next_dagrun for example_sensors to None, run_after=None
[2023-05-20T16:11:56.864+0000] {processor.py:179} INFO - Processing /home/airflow/.local/lib/python3.7/site-packages/airflow/example_dags/example_sensors.py took 0.141 seconds
[2023-05-20T16:12:27.333+0000] {processor.py:157} INFO - Started process (PID=475) to work on /home/airflow/.local/lib/python3.7/site-packages/airflow/example_dags/example_sensors.py
[2023-05-20T16:12:27.336+0000] {processor.py:826} INFO - Processing file /home/airflow/.local/lib/python3.7/site-packages/airflow/example_dags/example_sensors.py for tasks to queue
[2023-05-20T16:12:27.338+0000] {logging_mixin.py:149} INFO - [2023-05-20T16:12:27.337+0000] {dagbag.py:541} INFO - Filling up the DagBag from /home/airflow/.local/lib/python3.7/site-packages/airflow/example_dags/example_sensors.py
[2023-05-20T16:12:27.357+0000] {processor.py:836} INFO - DAG(s) dict_keys(['example_sensors']) retrieved from /home/airflow/.local/lib/python3.7/site-packages/airflow/example_dags/example_sensors.py
[2023-05-20T16:12:27.408+0000] {logging_mixin.py:149} INFO - [2023-05-20T16:12:27.408+0000] {dag.py:2726} INFO - Sync 1 DAGs
[2023-05-20T16:12:27.450+0000] {logging_mixin.py:149} INFO - [2023-05-20T16:12:27.449+0000] {dag.py:3490} INFO - Setting next_dagrun for example_sensors to None, run_after=None
[2023-05-20T16:12:27.485+0000] {processor.py:179} INFO - Processing /home/airflow/.local/lib/python3.7/site-packages/airflow/example_dags/example_sensors.py took 0.157 seconds
[2023-05-20T16:12:58.265+0000] {processor.py:157} INFO - Started process (PID=533) to work on /home/airflow/.local/lib/python3.7/site-packages/airflow/example_dags/example_sensors.py
[2023-05-20T16:12:58.267+0000] {processor.py:826} INFO - Processing file /home/airflow/.local/lib/python3.7/site-packages/airflow/example_dags/example_sensors.py for tasks to queue
[2023-05-20T16:12:58.268+0000] {logging_mixin.py:149} INFO - [2023-05-20T16:12:58.268+0000] {dagbag.py:541} INFO - Filling up the DagBag from /home/airflow/.local/lib/python3.7/site-packages/airflow/example_dags/example_sensors.py
[2023-05-20T16:12:58.283+0000] {processor.py:836} INFO - DAG(s) dict_keys(['example_sensors']) retrieved from /home/airflow/.local/lib/python3.7/site-packages/airflow/example_dags/example_sensors.py
[2023-05-20T16:12:58.326+0000] {logging_mixin.py:149} INFO - [2023-05-20T16:12:58.326+0000] {dag.py:2726} INFO - Sync 1 DAGs
[2023-05-20T16:12:58.360+0000] {logging_mixin.py:149} INFO - [2023-05-20T16:12:58.360+0000] {dag.py:3490} INFO - Setting next_dagrun for example_sensors to None, run_after=None
[2023-05-20T16:12:58.385+0000] {processor.py:179} INFO - Processing /home/airflow/.local/lib/python3.7/site-packages/airflow/example_dags/example_sensors.py took 0.125 seconds
[2023-05-20T16:13:29.023+0000] {processor.py:157} INFO - Started process (PID=591) to work on /home/airflow/.local/lib/python3.7/site-packages/airflow/example_dags/example_sensors.py
[2023-05-20T16:13:29.026+0000] {processor.py:826} INFO - Processing file /home/airflow/.local/lib/python3.7/site-packages/airflow/example_dags/example_sensors.py for tasks to queue
[2023-05-20T16:13:29.028+0000] {logging_mixin.py:149} INFO - [2023-05-20T16:13:29.028+0000] {dagbag.py:541} INFO - Filling up the DagBag from /home/airflow/.local/lib/python3.7/site-packages/airflow/example_dags/example_sensors.py
[2023-05-20T16:13:29.053+0000] {processor.py:836} INFO - DAG(s) dict_keys(['example_sensors']) retrieved from /home/airflow/.local/lib/python3.7/site-packages/airflow/example_dags/example_sensors.py
[2023-05-20T16:13:29.116+0000] {logging_mixin.py:149} INFO - [2023-05-20T16:13:29.115+0000] {dag.py:2726} INFO - Sync 1 DAGs
[2023-05-20T16:13:29.172+0000] {logging_mixin.py:149} INFO - [2023-05-20T16:13:29.171+0000] {dag.py:3490} INFO - Setting next_dagrun for example_sensors to None, run_after=None
[2023-05-20T16:13:29.232+0000] {processor.py:179} INFO - Processing /home/airflow/.local/lib/python3.7/site-packages/airflow/example_dags/example_sensors.py took 0.216 seconds
