[2023-05-20T15:19:47.502+0000] {processor.py:157} INFO - Started process (PID=35) to work on /home/airflow/.local/lib/python3.7/site-packages/airflow/example_dags/example_nested_branch_dag.py
[2023-05-20T15:19:47.504+0000] {processor.py:826} INFO - Processing file /home/airflow/.local/lib/python3.7/site-packages/airflow/example_dags/example_nested_branch_dag.py for tasks to queue
[2023-05-20T15:19:47.506+0000] {logging_mixin.py:149} INFO - [2023-05-20T15:19:47.506+0000] {dagbag.py:541} INFO - Filling up the DagBag from /home/airflow/.local/lib/python3.7/site-packages/airflow/example_dags/example_nested_branch_dag.py
[2023-05-20T15:19:47.527+0000] {processor.py:836} INFO - DAG(s) dict_keys(['example_nested_branch_dag']) retrieved from /home/airflow/.local/lib/python3.7/site-packages/airflow/example_dags/example_nested_branch_dag.py
[2023-05-20T15:19:47.550+0000] {logging_mixin.py:149} INFO - [2023-05-20T15:19:47.550+0000] {dag.py:2726} INFO - Sync 1 DAGs
[2023-05-20T15:19:47.607+0000] {logging_mixin.py:149} INFO - [2023-05-20T15:19:47.606+0000] {dag.py:3490} INFO - Setting next_dagrun for example_nested_branch_dag to 2023-05-19T00:00:00+00:00, run_after=2023-05-20T00:00:00+00:00
[2023-05-20T15:19:47.668+0000] {processor.py:179} INFO - Processing /home/airflow/.local/lib/python3.7/site-packages/airflow/example_dags/example_nested_branch_dag.py took 0.172 seconds
[2023-05-20T15:20:18.840+0000] {processor.py:157} INFO - Started process (PID=93) to work on /home/airflow/.local/lib/python3.7/site-packages/airflow/example_dags/example_nested_branch_dag.py
[2023-05-20T15:20:18.843+0000] {processor.py:826} INFO - Processing file /home/airflow/.local/lib/python3.7/site-packages/airflow/example_dags/example_nested_branch_dag.py for tasks to queue
[2023-05-20T15:20:18.845+0000] {logging_mixin.py:149} INFO - [2023-05-20T15:20:18.845+0000] {dagbag.py:541} INFO - Filling up the DagBag from /home/airflow/.local/lib/python3.7/site-packages/airflow/example_dags/example_nested_branch_dag.py
[2023-05-20T15:20:18.861+0000] {processor.py:836} INFO - DAG(s) dict_keys(['example_nested_branch_dag']) retrieved from /home/airflow/.local/lib/python3.7/site-packages/airflow/example_dags/example_nested_branch_dag.py
[2023-05-20T15:20:18.902+0000] {logging_mixin.py:149} INFO - [2023-05-20T15:20:18.902+0000] {dag.py:2726} INFO - Sync 1 DAGs
[2023-05-20T15:20:18.943+0000] {logging_mixin.py:149} INFO - [2023-05-20T15:20:18.943+0000] {dag.py:3490} INFO - Setting next_dagrun for example_nested_branch_dag to 2023-05-19T00:00:00+00:00, run_after=2023-05-20T00:00:00+00:00
[2023-05-20T15:20:18.976+0000] {processor.py:179} INFO - Processing /home/airflow/.local/lib/python3.7/site-packages/airflow/example_dags/example_nested_branch_dag.py took 0.141 seconds
[2023-05-20T15:20:49.610+0000] {processor.py:157} INFO - Started process (PID=151) to work on /home/airflow/.local/lib/python3.7/site-packages/airflow/example_dags/example_nested_branch_dag.py
[2023-05-20T15:20:49.612+0000] {processor.py:826} INFO - Processing file /home/airflow/.local/lib/python3.7/site-packages/airflow/example_dags/example_nested_branch_dag.py for tasks to queue
[2023-05-20T15:20:49.614+0000] {logging_mixin.py:149} INFO - [2023-05-20T15:20:49.614+0000] {dagbag.py:541} INFO - Filling up the DagBag from /home/airflow/.local/lib/python3.7/site-packages/airflow/example_dags/example_nested_branch_dag.py
[2023-05-20T15:20:49.629+0000] {processor.py:836} INFO - DAG(s) dict_keys(['example_nested_branch_dag']) retrieved from /home/airflow/.local/lib/python3.7/site-packages/airflow/example_dags/example_nested_branch_dag.py
[2023-05-20T15:20:49.666+0000] {logging_mixin.py:149} INFO - [2023-05-20T15:20:49.666+0000] {dag.py:2726} INFO - Sync 1 DAGs
[2023-05-20T15:20:49.702+0000] {logging_mixin.py:149} INFO - [2023-05-20T15:20:49.701+0000] {dag.py:3490} INFO - Setting next_dagrun for example_nested_branch_dag to 2023-05-19T00:00:00+00:00, run_after=2023-05-20T00:00:00+00:00
[2023-05-20T15:20:49.731+0000] {processor.py:179} INFO - Processing /home/airflow/.local/lib/python3.7/site-packages/airflow/example_dags/example_nested_branch_dag.py took 0.126 seconds
[2023-05-20T15:21:20.056+0000] {processor.py:157} INFO - Started process (PID=209) to work on /home/airflow/.local/lib/python3.7/site-packages/airflow/example_dags/example_nested_branch_dag.py
[2023-05-20T15:21:20.059+0000] {processor.py:826} INFO - Processing file /home/airflow/.local/lib/python3.7/site-packages/airflow/example_dags/example_nested_branch_dag.py for tasks to queue
[2023-05-20T15:21:20.060+0000] {logging_mixin.py:149} INFO - [2023-05-20T15:21:20.060+0000] {dagbag.py:541} INFO - Filling up the DagBag from /home/airflow/.local/lib/python3.7/site-packages/airflow/example_dags/example_nested_branch_dag.py
[2023-05-20T15:21:20.086+0000] {processor.py:836} INFO - DAG(s) dict_keys(['example_nested_branch_dag']) retrieved from /home/airflow/.local/lib/python3.7/site-packages/airflow/example_dags/example_nested_branch_dag.py
[2023-05-20T15:21:20.149+0000] {logging_mixin.py:149} INFO - [2023-05-20T15:21:20.148+0000] {dag.py:2726} INFO - Sync 1 DAGs
[2023-05-20T15:21:20.201+0000] {logging_mixin.py:149} INFO - [2023-05-20T15:21:20.200+0000] {dag.py:3490} INFO - Setting next_dagrun for example_nested_branch_dag to 2023-05-19T00:00:00+00:00, run_after=2023-05-20T00:00:00+00:00
[2023-05-20T15:21:20.227+0000] {processor.py:179} INFO - Processing /home/airflow/.local/lib/python3.7/site-packages/airflow/example_dags/example_nested_branch_dag.py took 0.178 seconds
[2023-05-20T15:21:50.421+0000] {processor.py:157} INFO - Started process (PID=267) to work on /home/airflow/.local/lib/python3.7/site-packages/airflow/example_dags/example_nested_branch_dag.py
[2023-05-20T15:21:50.423+0000] {processor.py:826} INFO - Processing file /home/airflow/.local/lib/python3.7/site-packages/airflow/example_dags/example_nested_branch_dag.py for tasks to queue
[2023-05-20T15:21:50.425+0000] {logging_mixin.py:149} INFO - [2023-05-20T15:21:50.425+0000] {dagbag.py:541} INFO - Filling up the DagBag from /home/airflow/.local/lib/python3.7/site-packages/airflow/example_dags/example_nested_branch_dag.py
[2023-05-20T15:21:50.444+0000] {processor.py:836} INFO - DAG(s) dict_keys(['example_nested_branch_dag']) retrieved from /home/airflow/.local/lib/python3.7/site-packages/airflow/example_dags/example_nested_branch_dag.py
[2023-05-20T15:21:50.499+0000] {logging_mixin.py:149} INFO - [2023-05-20T15:21:50.499+0000] {dag.py:2726} INFO - Sync 1 DAGs
[2023-05-20T15:21:50.553+0000] {logging_mixin.py:149} INFO - [2023-05-20T15:21:50.553+0000] {dag.py:3490} INFO - Setting next_dagrun for example_nested_branch_dag to 2023-05-19T00:00:00+00:00, run_after=2023-05-20T00:00:00+00:00
[2023-05-20T15:21:50.602+0000] {processor.py:179} INFO - Processing /home/airflow/.local/lib/python3.7/site-packages/airflow/example_dags/example_nested_branch_dag.py took 0.185 seconds
[2023-05-20T15:22:20.757+0000] {processor.py:157} INFO - Started process (PID=325) to work on /home/airflow/.local/lib/python3.7/site-packages/airflow/example_dags/example_nested_branch_dag.py
[2023-05-20T15:22:20.759+0000] {processor.py:826} INFO - Processing file /home/airflow/.local/lib/python3.7/site-packages/airflow/example_dags/example_nested_branch_dag.py for tasks to queue
[2023-05-20T15:22:20.761+0000] {logging_mixin.py:149} INFO - [2023-05-20T15:22:20.761+0000] {dagbag.py:541} INFO - Filling up the DagBag from /home/airflow/.local/lib/python3.7/site-packages/airflow/example_dags/example_nested_branch_dag.py
[2023-05-20T15:22:20.778+0000] {processor.py:836} INFO - DAG(s) dict_keys(['example_nested_branch_dag']) retrieved from /home/airflow/.local/lib/python3.7/site-packages/airflow/example_dags/example_nested_branch_dag.py
[2023-05-20T15:22:20.843+0000] {logging_mixin.py:149} INFO - [2023-05-20T15:22:20.843+0000] {dag.py:2726} INFO - Sync 1 DAGs
[2023-05-20T15:22:20.880+0000] {logging_mixin.py:149} INFO - [2023-05-20T15:22:20.880+0000] {dag.py:3490} INFO - Setting next_dagrun for example_nested_branch_dag to 2023-05-19T00:00:00+00:00, run_after=2023-05-20T00:00:00+00:00
[2023-05-20T15:22:20.912+0000] {processor.py:179} INFO - Processing /home/airflow/.local/lib/python3.7/site-packages/airflow/example_dags/example_nested_branch_dag.py took 0.160 seconds
[2023-05-20T15:22:50.976+0000] {processor.py:157} INFO - Started process (PID=383) to work on /home/airflow/.local/lib/python3.7/site-packages/airflow/example_dags/example_nested_branch_dag.py
[2023-05-20T15:22:50.977+0000] {processor.py:826} INFO - Processing file /home/airflow/.local/lib/python3.7/site-packages/airflow/example_dags/example_nested_branch_dag.py for tasks to queue
[2023-05-20T15:22:50.978+0000] {logging_mixin.py:149} INFO - [2023-05-20T15:22:50.978+0000] {dagbag.py:541} INFO - Filling up the DagBag from /home/airflow/.local/lib/python3.7/site-packages/airflow/example_dags/example_nested_branch_dag.py
[2023-05-20T15:22:50.991+0000] {processor.py:836} INFO - DAG(s) dict_keys(['example_nested_branch_dag']) retrieved from /home/airflow/.local/lib/python3.7/site-packages/airflow/example_dags/example_nested_branch_dag.py
[2023-05-20T15:22:51.040+0000] {logging_mixin.py:149} INFO - [2023-05-20T15:22:51.039+0000] {dag.py:2726} INFO - Sync 1 DAGs
[2023-05-20T15:22:51.085+0000] {logging_mixin.py:149} INFO - [2023-05-20T15:22:51.085+0000] {dag.py:3490} INFO - Setting next_dagrun for example_nested_branch_dag to 2023-05-19T00:00:00+00:00, run_after=2023-05-20T00:00:00+00:00
[2023-05-20T15:22:51.119+0000] {processor.py:179} INFO - Processing /home/airflow/.local/lib/python3.7/site-packages/airflow/example_dags/example_nested_branch_dag.py took 0.147 seconds
[2023-05-20T15:23:21.271+0000] {processor.py:157} INFO - Started process (PID=441) to work on /home/airflow/.local/lib/python3.7/site-packages/airflow/example_dags/example_nested_branch_dag.py
[2023-05-20T15:23:21.274+0000] {processor.py:826} INFO - Processing file /home/airflow/.local/lib/python3.7/site-packages/airflow/example_dags/example_nested_branch_dag.py for tasks to queue
[2023-05-20T15:23:21.276+0000] {logging_mixin.py:149} INFO - [2023-05-20T15:23:21.275+0000] {dagbag.py:541} INFO - Filling up the DagBag from /home/airflow/.local/lib/python3.7/site-packages/airflow/example_dags/example_nested_branch_dag.py
[2023-05-20T15:23:21.294+0000] {processor.py:836} INFO - DAG(s) dict_keys(['example_nested_branch_dag']) retrieved from /home/airflow/.local/lib/python3.7/site-packages/airflow/example_dags/example_nested_branch_dag.py
[2023-05-20T15:23:21.336+0000] {logging_mixin.py:149} INFO - [2023-05-20T15:23:21.336+0000] {dag.py:2726} INFO - Sync 1 DAGs
[2023-05-20T15:23:21.376+0000] {logging_mixin.py:149} INFO - [2023-05-20T15:23:21.376+0000] {dag.py:3490} INFO - Setting next_dagrun for example_nested_branch_dag to 2023-05-19T00:00:00+00:00, run_after=2023-05-20T00:00:00+00:00
[2023-05-20T15:23:21.408+0000] {processor.py:179} INFO - Processing /home/airflow/.local/lib/python3.7/site-packages/airflow/example_dags/example_nested_branch_dag.py took 0.142 seconds
[2023-05-20T15:23:52.385+0000] {processor.py:157} INFO - Started process (PID=499) to work on /home/airflow/.local/lib/python3.7/site-packages/airflow/example_dags/example_nested_branch_dag.py
[2023-05-20T15:23:52.387+0000] {processor.py:826} INFO - Processing file /home/airflow/.local/lib/python3.7/site-packages/airflow/example_dags/example_nested_branch_dag.py for tasks to queue
[2023-05-20T15:23:52.388+0000] {logging_mixin.py:149} INFO - [2023-05-20T15:23:52.388+0000] {dagbag.py:541} INFO - Filling up the DagBag from /home/airflow/.local/lib/python3.7/site-packages/airflow/example_dags/example_nested_branch_dag.py
[2023-05-20T15:23:52.404+0000] {processor.py:836} INFO - DAG(s) dict_keys(['example_nested_branch_dag']) retrieved from /home/airflow/.local/lib/python3.7/site-packages/airflow/example_dags/example_nested_branch_dag.py
[2023-05-20T15:23:52.436+0000] {logging_mixin.py:149} INFO - [2023-05-20T15:23:52.436+0000] {dag.py:2726} INFO - Sync 1 DAGs
[2023-05-20T15:23:52.479+0000] {logging_mixin.py:149} INFO - [2023-05-20T15:23:52.478+0000] {dag.py:3490} INFO - Setting next_dagrun for example_nested_branch_dag to 2023-05-19T00:00:00+00:00, run_after=2023-05-20T00:00:00+00:00
[2023-05-20T15:23:52.525+0000] {processor.py:179} INFO - Processing /home/airflow/.local/lib/python3.7/site-packages/airflow/example_dags/example_nested_branch_dag.py took 0.144 seconds
[2023-05-20T15:24:22.634+0000] {processor.py:157} INFO - Started process (PID=557) to work on /home/airflow/.local/lib/python3.7/site-packages/airflow/example_dags/example_nested_branch_dag.py
[2023-05-20T15:24:22.637+0000] {processor.py:826} INFO - Processing file /home/airflow/.local/lib/python3.7/site-packages/airflow/example_dags/example_nested_branch_dag.py for tasks to queue
[2023-05-20T15:24:22.639+0000] {logging_mixin.py:149} INFO - [2023-05-20T15:24:22.639+0000] {dagbag.py:541} INFO - Filling up the DagBag from /home/airflow/.local/lib/python3.7/site-packages/airflow/example_dags/example_nested_branch_dag.py
[2023-05-20T15:24:22.656+0000] {processor.py:836} INFO - DAG(s) dict_keys(['example_nested_branch_dag']) retrieved from /home/airflow/.local/lib/python3.7/site-packages/airflow/example_dags/example_nested_branch_dag.py
[2023-05-20T15:24:22.699+0000] {logging_mixin.py:149} INFO - [2023-05-20T15:24:22.698+0000] {dag.py:2726} INFO - Sync 1 DAGs
[2023-05-20T15:24:22.747+0000] {logging_mixin.py:149} INFO - [2023-05-20T15:24:22.747+0000] {dag.py:3490} INFO - Setting next_dagrun for example_nested_branch_dag to 2023-05-19T00:00:00+00:00, run_after=2023-05-20T00:00:00+00:00
[2023-05-20T15:24:22.779+0000] {processor.py:179} INFO - Processing /home/airflow/.local/lib/python3.7/site-packages/airflow/example_dags/example_nested_branch_dag.py took 0.149 seconds
[2023-05-20T15:24:52.916+0000] {processor.py:157} INFO - Started process (PID=615) to work on /home/airflow/.local/lib/python3.7/site-packages/airflow/example_dags/example_nested_branch_dag.py
[2023-05-20T15:24:52.917+0000] {processor.py:826} INFO - Processing file /home/airflow/.local/lib/python3.7/site-packages/airflow/example_dags/example_nested_branch_dag.py for tasks to queue
[2023-05-20T15:24:52.918+0000] {logging_mixin.py:149} INFO - [2023-05-20T15:24:52.918+0000] {dagbag.py:541} INFO - Filling up the DagBag from /home/airflow/.local/lib/python3.7/site-packages/airflow/example_dags/example_nested_branch_dag.py
[2023-05-20T15:24:52.930+0000] {processor.py:836} INFO - DAG(s) dict_keys(['example_nested_branch_dag']) retrieved from /home/airflow/.local/lib/python3.7/site-packages/airflow/example_dags/example_nested_branch_dag.py
[2023-05-20T15:24:52.962+0000] {logging_mixin.py:149} INFO - [2023-05-20T15:24:52.962+0000] {dag.py:2726} INFO - Sync 1 DAGs
[2023-05-20T15:24:53.001+0000] {logging_mixin.py:149} INFO - [2023-05-20T15:24:53.001+0000] {dag.py:3490} INFO - Setting next_dagrun for example_nested_branch_dag to 2023-05-19T00:00:00+00:00, run_after=2023-05-20T00:00:00+00:00
[2023-05-20T15:24:53.033+0000] {processor.py:179} INFO - Processing /home/airflow/.local/lib/python3.7/site-packages/airflow/example_dags/example_nested_branch_dag.py took 0.121 seconds
[2023-05-20T15:25:23.535+0000] {processor.py:157} INFO - Started process (PID=673) to work on /home/airflow/.local/lib/python3.7/site-packages/airflow/example_dags/example_nested_branch_dag.py
[2023-05-20T15:25:23.537+0000] {processor.py:826} INFO - Processing file /home/airflow/.local/lib/python3.7/site-packages/airflow/example_dags/example_nested_branch_dag.py for tasks to queue
[2023-05-20T15:25:23.539+0000] {logging_mixin.py:149} INFO - [2023-05-20T15:25:23.539+0000] {dagbag.py:541} INFO - Filling up the DagBag from /home/airflow/.local/lib/python3.7/site-packages/airflow/example_dags/example_nested_branch_dag.py
[2023-05-20T15:25:23.558+0000] {processor.py:836} INFO - DAG(s) dict_keys(['example_nested_branch_dag']) retrieved from /home/airflow/.local/lib/python3.7/site-packages/airflow/example_dags/example_nested_branch_dag.py
[2023-05-20T15:25:23.605+0000] {logging_mixin.py:149} INFO - [2023-05-20T15:25:23.605+0000] {dag.py:2726} INFO - Sync 1 DAGs
[2023-05-20T15:25:23.647+0000] {logging_mixin.py:149} INFO - [2023-05-20T15:25:23.646+0000] {dag.py:3490} INFO - Setting next_dagrun for example_nested_branch_dag to 2023-05-19T00:00:00+00:00, run_after=2023-05-20T00:00:00+00:00
[2023-05-20T15:25:23.680+0000] {processor.py:179} INFO - Processing /home/airflow/.local/lib/python3.7/site-packages/airflow/example_dags/example_nested_branch_dag.py took 0.150 seconds
[2023-05-20T15:25:53.798+0000] {processor.py:157} INFO - Started process (PID=731) to work on /home/airflow/.local/lib/python3.7/site-packages/airflow/example_dags/example_nested_branch_dag.py
[2023-05-20T15:25:53.818+0000] {processor.py:826} INFO - Processing file /home/airflow/.local/lib/python3.7/site-packages/airflow/example_dags/example_nested_branch_dag.py for tasks to queue
[2023-05-20T15:25:53.820+0000] {logging_mixin.py:149} INFO - [2023-05-20T15:25:53.820+0000] {dagbag.py:541} INFO - Filling up the DagBag from /home/airflow/.local/lib/python3.7/site-packages/airflow/example_dags/example_nested_branch_dag.py
[2023-05-20T15:25:53.842+0000] {processor.py:836} INFO - DAG(s) dict_keys(['example_nested_branch_dag']) retrieved from /home/airflow/.local/lib/python3.7/site-packages/airflow/example_dags/example_nested_branch_dag.py
[2023-05-20T15:25:53.899+0000] {logging_mixin.py:149} INFO - [2023-05-20T15:25:53.898+0000] {dag.py:2726} INFO - Sync 1 DAGs
[2023-05-20T15:25:53.954+0000] {logging_mixin.py:149} INFO - [2023-05-20T15:25:53.954+0000] {dag.py:3490} INFO - Setting next_dagrun for example_nested_branch_dag to 2023-05-19T00:00:00+00:00, run_after=2023-05-20T00:00:00+00:00
[2023-05-20T15:25:54.016+0000] {processor.py:179} INFO - Processing /home/airflow/.local/lib/python3.7/site-packages/airflow/example_dags/example_nested_branch_dag.py took 0.225 seconds
[2023-05-20T15:26:24.219+0000] {processor.py:157} INFO - Started process (PID=789) to work on /home/airflow/.local/lib/python3.7/site-packages/airflow/example_dags/example_nested_branch_dag.py
[2023-05-20T15:26:24.221+0000] {processor.py:826} INFO - Processing file /home/airflow/.local/lib/python3.7/site-packages/airflow/example_dags/example_nested_branch_dag.py for tasks to queue
[2023-05-20T15:26:24.222+0000] {logging_mixin.py:149} INFO - [2023-05-20T15:26:24.222+0000] {dagbag.py:541} INFO - Filling up the DagBag from /home/airflow/.local/lib/python3.7/site-packages/airflow/example_dags/example_nested_branch_dag.py
[2023-05-20T15:26:24.238+0000] {processor.py:836} INFO - DAG(s) dict_keys(['example_nested_branch_dag']) retrieved from /home/airflow/.local/lib/python3.7/site-packages/airflow/example_dags/example_nested_branch_dag.py
[2023-05-20T15:26:24.275+0000] {logging_mixin.py:149} INFO - [2023-05-20T15:26:24.275+0000] {dag.py:2726} INFO - Sync 1 DAGs
[2023-05-20T15:26:24.312+0000] {logging_mixin.py:149} INFO - [2023-05-20T15:26:24.312+0000] {dag.py:3490} INFO - Setting next_dagrun for example_nested_branch_dag to 2023-05-19T00:00:00+00:00, run_after=2023-05-20T00:00:00+00:00
[2023-05-20T15:26:24.380+0000] {processor.py:179} INFO - Processing /home/airflow/.local/lib/python3.7/site-packages/airflow/example_dags/example_nested_branch_dag.py took 0.166 seconds
[2023-05-20T15:26:54.455+0000] {processor.py:157} INFO - Started process (PID=847) to work on /home/airflow/.local/lib/python3.7/site-packages/airflow/example_dags/example_nested_branch_dag.py
[2023-05-20T15:26:54.458+0000] {processor.py:826} INFO - Processing file /home/airflow/.local/lib/python3.7/site-packages/airflow/example_dags/example_nested_branch_dag.py for tasks to queue
[2023-05-20T15:26:54.459+0000] {logging_mixin.py:149} INFO - [2023-05-20T15:26:54.459+0000] {dagbag.py:541} INFO - Filling up the DagBag from /home/airflow/.local/lib/python3.7/site-packages/airflow/example_dags/example_nested_branch_dag.py
[2023-05-20T15:26:54.477+0000] {processor.py:836} INFO - DAG(s) dict_keys(['example_nested_branch_dag']) retrieved from /home/airflow/.local/lib/python3.7/site-packages/airflow/example_dags/example_nested_branch_dag.py
[2023-05-20T15:26:54.521+0000] {logging_mixin.py:149} INFO - [2023-05-20T15:26:54.520+0000] {dag.py:2726} INFO - Sync 1 DAGs
[2023-05-20T15:26:54.575+0000] {logging_mixin.py:149} INFO - [2023-05-20T15:26:54.574+0000] {dag.py:3490} INFO - Setting next_dagrun for example_nested_branch_dag to 2023-05-19T00:00:00+00:00, run_after=2023-05-20T00:00:00+00:00
[2023-05-20T15:26:54.612+0000] {processor.py:179} INFO - Processing /home/airflow/.local/lib/python3.7/site-packages/airflow/example_dags/example_nested_branch_dag.py took 0.162 seconds
[2023-05-20T15:27:25.174+0000] {processor.py:157} INFO - Started process (PID=905) to work on /home/airflow/.local/lib/python3.7/site-packages/airflow/example_dags/example_nested_branch_dag.py
[2023-05-20T15:27:25.175+0000] {processor.py:826} INFO - Processing file /home/airflow/.local/lib/python3.7/site-packages/airflow/example_dags/example_nested_branch_dag.py for tasks to queue
[2023-05-20T15:27:25.177+0000] {logging_mixin.py:149} INFO - [2023-05-20T15:27:25.177+0000] {dagbag.py:541} INFO - Filling up the DagBag from /home/airflow/.local/lib/python3.7/site-packages/airflow/example_dags/example_nested_branch_dag.py
[2023-05-20T15:27:25.192+0000] {processor.py:836} INFO - DAG(s) dict_keys(['example_nested_branch_dag']) retrieved from /home/airflow/.local/lib/python3.7/site-packages/airflow/example_dags/example_nested_branch_dag.py
[2023-05-20T15:27:25.228+0000] {logging_mixin.py:149} INFO - [2023-05-20T15:27:25.227+0000] {dag.py:2726} INFO - Sync 1 DAGs
[2023-05-20T15:27:25.266+0000] {logging_mixin.py:149} INFO - [2023-05-20T15:27:25.266+0000] {dag.py:3490} INFO - Setting next_dagrun for example_nested_branch_dag to 2023-05-19T00:00:00+00:00, run_after=2023-05-20T00:00:00+00:00
[2023-05-20T15:27:25.337+0000] {processor.py:179} INFO - Processing /home/airflow/.local/lib/python3.7/site-packages/airflow/example_dags/example_nested_branch_dag.py took 0.168 seconds
[2023-05-20T15:27:55.622+0000] {processor.py:157} INFO - Started process (PID=963) to work on /home/airflow/.local/lib/python3.7/site-packages/airflow/example_dags/example_nested_branch_dag.py
[2023-05-20T15:27:55.624+0000] {processor.py:826} INFO - Processing file /home/airflow/.local/lib/python3.7/site-packages/airflow/example_dags/example_nested_branch_dag.py for tasks to queue
[2023-05-20T15:27:55.626+0000] {logging_mixin.py:149} INFO - [2023-05-20T15:27:55.626+0000] {dagbag.py:541} INFO - Filling up the DagBag from /home/airflow/.local/lib/python3.7/site-packages/airflow/example_dags/example_nested_branch_dag.py
[2023-05-20T15:27:55.647+0000] {processor.py:836} INFO - DAG(s) dict_keys(['example_nested_branch_dag']) retrieved from /home/airflow/.local/lib/python3.7/site-packages/airflow/example_dags/example_nested_branch_dag.py
[2023-05-20T15:27:55.711+0000] {logging_mixin.py:149} INFO - [2023-05-20T15:27:55.711+0000] {dag.py:2726} INFO - Sync 1 DAGs
[2023-05-20T15:27:55.762+0000] {logging_mixin.py:149} INFO - [2023-05-20T15:27:55.761+0000] {dag.py:3490} INFO - Setting next_dagrun for example_nested_branch_dag to 2023-05-19T00:00:00+00:00, run_after=2023-05-20T00:00:00+00:00
[2023-05-20T15:27:55.804+0000] {processor.py:179} INFO - Processing /home/airflow/.local/lib/python3.7/site-packages/airflow/example_dags/example_nested_branch_dag.py took 0.188 seconds
[2023-05-20T15:28:25.983+0000] {processor.py:157} INFO - Started process (PID=1021) to work on /home/airflow/.local/lib/python3.7/site-packages/airflow/example_dags/example_nested_branch_dag.py
[2023-05-20T15:28:25.986+0000] {processor.py:826} INFO - Processing file /home/airflow/.local/lib/python3.7/site-packages/airflow/example_dags/example_nested_branch_dag.py for tasks to queue
[2023-05-20T15:28:25.988+0000] {logging_mixin.py:149} INFO - [2023-05-20T15:28:25.987+0000] {dagbag.py:541} INFO - Filling up the DagBag from /home/airflow/.local/lib/python3.7/site-packages/airflow/example_dags/example_nested_branch_dag.py
[2023-05-20T15:28:26.004+0000] {processor.py:836} INFO - DAG(s) dict_keys(['example_nested_branch_dag']) retrieved from /home/airflow/.local/lib/python3.7/site-packages/airflow/example_dags/example_nested_branch_dag.py
[2023-05-20T15:28:26.043+0000] {logging_mixin.py:149} INFO - [2023-05-20T15:28:26.043+0000] {dag.py:2726} INFO - Sync 1 DAGs
[2023-05-20T15:28:26.079+0000] {logging_mixin.py:149} INFO - [2023-05-20T15:28:26.079+0000] {dag.py:3490} INFO - Setting next_dagrun for example_nested_branch_dag to 2023-05-19T00:00:00+00:00, run_after=2023-05-20T00:00:00+00:00
[2023-05-20T15:28:26.103+0000] {processor.py:179} INFO - Processing /home/airflow/.local/lib/python3.7/site-packages/airflow/example_dags/example_nested_branch_dag.py took 0.127 seconds
[2023-05-20T15:28:56.314+0000] {processor.py:157} INFO - Started process (PID=1079) to work on /home/airflow/.local/lib/python3.7/site-packages/airflow/example_dags/example_nested_branch_dag.py
[2023-05-20T15:28:56.316+0000] {processor.py:826} INFO - Processing file /home/airflow/.local/lib/python3.7/site-packages/airflow/example_dags/example_nested_branch_dag.py for tasks to queue
[2023-05-20T15:28:56.317+0000] {logging_mixin.py:149} INFO - [2023-05-20T15:28:56.317+0000] {dagbag.py:541} INFO - Filling up the DagBag from /home/airflow/.local/lib/python3.7/site-packages/airflow/example_dags/example_nested_branch_dag.py
[2023-05-20T15:28:56.334+0000] {processor.py:836} INFO - DAG(s) dict_keys(['example_nested_branch_dag']) retrieved from /home/airflow/.local/lib/python3.7/site-packages/airflow/example_dags/example_nested_branch_dag.py
[2023-05-20T15:28:56.371+0000] {logging_mixin.py:149} INFO - [2023-05-20T15:28:56.371+0000] {dag.py:2726} INFO - Sync 1 DAGs
[2023-05-20T15:28:56.409+0000] {logging_mixin.py:149} INFO - [2023-05-20T15:28:56.409+0000] {dag.py:3490} INFO - Setting next_dagrun for example_nested_branch_dag to 2023-05-19T00:00:00+00:00, run_after=2023-05-20T00:00:00+00:00
[2023-05-20T15:28:56.438+0000] {processor.py:179} INFO - Processing /home/airflow/.local/lib/python3.7/site-packages/airflow/example_dags/example_nested_branch_dag.py took 0.129 seconds
[2023-05-20T15:29:26.698+0000] {processor.py:157} INFO - Started process (PID=1137) to work on /home/airflow/.local/lib/python3.7/site-packages/airflow/example_dags/example_nested_branch_dag.py
[2023-05-20T15:29:26.700+0000] {processor.py:826} INFO - Processing file /home/airflow/.local/lib/python3.7/site-packages/airflow/example_dags/example_nested_branch_dag.py for tasks to queue
[2023-05-20T15:29:26.702+0000] {logging_mixin.py:149} INFO - [2023-05-20T15:29:26.702+0000] {dagbag.py:541} INFO - Filling up the DagBag from /home/airflow/.local/lib/python3.7/site-packages/airflow/example_dags/example_nested_branch_dag.py
[2023-05-20T15:29:26.718+0000] {processor.py:836} INFO - DAG(s) dict_keys(['example_nested_branch_dag']) retrieved from /home/airflow/.local/lib/python3.7/site-packages/airflow/example_dags/example_nested_branch_dag.py
[2023-05-20T15:29:26.755+0000] {logging_mixin.py:149} INFO - [2023-05-20T15:29:26.754+0000] {dag.py:2726} INFO - Sync 1 DAGs
[2023-05-20T15:29:26.795+0000] {logging_mixin.py:149} INFO - [2023-05-20T15:29:26.794+0000] {dag.py:3490} INFO - Setting next_dagrun for example_nested_branch_dag to 2023-05-19T00:00:00+00:00, run_after=2023-05-20T00:00:00+00:00
[2023-05-20T15:29:26.823+0000] {processor.py:179} INFO - Processing /home/airflow/.local/lib/python3.7/site-packages/airflow/example_dags/example_nested_branch_dag.py took 0.129 seconds
[2023-05-20T15:29:56.913+0000] {processor.py:157} INFO - Started process (PID=1195) to work on /home/airflow/.local/lib/python3.7/site-packages/airflow/example_dags/example_nested_branch_dag.py
[2023-05-20T15:29:56.914+0000] {processor.py:826} INFO - Processing file /home/airflow/.local/lib/python3.7/site-packages/airflow/example_dags/example_nested_branch_dag.py for tasks to queue
[2023-05-20T15:29:56.916+0000] {logging_mixin.py:149} INFO - [2023-05-20T15:29:56.916+0000] {dagbag.py:541} INFO - Filling up the DagBag from /home/airflow/.local/lib/python3.7/site-packages/airflow/example_dags/example_nested_branch_dag.py
[2023-05-20T15:29:56.927+0000] {processor.py:836} INFO - DAG(s) dict_keys(['example_nested_branch_dag']) retrieved from /home/airflow/.local/lib/python3.7/site-packages/airflow/example_dags/example_nested_branch_dag.py
[2023-05-20T15:29:56.958+0000] {logging_mixin.py:149} INFO - [2023-05-20T15:29:56.958+0000] {dag.py:2726} INFO - Sync 1 DAGs
[2023-05-20T15:29:56.991+0000] {logging_mixin.py:149} INFO - [2023-05-20T15:29:56.990+0000] {dag.py:3490} INFO - Setting next_dagrun for example_nested_branch_dag to 2023-05-19T00:00:00+00:00, run_after=2023-05-20T00:00:00+00:00
[2023-05-20T15:29:57.017+0000] {processor.py:179} INFO - Processing /home/airflow/.local/lib/python3.7/site-packages/airflow/example_dags/example_nested_branch_dag.py took 0.108 seconds
[2023-05-20T15:30:27.112+0000] {processor.py:157} INFO - Started process (PID=1253) to work on /home/airflow/.local/lib/python3.7/site-packages/airflow/example_dags/example_nested_branch_dag.py
[2023-05-20T15:30:27.114+0000] {processor.py:826} INFO - Processing file /home/airflow/.local/lib/python3.7/site-packages/airflow/example_dags/example_nested_branch_dag.py for tasks to queue
[2023-05-20T15:30:27.115+0000] {logging_mixin.py:149} INFO - [2023-05-20T15:30:27.115+0000] {dagbag.py:541} INFO - Filling up the DagBag from /home/airflow/.local/lib/python3.7/site-packages/airflow/example_dags/example_nested_branch_dag.py
[2023-05-20T15:30:27.133+0000] {processor.py:836} INFO - DAG(s) dict_keys(['example_nested_branch_dag']) retrieved from /home/airflow/.local/lib/python3.7/site-packages/airflow/example_dags/example_nested_branch_dag.py
[2023-05-20T15:30:27.184+0000] {logging_mixin.py:149} INFO - [2023-05-20T15:30:27.184+0000] {dag.py:2726} INFO - Sync 1 DAGs
[2023-05-20T15:30:27.223+0000] {logging_mixin.py:149} INFO - [2023-05-20T15:30:27.222+0000] {dag.py:3490} INFO - Setting next_dagrun for example_nested_branch_dag to 2023-05-19T00:00:00+00:00, run_after=2023-05-20T00:00:00+00:00
[2023-05-20T15:30:27.250+0000] {processor.py:179} INFO - Processing /home/airflow/.local/lib/python3.7/site-packages/airflow/example_dags/example_nested_branch_dag.py took 0.144 seconds
[2023-05-20T15:30:57.377+0000] {processor.py:157} INFO - Started process (PID=1311) to work on /home/airflow/.local/lib/python3.7/site-packages/airflow/example_dags/example_nested_branch_dag.py
[2023-05-20T15:30:57.379+0000] {processor.py:826} INFO - Processing file /home/airflow/.local/lib/python3.7/site-packages/airflow/example_dags/example_nested_branch_dag.py for tasks to queue
[2023-05-20T15:30:57.381+0000] {logging_mixin.py:149} INFO - [2023-05-20T15:30:57.381+0000] {dagbag.py:541} INFO - Filling up the DagBag from /home/airflow/.local/lib/python3.7/site-packages/airflow/example_dags/example_nested_branch_dag.py
[2023-05-20T15:30:57.394+0000] {processor.py:836} INFO - DAG(s) dict_keys(['example_nested_branch_dag']) retrieved from /home/airflow/.local/lib/python3.7/site-packages/airflow/example_dags/example_nested_branch_dag.py
[2023-05-20T15:30:57.426+0000] {logging_mixin.py:149} INFO - [2023-05-20T15:30:57.426+0000] {dag.py:2726} INFO - Sync 1 DAGs
[2023-05-20T15:30:57.463+0000] {logging_mixin.py:149} INFO - [2023-05-20T15:30:57.463+0000] {dag.py:3490} INFO - Setting next_dagrun for example_nested_branch_dag to 2023-05-19T00:00:00+00:00, run_after=2023-05-20T00:00:00+00:00
[2023-05-20T15:30:57.494+0000] {processor.py:179} INFO - Processing /home/airflow/.local/lib/python3.7/site-packages/airflow/example_dags/example_nested_branch_dag.py took 0.122 seconds
[2023-05-20T15:31:27.595+0000] {processor.py:157} INFO - Started process (PID=1369) to work on /home/airflow/.local/lib/python3.7/site-packages/airflow/example_dags/example_nested_branch_dag.py
[2023-05-20T15:31:27.597+0000] {processor.py:826} INFO - Processing file /home/airflow/.local/lib/python3.7/site-packages/airflow/example_dags/example_nested_branch_dag.py for tasks to queue
[2023-05-20T15:31:27.598+0000] {logging_mixin.py:149} INFO - [2023-05-20T15:31:27.598+0000] {dagbag.py:541} INFO - Filling up the DagBag from /home/airflow/.local/lib/python3.7/site-packages/airflow/example_dags/example_nested_branch_dag.py
[2023-05-20T15:31:27.612+0000] {processor.py:836} INFO - DAG(s) dict_keys(['example_nested_branch_dag']) retrieved from /home/airflow/.local/lib/python3.7/site-packages/airflow/example_dags/example_nested_branch_dag.py
[2023-05-20T15:31:27.647+0000] {logging_mixin.py:149} INFO - [2023-05-20T15:31:27.646+0000] {dag.py:2726} INFO - Sync 1 DAGs
[2023-05-20T15:31:27.681+0000] {logging_mixin.py:149} INFO - [2023-05-20T15:31:27.681+0000] {dag.py:3490} INFO - Setting next_dagrun for example_nested_branch_dag to 2023-05-19T00:00:00+00:00, run_after=2023-05-20T00:00:00+00:00
[2023-05-20T15:31:27.704+0000] {processor.py:179} INFO - Processing /home/airflow/.local/lib/python3.7/site-packages/airflow/example_dags/example_nested_branch_dag.py took 0.113 seconds
[2023-05-20T15:31:57.942+0000] {processor.py:157} INFO - Started process (PID=1427) to work on /home/airflow/.local/lib/python3.7/site-packages/airflow/example_dags/example_nested_branch_dag.py
[2023-05-20T15:31:57.944+0000] {processor.py:826} INFO - Processing file /home/airflow/.local/lib/python3.7/site-packages/airflow/example_dags/example_nested_branch_dag.py for tasks to queue
[2023-05-20T15:31:57.946+0000] {logging_mixin.py:149} INFO - [2023-05-20T15:31:57.945+0000] {dagbag.py:541} INFO - Filling up the DagBag from /home/airflow/.local/lib/python3.7/site-packages/airflow/example_dags/example_nested_branch_dag.py
[2023-05-20T15:31:57.961+0000] {processor.py:836} INFO - DAG(s) dict_keys(['example_nested_branch_dag']) retrieved from /home/airflow/.local/lib/python3.7/site-packages/airflow/example_dags/example_nested_branch_dag.py
[2023-05-20T15:31:57.997+0000] {logging_mixin.py:149} INFO - [2023-05-20T15:31:57.997+0000] {dag.py:2726} INFO - Sync 1 DAGs
[2023-05-20T15:31:58.033+0000] {logging_mixin.py:149} INFO - [2023-05-20T15:31:58.033+0000] {dag.py:3490} INFO - Setting next_dagrun for example_nested_branch_dag to 2023-05-19T00:00:00+00:00, run_after=2023-05-20T00:00:00+00:00
[2023-05-20T15:31:58.072+0000] {processor.py:179} INFO - Processing /home/airflow/.local/lib/python3.7/site-packages/airflow/example_dags/example_nested_branch_dag.py took 0.134 seconds
[2023-05-20T15:32:28.572+0000] {processor.py:157} INFO - Started process (PID=1485) to work on /home/airflow/.local/lib/python3.7/site-packages/airflow/example_dags/example_nested_branch_dag.py
[2023-05-20T15:32:28.575+0000] {processor.py:826} INFO - Processing file /home/airflow/.local/lib/python3.7/site-packages/airflow/example_dags/example_nested_branch_dag.py for tasks to queue
[2023-05-20T15:32:28.577+0000] {logging_mixin.py:149} INFO - [2023-05-20T15:32:28.577+0000] {dagbag.py:541} INFO - Filling up the DagBag from /home/airflow/.local/lib/python3.7/site-packages/airflow/example_dags/example_nested_branch_dag.py
[2023-05-20T15:32:28.594+0000] {processor.py:836} INFO - DAG(s) dict_keys(['example_nested_branch_dag']) retrieved from /home/airflow/.local/lib/python3.7/site-packages/airflow/example_dags/example_nested_branch_dag.py
[2023-05-20T15:32:28.638+0000] {logging_mixin.py:149} INFO - [2023-05-20T15:32:28.638+0000] {dag.py:2726} INFO - Sync 1 DAGs
[2023-05-20T15:32:28.688+0000] {logging_mixin.py:149} INFO - [2023-05-20T15:32:28.688+0000] {dag.py:3490} INFO - Setting next_dagrun for example_nested_branch_dag to 2023-05-19T00:00:00+00:00, run_after=2023-05-20T00:00:00+00:00
[2023-05-20T15:32:28.726+0000] {processor.py:179} INFO - Processing /home/airflow/.local/lib/python3.7/site-packages/airflow/example_dags/example_nested_branch_dag.py took 0.161 seconds
[2023-05-20T15:32:59.016+0000] {processor.py:157} INFO - Started process (PID=1543) to work on /home/airflow/.local/lib/python3.7/site-packages/airflow/example_dags/example_nested_branch_dag.py
[2023-05-20T15:32:59.018+0000] {processor.py:826} INFO - Processing file /home/airflow/.local/lib/python3.7/site-packages/airflow/example_dags/example_nested_branch_dag.py for tasks to queue
[2023-05-20T15:32:59.020+0000] {logging_mixin.py:149} INFO - [2023-05-20T15:32:59.020+0000] {dagbag.py:541} INFO - Filling up the DagBag from /home/airflow/.local/lib/python3.7/site-packages/airflow/example_dags/example_nested_branch_dag.py
[2023-05-20T15:32:59.035+0000] {processor.py:836} INFO - DAG(s) dict_keys(['example_nested_branch_dag']) retrieved from /home/airflow/.local/lib/python3.7/site-packages/airflow/example_dags/example_nested_branch_dag.py
[2023-05-20T15:32:59.073+0000] {logging_mixin.py:149} INFO - [2023-05-20T15:32:59.073+0000] {dag.py:2726} INFO - Sync 1 DAGs
[2023-05-20T15:32:59.117+0000] {logging_mixin.py:149} INFO - [2023-05-20T15:32:59.117+0000] {dag.py:3490} INFO - Setting next_dagrun for example_nested_branch_dag to 2023-05-19T00:00:00+00:00, run_after=2023-05-20T00:00:00+00:00
[2023-05-20T15:32:59.142+0000] {processor.py:179} INFO - Processing /home/airflow/.local/lib/python3.7/site-packages/airflow/example_dags/example_nested_branch_dag.py took 0.131 seconds
[2023-05-20T15:33:29.390+0000] {processor.py:157} INFO - Started process (PID=1601) to work on /home/airflow/.local/lib/python3.7/site-packages/airflow/example_dags/example_nested_branch_dag.py
[2023-05-20T15:33:29.392+0000] {processor.py:826} INFO - Processing file /home/airflow/.local/lib/python3.7/site-packages/airflow/example_dags/example_nested_branch_dag.py for tasks to queue
[2023-05-20T15:33:29.394+0000] {logging_mixin.py:149} INFO - [2023-05-20T15:33:29.394+0000] {dagbag.py:541} INFO - Filling up the DagBag from /home/airflow/.local/lib/python3.7/site-packages/airflow/example_dags/example_nested_branch_dag.py
[2023-05-20T15:33:29.410+0000] {processor.py:836} INFO - DAG(s) dict_keys(['example_nested_branch_dag']) retrieved from /home/airflow/.local/lib/python3.7/site-packages/airflow/example_dags/example_nested_branch_dag.py
[2023-05-20T15:33:29.449+0000] {logging_mixin.py:149} INFO - [2023-05-20T15:33:29.449+0000] {dag.py:2726} INFO - Sync 1 DAGs
[2023-05-20T15:33:29.488+0000] {logging_mixin.py:149} INFO - [2023-05-20T15:33:29.488+0000] {dag.py:3490} INFO - Setting next_dagrun for example_nested_branch_dag to 2023-05-19T00:00:00+00:00, run_after=2023-05-20T00:00:00+00:00
[2023-05-20T15:33:29.518+0000] {processor.py:179} INFO - Processing /home/airflow/.local/lib/python3.7/site-packages/airflow/example_dags/example_nested_branch_dag.py took 0.133 seconds
[2023-05-20T15:33:59.715+0000] {processor.py:157} INFO - Started process (PID=1659) to work on /home/airflow/.local/lib/python3.7/site-packages/airflow/example_dags/example_nested_branch_dag.py
[2023-05-20T15:33:59.718+0000] {processor.py:826} INFO - Processing file /home/airflow/.local/lib/python3.7/site-packages/airflow/example_dags/example_nested_branch_dag.py for tasks to queue
[2023-05-20T15:33:59.720+0000] {logging_mixin.py:149} INFO - [2023-05-20T15:33:59.719+0000] {dagbag.py:541} INFO - Filling up the DagBag from /home/airflow/.local/lib/python3.7/site-packages/airflow/example_dags/example_nested_branch_dag.py
[2023-05-20T15:33:59.736+0000] {processor.py:836} INFO - DAG(s) dict_keys(['example_nested_branch_dag']) retrieved from /home/airflow/.local/lib/python3.7/site-packages/airflow/example_dags/example_nested_branch_dag.py
[2023-05-20T15:33:59.780+0000] {logging_mixin.py:149} INFO - [2023-05-20T15:33:59.780+0000] {dag.py:2726} INFO - Sync 1 DAGs
[2023-05-20T15:33:59.830+0000] {logging_mixin.py:149} INFO - [2023-05-20T15:33:59.830+0000] {dag.py:3490} INFO - Setting next_dagrun for example_nested_branch_dag to 2023-05-19T00:00:00+00:00, run_after=2023-05-20T00:00:00+00:00
[2023-05-20T15:33:59.853+0000] {processor.py:179} INFO - Processing /home/airflow/.local/lib/python3.7/site-packages/airflow/example_dags/example_nested_branch_dag.py took 0.144 seconds
[2023-05-20T15:34:30.025+0000] {processor.py:157} INFO - Started process (PID=1717) to work on /home/airflow/.local/lib/python3.7/site-packages/airflow/example_dags/example_nested_branch_dag.py
[2023-05-20T15:34:30.050+0000] {processor.py:826} INFO - Processing file /home/airflow/.local/lib/python3.7/site-packages/airflow/example_dags/example_nested_branch_dag.py for tasks to queue
[2023-05-20T15:34:30.053+0000] {logging_mixin.py:149} INFO - [2023-05-20T15:34:30.052+0000] {dagbag.py:541} INFO - Filling up the DagBag from /home/airflow/.local/lib/python3.7/site-packages/airflow/example_dags/example_nested_branch_dag.py
[2023-05-20T15:34:30.069+0000] {processor.py:836} INFO - DAG(s) dict_keys(['example_nested_branch_dag']) retrieved from /home/airflow/.local/lib/python3.7/site-packages/airflow/example_dags/example_nested_branch_dag.py
[2023-05-20T15:34:30.105+0000] {logging_mixin.py:149} INFO - [2023-05-20T15:34:30.105+0000] {dag.py:2726} INFO - Sync 1 DAGs
[2023-05-20T15:34:30.160+0000] {logging_mixin.py:149} INFO - [2023-05-20T15:34:30.160+0000] {dag.py:3490} INFO - Setting next_dagrun for example_nested_branch_dag to 2023-05-19T00:00:00+00:00, run_after=2023-05-20T00:00:00+00:00
[2023-05-20T15:34:30.183+0000] {processor.py:179} INFO - Processing /home/airflow/.local/lib/python3.7/site-packages/airflow/example_dags/example_nested_branch_dag.py took 0.161 seconds
[2023-05-20T15:35:00.693+0000] {processor.py:157} INFO - Started process (PID=1775) to work on /home/airflow/.local/lib/python3.7/site-packages/airflow/example_dags/example_nested_branch_dag.py
[2023-05-20T15:35:00.695+0000] {processor.py:826} INFO - Processing file /home/airflow/.local/lib/python3.7/site-packages/airflow/example_dags/example_nested_branch_dag.py for tasks to queue
[2023-05-20T15:35:00.696+0000] {logging_mixin.py:149} INFO - [2023-05-20T15:35:00.696+0000] {dagbag.py:541} INFO - Filling up the DagBag from /home/airflow/.local/lib/python3.7/site-packages/airflow/example_dags/example_nested_branch_dag.py
[2023-05-20T15:35:00.713+0000] {processor.py:836} INFO - DAG(s) dict_keys(['example_nested_branch_dag']) retrieved from /home/airflow/.local/lib/python3.7/site-packages/airflow/example_dags/example_nested_branch_dag.py
[2023-05-20T15:35:00.750+0000] {logging_mixin.py:149} INFO - [2023-05-20T15:35:00.750+0000] {dag.py:2726} INFO - Sync 1 DAGs
[2023-05-20T15:35:00.789+0000] {logging_mixin.py:149} INFO - [2023-05-20T15:35:00.788+0000] {dag.py:3490} INFO - Setting next_dagrun for example_nested_branch_dag to 2023-05-19T00:00:00+00:00, run_after=2023-05-20T00:00:00+00:00
[2023-05-20T15:35:00.818+0000] {processor.py:179} INFO - Processing /home/airflow/.local/lib/python3.7/site-packages/airflow/example_dags/example_nested_branch_dag.py took 0.129 seconds
[2023-05-20T15:35:31.188+0000] {processor.py:157} INFO - Started process (PID=1833) to work on /home/airflow/.local/lib/python3.7/site-packages/airflow/example_dags/example_nested_branch_dag.py
[2023-05-20T15:35:31.190+0000] {processor.py:826} INFO - Processing file /home/airflow/.local/lib/python3.7/site-packages/airflow/example_dags/example_nested_branch_dag.py for tasks to queue
[2023-05-20T15:35:31.192+0000] {logging_mixin.py:149} INFO - [2023-05-20T15:35:31.192+0000] {dagbag.py:541} INFO - Filling up the DagBag from /home/airflow/.local/lib/python3.7/site-packages/airflow/example_dags/example_nested_branch_dag.py
[2023-05-20T15:35:31.208+0000] {processor.py:836} INFO - DAG(s) dict_keys(['example_nested_branch_dag']) retrieved from /home/airflow/.local/lib/python3.7/site-packages/airflow/example_dags/example_nested_branch_dag.py
[2023-05-20T15:35:31.250+0000] {logging_mixin.py:149} INFO - [2023-05-20T15:35:31.250+0000] {dag.py:2726} INFO - Sync 1 DAGs
[2023-05-20T15:35:31.289+0000] {logging_mixin.py:149} INFO - [2023-05-20T15:35:31.289+0000] {dag.py:3490} INFO - Setting next_dagrun for example_nested_branch_dag to 2023-05-19T00:00:00+00:00, run_after=2023-05-20T00:00:00+00:00
[2023-05-20T15:35:31.320+0000] {processor.py:179} INFO - Processing /home/airflow/.local/lib/python3.7/site-packages/airflow/example_dags/example_nested_branch_dag.py took 0.138 seconds
[2023-05-20T15:36:02.205+0000] {processor.py:157} INFO - Started process (PID=1891) to work on /home/airflow/.local/lib/python3.7/site-packages/airflow/example_dags/example_nested_branch_dag.py
[2023-05-20T15:36:02.207+0000] {processor.py:826} INFO - Processing file /home/airflow/.local/lib/python3.7/site-packages/airflow/example_dags/example_nested_branch_dag.py for tasks to queue
[2023-05-20T15:36:02.209+0000] {logging_mixin.py:149} INFO - [2023-05-20T15:36:02.209+0000] {dagbag.py:541} INFO - Filling up the DagBag from /home/airflow/.local/lib/python3.7/site-packages/airflow/example_dags/example_nested_branch_dag.py
[2023-05-20T15:36:02.224+0000] {processor.py:836} INFO - DAG(s) dict_keys(['example_nested_branch_dag']) retrieved from /home/airflow/.local/lib/python3.7/site-packages/airflow/example_dags/example_nested_branch_dag.py
[2023-05-20T15:36:02.257+0000] {logging_mixin.py:149} INFO - [2023-05-20T15:36:02.257+0000] {dag.py:2726} INFO - Sync 1 DAGs
[2023-05-20T15:36:02.288+0000] {logging_mixin.py:149} INFO - [2023-05-20T15:36:02.288+0000] {dag.py:3490} INFO - Setting next_dagrun for example_nested_branch_dag to 2023-05-19T00:00:00+00:00, run_after=2023-05-20T00:00:00+00:00
[2023-05-20T15:36:02.311+0000] {processor.py:179} INFO - Processing /home/airflow/.local/lib/python3.7/site-packages/airflow/example_dags/example_nested_branch_dag.py took 0.111 seconds
[2023-05-20T15:36:32.520+0000] {processor.py:157} INFO - Started process (PID=1949) to work on /home/airflow/.local/lib/python3.7/site-packages/airflow/example_dags/example_nested_branch_dag.py
[2023-05-20T15:36:32.521+0000] {processor.py:826} INFO - Processing file /home/airflow/.local/lib/python3.7/site-packages/airflow/example_dags/example_nested_branch_dag.py for tasks to queue
[2023-05-20T15:36:32.522+0000] {logging_mixin.py:149} INFO - [2023-05-20T15:36:32.522+0000] {dagbag.py:541} INFO - Filling up the DagBag from /home/airflow/.local/lib/python3.7/site-packages/airflow/example_dags/example_nested_branch_dag.py
[2023-05-20T15:36:32.533+0000] {processor.py:836} INFO - DAG(s) dict_keys(['example_nested_branch_dag']) retrieved from /home/airflow/.local/lib/python3.7/site-packages/airflow/example_dags/example_nested_branch_dag.py
[2023-05-20T15:36:32.564+0000] {logging_mixin.py:149} INFO - [2023-05-20T15:36:32.564+0000] {dag.py:2726} INFO - Sync 1 DAGs
[2023-05-20T15:36:32.595+0000] {logging_mixin.py:149} INFO - [2023-05-20T15:36:32.595+0000] {dag.py:3490} INFO - Setting next_dagrun for example_nested_branch_dag to 2023-05-19T00:00:00+00:00, run_after=2023-05-20T00:00:00+00:00
[2023-05-20T15:36:32.617+0000] {processor.py:179} INFO - Processing /home/airflow/.local/lib/python3.7/site-packages/airflow/example_dags/example_nested_branch_dag.py took 0.101 seconds
[2023-05-20T15:37:02.865+0000] {processor.py:157} INFO - Started process (PID=2008) to work on /home/airflow/.local/lib/python3.7/site-packages/airflow/example_dags/example_nested_branch_dag.py
[2023-05-20T15:37:02.867+0000] {processor.py:826} INFO - Processing file /home/airflow/.local/lib/python3.7/site-packages/airflow/example_dags/example_nested_branch_dag.py for tasks to queue
[2023-05-20T15:37:02.869+0000] {logging_mixin.py:149} INFO - [2023-05-20T15:37:02.869+0000] {dagbag.py:541} INFO - Filling up the DagBag from /home/airflow/.local/lib/python3.7/site-packages/airflow/example_dags/example_nested_branch_dag.py
[2023-05-20T15:37:02.884+0000] {processor.py:836} INFO - DAG(s) dict_keys(['example_nested_branch_dag']) retrieved from /home/airflow/.local/lib/python3.7/site-packages/airflow/example_dags/example_nested_branch_dag.py
[2023-05-20T15:37:02.921+0000] {logging_mixin.py:149} INFO - [2023-05-20T15:37:02.921+0000] {dag.py:2726} INFO - Sync 1 DAGs
[2023-05-20T15:37:02.954+0000] {logging_mixin.py:149} INFO - [2023-05-20T15:37:02.954+0000] {dag.py:3490} INFO - Setting next_dagrun for example_nested_branch_dag to 2023-05-19T00:00:00+00:00, run_after=2023-05-20T00:00:00+00:00
[2023-05-20T15:37:02.979+0000] {processor.py:179} INFO - Processing /home/airflow/.local/lib/python3.7/site-packages/airflow/example_dags/example_nested_branch_dag.py took 0.118 seconds
[2023-05-20T15:37:33.145+0000] {processor.py:157} INFO - Started process (PID=2066) to work on /home/airflow/.local/lib/python3.7/site-packages/airflow/example_dags/example_nested_branch_dag.py
[2023-05-20T15:37:33.150+0000] {processor.py:826} INFO - Processing file /home/airflow/.local/lib/python3.7/site-packages/airflow/example_dags/example_nested_branch_dag.py for tasks to queue
[2023-05-20T15:37:33.156+0000] {logging_mixin.py:149} INFO - [2023-05-20T15:37:33.155+0000] {dagbag.py:541} INFO - Filling up the DagBag from /home/airflow/.local/lib/python3.7/site-packages/airflow/example_dags/example_nested_branch_dag.py
[2023-05-20T15:37:33.180+0000] {processor.py:836} INFO - DAG(s) dict_keys(['example_nested_branch_dag']) retrieved from /home/airflow/.local/lib/python3.7/site-packages/airflow/example_dags/example_nested_branch_dag.py
[2023-05-20T15:37:33.252+0000] {logging_mixin.py:149} INFO - [2023-05-20T15:37:33.252+0000] {dag.py:2726} INFO - Sync 1 DAGs
[2023-05-20T15:37:33.335+0000] {logging_mixin.py:149} INFO - [2023-05-20T15:37:33.334+0000] {dag.py:3490} INFO - Setting next_dagrun for example_nested_branch_dag to 2023-05-19T00:00:00+00:00, run_after=2023-05-20T00:00:00+00:00
[2023-05-20T15:37:33.387+0000] {processor.py:179} INFO - Processing /home/airflow/.local/lib/python3.7/site-packages/airflow/example_dags/example_nested_branch_dag.py took 0.248 seconds
[2023-05-20T15:38:03.520+0000] {processor.py:157} INFO - Started process (PID=2124) to work on /home/airflow/.local/lib/python3.7/site-packages/airflow/example_dags/example_nested_branch_dag.py
[2023-05-20T15:38:03.522+0000] {processor.py:826} INFO - Processing file /home/airflow/.local/lib/python3.7/site-packages/airflow/example_dags/example_nested_branch_dag.py for tasks to queue
[2023-05-20T15:38:03.523+0000] {logging_mixin.py:149} INFO - [2023-05-20T15:38:03.523+0000] {dagbag.py:541} INFO - Filling up the DagBag from /home/airflow/.local/lib/python3.7/site-packages/airflow/example_dags/example_nested_branch_dag.py
[2023-05-20T15:38:03.536+0000] {processor.py:836} INFO - DAG(s) dict_keys(['example_nested_branch_dag']) retrieved from /home/airflow/.local/lib/python3.7/site-packages/airflow/example_dags/example_nested_branch_dag.py
[2023-05-20T15:38:03.577+0000] {logging_mixin.py:149} INFO - [2023-05-20T15:38:03.577+0000] {dag.py:2726} INFO - Sync 1 DAGs
[2023-05-20T15:38:03.625+0000] {logging_mixin.py:149} INFO - [2023-05-20T15:38:03.625+0000] {dag.py:3490} INFO - Setting next_dagrun for example_nested_branch_dag to 2023-05-19T00:00:00+00:00, run_after=2023-05-20T00:00:00+00:00
[2023-05-20T15:38:03.660+0000] {processor.py:179} INFO - Processing /home/airflow/.local/lib/python3.7/site-packages/airflow/example_dags/example_nested_branch_dag.py took 0.145 seconds
[2023-05-20T15:38:34.426+0000] {processor.py:157} INFO - Started process (PID=2182) to work on /home/airflow/.local/lib/python3.7/site-packages/airflow/example_dags/example_nested_branch_dag.py
[2023-05-20T15:38:34.428+0000] {processor.py:826} INFO - Processing file /home/airflow/.local/lib/python3.7/site-packages/airflow/example_dags/example_nested_branch_dag.py for tasks to queue
[2023-05-20T15:38:34.430+0000] {logging_mixin.py:149} INFO - [2023-05-20T15:38:34.429+0000] {dagbag.py:541} INFO - Filling up the DagBag from /home/airflow/.local/lib/python3.7/site-packages/airflow/example_dags/example_nested_branch_dag.py
[2023-05-20T15:38:34.451+0000] {processor.py:836} INFO - DAG(s) dict_keys(['example_nested_branch_dag']) retrieved from /home/airflow/.local/lib/python3.7/site-packages/airflow/example_dags/example_nested_branch_dag.py
[2023-05-20T15:38:34.494+0000] {logging_mixin.py:149} INFO - [2023-05-20T15:38:34.493+0000] {dag.py:2726} INFO - Sync 1 DAGs
[2023-05-20T15:38:34.536+0000] {logging_mixin.py:149} INFO - [2023-05-20T15:38:34.536+0000] {dag.py:3490} INFO - Setting next_dagrun for example_nested_branch_dag to 2023-05-19T00:00:00+00:00, run_after=2023-05-20T00:00:00+00:00
[2023-05-20T15:38:34.573+0000] {processor.py:179} INFO - Processing /home/airflow/.local/lib/python3.7/site-packages/airflow/example_dags/example_nested_branch_dag.py took 0.152 seconds
[2023-05-20T15:39:04.704+0000] {processor.py:157} INFO - Started process (PID=2240) to work on /home/airflow/.local/lib/python3.7/site-packages/airflow/example_dags/example_nested_branch_dag.py
[2023-05-20T15:39:04.706+0000] {processor.py:826} INFO - Processing file /home/airflow/.local/lib/python3.7/site-packages/airflow/example_dags/example_nested_branch_dag.py for tasks to queue
[2023-05-20T15:39:04.708+0000] {logging_mixin.py:149} INFO - [2023-05-20T15:39:04.707+0000] {dagbag.py:541} INFO - Filling up the DagBag from /home/airflow/.local/lib/python3.7/site-packages/airflow/example_dags/example_nested_branch_dag.py
[2023-05-20T15:39:04.724+0000] {processor.py:836} INFO - DAG(s) dict_keys(['example_nested_branch_dag']) retrieved from /home/airflow/.local/lib/python3.7/site-packages/airflow/example_dags/example_nested_branch_dag.py
[2023-05-20T15:39:04.767+0000] {logging_mixin.py:149} INFO - [2023-05-20T15:39:04.767+0000] {dag.py:2726} INFO - Sync 1 DAGs
[2023-05-20T15:39:04.809+0000] {logging_mixin.py:149} INFO - [2023-05-20T15:39:04.808+0000] {dag.py:3490} INFO - Setting next_dagrun for example_nested_branch_dag to 2023-05-19T00:00:00+00:00, run_after=2023-05-20T00:00:00+00:00
[2023-05-20T15:39:04.851+0000] {processor.py:179} INFO - Processing /home/airflow/.local/lib/python3.7/site-packages/airflow/example_dags/example_nested_branch_dag.py took 0.151 seconds
[2023-05-20T15:39:34.957+0000] {processor.py:157} INFO - Started process (PID=2298) to work on /home/airflow/.local/lib/python3.7/site-packages/airflow/example_dags/example_nested_branch_dag.py
[2023-05-20T15:39:34.959+0000] {processor.py:826} INFO - Processing file /home/airflow/.local/lib/python3.7/site-packages/airflow/example_dags/example_nested_branch_dag.py for tasks to queue
[2023-05-20T15:39:34.960+0000] {logging_mixin.py:149} INFO - [2023-05-20T15:39:34.960+0000] {dagbag.py:541} INFO - Filling up the DagBag from /home/airflow/.local/lib/python3.7/site-packages/airflow/example_dags/example_nested_branch_dag.py
[2023-05-20T15:39:34.975+0000] {processor.py:836} INFO - DAG(s) dict_keys(['example_nested_branch_dag']) retrieved from /home/airflow/.local/lib/python3.7/site-packages/airflow/example_dags/example_nested_branch_dag.py
[2023-05-20T15:39:35.008+0000] {logging_mixin.py:149} INFO - [2023-05-20T15:39:35.007+0000] {dag.py:2726} INFO - Sync 1 DAGs
[2023-05-20T15:39:35.039+0000] {logging_mixin.py:149} INFO - [2023-05-20T15:39:35.039+0000] {dag.py:3490} INFO - Setting next_dagrun for example_nested_branch_dag to 2023-05-19T00:00:00+00:00, run_after=2023-05-20T00:00:00+00:00
[2023-05-20T15:39:35.065+0000] {processor.py:179} INFO - Processing /home/airflow/.local/lib/python3.7/site-packages/airflow/example_dags/example_nested_branch_dag.py took 0.113 seconds
[2023-05-20T15:40:05.602+0000] {processor.py:157} INFO - Started process (PID=2356) to work on /home/airflow/.local/lib/python3.7/site-packages/airflow/example_dags/example_nested_branch_dag.py
[2023-05-20T15:40:05.606+0000] {processor.py:826} INFO - Processing file /home/airflow/.local/lib/python3.7/site-packages/airflow/example_dags/example_nested_branch_dag.py for tasks to queue
[2023-05-20T15:40:05.608+0000] {logging_mixin.py:149} INFO - [2023-05-20T15:40:05.607+0000] {dagbag.py:541} INFO - Filling up the DagBag from /home/airflow/.local/lib/python3.7/site-packages/airflow/example_dags/example_nested_branch_dag.py
[2023-05-20T15:40:05.624+0000] {processor.py:836} INFO - DAG(s) dict_keys(['example_nested_branch_dag']) retrieved from /home/airflow/.local/lib/python3.7/site-packages/airflow/example_dags/example_nested_branch_dag.py
[2023-05-20T15:40:05.663+0000] {logging_mixin.py:149} INFO - [2023-05-20T15:40:05.662+0000] {dag.py:2726} INFO - Sync 1 DAGs
[2023-05-20T15:40:05.718+0000] {logging_mixin.py:149} INFO - [2023-05-20T15:40:05.717+0000] {dag.py:3490} INFO - Setting next_dagrun for example_nested_branch_dag to 2023-05-19T00:00:00+00:00, run_after=2023-05-20T00:00:00+00:00
[2023-05-20T15:40:05.749+0000] {processor.py:179} INFO - Processing /home/airflow/.local/lib/python3.7/site-packages/airflow/example_dags/example_nested_branch_dag.py took 0.151 seconds
[2023-05-20T15:40:35.989+0000] {processor.py:157} INFO - Started process (PID=2414) to work on /home/airflow/.local/lib/python3.7/site-packages/airflow/example_dags/example_nested_branch_dag.py
[2023-05-20T15:40:35.991+0000] {processor.py:826} INFO - Processing file /home/airflow/.local/lib/python3.7/site-packages/airflow/example_dags/example_nested_branch_dag.py for tasks to queue
[2023-05-20T15:40:35.993+0000] {logging_mixin.py:149} INFO - [2023-05-20T15:40:35.992+0000] {dagbag.py:541} INFO - Filling up the DagBag from /home/airflow/.local/lib/python3.7/site-packages/airflow/example_dags/example_nested_branch_dag.py
[2023-05-20T15:40:36.005+0000] {processor.py:836} INFO - DAG(s) dict_keys(['example_nested_branch_dag']) retrieved from /home/airflow/.local/lib/python3.7/site-packages/airflow/example_dags/example_nested_branch_dag.py
[2023-05-20T15:40:36.033+0000] {logging_mixin.py:149} INFO - [2023-05-20T15:40:36.033+0000] {dag.py:2726} INFO - Sync 1 DAGs
[2023-05-20T15:40:36.063+0000] {logging_mixin.py:149} INFO - [2023-05-20T15:40:36.063+0000] {dag.py:3490} INFO - Setting next_dagrun for example_nested_branch_dag to 2023-05-19T00:00:00+00:00, run_after=2023-05-20T00:00:00+00:00
[2023-05-20T15:40:36.087+0000] {processor.py:179} INFO - Processing /home/airflow/.local/lib/python3.7/site-packages/airflow/example_dags/example_nested_branch_dag.py took 0.101 seconds
[2023-05-20T15:41:06.472+0000] {processor.py:157} INFO - Started process (PID=2472) to work on /home/airflow/.local/lib/python3.7/site-packages/airflow/example_dags/example_nested_branch_dag.py
[2023-05-20T15:41:06.474+0000] {processor.py:826} INFO - Processing file /home/airflow/.local/lib/python3.7/site-packages/airflow/example_dags/example_nested_branch_dag.py for tasks to queue
[2023-05-20T15:41:06.475+0000] {logging_mixin.py:149} INFO - [2023-05-20T15:41:06.475+0000] {dagbag.py:541} INFO - Filling up the DagBag from /home/airflow/.local/lib/python3.7/site-packages/airflow/example_dags/example_nested_branch_dag.py
[2023-05-20T15:41:06.488+0000] {processor.py:836} INFO - DAG(s) dict_keys(['example_nested_branch_dag']) retrieved from /home/airflow/.local/lib/python3.7/site-packages/airflow/example_dags/example_nested_branch_dag.py
[2023-05-20T15:41:06.518+0000] {logging_mixin.py:149} INFO - [2023-05-20T15:41:06.517+0000] {dag.py:2726} INFO - Sync 1 DAGs
[2023-05-20T15:41:06.548+0000] {logging_mixin.py:149} INFO - [2023-05-20T15:41:06.548+0000] {dag.py:3490} INFO - Setting next_dagrun for example_nested_branch_dag to 2023-05-19T00:00:00+00:00, run_after=2023-05-20T00:00:00+00:00
[2023-05-20T15:41:06.569+0000] {processor.py:179} INFO - Processing /home/airflow/.local/lib/python3.7/site-packages/airflow/example_dags/example_nested_branch_dag.py took 0.100 seconds
[2023-05-20T15:41:36.892+0000] {processor.py:157} INFO - Started process (PID=2530) to work on /home/airflow/.local/lib/python3.7/site-packages/airflow/example_dags/example_nested_branch_dag.py
[2023-05-20T15:41:36.893+0000] {processor.py:826} INFO - Processing file /home/airflow/.local/lib/python3.7/site-packages/airflow/example_dags/example_nested_branch_dag.py for tasks to queue
[2023-05-20T15:41:36.895+0000] {logging_mixin.py:149} INFO - [2023-05-20T15:41:36.895+0000] {dagbag.py:541} INFO - Filling up the DagBag from /home/airflow/.local/lib/python3.7/site-packages/airflow/example_dags/example_nested_branch_dag.py
[2023-05-20T15:41:36.909+0000] {processor.py:836} INFO - DAG(s) dict_keys(['example_nested_branch_dag']) retrieved from /home/airflow/.local/lib/python3.7/site-packages/airflow/example_dags/example_nested_branch_dag.py
[2023-05-20T15:41:36.942+0000] {logging_mixin.py:149} INFO - [2023-05-20T15:41:36.942+0000] {dag.py:2726} INFO - Sync 1 DAGs
[2023-05-20T15:41:36.973+0000] {logging_mixin.py:149} INFO - [2023-05-20T15:41:36.973+0000] {dag.py:3490} INFO - Setting next_dagrun for example_nested_branch_dag to 2023-05-19T00:00:00+00:00, run_after=2023-05-20T00:00:00+00:00
[2023-05-20T15:41:36.995+0000] {processor.py:179} INFO - Processing /home/airflow/.local/lib/python3.7/site-packages/airflow/example_dags/example_nested_branch_dag.py took 0.108 seconds
[2023-05-20T15:42:07.202+0000] {processor.py:157} INFO - Started process (PID=2588) to work on /home/airflow/.local/lib/python3.7/site-packages/airflow/example_dags/example_nested_branch_dag.py
[2023-05-20T15:42:07.204+0000] {processor.py:826} INFO - Processing file /home/airflow/.local/lib/python3.7/site-packages/airflow/example_dags/example_nested_branch_dag.py for tasks to queue
[2023-05-20T15:42:07.206+0000] {logging_mixin.py:149} INFO - [2023-05-20T15:42:07.206+0000] {dagbag.py:541} INFO - Filling up the DagBag from /home/airflow/.local/lib/python3.7/site-packages/airflow/example_dags/example_nested_branch_dag.py
[2023-05-20T15:42:07.224+0000] {processor.py:836} INFO - DAG(s) dict_keys(['example_nested_branch_dag']) retrieved from /home/airflow/.local/lib/python3.7/site-packages/airflow/example_dags/example_nested_branch_dag.py
[2023-05-20T15:42:07.260+0000] {logging_mixin.py:149} INFO - [2023-05-20T15:42:07.260+0000] {dag.py:2726} INFO - Sync 1 DAGs
[2023-05-20T15:42:07.293+0000] {logging_mixin.py:149} INFO - [2023-05-20T15:42:07.293+0000] {dag.py:3490} INFO - Setting next_dagrun for example_nested_branch_dag to 2023-05-19T00:00:00+00:00, run_after=2023-05-20T00:00:00+00:00
[2023-05-20T15:42:07.319+0000] {processor.py:179} INFO - Processing /home/airflow/.local/lib/python3.7/site-packages/airflow/example_dags/example_nested_branch_dag.py took 0.122 seconds
[2023-05-20T15:42:37.710+0000] {processor.py:157} INFO - Started process (PID=2646) to work on /home/airflow/.local/lib/python3.7/site-packages/airflow/example_dags/example_nested_branch_dag.py
[2023-05-20T15:42:37.712+0000] {processor.py:826} INFO - Processing file /home/airflow/.local/lib/python3.7/site-packages/airflow/example_dags/example_nested_branch_dag.py for tasks to queue
[2023-05-20T15:42:37.714+0000] {logging_mixin.py:149} INFO - [2023-05-20T15:42:37.714+0000] {dagbag.py:541} INFO - Filling up the DagBag from /home/airflow/.local/lib/python3.7/site-packages/airflow/example_dags/example_nested_branch_dag.py
[2023-05-20T15:42:37.727+0000] {processor.py:836} INFO - DAG(s) dict_keys(['example_nested_branch_dag']) retrieved from /home/airflow/.local/lib/python3.7/site-packages/airflow/example_dags/example_nested_branch_dag.py
[2023-05-20T15:42:37.760+0000] {logging_mixin.py:149} INFO - [2023-05-20T15:42:37.760+0000] {dag.py:2726} INFO - Sync 1 DAGs
[2023-05-20T15:42:37.794+0000] {logging_mixin.py:149} INFO - [2023-05-20T15:42:37.793+0000] {dag.py:3490} INFO - Setting next_dagrun for example_nested_branch_dag to 2023-05-19T00:00:00+00:00, run_after=2023-05-20T00:00:00+00:00
[2023-05-20T15:42:37.820+0000] {processor.py:179} INFO - Processing /home/airflow/.local/lib/python3.7/site-packages/airflow/example_dags/example_nested_branch_dag.py took 0.114 seconds
[2023-05-20T15:43:08.030+0000] {processor.py:157} INFO - Started process (PID=2704) to work on /home/airflow/.local/lib/python3.7/site-packages/airflow/example_dags/example_nested_branch_dag.py
[2023-05-20T15:43:08.032+0000] {processor.py:826} INFO - Processing file /home/airflow/.local/lib/python3.7/site-packages/airflow/example_dags/example_nested_branch_dag.py for tasks to queue
[2023-05-20T15:43:08.034+0000] {logging_mixin.py:149} INFO - [2023-05-20T15:43:08.034+0000] {dagbag.py:541} INFO - Filling up the DagBag from /home/airflow/.local/lib/python3.7/site-packages/airflow/example_dags/example_nested_branch_dag.py
[2023-05-20T15:43:08.048+0000] {processor.py:836} INFO - DAG(s) dict_keys(['example_nested_branch_dag']) retrieved from /home/airflow/.local/lib/python3.7/site-packages/airflow/example_dags/example_nested_branch_dag.py
[2023-05-20T15:43:08.079+0000] {logging_mixin.py:149} INFO - [2023-05-20T15:43:08.079+0000] {dag.py:2726} INFO - Sync 1 DAGs
[2023-05-20T15:43:08.108+0000] {logging_mixin.py:149} INFO - [2023-05-20T15:43:08.108+0000] {dag.py:3490} INFO - Setting next_dagrun for example_nested_branch_dag to 2023-05-19T00:00:00+00:00, run_after=2023-05-20T00:00:00+00:00
[2023-05-20T15:43:08.131+0000] {processor.py:179} INFO - Processing /home/airflow/.local/lib/python3.7/site-packages/airflow/example_dags/example_nested_branch_dag.py took 0.105 seconds
[2023-05-20T15:43:38.481+0000] {processor.py:157} INFO - Started process (PID=2762) to work on /home/airflow/.local/lib/python3.7/site-packages/airflow/example_dags/example_nested_branch_dag.py
[2023-05-20T15:43:38.483+0000] {processor.py:826} INFO - Processing file /home/airflow/.local/lib/python3.7/site-packages/airflow/example_dags/example_nested_branch_dag.py for tasks to queue
[2023-05-20T15:43:38.485+0000] {logging_mixin.py:149} INFO - [2023-05-20T15:43:38.484+0000] {dagbag.py:541} INFO - Filling up the DagBag from /home/airflow/.local/lib/python3.7/site-packages/airflow/example_dags/example_nested_branch_dag.py
[2023-05-20T15:43:38.500+0000] {processor.py:836} INFO - DAG(s) dict_keys(['example_nested_branch_dag']) retrieved from /home/airflow/.local/lib/python3.7/site-packages/airflow/example_dags/example_nested_branch_dag.py
[2023-05-20T15:43:38.540+0000] {logging_mixin.py:149} INFO - [2023-05-20T15:43:38.539+0000] {dag.py:2726} INFO - Sync 1 DAGs
[2023-05-20T15:43:38.580+0000] {logging_mixin.py:149} INFO - [2023-05-20T15:43:38.580+0000] {dag.py:3490} INFO - Setting next_dagrun for example_nested_branch_dag to 2023-05-19T00:00:00+00:00, run_after=2023-05-20T00:00:00+00:00
[2023-05-20T15:43:38.616+0000] {processor.py:179} INFO - Processing /home/airflow/.local/lib/python3.7/site-packages/airflow/example_dags/example_nested_branch_dag.py took 0.140 seconds
[2023-05-20T15:44:08.671+0000] {processor.py:157} INFO - Started process (PID=2820) to work on /home/airflow/.local/lib/python3.7/site-packages/airflow/example_dags/example_nested_branch_dag.py
[2023-05-20T15:44:08.672+0000] {processor.py:826} INFO - Processing file /home/airflow/.local/lib/python3.7/site-packages/airflow/example_dags/example_nested_branch_dag.py for tasks to queue
[2023-05-20T15:44:08.674+0000] {logging_mixin.py:149} INFO - [2023-05-20T15:44:08.673+0000] {dagbag.py:541} INFO - Filling up the DagBag from /home/airflow/.local/lib/python3.7/site-packages/airflow/example_dags/example_nested_branch_dag.py
[2023-05-20T15:44:08.686+0000] {processor.py:836} INFO - DAG(s) dict_keys(['example_nested_branch_dag']) retrieved from /home/airflow/.local/lib/python3.7/site-packages/airflow/example_dags/example_nested_branch_dag.py
[2023-05-20T15:44:08.716+0000] {logging_mixin.py:149} INFO - [2023-05-20T15:44:08.716+0000] {dag.py:2726} INFO - Sync 1 DAGs
[2023-05-20T15:44:08.748+0000] {logging_mixin.py:149} INFO - [2023-05-20T15:44:08.748+0000] {dag.py:3490} INFO - Setting next_dagrun for example_nested_branch_dag to 2023-05-19T00:00:00+00:00, run_after=2023-05-20T00:00:00+00:00
[2023-05-20T15:44:08.777+0000] {processor.py:179} INFO - Processing /home/airflow/.local/lib/python3.7/site-packages/airflow/example_dags/example_nested_branch_dag.py took 0.110 seconds
[2023-05-20T15:44:38.860+0000] {processor.py:157} INFO - Started process (PID=2878) to work on /home/airflow/.local/lib/python3.7/site-packages/airflow/example_dags/example_nested_branch_dag.py
[2023-05-20T15:44:38.864+0000] {processor.py:826} INFO - Processing file /home/airflow/.local/lib/python3.7/site-packages/airflow/example_dags/example_nested_branch_dag.py for tasks to queue
[2023-05-20T15:44:38.868+0000] {logging_mixin.py:149} INFO - [2023-05-20T15:44:38.868+0000] {dagbag.py:541} INFO - Filling up the DagBag from /home/airflow/.local/lib/python3.7/site-packages/airflow/example_dags/example_nested_branch_dag.py
[2023-05-20T15:44:38.897+0000] {processor.py:836} INFO - DAG(s) dict_keys(['example_nested_branch_dag']) retrieved from /home/airflow/.local/lib/python3.7/site-packages/airflow/example_dags/example_nested_branch_dag.py
[2023-05-20T15:44:38.956+0000] {logging_mixin.py:149} INFO - [2023-05-20T15:44:38.956+0000] {dag.py:2726} INFO - Sync 1 DAGs
[2023-05-20T15:44:39.003+0000] {logging_mixin.py:149} INFO - [2023-05-20T15:44:39.003+0000] {dag.py:3490} INFO - Setting next_dagrun for example_nested_branch_dag to 2023-05-19T00:00:00+00:00, run_after=2023-05-20T00:00:00+00:00
[2023-05-20T15:44:39.045+0000] {processor.py:179} INFO - Processing /home/airflow/.local/lib/python3.7/site-packages/airflow/example_dags/example_nested_branch_dag.py took 0.195 seconds
[2023-05-20T15:45:09.970+0000] {processor.py:157} INFO - Started process (PID=2936) to work on /home/airflow/.local/lib/python3.7/site-packages/airflow/example_dags/example_nested_branch_dag.py
[2023-05-20T15:45:09.972+0000] {processor.py:826} INFO - Processing file /home/airflow/.local/lib/python3.7/site-packages/airflow/example_dags/example_nested_branch_dag.py for tasks to queue
[2023-05-20T15:45:09.975+0000] {logging_mixin.py:149} INFO - [2023-05-20T15:45:09.975+0000] {dagbag.py:541} INFO - Filling up the DagBag from /home/airflow/.local/lib/python3.7/site-packages/airflow/example_dags/example_nested_branch_dag.py
[2023-05-20T15:45:10.002+0000] {processor.py:836} INFO - DAG(s) dict_keys(['example_nested_branch_dag']) retrieved from /home/airflow/.local/lib/python3.7/site-packages/airflow/example_dags/example_nested_branch_dag.py
[2023-05-20T15:45:10.048+0000] {logging_mixin.py:149} INFO - [2023-05-20T15:45:10.048+0000] {dag.py:2726} INFO - Sync 1 DAGs
[2023-05-20T15:45:10.102+0000] {logging_mixin.py:149} INFO - [2023-05-20T15:45:10.100+0000] {dag.py:3490} INFO - Setting next_dagrun for example_nested_branch_dag to 2023-05-19T00:00:00+00:00, run_after=2023-05-20T00:00:00+00:00
[2023-05-20T15:45:10.141+0000] {processor.py:179} INFO - Processing /home/airflow/.local/lib/python3.7/site-packages/airflow/example_dags/example_nested_branch_dag.py took 0.176 seconds
[2023-05-20T15:45:40.607+0000] {processor.py:157} INFO - Started process (PID=2994) to work on /home/airflow/.local/lib/python3.7/site-packages/airflow/example_dags/example_nested_branch_dag.py
[2023-05-20T15:45:40.609+0000] {processor.py:826} INFO - Processing file /home/airflow/.local/lib/python3.7/site-packages/airflow/example_dags/example_nested_branch_dag.py for tasks to queue
[2023-05-20T15:45:40.613+0000] {logging_mixin.py:149} INFO - [2023-05-20T15:45:40.612+0000] {dagbag.py:541} INFO - Filling up the DagBag from /home/airflow/.local/lib/python3.7/site-packages/airflow/example_dags/example_nested_branch_dag.py
[2023-05-20T15:45:40.635+0000] {processor.py:836} INFO - DAG(s) dict_keys(['example_nested_branch_dag']) retrieved from /home/airflow/.local/lib/python3.7/site-packages/airflow/example_dags/example_nested_branch_dag.py
[2023-05-20T15:45:40.685+0000] {logging_mixin.py:149} INFO - [2023-05-20T15:45:40.685+0000] {dag.py:2726} INFO - Sync 1 DAGs
[2023-05-20T15:45:40.736+0000] {logging_mixin.py:149} INFO - [2023-05-20T15:45:40.735+0000] {dag.py:3490} INFO - Setting next_dagrun for example_nested_branch_dag to 2023-05-19T00:00:00+00:00, run_after=2023-05-20T00:00:00+00:00
[2023-05-20T15:45:40.778+0000] {processor.py:179} INFO - Processing /home/airflow/.local/lib/python3.7/site-packages/airflow/example_dags/example_nested_branch_dag.py took 0.177 seconds
[2023-05-20T15:46:11.364+0000] {processor.py:157} INFO - Started process (PID=3052) to work on /home/airflow/.local/lib/python3.7/site-packages/airflow/example_dags/example_nested_branch_dag.py
[2023-05-20T15:46:11.366+0000] {processor.py:826} INFO - Processing file /home/airflow/.local/lib/python3.7/site-packages/airflow/example_dags/example_nested_branch_dag.py for tasks to queue
[2023-05-20T15:46:11.368+0000] {logging_mixin.py:149} INFO - [2023-05-20T15:46:11.368+0000] {dagbag.py:541} INFO - Filling up the DagBag from /home/airflow/.local/lib/python3.7/site-packages/airflow/example_dags/example_nested_branch_dag.py
[2023-05-20T15:46:11.384+0000] {processor.py:836} INFO - DAG(s) dict_keys(['example_nested_branch_dag']) retrieved from /home/airflow/.local/lib/python3.7/site-packages/airflow/example_dags/example_nested_branch_dag.py
[2023-05-20T15:46:11.424+0000] {logging_mixin.py:149} INFO - [2023-05-20T15:46:11.424+0000] {dag.py:2726} INFO - Sync 1 DAGs
[2023-05-20T15:46:11.465+0000] {logging_mixin.py:149} INFO - [2023-05-20T15:46:11.464+0000] {dag.py:3490} INFO - Setting next_dagrun for example_nested_branch_dag to 2023-05-19T00:00:00+00:00, run_after=2023-05-20T00:00:00+00:00
[2023-05-20T15:46:11.493+0000] {processor.py:179} INFO - Processing /home/airflow/.local/lib/python3.7/site-packages/airflow/example_dags/example_nested_branch_dag.py took 0.134 seconds
[2023-05-20T15:46:42.055+0000] {processor.py:157} INFO - Started process (PID=3110) to work on /home/airflow/.local/lib/python3.7/site-packages/airflow/example_dags/example_nested_branch_dag.py
[2023-05-20T15:46:42.057+0000] {processor.py:826} INFO - Processing file /home/airflow/.local/lib/python3.7/site-packages/airflow/example_dags/example_nested_branch_dag.py for tasks to queue
[2023-05-20T15:46:42.059+0000] {logging_mixin.py:149} INFO - [2023-05-20T15:46:42.059+0000] {dagbag.py:541} INFO - Filling up the DagBag from /home/airflow/.local/lib/python3.7/site-packages/airflow/example_dags/example_nested_branch_dag.py
[2023-05-20T15:46:42.074+0000] {processor.py:836} INFO - DAG(s) dict_keys(['example_nested_branch_dag']) retrieved from /home/airflow/.local/lib/python3.7/site-packages/airflow/example_dags/example_nested_branch_dag.py
[2023-05-20T15:46:42.110+0000] {logging_mixin.py:149} INFO - [2023-05-20T15:46:42.109+0000] {dag.py:2726} INFO - Sync 1 DAGs
[2023-05-20T15:46:42.147+0000] {logging_mixin.py:149} INFO - [2023-05-20T15:46:42.147+0000] {dag.py:3490} INFO - Setting next_dagrun for example_nested_branch_dag to 2023-05-19T00:00:00+00:00, run_after=2023-05-20T00:00:00+00:00
[2023-05-20T15:46:42.175+0000] {processor.py:179} INFO - Processing /home/airflow/.local/lib/python3.7/site-packages/airflow/example_dags/example_nested_branch_dag.py took 0.124 seconds
[2023-05-20T15:47:12.699+0000] {processor.py:157} INFO - Started process (PID=3168) to work on /home/airflow/.local/lib/python3.7/site-packages/airflow/example_dags/example_nested_branch_dag.py
[2023-05-20T15:47:12.701+0000] {processor.py:826} INFO - Processing file /home/airflow/.local/lib/python3.7/site-packages/airflow/example_dags/example_nested_branch_dag.py for tasks to queue
[2023-05-20T15:47:12.702+0000] {logging_mixin.py:149} INFO - [2023-05-20T15:47:12.702+0000] {dagbag.py:541} INFO - Filling up the DagBag from /home/airflow/.local/lib/python3.7/site-packages/airflow/example_dags/example_nested_branch_dag.py
[2023-05-20T15:47:12.717+0000] {processor.py:836} INFO - DAG(s) dict_keys(['example_nested_branch_dag']) retrieved from /home/airflow/.local/lib/python3.7/site-packages/airflow/example_dags/example_nested_branch_dag.py
[2023-05-20T15:47:12.750+0000] {logging_mixin.py:149} INFO - [2023-05-20T15:47:12.750+0000] {dag.py:2726} INFO - Sync 1 DAGs
[2023-05-20T15:47:12.784+0000] {logging_mixin.py:149} INFO - [2023-05-20T15:47:12.784+0000] {dag.py:3490} INFO - Setting next_dagrun for example_nested_branch_dag to 2023-05-19T00:00:00+00:00, run_after=2023-05-20T00:00:00+00:00
[2023-05-20T15:47:12.814+0000] {processor.py:179} INFO - Processing /home/airflow/.local/lib/python3.7/site-packages/airflow/example_dags/example_nested_branch_dag.py took 0.120 seconds
[2023-05-20T15:47:42.856+0000] {processor.py:157} INFO - Started process (PID=3225) to work on /home/airflow/.local/lib/python3.7/site-packages/airflow/example_dags/example_nested_branch_dag.py
[2023-05-20T15:47:42.858+0000] {processor.py:826} INFO - Processing file /home/airflow/.local/lib/python3.7/site-packages/airflow/example_dags/example_nested_branch_dag.py for tasks to queue
[2023-05-20T15:47:42.860+0000] {logging_mixin.py:149} INFO - [2023-05-20T15:47:42.860+0000] {dagbag.py:541} INFO - Filling up the DagBag from /home/airflow/.local/lib/python3.7/site-packages/airflow/example_dags/example_nested_branch_dag.py
[2023-05-20T15:47:42.878+0000] {processor.py:836} INFO - DAG(s) dict_keys(['example_nested_branch_dag']) retrieved from /home/airflow/.local/lib/python3.7/site-packages/airflow/example_dags/example_nested_branch_dag.py
[2023-05-20T15:47:42.927+0000] {logging_mixin.py:149} INFO - [2023-05-20T15:47:42.926+0000] {dag.py:2726} INFO - Sync 1 DAGs
[2023-05-20T15:47:42.976+0000] {logging_mixin.py:149} INFO - [2023-05-20T15:47:42.976+0000] {dag.py:3490} INFO - Setting next_dagrun for example_nested_branch_dag to 2023-05-19T00:00:00+00:00, run_after=2023-05-20T00:00:00+00:00
[2023-05-20T15:47:43.012+0000] {processor.py:179} INFO - Processing /home/airflow/.local/lib/python3.7/site-packages/airflow/example_dags/example_nested_branch_dag.py took 0.163 seconds
[2023-05-20T15:48:13.531+0000] {processor.py:157} INFO - Started process (PID=3285) to work on /home/airflow/.local/lib/python3.7/site-packages/airflow/example_dags/example_nested_branch_dag.py
[2023-05-20T15:48:13.535+0000] {processor.py:826} INFO - Processing file /home/airflow/.local/lib/python3.7/site-packages/airflow/example_dags/example_nested_branch_dag.py for tasks to queue
[2023-05-20T15:48:13.541+0000] {logging_mixin.py:149} INFO - [2023-05-20T15:48:13.541+0000] {dagbag.py:541} INFO - Filling up the DagBag from /home/airflow/.local/lib/python3.7/site-packages/airflow/example_dags/example_nested_branch_dag.py
[2023-05-20T15:48:13.568+0000] {processor.py:836} INFO - DAG(s) dict_keys(['example_nested_branch_dag']) retrieved from /home/airflow/.local/lib/python3.7/site-packages/airflow/example_dags/example_nested_branch_dag.py
[2023-05-20T15:48:13.636+0000] {logging_mixin.py:149} INFO - [2023-05-20T15:48:13.635+0000] {dag.py:2726} INFO - Sync 1 DAGs
[2023-05-20T15:48:13.732+0000] {logging_mixin.py:149} INFO - [2023-05-20T15:48:13.731+0000] {dag.py:3490} INFO - Setting next_dagrun for example_nested_branch_dag to 2023-05-19T00:00:00+00:00, run_after=2023-05-20T00:00:00+00:00
[2023-05-20T15:48:13.805+0000] {processor.py:179} INFO - Processing /home/airflow/.local/lib/python3.7/site-packages/airflow/example_dags/example_nested_branch_dag.py took 0.283 seconds
[2023-05-20T15:48:44.447+0000] {processor.py:157} INFO - Started process (PID=3343) to work on /home/airflow/.local/lib/python3.7/site-packages/airflow/example_dags/example_nested_branch_dag.py
[2023-05-20T15:48:44.450+0000] {processor.py:826} INFO - Processing file /home/airflow/.local/lib/python3.7/site-packages/airflow/example_dags/example_nested_branch_dag.py for tasks to queue
[2023-05-20T15:48:44.451+0000] {logging_mixin.py:149} INFO - [2023-05-20T15:48:44.451+0000] {dagbag.py:541} INFO - Filling up the DagBag from /home/airflow/.local/lib/python3.7/site-packages/airflow/example_dags/example_nested_branch_dag.py
[2023-05-20T15:48:44.474+0000] {processor.py:836} INFO - DAG(s) dict_keys(['example_nested_branch_dag']) retrieved from /home/airflow/.local/lib/python3.7/site-packages/airflow/example_dags/example_nested_branch_dag.py
[2023-05-20T15:48:44.531+0000] {logging_mixin.py:149} INFO - [2023-05-20T15:48:44.531+0000] {dag.py:2726} INFO - Sync 1 DAGs
[2023-05-20T15:48:44.600+0000] {logging_mixin.py:149} INFO - [2023-05-20T15:48:44.600+0000] {dag.py:3490} INFO - Setting next_dagrun for example_nested_branch_dag to 2023-05-19T00:00:00+00:00, run_after=2023-05-20T00:00:00+00:00
[2023-05-20T15:48:44.658+0000] {processor.py:179} INFO - Processing /home/airflow/.local/lib/python3.7/site-packages/airflow/example_dags/example_nested_branch_dag.py took 0.216 seconds
[2023-05-20T15:49:15.188+0000] {processor.py:157} INFO - Started process (PID=3401) to work on /home/airflow/.local/lib/python3.7/site-packages/airflow/example_dags/example_nested_branch_dag.py
[2023-05-20T15:49:15.190+0000] {processor.py:826} INFO - Processing file /home/airflow/.local/lib/python3.7/site-packages/airflow/example_dags/example_nested_branch_dag.py for tasks to queue
[2023-05-20T15:49:15.191+0000] {logging_mixin.py:149} INFO - [2023-05-20T15:49:15.191+0000] {dagbag.py:541} INFO - Filling up the DagBag from /home/airflow/.local/lib/python3.7/site-packages/airflow/example_dags/example_nested_branch_dag.py
[2023-05-20T15:49:15.207+0000] {processor.py:836} INFO - DAG(s) dict_keys(['example_nested_branch_dag']) retrieved from /home/airflow/.local/lib/python3.7/site-packages/airflow/example_dags/example_nested_branch_dag.py
[2023-05-20T15:49:15.241+0000] {logging_mixin.py:149} INFO - [2023-05-20T15:49:15.241+0000] {dag.py:2726} INFO - Sync 1 DAGs
[2023-05-20T15:49:15.272+0000] {logging_mixin.py:149} INFO - [2023-05-20T15:49:15.271+0000] {dag.py:3490} INFO - Setting next_dagrun for example_nested_branch_dag to 2023-05-19T00:00:00+00:00, run_after=2023-05-20T00:00:00+00:00
[2023-05-20T15:49:15.295+0000] {processor.py:179} INFO - Processing /home/airflow/.local/lib/python3.7/site-packages/airflow/example_dags/example_nested_branch_dag.py took 0.112 seconds
[2023-05-20T15:49:45.467+0000] {processor.py:157} INFO - Started process (PID=3459) to work on /home/airflow/.local/lib/python3.7/site-packages/airflow/example_dags/example_nested_branch_dag.py
[2023-05-20T15:49:45.469+0000] {processor.py:826} INFO - Processing file /home/airflow/.local/lib/python3.7/site-packages/airflow/example_dags/example_nested_branch_dag.py for tasks to queue
[2023-05-20T15:49:45.471+0000] {logging_mixin.py:149} INFO - [2023-05-20T15:49:45.471+0000] {dagbag.py:541} INFO - Filling up the DagBag from /home/airflow/.local/lib/python3.7/site-packages/airflow/example_dags/example_nested_branch_dag.py
[2023-05-20T15:49:45.485+0000] {processor.py:836} INFO - DAG(s) dict_keys(['example_nested_branch_dag']) retrieved from /home/airflow/.local/lib/python3.7/site-packages/airflow/example_dags/example_nested_branch_dag.py
[2023-05-20T15:49:45.518+0000] {logging_mixin.py:149} INFO - [2023-05-20T15:49:45.518+0000] {dag.py:2726} INFO - Sync 1 DAGs
[2023-05-20T15:49:45.550+0000] {logging_mixin.py:149} INFO - [2023-05-20T15:49:45.550+0000] {dag.py:3490} INFO - Setting next_dagrun for example_nested_branch_dag to 2023-05-19T00:00:00+00:00, run_after=2023-05-20T00:00:00+00:00
[2023-05-20T15:49:45.573+0000] {processor.py:179} INFO - Processing /home/airflow/.local/lib/python3.7/site-packages/airflow/example_dags/example_nested_branch_dag.py took 0.111 seconds
[2023-05-20T16:08:45.422+0000] {processor.py:157} INFO - Started process (PID=35) to work on /home/airflow/.local/lib/python3.7/site-packages/airflow/example_dags/example_nested_branch_dag.py
[2023-05-20T16:08:45.424+0000] {processor.py:826} INFO - Processing file /home/airflow/.local/lib/python3.7/site-packages/airflow/example_dags/example_nested_branch_dag.py for tasks to queue
[2023-05-20T16:08:45.426+0000] {logging_mixin.py:149} INFO - [2023-05-20T16:08:45.426+0000] {dagbag.py:541} INFO - Filling up the DagBag from /home/airflow/.local/lib/python3.7/site-packages/airflow/example_dags/example_nested_branch_dag.py
[2023-05-20T16:08:45.440+0000] {processor.py:836} INFO - DAG(s) dict_keys(['example_nested_branch_dag']) retrieved from /home/airflow/.local/lib/python3.7/site-packages/airflow/example_dags/example_nested_branch_dag.py
[2023-05-20T16:08:45.460+0000] {logging_mixin.py:149} INFO - [2023-05-20T16:08:45.459+0000] {dag.py:2726} INFO - Sync 1 DAGs
[2023-05-20T16:08:45.503+0000] {logging_mixin.py:149} INFO - [2023-05-20T16:08:45.502+0000] {dag.py:3490} INFO - Setting next_dagrun for example_nested_branch_dag to 2023-05-19T00:00:00+00:00, run_after=2023-05-20T00:00:00+00:00
[2023-05-20T16:08:45.531+0000] {processor.py:179} INFO - Processing /home/airflow/.local/lib/python3.7/site-packages/airflow/example_dags/example_nested_branch_dag.py took 0.114 seconds
[2023-05-20T16:09:16.040+0000] {processor.py:157} INFO - Started process (PID=93) to work on /home/airflow/.local/lib/python3.7/site-packages/airflow/example_dags/example_nested_branch_dag.py
[2023-05-20T16:09:16.042+0000] {processor.py:826} INFO - Processing file /home/airflow/.local/lib/python3.7/site-packages/airflow/example_dags/example_nested_branch_dag.py for tasks to queue
[2023-05-20T16:09:16.043+0000] {logging_mixin.py:149} INFO - [2023-05-20T16:09:16.043+0000] {dagbag.py:541} INFO - Filling up the DagBag from /home/airflow/.local/lib/python3.7/site-packages/airflow/example_dags/example_nested_branch_dag.py
[2023-05-20T16:09:16.055+0000] {processor.py:836} INFO - DAG(s) dict_keys(['example_nested_branch_dag']) retrieved from /home/airflow/.local/lib/python3.7/site-packages/airflow/example_dags/example_nested_branch_dag.py
[2023-05-20T16:09:16.083+0000] {logging_mixin.py:149} INFO - [2023-05-20T16:09:16.083+0000] {dag.py:2726} INFO - Sync 1 DAGs
[2023-05-20T16:09:16.113+0000] {logging_mixin.py:149} INFO - [2023-05-20T16:09:16.112+0000] {dag.py:3490} INFO - Setting next_dagrun for example_nested_branch_dag to 2023-05-19T00:00:00+00:00, run_after=2023-05-20T00:00:00+00:00
[2023-05-20T16:09:16.134+0000] {processor.py:179} INFO - Processing /home/airflow/.local/lib/python3.7/site-packages/airflow/example_dags/example_nested_branch_dag.py took 0.098 seconds
[2023-05-20T16:09:46.437+0000] {processor.py:157} INFO - Started process (PID=151) to work on /home/airflow/.local/lib/python3.7/site-packages/airflow/example_dags/example_nested_branch_dag.py
[2023-05-20T16:09:46.441+0000] {processor.py:826} INFO - Processing file /home/airflow/.local/lib/python3.7/site-packages/airflow/example_dags/example_nested_branch_dag.py for tasks to queue
[2023-05-20T16:09:46.443+0000] {logging_mixin.py:149} INFO - [2023-05-20T16:09:46.442+0000] {dagbag.py:541} INFO - Filling up the DagBag from /home/airflow/.local/lib/python3.7/site-packages/airflow/example_dags/example_nested_branch_dag.py
[2023-05-20T16:09:46.468+0000] {processor.py:836} INFO - DAG(s) dict_keys(['example_nested_branch_dag']) retrieved from /home/airflow/.local/lib/python3.7/site-packages/airflow/example_dags/example_nested_branch_dag.py
[2023-05-20T16:09:46.526+0000] {logging_mixin.py:149} INFO - [2023-05-20T16:09:46.525+0000] {dag.py:2726} INFO - Sync 1 DAGs
[2023-05-20T16:09:46.588+0000] {logging_mixin.py:149} INFO - [2023-05-20T16:09:46.587+0000] {dag.py:3490} INFO - Setting next_dagrun for example_nested_branch_dag to 2023-05-19T00:00:00+00:00, run_after=2023-05-20T00:00:00+00:00
[2023-05-20T16:09:46.642+0000] {processor.py:179} INFO - Processing /home/airflow/.local/lib/python3.7/site-packages/airflow/example_dags/example_nested_branch_dag.py took 0.213 seconds
[2023-05-20T16:10:17.586+0000] {processor.py:157} INFO - Started process (PID=209) to work on /home/airflow/.local/lib/python3.7/site-packages/airflow/example_dags/example_nested_branch_dag.py
[2023-05-20T16:10:17.588+0000] {processor.py:826} INFO - Processing file /home/airflow/.local/lib/python3.7/site-packages/airflow/example_dags/example_nested_branch_dag.py for tasks to queue
[2023-05-20T16:10:17.591+0000] {logging_mixin.py:149} INFO - [2023-05-20T16:10:17.591+0000] {dagbag.py:541} INFO - Filling up the DagBag from /home/airflow/.local/lib/python3.7/site-packages/airflow/example_dags/example_nested_branch_dag.py
[2023-05-20T16:10:17.594+0000] {processor.py:836} INFO - DAG(s) dict_keys(['example_nested_branch_dag']) retrieved from /home/airflow/.local/lib/python3.7/site-packages/airflow/example_dags/example_nested_branch_dag.py
[2023-05-20T16:10:17.657+0000] {logging_mixin.py:149} INFO - [2023-05-20T16:10:17.656+0000] {dag.py:2726} INFO - Sync 1 DAGs
[2023-05-20T16:10:17.729+0000] {logging_mixin.py:149} INFO - [2023-05-20T16:10:17.729+0000] {dag.py:3490} INFO - Setting next_dagrun for example_nested_branch_dag to 2023-05-19T00:00:00+00:00, run_after=2023-05-20T00:00:00+00:00
[2023-05-20T16:10:17.781+0000] {processor.py:179} INFO - Processing /home/airflow/.local/lib/python3.7/site-packages/airflow/example_dags/example_nested_branch_dag.py took 0.222 seconds
[2023-05-20T16:10:48.147+0000] {processor.py:157} INFO - Started process (PID=267) to work on /home/airflow/.local/lib/python3.7/site-packages/airflow/example_dags/example_nested_branch_dag.py
[2023-05-20T16:10:48.149+0000] {processor.py:826} INFO - Processing file /home/airflow/.local/lib/python3.7/site-packages/airflow/example_dags/example_nested_branch_dag.py for tasks to queue
[2023-05-20T16:10:48.151+0000] {logging_mixin.py:149} INFO - [2023-05-20T16:10:48.151+0000] {dagbag.py:541} INFO - Filling up the DagBag from /home/airflow/.local/lib/python3.7/site-packages/airflow/example_dags/example_nested_branch_dag.py
[2023-05-20T16:10:48.169+0000] {processor.py:836} INFO - DAG(s) dict_keys(['example_nested_branch_dag']) retrieved from /home/airflow/.local/lib/python3.7/site-packages/airflow/example_dags/example_nested_branch_dag.py
[2023-05-20T16:10:48.216+0000] {logging_mixin.py:149} INFO - [2023-05-20T16:10:48.216+0000] {dag.py:2726} INFO - Sync 1 DAGs
[2023-05-20T16:10:48.261+0000] {logging_mixin.py:149} INFO - [2023-05-20T16:10:48.260+0000] {dag.py:3490} INFO - Setting next_dagrun for example_nested_branch_dag to 2023-05-19T00:00:00+00:00, run_after=2023-05-20T00:00:00+00:00
[2023-05-20T16:10:48.298+0000] {processor.py:179} INFO - Processing /home/airflow/.local/lib/python3.7/site-packages/airflow/example_dags/example_nested_branch_dag.py took 0.160 seconds
[2023-05-20T16:11:18.991+0000] {processor.py:157} INFO - Started process (PID=325) to work on /home/airflow/.local/lib/python3.7/site-packages/airflow/example_dags/example_nested_branch_dag.py
[2023-05-20T16:11:18.994+0000] {processor.py:826} INFO - Processing file /home/airflow/.local/lib/python3.7/site-packages/airflow/example_dags/example_nested_branch_dag.py for tasks to queue
[2023-05-20T16:11:18.996+0000] {logging_mixin.py:149} INFO - [2023-05-20T16:11:18.996+0000] {dagbag.py:541} INFO - Filling up the DagBag from /home/airflow/.local/lib/python3.7/site-packages/airflow/example_dags/example_nested_branch_dag.py
[2023-05-20T16:11:19.017+0000] {processor.py:836} INFO - DAG(s) dict_keys(['example_nested_branch_dag']) retrieved from /home/airflow/.local/lib/python3.7/site-packages/airflow/example_dags/example_nested_branch_dag.py
[2023-05-20T16:11:19.073+0000] {logging_mixin.py:149} INFO - [2023-05-20T16:11:19.073+0000] {dag.py:2726} INFO - Sync 1 DAGs
[2023-05-20T16:11:19.131+0000] {logging_mixin.py:149} INFO - [2023-05-20T16:11:19.130+0000] {dag.py:3490} INFO - Setting next_dagrun for example_nested_branch_dag to 2023-05-19T00:00:00+00:00, run_after=2023-05-20T00:00:00+00:00
[2023-05-20T16:11:19.185+0000] {processor.py:179} INFO - Processing /home/airflow/.local/lib/python3.7/site-packages/airflow/example_dags/example_nested_branch_dag.py took 0.200 seconds
[2023-05-20T16:11:49.570+0000] {processor.py:157} INFO - Started process (PID=383) to work on /home/airflow/.local/lib/python3.7/site-packages/airflow/example_dags/example_nested_branch_dag.py
[2023-05-20T16:11:49.573+0000] {processor.py:826} INFO - Processing file /home/airflow/.local/lib/python3.7/site-packages/airflow/example_dags/example_nested_branch_dag.py for tasks to queue
[2023-05-20T16:11:49.576+0000] {logging_mixin.py:149} INFO - [2023-05-20T16:11:49.576+0000] {dagbag.py:541} INFO - Filling up the DagBag from /home/airflow/.local/lib/python3.7/site-packages/airflow/example_dags/example_nested_branch_dag.py
[2023-05-20T16:11:49.603+0000] {processor.py:836} INFO - DAG(s) dict_keys(['example_nested_branch_dag']) retrieved from /home/airflow/.local/lib/python3.7/site-packages/airflow/example_dags/example_nested_branch_dag.py
[2023-05-20T16:11:49.667+0000] {logging_mixin.py:149} INFO - [2023-05-20T16:11:49.667+0000] {dag.py:2726} INFO - Sync 1 DAGs
[2023-05-20T16:11:49.740+0000] {logging_mixin.py:149} INFO - [2023-05-20T16:11:49.739+0000] {dag.py:3490} INFO - Setting next_dagrun for example_nested_branch_dag to 2023-05-19T00:00:00+00:00, run_after=2023-05-20T00:00:00+00:00
[2023-05-20T16:11:49.823+0000] {processor.py:179} INFO - Processing /home/airflow/.local/lib/python3.7/site-packages/airflow/example_dags/example_nested_branch_dag.py took 0.260 seconds
[2023-05-20T16:12:20.097+0000] {processor.py:157} INFO - Started process (PID=441) to work on /home/airflow/.local/lib/python3.7/site-packages/airflow/example_dags/example_nested_branch_dag.py
[2023-05-20T16:12:20.099+0000] {processor.py:826} INFO - Processing file /home/airflow/.local/lib/python3.7/site-packages/airflow/example_dags/example_nested_branch_dag.py for tasks to queue
[2023-05-20T16:12:20.100+0000] {logging_mixin.py:149} INFO - [2023-05-20T16:12:20.100+0000] {dagbag.py:541} INFO - Filling up the DagBag from /home/airflow/.local/lib/python3.7/site-packages/airflow/example_dags/example_nested_branch_dag.py
[2023-05-20T16:12:20.117+0000] {processor.py:836} INFO - DAG(s) dict_keys(['example_nested_branch_dag']) retrieved from /home/airflow/.local/lib/python3.7/site-packages/airflow/example_dags/example_nested_branch_dag.py
[2023-05-20T16:12:20.160+0000] {logging_mixin.py:149} INFO - [2023-05-20T16:12:20.159+0000] {dag.py:2726} INFO - Sync 1 DAGs
[2023-05-20T16:12:20.202+0000] {logging_mixin.py:149} INFO - [2023-05-20T16:12:20.202+0000] {dag.py:3490} INFO - Setting next_dagrun for example_nested_branch_dag to 2023-05-19T00:00:00+00:00, run_after=2023-05-20T00:00:00+00:00
[2023-05-20T16:12:20.236+0000] {processor.py:179} INFO - Processing /home/airflow/.local/lib/python3.7/site-packages/airflow/example_dags/example_nested_branch_dag.py took 0.144 seconds
[2023-05-20T16:12:50.355+0000] {processor.py:157} INFO - Started process (PID=499) to work on /home/airflow/.local/lib/python3.7/site-packages/airflow/example_dags/example_nested_branch_dag.py
[2023-05-20T16:12:50.357+0000] {processor.py:826} INFO - Processing file /home/airflow/.local/lib/python3.7/site-packages/airflow/example_dags/example_nested_branch_dag.py for tasks to queue
[2023-05-20T16:12:50.359+0000] {logging_mixin.py:149} INFO - [2023-05-20T16:12:50.359+0000] {dagbag.py:541} INFO - Filling up the DagBag from /home/airflow/.local/lib/python3.7/site-packages/airflow/example_dags/example_nested_branch_dag.py
[2023-05-20T16:12:50.375+0000] {processor.py:836} INFO - DAG(s) dict_keys(['example_nested_branch_dag']) retrieved from /home/airflow/.local/lib/python3.7/site-packages/airflow/example_dags/example_nested_branch_dag.py
[2023-05-20T16:12:50.419+0000] {logging_mixin.py:149} INFO - [2023-05-20T16:12:50.419+0000] {dag.py:2726} INFO - Sync 1 DAGs
[2023-05-20T16:12:50.456+0000] {logging_mixin.py:149} INFO - [2023-05-20T16:12:50.455+0000] {dag.py:3490} INFO - Setting next_dagrun for example_nested_branch_dag to 2023-05-19T00:00:00+00:00, run_after=2023-05-20T00:00:00+00:00
[2023-05-20T16:12:50.489+0000] {processor.py:179} INFO - Processing /home/airflow/.local/lib/python3.7/site-packages/airflow/example_dags/example_nested_branch_dag.py took 0.139 seconds
[2023-05-20T16:13:20.968+0000] {processor.py:157} INFO - Started process (PID=557) to work on /home/airflow/.local/lib/python3.7/site-packages/airflow/example_dags/example_nested_branch_dag.py
[2023-05-20T16:13:20.970+0000] {processor.py:826} INFO - Processing file /home/airflow/.local/lib/python3.7/site-packages/airflow/example_dags/example_nested_branch_dag.py for tasks to queue
[2023-05-20T16:13:20.971+0000] {logging_mixin.py:149} INFO - [2023-05-20T16:13:20.971+0000] {dagbag.py:541} INFO - Filling up the DagBag from /home/airflow/.local/lib/python3.7/site-packages/airflow/example_dags/example_nested_branch_dag.py
[2023-05-20T16:13:20.988+0000] {processor.py:836} INFO - DAG(s) dict_keys(['example_nested_branch_dag']) retrieved from /home/airflow/.local/lib/python3.7/site-packages/airflow/example_dags/example_nested_branch_dag.py
[2023-05-20T16:13:21.025+0000] {logging_mixin.py:149} INFO - [2023-05-20T16:13:21.025+0000] {dag.py:2726} INFO - Sync 1 DAGs
[2023-05-20T16:13:21.058+0000] {logging_mixin.py:149} INFO - [2023-05-20T16:13:21.058+0000] {dag.py:3490} INFO - Setting next_dagrun for example_nested_branch_dag to 2023-05-19T00:00:00+00:00, run_after=2023-05-20T00:00:00+00:00
[2023-05-20T16:13:21.080+0000] {processor.py:179} INFO - Processing /home/airflow/.local/lib/python3.7/site-packages/airflow/example_dags/example_nested_branch_dag.py took 0.117 seconds
