[2023-05-20T15:19:48.417+0000] {processor.py:157} INFO - Started process (PID=46) to work on /home/airflow/.local/lib/python3.7/site-packages/airflow/example_dags/tutorial_dag.py
[2023-05-20T15:19:48.419+0000] {processor.py:826} INFO - Processing file /home/airflow/.local/lib/python3.7/site-packages/airflow/example_dags/tutorial_dag.py for tasks to queue
[2023-05-20T15:19:48.421+0000] {logging_mixin.py:149} INFO - [2023-05-20T15:19:48.421+0000] {dagbag.py:541} INFO - Filling up the DagBag from /home/airflow/.local/lib/python3.7/site-packages/airflow/example_dags/tutorial_dag.py
[2023-05-20T15:19:48.430+0000] {processor.py:836} INFO - DAG(s) dict_keys(['tutorial_dag']) retrieved from /home/airflow/.local/lib/python3.7/site-packages/airflow/example_dags/tutorial_dag.py
[2023-05-20T15:19:48.451+0000] {logging_mixin.py:149} INFO - [2023-05-20T15:19:48.451+0000] {dag.py:2726} INFO - Sync 1 DAGs
[2023-05-20T15:19:48.488+0000] {logging_mixin.py:149} INFO - [2023-05-20T15:19:48.488+0000] {dag.py:3490} INFO - Setting next_dagrun for tutorial_dag to None, run_after=None
[2023-05-20T15:19:48.516+0000] {processor.py:179} INFO - Processing /home/airflow/.local/lib/python3.7/site-packages/airflow/example_dags/tutorial_dag.py took 0.104 seconds
[2023-05-20T15:20:19.957+0000] {processor.py:157} INFO - Started process (PID=104) to work on /home/airflow/.local/lib/python3.7/site-packages/airflow/example_dags/tutorial_dag.py
[2023-05-20T15:20:19.959+0000] {processor.py:826} INFO - Processing file /home/airflow/.local/lib/python3.7/site-packages/airflow/example_dags/tutorial_dag.py for tasks to queue
[2023-05-20T15:20:19.960+0000] {logging_mixin.py:149} INFO - [2023-05-20T15:20:19.960+0000] {dagbag.py:541} INFO - Filling up the DagBag from /home/airflow/.local/lib/python3.7/site-packages/airflow/example_dags/tutorial_dag.py
[2023-05-20T15:20:19.969+0000] {processor.py:836} INFO - DAG(s) dict_keys(['tutorial_dag']) retrieved from /home/airflow/.local/lib/python3.7/site-packages/airflow/example_dags/tutorial_dag.py
[2023-05-20T15:20:20.009+0000] {logging_mixin.py:149} INFO - [2023-05-20T15:20:20.009+0000] {dag.py:2726} INFO - Sync 1 DAGs
[2023-05-20T15:20:20.059+0000] {logging_mixin.py:149} INFO - [2023-05-20T15:20:20.059+0000] {dag.py:3490} INFO - Setting next_dagrun for tutorial_dag to None, run_after=None
[2023-05-20T15:20:20.109+0000] {processor.py:179} INFO - Processing /home/airflow/.local/lib/python3.7/site-packages/airflow/example_dags/tutorial_dag.py took 0.158 seconds
[2023-05-20T15:20:50.632+0000] {processor.py:157} INFO - Started process (PID=162) to work on /home/airflow/.local/lib/python3.7/site-packages/airflow/example_dags/tutorial_dag.py
[2023-05-20T15:20:50.656+0000] {processor.py:826} INFO - Processing file /home/airflow/.local/lib/python3.7/site-packages/airflow/example_dags/tutorial_dag.py for tasks to queue
[2023-05-20T15:20:50.658+0000] {logging_mixin.py:149} INFO - [2023-05-20T15:20:50.658+0000] {dagbag.py:541} INFO - Filling up the DagBag from /home/airflow/.local/lib/python3.7/site-packages/airflow/example_dags/tutorial_dag.py
[2023-05-20T15:20:50.688+0000] {processor.py:836} INFO - DAG(s) dict_keys(['tutorial_dag']) retrieved from /home/airflow/.local/lib/python3.7/site-packages/airflow/example_dags/tutorial_dag.py
[2023-05-20T15:20:50.721+0000] {logging_mixin.py:149} INFO - [2023-05-20T15:20:50.721+0000] {dag.py:2726} INFO - Sync 1 DAGs
[2023-05-20T15:20:50.755+0000] {logging_mixin.py:149} INFO - [2023-05-20T15:20:50.755+0000] {dag.py:3490} INFO - Setting next_dagrun for tutorial_dag to None, run_after=None
[2023-05-20T15:20:50.778+0000] {processor.py:179} INFO - Processing /home/airflow/.local/lib/python3.7/site-packages/airflow/example_dags/tutorial_dag.py took 0.151 seconds
[2023-05-20T15:21:21.585+0000] {processor.py:157} INFO - Started process (PID=220) to work on /home/airflow/.local/lib/python3.7/site-packages/airflow/example_dags/tutorial_dag.py
[2023-05-20T15:21:21.587+0000] {processor.py:826} INFO - Processing file /home/airflow/.local/lib/python3.7/site-packages/airflow/example_dags/tutorial_dag.py for tasks to queue
[2023-05-20T15:21:21.591+0000] {logging_mixin.py:149} INFO - [2023-05-20T15:21:21.591+0000] {dagbag.py:541} INFO - Filling up the DagBag from /home/airflow/.local/lib/python3.7/site-packages/airflow/example_dags/tutorial_dag.py
[2023-05-20T15:21:21.601+0000] {processor.py:836} INFO - DAG(s) dict_keys(['tutorial_dag']) retrieved from /home/airflow/.local/lib/python3.7/site-packages/airflow/example_dags/tutorial_dag.py
[2023-05-20T15:21:21.648+0000] {logging_mixin.py:149} INFO - [2023-05-20T15:21:21.648+0000] {dag.py:2726} INFO - Sync 1 DAGs
[2023-05-20T15:21:21.689+0000] {logging_mixin.py:149} INFO - [2023-05-20T15:21:21.688+0000] {dag.py:3490} INFO - Setting next_dagrun for tutorial_dag to None, run_after=None
[2023-05-20T15:21:21.720+0000] {processor.py:179} INFO - Processing /home/airflow/.local/lib/python3.7/site-packages/airflow/example_dags/tutorial_dag.py took 0.140 seconds
[2023-05-20T15:21:52.021+0000] {processor.py:157} INFO - Started process (PID=278) to work on /home/airflow/.local/lib/python3.7/site-packages/airflow/example_dags/tutorial_dag.py
[2023-05-20T15:21:52.025+0000] {processor.py:826} INFO - Processing file /home/airflow/.local/lib/python3.7/site-packages/airflow/example_dags/tutorial_dag.py for tasks to queue
[2023-05-20T15:21:52.031+0000] {logging_mixin.py:149} INFO - [2023-05-20T15:21:52.030+0000] {dagbag.py:541} INFO - Filling up the DagBag from /home/airflow/.local/lib/python3.7/site-packages/airflow/example_dags/tutorial_dag.py
[2023-05-20T15:21:52.052+0000] {processor.py:836} INFO - DAG(s) dict_keys(['tutorial_dag']) retrieved from /home/airflow/.local/lib/python3.7/site-packages/airflow/example_dags/tutorial_dag.py
[2023-05-20T15:21:52.149+0000] {logging_mixin.py:149} INFO - [2023-05-20T15:21:52.148+0000] {dag.py:2726} INFO - Sync 1 DAGs
[2023-05-20T15:21:52.228+0000] {logging_mixin.py:149} INFO - [2023-05-20T15:21:52.227+0000] {dag.py:3490} INFO - Setting next_dagrun for tutorial_dag to None, run_after=None
[2023-05-20T15:21:52.292+0000] {processor.py:179} INFO - Processing /home/airflow/.local/lib/python3.7/site-packages/airflow/example_dags/tutorial_dag.py took 0.283 seconds
[2023-05-20T15:22:23.099+0000] {processor.py:157} INFO - Started process (PID=336) to work on /home/airflow/.local/lib/python3.7/site-packages/airflow/example_dags/tutorial_dag.py
[2023-05-20T15:22:23.101+0000] {processor.py:826} INFO - Processing file /home/airflow/.local/lib/python3.7/site-packages/airflow/example_dags/tutorial_dag.py for tasks to queue
[2023-05-20T15:22:23.103+0000] {logging_mixin.py:149} INFO - [2023-05-20T15:22:23.103+0000] {dagbag.py:541} INFO - Filling up the DagBag from /home/airflow/.local/lib/python3.7/site-packages/airflow/example_dags/tutorial_dag.py
[2023-05-20T15:22:23.112+0000] {processor.py:836} INFO - DAG(s) dict_keys(['tutorial_dag']) retrieved from /home/airflow/.local/lib/python3.7/site-packages/airflow/example_dags/tutorial_dag.py
[2023-05-20T15:22:23.152+0000] {logging_mixin.py:149} INFO - [2023-05-20T15:22:23.152+0000] {dag.py:2726} INFO - Sync 1 DAGs
[2023-05-20T15:22:23.191+0000] {logging_mixin.py:149} INFO - [2023-05-20T15:22:23.191+0000] {dag.py:3490} INFO - Setting next_dagrun for tutorial_dag to None, run_after=None
[2023-05-20T15:22:23.220+0000] {processor.py:179} INFO - Processing /home/airflow/.local/lib/python3.7/site-packages/airflow/example_dags/tutorial_dag.py took 0.127 seconds
[2023-05-20T15:22:53.806+0000] {processor.py:157} INFO - Started process (PID=394) to work on /home/airflow/.local/lib/python3.7/site-packages/airflow/example_dags/tutorial_dag.py
[2023-05-20T15:22:53.808+0000] {processor.py:826} INFO - Processing file /home/airflow/.local/lib/python3.7/site-packages/airflow/example_dags/tutorial_dag.py for tasks to queue
[2023-05-20T15:22:53.811+0000] {logging_mixin.py:149} INFO - [2023-05-20T15:22:53.810+0000] {dagbag.py:541} INFO - Filling up the DagBag from /home/airflow/.local/lib/python3.7/site-packages/airflow/example_dags/tutorial_dag.py
[2023-05-20T15:22:53.819+0000] {processor.py:836} INFO - DAG(s) dict_keys(['tutorial_dag']) retrieved from /home/airflow/.local/lib/python3.7/site-packages/airflow/example_dags/tutorial_dag.py
[2023-05-20T15:22:53.854+0000] {logging_mixin.py:149} INFO - [2023-05-20T15:22:53.854+0000] {dag.py:2726} INFO - Sync 1 DAGs
[2023-05-20T15:22:53.887+0000] {logging_mixin.py:149} INFO - [2023-05-20T15:22:53.887+0000] {dag.py:3490} INFO - Setting next_dagrun for tutorial_dag to None, run_after=None
[2023-05-20T15:22:53.912+0000] {processor.py:179} INFO - Processing /home/airflow/.local/lib/python3.7/site-packages/airflow/example_dags/tutorial_dag.py took 0.110 seconds
[2023-05-20T15:23:24.241+0000] {processor.py:157} INFO - Started process (PID=452) to work on /home/airflow/.local/lib/python3.7/site-packages/airflow/example_dags/tutorial_dag.py
[2023-05-20T15:23:24.243+0000] {processor.py:826} INFO - Processing file /home/airflow/.local/lib/python3.7/site-packages/airflow/example_dags/tutorial_dag.py for tasks to queue
[2023-05-20T15:23:24.246+0000] {logging_mixin.py:149} INFO - [2023-05-20T15:23:24.246+0000] {dagbag.py:541} INFO - Filling up the DagBag from /home/airflow/.local/lib/python3.7/site-packages/airflow/example_dags/tutorial_dag.py
[2023-05-20T15:23:24.254+0000] {processor.py:836} INFO - DAG(s) dict_keys(['tutorial_dag']) retrieved from /home/airflow/.local/lib/python3.7/site-packages/airflow/example_dags/tutorial_dag.py
[2023-05-20T15:23:24.288+0000] {logging_mixin.py:149} INFO - [2023-05-20T15:23:24.288+0000] {dag.py:2726} INFO - Sync 1 DAGs
[2023-05-20T15:23:24.335+0000] {logging_mixin.py:149} INFO - [2023-05-20T15:23:24.334+0000] {dag.py:3490} INFO - Setting next_dagrun for tutorial_dag to None, run_after=None
[2023-05-20T15:23:24.369+0000] {processor.py:179} INFO - Processing /home/airflow/.local/lib/python3.7/site-packages/airflow/example_dags/tutorial_dag.py took 0.132 seconds
[2023-05-20T15:23:54.868+0000] {processor.py:157} INFO - Started process (PID=510) to work on /home/airflow/.local/lib/python3.7/site-packages/airflow/example_dags/tutorial_dag.py
[2023-05-20T15:23:54.873+0000] {processor.py:826} INFO - Processing file /home/airflow/.local/lib/python3.7/site-packages/airflow/example_dags/tutorial_dag.py for tasks to queue
[2023-05-20T15:23:54.877+0000] {logging_mixin.py:149} INFO - [2023-05-20T15:23:54.876+0000] {dagbag.py:541} INFO - Filling up the DagBag from /home/airflow/.local/lib/python3.7/site-packages/airflow/example_dags/tutorial_dag.py
[2023-05-20T15:23:54.905+0000] {processor.py:836} INFO - DAG(s) dict_keys(['tutorial_dag']) retrieved from /home/airflow/.local/lib/python3.7/site-packages/airflow/example_dags/tutorial_dag.py
[2023-05-20T15:23:54.995+0000] {logging_mixin.py:149} INFO - [2023-05-20T15:23:54.994+0000] {dag.py:2726} INFO - Sync 1 DAGs
[2023-05-20T15:23:55.067+0000] {logging_mixin.py:149} INFO - [2023-05-20T15:23:55.067+0000] {dag.py:3490} INFO - Setting next_dagrun for tutorial_dag to None, run_after=None
[2023-05-20T15:23:55.118+0000] {processor.py:179} INFO - Processing /home/airflow/.local/lib/python3.7/site-packages/airflow/example_dags/tutorial_dag.py took 0.264 seconds
[2023-05-20T15:24:25.289+0000] {processor.py:157} INFO - Started process (PID=568) to work on /home/airflow/.local/lib/python3.7/site-packages/airflow/example_dags/tutorial_dag.py
[2023-05-20T15:24:25.291+0000] {processor.py:826} INFO - Processing file /home/airflow/.local/lib/python3.7/site-packages/airflow/example_dags/tutorial_dag.py for tasks to queue
[2023-05-20T15:24:25.293+0000] {logging_mixin.py:149} INFO - [2023-05-20T15:24:25.292+0000] {dagbag.py:541} INFO - Filling up the DagBag from /home/airflow/.local/lib/python3.7/site-packages/airflow/example_dags/tutorial_dag.py
[2023-05-20T15:24:25.299+0000] {processor.py:836} INFO - DAG(s) dict_keys(['tutorial_dag']) retrieved from /home/airflow/.local/lib/python3.7/site-packages/airflow/example_dags/tutorial_dag.py
[2023-05-20T15:24:25.332+0000] {logging_mixin.py:149} INFO - [2023-05-20T15:24:25.331+0000] {dag.py:2726} INFO - Sync 1 DAGs
[2023-05-20T15:24:25.366+0000] {logging_mixin.py:149} INFO - [2023-05-20T15:24:25.366+0000] {dag.py:3490} INFO - Setting next_dagrun for tutorial_dag to None, run_after=None
[2023-05-20T15:24:25.391+0000] {processor.py:179} INFO - Processing /home/airflow/.local/lib/python3.7/site-packages/airflow/example_dags/tutorial_dag.py took 0.107 seconds
[2023-05-20T15:24:55.786+0000] {processor.py:157} INFO - Started process (PID=626) to work on /home/airflow/.local/lib/python3.7/site-packages/airflow/example_dags/tutorial_dag.py
[2023-05-20T15:24:55.787+0000] {processor.py:826} INFO - Processing file /home/airflow/.local/lib/python3.7/site-packages/airflow/example_dags/tutorial_dag.py for tasks to queue
[2023-05-20T15:24:55.789+0000] {logging_mixin.py:149} INFO - [2023-05-20T15:24:55.789+0000] {dagbag.py:541} INFO - Filling up the DagBag from /home/airflow/.local/lib/python3.7/site-packages/airflow/example_dags/tutorial_dag.py
[2023-05-20T15:24:55.796+0000] {processor.py:836} INFO - DAG(s) dict_keys(['tutorial_dag']) retrieved from /home/airflow/.local/lib/python3.7/site-packages/airflow/example_dags/tutorial_dag.py
[2023-05-20T15:24:55.827+0000] {logging_mixin.py:149} INFO - [2023-05-20T15:24:55.827+0000] {dag.py:2726} INFO - Sync 1 DAGs
[2023-05-20T15:24:55.857+0000] {logging_mixin.py:149} INFO - [2023-05-20T15:24:55.857+0000] {dag.py:3490} INFO - Setting next_dagrun for tutorial_dag to None, run_after=None
[2023-05-20T15:24:55.880+0000] {processor.py:179} INFO - Processing /home/airflow/.local/lib/python3.7/site-packages/airflow/example_dags/tutorial_dag.py took 0.098 seconds
[2023-05-20T15:25:26.511+0000] {processor.py:157} INFO - Started process (PID=684) to work on /home/airflow/.local/lib/python3.7/site-packages/airflow/example_dags/tutorial_dag.py
[2023-05-20T15:25:26.513+0000] {processor.py:826} INFO - Processing file /home/airflow/.local/lib/python3.7/site-packages/airflow/example_dags/tutorial_dag.py for tasks to queue
[2023-05-20T15:25:26.514+0000] {logging_mixin.py:149} INFO - [2023-05-20T15:25:26.514+0000] {dagbag.py:541} INFO - Filling up the DagBag from /home/airflow/.local/lib/python3.7/site-packages/airflow/example_dags/tutorial_dag.py
[2023-05-20T15:25:26.522+0000] {processor.py:836} INFO - DAG(s) dict_keys(['tutorial_dag']) retrieved from /home/airflow/.local/lib/python3.7/site-packages/airflow/example_dags/tutorial_dag.py
[2023-05-20T15:25:26.558+0000] {logging_mixin.py:149} INFO - [2023-05-20T15:25:26.558+0000] {dag.py:2726} INFO - Sync 1 DAGs
[2023-05-20T15:25:26.594+0000] {logging_mixin.py:149} INFO - [2023-05-20T15:25:26.594+0000] {dag.py:3490} INFO - Setting next_dagrun for tutorial_dag to None, run_after=None
[2023-05-20T15:25:26.622+0000] {processor.py:179} INFO - Processing /home/airflow/.local/lib/python3.7/site-packages/airflow/example_dags/tutorial_dag.py took 0.116 seconds
[2023-05-20T15:25:56.932+0000] {processor.py:157} INFO - Started process (PID=742) to work on /home/airflow/.local/lib/python3.7/site-packages/airflow/example_dags/tutorial_dag.py
[2023-05-20T15:25:56.951+0000] {processor.py:826} INFO - Processing file /home/airflow/.local/lib/python3.7/site-packages/airflow/example_dags/tutorial_dag.py for tasks to queue
[2023-05-20T15:25:56.973+0000] {logging_mixin.py:149} INFO - [2023-05-20T15:25:56.973+0000] {dagbag.py:541} INFO - Filling up the DagBag from /home/airflow/.local/lib/python3.7/site-packages/airflow/example_dags/tutorial_dag.py
[2023-05-20T15:25:57.002+0000] {processor.py:836} INFO - DAG(s) dict_keys(['tutorial_dag']) retrieved from /home/airflow/.local/lib/python3.7/site-packages/airflow/example_dags/tutorial_dag.py
[2023-05-20T15:25:57.035+0000] {logging_mixin.py:149} INFO - [2023-05-20T15:25:57.034+0000] {dag.py:2726} INFO - Sync 1 DAGs
[2023-05-20T15:25:57.066+0000] {logging_mixin.py:149} INFO - [2023-05-20T15:25:57.066+0000] {dag.py:3490} INFO - Setting next_dagrun for tutorial_dag to None, run_after=None
[2023-05-20T15:25:57.091+0000] {processor.py:179} INFO - Processing /home/airflow/.local/lib/python3.7/site-packages/airflow/example_dags/tutorial_dag.py took 0.163 seconds
[2023-05-20T15:26:27.150+0000] {processor.py:157} INFO - Started process (PID=799) to work on /home/airflow/.local/lib/python3.7/site-packages/airflow/example_dags/tutorial_dag.py
[2023-05-20T15:26:27.153+0000] {processor.py:826} INFO - Processing file /home/airflow/.local/lib/python3.7/site-packages/airflow/example_dags/tutorial_dag.py for tasks to queue
[2023-05-20T15:26:27.154+0000] {logging_mixin.py:149} INFO - [2023-05-20T15:26:27.154+0000] {dagbag.py:541} INFO - Filling up the DagBag from /home/airflow/.local/lib/python3.7/site-packages/airflow/example_dags/tutorial_dag.py
[2023-05-20T15:26:27.165+0000] {processor.py:836} INFO - DAG(s) dict_keys(['tutorial_dag']) retrieved from /home/airflow/.local/lib/python3.7/site-packages/airflow/example_dags/tutorial_dag.py
[2023-05-20T15:26:27.199+0000] {logging_mixin.py:149} INFO - [2023-05-20T15:26:27.199+0000] {dag.py:2726} INFO - Sync 1 DAGs
[2023-05-20T15:26:27.249+0000] {logging_mixin.py:149} INFO - [2023-05-20T15:26:27.249+0000] {dag.py:3490} INFO - Setting next_dagrun for tutorial_dag to None, run_after=None
[2023-05-20T15:26:27.310+0000] {processor.py:179} INFO - Processing /home/airflow/.local/lib/python3.7/site-packages/airflow/example_dags/tutorial_dag.py took 0.166 seconds
[2023-05-20T15:26:57.363+0000] {processor.py:157} INFO - Started process (PID=857) to work on /home/airflow/.local/lib/python3.7/site-packages/airflow/example_dags/tutorial_dag.py
[2023-05-20T15:26:57.366+0000] {processor.py:826} INFO - Processing file /home/airflow/.local/lib/python3.7/site-packages/airflow/example_dags/tutorial_dag.py for tasks to queue
[2023-05-20T15:26:57.367+0000] {logging_mixin.py:149} INFO - [2023-05-20T15:26:57.367+0000] {dagbag.py:541} INFO - Filling up the DagBag from /home/airflow/.local/lib/python3.7/site-packages/airflow/example_dags/tutorial_dag.py
[2023-05-20T15:26:57.376+0000] {processor.py:836} INFO - DAG(s) dict_keys(['tutorial_dag']) retrieved from /home/airflow/.local/lib/python3.7/site-packages/airflow/example_dags/tutorial_dag.py
[2023-05-20T15:26:57.416+0000] {logging_mixin.py:149} INFO - [2023-05-20T15:26:57.415+0000] {dag.py:2726} INFO - Sync 1 DAGs
[2023-05-20T15:26:57.457+0000] {logging_mixin.py:149} INFO - [2023-05-20T15:26:57.457+0000] {dag.py:3490} INFO - Setting next_dagrun for tutorial_dag to None, run_after=None
[2023-05-20T15:26:57.489+0000] {processor.py:179} INFO - Processing /home/airflow/.local/lib/python3.7/site-packages/airflow/example_dags/tutorial_dag.py took 0.131 seconds
[2023-05-20T15:27:28.282+0000] {processor.py:157} INFO - Started process (PID=916) to work on /home/airflow/.local/lib/python3.7/site-packages/airflow/example_dags/tutorial_dag.py
[2023-05-20T15:27:28.284+0000] {processor.py:826} INFO - Processing file /home/airflow/.local/lib/python3.7/site-packages/airflow/example_dags/tutorial_dag.py for tasks to queue
[2023-05-20T15:27:28.286+0000] {logging_mixin.py:149} INFO - [2023-05-20T15:27:28.286+0000] {dagbag.py:541} INFO - Filling up the DagBag from /home/airflow/.local/lib/python3.7/site-packages/airflow/example_dags/tutorial_dag.py
[2023-05-20T15:27:28.296+0000] {processor.py:836} INFO - DAG(s) dict_keys(['tutorial_dag']) retrieved from /home/airflow/.local/lib/python3.7/site-packages/airflow/example_dags/tutorial_dag.py
[2023-05-20T15:27:28.348+0000] {logging_mixin.py:149} INFO - [2023-05-20T15:27:28.347+0000] {dag.py:2726} INFO - Sync 1 DAGs
[2023-05-20T15:27:28.396+0000] {logging_mixin.py:149} INFO - [2023-05-20T15:27:28.396+0000] {dag.py:3490} INFO - Setting next_dagrun for tutorial_dag to None, run_after=None
[2023-05-20T15:27:28.433+0000] {processor.py:179} INFO - Processing /home/airflow/.local/lib/python3.7/site-packages/airflow/example_dags/tutorial_dag.py took 0.157 seconds
[2023-05-20T15:27:58.601+0000] {processor.py:157} INFO - Started process (PID=974) to work on /home/airflow/.local/lib/python3.7/site-packages/airflow/example_dags/tutorial_dag.py
[2023-05-20T15:27:58.603+0000] {processor.py:826} INFO - Processing file /home/airflow/.local/lib/python3.7/site-packages/airflow/example_dags/tutorial_dag.py for tasks to queue
[2023-05-20T15:27:58.605+0000] {logging_mixin.py:149} INFO - [2023-05-20T15:27:58.605+0000] {dagbag.py:541} INFO - Filling up the DagBag from /home/airflow/.local/lib/python3.7/site-packages/airflow/example_dags/tutorial_dag.py
[2023-05-20T15:27:58.615+0000] {processor.py:836} INFO - DAG(s) dict_keys(['tutorial_dag']) retrieved from /home/airflow/.local/lib/python3.7/site-packages/airflow/example_dags/tutorial_dag.py
[2023-05-20T15:27:58.651+0000] {logging_mixin.py:149} INFO - [2023-05-20T15:27:58.651+0000] {dag.py:2726} INFO - Sync 1 DAGs
[2023-05-20T15:27:58.684+0000] {logging_mixin.py:149} INFO - [2023-05-20T15:27:58.684+0000] {dag.py:3490} INFO - Setting next_dagrun for tutorial_dag to None, run_after=None
[2023-05-20T15:27:58.714+0000] {processor.py:179} INFO - Processing /home/airflow/.local/lib/python3.7/site-packages/airflow/example_dags/tutorial_dag.py took 0.120 seconds
[2023-05-20T15:28:28.890+0000] {processor.py:157} INFO - Started process (PID=1032) to work on /home/airflow/.local/lib/python3.7/site-packages/airflow/example_dags/tutorial_dag.py
[2023-05-20T15:28:28.892+0000] {processor.py:826} INFO - Processing file /home/airflow/.local/lib/python3.7/site-packages/airflow/example_dags/tutorial_dag.py for tasks to queue
[2023-05-20T15:28:28.893+0000] {logging_mixin.py:149} INFO - [2023-05-20T15:28:28.893+0000] {dagbag.py:541} INFO - Filling up the DagBag from /home/airflow/.local/lib/python3.7/site-packages/airflow/example_dags/tutorial_dag.py
[2023-05-20T15:28:28.901+0000] {processor.py:836} INFO - DAG(s) dict_keys(['tutorial_dag']) retrieved from /home/airflow/.local/lib/python3.7/site-packages/airflow/example_dags/tutorial_dag.py
[2023-05-20T15:28:28.934+0000] {logging_mixin.py:149} INFO - [2023-05-20T15:28:28.934+0000] {dag.py:2726} INFO - Sync 1 DAGs
[2023-05-20T15:28:28.963+0000] {logging_mixin.py:149} INFO - [2023-05-20T15:28:28.963+0000] {dag.py:3490} INFO - Setting next_dagrun for tutorial_dag to None, run_after=None
[2023-05-20T15:28:28.987+0000] {processor.py:179} INFO - Processing /home/airflow/.local/lib/python3.7/site-packages/airflow/example_dags/tutorial_dag.py took 0.102 seconds
[2023-05-20T15:28:59.305+0000] {processor.py:157} INFO - Started process (PID=1090) to work on /home/airflow/.local/lib/python3.7/site-packages/airflow/example_dags/tutorial_dag.py
[2023-05-20T15:28:59.307+0000] {processor.py:826} INFO - Processing file /home/airflow/.local/lib/python3.7/site-packages/airflow/example_dags/tutorial_dag.py for tasks to queue
[2023-05-20T15:28:59.309+0000] {logging_mixin.py:149} INFO - [2023-05-20T15:28:59.309+0000] {dagbag.py:541} INFO - Filling up the DagBag from /home/airflow/.local/lib/python3.7/site-packages/airflow/example_dags/tutorial_dag.py
[2023-05-20T15:28:59.317+0000] {processor.py:836} INFO - DAG(s) dict_keys(['tutorial_dag']) retrieved from /home/airflow/.local/lib/python3.7/site-packages/airflow/example_dags/tutorial_dag.py
[2023-05-20T15:28:59.355+0000] {logging_mixin.py:149} INFO - [2023-05-20T15:28:59.354+0000] {dag.py:2726} INFO - Sync 1 DAGs
[2023-05-20T15:28:59.390+0000] {logging_mixin.py:149} INFO - [2023-05-20T15:28:59.390+0000] {dag.py:3490} INFO - Setting next_dagrun for tutorial_dag to None, run_after=None
[2023-05-20T15:28:59.418+0000] {processor.py:179} INFO - Processing /home/airflow/.local/lib/python3.7/site-packages/airflow/example_dags/tutorial_dag.py took 0.117 seconds
[2023-05-20T15:29:29.589+0000] {processor.py:157} INFO - Started process (PID=1148) to work on /home/airflow/.local/lib/python3.7/site-packages/airflow/example_dags/tutorial_dag.py
[2023-05-20T15:29:29.591+0000] {processor.py:826} INFO - Processing file /home/airflow/.local/lib/python3.7/site-packages/airflow/example_dags/tutorial_dag.py for tasks to queue
[2023-05-20T15:29:29.593+0000] {logging_mixin.py:149} INFO - [2023-05-20T15:29:29.593+0000] {dagbag.py:541} INFO - Filling up the DagBag from /home/airflow/.local/lib/python3.7/site-packages/airflow/example_dags/tutorial_dag.py
[2023-05-20T15:29:29.602+0000] {processor.py:836} INFO - DAG(s) dict_keys(['tutorial_dag']) retrieved from /home/airflow/.local/lib/python3.7/site-packages/airflow/example_dags/tutorial_dag.py
[2023-05-20T15:29:29.641+0000] {logging_mixin.py:149} INFO - [2023-05-20T15:29:29.641+0000] {dag.py:2726} INFO - Sync 1 DAGs
[2023-05-20T15:29:29.680+0000] {logging_mixin.py:149} INFO - [2023-05-20T15:29:29.679+0000] {dag.py:3490} INFO - Setting next_dagrun for tutorial_dag to None, run_after=None
[2023-05-20T15:29:29.707+0000] {processor.py:179} INFO - Processing /home/airflow/.local/lib/python3.7/site-packages/airflow/example_dags/tutorial_dag.py took 0.125 seconds
[2023-05-20T15:30:00.635+0000] {processor.py:157} INFO - Started process (PID=1206) to work on /home/airflow/.local/lib/python3.7/site-packages/airflow/example_dags/tutorial_dag.py
[2023-05-20T15:30:00.639+0000] {processor.py:826} INFO - Processing file /home/airflow/.local/lib/python3.7/site-packages/airflow/example_dags/tutorial_dag.py for tasks to queue
[2023-05-20T15:30:00.641+0000] {logging_mixin.py:149} INFO - [2023-05-20T15:30:00.641+0000] {dagbag.py:541} INFO - Filling up the DagBag from /home/airflow/.local/lib/python3.7/site-packages/airflow/example_dags/tutorial_dag.py
[2023-05-20T15:30:00.654+0000] {processor.py:836} INFO - DAG(s) dict_keys(['tutorial_dag']) retrieved from /home/airflow/.local/lib/python3.7/site-packages/airflow/example_dags/tutorial_dag.py
[2023-05-20T15:30:00.692+0000] {logging_mixin.py:149} INFO - [2023-05-20T15:30:00.692+0000] {dag.py:2726} INFO - Sync 1 DAGs
[2023-05-20T15:30:00.728+0000] {logging_mixin.py:149} INFO - [2023-05-20T15:30:00.728+0000] {dag.py:3490} INFO - Setting next_dagrun for tutorial_dag to None, run_after=None
[2023-05-20T15:30:00.760+0000] {processor.py:179} INFO - Processing /home/airflow/.local/lib/python3.7/site-packages/airflow/example_dags/tutorial_dag.py took 0.133 seconds
[2023-05-20T15:30:30.973+0000] {processor.py:157} INFO - Started process (PID=1264) to work on /home/airflow/.local/lib/python3.7/site-packages/airflow/example_dags/tutorial_dag.py
[2023-05-20T15:30:30.976+0000] {processor.py:826} INFO - Processing file /home/airflow/.local/lib/python3.7/site-packages/airflow/example_dags/tutorial_dag.py for tasks to queue
[2023-05-20T15:30:30.977+0000] {logging_mixin.py:149} INFO - [2023-05-20T15:30:30.977+0000] {dagbag.py:541} INFO - Filling up the DagBag from /home/airflow/.local/lib/python3.7/site-packages/airflow/example_dags/tutorial_dag.py
[2023-05-20T15:30:30.986+0000] {processor.py:836} INFO - DAG(s) dict_keys(['tutorial_dag']) retrieved from /home/airflow/.local/lib/python3.7/site-packages/airflow/example_dags/tutorial_dag.py
[2023-05-20T15:30:31.017+0000] {logging_mixin.py:149} INFO - [2023-05-20T15:30:31.017+0000] {dag.py:2726} INFO - Sync 1 DAGs
[2023-05-20T15:30:31.045+0000] {logging_mixin.py:149} INFO - [2023-05-20T15:30:31.045+0000] {dag.py:3490} INFO - Setting next_dagrun for tutorial_dag to None, run_after=None
[2023-05-20T15:30:31.071+0000] {processor.py:179} INFO - Processing /home/airflow/.local/lib/python3.7/site-packages/airflow/example_dags/tutorial_dag.py took 0.102 seconds
[2023-05-20T15:31:01.412+0000] {processor.py:157} INFO - Started process (PID=1322) to work on /home/airflow/.local/lib/python3.7/site-packages/airflow/example_dags/tutorial_dag.py
[2023-05-20T15:31:01.415+0000] {processor.py:826} INFO - Processing file /home/airflow/.local/lib/python3.7/site-packages/airflow/example_dags/tutorial_dag.py for tasks to queue
[2023-05-20T15:31:01.416+0000] {logging_mixin.py:149} INFO - [2023-05-20T15:31:01.416+0000] {dagbag.py:541} INFO - Filling up the DagBag from /home/airflow/.local/lib/python3.7/site-packages/airflow/example_dags/tutorial_dag.py
[2023-05-20T15:31:01.424+0000] {processor.py:836} INFO - DAG(s) dict_keys(['tutorial_dag']) retrieved from /home/airflow/.local/lib/python3.7/site-packages/airflow/example_dags/tutorial_dag.py
[2023-05-20T15:31:01.467+0000] {logging_mixin.py:149} INFO - [2023-05-20T15:31:01.466+0000] {dag.py:2726} INFO - Sync 1 DAGs
[2023-05-20T15:31:01.504+0000] {logging_mixin.py:149} INFO - [2023-05-20T15:31:01.504+0000] {dag.py:3490} INFO - Setting next_dagrun for tutorial_dag to None, run_after=None
[2023-05-20T15:31:01.540+0000] {processor.py:179} INFO - Processing /home/airflow/.local/lib/python3.7/site-packages/airflow/example_dags/tutorial_dag.py took 0.134 seconds
[2023-05-20T15:31:31.692+0000] {processor.py:157} INFO - Started process (PID=1380) to work on /home/airflow/.local/lib/python3.7/site-packages/airflow/example_dags/tutorial_dag.py
[2023-05-20T15:31:31.695+0000] {processor.py:826} INFO - Processing file /home/airflow/.local/lib/python3.7/site-packages/airflow/example_dags/tutorial_dag.py for tasks to queue
[2023-05-20T15:31:31.697+0000] {logging_mixin.py:149} INFO - [2023-05-20T15:31:31.697+0000] {dagbag.py:541} INFO - Filling up the DagBag from /home/airflow/.local/lib/python3.7/site-packages/airflow/example_dags/tutorial_dag.py
[2023-05-20T15:31:31.708+0000] {processor.py:836} INFO - DAG(s) dict_keys(['tutorial_dag']) retrieved from /home/airflow/.local/lib/python3.7/site-packages/airflow/example_dags/tutorial_dag.py
[2023-05-20T15:31:31.748+0000] {logging_mixin.py:149} INFO - [2023-05-20T15:31:31.748+0000] {dag.py:2726} INFO - Sync 1 DAGs
[2023-05-20T15:31:31.789+0000] {logging_mixin.py:149} INFO - [2023-05-20T15:31:31.789+0000] {dag.py:3490} INFO - Setting next_dagrun for tutorial_dag to None, run_after=None
[2023-05-20T15:31:31.821+0000] {processor.py:179} INFO - Processing /home/airflow/.local/lib/python3.7/site-packages/airflow/example_dags/tutorial_dag.py took 0.135 seconds
[2023-05-20T15:32:02.017+0000] {processor.py:157} INFO - Started process (PID=1438) to work on /home/airflow/.local/lib/python3.7/site-packages/airflow/example_dags/tutorial_dag.py
[2023-05-20T15:32:02.018+0000] {processor.py:826} INFO - Processing file /home/airflow/.local/lib/python3.7/site-packages/airflow/example_dags/tutorial_dag.py for tasks to queue
[2023-05-20T15:32:02.020+0000] {logging_mixin.py:149} INFO - [2023-05-20T15:32:02.020+0000] {dagbag.py:541} INFO - Filling up the DagBag from /home/airflow/.local/lib/python3.7/site-packages/airflow/example_dags/tutorial_dag.py
[2023-05-20T15:32:02.027+0000] {processor.py:836} INFO - DAG(s) dict_keys(['tutorial_dag']) retrieved from /home/airflow/.local/lib/python3.7/site-packages/airflow/example_dags/tutorial_dag.py
[2023-05-20T15:32:02.060+0000] {logging_mixin.py:149} INFO - [2023-05-20T15:32:02.060+0000] {dag.py:2726} INFO - Sync 1 DAGs
[2023-05-20T15:32:02.090+0000] {logging_mixin.py:149} INFO - [2023-05-20T15:32:02.090+0000] {dag.py:3490} INFO - Setting next_dagrun for tutorial_dag to None, run_after=None
[2023-05-20T15:32:02.112+0000] {processor.py:179} INFO - Processing /home/airflow/.local/lib/python3.7/site-packages/airflow/example_dags/tutorial_dag.py took 0.100 seconds
[2023-05-20T15:32:32.520+0000] {processor.py:157} INFO - Started process (PID=1496) to work on /home/airflow/.local/lib/python3.7/site-packages/airflow/example_dags/tutorial_dag.py
[2023-05-20T15:32:32.525+0000] {processor.py:826} INFO - Processing file /home/airflow/.local/lib/python3.7/site-packages/airflow/example_dags/tutorial_dag.py for tasks to queue
[2023-05-20T15:32:32.527+0000] {logging_mixin.py:149} INFO - [2023-05-20T15:32:32.526+0000] {dagbag.py:541} INFO - Filling up the DagBag from /home/airflow/.local/lib/python3.7/site-packages/airflow/example_dags/tutorial_dag.py
[2023-05-20T15:32:32.534+0000] {processor.py:836} INFO - DAG(s) dict_keys(['tutorial_dag']) retrieved from /home/airflow/.local/lib/python3.7/site-packages/airflow/example_dags/tutorial_dag.py
[2023-05-20T15:32:32.567+0000] {logging_mixin.py:149} INFO - [2023-05-20T15:32:32.567+0000] {dag.py:2726} INFO - Sync 1 DAGs
[2023-05-20T15:32:32.604+0000] {logging_mixin.py:149} INFO - [2023-05-20T15:32:32.604+0000] {dag.py:3490} INFO - Setting next_dagrun for tutorial_dag to None, run_after=None
[2023-05-20T15:32:32.654+0000] {processor.py:179} INFO - Processing /home/airflow/.local/lib/python3.7/site-packages/airflow/example_dags/tutorial_dag.py took 0.139 seconds
[2023-05-20T15:33:02.877+0000] {processor.py:157} INFO - Started process (PID=1554) to work on /home/airflow/.local/lib/python3.7/site-packages/airflow/example_dags/tutorial_dag.py
[2023-05-20T15:33:02.881+0000] {processor.py:826} INFO - Processing file /home/airflow/.local/lib/python3.7/site-packages/airflow/example_dags/tutorial_dag.py for tasks to queue
[2023-05-20T15:33:02.884+0000] {logging_mixin.py:149} INFO - [2023-05-20T15:33:02.884+0000] {dagbag.py:541} INFO - Filling up the DagBag from /home/airflow/.local/lib/python3.7/site-packages/airflow/example_dags/tutorial_dag.py
[2023-05-20T15:33:02.912+0000] {processor.py:836} INFO - DAG(s) dict_keys(['tutorial_dag']) retrieved from /home/airflow/.local/lib/python3.7/site-packages/airflow/example_dags/tutorial_dag.py
[2023-05-20T15:33:02.947+0000] {logging_mixin.py:149} INFO - [2023-05-20T15:33:02.946+0000] {dag.py:2726} INFO - Sync 1 DAGs
[2023-05-20T15:33:02.980+0000] {logging_mixin.py:149} INFO - [2023-05-20T15:33:02.979+0000] {dag.py:3490} INFO - Setting next_dagrun for tutorial_dag to None, run_after=None
[2023-05-20T15:33:03.023+0000] {processor.py:179} INFO - Processing /home/airflow/.local/lib/python3.7/site-packages/airflow/example_dags/tutorial_dag.py took 0.151 seconds
[2023-05-20T15:33:33.270+0000] {processor.py:157} INFO - Started process (PID=1612) to work on /home/airflow/.local/lib/python3.7/site-packages/airflow/example_dags/tutorial_dag.py
[2023-05-20T15:33:33.272+0000] {processor.py:826} INFO - Processing file /home/airflow/.local/lib/python3.7/site-packages/airflow/example_dags/tutorial_dag.py for tasks to queue
[2023-05-20T15:33:33.274+0000] {logging_mixin.py:149} INFO - [2023-05-20T15:33:33.273+0000] {dagbag.py:541} INFO - Filling up the DagBag from /home/airflow/.local/lib/python3.7/site-packages/airflow/example_dags/tutorial_dag.py
[2023-05-20T15:33:33.281+0000] {processor.py:836} INFO - DAG(s) dict_keys(['tutorial_dag']) retrieved from /home/airflow/.local/lib/python3.7/site-packages/airflow/example_dags/tutorial_dag.py
[2023-05-20T15:33:33.323+0000] {logging_mixin.py:149} INFO - [2023-05-20T15:33:33.323+0000] {dag.py:2726} INFO - Sync 1 DAGs
[2023-05-20T15:33:33.361+0000] {logging_mixin.py:149} INFO - [2023-05-20T15:33:33.361+0000] {dag.py:3490} INFO - Setting next_dagrun for tutorial_dag to None, run_after=None
[2023-05-20T15:33:33.389+0000] {processor.py:179} INFO - Processing /home/airflow/.local/lib/python3.7/site-packages/airflow/example_dags/tutorial_dag.py took 0.123 seconds
[2023-05-20T15:34:03.830+0000] {processor.py:157} INFO - Started process (PID=1670) to work on /home/airflow/.local/lib/python3.7/site-packages/airflow/example_dags/tutorial_dag.py
[2023-05-20T15:34:03.832+0000] {processor.py:826} INFO - Processing file /home/airflow/.local/lib/python3.7/site-packages/airflow/example_dags/tutorial_dag.py for tasks to queue
[2023-05-20T15:34:03.834+0000] {logging_mixin.py:149} INFO - [2023-05-20T15:34:03.834+0000] {dagbag.py:541} INFO - Filling up the DagBag from /home/airflow/.local/lib/python3.7/site-packages/airflow/example_dags/tutorial_dag.py
[2023-05-20T15:34:03.845+0000] {processor.py:836} INFO - DAG(s) dict_keys(['tutorial_dag']) retrieved from /home/airflow/.local/lib/python3.7/site-packages/airflow/example_dags/tutorial_dag.py
[2023-05-20T15:34:03.889+0000] {logging_mixin.py:149} INFO - [2023-05-20T15:34:03.888+0000] {dag.py:2726} INFO - Sync 1 DAGs
[2023-05-20T15:34:03.929+0000] {logging_mixin.py:149} INFO - [2023-05-20T15:34:03.929+0000] {dag.py:3490} INFO - Setting next_dagrun for tutorial_dag to None, run_after=None
[2023-05-20T15:34:03.961+0000] {processor.py:179} INFO - Processing /home/airflow/.local/lib/python3.7/site-packages/airflow/example_dags/tutorial_dag.py took 0.137 seconds
[2023-05-20T15:34:34.045+0000] {processor.py:157} INFO - Started process (PID=1728) to work on /home/airflow/.local/lib/python3.7/site-packages/airflow/example_dags/tutorial_dag.py
[2023-05-20T15:34:34.047+0000] {processor.py:826} INFO - Processing file /home/airflow/.local/lib/python3.7/site-packages/airflow/example_dags/tutorial_dag.py for tasks to queue
[2023-05-20T15:34:34.048+0000] {logging_mixin.py:149} INFO - [2023-05-20T15:34:34.048+0000] {dagbag.py:541} INFO - Filling up the DagBag from /home/airflow/.local/lib/python3.7/site-packages/airflow/example_dags/tutorial_dag.py
[2023-05-20T15:34:34.056+0000] {processor.py:836} INFO - DAG(s) dict_keys(['tutorial_dag']) retrieved from /home/airflow/.local/lib/python3.7/site-packages/airflow/example_dags/tutorial_dag.py
[2023-05-20T15:34:34.086+0000] {logging_mixin.py:149} INFO - [2023-05-20T15:34:34.086+0000] {dag.py:2726} INFO - Sync 1 DAGs
[2023-05-20T15:34:34.114+0000] {logging_mixin.py:149} INFO - [2023-05-20T15:34:34.114+0000] {dag.py:3490} INFO - Setting next_dagrun for tutorial_dag to None, run_after=None
[2023-05-20T15:34:34.137+0000] {processor.py:179} INFO - Processing /home/airflow/.local/lib/python3.7/site-packages/airflow/example_dags/tutorial_dag.py took 0.096 seconds
[2023-05-20T15:35:04.667+0000] {processor.py:157} INFO - Started process (PID=1786) to work on /home/airflow/.local/lib/python3.7/site-packages/airflow/example_dags/tutorial_dag.py
[2023-05-20T15:35:04.669+0000] {processor.py:826} INFO - Processing file /home/airflow/.local/lib/python3.7/site-packages/airflow/example_dags/tutorial_dag.py for tasks to queue
[2023-05-20T15:35:04.670+0000] {logging_mixin.py:149} INFO - [2023-05-20T15:35:04.670+0000] {dagbag.py:541} INFO - Filling up the DagBag from /home/airflow/.local/lib/python3.7/site-packages/airflow/example_dags/tutorial_dag.py
[2023-05-20T15:35:04.678+0000] {processor.py:836} INFO - DAG(s) dict_keys(['tutorial_dag']) retrieved from /home/airflow/.local/lib/python3.7/site-packages/airflow/example_dags/tutorial_dag.py
[2023-05-20T15:35:04.719+0000] {logging_mixin.py:149} INFO - [2023-05-20T15:35:04.719+0000] {dag.py:2726} INFO - Sync 1 DAGs
[2023-05-20T15:35:04.768+0000] {logging_mixin.py:149} INFO - [2023-05-20T15:35:04.768+0000] {dag.py:3490} INFO - Setting next_dagrun for tutorial_dag to None, run_after=None
[2023-05-20T15:35:04.797+0000] {processor.py:179} INFO - Processing /home/airflow/.local/lib/python3.7/site-packages/airflow/example_dags/tutorial_dag.py took 0.136 seconds
[2023-05-20T15:35:35.246+0000] {processor.py:157} INFO - Started process (PID=1844) to work on /home/airflow/.local/lib/python3.7/site-packages/airflow/example_dags/tutorial_dag.py
[2023-05-20T15:35:35.248+0000] {processor.py:826} INFO - Processing file /home/airflow/.local/lib/python3.7/site-packages/airflow/example_dags/tutorial_dag.py for tasks to queue
[2023-05-20T15:35:35.249+0000] {logging_mixin.py:149} INFO - [2023-05-20T15:35:35.249+0000] {dagbag.py:541} INFO - Filling up the DagBag from /home/airflow/.local/lib/python3.7/site-packages/airflow/example_dags/tutorial_dag.py
[2023-05-20T15:35:35.257+0000] {processor.py:836} INFO - DAG(s) dict_keys(['tutorial_dag']) retrieved from /home/airflow/.local/lib/python3.7/site-packages/airflow/example_dags/tutorial_dag.py
[2023-05-20T15:35:35.293+0000] {logging_mixin.py:149} INFO - [2023-05-20T15:35:35.293+0000] {dag.py:2726} INFO - Sync 1 DAGs
[2023-05-20T15:35:35.324+0000] {logging_mixin.py:149} INFO - [2023-05-20T15:35:35.324+0000] {dag.py:3490} INFO - Setting next_dagrun for tutorial_dag to None, run_after=None
[2023-05-20T15:35:35.350+0000] {processor.py:179} INFO - Processing /home/airflow/.local/lib/python3.7/site-packages/airflow/example_dags/tutorial_dag.py took 0.109 seconds
[2023-05-20T15:36:05.990+0000] {processor.py:157} INFO - Started process (PID=1902) to work on /home/airflow/.local/lib/python3.7/site-packages/airflow/example_dags/tutorial_dag.py
[2023-05-20T15:36:05.992+0000] {processor.py:826} INFO - Processing file /home/airflow/.local/lib/python3.7/site-packages/airflow/example_dags/tutorial_dag.py for tasks to queue
[2023-05-20T15:36:05.993+0000] {logging_mixin.py:149} INFO - [2023-05-20T15:36:05.993+0000] {dagbag.py:541} INFO - Filling up the DagBag from /home/airflow/.local/lib/python3.7/site-packages/airflow/example_dags/tutorial_dag.py
[2023-05-20T15:36:06.000+0000] {processor.py:836} INFO - DAG(s) dict_keys(['tutorial_dag']) retrieved from /home/airflow/.local/lib/python3.7/site-packages/airflow/example_dags/tutorial_dag.py
[2023-05-20T15:36:06.030+0000] {logging_mixin.py:149} INFO - [2023-05-20T15:36:06.030+0000] {dag.py:2726} INFO - Sync 1 DAGs
[2023-05-20T15:36:06.059+0000] {logging_mixin.py:149} INFO - [2023-05-20T15:36:06.058+0000] {dag.py:3490} INFO - Setting next_dagrun for tutorial_dag to None, run_after=None
[2023-05-20T15:36:06.080+0000] {processor.py:179} INFO - Processing /home/airflow/.local/lib/python3.7/site-packages/airflow/example_dags/tutorial_dag.py took 0.094 seconds
[2023-05-20T15:36:36.311+0000] {processor.py:157} INFO - Started process (PID=1960) to work on /home/airflow/.local/lib/python3.7/site-packages/airflow/example_dags/tutorial_dag.py
[2023-05-20T15:36:36.313+0000] {processor.py:826} INFO - Processing file /home/airflow/.local/lib/python3.7/site-packages/airflow/example_dags/tutorial_dag.py for tasks to queue
[2023-05-20T15:36:36.314+0000] {logging_mixin.py:149} INFO - [2023-05-20T15:36:36.314+0000] {dagbag.py:541} INFO - Filling up the DagBag from /home/airflow/.local/lib/python3.7/site-packages/airflow/example_dags/tutorial_dag.py
[2023-05-20T15:36:36.321+0000] {processor.py:836} INFO - DAG(s) dict_keys(['tutorial_dag']) retrieved from /home/airflow/.local/lib/python3.7/site-packages/airflow/example_dags/tutorial_dag.py
[2023-05-20T15:36:36.353+0000] {logging_mixin.py:149} INFO - [2023-05-20T15:36:36.352+0000] {dag.py:2726} INFO - Sync 1 DAGs
[2023-05-20T15:36:36.381+0000] {logging_mixin.py:149} INFO - [2023-05-20T15:36:36.381+0000] {dag.py:3490} INFO - Setting next_dagrun for tutorial_dag to None, run_after=None
[2023-05-20T15:36:36.401+0000] {processor.py:179} INFO - Processing /home/airflow/.local/lib/python3.7/site-packages/airflow/example_dags/tutorial_dag.py took 0.095 seconds
[2023-05-20T15:37:06.623+0000] {processor.py:157} INFO - Started process (PID=2019) to work on /home/airflow/.local/lib/python3.7/site-packages/airflow/example_dags/tutorial_dag.py
[2023-05-20T15:37:06.625+0000] {processor.py:826} INFO - Processing file /home/airflow/.local/lib/python3.7/site-packages/airflow/example_dags/tutorial_dag.py for tasks to queue
[2023-05-20T15:37:06.626+0000] {logging_mixin.py:149} INFO - [2023-05-20T15:37:06.626+0000] {dagbag.py:541} INFO - Filling up the DagBag from /home/airflow/.local/lib/python3.7/site-packages/airflow/example_dags/tutorial_dag.py
[2023-05-20T15:37:06.634+0000] {processor.py:836} INFO - DAG(s) dict_keys(['tutorial_dag']) retrieved from /home/airflow/.local/lib/python3.7/site-packages/airflow/example_dags/tutorial_dag.py
[2023-05-20T15:37:06.666+0000] {logging_mixin.py:149} INFO - [2023-05-20T15:37:06.666+0000] {dag.py:2726} INFO - Sync 1 DAGs
[2023-05-20T15:37:06.694+0000] {logging_mixin.py:149} INFO - [2023-05-20T15:37:06.694+0000] {dag.py:3490} INFO - Setting next_dagrun for tutorial_dag to None, run_after=None
[2023-05-20T15:37:06.716+0000] {processor.py:179} INFO - Processing /home/airflow/.local/lib/python3.7/site-packages/airflow/example_dags/tutorial_dag.py took 0.098 seconds
[2023-05-20T15:37:37.301+0000] {processor.py:157} INFO - Started process (PID=2077) to work on /home/airflow/.local/lib/python3.7/site-packages/airflow/example_dags/tutorial_dag.py
[2023-05-20T15:37:37.303+0000] {processor.py:826} INFO - Processing file /home/airflow/.local/lib/python3.7/site-packages/airflow/example_dags/tutorial_dag.py for tasks to queue
[2023-05-20T15:37:37.306+0000] {logging_mixin.py:149} INFO - [2023-05-20T15:37:37.305+0000] {dagbag.py:541} INFO - Filling up the DagBag from /home/airflow/.local/lib/python3.7/site-packages/airflow/example_dags/tutorial_dag.py
[2023-05-20T15:37:37.316+0000] {processor.py:836} INFO - DAG(s) dict_keys(['tutorial_dag']) retrieved from /home/airflow/.local/lib/python3.7/site-packages/airflow/example_dags/tutorial_dag.py
[2023-05-20T15:37:37.360+0000] {logging_mixin.py:149} INFO - [2023-05-20T15:37:37.360+0000] {dag.py:2726} INFO - Sync 1 DAGs
[2023-05-20T15:37:37.398+0000] {logging_mixin.py:149} INFO - [2023-05-20T15:37:37.398+0000] {dag.py:3490} INFO - Setting next_dagrun for tutorial_dag to None, run_after=None
[2023-05-20T15:37:37.430+0000] {processor.py:179} INFO - Processing /home/airflow/.local/lib/python3.7/site-packages/airflow/example_dags/tutorial_dag.py took 0.134 seconds
[2023-05-20T15:38:07.831+0000] {processor.py:157} INFO - Started process (PID=2142) to work on /home/airflow/.local/lib/python3.7/site-packages/airflow/example_dags/tutorial_dag.py
[2023-05-20T15:38:07.881+0000] {processor.py:826} INFO - Processing file /home/airflow/.local/lib/python3.7/site-packages/airflow/example_dags/tutorial_dag.py for tasks to queue
[2023-05-20T15:38:07.882+0000] {logging_mixin.py:149} INFO - [2023-05-20T15:38:07.882+0000] {dagbag.py:541} INFO - Filling up the DagBag from /home/airflow/.local/lib/python3.7/site-packages/airflow/example_dags/tutorial_dag.py
[2023-05-20T15:38:07.891+0000] {processor.py:836} INFO - DAG(s) dict_keys(['tutorial_dag']) retrieved from /home/airflow/.local/lib/python3.7/site-packages/airflow/example_dags/tutorial_dag.py
[2023-05-20T15:38:07.935+0000] {logging_mixin.py:149} INFO - [2023-05-20T15:38:07.935+0000] {dag.py:2726} INFO - Sync 1 DAGs
[2023-05-20T15:38:07.978+0000] {logging_mixin.py:149} INFO - [2023-05-20T15:38:07.978+0000] {dag.py:3490} INFO - Setting next_dagrun for tutorial_dag to None, run_after=None
[2023-05-20T15:38:08.008+0000] {processor.py:179} INFO - Processing /home/airflow/.local/lib/python3.7/site-packages/airflow/example_dags/tutorial_dag.py took 0.182 seconds
[2023-05-20T15:38:38.408+0000] {processor.py:157} INFO - Started process (PID=2200) to work on /home/airflow/.local/lib/python3.7/site-packages/airflow/example_dags/tutorial_dag.py
[2023-05-20T15:38:38.409+0000] {processor.py:826} INFO - Processing file /home/airflow/.local/lib/python3.7/site-packages/airflow/example_dags/tutorial_dag.py for tasks to queue
[2023-05-20T15:38:38.411+0000] {logging_mixin.py:149} INFO - [2023-05-20T15:38:38.411+0000] {dagbag.py:541} INFO - Filling up the DagBag from /home/airflow/.local/lib/python3.7/site-packages/airflow/example_dags/tutorial_dag.py
[2023-05-20T15:38:38.419+0000] {processor.py:836} INFO - DAG(s) dict_keys(['tutorial_dag']) retrieved from /home/airflow/.local/lib/python3.7/site-packages/airflow/example_dags/tutorial_dag.py
[2023-05-20T15:38:38.456+0000] {logging_mixin.py:149} INFO - [2023-05-20T15:38:38.455+0000] {dag.py:2726} INFO - Sync 1 DAGs
[2023-05-20T15:38:38.493+0000] {logging_mixin.py:149} INFO - [2023-05-20T15:38:38.492+0000] {dag.py:3490} INFO - Setting next_dagrun for tutorial_dag to None, run_after=None
[2023-05-20T15:38:38.523+0000] {processor.py:179} INFO - Processing /home/airflow/.local/lib/python3.7/site-packages/airflow/example_dags/tutorial_dag.py took 0.119 seconds
[2023-05-20T15:39:08.656+0000] {processor.py:157} INFO - Started process (PID=2258) to work on /home/airflow/.local/lib/python3.7/site-packages/airflow/example_dags/tutorial_dag.py
[2023-05-20T15:39:08.659+0000] {processor.py:826} INFO - Processing file /home/airflow/.local/lib/python3.7/site-packages/airflow/example_dags/tutorial_dag.py for tasks to queue
[2023-05-20T15:39:08.661+0000] {logging_mixin.py:149} INFO - [2023-05-20T15:39:08.660+0000] {dagbag.py:541} INFO - Filling up the DagBag from /home/airflow/.local/lib/python3.7/site-packages/airflow/example_dags/tutorial_dag.py
[2023-05-20T15:39:08.675+0000] {processor.py:836} INFO - DAG(s) dict_keys(['tutorial_dag']) retrieved from /home/airflow/.local/lib/python3.7/site-packages/airflow/example_dags/tutorial_dag.py
[2023-05-20T15:39:08.731+0000] {logging_mixin.py:149} INFO - [2023-05-20T15:39:08.731+0000] {dag.py:2726} INFO - Sync 1 DAGs
[2023-05-20T15:39:08.780+0000] {logging_mixin.py:149} INFO - [2023-05-20T15:39:08.780+0000] {dag.py:3490} INFO - Setting next_dagrun for tutorial_dag to None, run_after=None
[2023-05-20T15:39:08.820+0000] {processor.py:179} INFO - Processing /home/airflow/.local/lib/python3.7/site-packages/airflow/example_dags/tutorial_dag.py took 0.173 seconds
[2023-05-20T15:39:39.735+0000] {processor.py:157} INFO - Started process (PID=2316) to work on /home/airflow/.local/lib/python3.7/site-packages/airflow/example_dags/tutorial_dag.py
[2023-05-20T15:39:39.737+0000] {processor.py:826} INFO - Processing file /home/airflow/.local/lib/python3.7/site-packages/airflow/example_dags/tutorial_dag.py for tasks to queue
[2023-05-20T15:39:39.740+0000] {logging_mixin.py:149} INFO - [2023-05-20T15:39:39.740+0000] {dagbag.py:541} INFO - Filling up the DagBag from /home/airflow/.local/lib/python3.7/site-packages/airflow/example_dags/tutorial_dag.py
[2023-05-20T15:39:39.769+0000] {processor.py:836} INFO - DAG(s) dict_keys(['tutorial_dag']) retrieved from /home/airflow/.local/lib/python3.7/site-packages/airflow/example_dags/tutorial_dag.py
[2023-05-20T15:39:39.800+0000] {logging_mixin.py:149} INFO - [2023-05-20T15:39:39.800+0000] {dag.py:2726} INFO - Sync 1 DAGs
[2023-05-20T15:39:39.829+0000] {logging_mixin.py:149} INFO - [2023-05-20T15:39:39.828+0000] {dag.py:3490} INFO - Setting next_dagrun for tutorial_dag to None, run_after=None
[2023-05-20T15:39:39.851+0000] {processor.py:179} INFO - Processing /home/airflow/.local/lib/python3.7/site-packages/airflow/example_dags/tutorial_dag.py took 0.121 seconds
[2023-05-20T15:40:10.526+0000] {processor.py:157} INFO - Started process (PID=2374) to work on /home/airflow/.local/lib/python3.7/site-packages/airflow/example_dags/tutorial_dag.py
[2023-05-20T15:40:10.528+0000] {processor.py:826} INFO - Processing file /home/airflow/.local/lib/python3.7/site-packages/airflow/example_dags/tutorial_dag.py for tasks to queue
[2023-05-20T15:40:10.530+0000] {logging_mixin.py:149} INFO - [2023-05-20T15:40:10.530+0000] {dagbag.py:541} INFO - Filling up the DagBag from /home/airflow/.local/lib/python3.7/site-packages/airflow/example_dags/tutorial_dag.py
[2023-05-20T15:40:10.538+0000] {processor.py:836} INFO - DAG(s) dict_keys(['tutorial_dag']) retrieved from /home/airflow/.local/lib/python3.7/site-packages/airflow/example_dags/tutorial_dag.py
[2023-05-20T15:40:10.572+0000] {logging_mixin.py:149} INFO - [2023-05-20T15:40:10.571+0000] {dag.py:2726} INFO - Sync 1 DAGs
[2023-05-20T15:40:10.605+0000] {logging_mixin.py:149} INFO - [2023-05-20T15:40:10.604+0000] {dag.py:3490} INFO - Setting next_dagrun for tutorial_dag to None, run_after=None
[2023-05-20T15:40:10.687+0000] {processor.py:179} INFO - Processing /home/airflow/.local/lib/python3.7/site-packages/airflow/example_dags/tutorial_dag.py took 0.166 seconds
[2023-05-20T15:40:40.824+0000] {processor.py:157} INFO - Started process (PID=2432) to work on /home/airflow/.local/lib/python3.7/site-packages/airflow/example_dags/tutorial_dag.py
[2023-05-20T15:40:40.827+0000] {processor.py:826} INFO - Processing file /home/airflow/.local/lib/python3.7/site-packages/airflow/example_dags/tutorial_dag.py for tasks to queue
[2023-05-20T15:40:40.830+0000] {logging_mixin.py:149} INFO - [2023-05-20T15:40:40.829+0000] {dagbag.py:541} INFO - Filling up the DagBag from /home/airflow/.local/lib/python3.7/site-packages/airflow/example_dags/tutorial_dag.py
[2023-05-20T15:40:40.842+0000] {processor.py:836} INFO - DAG(s) dict_keys(['tutorial_dag']) retrieved from /home/airflow/.local/lib/python3.7/site-packages/airflow/example_dags/tutorial_dag.py
[2023-05-20T15:40:40.899+0000] {logging_mixin.py:149} INFO - [2023-05-20T15:40:40.899+0000] {dag.py:2726} INFO - Sync 1 DAGs
[2023-05-20T15:40:40.945+0000] {logging_mixin.py:149} INFO - [2023-05-20T15:40:40.945+0000] {dag.py:3490} INFO - Setting next_dagrun for tutorial_dag to None, run_after=None
[2023-05-20T15:40:40.990+0000] {processor.py:179} INFO - Processing /home/airflow/.local/lib/python3.7/site-packages/airflow/example_dags/tutorial_dag.py took 0.173 seconds
[2023-05-20T15:41:11.265+0000] {processor.py:157} INFO - Started process (PID=2490) to work on /home/airflow/.local/lib/python3.7/site-packages/airflow/example_dags/tutorial_dag.py
[2023-05-20T15:41:11.267+0000] {processor.py:826} INFO - Processing file /home/airflow/.local/lib/python3.7/site-packages/airflow/example_dags/tutorial_dag.py for tasks to queue
[2023-05-20T15:41:11.269+0000] {logging_mixin.py:149} INFO - [2023-05-20T15:41:11.269+0000] {dagbag.py:541} INFO - Filling up the DagBag from /home/airflow/.local/lib/python3.7/site-packages/airflow/example_dags/tutorial_dag.py
[2023-05-20T15:41:11.277+0000] {processor.py:836} INFO - DAG(s) dict_keys(['tutorial_dag']) retrieved from /home/airflow/.local/lib/python3.7/site-packages/airflow/example_dags/tutorial_dag.py
[2023-05-20T15:41:11.312+0000] {logging_mixin.py:149} INFO - [2023-05-20T15:41:11.312+0000] {dag.py:2726} INFO - Sync 1 DAGs
[2023-05-20T15:41:11.343+0000] {logging_mixin.py:149} INFO - [2023-05-20T15:41:11.343+0000] {dag.py:3490} INFO - Setting next_dagrun for tutorial_dag to None, run_after=None
[2023-05-20T15:41:11.370+0000] {processor.py:179} INFO - Processing /home/airflow/.local/lib/python3.7/site-packages/airflow/example_dags/tutorial_dag.py took 0.110 seconds
[2023-05-20T15:41:41.683+0000] {processor.py:157} INFO - Started process (PID=2548) to work on /home/airflow/.local/lib/python3.7/site-packages/airflow/example_dags/tutorial_dag.py
[2023-05-20T15:41:41.685+0000] {processor.py:826} INFO - Processing file /home/airflow/.local/lib/python3.7/site-packages/airflow/example_dags/tutorial_dag.py for tasks to queue
[2023-05-20T15:41:41.686+0000] {logging_mixin.py:149} INFO - [2023-05-20T15:41:41.686+0000] {dagbag.py:541} INFO - Filling up the DagBag from /home/airflow/.local/lib/python3.7/site-packages/airflow/example_dags/tutorial_dag.py
[2023-05-20T15:41:41.692+0000] {processor.py:836} INFO - DAG(s) dict_keys(['tutorial_dag']) retrieved from /home/airflow/.local/lib/python3.7/site-packages/airflow/example_dags/tutorial_dag.py
[2023-05-20T15:41:41.722+0000] {logging_mixin.py:149} INFO - [2023-05-20T15:41:41.722+0000] {dag.py:2726} INFO - Sync 1 DAGs
[2023-05-20T15:41:41.754+0000] {logging_mixin.py:149} INFO - [2023-05-20T15:41:41.754+0000] {dag.py:3490} INFO - Setting next_dagrun for tutorial_dag to None, run_after=None
[2023-05-20T15:41:41.780+0000] {processor.py:179} INFO - Processing /home/airflow/.local/lib/python3.7/site-packages/airflow/example_dags/tutorial_dag.py took 0.101 seconds
[2023-05-20T15:42:11.966+0000] {processor.py:157} INFO - Started process (PID=2606) to work on /home/airflow/.local/lib/python3.7/site-packages/airflow/example_dags/tutorial_dag.py
[2023-05-20T15:42:11.967+0000] {processor.py:826} INFO - Processing file /home/airflow/.local/lib/python3.7/site-packages/airflow/example_dags/tutorial_dag.py for tasks to queue
[2023-05-20T15:42:11.968+0000] {logging_mixin.py:149} INFO - [2023-05-20T15:42:11.968+0000] {dagbag.py:541} INFO - Filling up the DagBag from /home/airflow/.local/lib/python3.7/site-packages/airflow/example_dags/tutorial_dag.py
[2023-05-20T15:42:11.975+0000] {processor.py:836} INFO - DAG(s) dict_keys(['tutorial_dag']) retrieved from /home/airflow/.local/lib/python3.7/site-packages/airflow/example_dags/tutorial_dag.py
[2023-05-20T15:42:12.004+0000] {logging_mixin.py:149} INFO - [2023-05-20T15:42:12.004+0000] {dag.py:2726} INFO - Sync 1 DAGs
[2023-05-20T15:42:12.031+0000] {logging_mixin.py:149} INFO - [2023-05-20T15:42:12.031+0000] {dag.py:3490} INFO - Setting next_dagrun for tutorial_dag to None, run_after=None
[2023-05-20T15:42:12.052+0000] {processor.py:179} INFO - Processing /home/airflow/.local/lib/python3.7/site-packages/airflow/example_dags/tutorial_dag.py took 0.090 seconds
[2023-05-20T15:42:42.677+0000] {processor.py:157} INFO - Started process (PID=2664) to work on /home/airflow/.local/lib/python3.7/site-packages/airflow/example_dags/tutorial_dag.py
[2023-05-20T15:42:42.679+0000] {processor.py:826} INFO - Processing file /home/airflow/.local/lib/python3.7/site-packages/airflow/example_dags/tutorial_dag.py for tasks to queue
[2023-05-20T15:42:42.680+0000] {logging_mixin.py:149} INFO - [2023-05-20T15:42:42.680+0000] {dagbag.py:541} INFO - Filling up the DagBag from /home/airflow/.local/lib/python3.7/site-packages/airflow/example_dags/tutorial_dag.py
[2023-05-20T15:42:42.688+0000] {processor.py:836} INFO - DAG(s) dict_keys(['tutorial_dag']) retrieved from /home/airflow/.local/lib/python3.7/site-packages/airflow/example_dags/tutorial_dag.py
[2023-05-20T15:42:42.720+0000] {logging_mixin.py:149} INFO - [2023-05-20T15:42:42.720+0000] {dag.py:2726} INFO - Sync 1 DAGs
[2023-05-20T15:42:42.750+0000] {logging_mixin.py:149} INFO - [2023-05-20T15:42:42.749+0000] {dag.py:3490} INFO - Setting next_dagrun for tutorial_dag to None, run_after=None
[2023-05-20T15:42:42.774+0000] {processor.py:179} INFO - Processing /home/airflow/.local/lib/python3.7/site-packages/airflow/example_dags/tutorial_dag.py took 0.101 seconds
[2023-05-20T15:43:12.848+0000] {processor.py:157} INFO - Started process (PID=2722) to work on /home/airflow/.local/lib/python3.7/site-packages/airflow/example_dags/tutorial_dag.py
[2023-05-20T15:43:12.850+0000] {processor.py:826} INFO - Processing file /home/airflow/.local/lib/python3.7/site-packages/airflow/example_dags/tutorial_dag.py for tasks to queue
[2023-05-20T15:43:12.852+0000] {logging_mixin.py:149} INFO - [2023-05-20T15:43:12.852+0000] {dagbag.py:541} INFO - Filling up the DagBag from /home/airflow/.local/lib/python3.7/site-packages/airflow/example_dags/tutorial_dag.py
[2023-05-20T15:43:12.859+0000] {processor.py:836} INFO - DAG(s) dict_keys(['tutorial_dag']) retrieved from /home/airflow/.local/lib/python3.7/site-packages/airflow/example_dags/tutorial_dag.py
[2023-05-20T15:43:12.889+0000] {logging_mixin.py:149} INFO - [2023-05-20T15:43:12.889+0000] {dag.py:2726} INFO - Sync 1 DAGs
[2023-05-20T15:43:12.917+0000] {logging_mixin.py:149} INFO - [2023-05-20T15:43:12.917+0000] {dag.py:3490} INFO - Setting next_dagrun for tutorial_dag to None, run_after=None
[2023-05-20T15:43:12.938+0000] {processor.py:179} INFO - Processing /home/airflow/.local/lib/python3.7/site-packages/airflow/example_dags/tutorial_dag.py took 0.094 seconds
[2023-05-20T15:43:43.178+0000] {processor.py:157} INFO - Started process (PID=2780) to work on /home/airflow/.local/lib/python3.7/site-packages/airflow/example_dags/tutorial_dag.py
[2023-05-20T15:43:43.181+0000] {processor.py:826} INFO - Processing file /home/airflow/.local/lib/python3.7/site-packages/airflow/example_dags/tutorial_dag.py for tasks to queue
[2023-05-20T15:43:43.183+0000] {logging_mixin.py:149} INFO - [2023-05-20T15:43:43.183+0000] {dagbag.py:541} INFO - Filling up the DagBag from /home/airflow/.local/lib/python3.7/site-packages/airflow/example_dags/tutorial_dag.py
[2023-05-20T15:43:43.194+0000] {processor.py:836} INFO - DAG(s) dict_keys(['tutorial_dag']) retrieved from /home/airflow/.local/lib/python3.7/site-packages/airflow/example_dags/tutorial_dag.py
[2023-05-20T15:43:43.228+0000] {logging_mixin.py:149} INFO - [2023-05-20T15:43:43.228+0000] {dag.py:2726} INFO - Sync 1 DAGs
[2023-05-20T15:43:43.258+0000] {logging_mixin.py:149} INFO - [2023-05-20T15:43:43.257+0000] {dag.py:3490} INFO - Setting next_dagrun for tutorial_dag to None, run_after=None
[2023-05-20T15:43:43.280+0000] {processor.py:179} INFO - Processing /home/airflow/.local/lib/python3.7/site-packages/airflow/example_dags/tutorial_dag.py took 0.107 seconds
[2023-05-20T15:44:13.495+0000] {processor.py:157} INFO - Started process (PID=2838) to work on /home/airflow/.local/lib/python3.7/site-packages/airflow/example_dags/tutorial_dag.py
[2023-05-20T15:44:13.497+0000] {processor.py:826} INFO - Processing file /home/airflow/.local/lib/python3.7/site-packages/airflow/example_dags/tutorial_dag.py for tasks to queue
[2023-05-20T15:44:13.498+0000] {logging_mixin.py:149} INFO - [2023-05-20T15:44:13.498+0000] {dagbag.py:541} INFO - Filling up the DagBag from /home/airflow/.local/lib/python3.7/site-packages/airflow/example_dags/tutorial_dag.py
[2023-05-20T15:44:13.506+0000] {processor.py:836} INFO - DAG(s) dict_keys(['tutorial_dag']) retrieved from /home/airflow/.local/lib/python3.7/site-packages/airflow/example_dags/tutorial_dag.py
[2023-05-20T15:44:13.540+0000] {logging_mixin.py:149} INFO - [2023-05-20T15:44:13.540+0000] {dag.py:2726} INFO - Sync 1 DAGs
[2023-05-20T15:44:13.569+0000] {logging_mixin.py:149} INFO - [2023-05-20T15:44:13.569+0000] {dag.py:3490} INFO - Setting next_dagrun for tutorial_dag to None, run_after=None
[2023-05-20T15:44:13.591+0000] {processor.py:179} INFO - Processing /home/airflow/.local/lib/python3.7/site-packages/airflow/example_dags/tutorial_dag.py took 0.108 seconds
[2023-05-20T15:44:43.783+0000] {processor.py:157} INFO - Started process (PID=2896) to work on /home/airflow/.local/lib/python3.7/site-packages/airflow/example_dags/tutorial_dag.py
[2023-05-20T15:44:43.786+0000] {processor.py:826} INFO - Processing file /home/airflow/.local/lib/python3.7/site-packages/airflow/example_dags/tutorial_dag.py for tasks to queue
[2023-05-20T15:44:43.787+0000] {logging_mixin.py:149} INFO - [2023-05-20T15:44:43.787+0000] {dagbag.py:541} INFO - Filling up the DagBag from /home/airflow/.local/lib/python3.7/site-packages/airflow/example_dags/tutorial_dag.py
[2023-05-20T15:44:43.795+0000] {processor.py:836} INFO - DAG(s) dict_keys(['tutorial_dag']) retrieved from /home/airflow/.local/lib/python3.7/site-packages/airflow/example_dags/tutorial_dag.py
[2023-05-20T15:44:43.842+0000] {logging_mixin.py:149} INFO - [2023-05-20T15:44:43.841+0000] {dag.py:2726} INFO - Sync 1 DAGs
[2023-05-20T15:44:43.872+0000] {logging_mixin.py:149} INFO - [2023-05-20T15:44:43.872+0000] {dag.py:3490} INFO - Setting next_dagrun for tutorial_dag to None, run_after=None
[2023-05-20T15:44:43.896+0000] {processor.py:179} INFO - Processing /home/airflow/.local/lib/python3.7/site-packages/airflow/example_dags/tutorial_dag.py took 0.116 seconds
[2023-05-20T15:45:14.621+0000] {processor.py:157} INFO - Started process (PID=2954) to work on /home/airflow/.local/lib/python3.7/site-packages/airflow/example_dags/tutorial_dag.py
[2023-05-20T15:45:14.623+0000] {processor.py:826} INFO - Processing file /home/airflow/.local/lib/python3.7/site-packages/airflow/example_dags/tutorial_dag.py for tasks to queue
[2023-05-20T15:45:14.625+0000] {logging_mixin.py:149} INFO - [2023-05-20T15:45:14.625+0000] {dagbag.py:541} INFO - Filling up the DagBag from /home/airflow/.local/lib/python3.7/site-packages/airflow/example_dags/tutorial_dag.py
[2023-05-20T15:45:14.633+0000] {processor.py:836} INFO - DAG(s) dict_keys(['tutorial_dag']) retrieved from /home/airflow/.local/lib/python3.7/site-packages/airflow/example_dags/tutorial_dag.py
[2023-05-20T15:45:14.676+0000] {logging_mixin.py:149} INFO - [2023-05-20T15:45:14.675+0000] {dag.py:2726} INFO - Sync 1 DAGs
[2023-05-20T15:45:14.723+0000] {logging_mixin.py:149} INFO - [2023-05-20T15:45:14.723+0000] {dag.py:3490} INFO - Setting next_dagrun for tutorial_dag to None, run_after=None
[2023-05-20T15:45:14.752+0000] {processor.py:179} INFO - Processing /home/airflow/.local/lib/python3.7/site-packages/airflow/example_dags/tutorial_dag.py took 0.135 seconds
[2023-05-20T15:45:45.636+0000] {processor.py:157} INFO - Started process (PID=3012) to work on /home/airflow/.local/lib/python3.7/site-packages/airflow/example_dags/tutorial_dag.py
[2023-05-20T15:45:45.638+0000] {processor.py:826} INFO - Processing file /home/airflow/.local/lib/python3.7/site-packages/airflow/example_dags/tutorial_dag.py for tasks to queue
[2023-05-20T15:45:45.640+0000] {logging_mixin.py:149} INFO - [2023-05-20T15:45:45.640+0000] {dagbag.py:541} INFO - Filling up the DagBag from /home/airflow/.local/lib/python3.7/site-packages/airflow/example_dags/tutorial_dag.py
[2023-05-20T15:45:45.649+0000] {processor.py:836} INFO - DAG(s) dict_keys(['tutorial_dag']) retrieved from /home/airflow/.local/lib/python3.7/site-packages/airflow/example_dags/tutorial_dag.py
[2023-05-20T15:45:45.694+0000] {logging_mixin.py:149} INFO - [2023-05-20T15:45:45.693+0000] {dag.py:2726} INFO - Sync 1 DAGs
[2023-05-20T15:45:45.734+0000] {logging_mixin.py:149} INFO - [2023-05-20T15:45:45.734+0000] {dag.py:3490} INFO - Setting next_dagrun for tutorial_dag to None, run_after=None
[2023-05-20T15:45:45.761+0000] {processor.py:179} INFO - Processing /home/airflow/.local/lib/python3.7/site-packages/airflow/example_dags/tutorial_dag.py took 0.130 seconds
[2023-05-20T15:46:15.989+0000] {processor.py:157} INFO - Started process (PID=3070) to work on /home/airflow/.local/lib/python3.7/site-packages/airflow/example_dags/tutorial_dag.py
[2023-05-20T15:46:15.991+0000] {processor.py:826} INFO - Processing file /home/airflow/.local/lib/python3.7/site-packages/airflow/example_dags/tutorial_dag.py for tasks to queue
[2023-05-20T15:46:15.993+0000] {logging_mixin.py:149} INFO - [2023-05-20T15:46:15.993+0000] {dagbag.py:541} INFO - Filling up the DagBag from /home/airflow/.local/lib/python3.7/site-packages/airflow/example_dags/tutorial_dag.py
[2023-05-20T15:46:16.001+0000] {processor.py:836} INFO - DAG(s) dict_keys(['tutorial_dag']) retrieved from /home/airflow/.local/lib/python3.7/site-packages/airflow/example_dags/tutorial_dag.py
[2023-05-20T15:46:16.036+0000] {logging_mixin.py:149} INFO - [2023-05-20T15:46:16.036+0000] {dag.py:2726} INFO - Sync 1 DAGs
[2023-05-20T15:46:16.072+0000] {logging_mixin.py:149} INFO - [2023-05-20T15:46:16.072+0000] {dag.py:3490} INFO - Setting next_dagrun for tutorial_dag to None, run_after=None
[2023-05-20T15:46:16.101+0000] {processor.py:179} INFO - Processing /home/airflow/.local/lib/python3.7/site-packages/airflow/example_dags/tutorial_dag.py took 0.116 seconds
[2023-05-20T15:46:46.197+0000] {processor.py:157} INFO - Started process (PID=3128) to work on /home/airflow/.local/lib/python3.7/site-packages/airflow/example_dags/tutorial_dag.py
[2023-05-20T15:46:46.199+0000] {processor.py:826} INFO - Processing file /home/airflow/.local/lib/python3.7/site-packages/airflow/example_dags/tutorial_dag.py for tasks to queue
[2023-05-20T15:46:46.201+0000] {logging_mixin.py:149} INFO - [2023-05-20T15:46:46.201+0000] {dagbag.py:541} INFO - Filling up the DagBag from /home/airflow/.local/lib/python3.7/site-packages/airflow/example_dags/tutorial_dag.py
[2023-05-20T15:46:46.212+0000] {processor.py:836} INFO - DAG(s) dict_keys(['tutorial_dag']) retrieved from /home/airflow/.local/lib/python3.7/site-packages/airflow/example_dags/tutorial_dag.py
[2023-05-20T15:46:46.258+0000] {logging_mixin.py:149} INFO - [2023-05-20T15:46:46.257+0000] {dag.py:2726} INFO - Sync 1 DAGs
[2023-05-20T15:46:46.302+0000] {logging_mixin.py:149} INFO - [2023-05-20T15:46:46.302+0000] {dag.py:3490} INFO - Setting next_dagrun for tutorial_dag to None, run_after=None
[2023-05-20T15:46:46.337+0000] {processor.py:179} INFO - Processing /home/airflow/.local/lib/python3.7/site-packages/airflow/example_dags/tutorial_dag.py took 0.146 seconds
[2023-05-20T15:47:16.767+0000] {processor.py:157} INFO - Started process (PID=3179) to work on /home/airflow/.local/lib/python3.7/site-packages/airflow/example_dags/tutorial_dag.py
[2023-05-20T15:47:16.769+0000] {processor.py:826} INFO - Processing file /home/airflow/.local/lib/python3.7/site-packages/airflow/example_dags/tutorial_dag.py for tasks to queue
[2023-05-20T15:47:16.770+0000] {logging_mixin.py:149} INFO - [2023-05-20T15:47:16.770+0000] {dagbag.py:541} INFO - Filling up the DagBag from /home/airflow/.local/lib/python3.7/site-packages/airflow/example_dags/tutorial_dag.py
[2023-05-20T15:47:16.779+0000] {processor.py:836} INFO - DAG(s) dict_keys(['tutorial_dag']) retrieved from /home/airflow/.local/lib/python3.7/site-packages/airflow/example_dags/tutorial_dag.py
[2023-05-20T15:47:16.812+0000] {logging_mixin.py:149} INFO - [2023-05-20T15:47:16.812+0000] {dag.py:2726} INFO - Sync 1 DAGs
[2023-05-20T15:47:16.850+0000] {logging_mixin.py:149} INFO - [2023-05-20T15:47:16.849+0000] {dag.py:3490} INFO - Setting next_dagrun for tutorial_dag to None, run_after=None
[2023-05-20T15:47:16.879+0000] {processor.py:179} INFO - Processing /home/airflow/.local/lib/python3.7/site-packages/airflow/example_dags/tutorial_dag.py took 0.116 seconds
[2023-05-20T15:47:47.168+0000] {processor.py:157} INFO - Started process (PID=3237) to work on /home/airflow/.local/lib/python3.7/site-packages/airflow/example_dags/tutorial_dag.py
[2023-05-20T15:47:47.170+0000] {processor.py:826} INFO - Processing file /home/airflow/.local/lib/python3.7/site-packages/airflow/example_dags/tutorial_dag.py for tasks to queue
[2023-05-20T15:47:47.172+0000] {logging_mixin.py:149} INFO - [2023-05-20T15:47:47.172+0000] {dagbag.py:541} INFO - Filling up the DagBag from /home/airflow/.local/lib/python3.7/site-packages/airflow/example_dags/tutorial_dag.py
[2023-05-20T15:47:47.182+0000] {processor.py:836} INFO - DAG(s) dict_keys(['tutorial_dag']) retrieved from /home/airflow/.local/lib/python3.7/site-packages/airflow/example_dags/tutorial_dag.py
[2023-05-20T15:47:47.226+0000] {logging_mixin.py:149} INFO - [2023-05-20T15:47:47.226+0000] {dag.py:2726} INFO - Sync 1 DAGs
[2023-05-20T15:47:47.272+0000] {logging_mixin.py:149} INFO - [2023-05-20T15:47:47.272+0000] {dag.py:3490} INFO - Setting next_dagrun for tutorial_dag to None, run_after=None
[2023-05-20T15:47:47.306+0000] {processor.py:179} INFO - Processing /home/airflow/.local/lib/python3.7/site-packages/airflow/example_dags/tutorial_dag.py took 0.145 seconds
[2023-05-20T15:48:18.177+0000] {processor.py:157} INFO - Started process (PID=3296) to work on /home/airflow/.local/lib/python3.7/site-packages/airflow/example_dags/tutorial_dag.py
[2023-05-20T15:48:18.180+0000] {processor.py:826} INFO - Processing file /home/airflow/.local/lib/python3.7/site-packages/airflow/example_dags/tutorial_dag.py for tasks to queue
[2023-05-20T15:48:18.183+0000] {logging_mixin.py:149} INFO - [2023-05-20T15:48:18.182+0000] {dagbag.py:541} INFO - Filling up the DagBag from /home/airflow/.local/lib/python3.7/site-packages/airflow/example_dags/tutorial_dag.py
[2023-05-20T15:48:18.194+0000] {processor.py:836} INFO - DAG(s) dict_keys(['tutorial_dag']) retrieved from /home/airflow/.local/lib/python3.7/site-packages/airflow/example_dags/tutorial_dag.py
[2023-05-20T15:48:18.244+0000] {logging_mixin.py:149} INFO - [2023-05-20T15:48:18.244+0000] {dag.py:2726} INFO - Sync 1 DAGs
[2023-05-20T15:48:18.306+0000] {logging_mixin.py:149} INFO - [2023-05-20T15:48:18.306+0000] {dag.py:3490} INFO - Setting next_dagrun for tutorial_dag to None, run_after=None
[2023-05-20T15:48:18.354+0000] {processor.py:179} INFO - Processing /home/airflow/.local/lib/python3.7/site-packages/airflow/example_dags/tutorial_dag.py took 0.185 seconds
[2023-05-20T15:48:48.699+0000] {processor.py:157} INFO - Started process (PID=3354) to work on /home/airflow/.local/lib/python3.7/site-packages/airflow/example_dags/tutorial_dag.py
[2023-05-20T15:48:48.702+0000] {processor.py:826} INFO - Processing file /home/airflow/.local/lib/python3.7/site-packages/airflow/example_dags/tutorial_dag.py for tasks to queue
[2023-05-20T15:48:48.706+0000] {logging_mixin.py:149} INFO - [2023-05-20T15:48:48.705+0000] {dagbag.py:541} INFO - Filling up the DagBag from /home/airflow/.local/lib/python3.7/site-packages/airflow/example_dags/tutorial_dag.py
[2023-05-20T15:48:48.718+0000] {processor.py:836} INFO - DAG(s) dict_keys(['tutorial_dag']) retrieved from /home/airflow/.local/lib/python3.7/site-packages/airflow/example_dags/tutorial_dag.py
[2023-05-20T15:48:48.785+0000] {logging_mixin.py:149} INFO - [2023-05-20T15:48:48.784+0000] {dag.py:2726} INFO - Sync 1 DAGs
[2023-05-20T15:48:48.842+0000] {logging_mixin.py:149} INFO - [2023-05-20T15:48:48.842+0000] {dag.py:3490} INFO - Setting next_dagrun for tutorial_dag to None, run_after=None
[2023-05-20T15:48:48.891+0000] {processor.py:179} INFO - Processing /home/airflow/.local/lib/python3.7/site-packages/airflow/example_dags/tutorial_dag.py took 0.200 seconds
[2023-05-20T15:49:19.114+0000] {processor.py:157} INFO - Started process (PID=3412) to work on /home/airflow/.local/lib/python3.7/site-packages/airflow/example_dags/tutorial_dag.py
[2023-05-20T15:49:19.116+0000] {processor.py:826} INFO - Processing file /home/airflow/.local/lib/python3.7/site-packages/airflow/example_dags/tutorial_dag.py for tasks to queue
[2023-05-20T15:49:19.118+0000] {logging_mixin.py:149} INFO - [2023-05-20T15:49:19.118+0000] {dagbag.py:541} INFO - Filling up the DagBag from /home/airflow/.local/lib/python3.7/site-packages/airflow/example_dags/tutorial_dag.py
[2023-05-20T15:49:19.130+0000] {processor.py:836} INFO - DAG(s) dict_keys(['tutorial_dag']) retrieved from /home/airflow/.local/lib/python3.7/site-packages/airflow/example_dags/tutorial_dag.py
[2023-05-20T15:49:19.174+0000] {logging_mixin.py:149} INFO - [2023-05-20T15:49:19.173+0000] {dag.py:2726} INFO - Sync 1 DAGs
[2023-05-20T15:49:19.217+0000] {logging_mixin.py:149} INFO - [2023-05-20T15:49:19.217+0000] {dag.py:3490} INFO - Setting next_dagrun for tutorial_dag to None, run_after=None
[2023-05-20T15:49:19.250+0000] {processor.py:179} INFO - Processing /home/airflow/.local/lib/python3.7/site-packages/airflow/example_dags/tutorial_dag.py took 0.143 seconds
[2023-05-20T15:49:49.344+0000] {processor.py:157} INFO - Started process (PID=3470) to work on /home/airflow/.local/lib/python3.7/site-packages/airflow/example_dags/tutorial_dag.py
[2023-05-20T15:49:49.345+0000] {processor.py:826} INFO - Processing file /home/airflow/.local/lib/python3.7/site-packages/airflow/example_dags/tutorial_dag.py for tasks to queue
[2023-05-20T15:49:49.347+0000] {logging_mixin.py:149} INFO - [2023-05-20T15:49:49.346+0000] {dagbag.py:541} INFO - Filling up the DagBag from /home/airflow/.local/lib/python3.7/site-packages/airflow/example_dags/tutorial_dag.py
[2023-05-20T15:49:49.353+0000] {processor.py:836} INFO - DAG(s) dict_keys(['tutorial_dag']) retrieved from /home/airflow/.local/lib/python3.7/site-packages/airflow/example_dags/tutorial_dag.py
[2023-05-20T15:49:49.385+0000] {logging_mixin.py:149} INFO - [2023-05-20T15:49:49.385+0000] {dag.py:2726} INFO - Sync 1 DAGs
[2023-05-20T15:49:49.413+0000] {logging_mixin.py:149} INFO - [2023-05-20T15:49:49.413+0000] {dag.py:3490} INFO - Setting next_dagrun for tutorial_dag to None, run_after=None
[2023-05-20T15:49:49.434+0000] {processor.py:179} INFO - Processing /home/airflow/.local/lib/python3.7/site-packages/airflow/example_dags/tutorial_dag.py took 0.096 seconds
[2023-05-20T16:08:46.605+0000] {processor.py:157} INFO - Started process (PID=46) to work on /home/airflow/.local/lib/python3.7/site-packages/airflow/example_dags/tutorial_dag.py
[2023-05-20T16:08:46.608+0000] {processor.py:826} INFO - Processing file /home/airflow/.local/lib/python3.7/site-packages/airflow/example_dags/tutorial_dag.py for tasks to queue
[2023-05-20T16:08:46.610+0000] {logging_mixin.py:149} INFO - [2023-05-20T16:08:46.610+0000] {dagbag.py:541} INFO - Filling up the DagBag from /home/airflow/.local/lib/python3.7/site-packages/airflow/example_dags/tutorial_dag.py
[2023-05-20T16:08:46.621+0000] {processor.py:836} INFO - DAG(s) dict_keys(['tutorial_dag']) retrieved from /home/airflow/.local/lib/python3.7/site-packages/airflow/example_dags/tutorial_dag.py
[2023-05-20T16:08:46.646+0000] {logging_mixin.py:149} INFO - [2023-05-20T16:08:46.646+0000] {dag.py:2726} INFO - Sync 1 DAGs
[2023-05-20T16:08:46.694+0000] {logging_mixin.py:149} INFO - [2023-05-20T16:08:46.694+0000] {dag.py:3490} INFO - Setting next_dagrun for tutorial_dag to None, run_after=None
[2023-05-20T16:08:46.731+0000] {processor.py:179} INFO - Processing /home/airflow/.local/lib/python3.7/site-packages/airflow/example_dags/tutorial_dag.py took 0.133 seconds
[2023-05-20T16:09:16.872+0000] {processor.py:157} INFO - Started process (PID=104) to work on /home/airflow/.local/lib/python3.7/site-packages/airflow/example_dags/tutorial_dag.py
[2023-05-20T16:09:16.874+0000] {processor.py:826} INFO - Processing file /home/airflow/.local/lib/python3.7/site-packages/airflow/example_dags/tutorial_dag.py for tasks to queue
[2023-05-20T16:09:16.875+0000] {logging_mixin.py:149} INFO - [2023-05-20T16:09:16.875+0000] {dagbag.py:541} INFO - Filling up the DagBag from /home/airflow/.local/lib/python3.7/site-packages/airflow/example_dags/tutorial_dag.py
[2023-05-20T16:09:16.882+0000] {processor.py:836} INFO - DAG(s) dict_keys(['tutorial_dag']) retrieved from /home/airflow/.local/lib/python3.7/site-packages/airflow/example_dags/tutorial_dag.py
[2023-05-20T16:09:16.911+0000] {logging_mixin.py:149} INFO - [2023-05-20T16:09:16.911+0000] {dag.py:2726} INFO - Sync 1 DAGs
[2023-05-20T16:09:16.938+0000] {logging_mixin.py:149} INFO - [2023-05-20T16:09:16.938+0000] {dag.py:3490} INFO - Setting next_dagrun for tutorial_dag to None, run_after=None
[2023-05-20T16:09:16.959+0000] {processor.py:179} INFO - Processing /home/airflow/.local/lib/python3.7/site-packages/airflow/example_dags/tutorial_dag.py took 0.091 seconds
[2023-05-20T16:09:48.125+0000] {processor.py:157} INFO - Started process (PID=162) to work on /home/airflow/.local/lib/python3.7/site-packages/airflow/example_dags/tutorial_dag.py
[2023-05-20T16:09:48.129+0000] {processor.py:826} INFO - Processing file /home/airflow/.local/lib/python3.7/site-packages/airflow/example_dags/tutorial_dag.py for tasks to queue
[2023-05-20T16:09:48.132+0000] {logging_mixin.py:149} INFO - [2023-05-20T16:09:48.131+0000] {dagbag.py:541} INFO - Filling up the DagBag from /home/airflow/.local/lib/python3.7/site-packages/airflow/example_dags/tutorial_dag.py
[2023-05-20T16:09:48.141+0000] {processor.py:836} INFO - DAG(s) dict_keys(['tutorial_dag']) retrieved from /home/airflow/.local/lib/python3.7/site-packages/airflow/example_dags/tutorial_dag.py
[2023-05-20T16:09:48.183+0000] {logging_mixin.py:149} INFO - [2023-05-20T16:09:48.183+0000] {dag.py:2726} INFO - Sync 1 DAGs
[2023-05-20T16:09:48.235+0000] {logging_mixin.py:149} INFO - [2023-05-20T16:09:48.234+0000] {dag.py:3490} INFO - Setting next_dagrun for tutorial_dag to None, run_after=None
[2023-05-20T16:09:48.272+0000] {processor.py:179} INFO - Processing /home/airflow/.local/lib/python3.7/site-packages/airflow/example_dags/tutorial_dag.py took 0.154 seconds
[2023-05-20T16:10:19.399+0000] {processor.py:157} INFO - Started process (PID=220) to work on /home/airflow/.local/lib/python3.7/site-packages/airflow/example_dags/tutorial_dag.py
[2023-05-20T16:10:19.403+0000] {processor.py:826} INFO - Processing file /home/airflow/.local/lib/python3.7/site-packages/airflow/example_dags/tutorial_dag.py for tasks to queue
[2023-05-20T16:10:19.406+0000] {logging_mixin.py:149} INFO - [2023-05-20T16:10:19.406+0000] {dagbag.py:541} INFO - Filling up the DagBag from /home/airflow/.local/lib/python3.7/site-packages/airflow/example_dags/tutorial_dag.py
[2023-05-20T16:10:19.423+0000] {processor.py:836} INFO - DAG(s) dict_keys(['tutorial_dag']) retrieved from /home/airflow/.local/lib/python3.7/site-packages/airflow/example_dags/tutorial_dag.py
[2023-05-20T16:10:19.501+0000] {logging_mixin.py:149} INFO - [2023-05-20T16:10:19.500+0000] {dag.py:2726} INFO - Sync 1 DAGs
[2023-05-20T16:10:19.567+0000] {logging_mixin.py:149} INFO - [2023-05-20T16:10:19.567+0000] {dag.py:3490} INFO - Setting next_dagrun for tutorial_dag to None, run_after=None
[2023-05-20T16:10:19.633+0000] {processor.py:179} INFO - Processing /home/airflow/.local/lib/python3.7/site-packages/airflow/example_dags/tutorial_dag.py took 0.242 seconds
[2023-05-20T16:10:49.835+0000] {processor.py:157} INFO - Started process (PID=278) to work on /home/airflow/.local/lib/python3.7/site-packages/airflow/example_dags/tutorial_dag.py
[2023-05-20T16:10:49.837+0000] {processor.py:826} INFO - Processing file /home/airflow/.local/lib/python3.7/site-packages/airflow/example_dags/tutorial_dag.py for tasks to queue
[2023-05-20T16:10:49.838+0000] {logging_mixin.py:149} INFO - [2023-05-20T16:10:49.838+0000] {dagbag.py:541} INFO - Filling up the DagBag from /home/airflow/.local/lib/python3.7/site-packages/airflow/example_dags/tutorial_dag.py
[2023-05-20T16:10:49.848+0000] {processor.py:836} INFO - DAG(s) dict_keys(['tutorial_dag']) retrieved from /home/airflow/.local/lib/python3.7/site-packages/airflow/example_dags/tutorial_dag.py
[2023-05-20T16:10:49.899+0000] {logging_mixin.py:149} INFO - [2023-05-20T16:10:49.898+0000] {dag.py:2726} INFO - Sync 1 DAGs
[2023-05-20T16:10:49.941+0000] {logging_mixin.py:149} INFO - [2023-05-20T16:10:49.940+0000] {dag.py:3490} INFO - Setting next_dagrun for tutorial_dag to None, run_after=None
[2023-05-20T16:10:49.975+0000] {processor.py:179} INFO - Processing /home/airflow/.local/lib/python3.7/site-packages/airflow/example_dags/tutorial_dag.py took 0.147 seconds
[2023-05-20T16:11:20.618+0000] {processor.py:157} INFO - Started process (PID=336) to work on /home/airflow/.local/lib/python3.7/site-packages/airflow/example_dags/tutorial_dag.py
[2023-05-20T16:11:20.621+0000] {processor.py:826} INFO - Processing file /home/airflow/.local/lib/python3.7/site-packages/airflow/example_dags/tutorial_dag.py for tasks to queue
[2023-05-20T16:11:20.624+0000] {logging_mixin.py:149} INFO - [2023-05-20T16:11:20.623+0000] {dagbag.py:541} INFO - Filling up the DagBag from /home/airflow/.local/lib/python3.7/site-packages/airflow/example_dags/tutorial_dag.py
[2023-05-20T16:11:20.639+0000] {processor.py:836} INFO - DAG(s) dict_keys(['tutorial_dag']) retrieved from /home/airflow/.local/lib/python3.7/site-packages/airflow/example_dags/tutorial_dag.py
[2023-05-20T16:11:20.715+0000] {logging_mixin.py:149} INFO - [2023-05-20T16:11:20.714+0000] {dag.py:2726} INFO - Sync 1 DAGs
[2023-05-20T16:11:20.781+0000] {logging_mixin.py:149} INFO - [2023-05-20T16:11:20.781+0000] {dag.py:3490} INFO - Setting next_dagrun for tutorial_dag to None, run_after=None
[2023-05-20T16:11:20.852+0000] {processor.py:179} INFO - Processing /home/airflow/.local/lib/python3.7/site-packages/airflow/example_dags/tutorial_dag.py took 0.240 seconds
[2023-05-20T16:11:51.652+0000] {processor.py:157} INFO - Started process (PID=394) to work on /home/airflow/.local/lib/python3.7/site-packages/airflow/example_dags/tutorial_dag.py
[2023-05-20T16:11:51.654+0000] {processor.py:826} INFO - Processing file /home/airflow/.local/lib/python3.7/site-packages/airflow/example_dags/tutorial_dag.py for tasks to queue
[2023-05-20T16:11:51.656+0000] {logging_mixin.py:149} INFO - [2023-05-20T16:11:51.656+0000] {dagbag.py:541} INFO - Filling up the DagBag from /home/airflow/.local/lib/python3.7/site-packages/airflow/example_dags/tutorial_dag.py
[2023-05-20T16:11:51.665+0000] {processor.py:836} INFO - DAG(s) dict_keys(['tutorial_dag']) retrieved from /home/airflow/.local/lib/python3.7/site-packages/airflow/example_dags/tutorial_dag.py
[2023-05-20T16:11:51.709+0000] {logging_mixin.py:149} INFO - [2023-05-20T16:11:51.708+0000] {dag.py:2726} INFO - Sync 1 DAGs
[2023-05-20T16:11:51.752+0000] {logging_mixin.py:149} INFO - [2023-05-20T16:11:51.752+0000] {dag.py:3490} INFO - Setting next_dagrun for tutorial_dag to None, run_after=None
[2023-05-20T16:11:51.785+0000] {processor.py:179} INFO - Processing /home/airflow/.local/lib/python3.7/site-packages/airflow/example_dags/tutorial_dag.py took 0.144 seconds
[2023-05-20T16:12:22.682+0000] {processor.py:157} INFO - Started process (PID=452) to work on /home/airflow/.local/lib/python3.7/site-packages/airflow/example_dags/tutorial_dag.py
[2023-05-20T16:12:22.685+0000] {processor.py:826} INFO - Processing file /home/airflow/.local/lib/python3.7/site-packages/airflow/example_dags/tutorial_dag.py for tasks to queue
[2023-05-20T16:12:22.687+0000] {logging_mixin.py:149} INFO - [2023-05-20T16:12:22.686+0000] {dagbag.py:541} INFO - Filling up the DagBag from /home/airflow/.local/lib/python3.7/site-packages/airflow/example_dags/tutorial_dag.py
[2023-05-20T16:12:22.699+0000] {processor.py:836} INFO - DAG(s) dict_keys(['tutorial_dag']) retrieved from /home/airflow/.local/lib/python3.7/site-packages/airflow/example_dags/tutorial_dag.py
[2023-05-20T16:12:22.754+0000] {logging_mixin.py:149} INFO - [2023-05-20T16:12:22.754+0000] {dag.py:2726} INFO - Sync 1 DAGs
[2023-05-20T16:12:22.844+0000] {logging_mixin.py:149} INFO - [2023-05-20T16:12:22.844+0000] {dag.py:3490} INFO - Setting next_dagrun for tutorial_dag to None, run_after=None
[2023-05-20T16:12:22.905+0000] {processor.py:179} INFO - Processing /home/airflow/.local/lib/python3.7/site-packages/airflow/example_dags/tutorial_dag.py took 0.227 seconds
[2023-05-20T16:12:53.281+0000] {processor.py:157} INFO - Started process (PID=510) to work on /home/airflow/.local/lib/python3.7/site-packages/airflow/example_dags/tutorial_dag.py
[2023-05-20T16:12:53.283+0000] {processor.py:826} INFO - Processing file /home/airflow/.local/lib/python3.7/site-packages/airflow/example_dags/tutorial_dag.py for tasks to queue
[2023-05-20T16:12:53.285+0000] {logging_mixin.py:149} INFO - [2023-05-20T16:12:53.285+0000] {dagbag.py:541} INFO - Filling up the DagBag from /home/airflow/.local/lib/python3.7/site-packages/airflow/example_dags/tutorial_dag.py
[2023-05-20T16:12:53.294+0000] {processor.py:836} INFO - DAG(s) dict_keys(['tutorial_dag']) retrieved from /home/airflow/.local/lib/python3.7/site-packages/airflow/example_dags/tutorial_dag.py
[2023-05-20T16:12:53.333+0000] {logging_mixin.py:149} INFO - [2023-05-20T16:12:53.333+0000] {dag.py:2726} INFO - Sync 1 DAGs
[2023-05-20T16:12:53.373+0000] {logging_mixin.py:149} INFO - [2023-05-20T16:12:53.373+0000] {dag.py:3490} INFO - Setting next_dagrun for tutorial_dag to None, run_after=None
[2023-05-20T16:12:53.402+0000] {processor.py:179} INFO - Processing /home/airflow/.local/lib/python3.7/site-packages/airflow/example_dags/tutorial_dag.py took 0.127 seconds
[2023-05-20T16:13:23.876+0000] {processor.py:157} INFO - Started process (PID=568) to work on /home/airflow/.local/lib/python3.7/site-packages/airflow/example_dags/tutorial_dag.py
[2023-05-20T16:13:23.887+0000] {processor.py:826} INFO - Processing file /home/airflow/.local/lib/python3.7/site-packages/airflow/example_dags/tutorial_dag.py for tasks to queue
[2023-05-20T16:13:23.889+0000] {logging_mixin.py:149} INFO - [2023-05-20T16:13:23.889+0000] {dagbag.py:541} INFO - Filling up the DagBag from /home/airflow/.local/lib/python3.7/site-packages/airflow/example_dags/tutorial_dag.py
[2023-05-20T16:13:23.898+0000] {processor.py:836} INFO - DAG(s) dict_keys(['tutorial_dag']) retrieved from /home/airflow/.local/lib/python3.7/site-packages/airflow/example_dags/tutorial_dag.py
[2023-05-20T16:13:23.936+0000] {logging_mixin.py:149} INFO - [2023-05-20T16:13:23.936+0000] {dag.py:2726} INFO - Sync 1 DAGs
[2023-05-20T16:13:23.975+0000] {logging_mixin.py:149} INFO - [2023-05-20T16:13:23.975+0000] {dag.py:3490} INFO - Setting next_dagrun for tutorial_dag to None, run_after=None
[2023-05-20T16:13:24.001+0000] {processor.py:179} INFO - Processing /home/airflow/.local/lib/python3.7/site-packages/airflow/example_dags/tutorial_dag.py took 0.129 seconds
